2020-07-13_14-11-33 1530
2020-07-13_14-11-33 4030
2020-07-13_14-11-33 4030
2020-07-13_14-11-33 4010
2020-07-13_14-11-33 3930
2020-07-13_14-11-33 4040
2020-07-13_14-11-33 4080
2020-07-13_14-11-33 4090
2020-07-13_14-11-33 4050
2020-07-13_14-11-33 4220
2020-07-13_14-11-33 5630
2020-07-13_14-11-33 7460
2020-07-13_14-11-33 7540
2020-07-13_14-11-33 7480
2020-07-13_14-11-33 7610
2020-07-13_14-11-33 9700
2020-07-13_14-11-33 10640
2020-07-13_14-11-33 10800
2020-07-13_14-11-33 10830
2020-07-13_14-11-33 10810
2020-07-13_14-11-33 10790
2020-07-13_14-11-33 10820
2020-07-13_14-11-33 10820
2020-07-13_14-11-33 10820
2020-07-13_14-11-33 10790
2020-07-13_14-11-33 10850
2020-07-13_14-11-33 10810
2020-07-13_14-11-33 10800
2020-07-13_14-11-33 10850
2020-07-13_14-11-33 10830
2020-07-13_14-11-33 10860
2020-07-13_14-11-33 10830
2020-07-13_14-11-33 10850
2020-07-13_14-11-33 10810
2020-07-13_14-11-33 10840
2020-07-13_14-11-33 10840
2020-07-13_14-11-33 10840
2020-07-13_14-11-33 10830
2020-07-13_14-11-33 10830
2020-07-13_14-11-33 10830
2020-07-13_14-11-33 10830
2020-07-13_14-11-33 10840
2020-07-13_14-11-33 10830
2020-07-13_14-11-33 10830
2020-07-13_14-11-33 10840
2020-07-13_14-11-33 10840
2020-07-13_14-11-33 10830
2020-07-13_14-11-33 10830
2020-07-13_14-11-33 10840
2020-07-13_14-11-33 10840
2020-07-13_14-11-33 10840
2020-07-13_14-11-33 10840
2020-07-13_14-11-33 10840
2020-07-13_14-11-33 10840
2020-07-13_14-11-33 10840
2020-07-13_14-11-33 10840
2020-07-13_14-11-33 10840
2020-07-13_14-11-33 10820
2020-07-13_14-11-33 10820
2020-07-13_14-11-33 10820
2020-07-13_14-11-33 10830
2020-07-13_14-11-33 10830
2020-07-13_14-11-33 10830
2020-07-13_14-11-33 10820
2020-07-13_14-11-33 10820
2020-07-13_14-11-33 10840
2020-07-13_14-11-33 10830
2020-07-13_14-11-33 10830
2020-07-13_14-11-33 10830
2020-07-13_14-11-33 10830
2020-07-13_14-11-33 10830
2020-07-13_14-11-33 10830
2020-07-13_14-11-33 10830
2020-07-13_14-11-33 10830
2020-07-13_14-11-33 10830
2020-07-13_14-11-33 10830
2020-07-13_14-11-33 10830
2020-07-13_14-11-33 10840
2020-07-13_14-11-33 10840
2020-07-13_14-11-33 10830
2020-07-13_14-11-33 10830
2020-07-13_14-11-33 10820
2020-07-13_14-11-33 10820
2020-07-13_14-11-33 10820
2020-07-13_14-11-33 10830
2020-07-13_14-11-33 10830
2020-07-13_14-11-33 10840
2020-07-13_14-11-33 10840
2020-07-13_14-11-33 10830
2020-07-13_14-11-33 10820
2020-07-13_14-11-33 10830
2020-07-13_14-11-33 10830
2020-07-13_14-11-33 10830
2020-07-13_14-11-33 10830
2020-07-13_14-11-33 10830
2020-07-13_14-11-33 10830
2020-07-13_14-11-33 10830
2020-07-13_14-11-33 10830
2020-07-13_14-11-33 10830
2020-07-13_14-11-33 10830
2020-07-13_14-11-33 10830
2020-07-13_14-11-33 10830
2020-07-13_14-11-33 10830
2020-07-13_14-11-33 10830
2020-07-13_14-11-33 10830
2020-07-13_14-11-33 10830
2020-07-13_14-11-33 10830
2020-07-13_14-11-33 10830
2020-07-13_14-11-33 10830
2020-07-13_14-11-33 10830
2020-07-13_14-11-33 10830
2020-07-13_14-11-33 10830
2020-07-13_14-11-33 10830
2020-07-13_14-11-33 10830
2020-07-13_14-11-33 10840
2020-07-13_14-11-33 10840
2020-07-13_14-11-33 10830
2020-07-13_14-11-33 10840
2020-07-13_14-11-33 10840
2020-07-13_14-11-33 10830
2020-07-13_14-11-33 10830
2020-07-13_14-11-33 10840
2020-07-13_14-11-33 10840
2020-07-13_14-11-33 10840
2020-07-13_14-11-33 10840
2020-07-13_14-11-33 10760
2020-07-13_14-11-33 10770
2020-07-13_14-11-33 10840
2020-07-13_14-11-33 10840
2020-07-13_14-11-33 10830
2020-07-13_14-11-33 10830
2020-07-13_14-11-33 10820
2020-07-13_14-11-33 10820
2020-07-13_14-11-33 10830
2020-07-13_14-11-33 10840
2020-07-13_14-11-33 10830
2020-07-13_14-11-33 10830
2020-07-13_14-11-33 10820
2020-07-13_14-11-33 10830
2020-07-13_14-11-33 10820
2020-07-13_14-11-33 10820
2020-07-13_14-11-33 10840
2020-07-13_14-11-33 10820
2020-07-13_14-11-33 10820
2020-07-13_14-11-33 10820
2020-07-13_14-11-33 10810
2020-07-13_14-11-33 10810
2020-07-13_14-11-33 10810
2020-07-13_14-11-33 10800
2020-07-13_14-11-33 10810
2020-07-13_14-11-33 10820
2020-07-13_14-11-33 10810
2020-07-13_14-11-33 10810
2020-07-13_14-11-33 10780
2020-07-13_14-11-33 10790
2020-07-13_14-11-33 10790
2020-07-13_14-11-33 10810
2020-07-13_14-11-33 10910
2020-07-13_14-11-33 12190
2020-07-13_14-11-33 13060
2020-07-13_14-11-33 13540
2020-07-13_14-11-33 13510
2020-07-13_14-11-33 13480
2020-07-13_14-11-33 13490
2020-07-13_14-11-33 13500
2020-07-13_14-11-33 13500
2020-07-13_14-11-33 13500
2020-07-13_14-11-33 13500
2020-07-13_14-11-33 13510
2020-07-13_14-11-33 13460
2020-07-13_14-11-33 13470
2020-07-13_14-11-33 13490
2020-07-13_14-11-33 13470
2020-07-13_14-11-33 13510
2020-07-13_14-11-33 13500
2020-07-13_14-11-33 12600
2020-07-13_14-11-33 11390
2020-07-13_14-11-33 9530
2020-07-13_14-11-33 9380
2020-07-13_14-11-33 9390
2020-07-13_14-11-33 9840
2020-07-13_14-11-33 11380
2020-07-13_14-11-33 11750
2020-07-13_14-11-33 11790
2020-07-13_14-11-33 11830
2020-07-13_14-11-33 11810
2020-07-13_14-11-33 11790
2020-07-13_14-11-33 11830
2020-07-13_14-11-33 11840
2020-07-13_14-11-33 11820
2020-07-13_14-11-33 11810
2020-07-13_14-11-33 11800
2020-07-13_14-11-33 11820
2020-07-13_14-11-33 11820
2020-07-13_14-11-33 11820
2020-07-13_14-11-33 11840
2020-07-13_14-11-33 11840
2020-07-13_14-11-33 10670
2020-07-13_14-11-33 9460
2020-07-13_14-11-33 8270
2020-07-13_14-11-33 8370
2020-07-13_14-11-33 8480
2020-07-13_14-11-33 8510
2020-07-13_14-11-33 8540
2020-07-13_14-11-33 8620
2020-07-13_14-11-33 8580
2020-07-13_14-11-33 6990
2020-07-13_14-11-33 5220
2020-07-13_14-11-33 5120
2020-07-13_14-11-33 5120
2020-07-13_14-11-33 5130
2020-07-13_14-11-33 5140
2020-07-13_14-11-33 5130
2020-07-13_14-11-33 5120
