2020-07-13_14-11-22 2110
2020-07-13_14-11-22 2010
2020-07-13_14-11-22 1980
2020-07-13_14-11-22 3400
2020-07-13_14-11-22 4480
2020-07-13_14-11-22 4820
2020-07-13_14-11-22 4860
2020-07-13_14-11-22 4890
2020-07-13_14-11-22 4900
2020-07-13_14-11-22 4900
2020-07-13_14-11-22 4900
2020-07-13_14-11-22 4900
2020-07-13_14-11-22 4900
2020-07-13_14-11-22 4900
2020-07-13_14-11-22 4900
2020-07-13_14-11-22 4900
2020-07-13_14-11-22 4910
2020-07-13_14-11-22 4910
2020-07-13_14-11-22 4900
2020-07-13_14-11-22 4890
2020-07-13_14-11-22 4910
2020-07-13_14-11-22 4920
2020-07-13_14-11-22 4910
2020-07-13_14-11-22 4900
2020-07-13_14-11-22 4900
2020-07-13_14-11-22 4900
2020-07-13_14-11-22 4900
2020-07-13_14-11-22 4900
2020-07-13_14-11-22 4900
2020-07-13_14-11-22 4910
2020-07-13_14-11-22 4900
2020-07-13_14-11-22 4900
2020-07-13_14-11-22 4900
2020-07-13_14-11-22 4900
2020-07-13_14-11-22 4910
2020-07-13_14-11-22 4910
2020-07-13_14-11-22 4910
2020-07-13_14-11-22 4910
2020-07-13_14-11-22 4900
2020-07-13_14-11-22 4900
2020-07-13_14-11-22 4900
2020-07-13_14-11-22 4900
2020-07-13_14-11-22 4910
2020-07-13_14-11-22 4900
2020-07-13_14-11-22 4900
2020-07-13_14-11-22 4900
2020-07-13_14-11-22 4910
2020-07-13_14-11-22 4900
2020-07-13_14-11-22 4890
2020-07-13_14-11-22 4900
2020-07-13_14-11-22 4890
2020-07-13_14-11-22 4890
2020-07-13_14-11-22 4900
2020-07-13_14-11-22 4900
2020-07-13_14-11-22 4910
2020-07-13_14-11-22 4920
2020-07-13_14-11-22 4900
2020-07-13_14-11-22 4900
2020-07-13_14-11-22 4900
2020-07-13_14-11-22 4900
2020-07-13_14-11-22 4900
2020-07-13_14-11-22 4900
2020-07-13_14-11-22 4900
2020-07-13_14-11-22 4870
2020-07-13_14-11-22 4840
2020-07-13_14-11-22 4810
2020-07-13_14-11-22 4810
2020-07-13_14-11-22 4820
2020-07-13_14-11-22 4810
2020-07-13_14-11-22 4810
2020-07-13_14-11-22 4810
2020-07-13_14-11-22 4810
2020-07-13_14-11-22 4810
2020-07-13_14-11-22 4810
2020-07-13_14-11-22 4810
2020-07-13_14-11-22 4810
2020-07-13_14-11-22 4810
2020-07-13_14-11-22 4810
2020-07-13_14-11-22 4820
2020-07-13_14-11-22 4820
2020-07-13_14-11-22 4810
2020-07-13_14-11-22 4810
2020-07-13_14-11-22 4810
2020-07-13_14-11-22 4810
2020-07-13_14-11-22 4810
2020-07-13_14-11-22 4810
2020-07-13_14-11-22 4800
2020-07-13_14-11-22 4810
2020-07-13_14-11-22 4810
2020-07-13_14-11-22 4810
2020-07-13_14-11-22 4810
2020-07-13_14-11-22 4810
2020-07-13_14-11-22 4890
2020-07-13_14-11-22 4880
2020-07-13_14-11-22 4810
2020-07-13_14-11-22 4800
2020-07-13_14-11-22 4810
2020-07-13_14-11-22 4810
2020-07-13_14-11-22 4810
2020-07-13_14-11-22 4810
2020-07-13_14-11-22 4810
2020-07-13_14-11-22 4810
2020-07-13_14-11-22 4810
2020-07-13_14-11-22 4810
2020-07-13_14-11-22 4810
2020-07-13_14-11-22 4810
2020-07-13_14-11-22 4810
2020-07-13_14-11-22 4810
2020-07-13_14-11-22 4810
2020-07-13_14-11-22 4810
2020-07-13_14-11-22 4810
2020-07-13_14-11-22 4810
2020-07-13_14-11-22 4810
2020-07-13_14-11-22 4810
2020-07-13_14-11-22 4810
2020-07-13_14-11-22 4810
2020-07-13_14-11-22 4810
2020-07-13_14-11-22 4810
2020-07-13_14-11-22 4810
2020-07-13_14-11-22 4810
2020-07-13_14-11-22 4810
2020-07-13_14-11-22 4810
2020-07-13_14-11-22 4810
2020-07-13_14-11-22 4810
2020-07-13_14-11-22 4810
2020-07-13_14-11-22 4810
2020-07-13_14-11-22 4810
2020-07-13_14-11-22 4810
2020-07-13_14-11-22 4810
2020-07-13_14-11-22 4810
2020-07-13_14-11-22 4810
2020-07-13_14-11-22 4810
2020-07-13_14-11-22 4810
2020-07-13_14-11-22 4810
2020-07-13_14-11-22 4810
2020-07-13_14-11-22 4820
2020-07-13_14-11-22 4820
2020-07-13_14-11-22 4810
2020-07-13_14-11-22 4810
2020-07-13_14-11-22 4810
2020-07-13_14-11-22 4820
2020-07-13_14-11-22 4820
2020-07-13_14-11-22 4820
2020-07-13_14-11-22 4810
2020-07-13_14-11-22 4800
2020-07-13_14-11-22 4800
2020-07-13_14-11-22 4810
2020-07-13_14-11-22 4810
2020-07-13_14-11-22 4810
2020-07-13_14-11-22 4810
2020-07-13_14-11-22 4800
2020-07-13_14-11-22 4810
2020-07-13_14-11-22 4820
2020-07-13_14-11-22 4810
2020-07-13_14-11-22 4810
2020-07-13_14-11-22 4810
2020-07-13_14-11-22 4810
2020-07-13_14-11-22 4800
2020-07-13_14-11-22 4810
2020-07-13_14-11-22 4810
2020-07-13_14-11-22 4810
2020-07-13_14-11-22 4810
2020-07-13_14-11-22 4810
2020-07-13_14-11-22 4810
2020-07-13_14-11-22 4810
2020-07-13_14-11-22 4810
2020-07-13_14-11-22 4810
2020-07-13_14-11-22 4810
2020-07-13_14-11-22 4810
2020-07-13_14-11-22 4810
2020-07-13_14-11-22 4810
2020-07-13_14-11-22 4810
2020-07-13_14-11-22 4810
2020-07-13_14-11-22 4810
2020-07-13_14-11-22 4810
2020-07-13_14-11-22 4810
2020-07-13_14-11-22 4810
2020-07-13_14-11-22 4810
2020-07-13_14-11-22 4810
2020-07-13_14-11-22 4810
2020-07-13_14-11-22 4810
2020-07-13_14-11-22 4810
2020-07-13_14-11-22 4810
2020-07-13_14-11-22 4810
2020-07-13_14-11-22 4810
2020-07-13_14-11-22 4810
2020-07-13_14-11-22 4810
2020-07-13_14-11-22 4800
2020-07-13_14-11-22 4850
2020-07-13_14-11-22 4910
2020-07-13_14-11-22 4900
2020-07-13_14-11-22 4900
2020-07-13_14-11-22 4890
2020-07-13_14-11-22 4900
2020-07-13_14-11-22 4940
2020-07-13_14-11-22 4900
2020-07-13_14-11-22 4880
2020-07-13_14-11-22 4870
2020-07-13_14-11-22 4900
2020-07-13_14-11-22 4910
2020-07-13_14-11-22 4890
2020-07-13_14-11-22 4900
2020-07-13_14-11-22 4910
2020-07-13_14-11-22 4880
2020-07-13_14-11-22 4910
2020-07-13_14-11-22 4910
2020-07-13_14-11-22 4890
2020-07-13_14-11-22 4900
2020-07-13_14-11-22 4910
2020-07-13_14-11-22 4920
2020-07-13_14-11-22 4910
2020-07-13_14-11-22 4900
2020-07-13_14-11-22 4910
2020-07-13_14-11-22 4910
2020-07-13_14-11-22 4910
2020-07-13_14-11-22 4910
2020-07-13_14-11-22 4910
2020-07-13_14-11-22 4900
2020-07-13_14-11-22 4900
2020-07-13_14-11-22 4890
2020-07-13_14-11-22 4900
2020-07-13_14-11-22 4880
2020-07-13_14-11-22 4860
2020-07-13_14-11-22 4890
2020-07-13_14-11-22 4910
2020-07-13_14-11-22 4910
2020-07-13_14-11-22 4870
2020-07-13_14-11-22 4850
2020-07-13_14-11-22 4910
2020-07-13_14-11-22 4910
2020-07-13_14-11-22 4890
2020-07-13_14-11-22 4530
2020-07-13_14-11-22 2980
2020-07-13_14-11-22 2940
2020-07-13_14-11-22 2910
2020-07-13_14-11-22 2940
2020-07-13_14-11-22 2960
2020-07-13_14-11-22 2990
2020-07-13_14-11-22 3030
2020-07-13_14-11-22 4810
2020-07-13_14-11-22 4810
2020-07-13_14-11-22 4810
2020-07-13_14-11-22 4810
2020-07-13_14-11-22 4810
2020-07-13_14-11-22 4810
2020-07-13_14-11-22 4810
2020-07-13_14-11-22 4810
2020-07-13_14-11-22 4810
2020-07-13_14-11-22 4820
2020-07-13_14-11-22 4820
2020-07-13_14-11-22 4820
2020-07-13_14-11-22 4830
2020-07-13_14-11-22 4860
2020-07-13_14-11-22 4900
2020-07-13_14-11-22 4900
2020-07-13_14-11-22 4900
2020-07-13_14-11-22 4860
2020-07-13_14-11-22 4840
2020-07-13_14-11-22 4820
2020-07-13_14-11-22 4820
2020-07-13_14-11-22 4810
2020-07-13_14-11-22 4810
2020-07-13_14-11-22 4810
2020-07-13_14-11-22 4810
2020-07-13_14-11-22 4810
2020-07-13_14-11-22 4810
2020-07-13_14-11-22 4810
2020-07-13_14-11-22 4810
2020-07-13_14-11-22 4810
2020-07-13_14-11-22 4810
2020-07-13_14-11-22 4810
2020-07-13_14-11-22 4810
2020-07-13_14-11-22 4810
2020-07-13_14-11-22 4810
2020-07-13_14-11-22 4810
2020-07-13_14-11-22 4810
2020-07-13_14-11-22 4810
2020-07-13_14-11-22 4810
2020-07-13_14-11-22 4810
2020-07-13_14-11-22 4810
2020-07-13_14-11-22 4810
2020-07-13_14-11-22 4810
2020-07-13_14-11-22 4810
2020-07-13_14-11-22 4810
2020-07-13_14-11-22 4810
2020-07-13_14-11-22 4810
2020-07-13_14-11-22 4810
2020-07-13_14-11-22 4810
2020-07-13_14-11-22 4810
2020-07-13_14-11-22 4810
2020-07-13_14-11-22 4810
2020-07-13_14-11-22 4810
2020-07-13_14-11-22 4810
2020-07-13_14-11-22 4810
2020-07-13_14-11-22 4810
2020-07-13_14-11-22 4810
2020-07-13_14-11-22 4810
2020-07-13_14-11-22 4810
2020-07-13_14-11-22 4810
2020-07-13_14-11-22 4810
2020-07-13_14-11-22 4810
2020-07-13_14-11-22 4810
2020-07-13_14-11-22 4810
2020-07-13_14-11-22 4810
2020-07-13_14-11-22 4810
2020-07-13_14-11-22 4810
2020-07-13_14-11-22 4810
2020-07-13_14-11-22 4820
2020-07-13_14-11-22 4820
2020-07-13_14-11-22 4810
2020-07-13_14-11-22 4810
2020-07-13_14-11-22 4810
2020-07-13_14-11-22 4810
2020-07-13_14-11-22 4810
2020-07-13_14-11-22 4810
2020-07-13_14-11-22 4820
2020-07-13_14-11-22 4820
2020-07-13_14-11-22 4820
2020-07-13_14-11-22 4810
2020-07-13_14-11-22 4800
2020-07-13_14-11-22 4810
2020-07-13_14-11-22 4810
2020-07-13_14-11-22 4810
2020-07-13_14-11-22 4810
2020-07-13_14-11-22 4800
2020-07-13_14-11-22 4800
2020-07-13_14-11-22 4820
2020-07-13_14-11-22 4810
2020-07-13_14-11-22 4810
2020-07-13_14-11-22 4810
2020-07-13_14-11-22 4810
2020-07-13_14-11-22 4800
2020-07-13_14-11-22 4810
2020-07-13_14-11-22 4810
2020-07-13_14-11-22 4810
2020-07-13_14-11-22 4810
2020-07-13_14-11-22 4810
2020-07-13_14-11-22 4810
2020-07-13_14-11-22 4810
2020-07-13_14-11-22 4810
2020-07-13_14-11-22 4810
2020-07-13_14-11-22 4810
2020-07-13_14-11-22 4810
2020-07-13_14-11-22 4810
2020-07-13_14-11-22 4810
2020-07-13_14-11-22 4810
2020-07-13_14-11-22 4810
2020-07-13_14-11-22 4810
2020-07-13_14-11-22 4810
2020-07-13_14-11-22 4810
2020-07-13_14-11-22 4810
2020-07-13_14-11-22 4810
2020-07-13_14-11-22 4820
2020-07-13_14-11-22 4890
2020-07-13_14-11-22 4900
2020-07-13_14-11-22 4890
2020-07-13_14-11-22 4900
2020-07-13_14-11-22 4880
2020-07-13_14-11-22 4930
2020-07-13_14-11-22 4930
2020-07-13_14-11-22 4880
2020-07-13_14-11-22 4900
2020-07-13_14-11-22 4890
2020-07-13_14-11-22 4910
2020-07-13_14-11-22 4880
2020-07-13_14-11-22 4930
2020-07-13_14-11-22 4900
2020-07-13_14-11-22 4890
2020-07-13_14-11-22 4900
2020-07-13_14-11-22 4910
2020-07-13_14-11-22 4900
2020-07-13_14-11-22 4890
2020-07-13_14-11-22 4890
2020-07-13_14-11-22 4890
2020-07-13_14-11-22 4910
2020-07-13_14-11-22 4910
2020-07-13_14-11-22 4910
2020-07-13_14-11-22 4900
2020-07-13_14-11-22 4890
2020-07-13_14-11-22 4900
2020-07-13_14-11-22 4890
2020-07-13_14-11-22 4870
2020-07-13_14-11-22 4850
2020-07-13_14-11-22 4860
2020-07-13_14-11-22 4840
2020-07-13_14-11-22 4840
2020-07-13_14-11-22 4920
2020-07-13_14-11-22 4910
2020-07-13_14-11-22 4820
2020-07-13_14-11-22 4900
2020-07-13_14-11-22 4940
2020-07-13_14-11-22 4890
2020-07-13_14-11-22 4890
2020-07-13_14-11-22 3940
2020-07-13_14-11-22 3340
2020-07-13_14-11-22 3020
2020-07-13_14-11-22 2970
2020-07-13_14-11-22 2950
2020-07-13_14-11-22 3100
2020-07-13_14-11-22 3250
2020-07-13_14-11-22 1760
