2020-07-13_14-11-35 1350
2020-07-13_14-11-35 1640
2020-07-13_14-11-35 1590
2020-07-13_14-11-35 1620
2020-07-13_14-11-35 1640
2020-07-13_14-11-35 2730
2020-07-13_14-11-35 3980
2020-07-13_14-11-35 3800
2020-07-13_14-11-35 3860
2020-07-13_14-11-35 3870
2020-07-13_14-11-35 3850
2020-07-13_14-11-35 3860
2020-07-13_14-11-35 3830
2020-07-13_14-11-35 3830
2020-07-13_14-11-35 3870
2020-07-13_14-11-35 3860
2020-07-13_14-11-35 3870
2020-07-13_14-11-35 3860
2020-07-13_14-11-35 3860
2020-07-13_14-11-35 3860
2020-07-13_14-11-35 3860
2020-07-13_14-11-35 3860
2020-07-13_14-11-35 3860
2020-07-13_14-11-35 3870
2020-07-13_14-11-35 3870
2020-07-13_14-11-35 3860
2020-07-13_14-11-35 3870
2020-07-13_14-11-35 3870
2020-07-13_14-11-35 3870
2020-07-13_14-11-35 3870
2020-07-13_14-11-35 3870
2020-07-13_14-11-35 3870
2020-07-13_14-11-35 3870
2020-07-13_14-11-35 3870
2020-07-13_14-11-35 3870
2020-07-13_14-11-35 3870
2020-07-13_14-11-35 3870
2020-07-13_14-11-35 3870
2020-07-13_14-11-35 3870
