2020-07-13_14-11-13 11440
2020-07-13_14-11-13 11420
2020-07-13_14-11-13 11420
2020-07-13_14-11-13 11420
2020-07-13_14-11-13 11430
2020-07-13_14-11-13 11440
2020-07-13_14-11-13 11440
2020-07-13_14-11-13 11420
2020-07-13_14-11-13 11430
2020-07-13_14-11-13 11430
2020-07-13_14-11-13 11440
2020-07-13_14-11-13 11440
2020-07-13_14-11-13 11430
2020-07-13_14-11-13 11420
2020-07-13_14-11-13 11430
2020-07-13_14-11-13 11460
2020-07-13_14-11-13 11440
2020-07-13_14-11-13 11440
2020-07-13_14-11-13 11430
2020-07-13_14-11-13 11430
2020-07-13_14-11-13 11430
2020-07-13_14-11-13 11430
2020-07-13_14-11-13 11440
2020-07-13_14-11-13 11440
2020-07-13_14-11-13 11440
2020-07-13_14-11-13 11430
2020-07-13_14-11-13 11440
2020-07-13_14-11-13 11430
2020-07-13_14-11-13 11440
2020-07-13_14-11-13 11430
2020-07-13_14-11-13 11430
2020-07-13_14-11-13 11430
2020-07-13_14-11-13 11440
2020-07-13_14-11-13 11440
2020-07-13_14-11-13 11440
2020-07-13_14-11-13 11430
2020-07-13_14-11-13 11430
2020-07-13_14-11-13 11440
2020-07-13_14-11-13 11440
2020-07-13_14-11-13 11440
2020-07-13_14-11-13 11440
2020-07-13_14-11-13 11430
2020-07-13_14-11-13 11430
2020-07-13_14-11-13 11430
2020-07-13_14-11-13 11430
2020-07-13_14-11-13 11430
2020-07-13_14-11-13 11430
2020-07-13_14-11-13 11430
2020-07-13_14-11-13 11430
2020-07-13_14-11-13 11430
2020-07-13_14-11-13 11430
2020-07-13_14-11-13 11430
2020-07-13_14-11-13 11440
2020-07-13_14-11-13 11430
2020-07-13_14-11-13 11430
2020-07-13_14-11-13 11430
2020-07-13_14-11-13 11420
2020-07-13_14-11-13 11430
2020-07-13_14-11-13 11430
2020-07-13_14-11-13 11420
2020-07-13_14-11-13 11420
2020-07-13_14-11-13 11430
2020-07-13_14-11-13 11440
2020-07-13_14-11-13 11440
2020-07-13_14-11-13 11410
2020-07-13_14-11-13 11360
2020-07-13_14-11-13 11340
2020-07-13_14-11-13 11350
2020-07-13_14-11-13 11350
2020-07-13_14-11-13 11340
2020-07-13_14-11-13 11340
2020-07-13_14-11-13 11350
2020-07-13_14-11-13 11340
2020-07-13_14-11-13 11330
2020-07-13_14-11-13 11340
2020-07-13_14-11-13 11340
2020-07-13_14-11-13 11340
2020-07-13_14-11-13 11340
2020-07-13_14-11-13 11340
2020-07-13_14-11-13 11340
2020-07-13_14-11-13 11340
2020-07-13_14-11-13 11340
2020-07-13_14-11-13 11340
2020-07-13_14-11-13 11340
2020-07-13_14-11-13 11340
2020-07-13_14-11-13 11340
2020-07-13_14-11-13 11340
2020-07-13_14-11-13 11340
2020-07-13_14-11-13 11340
2020-07-13_14-11-13 11340
2020-07-13_14-11-13 11340
2020-07-13_14-11-13 11340
2020-07-13_14-11-13 11340
2020-07-13_14-11-13 11340
2020-07-13_14-11-13 11340
2020-07-13_14-11-13 11340
2020-07-13_14-11-13 11350
2020-07-13_14-11-13 11350
2020-07-13_14-11-13 11350
2020-07-13_14-11-13 11350
2020-07-13_14-11-13 11340
2020-07-13_14-11-13 11340
2020-07-13_14-11-13 11350
2020-07-13_14-11-13 11350
2020-07-13_14-11-13 11350
2020-07-13_14-11-13 11350
2020-07-13_14-11-13 11350
2020-07-13_14-11-13 11340
2020-07-13_14-11-13 11340
2020-07-13_14-11-13 11340
2020-07-13_14-11-13 11350
2020-07-13_14-11-13 11350
2020-07-13_14-11-13 11350
2020-07-13_14-11-13 11400
2020-07-13_14-11-13 11430
2020-07-13_14-11-13 11430
2020-07-13_14-11-13 11440
2020-07-13_14-11-13 11430
2020-07-13_14-11-13 11430
2020-07-13_14-11-13 11440
2020-07-13_14-11-13 11440
2020-07-13_14-11-13 11430
2020-07-13_14-11-13 11430
2020-07-13_14-11-13 11430
2020-07-13_14-11-13 11430
2020-07-13_14-11-13 11420
2020-07-13_14-11-13 11450
2020-07-13_14-11-13 11480
2020-07-13_14-11-13 11450
2020-07-13_14-11-13 11420
2020-07-13_14-11-13 11410
2020-07-13_14-11-13 11430
2020-07-13_14-11-13 11410
2020-07-13_14-11-13 11420
2020-07-13_14-11-13 11430
2020-07-13_14-11-13 11440
2020-07-13_14-11-13 11410
2020-07-13_14-11-13 11440
2020-07-13_14-11-13 11440
2020-07-13_14-11-13 11420
2020-07-13_14-11-13 11440
2020-07-13_14-11-13 11420
2020-07-13_14-11-13 11440
2020-07-13_14-11-13 11440
2020-07-13_14-11-13 11430
2020-07-13_14-11-13 11450
2020-07-13_14-11-13 11430
2020-07-13_14-11-13 11450
2020-07-13_14-11-13 11430
2020-07-13_14-11-13 11430
2020-07-13_14-11-13 11430
2020-07-13_14-11-13 11430
2020-07-13_14-11-13 11430
2020-07-13_14-11-13 11430
2020-07-13_14-11-13 11430
2020-07-13_14-11-13 11420
2020-07-13_14-11-13 11440
2020-07-13_14-11-13 11430
2020-07-13_14-11-13 11430
2020-07-13_14-11-13 11430
2020-07-13_14-11-13 11430
2020-07-13_14-11-13 11430
2020-07-13_14-11-13 11430
2020-07-13_14-11-13 11430
2020-07-13_14-11-13 11390
2020-07-13_14-11-13 11420
2020-07-13_14-11-13 11450
2020-07-13_14-11-13 11420
2020-07-13_14-11-13 11420
2020-07-13_14-11-13 11370
2020-07-13_14-11-13 11430
2020-07-13_14-11-13 11400
2020-07-13_14-11-13 11390
2020-07-13_14-11-13 11430
2020-07-13_14-11-13 11480
2020-07-13_14-11-13 11420
2020-07-13_14-11-13 11430
2020-07-13_14-11-13 11320
2020-07-13_14-11-13 9190
2020-07-13_14-11-13 9090
2020-07-13_14-11-13 9170
2020-07-13_14-11-13 9230
2020-07-13_14-11-13 9170
2020-07-13_14-11-13 9180
2020-07-13_14-11-13 9180
2020-07-13_14-11-13 9200
2020-07-13_14-11-13 9130
2020-07-13_14-11-13 9080
2020-07-13_14-11-13 9060
2020-07-13_14-11-13 9090
2020-07-13_14-11-13 7710
