2020-07-13_14-10-25 770
2020-07-13_14-10-25 790
2020-07-13_14-10-25 780
2020-07-13_14-10-25 770
2020-07-13_14-10-25 760
2020-07-13_14-10-25 810
2020-07-13_14-10-25 950
2020-07-13_14-10-25 1120
2020-07-13_14-10-25 1270
2020-07-13_14-10-25 1340
2020-07-13_14-10-25 1360
2020-07-13_14-10-25 1350
2020-07-13_14-10-25 1340
2020-07-13_14-10-25 1330
2020-07-13_14-10-25 1330
2020-07-13_14-10-25 1340
2020-07-13_14-10-25 1340
2020-07-13_14-10-25 1330
2020-07-13_14-10-25 1320
2020-07-13_14-10-25 1320
2020-07-13_14-10-25 1340
2020-07-13_14-10-25 1340
2020-07-13_14-10-25 1330
2020-07-13_14-10-25 1330
2020-07-13_14-10-25 1340
2020-07-13_14-10-25 1340
2020-07-13_14-10-25 1340
2020-07-13_14-10-25 1340
2020-07-13_14-10-25 1340
2020-07-13_14-10-25 1340
2020-07-13_14-10-25 1340
2020-07-13_14-10-25 1340
2020-07-13_14-10-25 1340
2020-07-13_14-10-25 1340
2020-07-13_14-10-25 1340
2020-07-13_14-10-25 1090
2020-07-13_14-10-25 830
