2020-07-13_14-10-09 1200
2020-07-13_14-10-09 1980
2020-07-13_14-10-09 2950
2020-07-13_14-10-09 4120
2020-07-13_14-10-09 5200
2020-07-13_14-10-09 5720
2020-07-13_14-10-09 5640
2020-07-13_14-10-09 5310
2020-07-13_14-10-09 4980
2020-07-13_14-10-09 4740
2020-07-13_14-10-09 4540
2020-07-13_14-10-09 4510
2020-07-13_14-10-09 4790
2020-07-13_14-10-09 5280
2020-07-13_14-10-09 5660
2020-07-13_14-10-09 5620
2020-07-13_14-10-09 5120
2020-07-13_14-10-09 4440
2020-07-13_14-10-09 3980
2020-07-13_14-10-09 4070
2020-07-13_14-10-09 4620
2020-07-13_14-10-09 5290
2020-07-13_14-10-09 5710
2020-07-13_14-10-09 5650
2020-07-13_14-10-09 5170
2020-07-13_14-10-09 4520
2020-07-13_14-10-09 4090
2020-07-13_14-10-09 4160
2020-07-13_14-10-09 4650
2020-07-13_14-10-09 5260
2020-07-13_14-10-09 5630
2020-07-13_14-10-09 5550
2020-07-13_14-10-09 5140
2020-07-13_14-10-09 4640
2020-07-13_14-10-09 4380
2020-07-13_14-10-09 4540
2020-07-13_14-10-09 5020
2020-07-13_14-10-09 5690
2020-07-13_14-10-09 6910
2020-07-13_14-10-09 9160
2020-07-13_14-10-09 12010
2020-07-13_14-10-09 14250
2020-07-13_14-10-09 15280
2020-07-13_14-10-09 15520
2020-07-13_14-10-09 15610
2020-07-13_14-10-09 15730
2020-07-13_14-10-09 15840
2020-07-13_14-10-09 15890
2020-07-13_14-10-09 15830
2020-07-13_14-10-09 15740
2020-07-13_14-10-09 15720
2020-07-13_14-10-09 15780
2020-07-13_14-10-09 16300
2020-07-13_14-10-09 18210
2020-07-13_14-10-09 21510
2020-07-13_14-10-09 24770
2020-07-13_14-10-09 26600
2020-07-13_14-10-09 26960
2020-07-13_14-10-09 26930
2020-07-13_14-10-09 26950
2020-07-13_14-10-09 26980
2020-07-13_14-10-09 26940
2020-07-13_14-10-09 26880
2020-07-13_14-10-09 26910
2020-07-13_14-10-09 26980
2020-07-13_14-10-09 26990
2020-07-13_14-10-09 26950
2020-07-13_14-10-09 26940
2020-07-13_14-10-09 26970
2020-07-13_14-10-09 26980
2020-07-13_14-10-09 26980
2020-07-13_14-10-09 26960
2020-07-13_14-10-09 26960
2020-07-13_14-10-09 26990
2020-07-13_14-10-09 27020
2020-07-13_14-10-09 27010
2020-07-13_14-10-09 27000
2020-07-13_14-10-09 27010
2020-07-13_14-10-09 27040
2020-07-13_14-10-09 27040
2020-07-13_14-10-09 27020
2020-07-13_14-10-09 27000
2020-07-13_14-10-09 26970
2020-07-13_14-10-09 26960
2020-07-13_14-10-09 26960
2020-07-13_14-10-09 26970
2020-07-13_14-10-09 26960
2020-07-13_14-10-09 26950
2020-07-13_14-10-09 26980
2020-07-13_14-10-09 26990
2020-07-13_14-10-09 26960
2020-07-13_14-10-09 26940
2020-07-13_14-10-09 26960
2020-07-13_14-10-09 26980
2020-07-13_14-10-09 26970
2020-07-13_14-10-09 26950
2020-07-13_14-10-09 26940
2020-07-13_14-10-09 26960
2020-07-13_14-10-09 26960
2020-07-13_14-10-09 26960
2020-07-13_14-10-09 26970
2020-07-13_14-10-09 26990
2020-07-13_14-10-09 26990
2020-07-13_14-10-09 26950
2020-07-13_14-10-09 26940
2020-07-13_14-10-09 26960
2020-07-13_14-10-09 26960
2020-07-13_14-10-09 26960
2020-07-13_14-10-09 26990
2020-07-13_14-10-09 26980
2020-07-13_14-10-09 26960
2020-07-13_14-10-09 26970
2020-07-13_14-10-09 26990
2020-07-13_14-10-09 26960
2020-07-13_14-10-09 26940
2020-07-13_14-10-09 26980
2020-07-13_14-10-09 26990
2020-07-13_14-10-09 26950
2020-07-13_14-10-09 26960
2020-07-13_14-10-09 27000
2020-07-13_14-10-09 26970
2020-07-13_14-10-09 26940
2020-07-13_14-10-09 26970
2020-07-13_14-10-09 26990
2020-07-13_14-10-09 26960
2020-07-13_14-10-09 26960
2020-07-13_14-10-09 26990
2020-07-13_14-10-09 26970
2020-07-13_14-10-09 26940
2020-07-13_14-10-09 26960
2020-07-13_14-10-09 26970
2020-07-13_14-10-09 26960
2020-07-13_14-10-09 26960
2020-07-13_14-10-09 26980
2020-07-13_14-10-09 26970
2020-07-13_14-10-09 26950
2020-07-13_14-10-09 26970
2020-07-13_14-10-09 26980
2020-07-13_14-10-09 26950
2020-07-13_14-10-09 26950
2020-07-13_14-10-09 26970
2020-07-13_14-10-09 26970
2020-07-13_14-10-09 26950
2020-07-13_14-10-09 26960
2020-07-13_14-10-09 26970
2020-07-13_14-10-09 26950
2020-07-13_14-10-09 26940
2020-07-13_14-10-09 26960
2020-07-13_14-10-09 26960
2020-07-13_14-10-09 26960
2020-07-13_14-10-09 26960
2020-07-13_14-10-09 26980
2020-07-13_14-10-09 26980
2020-07-13_14-10-09 26980
2020-07-13_14-10-09 26970
2020-07-13_14-10-09 26960
2020-07-13_14-10-09 26950
2020-07-13_14-10-09 26930
2020-07-13_14-10-09 26920
2020-07-13_14-10-09 26910
2020-07-13_14-10-09 26900
2020-07-13_14-10-09 26900
2020-07-13_14-10-09 26900
2020-07-13_14-10-09 26900
2020-07-13_14-10-09 26900
2020-07-13_14-10-09 26900
2020-07-13_14-10-09 26910
2020-07-13_14-10-09 26900
2020-07-13_14-10-09 26900
2020-07-13_14-10-09 26900
2020-07-13_14-10-09 26900
2020-07-13_14-10-09 26900
2020-07-13_14-10-09 26900
2020-07-13_14-10-09 26910
2020-07-13_14-10-09 26900
2020-07-13_14-10-09 26900
2020-07-13_14-10-09 26890
2020-07-13_14-10-09 26900
2020-07-13_14-10-09 26890
2020-07-13_14-10-09 26890
2020-07-13_14-10-09 26900
2020-07-13_14-10-09 26900
2020-07-13_14-10-09 26900
2020-07-13_14-10-09 26900
2020-07-13_14-10-09 26900
2020-07-13_14-10-09 26900
2020-07-13_14-10-09 26900
2020-07-13_14-10-09 26900
2020-07-13_14-10-09 26900
2020-07-13_14-10-09 26890
2020-07-13_14-10-09 26900
2020-07-13_14-10-09 26910
2020-07-13_14-10-09 26900
2020-07-13_14-10-09 26890
2020-07-13_14-10-09 26900
2020-07-13_14-10-09 26900
2020-07-13_14-10-09 26900
2020-07-13_14-10-09 26900
2020-07-13_14-10-09 26900
2020-07-13_14-10-09 26900
2020-07-13_14-10-09 26900
2020-07-13_14-10-09 26900
2020-07-13_14-10-09 26900
2020-07-13_14-10-09 26890
2020-07-13_14-10-09 26890
2020-07-13_14-10-09 26900
2020-07-13_14-10-09 26910
2020-07-13_14-10-09 26910
2020-07-13_14-10-09 26910
2020-07-13_14-10-09 26910
2020-07-13_14-10-09 26910
2020-07-13_14-10-09 26900
2020-07-13_14-10-09 26890
2020-07-13_14-10-09 26900
2020-07-13_14-10-09 26900
2020-07-13_14-10-09 26900
2020-07-13_14-10-09 26900
2020-07-13_14-10-09 26900
2020-07-13_14-10-09 26910
2020-07-13_14-10-09 26910
2020-07-13_14-10-09 26910
2020-07-13_14-10-09 26910
2020-07-13_14-10-09 26900
2020-07-13_14-10-09 26890
2020-07-13_14-10-09 26890
2020-07-13_14-10-09 26890
2020-07-13_14-10-09 26890
2020-07-13_14-10-09 26900
2020-07-13_14-10-09 26900
2020-07-13_14-10-09 26900
2020-07-13_14-10-09 26900
2020-07-13_14-10-09 26900
2020-07-13_14-10-09 26900
2020-07-13_14-10-09 26890
2020-07-13_14-10-09 26890
2020-07-13_14-10-09 26890
2020-07-13_14-10-09 26890
2020-07-13_14-10-09 26890
2020-07-13_14-10-09 26890
2020-07-13_14-10-09 26900
2020-07-13_14-10-09 26900
2020-07-13_14-10-09 26900
2020-07-13_14-10-09 26910
2020-07-13_14-10-09 26910
2020-07-13_14-10-09 26900
2020-07-13_14-10-09 26900
2020-07-13_14-10-09 26890
2020-07-13_14-10-09 26890
2020-07-13_14-10-09 26890
2020-07-13_14-10-09 26890
2020-07-13_14-10-09 26890
2020-07-13_14-10-09 26900
2020-07-13_14-10-09 26900
2020-07-13_14-10-09 26900
2020-07-13_14-10-09 26900
2020-07-13_14-10-09 26900
2020-07-13_14-10-09 26900
2020-07-13_14-10-09 26900
2020-07-13_14-10-09 26910
2020-07-13_14-10-09 26930
2020-07-13_14-10-09 26950
2020-07-13_14-10-09 26970
2020-07-13_14-10-09 26970
2020-07-13_14-10-09 26970
2020-07-13_14-10-09 26970
2020-07-13_14-10-09 26970
2020-07-13_14-10-09 26970
2020-07-13_14-10-09 26960
2020-07-13_14-10-09 26960
2020-07-13_14-10-09 26950
2020-07-13_14-10-09 26960
2020-07-13_14-10-09 26980
2020-07-13_14-10-09 26990
2020-07-13_14-10-09 26990
2020-07-13_14-10-09 26970
2020-07-13_14-10-09 26970
2020-07-13_14-10-09 26970
2020-07-13_14-10-09 26960
2020-07-13_14-10-09 26950
2020-07-13_14-10-09 26950
2020-07-13_14-10-09 26970
2020-07-13_14-10-09 27010
2020-07-13_14-10-09 27000
2020-07-13_14-10-09 26950
2020-07-13_14-10-09 26940
2020-07-13_14-10-09 26950
2020-07-13_14-10-09 26950
2020-07-13_14-10-09 26930
2020-07-13_14-10-09 26940
2020-07-13_14-10-09 26980
2020-07-13_14-10-09 26990
2020-07-13_14-10-09 26990
2020-07-13_14-10-09 26970
2020-07-13_14-10-09 26960
2020-07-13_14-10-09 26950
2020-07-13_14-10-09 26960
2020-07-13_14-10-09 26960
2020-07-13_14-10-09 26950
2020-07-13_14-10-10 26960
2020-07-13_14-10-10 26970
2020-07-13_14-10-10 26970
2020-07-13_14-10-10 26970
2020-07-13_14-10-10 26980
2020-07-13_14-10-10 26970
2020-07-13_14-10-10 26960
2020-07-13_14-10-10 26970
2020-07-13_14-10-10 26970
2020-07-13_14-10-10 26970
2020-07-13_14-10-10 26980
2020-07-13_14-10-10 26970
2020-07-13_14-10-10 26960
2020-07-13_14-10-10 26950
2020-07-13_14-10-10 26960
2020-07-13_14-10-10 26960
2020-07-13_14-10-10 26960
2020-07-13_14-10-10 26960
2020-07-13_14-10-10 26960
2020-07-13_14-10-10 26970
2020-07-13_14-10-10 26970
2020-07-13_14-10-10 26960
2020-07-13_14-10-10 26960
2020-07-13_14-10-10 26960
2020-07-13_14-10-10 26970
2020-07-13_14-10-10 26970
2020-07-13_14-10-10 26970
2020-07-13_14-10-10 26970
2020-07-13_14-10-10 26970
2020-07-13_14-10-10 26970
2020-07-13_14-10-10 26970
2020-07-13_14-10-10 26970
2020-07-13_14-10-10 26970
2020-07-13_14-10-10 26970
2020-07-13_14-10-10 26970
2020-07-13_14-10-10 26970
2020-07-13_14-10-10 26970
2020-07-13_14-10-10 26970
2020-07-13_14-10-10 26970
2020-07-13_14-10-10 26970
2020-07-13_14-10-10 26970
2020-07-13_14-10-10 26970
2020-07-13_14-10-10 26970
2020-07-13_14-10-10 26970
2020-07-13_14-10-10 26970
2020-07-13_14-10-10 26970
2020-07-13_14-10-10 26970
2020-07-13_14-10-10 26970
2020-07-13_14-10-10 26970
2020-07-13_14-10-10 26970
2020-07-13_14-10-10 26970
2020-07-13_14-10-10 26970
2020-07-13_14-10-10 26970
2020-07-13_14-10-10 26970
2020-07-13_14-10-10 26970
2020-07-13_14-10-10 26970
2020-07-13_14-10-10 26970
2020-07-13_14-10-10 26970
2020-07-13_14-10-10 26970
2020-07-13_14-10-10 26920
2020-07-13_14-10-10 26910
2020-07-13_14-10-10 26920
2020-07-13_14-10-10 26920
2020-07-13_14-10-10 26850
2020-07-13_14-10-10 26790
2020-07-13_14-10-10 26830
2020-07-13_14-10-10 26840
2020-07-13_14-10-10 26760
2020-07-13_14-10-10 26720
2020-07-13_14-10-10 26840
2020-07-13_14-10-10 26870
2020-07-13_14-10-10 26710
2020-07-13_14-10-10 26660
2020-07-13_14-10-10 26840
2020-07-13_14-10-10 26890
2020-07-13_14-10-10 26680
2020-07-13_14-10-10 26630
2020-07-13_14-10-10 26900
2020-07-13_14-10-10 27050
2020-07-13_14-10-10 26900
2020-07-13_14-10-10 26760
2020-07-13_14-10-10 26830
2020-07-13_14-10-10 26790
2020-07-13_14-10-10 26600
2020-07-13_14-10-10 26610
2020-07-13_14-10-10 26900
2020-07-13_14-10-10 27170
2020-07-13_14-10-10 27120
2020-07-13_14-10-10 26960
2020-07-13_14-10-10 26950
2020-07-13_14-10-10 27000
2020-07-13_14-10-10 26960
2020-07-13_14-10-10 26880
2020-07-13_14-10-10 26920
2020-07-13_14-10-10 27060
2020-07-13_14-10-10 27570
2020-07-13_14-10-10 29640
2020-07-13_14-10-10 33480
2020-07-13_14-10-10 37480
2020-07-13_14-10-10 39800
2020-07-13_14-10-10 40580
2020-07-13_14-10-10 40930
2020-07-13_14-10-10 41110
2020-07-13_14-10-10 40890
2020-07-13_14-10-10 40700
2020-07-13_14-10-10 40870
2020-07-13_14-10-10 41040
2020-07-13_14-10-10 40940
2020-07-13_14-10-10 40860
2020-07-13_14-10-10 40970
2020-07-13_14-10-10 41010
2020-07-13_14-10-10 40800
2020-07-13_14-10-10 40670
2020-07-13_14-10-10 40810
2020-07-13_14-10-10 40980
2020-07-13_14-10-10 40930
2020-07-13_14-10-10 40840
2020-07-13_14-10-10 40890
2020-07-13_14-10-10 40950
2020-07-13_14-10-10 40870
2020-07-13_14-10-10 40760
2020-07-13_14-10-10 40820
2020-07-13_14-10-10 40930
2020-07-13_14-10-10 40900
2020-07-13_14-10-10 40810
2020-07-13_14-10-10 40780
2020-07-13_14-10-10 40300
2020-07-13_14-10-10 38950
2020-07-13_14-10-10 37360
2020-07-13_14-10-10 36300
2020-07-13_14-10-10 35920
2020-07-13_14-10-10 35710
2020-07-13_14-10-10 35570
2020-07-13_14-10-10 35630
2020-07-13_14-10-10 35720
2020-07-13_14-10-10 35700
2020-07-13_14-10-10 35650
2020-07-13_14-10-10 35640
2020-07-13_14-10-10 35720
2020-07-13_14-10-10 35830
2020-07-13_14-10-10 35850
2020-07-13_14-10-10 35750
2020-07-13_14-10-10 35970
2020-07-13_14-10-10 37560
2020-07-13_14-10-10 40580
2020-07-13_14-10-10 43730
2020-07-13_14-10-10 45820
2020-07-13_14-10-10 46600
2020-07-13_14-10-10 46760
2020-07-13_14-10-10 46670
2020-07-13_14-10-10 46520
2020-07-13_14-10-10 46340
2020-07-13_14-10-10 46190
2020-07-13_14-10-10 46270
2020-07-13_14-10-10 46540
2020-07-13_14-10-10 47110
2020-07-13_14-10-10 48860
2020-07-13_14-10-10 51930
2020-07-13_14-10-10 53880
2020-07-13_14-10-10 52640
2020-07-13_14-10-10 49570
2020-07-13_14-10-10 47450
2020-07-13_14-10-10 46880
2020-07-13_14-10-10 46650
2020-07-13_14-10-10 46470
2020-07-13_14-10-10 46790
2020-07-13_14-10-10 47170
2020-07-13_14-10-10 47110
2020-07-13_14-10-10 46890
2020-07-13_14-10-10 47060
2020-07-13_14-10-10 47320
2020-07-13_14-10-10 46080
2020-07-13_14-10-10 42910
2020-07-13_14-10-10 39610
2020-07-13_14-10-10 37620
2020-07-13_14-10-10 36730
2020-07-13_14-10-10 36140
2020-07-13_14-10-10 36120
2020-07-13_14-10-10 36590
2020-07-13_14-10-10 36600
2020-07-13_14-10-10 36210
2020-07-13_14-10-10 36200
2020-07-13_14-10-10 36560
2020-07-13_14-10-10 36570
2020-07-13_14-10-10 36270
2020-07-13_14-10-10 36250
2020-07-13_14-10-10 36460
2020-07-13_14-10-10 36500
2020-07-13_14-10-10 36340
2020-07-13_14-10-10 36340
2020-07-13_14-10-10 36460
2020-07-13_14-10-10 36480
2020-07-13_14-10-10 36390
2020-07-13_14-10-10 36380
2020-07-13_14-10-10 36430
2020-07-13_14-10-10 36430
2020-07-13_14-10-10 36360
2020-07-13_14-10-10 36320
2020-07-13_14-10-10 36350
2020-07-13_14-10-10 36390
2020-07-13_14-10-10 36410
2020-07-13_14-10-10 36420
2020-07-13_14-10-10 36420
2020-07-13_14-10-10 36420
2020-07-13_14-10-10 36420
2020-07-13_14-10-10 36420
2020-07-13_14-10-10 36440
2020-07-13_14-10-10 36450
2020-07-13_14-10-10 36440
2020-07-13_14-10-10 36430
2020-07-13_14-10-10 36430
2020-07-13_14-10-10 36440
2020-07-13_14-10-10 36450
2020-07-13_14-10-10 36450
2020-07-13_14-10-10 36400
2020-07-13_14-10-10 36310
2020-07-13_14-10-10 36310
2020-07-13_14-10-10 36380
2020-07-13_14-10-10 36370
2020-07-13_14-10-10 36250
2020-07-13_14-10-10 36240
2020-07-13_14-10-10 36450
2020-07-13_14-10-10 36600
2020-07-13_14-10-10 36490
2020-07-13_14-10-10 36290
2020-07-13_14-10-10 36320
2020-07-13_14-10-10 36470
2020-07-13_14-10-10 36450
2020-07-13_14-10-10 36320
2020-07-13_14-10-10 36350
2020-07-13_14-10-10 36500
2020-07-13_14-10-10 36490
2020-07-13_14-10-10 36370
2020-07-13_14-10-10 36370
2020-07-13_14-10-10 36470
2020-07-13_14-10-10 36440
2020-07-13_14-10-10 36360
2020-07-13_14-10-10 36410
2020-07-13_14-10-10 36490
2020-07-13_14-10-10 36430
2020-07-13_14-10-10 36360
2020-07-13_14-10-10 36430
2020-07-13_14-10-10 36480
2020-07-13_14-10-10 36400
2020-07-13_14-10-10 36360
2020-07-13_14-10-10 36420
2020-07-13_14-10-10 36450
2020-07-13_14-10-10 36390
2020-07-13_14-10-10 36380
2020-07-13_14-10-10 36450
2020-07-13_14-10-10 36450
2020-07-13_14-10-10 36380
2020-07-13_14-10-10 36390
2020-07-13_14-10-10 36450
2020-07-13_14-10-10 36420
2020-07-13_14-10-10 36380
2020-07-13_14-10-10 36410
2020-07-13_14-10-10 36460
2020-07-13_14-10-10 36410
2020-07-13_14-10-10 36370
2020-07-13_14-10-10 36420
2020-07-13_14-10-10 36440
2020-07-13_14-10-10 36400
2020-07-13_14-10-10 36380
2020-07-13_14-10-10 36430
2020-07-13_14-10-10 36440
2020-07-13_14-10-10 36390
2020-07-13_14-10-10 36390
2020-07-13_14-10-10 36440
2020-07-13_14-10-10 36430
2020-07-13_14-10-10 36390
2020-07-13_14-10-10 36410
2020-07-13_14-10-10 36440
2020-07-13_14-10-10 36420
2020-07-13_14-10-10 36390
2020-07-13_14-10-10 36410
2020-07-13_14-10-10 36440
2020-07-13_14-10-10 36410
2020-07-13_14-10-10 36400
2020-07-13_14-10-10 36430
2020-07-13_14-10-10 36430
2020-07-13_14-10-10 36400
2020-07-13_14-10-10 36390
2020-07-13_14-10-10 36430
2020-07-13_14-10-10 36430
2020-07-13_14-10-10 36400
2020-07-13_14-10-10 36400
2020-07-13_14-10-10 36430
2020-07-13_14-10-10 36420
2020-07-13_14-10-10 36390
2020-07-13_14-10-10 36400
2020-07-13_14-10-10 36420
2020-07-13_14-10-10 36400
2020-07-13_14-10-10 36390
2020-07-13_14-10-10 36420
2020-07-13_14-10-10 36430
2020-07-13_14-10-10 36410
2020-07-13_14-10-10 36400
2020-07-13_14-10-10 36420
2020-07-13_14-10-10 36420
2020-07-13_14-10-10 36400
2020-07-13_14-10-10 36400
2020-07-13_14-10-10 36420
2020-07-13_14-10-10 36420
2020-07-13_14-10-10 36400
2020-07-13_14-10-10 36410
2020-07-13_14-10-10 36420
2020-07-13_14-10-10 36410
2020-07-13_14-10-10 36400
2020-07-13_14-10-10 36410
2020-07-13_14-10-10 36420
2020-07-13_14-10-10 36410
2020-07-13_14-10-10 36400
2020-07-13_14-10-10 36420
2020-07-13_14-10-10 36420
2020-07-13_14-10-10 36410
2020-07-13_14-10-10 36410
2020-07-13_14-10-10 36420
2020-07-13_14-10-10 36420
2020-07-13_14-10-10 36400
2020-07-13_14-10-10 36410
2020-07-13_14-10-10 36430
2020-07-13_14-10-10 36420
2020-07-13_14-10-10 36410
2020-07-13_14-10-10 36410
2020-07-13_14-10-10 36410
2020-07-13_14-10-10 36410
2020-07-13_14-10-10 36400
2020-07-13_14-10-10 36420
2020-07-13_14-10-10 36420
2020-07-13_14-10-10 36410
2020-07-13_14-10-10 36410
2020-07-13_14-10-10 36420
2020-07-13_14-10-10 36420
2020-07-13_14-10-10 36410
2020-07-13_14-10-10 36410
2020-07-13_14-10-10 36410
2020-07-13_14-10-10 36410
2020-07-13_14-10-10 36400
2020-07-13_14-10-10 36410
2020-07-13_14-10-10 36410
2020-07-13_14-10-10 36400
2020-07-13_14-10-10 36400
2020-07-13_14-10-10 36410
2020-07-13_14-10-10 36420
2020-07-13_14-10-10 36410
2020-07-13_14-10-10 36410
2020-07-13_14-10-10 36410
2020-07-13_14-10-10 36410
2020-07-13_14-10-10 36400
2020-07-13_14-10-10 36410
2020-07-13_14-10-10 36420
2020-07-13_14-10-10 36410
2020-07-13_14-10-10 36400
2020-07-13_14-10-10 36400
2020-07-13_14-10-10 36400
2020-07-13_14-10-10 36400
2020-07-13_14-10-10 36400
2020-07-13_14-10-10 36400
2020-07-13_14-10-10 36400
2020-07-13_14-10-10 36400
2020-07-13_14-10-10 36400
2020-07-13_14-10-10 36400
2020-07-13_14-10-10 36400
2020-07-13_14-10-10 36400
2020-07-13_14-10-10 36400
2020-07-13_14-10-10 36400
2020-07-13_14-10-10 36400
2020-07-13_14-10-10 36410
2020-07-13_14-10-10 36410
2020-07-13_14-10-10 36410
2020-07-13_14-10-10 36410
2020-07-13_14-10-10 36410
2020-07-13_14-10-10 36420
2020-07-13_14-10-10 36420
2020-07-13_14-10-10 36410
2020-07-13_14-10-10 36410
2020-07-13_14-10-10 36420
2020-07-13_14-10-10 36410
2020-07-13_14-10-10 36410
2020-07-13_14-10-10 36410
2020-07-13_14-10-10 36410
2020-07-13_14-10-10 36410
2020-07-13_14-10-10 36410
2020-07-13_14-10-10 36420
2020-07-13_14-10-10 36420
2020-07-13_14-10-10 36420
2020-07-13_14-10-10 36410
2020-07-13_14-10-10 36420
2020-07-13_14-10-10 36410
2020-07-13_14-10-10 36410
2020-07-13_14-10-10 36410
2020-07-13_14-10-10 36420
2020-07-13_14-10-10 36420
2020-07-13_14-10-10 36410
2020-07-13_14-10-10 36420
2020-07-13_14-10-10 36420
2020-07-13_14-10-10 36420
2020-07-13_14-10-10 36410
2020-07-13_14-10-10 36410
2020-07-13_14-10-10 36410
2020-07-13_14-10-10 36410
2020-07-13_14-10-10 36410
2020-07-13_14-10-10 36410
2020-07-13_14-10-10 36410
2020-07-13_14-10-10 36410
2020-07-13_14-10-10 36410
2020-07-13_14-10-10 36410
2020-07-13_14-10-10 36410
2020-07-13_14-10-10 36410
2020-07-13_14-10-10 36410
2020-07-13_14-10-10 36410
2020-07-13_14-10-10 36410
2020-07-13_14-10-10 36410
2020-07-13_14-10-10 36410
2020-07-13_14-10-10 36410
2020-07-13_14-10-10 36410
2020-07-13_14-10-10 36410
2020-07-13_14-10-10 36410
2020-07-13_14-10-10 36410
2020-07-13_14-10-10 36410
2020-07-13_14-10-10 36410
2020-07-13_14-10-10 36410
2020-07-13_14-10-10 36410
2020-07-13_14-10-10 36410
2020-07-13_14-10-10 36420
2020-07-13_14-10-10 36420
2020-07-13_14-10-10 36420
2020-07-13_14-10-10 36410
2020-07-13_14-10-10 36410
2020-07-13_14-10-10 36410
2020-07-13_14-10-10 36410
2020-07-13_14-10-10 36400
2020-07-13_14-10-10 36400
2020-07-13_14-10-10 36410
2020-07-13_14-10-10 36410
2020-07-13_14-10-10 36410
2020-07-13_14-10-10 36410
2020-07-13_14-10-10 36410
2020-07-13_14-10-10 36410
2020-07-13_14-10-10 36410
2020-07-13_14-10-10 36410
2020-07-13_14-10-10 36410
2020-07-13_14-10-10 36410
2020-07-13_14-10-10 36420
2020-07-13_14-10-10 36410
2020-07-13_14-10-10 36410
2020-07-13_14-10-10 36410
2020-07-13_14-10-10 36410
2020-07-13_14-10-10 36410
2020-07-13_14-10-10 36410
2020-07-13_14-10-10 36410
2020-07-13_14-10-10 36410
2020-07-13_14-10-10 36410
2020-07-13_14-10-10 36410
2020-07-13_14-10-10 36410
2020-07-13_14-10-10 36410
2020-07-13_14-10-10 36420
2020-07-13_14-10-10 36420
2020-07-13_14-10-10 36410
2020-07-13_14-10-10 36410
2020-07-13_14-10-10 36410
2020-07-13_14-10-10 36410
2020-07-13_14-10-10 36410
2020-07-13_14-10-10 36410
2020-07-13_14-10-10 36410
2020-07-13_14-10-10 36410
2020-07-13_14-10-10 36410
2020-07-13_14-10-10 36410
2020-07-13_14-10-10 36410
2020-07-13_14-10-10 36410
2020-07-13_14-10-10 36410
2020-07-13_14-10-10 36410
2020-07-13_14-10-10 36410
2020-07-13_14-10-10 36410
2020-07-13_14-10-10 36410
2020-07-13_14-10-10 36410
2020-07-13_14-10-10 36410
2020-07-13_14-10-10 36410
2020-07-13_14-10-10 36410
2020-07-13_14-10-10 36410
2020-07-13_14-10-10 36410
2020-07-13_14-10-10 36410
2020-07-13_14-10-10 36410
2020-07-13_14-10-10 36410
2020-07-13_14-10-10 36410
2020-07-13_14-10-10 36410
2020-07-13_14-10-10 36410
2020-07-13_14-10-10 36410
2020-07-13_14-10-10 36410
2020-07-13_14-10-10 36410
2020-07-13_14-10-10 36410
2020-07-13_14-10-10 36410
2020-07-13_14-10-10 36410
2020-07-13_14-10-10 36410
2020-07-13_14-10-10 36410
2020-07-13_14-10-10 36410
2020-07-13_14-10-10 36410
2020-07-13_14-10-10 36410
2020-07-13_14-10-10 36410
2020-07-13_14-10-10 36410
2020-07-13_14-10-10 36410
2020-07-13_14-10-10 36410
2020-07-13_14-10-10 36410
2020-07-13_14-10-10 36410
2020-07-13_14-10-10 36410
2020-07-13_14-10-10 36410
2020-07-13_14-10-10 36410
2020-07-13_14-10-10 36410
2020-07-13_14-10-10 36410
2020-07-13_14-10-10 36410
2020-07-13_14-10-10 36410
2020-07-13_14-10-10 36410
2020-07-13_14-10-10 36410
2020-07-13_14-10-10 36410
2020-07-13_14-10-10 36410
2020-07-13_14-10-10 36410
2020-07-13_14-10-10 36410
2020-07-13_14-10-10 36410
2020-07-13_14-10-10 36410
2020-07-13_14-10-10 36410
2020-07-13_14-10-10 36410
2020-07-13_14-10-10 36410
2020-07-13_14-10-10 36420
2020-07-13_14-10-10 36420
2020-07-13_14-10-10 36420
2020-07-13_14-10-10 36410
2020-07-13_14-10-10 36410
2020-07-13_14-10-10 36410
2020-07-13_14-10-10 36410
2020-07-13_14-10-10 36410
2020-07-13_14-10-10 36410
2020-07-13_14-10-10 36410
2020-07-13_14-10-10 36410
2020-07-13_14-10-10 36410
2020-07-13_14-10-10 36410
2020-07-13_14-10-10 36410
2020-07-13_14-10-10 36410
2020-07-13_14-10-10 36410
2020-07-13_14-10-10 36410
2020-07-13_14-10-10 36410
2020-07-13_14-10-10 36410
2020-07-13_14-10-10 36410
2020-07-13_14-10-10 36410
2020-07-13_14-10-10 36410
2020-07-13_14-10-10 36410
2020-07-13_14-10-10 36410
2020-07-13_14-10-10 36410
2020-07-13_14-10-10 36410
2020-07-13_14-10-10 36410
2020-07-13_14-10-10 36410
2020-07-13_14-10-10 36410
2020-07-13_14-10-10 36410
2020-07-13_14-10-10 36410
2020-07-13_14-10-10 36410
2020-07-13_14-10-10 36410
2020-07-13_14-10-10 36410
2020-07-13_14-10-10 36410
2020-07-13_14-10-10 36410
2020-07-13_14-10-10 36410
2020-07-13_14-10-10 36410
2020-07-13_14-10-10 36410
2020-07-13_14-10-10 36410
2020-07-13_14-10-10 36410
2020-07-13_14-10-10 36410
2020-07-13_14-10-10 36410
2020-07-13_14-10-10 36410
2020-07-13_14-10-10 36410
2020-07-13_14-10-10 36410
2020-07-13_14-10-10 36410
2020-07-13_14-10-10 36410
2020-07-13_14-10-10 36410
2020-07-13_14-10-10 36410
2020-07-13_14-10-10 36410
2020-07-13_14-10-10 36410
2020-07-13_14-10-10 36420
2020-07-13_14-10-10 36420
2020-07-13_14-10-10 36420
2020-07-13_14-10-10 36410
2020-07-13_14-10-10 36410
2020-07-13_14-10-10 36410
2020-07-13_14-10-10 36410
2020-07-13_14-10-10 36410
2020-07-13_14-10-10 36410
2020-07-13_14-10-10 36410
2020-07-13_14-10-10 36410
2020-07-13_14-10-10 36410
2020-07-13_14-10-10 36410
2020-07-13_14-10-10 36410
2020-07-13_14-10-10 36410
2020-07-13_14-10-10 36410
2020-07-13_14-10-10 36410
2020-07-13_14-10-10 36410
2020-07-13_14-10-10 36410
2020-07-13_14-10-10 36410
2020-07-13_14-10-10 36410
2020-07-13_14-10-10 36400
2020-07-13_14-10-10 36400
2020-07-13_14-10-10 36400
2020-07-13_14-10-10 36400
2020-07-13_14-10-10 36410
2020-07-13_14-10-10 36410
2020-07-13_14-10-10 36410
2020-07-13_14-10-10 36410
2020-07-13_14-10-10 36410
2020-07-13_14-10-10 36410
2020-07-13_14-10-10 36410
2020-07-13_14-10-10 36410
2020-07-13_14-10-10 36410
2020-07-13_14-10-10 36410
2020-07-13_14-10-10 36410
2020-07-13_14-10-10 36410
2020-07-13_14-10-10 36420
2020-07-13_14-10-10 36420
2020-07-13_14-10-10 36420
2020-07-13_14-10-10 36420
2020-07-13_14-10-10 36420
2020-07-13_14-10-10 36420
2020-07-13_14-10-10 36410
2020-07-13_14-10-10 36420
2020-07-13_14-10-10 36420
2020-07-13_14-10-10 36420
2020-07-13_14-10-10 36420
2020-07-13_14-10-10 36420
2020-07-13_14-10-10 36420
2020-07-13_14-10-10 36420
2020-07-13_14-10-10 36410
2020-07-13_14-10-10 36410
2020-07-13_14-10-10 36420
2020-07-13_14-10-10 36420
2020-07-13_14-10-10 36420
2020-07-13_14-10-10 36430
2020-07-13_14-10-10 36420
2020-07-13_14-10-10 36410
2020-07-13_14-10-10 36420
2020-07-13_14-10-10 36440
2020-07-13_14-10-10 36460
2020-07-13_14-10-10 36470
2020-07-13_14-10-10 36470
2020-07-13_14-10-10 36460
2020-07-13_14-10-10 36460
2020-07-13_14-10-10 36510
2020-07-13_14-10-10 36520
2020-07-13_14-10-10 36480
2020-07-13_14-10-10 36490
2020-07-13_14-10-10 36550
2020-07-13_14-10-10 36540
2020-07-13_14-10-10 36470
2020-07-13_14-10-10 36490
2020-07-13_14-10-10 36540
2020-07-13_14-10-10 36490
2020-07-13_14-10-10 36440
2020-07-13_14-10-10 36510
2020-07-13_14-10-10 36580
2020-07-13_14-10-10 36490
2020-07-13_14-10-10 36430
2020-07-13_14-10-10 36510
2020-07-13_14-10-10 36570
2020-07-13_14-10-10 36490
2020-07-13_14-10-10 36410
2020-07-13_14-10-10 35640
2020-07-13_14-10-10 33060
2020-07-13_14-10-10 28990
2020-07-13_14-10-10 25560
2020-07-13_14-10-10 23880
2020-07-13_14-10-10 23220
2020-07-13_14-10-10 22690
2020-07-13_14-10-10 22640
2020-07-13_14-10-10 23070
2020-07-13_14-10-10 23130
2020-07-13_14-10-10 22720
2020-07-13_14-10-10 22550
2020-07-13_14-10-10 22780
2020-07-13_14-10-10 22780
2020-07-13_14-10-10 22430
2020-07-13_14-10-10 22250
2020-07-13_14-10-10 22450
2020-07-13_14-10-10 22610
2020-07-13_14-10-10 22480
2020-07-13_14-10-10 22370
2020-07-13_14-10-10 22390
2020-07-13_14-10-10 22400
2020-07-13_14-10-10 22370
2020-07-13_14-10-10 22330
2020-07-13_14-10-10 22320
2020-07-13_14-10-10 22410
2020-07-13_14-10-10 22560
2020-07-13_14-10-10 22590
2020-07-13_14-10-10 22350
2020-07-13_14-10-10 22160
2020-07-13_14-10-10 22240
2020-07-13_14-10-10 22350
2020-07-13_14-10-10 22150
2020-07-13_14-10-10 20820
2020-07-13_14-10-10 17680
2020-07-13_14-10-10 13910
2020-07-13_14-10-10 11280
2020-07-13_14-10-10 10900
2020-07-13_14-10-10 11260
2020-07-13_14-10-10 11290
2020-07-13_14-10-10 11220
2020-07-13_14-10-10 11390
2020-07-13_14-10-10 11200
2020-07-13_14-10-10 9040
2020-07-13_14-10-10 5300
2020-07-13_14-10-10 1870
