2020-07-13_14-11-13 4420
2020-07-13_14-11-13 4430
2020-07-13_14-11-13 4420
2020-07-13_14-11-13 4420
2020-07-13_14-11-13 4430
2020-07-13_14-11-13 4430
2020-07-13_14-11-13 4430
2020-07-13_14-11-13 4420
2020-07-13_14-11-13 4420
2020-07-13_14-11-13 4420
2020-07-13_14-11-13 4430
2020-07-13_14-11-13 4430
2020-07-13_14-11-13 4430
2020-07-13_14-11-13 4430
2020-07-13_14-11-13 4430
2020-07-13_14-11-13 4430
2020-07-13_14-11-13 4430
2020-07-13_14-11-13 4430
2020-07-13_14-11-13 4430
2020-07-13_14-11-13 4430
2020-07-13_14-11-13 4430
2020-07-13_14-11-13 4430
2020-07-13_14-11-13 4430
2020-07-13_14-11-13 4430
2020-07-13_14-11-13 4430
2020-07-13_14-11-13 4430
2020-07-13_14-11-13 4440
2020-07-13_14-11-13 4460
2020-07-13_14-11-13 4470
2020-07-13_14-11-13 4500
2020-07-13_14-11-13 4500
2020-07-13_14-11-13 4510
2020-07-13_14-11-13 4510
2020-07-13_14-11-13 4500
2020-07-13_14-11-13 4500
2020-07-13_14-11-13 4500
2020-07-13_14-11-13 4500
2020-07-13_14-11-13 4500
2020-07-13_14-11-13 4500
2020-07-13_14-11-13 4500
2020-07-13_14-11-13 4490
2020-07-13_14-11-13 4450
2020-07-13_14-11-13 4440
2020-07-13_14-11-13 4430
2020-07-13_14-11-13 4430
2020-07-13_14-11-13 4430
2020-07-13_14-11-13 4430
2020-07-13_14-11-13 4440
2020-07-13_14-11-13 4460
2020-07-13_14-11-13 4490
2020-07-13_14-11-13 4510
2020-07-13_14-11-13 4500
2020-07-13_14-11-13 4510
2020-07-13_14-11-13 4510
2020-07-13_14-11-13 4510
2020-07-13_14-11-13 4510
2020-07-13_14-11-13 4510
2020-07-13_14-11-13 4510
2020-07-13_14-11-13 4500
2020-07-13_14-11-13 4500
2020-07-13_14-11-13 4500
2020-07-13_14-11-13 4510
2020-07-13_14-11-13 4500
2020-07-13_14-11-13 4500
2020-07-13_14-11-13 4500
2020-07-13_14-11-13 4490
2020-07-13_14-11-13 4500
2020-07-13_14-11-13 4500
2020-07-13_14-11-13 4500
2020-07-13_14-11-13 4500
2020-07-13_14-11-13 4500
2020-07-13_14-11-13 4500
2020-07-13_14-11-13 4500
2020-07-13_14-11-13 4520
2020-07-13_14-11-13 4500
2020-07-13_14-11-13 4500
2020-07-13_14-11-13 4500
2020-07-13_14-11-13 4500
2020-07-13_14-11-13 4500
2020-07-13_14-11-13 4500
2020-07-13_14-11-13 4510
2020-07-13_14-11-13 4510
2020-07-13_14-11-13 4510
2020-07-13_14-11-13 4510
2020-07-13_14-11-13 4510
2020-07-13_14-11-13 4510
2020-07-13_14-11-13 4510
2020-07-13_14-11-13 4510
2020-07-13_14-11-13 4510
2020-07-13_14-11-13 4500
2020-07-13_14-11-13 4510
2020-07-13_14-11-13 4510
2020-07-13_14-11-13 4510
2020-07-13_14-11-13 4500
2020-07-13_14-11-13 4500
2020-07-13_14-11-13 4480
2020-07-13_14-11-13 4500
2020-07-13_14-11-13 4500
2020-07-13_14-11-13 4490
2020-07-13_14-11-13 4510
2020-07-13_14-11-13 4530
2020-07-13_14-11-13 4520
2020-07-13_14-11-13 3210
2020-07-13_14-11-13 2530
2020-07-13_14-11-13 2490
2020-07-13_14-11-13 2500
2020-07-13_14-11-13 2520
2020-07-13_14-11-13 2510
2020-07-13_14-11-13 960
