2020-07-13_14-11-34 5800
2020-07-13_14-11-34 11790
2020-07-13_14-11-34 12520
2020-07-13_14-11-34 12390
2020-07-13_14-11-34 12710
2020-07-13_14-11-34 13710
2020-07-13_14-11-34 20410
2020-07-13_14-11-34 20440
2020-07-13_14-11-34 20420
2020-07-13_14-11-34 20390
2020-07-13_14-11-34 20400
2020-07-13_14-11-34 20410
2020-07-13_14-11-34 20420
2020-07-13_14-11-34 20390
2020-07-13_14-11-34 20420
2020-07-13_14-11-34 20440
2020-07-13_14-11-34 20430
2020-07-13_14-11-34 20430
2020-07-13_14-11-34 20320
2020-07-13_14-11-34 20420
2020-07-13_14-11-34 20450
2020-07-13_14-11-34 20430
2020-07-13_14-11-34 20430
2020-07-13_14-11-34 20410
2020-07-13_14-11-34 20440
2020-07-13_14-11-34 20440
2020-07-13_14-11-34 20410
2020-07-13_14-11-34 20440
2020-07-13_14-11-34 20410
2020-07-13_14-11-34 20430
2020-07-13_14-11-34 20420
2020-07-13_14-11-34 20430
2020-07-13_14-11-34 20430
2020-07-13_14-11-34 20420
2020-07-13_14-11-34 20420
2020-07-13_14-11-34 20430
2020-07-13_14-11-34 20410
2020-07-13_14-11-34 20420
2020-07-13_14-11-34 20420
2020-07-13_14-11-34 20420
2020-07-13_14-11-34 20420
2020-07-13_14-11-34 20420
2020-07-13_14-11-34 20420
2020-07-13_14-11-34 20430
2020-07-13_14-11-34 20430
2020-07-13_14-11-34 20420
2020-07-13_14-11-34 20420
2020-07-13_14-11-34 20420
2020-07-13_14-11-34 20420
2020-07-13_14-11-34 20420
2020-07-13_14-11-34 20420
2020-07-13_14-11-34 20430
2020-07-13_14-11-34 20430
2020-07-13_14-11-34 20420
2020-07-13_14-11-34 20420
2020-07-13_14-11-34 20420
2020-07-13_14-11-34 20420
2020-07-13_14-11-34 20430
2020-07-13_14-11-34 20430
2020-07-13_14-11-34 20420
2020-07-13_14-11-34 20430
2020-07-13_14-11-34 20420
2020-07-13_14-11-34 20420
2020-07-13_14-11-34 20430
2020-07-13_14-11-34 20430
2020-07-13_14-11-34 20430
2020-07-13_14-11-34 20430
2020-07-13_14-11-34 20430
2020-07-13_14-11-34 20420
2020-07-13_14-11-34 20420
2020-07-13_14-11-34 20420
2020-07-13_14-11-34 20420
2020-07-13_14-11-34 20420
2020-07-13_14-11-34 20420
2020-07-13_14-11-34 20430
2020-07-13_14-11-34 20420
2020-07-13_14-11-34 20420
2020-07-13_14-11-34 20410
2020-07-13_14-11-34 20420
2020-07-13_14-11-34 20420
2020-07-13_14-11-34 20420
2020-07-13_14-11-34 20420
2020-07-13_14-11-34 20420
2020-07-13_14-11-34 20420
2020-07-13_14-11-34 20420
2020-07-13_14-11-34 20420
2020-07-13_14-11-34 20420
2020-07-13_14-11-34 20420
2020-07-13_14-11-34 20420
2020-07-13_14-11-34 20420
2020-07-13_14-11-34 20420
2020-07-13_14-11-34 20420
2020-07-13_14-11-34 20420
2020-07-13_14-11-34 20370
2020-07-13_14-11-34 20410
2020-07-13_14-11-34 20420
2020-07-13_14-11-34 20420
2020-07-13_14-11-34 20410
2020-07-13_14-11-34 20450
2020-07-13_14-11-34 20390
2020-07-13_14-11-34 20480
2020-07-13_14-11-34 20220
2020-07-13_14-11-34 20270
2020-07-13_14-11-34 20470
2020-07-13_14-11-34 20270
2020-07-13_14-11-34 20390
2020-07-13_14-11-34 20340
2020-07-13_14-11-34 20220
2020-07-13_14-11-34 20310
2020-07-13_14-11-34 20270
2020-07-13_14-11-34 20250
2020-07-13_14-11-34 20380
2020-07-13_14-11-34 20300
2020-07-13_14-11-34 20410
2020-07-13_14-11-34 20420
2020-07-13_14-11-34 20360
2020-07-13_14-11-34 20380
2020-07-13_14-11-34 20410
2020-07-13_14-11-34 20420
2020-07-13_14-11-34 20400
2020-07-13_14-11-34 20380
2020-07-13_14-11-34 20510
2020-07-13_14-11-34 21420
2020-07-13_14-11-34 23760
2020-07-13_14-11-34 26390
2020-07-13_14-11-34 28740
2020-07-13_14-11-34 28920
2020-07-13_14-11-34 28970
2020-07-13_14-11-34 28860
2020-07-13_14-11-34 28950
2020-07-13_14-11-34 28820
2020-07-13_14-11-34 28990
2020-07-13_14-11-34 28800
2020-07-13_14-11-34 28870
2020-07-13_14-11-34 28890
2020-07-13_14-11-34 28990
2020-07-13_14-11-34 27700
2020-07-13_14-11-34 24670
2020-07-13_14-11-34 23890
2020-07-13_14-11-34 23780
2020-07-13_14-11-34 32750
2020-07-13_14-11-34 32470
2020-07-13_14-11-34 32730
2020-07-13_14-11-34 32900
2020-07-13_14-11-34 32780
2020-07-13_14-11-34 32730
2020-07-13_14-11-34 31200
2020-07-13_14-11-34 24990
2020-07-13_14-11-34 24990
2020-07-13_14-11-34 25050
2020-07-13_14-11-34 17810
2020-07-13_14-11-34 17800
2020-07-13_14-11-34 17700
2020-07-13_14-11-34 17610
2020-07-13_14-11-34 17680
2020-07-13_14-11-34 17630
2020-07-13_14-11-34 17650
2020-07-13_14-11-34 17780
2020-07-13_14-11-34 17720
2020-07-13_14-11-34 17730
2020-07-13_14-11-34 17730
2020-07-13_14-11-34 17720
2020-07-13_14-11-34 17730
2020-07-13_14-11-34 17740
2020-07-13_14-11-34 17720
2020-07-13_14-11-34 17730
2020-07-13_14-11-34 17710
2020-07-13_14-11-34 17740
2020-07-13_14-11-34 17730
2020-07-13_14-11-34 17710
2020-07-13_14-11-34 17720
2020-07-13_14-11-34 17710
2020-07-13_14-11-34 17720
2020-07-13_14-11-34 17710
2020-07-13_14-11-34 17710
2020-07-13_14-11-34 17710
2020-07-13_14-11-34 17700
2020-07-13_14-11-34 17710
2020-07-13_14-11-34 17720
2020-07-13_14-11-34 17690
2020-07-13_14-11-34 17710
2020-07-13_14-11-34 17720
2020-07-13_14-11-34 17720
2020-07-13_14-11-34 17720
2020-07-13_14-11-34 17720
2020-07-13_14-11-34 17720
2020-07-13_14-11-34 17720
2020-07-13_14-11-34 17720
2020-07-13_14-11-34 17720
2020-07-13_14-11-34 17720
2020-07-13_14-11-34 17720
2020-07-13_14-11-34 17720
2020-07-13_14-11-34 17720
2020-07-13_14-11-34 17720
2020-07-13_14-11-34 17720
2020-07-13_14-11-34 17720
2020-07-13_14-11-34 17720
2020-07-13_14-11-34 17720
2020-07-13_14-11-34 17720
2020-07-13_14-11-34 17720
2020-07-13_14-11-34 17720
2020-07-13_14-11-34 17720
2020-07-13_14-11-34 17720
2020-07-13_14-11-34 20360
2020-07-13_14-11-34 20420
2020-07-13_14-11-34 20420
2020-07-13_14-11-34 20420
2020-07-13_14-11-34 20420
2020-07-13_14-11-34 20410
2020-07-13_14-11-34 20420
2020-07-13_14-11-34 20410
2020-07-13_14-11-34 20440
2020-07-13_14-11-34 20410
2020-07-13_14-11-34 20440
2020-07-13_14-11-34 20360
2020-07-13_14-11-34 20440
2020-07-13_14-11-34 20330
2020-07-13_14-11-34 20340
2020-07-13_14-11-34 20270
2020-07-13_14-11-34 20250
2020-07-13_14-11-34 20200
2020-07-13_14-11-34 20370
2020-07-13_14-11-34 20340
2020-07-13_14-11-34 20380
2020-07-13_14-11-34 20380
2020-07-13_14-11-34 20410
2020-07-13_14-11-34 28170
2020-07-13_14-11-34 28930
2020-07-13_14-11-34 28770
2020-07-13_14-11-34 28850
2020-07-13_14-11-34 28790
2020-07-13_14-11-34 28990
2020-07-13_14-11-34 28830
2020-07-13_14-11-34 28940
2020-07-13_14-11-34 29000
2020-07-13_14-11-34 28940
2020-07-13_14-11-34 28800
2020-07-13_14-11-34 26080
2020-07-13_14-11-34 23600
2020-07-13_14-11-34 25600
2020-07-13_14-11-34 28660
2020-07-13_14-11-34 31390
2020-07-13_14-11-34 32630
2020-07-13_14-11-34 32780
2020-07-13_14-11-34 32620
2020-07-13_14-11-34 32610
2020-07-13_14-11-34 32810
2020-07-13_14-11-34 32630
2020-07-13_14-11-34 32780
2020-07-13_14-11-34 32790
2020-07-13_14-11-34 32940
2020-07-13_14-11-34 32930
2020-07-13_14-11-34 32740
2020-07-13_14-11-34 32630
2020-07-13_14-11-34 28590
2020-07-13_14-11-34 26180
2020-07-13_14-11-34 24870
2020-07-13_14-11-34 25100
2020-07-13_14-11-34 25090
2020-07-13_14-11-34 25170
2020-07-13_14-11-34 25310
2020-07-13_14-11-34 24690
2020-07-13_14-11-34 22780
2020-07-13_14-11-34 20420
2020-07-13_14-11-34 18620
2020-07-13_14-11-34 17590
2020-07-13_14-11-34 17670
2020-07-13_14-11-34 17680
2020-07-13_14-11-34 17560
2020-07-13_14-11-34 17810
2020-07-13_14-11-34 17690
2020-07-13_14-11-34 17730
2020-07-13_14-11-34 17800
2020-07-13_14-11-34 17540
2020-07-13_14-11-34 17540
2020-07-13_14-11-34 17610
2020-07-13_14-11-34 17640
2020-07-13_14-11-34 17610
2020-07-13_14-11-34 17580
2020-07-13_14-11-34 17650
2020-07-13_14-11-34 17610
2020-07-13_14-11-34 17590
2020-07-13_14-11-34 17740
2020-07-13_14-11-34 17780
2020-07-13_14-11-34 17740
2020-07-13_14-11-34 17720
2020-07-13_14-11-34 17710
2020-07-13_14-11-34 17690
2020-07-13_14-11-34 17770
2020-07-13_14-11-34 17740
2020-07-13_14-11-34 17710
2020-07-13_14-11-34 17720
2020-07-13_14-11-34 17710
2020-07-13_14-11-34 17730
2020-07-13_14-11-34 17760
2020-07-13_14-11-34 17690
2020-07-13_14-11-34 17710
2020-07-13_14-11-34 17720
2020-07-13_14-11-34 17730
2020-07-13_14-11-34 17720
2020-07-13_14-11-34 17700
2020-07-13_14-11-34 17740
2020-07-13_14-11-34 17740
2020-07-13_14-11-34 17730
2020-07-13_14-11-34 17720
2020-07-13_14-11-34 17730
2020-07-13_14-11-34 17750
2020-07-13_14-11-34 17720
2020-07-13_14-11-34 17720
2020-07-13_14-11-34 17720
2020-07-13_14-11-34 17720
2020-07-13_14-11-34 17740
2020-07-13_14-11-34 17720
2020-07-13_14-11-34 17720
2020-07-13_14-11-34 17720
2020-07-13_14-11-34 17730
2020-07-13_14-11-34 17720
2020-07-13_14-11-34 17710
2020-07-13_14-11-34 17730
2020-07-13_14-11-34 17730
2020-07-13_14-11-34 17720
2020-07-13_14-11-34 17720
2020-07-13_14-11-34 17710
2020-07-13_14-11-34 17710
2020-07-13_14-11-34 17710
2020-07-13_14-11-34 17710
2020-07-13_14-11-34 17710
2020-07-13_14-11-34 17710
2020-07-13_14-11-34 17710
2020-07-13_14-11-34 17700
2020-07-13_14-11-34 17710
2020-07-13_14-11-34 17710
2020-07-13_14-11-34 17710
2020-07-13_14-11-34 17710
2020-07-13_14-11-34 17730
2020-07-13_14-11-34 17710
2020-07-13_14-11-34 17690
2020-07-13_14-11-34 17710
2020-07-13_14-11-34 17730
2020-07-13_14-11-34 17730
2020-07-13_14-11-34 17730
2020-07-13_14-11-34 17730
2020-07-13_14-11-34 17720
2020-07-13_14-11-34 17710
2020-07-13_14-11-34 17710
2020-07-13_14-11-34 17710
2020-07-13_14-11-34 17720
2020-07-13_14-11-34 17720
2020-07-13_14-11-34 17720
2020-07-13_14-11-34 17720
2020-07-13_14-11-34 17720
2020-07-13_14-11-34 17720
2020-07-13_14-11-34 17710
2020-07-13_14-11-34 17720
2020-07-13_14-11-34 17720
2020-07-13_14-11-34 17720
2020-07-13_14-11-34 17720
2020-07-13_14-11-34 17720
2020-07-13_14-11-34 17720
2020-07-13_14-11-34 17720
2020-07-13_14-11-34 17720
2020-07-13_14-11-34 17720
2020-07-13_14-11-34 17720
2020-07-13_14-11-34 17720
2020-07-13_14-11-34 17720
2020-07-13_14-11-34 17720
2020-07-13_14-11-34 17720
2020-07-13_14-11-34 17720
2020-07-13_14-11-34 17720
2020-07-13_14-11-34 17710
2020-07-13_14-11-34 17720
2020-07-13_14-11-34 17720
2020-07-13_14-11-34 17720
2020-07-13_14-11-34 17720
2020-07-13_14-11-34 17720
2020-07-13_14-11-34 17710
2020-07-13_14-11-34 17720
2020-07-13_14-11-34 17710
2020-07-13_14-11-34 17770
2020-07-13_14-11-34 17790
2020-07-13_14-11-34 17710
2020-07-13_14-11-34 17830
2020-07-13_14-11-34 17720
2020-07-13_14-11-34 17800
2020-07-13_14-11-34 17870
2020-07-13_14-11-34 17710
2020-07-13_14-11-34 17820
2020-07-13_14-11-34 17700
2020-07-13_14-11-34 17740
2020-07-13_14-11-34 17740
2020-07-13_14-11-34 17710
2020-07-13_14-11-34 15960
2020-07-13_14-11-34 10740
2020-07-13_14-11-34 9560
2020-07-13_14-11-34 9290
2020-07-13_14-11-34 9190
2020-07-13_14-11-34 9230
2020-07-13_14-11-34 9360
2020-07-13_14-11-34 9240
2020-07-13_14-11-34 9170
2020-07-13_14-11-34 9220
2020-07-13_14-11-34 9120
2020-07-13_14-11-34 9170
2020-07-13_14-11-34 9090
2020-07-13_14-11-34 8270
2020-07-13_14-11-34 3100
