2020-07-13_14-11-09 9610
2020-07-13_14-11-09 9600
2020-07-13_14-11-09 9600
2020-07-13_14-11-09 9600
2020-07-13_14-11-09 9610
2020-07-13_14-11-09 9650
2020-07-13_14-11-09 9650
2020-07-13_14-11-09 9640
2020-07-13_14-11-09 9670
2020-07-13_14-11-09 9700
2020-07-13_14-11-09 9680
2020-07-13_14-11-09 9670
2020-07-13_14-11-09 9660
2020-07-13_14-11-09 9660
2020-07-13_14-11-09 9680
2020-07-13_14-11-09 9670
2020-07-13_14-11-09 9650
2020-07-13_14-11-09 9650
2020-07-13_14-11-09 9660
2020-07-13_14-11-09 9670
2020-07-13_14-11-09 9660
2020-07-13_14-11-09 9690
2020-07-13_14-11-09 9670
2020-07-13_14-11-09 9680
2020-07-13_14-11-09 9670
2020-07-13_14-11-09 9670
2020-07-13_14-11-09 9670
2020-07-13_14-11-09 9670
2020-07-13_14-11-09 9670
2020-07-13_14-11-09 9670
2020-07-13_14-11-09 9670
2020-07-13_14-11-09 9670
2020-07-13_14-11-09 9660
2020-07-13_14-11-09 9660
2020-07-13_14-11-09 9680
2020-07-13_14-11-09 9680
2020-07-13_14-11-09 9670
2020-07-13_14-11-09 9670
2020-07-13_14-11-09 9680
2020-07-13_14-11-09 9670
2020-07-13_14-11-09 9670
2020-07-13_14-11-09 9670
2020-07-13_14-11-09 9670
2020-07-13_14-11-09 9670
2020-07-13_14-11-09 9670
2020-07-13_14-11-09 9670
2020-07-13_14-11-09 9670
2020-07-13_14-11-09 9670
2020-07-13_14-11-09 9680
2020-07-13_14-11-09 9680
2020-07-13_14-11-09 9670
2020-07-13_14-11-09 9670
2020-07-13_14-11-09 9680
2020-07-13_14-11-09 9670
2020-07-13_14-11-09 9660
2020-07-13_14-11-09 9670
2020-07-13_14-11-09 9670
2020-07-13_14-11-09 9670
2020-07-13_14-11-09 9660
2020-07-13_14-11-09 9670
2020-07-13_14-11-09 9670
2020-07-13_14-11-09 9670
2020-07-13_14-11-09 9660
2020-07-13_14-11-09 9660
2020-07-13_14-11-09 9670
2020-07-13_14-11-09 9670
2020-07-13_14-11-09 9670
2020-07-13_14-11-09 9670
2020-07-13_14-11-09 9670
2020-07-13_14-11-09 9670
2020-07-13_14-11-09 9670
2020-07-13_14-11-09 9670
2020-07-13_14-11-09 9670
2020-07-13_14-11-09 9670
2020-07-13_14-11-09 9670
2020-07-13_14-11-09 9670
2020-07-13_14-11-09 9670
2020-07-13_14-11-09 9670
2020-07-13_14-11-09 9670
2020-07-13_14-11-09 9670
2020-07-13_14-11-09 9660
2020-07-13_14-11-09 9670
2020-07-13_14-11-09 9650
2020-07-13_14-11-09 9690
2020-07-13_14-11-09 9620
2020-07-13_14-11-09 9660
2020-07-13_14-11-09 9620
2020-07-13_14-11-09 9640
2020-07-13_14-11-09 9630
2020-07-13_14-11-09 9640
2020-07-13_14-11-09 9610
2020-07-13_14-11-09 9640
2020-07-13_14-11-09 9620
2020-07-13_14-11-09 9600
2020-07-13_14-11-09 9610
2020-07-13_14-11-09 9730
2020-07-13_14-11-09 9650
2020-07-13_14-11-09 9660
2020-07-13_14-11-09 8980
2020-07-13_14-11-09 8170
2020-07-13_14-11-09 7360
2020-07-13_14-11-09 7210
2020-07-13_14-11-09 7230
2020-07-13_14-11-09 7120
2020-07-13_14-11-09 6480
2020-07-13_14-11-09 2580
