2020-07-13_14-11-27 1130
2020-07-13_14-11-27 2170
2020-07-13_14-11-27 2770
2020-07-13_14-11-27 2520
2020-07-13_14-11-27 2720
2020-07-13_14-11-27 2580
2020-07-13_14-11-27 2670
2020-07-13_14-11-27 3310
2020-07-13_14-11-27 8420
2020-07-13_14-11-27 9350
2020-07-13_14-11-27 9400
2020-07-13_14-11-27 9300
2020-07-13_14-11-27 9440
2020-07-13_14-11-27 9330
2020-07-13_14-11-27 9350
2020-07-13_14-11-27 9380
2020-07-13_14-11-27 9300
2020-07-13_14-11-27 9320
2020-07-13_14-11-27 9360
2020-07-13_14-11-27 9350
2020-07-13_14-11-27 9390
2020-07-13_14-11-27 9350
2020-07-13_14-11-27 9400
2020-07-13_14-11-27 9370
2020-07-13_14-11-27 9400
2020-07-13_14-11-27 9360
2020-07-13_14-11-27 9390
2020-07-13_14-11-27 9380
2020-07-13_14-11-27 9380
2020-07-13_14-11-27 9380
2020-07-13_14-11-27 9380
2020-07-13_14-11-27 9380
2020-07-13_14-11-27 9360
2020-07-13_14-11-27 9400
2020-07-13_14-11-27 9410
2020-07-13_14-11-27 9390
2020-07-13_14-11-27 9350
2020-07-13_14-11-27 9320
2020-07-13_14-11-27 9310
2020-07-13_14-11-27 9300
2020-07-13_14-11-27 9310
2020-07-13_14-11-27 9310
2020-07-13_14-11-27 9310
2020-07-13_14-11-27 9310
2020-07-13_14-11-27 9310
2020-07-13_14-11-27 9310
2020-07-13_14-11-27 9310
2020-07-13_14-11-27 9310
2020-07-13_14-11-27 9310
2020-07-13_14-11-27 9310
2020-07-13_14-11-27 9300
2020-07-13_14-11-27 9300
2020-07-13_14-11-27 9310
2020-07-13_14-11-27 9310
2020-07-13_14-11-27 9310
2020-07-13_14-11-27 9300
2020-07-13_14-11-27 9310
2020-07-13_14-11-27 9310
2020-07-13_14-11-27 9380
2020-07-13_14-11-27 9380
2020-07-13_14-11-27 9380
2020-07-13_14-11-27 9380
2020-07-13_14-11-27 9380
2020-07-13_14-11-27 9370
2020-07-13_14-11-27 9370
2020-07-13_14-11-27 9370
2020-07-13_14-11-27 9370
2020-07-13_14-11-27 9370
2020-07-13_14-11-27 9370
2020-07-13_14-11-27 9370
2020-07-13_14-11-27 9370
2020-07-13_14-11-27 9380
2020-07-13_14-11-27 9380
2020-07-13_14-11-27 9380
2020-07-13_14-11-27 9380
2020-07-13_14-11-27 9370
2020-07-13_14-11-27 9370
2020-07-13_14-11-27 9370
2020-07-13_14-11-27 9370
2020-07-13_14-11-27 9380
2020-07-13_14-11-27 9380
2020-07-13_14-11-27 9390
2020-07-13_14-11-27 9370
2020-07-13_14-11-27 9380
2020-07-13_14-11-27 9370
2020-07-13_14-11-27 9380
2020-07-13_14-11-27 9380
2020-07-13_14-11-27 9380
2020-07-13_14-11-27 9370
2020-07-13_14-11-27 9380
2020-07-13_14-11-27 9390
2020-07-13_14-11-27 9390
2020-07-13_14-11-27 9380
2020-07-13_14-11-27 9390
2020-07-13_14-11-27 9380
2020-07-13_14-11-27 9390
2020-07-13_14-11-27 9380
2020-07-13_14-11-27 9380
2020-07-13_14-11-27 9380
2020-07-13_14-11-27 9390
2020-07-13_14-11-27 9380
2020-07-13_14-11-27 9390
2020-07-13_14-11-27 9390
2020-07-13_14-11-27 9390
2020-07-13_14-11-27 9390
2020-07-13_14-11-27 9390
2020-07-13_14-11-27 9390
2020-07-13_14-11-27 9380
2020-07-13_14-11-27 9370
2020-07-13_14-11-27 9380
2020-07-13_14-11-27 9360
2020-07-13_14-11-27 9360
2020-07-13_14-11-27 9340
2020-07-13_14-11-27 9360
2020-07-13_14-11-27 9340
2020-07-13_14-11-27 9310
2020-07-13_14-11-27 9310
2020-07-13_14-11-27 9330
2020-07-13_14-11-27 9350
2020-07-13_14-11-27 9370
2020-07-13_14-11-27 9400
2020-07-13_14-11-27 9400
2020-07-13_14-11-27 9350
2020-07-13_14-11-27 9320
2020-07-13_14-11-27 9370
2020-07-13_14-11-27 9350
2020-07-13_14-11-27 9230
2020-07-13_14-11-27 8680
2020-07-13_14-11-27 7930
2020-07-13_14-11-27 7230
2020-07-13_14-11-27 6900
2020-07-13_14-11-27 6840
2020-07-13_14-11-27 6830
2020-07-13_14-11-27 6800
2020-07-13_14-11-27 6760
2020-07-13_14-11-27 6800
2020-07-13_14-11-27 6830
2020-07-13_14-11-27 6860
2020-07-13_14-11-27 6880
2020-07-13_14-11-27 6880
2020-07-13_14-11-27 6870
2020-07-13_14-11-27 6880
2020-07-13_14-11-27 6870
2020-07-13_14-11-27 6150
2020-07-13_14-11-27 4060
2020-07-13_14-11-27 1800
