2020-07-13_14-10-53 1580
2020-07-13_14-10-53 3120
2020-07-13_14-10-53 4400
2020-07-13_14-10-53 4770
2020-07-13_14-10-53 4660
2020-07-13_14-10-53 4490
2020-07-13_14-10-53 4550
2020-07-13_14-10-53 4690
2020-07-13_14-10-53 4700
2020-07-13_14-10-53 4650
2020-07-13_14-10-53 4680
2020-07-13_14-10-53 4770
2020-07-13_14-10-53 4820
2020-07-13_14-10-53 4790
2020-07-13_14-10-53 4930
2020-07-13_14-10-53 5810
2020-07-13_14-10-53 6990
2020-07-13_14-10-53 7810
2020-07-13_14-10-53 7960
2020-07-13_14-10-53 7790
2020-07-13_14-10-53 7770
2020-07-13_14-10-53 7720
2020-07-13_14-10-53 7680
2020-07-13_14-10-53 7820
2020-07-13_14-10-53 8570
2020-07-13_14-10-53 9680
2020-07-13_14-10-53 10620
2020-07-13_14-10-53 10900
2020-07-13_14-10-53 10910
2020-07-13_14-10-53 10890
2020-07-13_14-10-53 10940
2020-07-13_14-10-53 10840
2020-07-13_14-10-53 10860
2020-07-13_14-10-53 10840
2020-07-13_14-10-53 10870
2020-07-13_14-10-53 10850
2020-07-13_14-10-53 10830
2020-07-13_14-10-53 10850
2020-07-13_14-10-53 10830
2020-07-13_14-10-53 10840
2020-07-13_14-10-53 10830
2020-07-13_14-10-53 10840
2020-07-13_14-10-53 10880
2020-07-13_14-10-53 10870
2020-07-13_14-10-53 10860
2020-07-13_14-10-53 10820
2020-07-13_14-10-53 10900
2020-07-13_14-10-53 10950
2020-07-13_14-10-53 10940
2020-07-13_14-10-53 10850
2020-07-13_14-10-53 10850
2020-07-13_14-10-53 10910
2020-07-13_14-10-53 10950
2020-07-13_14-10-53 10900
2020-07-13_14-10-53 10870
2020-07-13_14-10-53 10880
2020-07-13_14-10-53 10920
2020-07-13_14-10-53 10920
2020-07-13_14-10-53 10900
2020-07-13_14-10-53 10900
2020-07-13_14-10-53 10890
2020-07-13_14-10-53 10900
2020-07-13_14-10-53 10900
2020-07-13_14-10-53 10900
2020-07-13_14-10-53 10900
2020-07-13_14-10-53 10900
2020-07-13_14-10-53 10900
2020-07-13_14-10-53 10910
2020-07-13_14-10-53 10900
2020-07-13_14-10-53 10900
2020-07-13_14-10-53 10900
2020-07-13_14-10-53 10910
2020-07-13_14-10-53 10910
2020-07-13_14-10-53 10910
2020-07-13_14-10-53 10900
2020-07-13_14-10-53 10900
2020-07-13_14-10-53 10910
2020-07-13_14-10-53 10910
2020-07-13_14-10-53 10900
2020-07-13_14-10-53 10900
2020-07-13_14-10-53 10900
2020-07-13_14-10-53 10900
2020-07-13_14-10-53 10910
2020-07-13_14-10-53 10910
2020-07-13_14-10-53 10910
2020-07-13_14-10-53 10910
2020-07-13_14-10-53 10910
2020-07-13_14-10-53 10910
2020-07-13_14-10-53 10910
2020-07-13_14-10-53 10910
2020-07-13_14-10-53 10910
2020-07-13_14-10-53 10910
2020-07-13_14-10-53 10900
2020-07-13_14-10-53 10900
2020-07-13_14-10-53 10900
2020-07-13_14-10-53 10900
2020-07-13_14-10-53 10910
2020-07-13_14-10-53 10910
2020-07-13_14-10-53 10900
2020-07-13_14-10-53 10900
2020-07-13_14-10-53 10900
2020-07-13_14-10-53 10900
2020-07-13_14-10-53 10900
2020-07-13_14-10-53 10900
2020-07-13_14-10-53 10900
2020-07-13_14-10-53 10900
2020-07-13_14-10-53 10900
2020-07-13_14-10-53 10900
2020-07-13_14-10-53 10900
2020-07-13_14-10-53 10910
2020-07-13_14-10-53 10900
2020-07-13_14-10-53 10900
2020-07-13_14-10-53 10900
2020-07-13_14-10-53 10900
2020-07-13_14-10-53 10900
2020-07-13_14-10-53 10900
2020-07-13_14-10-53 10900
2020-07-13_14-10-53 10910
2020-07-13_14-10-53 10910
2020-07-13_14-10-53 10900
2020-07-13_14-10-53 10900
2020-07-13_14-10-53 10910
2020-07-13_14-10-53 10910
2020-07-13_14-10-53 10910
2020-07-13_14-10-53 10910
2020-07-13_14-10-53 10900
2020-07-13_14-10-53 10900
2020-07-13_14-10-53 10900
2020-07-13_14-10-53 10900
2020-07-13_14-10-53 10900
2020-07-13_14-10-53 10900
2020-07-13_14-10-53 10900
2020-07-13_14-10-53 10900
2020-07-13_14-10-53 10900
2020-07-13_14-10-53 10900
2020-07-13_14-10-53 10900
2020-07-13_14-10-53 10910
2020-07-13_14-10-53 10910
2020-07-13_14-10-53 10910
2020-07-13_14-10-53 10910
2020-07-13_14-10-53 10910
2020-07-13_14-10-53 10910
2020-07-13_14-10-53 10910
2020-07-13_14-10-53 10910
2020-07-13_14-10-53 10910
2020-07-13_14-10-53 10910
2020-07-13_14-10-53 10920
2020-07-13_14-10-53 10910
2020-07-13_14-10-53 10890
2020-07-13_14-10-53 10890
2020-07-13_14-10-53 10890
2020-07-13_14-10-53 10900
2020-07-13_14-10-53 10890
2020-07-13_14-10-53 10880
2020-07-13_14-10-53 10890
2020-07-13_14-10-53 10870
2020-07-13_14-10-53 10880
2020-07-13_14-10-53 10870
2020-07-13_14-10-53 10900
2020-07-13_14-10-53 10900
2020-07-13_14-10-53 10880
2020-07-13_14-10-53 10880
2020-07-13_14-10-53 10870
2020-07-13_14-10-53 10940
2020-07-13_14-10-53 11340
2020-07-13_14-10-53 12210
2020-07-13_14-10-53 13140
2020-07-13_14-10-53 13510
2020-07-13_14-10-53 13650
2020-07-13_14-10-53 13520
2020-07-13_14-10-53 13630
2020-07-13_14-10-53 13510
2020-07-13_14-10-53 13540
2020-07-13_14-10-53 13620
2020-07-13_14-10-53 13580
2020-07-13_14-10-53 13520
2020-07-13_14-10-53 12530
2020-07-13_14-10-53 11020
2020-07-13_14-10-53 9550
2020-07-13_14-10-53 8990
2020-07-13_14-10-53 9390
2020-07-13_14-10-53 10130
2020-07-13_14-10-53 10950
2020-07-13_14-10-53 11280
2020-07-13_14-10-53 11410
2020-07-13_14-10-53 11290
2020-07-13_14-10-53 11390
2020-07-13_14-10-53 11320
2020-07-13_14-10-53 11390
2020-07-13_14-10-53 11340
2020-07-13_14-10-53 11360
2020-07-13_14-10-53 11280
2020-07-13_14-10-53 10560
2020-07-13_14-10-53 9430
2020-07-13_14-10-53 8210
2020-07-13_14-10-53 7910
2020-07-13_14-10-53 7870
2020-07-13_14-10-53 7910
2020-07-13_14-10-53 7110
2020-07-13_14-10-53 6220
2020-07-13_14-10-53 5340
2020-07-13_14-10-53 5110
2020-07-13_14-10-53 5090
2020-07-13_14-10-53 5100
2020-07-13_14-10-53 5110
2020-07-13_14-10-53 5090
2020-07-13_14-10-53 5090
2020-07-13_14-10-53 5090
2020-07-13_14-10-53 5100
2020-07-13_14-10-53 5080
2020-07-13_14-10-53 5080
2020-07-13_14-10-53 5070
2020-07-13_14-10-53 5070
2020-07-13_14-10-53 5040
2020-07-13_14-10-53 5070
2020-07-13_14-10-53 5080
2020-07-13_14-10-53 5110
2020-07-13_14-10-53 5100
2020-07-13_14-10-53 5100
2020-07-13_14-10-53 5100
2020-07-13_14-10-53 5100
2020-07-13_14-10-53 5110
2020-07-13_14-10-53 5090
2020-07-13_14-10-53 5100
2020-07-13_14-10-53 5090
2020-07-13_14-10-53 5100
2020-07-13_14-10-53 5090
2020-07-13_14-10-53 5100
2020-07-13_14-10-53 5090
2020-07-13_14-10-53 5100
2020-07-13_14-10-53 5090
2020-07-13_14-10-53 5100
2020-07-13_14-10-53 5090
2020-07-13_14-10-53 5100
2020-07-13_14-10-53 5090
2020-07-13_14-10-53 5100
2020-07-13_14-10-53 5090
2020-07-13_14-10-53 5110
2020-07-13_14-10-53 5100
2020-07-13_14-10-53 5110
2020-07-13_14-10-53 5100
2020-07-13_14-10-53 5100
2020-07-13_14-10-53 5100
2020-07-13_14-10-53 5100
2020-07-13_14-10-53 5090
2020-07-13_14-10-53 5090
2020-07-13_14-10-53 5090
2020-07-13_14-10-53 5100
2020-07-13_14-10-53 5100
2020-07-13_14-10-53 5100
2020-07-13_14-10-53 5100
2020-07-13_14-10-53 5100
2020-07-13_14-10-53 5100
2020-07-13_14-10-53 5090
2020-07-13_14-10-53 5090
2020-07-13_14-10-53 5090
2020-07-13_14-10-53 5090
2020-07-13_14-10-53 5090
2020-07-13_14-10-53 5090
2020-07-13_14-10-53 5090
2020-07-13_14-10-53 5090
2020-07-13_14-10-53 5090
2020-07-13_14-10-53 5090
2020-07-13_14-10-53 5100
2020-07-13_14-10-53 5100
2020-07-13_14-10-53 5100
2020-07-13_14-10-53 5100
2020-07-13_14-10-53 5100
2020-07-13_14-10-53 5100
2020-07-13_14-10-53 5100
2020-07-13_14-10-53 5100
2020-07-13_14-10-53 5100
2020-07-13_14-10-53 5100
2020-07-13_14-10-53 5100
2020-07-13_14-10-53 5110
2020-07-13_14-10-53 5110
2020-07-13_14-10-53 5110
2020-07-13_14-10-53 5100
2020-07-13_14-10-53 5100
2020-07-13_14-10-53 5090
2020-07-13_14-10-53 5090
2020-07-13_14-10-53 5090
2020-07-13_14-10-53 5090
2020-07-13_14-10-53 5090
2020-07-13_14-10-53 5100
2020-07-13_14-10-53 5100
2020-07-13_14-10-53 5100
2020-07-13_14-10-53 5090
2020-07-13_14-10-53 5080
2020-07-13_14-10-53 5080
2020-07-13_14-10-53 5100
2020-07-13_14-10-53 5090
2020-07-13_14-10-53 5100
2020-07-13_14-10-53 5090
2020-07-13_14-10-53 5090
2020-07-13_14-10-53 5090
2020-07-13_14-10-53 5080
2020-07-13_14-10-53 5100
2020-07-13_14-10-53 5100
2020-07-13_14-10-53 5100
2020-07-13_14-10-53 5110
2020-07-13_14-10-53 5070
2020-07-13_14-10-53 4610
2020-07-13_14-10-53 3720
2020-07-13_14-10-53 2880
2020-07-13_14-10-53 2470
2020-07-13_14-10-53 2460
2020-07-13_14-10-53 2460
2020-07-13_14-10-53 2440
2020-07-13_14-10-53 2470
2020-07-13_14-10-53 2440
2020-07-13_14-10-53 2460
2020-07-13_14-10-53 2430
2020-07-13_14-10-53 2450
2020-07-13_14-10-53 2420
2020-07-13_14-10-53 2000
2020-07-13_14-10-53 1200
