2020-07-13_14-10-59 770
2020-07-13_14-10-59 1350
2020-07-13_14-10-59 1640
2020-07-13_14-10-59 1560
2020-07-13_14-10-59 1520
2020-07-13_14-10-59 1560
2020-07-13_14-10-59 1570
2020-07-13_14-10-59 1560
2020-07-13_14-10-59 1580
2020-07-13_14-10-59 1590
2020-07-13_14-10-59 1570
2020-07-13_14-10-59 1570
2020-07-13_14-10-59 1580
2020-07-13_14-10-59 1570
2020-07-13_14-10-59 1550
2020-07-13_14-10-59 1740
2020-07-13_14-10-59 2540
2020-07-13_14-10-59 3330
2020-07-13_14-10-59 3850
2020-07-13_14-10-59 3880
2020-07-13_14-10-59 3860
2020-07-13_14-10-59 3890
2020-07-13_14-10-59 3880
2020-07-13_14-10-59 3870
2020-07-13_14-10-59 3900
2020-07-13_14-10-59 3880
2020-07-13_14-10-59 3880
2020-07-13_14-10-59 3890
2020-07-13_14-10-59 3840
2020-07-13_14-10-59 3880
2020-07-13_14-10-59 3900
2020-07-13_14-10-59 3890
2020-07-13_14-10-59 3850
2020-07-13_14-10-59 3850
2020-07-13_14-10-59 3880
2020-07-13_14-10-59 3860
2020-07-13_14-10-59 3850
2020-07-13_14-10-59 3860
2020-07-13_14-10-59 3860
2020-07-13_14-10-59 3870
2020-07-13_14-10-59 3870
2020-07-13_14-10-59 3890
2020-07-13_14-10-59 3880
2020-07-13_14-10-59 3880
2020-07-13_14-10-59 3880
2020-07-13_14-10-59 3870
2020-07-13_14-10-59 3870
2020-07-13_14-10-59 3880
2020-07-13_14-10-59 3880
2020-07-13_14-10-59 3880
2020-07-13_14-10-59 3880
2020-07-13_14-10-59 3880
2020-07-13_14-10-59 3890
2020-07-13_14-10-59 3880
2020-07-13_14-10-59 3880
2020-07-13_14-10-59 3880
2020-07-13_14-10-59 3880
2020-07-13_14-10-59 3880
2020-07-13_14-10-59 3890
2020-07-13_14-10-59 3890
2020-07-13_14-10-59 3880
2020-07-13_14-10-59 3880
2020-07-13_14-10-59 3880
2020-07-13_14-10-59 3890
2020-07-13_14-10-59 3890
2020-07-13_14-10-59 3890
2020-07-13_14-10-59 3890
2020-07-13_14-10-59 3880
2020-07-13_14-10-59 3880
2020-07-13_14-10-59 3880
2020-07-13_14-10-59 3880
2020-07-13_14-10-59 3880
2020-07-13_14-10-59 3890
2020-07-13_14-10-59 3890
2020-07-13_14-10-59 3890
2020-07-13_14-10-59 3890
2020-07-13_14-10-59 3890
2020-07-13_14-10-59 3890
2020-07-13_14-10-59 3890
2020-07-13_14-10-59 3890
2020-07-13_14-10-59 3890
2020-07-13_14-10-59 3890
2020-07-13_14-10-59 3890
2020-07-13_14-10-59 3890
2020-07-13_14-10-59 3890
2020-07-13_14-10-59 3890
2020-07-13_14-10-59 3890
2020-07-13_14-10-59 3890
2020-07-13_14-10-59 3880
2020-07-13_14-10-59 3880
2020-07-13_14-10-59 3880
2020-07-13_14-10-59 3890
2020-07-13_14-10-59 3890
2020-07-13_14-10-59 3880
2020-07-13_14-10-59 3880
2020-07-13_14-10-59 3880
2020-07-13_14-10-59 3880
2020-07-13_14-10-59 3880
2020-07-13_14-10-59 3880
2020-07-13_14-10-59 3880
2020-07-13_14-10-59 3880
2020-07-13_14-10-59 3880
2020-07-13_14-10-59 3890
2020-07-13_14-10-59 3890
2020-07-13_14-10-59 3890
2020-07-13_14-10-59 3890
2020-07-13_14-10-59 3890
2020-07-13_14-10-59 3890
2020-07-13_14-10-59 3890
2020-07-13_14-10-59 3890
2020-07-13_14-10-59 3890
2020-07-13_14-10-59 3890
2020-07-13_14-10-59 3880
2020-07-13_14-10-59 3880
2020-07-13_14-10-59 3880
2020-07-13_14-10-59 3880
2020-07-13_14-10-59 3880
2020-07-13_14-10-59 3880
2020-07-13_14-10-59 3880
2020-07-13_14-10-59 3880
2020-07-13_14-10-59 3870
2020-07-13_14-10-59 3870
2020-07-13_14-10-59 3880
2020-07-13_14-10-59 3880
2020-07-13_14-10-59 3870
2020-07-13_14-10-59 3860
2020-07-13_14-10-59 3860
2020-07-13_14-10-59 3870
2020-07-13_14-10-59 3900
2020-07-13_14-10-59 3920
2020-07-13_14-10-59 3910
2020-07-13_14-10-59 3890
2020-07-13_14-10-59 3880
2020-07-13_14-10-59 3860
2020-07-13_14-10-59 3860
2020-07-13_14-10-59 3860
2020-07-13_14-10-59 3850
2020-07-13_14-10-59 3840
2020-07-13_14-10-59 3820
2020-07-13_14-10-59 3810
2020-07-13_14-10-59 3800
2020-07-13_14-10-59 3800
2020-07-13_14-10-59 3800
2020-07-13_14-10-59 3800
2020-07-13_14-10-59 3800
2020-07-13_14-10-59 3790
2020-07-13_14-10-59 3790
2020-07-13_14-10-59 3800
2020-07-13_14-10-59 3800
2020-07-13_14-10-59 3800
2020-07-13_14-10-59 3800
2020-07-13_14-10-59 3800
2020-07-13_14-10-59 3800
2020-07-13_14-10-59 3800
2020-07-13_14-10-59 3790
2020-07-13_14-10-59 3790
2020-07-13_14-10-59 3790
2020-07-13_14-10-59 3790
2020-07-13_14-10-59 3790
2020-07-13_14-10-59 3800
2020-07-13_14-10-59 3800
2020-07-13_14-10-59 3790
2020-07-13_14-10-59 3790
2020-07-13_14-10-59 3790
2020-07-13_14-10-59 3790
2020-07-13_14-10-59 3790
2020-07-13_14-10-59 3800
2020-07-13_14-10-59 3800
2020-07-13_14-10-59 3790
2020-07-13_14-10-59 3790
2020-07-13_14-10-59 3790
2020-07-13_14-10-59 3790
2020-07-13_14-10-59 3790
2020-07-13_14-10-59 3790
2020-07-13_14-10-59 3790
2020-07-13_14-10-59 3800
2020-07-13_14-10-59 3800
2020-07-13_14-10-59 3800
2020-07-13_14-10-59 3790
2020-07-13_14-10-59 3790
2020-07-13_14-10-59 3790
2020-07-13_14-10-59 3780
2020-07-13_14-10-59 3780
2020-07-13_14-10-59 3790
2020-07-13_14-10-59 3800
2020-07-13_14-10-59 3800
2020-07-13_14-10-59 3800
2020-07-13_14-10-59 3790
2020-07-13_14-10-59 3790
2020-07-13_14-10-59 3800
2020-07-13_14-10-59 3800
2020-07-13_14-10-59 3790
2020-07-13_14-10-59 3790
2020-07-13_14-10-59 3790
2020-07-13_14-10-59 3790
2020-07-13_14-10-59 3790
2020-07-13_14-10-59 3790
2020-07-13_14-10-59 3790
2020-07-13_14-10-59 3790
2020-07-13_14-10-59 3790
2020-07-13_14-10-59 3800
2020-07-13_14-10-59 3800
2020-07-13_14-10-59 3800
2020-07-13_14-10-59 3800
2020-07-13_14-10-59 3810
2020-07-13_14-10-59 3820
2020-07-13_14-10-59 3830
2020-07-13_14-10-59 3840
2020-07-13_14-10-59 3830
2020-07-13_14-10-59 3830
2020-07-13_14-10-59 3840
2020-07-13_14-10-59 3830
2020-07-13_14-10-59 3830
2020-07-13_14-10-59 3820
2020-07-13_14-10-59 3820
2020-07-13_14-10-59 3820
2020-07-13_14-10-59 3830
2020-07-13_14-10-59 3850
2020-07-13_14-10-59 3870
2020-07-13_14-10-59 3880
2020-07-13_14-10-59 3880
2020-07-13_14-10-59 3880
2020-07-13_14-10-59 3890
2020-07-13_14-10-59 3890
2020-07-13_14-10-59 3890
2020-07-13_14-10-59 3890
2020-07-13_14-10-59 3890
2020-07-13_14-10-59 3900
2020-07-13_14-10-59 3900
2020-07-13_14-10-59 3890
2020-07-13_14-10-59 3890
2020-07-13_14-10-59 3880
2020-07-13_14-10-59 3870
2020-07-13_14-10-59 3880
2020-07-13_14-10-59 3910
2020-07-13_14-10-59 3910
2020-07-13_14-10-59 3900
2020-07-13_14-10-59 3900
2020-07-13_14-10-59 3900
2020-07-13_14-10-59 3890
2020-07-13_14-10-59 3860
2020-07-13_14-10-59 3860
2020-07-13_14-10-59 3870
2020-07-13_14-10-59 3880
2020-07-13_14-10-59 3890
2020-07-13_14-10-59 3880
2020-07-13_14-10-59 3880
2020-07-13_14-10-59 3870
2020-07-13_14-10-59 3870
2020-07-13_14-10-59 3870
2020-07-13_14-10-59 3880
2020-07-13_14-10-59 3880
2020-07-13_14-10-59 3880
2020-07-13_14-10-59 3880
2020-07-13_14-10-59 3880
2020-07-13_14-10-59 3880
2020-07-13_14-10-59 3880
2020-07-13_14-10-59 3890
2020-07-13_14-10-59 3890
2020-07-13_14-10-59 3890
2020-07-13_14-10-59 3890
2020-07-13_14-10-59 3890
2020-07-13_14-10-59 3890
2020-07-13_14-10-59 3890
2020-07-13_14-10-59 3880
2020-07-13_14-10-59 3880
2020-07-13_14-10-59 3880
2020-07-13_14-10-59 3880
2020-07-13_14-10-59 3880
2020-07-13_14-10-59 3880
2020-07-13_14-10-59 3880
2020-07-13_14-10-59 3880
2020-07-13_14-10-59 3880
2020-07-13_14-10-59 3880
2020-07-13_14-10-59 3880
2020-07-13_14-10-59 3880
2020-07-13_14-10-59 3880
2020-07-13_14-10-59 3880
2020-07-13_14-10-59 3880
2020-07-13_14-10-59 3880
2020-07-13_14-10-59 3880
2020-07-13_14-10-59 3880
2020-07-13_14-10-59 3880
2020-07-13_14-10-59 3880
2020-07-13_14-10-59 3880
2020-07-13_14-10-59 3880
2020-07-13_14-10-59 3880
2020-07-13_14-10-59 3880
2020-07-13_14-10-59 3880
2020-07-13_14-10-59 3880
2020-07-13_14-10-59 3880
2020-07-13_14-10-59 3880
2020-07-13_14-10-59 3880
2020-07-13_14-10-59 3880
2020-07-13_14-10-59 3880
2020-07-13_14-10-59 3880
2020-07-13_14-10-59 3880
2020-07-13_14-10-59 3880
2020-07-13_14-10-59 3880
2020-07-13_14-10-59 3880
2020-07-13_14-10-59 3880
2020-07-13_14-10-59 3880
2020-07-13_14-10-59 3880
2020-07-13_14-10-59 3880
2020-07-13_14-10-59 3880
2020-07-13_14-10-59 3880
2020-07-13_14-10-59 3880
2020-07-13_14-10-59 3880
2020-07-13_14-10-59 3880
2020-07-13_14-10-59 3880
2020-07-13_14-10-59 3880
2020-07-13_14-10-59 3880
2020-07-13_14-10-59 3880
2020-07-13_14-10-59 3880
2020-07-13_14-10-59 3880
2020-07-13_14-10-59 3880
2020-07-13_14-10-59 3880
2020-07-13_14-10-59 3880
2020-07-13_14-10-59 3880
2020-07-13_14-10-59 3880
2020-07-13_14-10-59 3880
2020-07-13_14-10-59 3880
2020-07-13_14-10-59 3880
2020-07-13_14-10-59 3880
2020-07-13_14-10-59 3880
2020-07-13_14-10-59 3880
2020-07-13_14-10-59 3880
2020-07-13_14-10-59 3880
2020-07-13_14-10-59 3880
2020-07-13_14-10-59 3880
2020-07-13_14-10-59 3880
2020-07-13_14-10-59 3880
2020-07-13_14-10-59 3880
2020-07-13_14-10-59 3880
2020-07-13_14-10-59 3880
2020-07-13_14-10-59 3880
2020-07-13_14-10-59 3880
2020-07-13_14-10-59 3880
2020-07-13_14-10-59 3880
2020-07-13_14-10-59 3880
2020-07-13_14-10-59 3880
2020-07-13_14-10-59 3880
2020-07-13_14-10-59 3880
2020-07-13_14-10-59 3880
2020-07-13_14-10-59 3880
2020-07-13_14-10-59 3880
2020-07-13_14-10-59 3880
2020-07-13_14-10-59 3880
2020-07-13_14-10-59 3880
2020-07-13_14-10-59 3880
2020-07-13_14-10-59 3880
2020-07-13_14-10-59 3860
2020-07-13_14-10-59 3890
2020-07-13_14-10-59 3890
2020-07-13_14-10-59 3830
2020-07-13_14-10-59 3430
2020-07-13_14-10-59 2930
2020-07-13_14-10-59 2480
2020-07-13_14-10-59 2330
2020-07-13_14-10-59 2320
2020-07-13_14-10-59 2300
2020-07-13_14-10-59 2290
2020-07-13_14-10-59 2300
2020-07-13_14-10-59 2310
2020-07-13_14-10-59 2330
2020-07-13_14-10-59 2300
2020-07-13_14-10-59 2320
2020-07-13_14-10-59 2300
2020-07-13_14-10-59 2300
2020-07-13_14-10-59 2310
2020-07-13_14-10-59 2300
2020-07-13_14-10-59 2320
2020-07-13_14-10-59 2300
2020-07-13_14-10-59 2300
2020-07-13_14-10-59 2300
2020-07-13_14-10-59 2300
2020-07-13_14-10-59 2240
2020-07-13_14-10-59 1840
2020-07-13_14-10-59 1110
