2020-07-13_14-11-30 4970
2020-07-13_14-11-30 4970
2020-07-13_14-11-30 4960
2020-07-13_14-11-30 4940
2020-07-13_14-11-30 4930
2020-07-13_14-11-30 4950
2020-07-13_14-11-30 4940
2020-07-13_14-11-30 4940
2020-07-13_14-11-30 4930
2020-07-13_14-11-30 4990
2020-07-13_14-11-30 5000
2020-07-13_14-11-30 4950
2020-07-13_14-11-30 4960
2020-07-13_14-11-30 4980
2020-07-13_14-11-30 4980
2020-07-13_14-11-30 4980
2020-07-13_14-11-30 4940
2020-07-13_14-11-30 4960
2020-07-13_14-11-30 4970
2020-07-13_14-11-30 4970
2020-07-13_14-11-30 4950
2020-07-13_14-11-30 4970
2020-07-13_14-11-30 4970
2020-07-13_14-11-30 4970
2020-07-13_14-11-30 4980
2020-07-13_14-11-30 4970
2020-07-13_14-11-30 4960
2020-07-13_14-11-30 4970
2020-07-13_14-11-30 4960
2020-07-13_14-11-30 4980
2020-07-13_14-11-30 4960
2020-07-13_14-11-30 4940
2020-07-13_14-11-30 4970
2020-07-13_14-11-30 4960
2020-07-13_14-11-30 4950
2020-07-13_14-11-30 4930
2020-07-13_14-11-30 4940
2020-07-13_14-11-30 4960
2020-07-13_14-11-30 4950
2020-07-13_14-11-30 4960
2020-07-13_14-11-30 4980
2020-07-13_14-11-30 4970
2020-07-13_14-11-30 4950
2020-07-13_14-11-30 4950
2020-07-13_14-11-30 4950
2020-07-13_14-11-30 4960
2020-07-13_14-11-30 4940
2020-07-13_14-11-30 4950
2020-07-13_14-11-30 4960
2020-07-13_14-11-30 4950
2020-07-13_14-11-30 4980
2020-07-13_14-11-30 4980
2020-07-13_14-11-30 4970
2020-07-13_14-11-30 5000
2020-07-13_14-11-30 5000
2020-07-13_14-11-30 4970
2020-07-13_14-11-30 4960
2020-07-13_14-11-30 4920
2020-07-13_14-11-30 3650
2020-07-13_14-11-30 2820
2020-07-13_14-11-30 2380
2020-07-13_14-11-30 2390
2020-07-13_14-11-30 2390
2020-07-13_14-11-30 2390
2020-07-13_14-11-30 2400
2020-07-13_14-11-30 2390
2020-07-13_14-11-30 2370
2020-07-13_14-11-30 2370
2020-07-13_14-11-30 2360
2020-07-13_14-11-30 2360
2020-07-13_14-11-30 2360
2020-07-13_14-11-30 2380
2020-07-13_14-11-30 2380
2020-07-13_14-11-30 2380
2020-07-13_14-11-30 2390
2020-07-13_14-11-30 2380
2020-07-13_14-11-30 2380
2020-07-13_14-11-30 2370
2020-07-13_14-11-30 2210
2020-07-13_14-11-30 1730
2020-07-13_14-11-30 990
