2020-07-13_14-11-12 1870
2020-07-13_14-11-12 1940
2020-07-13_14-11-12 2340
2020-07-13_14-11-12 5450
2020-07-13_14-11-12 6410
2020-07-13_14-11-12 6360
2020-07-13_14-11-12 6410
2020-07-13_14-11-12 6370
2020-07-13_14-11-12 6410
2020-07-13_14-11-12 6380
2020-07-13_14-11-12 6390
2020-07-13_14-11-12 6430
2020-07-13_14-11-12 6360
2020-07-13_14-11-12 6390
2020-07-13_14-11-12 6410
2020-07-13_14-11-12 6410
2020-07-13_14-11-12 6400
2020-07-13_14-11-12 6390
2020-07-13_14-11-12 6400
2020-07-13_14-11-12 6390
2020-07-13_14-11-12 6390
2020-07-13_14-11-12 6400
2020-07-13_14-11-12 6400
2020-07-13_14-11-12 6400
2020-07-13_14-11-12 6390
2020-07-13_14-11-12 6400
2020-07-13_14-11-12 6400
2020-07-13_14-11-12 6400
2020-07-13_14-11-12 6400
2020-07-13_14-11-12 6410
2020-07-13_14-11-12 6400
2020-07-13_14-11-12 6400
2020-07-13_14-11-12 6410
2020-07-13_14-11-12 6400
2020-07-13_14-11-12 6400
2020-07-13_14-11-12 6400
2020-07-13_14-11-12 6410
2020-07-13_14-11-12 6410
2020-07-13_14-11-12 6410
2020-07-13_14-11-12 6410
2020-07-13_14-11-12 6400
2020-07-13_14-11-12 6400
2020-07-13_14-11-12 6400
2020-07-13_14-11-12 6400
2020-07-13_14-11-12 6410
2020-07-13_14-11-12 6400
2020-07-13_14-11-12 6390
2020-07-13_14-11-12 6390
2020-07-13_14-11-12 6390
2020-07-13_14-11-12 6370
2020-07-13_14-11-12 6360
2020-07-13_14-11-12 6330
2020-07-13_14-11-12 6340
2020-07-13_14-11-12 6350
2020-07-13_14-11-12 6330
2020-07-13_14-11-12 6350
2020-07-13_14-11-12 6390
2020-07-13_14-11-12 6400
2020-07-13_14-11-12 6390
2020-07-13_14-11-12 6390
2020-07-13_14-11-12 6380
2020-07-13_14-11-12 6410
2020-07-13_14-11-12 6390
2020-07-13_14-11-12 6370
2020-07-13_14-11-12 6390
2020-07-13_14-11-12 6400
2020-07-13_14-11-12 6420
2020-07-13_14-11-12 5290
2020-07-13_14-11-12 4700
2020-07-13_14-11-12 4460
2020-07-13_14-11-12 4450
2020-07-13_14-11-12 4450
2020-07-13_14-11-12 4450
2020-07-13_14-11-12 4460
2020-07-13_14-11-12 4460
2020-07-13_14-11-12 4440
2020-07-13_14-11-12 4450
2020-07-13_14-11-12 4450
2020-07-13_14-11-12 4470
2020-07-13_14-11-12 4500
2020-07-13_14-11-12 4470
2020-07-13_14-11-12 3680
2020-07-13_14-11-12 2180
