2020-07-13_14-10-21 890
2020-07-13_14-10-21 1790
2020-07-13_14-10-21 2540
2020-07-13_14-10-21 2380
2020-07-13_14-10-21 2310
2020-07-13_14-10-21 2500
2020-07-13_14-10-21 2730
2020-07-13_14-10-21 2770
2020-07-13_14-10-21 2690
2020-07-13_14-10-21 2640
2020-07-13_14-10-21 2710
2020-07-13_14-10-21 2760
2020-07-13_14-10-21 3310
2020-07-13_14-10-21 5520
2020-07-13_14-10-21 8170
2020-07-13_14-10-21 9760
2020-07-13_14-10-21 9520
2020-07-13_14-10-21 9240
2020-07-13_14-10-21 9550
2020-07-13_14-10-21 9690
2020-07-13_14-10-21 9470
2020-07-13_14-10-21 9420
2020-07-13_14-10-21 9570
2020-07-13_14-10-21 9580
2020-07-13_14-10-21 9460
2020-07-13_14-10-21 9500
2020-07-13_14-10-21 9570
2020-07-13_14-10-21 9510
2020-07-13_14-10-21 9500
2020-07-13_14-10-21 9570
2020-07-13_14-10-21 9550
2020-07-13_14-10-21 9480
2020-07-13_14-10-21 9510
2020-07-13_14-10-21 9530
2020-07-13_14-10-21 9500
2020-07-13_14-10-21 9510
2020-07-13_14-10-21 9550
2020-07-13_14-10-21 9520
2020-07-13_14-10-21 9490
2020-07-13_14-10-21 9520
2020-07-13_14-10-21 9540
2020-07-13_14-10-21 9510
2020-07-13_14-10-21 9510
2020-07-13_14-10-21 9530
2020-07-13_14-10-21 9510
2020-07-13_14-10-21 9500
2020-07-13_14-10-21 9540
2020-07-13_14-10-21 9560
2020-07-13_14-10-21 9510
2020-07-13_14-10-21 9490
2020-07-13_14-10-21 9510
2020-07-13_14-10-21 9530
2020-07-13_14-10-21 9520
2020-07-13_14-10-21 9520
2020-07-13_14-10-21 9530
2020-07-13_14-10-21 9540
2020-07-13_14-10-21 9530
2020-07-13_14-10-21 9520
2020-07-13_14-10-21 9530
2020-07-13_14-10-21 9530
2020-07-13_14-10-21 9530
2020-07-13_14-10-21 9520
2020-07-13_14-10-21 9530
2020-07-13_14-10-21 9530
2020-07-13_14-10-21 9530
2020-07-13_14-10-21 9530
2020-07-13_14-10-21 9530
2020-07-13_14-10-21 9530
2020-07-13_14-10-21 9530
2020-07-13_14-10-21 9530
2020-07-13_14-10-21 9530
2020-07-13_14-10-21 9530
2020-07-13_14-10-21 9530
2020-07-13_14-10-21 9530
2020-07-13_14-10-21 9510
2020-07-13_14-10-21 9510
2020-07-13_14-10-21 9510
2020-07-13_14-10-21 9530
2020-07-13_14-10-21 9530
2020-07-13_14-10-21 9520
2020-07-13_14-10-21 9510
2020-07-13_14-10-21 9510
2020-07-13_14-10-21 9510
2020-07-13_14-10-21 9490
2020-07-13_14-10-21 9500
2020-07-13_14-10-21 9520
2020-07-13_14-10-21 9500
2020-07-13_14-10-21 9480
2020-07-13_14-10-21 9510
2020-07-13_14-10-21 9530
2020-07-13_14-10-21 9520
2020-07-13_14-10-21 9490
2020-07-13_14-10-21 9500
2020-07-13_14-10-21 9500
2020-07-13_14-10-21 9500
2020-07-13_14-10-21 9510
2020-07-13_14-10-21 9550
2020-07-13_14-10-21 9520
2020-07-13_14-10-21 9460
2020-07-13_14-10-21 9480
2020-07-13_14-10-21 9540
2020-07-13_14-10-21 9530
2020-07-13_14-10-21 9520
2020-07-13_14-10-21 9550
2020-07-13_14-10-21 9560
2020-07-13_14-10-21 9510
2020-07-13_14-10-21 9520
2020-07-13_14-10-21 9420
2020-07-13_14-10-21 8790
2020-07-13_14-10-21 8020
2020-07-13_14-10-21 7520
2020-07-13_14-10-21 7370
2020-07-13_14-10-21 7250
2020-07-13_14-10-21 7170
2020-07-13_14-10-21 7210
2020-07-13_14-10-21 7180
2020-07-13_14-10-21 7100
2020-07-13_14-10-21 7110
2020-07-13_14-10-21 7140
2020-07-13_14-10-21 7100
2020-07-13_14-10-21 7100
2020-07-13_14-10-21 7150
2020-07-13_14-10-21 7150
2020-07-13_14-10-21 7100
2020-07-13_14-10-21 6500
2020-07-13_14-10-21 4730
2020-07-13_14-10-21 2390
