2020-07-13_14-11-27 1120
2020-07-13_14-11-27 2330
2020-07-13_14-11-27 2190
2020-07-13_14-11-27 2220
2020-07-13_14-11-27 2270
2020-07-13_14-11-27 2280
2020-07-13_14-11-27 3340
2020-07-13_14-11-27 4440
2020-07-13_14-11-27 4520
2020-07-13_14-11-27 4550
2020-07-13_14-11-27 4520
2020-07-13_14-11-27 4570
2020-07-13_14-11-27 4550
2020-07-13_14-11-27 4510
2020-07-13_14-11-27 4550
2020-07-13_14-11-27 4580
2020-07-13_14-11-27 5130
2020-07-13_14-11-27 5900
2020-07-13_14-11-27 6110
2020-07-13_14-11-27 6080
2020-07-13_14-11-27 6070
2020-07-13_14-11-27 6050
2020-07-13_14-11-27 6080
2020-07-13_14-11-27 6060
2020-07-13_14-11-27 6050
2020-07-13_14-11-27 6090
2020-07-13_14-11-27 6050
2020-07-13_14-11-27 6080
2020-07-13_14-11-27 6380
2020-07-13_14-11-27 6790
2020-07-13_14-11-27 7230
2020-07-13_14-11-27 7270
2020-07-13_14-11-27 7290
2020-07-13_14-11-27 7250
2020-07-13_14-11-27 7270
2020-07-13_14-11-27 7270
2020-07-13_14-11-27 7270
2020-07-13_14-11-27 7270
2020-07-13_14-11-27 7270
2020-07-13_14-11-27 7260
2020-07-13_14-11-27 7280
2020-07-13_14-11-27 7240
2020-07-13_14-11-27 7290
2020-07-13_14-11-27 7260
2020-07-13_14-11-27 7270
2020-07-13_14-11-27 7270
2020-07-13_14-11-27 7280
2020-07-13_14-11-27 7280
2020-07-13_14-11-27 7280
2020-07-13_14-11-27 7270
2020-07-13_14-11-27 7270
2020-07-13_14-11-27 7280
2020-07-13_14-11-27 7270
2020-07-13_14-11-27 7280
2020-07-13_14-11-27 7270
2020-07-13_14-11-27 7270
2020-07-13_14-11-27 7280
2020-07-13_14-11-27 7270
2020-07-13_14-11-27 7260
2020-07-13_14-11-27 7250
2020-07-13_14-11-27 7280
2020-07-13_14-11-27 7290
2020-07-13_14-11-27 7290
2020-07-13_14-11-27 7250
2020-07-13_14-11-27 7270
2020-07-13_14-11-27 7280
2020-07-13_14-11-27 7240
2020-07-13_14-11-27 7190
2020-07-13_14-11-27 7150
2020-07-13_14-11-27 7160
2020-07-13_14-11-27 7160
2020-07-13_14-11-27 7160
2020-07-13_14-11-27 7160
2020-07-13_14-11-27 7160
2020-07-13_14-11-27 7160
2020-07-13_14-11-27 7160
2020-07-13_14-11-27 7160
2020-07-13_14-11-27 7170
2020-07-13_14-11-27 7160
2020-07-13_14-11-27 7160
2020-07-13_14-11-27 7160
2020-07-13_14-11-27 7160
2020-07-13_14-11-27 7160
2020-07-13_14-11-27 7160
2020-07-13_14-11-27 7160
2020-07-13_14-11-27 7160
2020-07-13_14-11-27 7160
2020-07-13_14-11-27 7160
2020-07-13_14-11-27 7150
2020-07-13_14-11-27 7150
2020-07-13_14-11-27 7160
2020-07-13_14-11-27 7160
2020-07-13_14-11-27 7160
2020-07-13_14-11-27 7160
2020-07-13_14-11-27 7160
2020-07-13_14-11-27 7160
2020-07-13_14-11-27 7160
2020-07-13_14-11-27 7160
2020-07-13_14-11-27 7160
2020-07-13_14-11-27 7160
2020-07-13_14-11-27 7160
2020-07-13_14-11-27 7160
2020-07-13_14-11-27 7160
2020-07-13_14-11-27 7160
2020-07-13_14-11-27 7160
2020-07-13_14-11-27 7160
2020-07-13_14-11-27 7160
2020-07-13_14-11-27 7190
2020-07-13_14-11-27 7240
2020-07-13_14-11-27 7280
2020-07-13_14-11-27 7270
2020-07-13_14-11-27 7280
2020-07-13_14-11-27 7280
2020-07-13_14-11-27 7270
2020-07-13_14-11-27 7270
2020-07-13_14-11-27 7270
2020-07-13_14-11-27 7270
2020-07-13_14-11-27 7270
2020-07-13_14-11-27 7260
2020-07-13_14-11-27 7250
2020-07-13_14-11-27 7310
2020-07-13_14-11-27 7270
2020-07-13_14-11-27 7250
2020-07-13_14-11-27 7240
2020-07-13_14-11-27 7270
2020-07-13_14-11-27 7270
2020-07-13_14-11-27 7260
2020-07-13_14-11-27 7270
2020-07-13_14-11-27 7290
2020-07-13_14-11-27 7300
2020-07-13_14-11-27 7270
2020-07-13_14-11-27 7270
2020-07-13_14-11-27 7280
2020-07-13_14-11-27 7280
2020-07-13_14-11-27 7280
2020-07-13_14-11-27 7280
2020-07-13_14-11-27 7280
2020-07-13_14-11-27 7270
2020-07-13_14-11-27 7270
2020-07-13_14-11-27 7270
2020-07-13_14-11-27 7270
2020-07-13_14-11-27 7270
2020-07-13_14-11-27 7250
2020-07-13_14-11-27 7280
2020-07-13_14-11-27 7280
2020-07-13_14-11-27 7260
2020-07-13_14-11-27 7240
2020-07-13_14-11-27 7260
2020-07-13_14-11-27 7250
2020-07-13_14-11-27 7260
2020-07-13_14-11-27 7260
2020-07-13_14-11-27 7280
2020-07-13_14-11-27 7290
2020-07-13_14-11-27 7280
2020-07-13_14-11-27 7210
2020-07-13_14-11-27 6770
2020-07-13_14-11-27 6070
2020-07-13_14-11-27 5380
2020-07-13_14-11-27 5090
2020-07-13_14-11-27 5210
2020-07-13_14-11-27 5200
2020-07-13_14-11-27 5030
2020-07-13_14-11-27 4860
2020-07-13_14-11-27 4920
2020-07-13_14-11-27 5080
2020-07-13_14-11-27 5100
2020-07-13_14-11-27 5150
2020-07-13_14-11-27 5140
2020-07-13_14-11-27 4960
2020-07-13_14-11-27 4360
2020-07-13_14-11-27 3570
