2020-07-13_14-11-32 1020
2020-07-13_14-11-32 1160
2020-07-13_14-11-32 1230
2020-07-13_14-11-32 1280
2020-07-13_14-11-32 1430
2020-07-13_14-11-32 1690
2020-07-13_14-11-32 1990
2020-07-13_14-11-32 2170
2020-07-13_14-11-32 2260
2020-07-13_14-11-32 2290
2020-07-13_14-11-32 2290
2020-07-13_14-11-32 2270
2020-07-13_14-11-32 2250
2020-07-13_14-11-32 2230
2020-07-13_14-11-32 2220
2020-07-13_14-11-32 2230
2020-07-13_14-11-32 2240
2020-07-13_14-11-32 2250
2020-07-13_14-11-32 2250
2020-07-13_14-11-32 2250
2020-07-13_14-11-32 2240
2020-07-13_14-11-32 2240
2020-07-13_14-11-32 2230
2020-07-13_14-11-32 2240
2020-07-13_14-11-32 2250
2020-07-13_14-11-32 2270
2020-07-13_14-11-32 2280
2020-07-13_14-11-32 2270
2020-07-13_14-11-32 2260
2020-07-13_14-11-32 2240
2020-07-13_14-11-32 2240
2020-07-13_14-11-32 2250
2020-07-13_14-11-32 2270
2020-07-13_14-11-32 2280
2020-07-13_14-11-32 2280
2020-07-13_14-11-32 2270
2020-07-13_14-11-32 2260
2020-07-13_14-11-32 2260
2020-07-13_14-11-32 2270
2020-07-13_14-11-32 2270
2020-07-13_14-11-32 2270
2020-07-13_14-11-32 2270
2020-07-13_14-11-32 2270
2020-07-13_14-11-32 2270
2020-07-13_14-11-32 2270
2020-07-13_14-11-32 2270
2020-07-13_14-11-32 2280
2020-07-13_14-11-32 2280
2020-07-13_14-11-32 2270
2020-07-13_14-11-33 2270
2020-07-13_14-11-33 2280
2020-07-13_14-11-33 2280
2020-07-13_14-11-33 2270
2020-07-13_14-11-33 2260
2020-07-13_14-11-33 2270
2020-07-13_14-11-33 2270
2020-07-13_14-11-33 2270
2020-07-13_14-11-33 2270
2020-07-13_14-11-33 2270
2020-07-13_14-11-33 2270
2020-07-13_14-11-33 2270
2020-07-13_14-11-33 2270
2020-07-13_14-11-33 2250
2020-07-13_14-11-33 2230
2020-07-13_14-11-33 2210
2020-07-13_14-11-33 2270
2020-07-13_14-11-33 2290
2020-07-13_14-11-33 2280
2020-07-13_14-11-33 2280
2020-07-13_14-11-33 2260
2020-07-13_14-11-33 2270
2020-07-13_14-11-33 2270
2020-07-13_14-11-33 2270
2020-07-13_14-11-33 2270
2020-07-13_14-11-33 2260
2020-07-13_14-11-33 2270
2020-07-13_14-11-33 2270
2020-07-13_14-11-33 2270
2020-07-13_14-11-33 2270
2020-07-13_14-11-33 2270
2020-07-13_14-11-33 2270
2020-07-13_14-11-33 2270
2020-07-13_14-11-33 2270
2020-07-13_14-11-33 1480
2020-07-13_14-11-33 1090
2020-07-13_14-11-33 1090
2020-07-13_14-11-33 1090
2020-07-13_14-11-33 1100
2020-07-13_14-11-33 1100
2020-07-13_14-11-33 1090
2020-07-13_14-11-33 1090
2020-07-13_14-11-33 1090
2020-07-13_14-11-33 1020
