2020-07-13_14-11-01 1270
2020-07-13_14-11-01 1800
2020-07-13_14-11-01 1680
2020-07-13_14-11-01 1640
2020-07-13_14-11-01 1680
2020-07-13_14-11-01 1660
2020-07-13_14-11-01 1620
2020-07-13_14-11-01 1670
2020-07-13_14-11-01 1760
2020-07-13_14-11-01 1760
2020-07-13_14-11-01 1700
2020-07-13_14-11-01 1690
2020-07-13_14-11-01 2240
2020-07-13_14-11-01 4240
2020-07-13_14-11-01 6790
2020-07-13_14-11-01 8490
2020-07-13_14-11-01 8340
2020-07-13_14-11-01 7740
2020-07-13_14-11-01 7810
2020-07-13_14-11-01 8190
2020-07-13_14-11-01 8200
2020-07-13_14-11-01 7910
2020-07-13_14-11-01 7860
2020-07-13_14-11-01 8090
2020-07-13_14-11-01 8150
2020-07-13_14-11-01 8010
2020-07-13_14-11-01 7970
2020-07-13_14-11-01 8060
2020-07-13_14-11-01 8090
2020-07-13_14-11-01 8030
2020-07-13_14-11-01 8010
2020-07-13_14-11-01 8050
2020-07-13_14-11-01 8040
2020-07-13_14-11-01 8020
2020-07-13_14-11-01 8030
2020-07-13_14-11-01 8050
2020-07-13_14-11-01 8050
2020-07-13_14-11-01 8040
2020-07-13_14-11-01 8030
2020-07-13_14-11-01 8040
2020-07-13_14-11-01 8060
2020-07-13_14-11-01 8060
2020-07-13_14-11-01 8050
2020-07-13_14-11-01 8050
2020-07-13_14-11-01 8050
2020-07-13_14-11-01 8030
2020-07-13_14-11-01 8030
2020-07-13_14-11-01 8070
2020-07-13_14-11-01 8070
2020-07-13_14-11-01 8040
2020-07-13_14-11-01 8040
2020-07-13_14-11-01 8060
2020-07-13_14-11-01 8050
2020-07-13_14-11-01 8030
2020-07-13_14-11-01 8040
2020-07-13_14-11-01 8050
2020-07-13_14-11-01 8040
2020-07-13_14-11-01 8040
2020-07-13_14-11-01 8060
2020-07-13_14-11-01 8060
2020-07-13_14-11-01 8040
2020-07-13_14-11-01 8050
2020-07-13_14-11-01 8060
2020-07-13_14-11-01 8050
2020-07-13_14-11-01 8040
2020-07-13_14-11-01 8050
2020-07-13_14-11-01 8050
2020-07-13_14-11-01 8040
2020-07-13_14-11-01 8050
2020-07-13_14-11-01 8050
2020-07-13_14-11-01 8040
2020-07-13_14-11-01 8050
2020-07-13_14-11-01 8050
2020-07-13_14-11-01 8050
2020-07-13_14-11-01 8050
2020-07-13_14-11-01 8050
2020-07-13_14-11-01 8050
2020-07-13_14-11-01 8040
2020-07-13_14-11-01 8050
2020-07-13_14-11-01 8050
2020-07-13_14-11-01 8040
2020-07-13_14-11-01 8040
2020-07-13_14-11-01 8050
2020-07-13_14-11-01 8050
2020-07-13_14-11-01 8050
2020-07-13_14-11-01 8050
2020-07-13_14-11-01 8050
2020-07-13_14-11-01 8040
2020-07-13_14-11-01 8040
2020-07-13_14-11-01 8040
2020-07-13_14-11-01 8040
2020-07-13_14-11-01 8040
2020-07-13_14-11-01 8050
2020-07-13_14-11-01 8050
2020-07-13_14-11-01 8050
2020-07-13_14-11-01 8050
2020-07-13_14-11-01 8050
2020-07-13_14-11-01 8050
2020-07-13_14-11-01 8050
2020-07-13_14-11-01 8040
2020-07-13_14-11-01 8040
2020-07-13_14-11-01 8050
2020-07-13_14-11-01 8050
2020-07-13_14-11-01 8050
2020-07-13_14-11-01 8050
2020-07-13_14-11-01 8050
2020-07-13_14-11-01 8050
2020-07-13_14-11-01 8050
2020-07-13_14-11-01 8050
2020-07-13_14-11-01 8050
2020-07-13_14-11-01 8050
2020-07-13_14-11-01 8050
2020-07-13_14-11-01 8050
2020-07-13_14-11-01 8050
2020-07-13_14-11-01 8040
2020-07-13_14-11-01 8040
2020-07-13_14-11-01 8050
2020-07-13_14-11-01 8050
2020-07-13_14-11-01 8050
2020-07-13_14-11-01 8050
2020-07-13_14-11-01 8050
2020-07-13_14-11-01 8050
2020-07-13_14-11-01 8050
2020-07-13_14-11-01 8050
2020-07-13_14-11-01 8050
2020-07-13_14-11-01 8050
2020-07-13_14-11-01 8050
2020-07-13_14-11-01 8050
2020-07-13_14-11-01 8050
2020-07-13_14-11-01 8050
2020-07-13_14-11-01 8050
2020-07-13_14-11-01 8050
2020-07-13_14-11-01 8050
2020-07-13_14-11-01 8050
2020-07-13_14-11-01 8050
2020-07-13_14-11-01 8050
2020-07-13_14-11-01 8050
2020-07-13_14-11-01 8050
2020-07-13_14-11-01 8050
2020-07-13_14-11-01 8050
2020-07-13_14-11-01 8050
2020-07-13_14-11-01 8030
2020-07-13_14-11-01 8000
2020-07-13_14-11-01 8010
2020-07-13_14-11-01 8050
2020-07-13_14-11-01 8060
2020-07-13_14-11-01 8050
2020-07-13_14-11-01 8030
2020-07-13_14-11-01 8040
2020-07-13_14-11-01 8050
2020-07-13_14-11-01 8030
2020-07-13_14-11-01 8020
2020-07-13_14-11-01 8020
2020-07-13_14-11-01 8020
2020-07-13_14-11-01 8020
2020-07-13_14-11-01 8020
2020-07-13_14-11-01 8030
2020-07-13_14-11-01 8040
2020-07-13_14-11-01 8040
2020-07-13_14-11-01 8040
2020-07-13_14-11-01 8030
2020-07-13_14-11-01 8010
2020-07-13_14-11-01 8000
2020-07-13_14-11-01 8030
2020-07-13_14-11-01 8060
2020-07-13_14-11-01 8070
2020-07-13_14-11-01 8070
2020-07-13_14-11-01 8060
2020-07-13_14-11-01 8030
2020-07-13_14-11-01 8010
2020-07-13_14-11-01 8040
2020-07-13_14-11-01 8060
2020-07-13_14-11-01 7900
2020-07-13_14-11-01 7420
2020-07-13_14-11-01 6890
2020-07-13_14-11-01 6510
2020-07-13_14-11-01 6400
2020-07-13_14-11-01 6330
2020-07-13_14-11-01 6300
2020-07-13_14-11-01 6330
2020-07-13_14-11-01 6380
2020-07-13_14-11-01 6370
2020-07-13_14-11-01 6350
2020-07-13_14-11-01 6350
2020-07-13_14-11-01 6340
2020-07-13_14-11-01 6320
2020-07-13_14-11-01 6320
2020-07-13_14-11-01 6340
2020-07-13_14-11-01 6310
2020-07-13_14-11-01 6250
2020-07-13_14-11-01 6020
2020-07-13_14-11-01 4790
2020-07-13_14-11-01 2780
2020-07-13_14-11-01 900
