2020-07-13_14-11-04 4580
2020-07-13_14-11-04 4930
2020-07-13_14-11-04 4640
2020-07-13_14-11-04 4550
2020-07-13_14-11-04 4720
2020-07-13_14-11-04 4770
2020-07-13_14-11-04 4580
2020-07-13_14-11-04 4590
2020-07-13_14-11-04 4630
2020-07-13_14-11-04 6700
2020-07-13_14-11-04 7420
2020-07-13_14-11-04 7520
2020-07-13_14-11-04 7720
2020-07-13_14-11-04 9350
2020-07-13_14-11-04 10270
2020-07-13_14-11-04 10720
2020-07-13_14-11-04 10760
2020-07-13_14-11-04 10830
2020-07-13_14-11-04 10780
2020-07-13_14-11-04 10830
2020-07-13_14-11-04 10840
2020-07-13_14-11-04 10820
2020-07-13_14-11-04 10800
2020-07-13_14-11-04 10830
2020-07-13_14-11-04 10810
2020-07-13_14-11-04 10840
2020-07-13_14-11-04 10780
2020-07-13_14-11-04 10830
2020-07-13_14-11-04 10850
2020-07-13_14-11-04 10800
2020-07-13_14-11-04 10810
2020-07-13_14-11-04 10840
2020-07-13_14-11-04 10800
2020-07-13_14-11-04 10840
2020-07-13_14-11-04 10830
2020-07-13_14-11-04 10790
2020-07-13_14-11-04 10810
2020-07-13_14-11-04 10830
2020-07-13_14-11-04 10810
2020-07-13_14-11-04 10810
2020-07-13_14-11-04 10810
2020-07-13_14-11-04 10830
2020-07-13_14-11-04 10820
2020-07-13_14-11-04 10820
2020-07-13_14-11-04 10830
2020-07-13_14-11-04 10810
2020-07-13_14-11-04 10820
2020-07-13_14-11-04 10820
2020-07-13_14-11-04 10820
2020-07-13_14-11-04 10820
2020-07-13_14-11-04 10820
2020-07-13_14-11-04 10820
2020-07-13_14-11-04 10820
2020-07-13_14-11-04 10820
2020-07-13_14-11-04 10820
2020-07-13_14-11-04 10820
2020-07-13_14-11-04 10820
2020-07-13_14-11-04 10820
2020-07-13_14-11-04 10810
2020-07-13_14-11-04 10800
2020-07-13_14-11-04 10790
2020-07-13_14-11-04 10790
2020-07-13_14-11-04 10790
