2020-07-13_14-11-04 1300
2020-07-13_14-11-04 3060
2020-07-13_14-11-04 4730
2020-07-13_14-11-04 4810
2020-07-13_14-11-04 4690
2020-07-13_14-11-04 4760
2020-07-13_14-11-04 4690
2020-07-13_14-11-04 4600
2020-07-13_14-11-04 4600
2020-07-13_14-11-04 4920
2020-07-13_14-11-04 5780
2020-07-13_14-11-04 7560
2020-07-13_14-11-04 7570
2020-07-13_14-11-04 7610
2020-07-13_14-11-04 8320
2020-07-13_14-11-04 10750
2020-07-13_14-11-04 10760
2020-07-13_14-11-04 10780
2020-07-13_14-11-04 10780
2020-07-13_14-11-04 10800
2020-07-13_14-11-04 10810
2020-07-13_14-11-04 10820
2020-07-13_14-11-04 10810
2020-07-13_14-11-04 10810
2020-07-13_14-11-04 10830
2020-07-13_14-11-04 10820
2020-07-13_14-11-04 10810
2020-07-13_14-11-04 10810
2020-07-13_14-11-04 10820
2020-07-13_14-11-04 10800
2020-07-13_14-11-04 10780
2020-07-13_14-11-04 10840
2020-07-13_14-11-04 10790
2020-07-13_14-11-04 10830
2020-07-13_14-11-04 10810
2020-07-13_14-11-04 10820
2020-07-13_14-11-04 10810
2020-07-13_14-11-04 10820
2020-07-13_14-11-04 10830
2020-07-13_14-11-04 10810
2020-07-13_14-11-04 10810
2020-07-13_14-11-04 10820
2020-07-13_14-11-04 10820
2020-07-13_14-11-04 10820
2020-07-13_14-11-04 10820
2020-07-13_14-11-04 10820
2020-07-13_14-11-04 10820
2020-07-13_14-11-04 10820
2020-07-13_14-11-04 10820
2020-07-13_14-11-04 10820
2020-07-13_14-11-04 10820
2020-07-13_14-11-04 10820
2020-07-13_14-11-04 10820
2020-07-13_14-11-04 10820
2020-07-13_14-11-04 10820
2020-07-13_14-11-04 10820
2020-07-13_14-11-04 10820
2020-07-13_14-11-04 10820
2020-07-13_14-11-04 10820
2020-07-13_14-11-04 10820
2020-07-13_14-11-04 10820
2020-07-13_14-11-04 10820
2020-07-13_14-11-04 10820
2020-07-13_14-11-04 10820
2020-07-13_14-11-04 10820
2020-07-13_14-11-04 10820
2020-07-13_14-11-04 10820
2020-07-13_14-11-04 10790
2020-07-13_14-11-04 10790
2020-07-13_14-11-04 10790
2020-07-13_14-11-04 10790
2020-07-13_14-11-04 10780
2020-07-13_14-11-04 10770
2020-07-13_14-11-04 10770
2020-07-13_14-11-04 10770
2020-07-13_14-11-04 10760
2020-07-13_14-11-04 10750
2020-07-13_14-11-04 10740
2020-07-13_14-11-04 10810
2020-07-13_14-11-04 10810
2020-07-13_14-11-04 12430
2020-07-13_14-11-04 13550
2020-07-13_14-11-04 13560
2020-07-13_14-11-04 13510
2020-07-13_14-11-04 13550
2020-07-13_14-11-04 13480
2020-07-13_14-11-04 13500
2020-07-13_14-11-04 9020
2020-07-13_14-11-04 9030
2020-07-13_14-11-04 10320
2020-07-13_14-11-04 11280
2020-07-13_14-11-04 11250
2020-07-13_14-11-04 11250
2020-07-13_14-11-04 11330
2020-07-13_14-11-04 11370
2020-07-13_14-11-04 11370
2020-07-13_14-11-04 11360
2020-07-13_14-11-04 11380
2020-07-13_14-11-04 11420
2020-07-13_14-11-04 10440
2020-07-13_14-11-04 8300
2020-07-13_14-11-04 8310
2020-07-13_14-11-04 8340
2020-07-13_14-11-04 8330
2020-07-13_14-11-04 8370
2020-07-13_14-11-04 7210
2020-07-13_14-11-04 5140
2020-07-13_14-11-04 5140
2020-07-13_14-11-04 5150
2020-07-13_14-11-04 5130
2020-07-13_14-11-04 5120
2020-07-13_14-11-04 5120
2020-07-13_14-11-04 5130
2020-07-13_14-11-04 5120
2020-07-13_14-11-04 5130
2020-07-13_14-11-04 5130
2020-07-13_14-11-04 5130
2020-07-13_14-11-04 5130
2020-07-13_14-11-04 5120
2020-07-13_14-11-04 5130
2020-07-13_14-11-04 5120
2020-07-13_14-11-04 5130
2020-07-13_14-11-04 5130
2020-07-13_14-11-04 5130
2020-07-13_14-11-04 5130
2020-07-13_14-11-04 5130
2020-07-13_14-11-04 5100
2020-07-13_14-11-04 5120
2020-07-13_14-11-04 5130
2020-07-13_14-11-04 5130
2020-07-13_14-11-04 5130
2020-07-13_14-11-04 5130
2020-07-13_14-11-04 5140
2020-07-13_14-11-04 5140
2020-07-13_14-11-04 5150
2020-07-13_14-11-04 5160
2020-07-13_14-11-04 5160
2020-07-13_14-11-04 5150
2020-07-13_14-11-04 5140
2020-07-13_14-11-04 4850
2020-07-13_14-11-04 3150
2020-07-13_14-11-04 2430
2020-07-13_14-11-04 2410
2020-07-13_14-11-04 2410
2020-07-13_14-11-04 2440
2020-07-13_14-11-04 2420
2020-07-13_14-11-04 2410
2020-07-13_14-11-04 2400
2020-07-13_14-11-04 2430
2020-07-13_14-11-04 1650
