2020-07-13_14-11-02 2600
2020-07-13_14-11-02 4750
2020-07-13_14-11-02 4420
2020-07-13_14-11-02 4590
2020-07-13_14-11-02 4510
2020-07-13_14-11-02 4590
2020-07-13_14-11-02 4440
2020-07-13_14-11-02 4470
2020-07-13_14-11-02 4450
2020-07-13_14-11-02 4510
2020-07-13_14-11-02 4520
2020-07-13_14-11-02 5190
2020-07-13_14-11-02 6990
2020-07-13_14-11-02 7590
2020-07-13_14-11-02 960
2020-07-13_14-11-02 4150
2020-07-13_14-11-02 4530
2020-07-13_14-11-02 4550
2020-07-13_14-11-02 4500
2020-07-13_14-11-02 4600
2020-07-13_14-11-02 4480
2020-07-13_14-11-02 4470
2020-07-13_14-11-02 4470
2020-07-13_14-11-02 4520
2020-07-13_14-11-02 4620
2020-07-13_14-11-02 6110
2020-07-13_14-11-02 7460
2020-07-13_14-11-02 7550
2020-07-13_14-11-02 7640
2020-07-13_14-11-02 7680
2020-07-13_14-11-02 7890
2020-07-13_14-11-02 9450
2020-07-13_14-11-02 10650
2020-07-13_14-11-02 10730
2020-07-13_14-11-02 10750
2020-07-13_14-11-02 10720
2020-07-13_14-11-02 10750
2020-07-13_14-11-02 10760
2020-07-13_14-11-02 10750
2020-07-13_14-11-02 10740
2020-07-13_14-11-02 10750
2020-07-13_14-11-02 10740
2020-07-13_14-11-02 10720
2020-07-13_14-11-02 10750
2020-07-13_14-11-02 10730
2020-07-13_14-11-02 10730
2020-07-13_14-11-02 10720
2020-07-13_14-11-02 10740
2020-07-13_14-11-02 10750
2020-07-13_14-11-02 10740
2020-07-13_14-11-02 10730
2020-07-13_14-11-02 10750
2020-07-13_14-11-02 10740
2020-07-13_14-11-02 10740
2020-07-13_14-11-02 10740
2020-07-13_14-11-02 10740
2020-07-13_14-11-02 10740
2020-07-13_14-11-02 10740
2020-07-13_14-11-02 10740
2020-07-13_14-11-02 10740
2020-07-13_14-11-02 10740
2020-07-13_14-11-02 10740
2020-07-13_14-11-02 10740
2020-07-13_14-11-02 10740
2020-07-13_14-11-02 10740
2020-07-13_14-11-02 10740
2020-07-13_14-11-02 10740
2020-07-13_14-11-02 10740
2020-07-13_14-11-02 10720
2020-07-13_14-11-02 10710
2020-07-13_14-11-02 10690
2020-07-13_14-11-02 10680
2020-07-13_14-11-02 10640
2020-07-13_14-11-02 10640
2020-07-13_14-11-02 10630
2020-07-13_14-11-02 10610
2020-07-13_14-11-02 10650
2020-07-13_14-11-02 10680
2020-07-13_14-11-02 10740
2020-07-13_14-11-02 10760
2020-07-13_14-11-02 10740
2020-07-13_14-11-02 11870
2020-07-13_14-11-02 13420
2020-07-13_14-11-02 13460
2020-07-13_14-11-02 13450
2020-07-13_14-11-02 13400
2020-07-13_14-11-02 13420
2020-07-13_14-11-02 13330
2020-07-13_14-11-02 10960
2020-07-13_14-11-02 9070
2020-07-13_14-11-02 10400
2020-07-13_14-11-02 11380
2020-07-13_14-11-02 11470
2020-07-13_14-11-02 11390
2020-07-13_14-11-02 11390
2020-07-13_14-11-02 11290
2020-07-13_14-11-02 9700
2020-07-13_14-11-02 8020
2020-07-13_14-11-02 8220
2020-07-13_14-11-02 8100
2020-07-13_14-11-02 6320
2020-07-13_14-11-02 5200
2020-07-13_14-11-02 5170
2020-07-13_14-11-02 5180
2020-07-13_14-11-02 5180
2020-07-13_14-11-02 5170
2020-07-13_14-11-02 5160
2020-07-13_14-11-02 5160
2020-07-13_14-11-02 5150
2020-07-13_14-11-02 5170
2020-07-13_14-11-02 5170
2020-07-13_14-11-02 5170
2020-07-13_14-11-02 5160
2020-07-13_14-11-02 5150
2020-07-13_14-11-02 5150
2020-07-13_14-11-02 5160
2020-07-13_14-11-02 5160
2020-07-13_14-11-02 5170
2020-07-13_14-11-02 5170
2020-07-13_14-11-02 5170
2020-07-13_14-11-02 5170
2020-07-13_14-11-02 5160
2020-07-13_14-11-02 5160
2020-07-13_14-11-02 5160
2020-07-13_14-11-02 5170
2020-07-13_14-11-02 5170
2020-07-13_14-11-02 5170
2020-07-13_14-11-02 5170
2020-07-13_14-11-02 5170
2020-07-13_14-11-02 5170
2020-07-13_14-11-02 5160
2020-07-13_14-11-02 5160
2020-07-13_14-11-02 5170
2020-07-13_14-11-02 5170
2020-07-13_14-11-02 5160
2020-07-13_14-11-02 5160
2020-07-13_14-11-02 5160
2020-07-13_14-11-02 5160
2020-07-13_14-11-02 5170
2020-07-13_14-11-02 5170
2020-07-13_14-11-02 5170
2020-07-13_14-11-02 5170
2020-07-13_14-11-02 5170
2020-07-13_14-11-02 5300
2020-07-13_14-11-02 5230
2020-07-13_14-11-02 5160
2020-07-13_14-11-02 5160
2020-07-13_14-11-02 5170
2020-07-13_14-11-02 5180
2020-07-13_14-11-02 5180
2020-07-13_14-11-02 5180
2020-07-13_14-11-02 5180
2020-07-13_14-11-02 5170
2020-07-13_14-11-02 5170
2020-07-13_14-11-02 5190
2020-07-13_14-11-02 7590
2020-07-13_14-11-02 8540
2020-07-13_14-11-02 10320
2020-07-13_14-11-02 10740
2020-07-13_14-11-02 10680
2020-07-13_14-11-02 10710
2020-07-13_14-11-02 10720
2020-07-13_14-11-02 10740
2020-07-13_14-11-02 10720
2020-07-13_14-11-02 10730
2020-07-13_14-11-02 10730
2020-07-13_14-11-02 10750
2020-07-13_14-11-02 10730
2020-07-13_14-11-02 10740
2020-07-13_14-11-02 10760
2020-07-13_14-11-02 10730
2020-07-13_14-11-02 10730
2020-07-13_14-11-02 10730
2020-07-13_14-11-02 10750
2020-07-13_14-11-02 10750
2020-07-13_14-11-02 10740
2020-07-13_14-11-02 10750
2020-07-13_14-11-02 10750
2020-07-13_14-11-02 10740
2020-07-13_14-11-02 10740
2020-07-13_14-11-02 10740
2020-07-13_14-11-02 10740
2020-07-13_14-11-02 10740
2020-07-13_14-11-02 10740
2020-07-13_14-11-02 10740
2020-07-13_14-11-02 10740
2020-07-13_14-11-02 10740
2020-07-13_14-11-02 10740
2020-07-13_14-11-02 10740
2020-07-13_14-11-02 10740
2020-07-13_14-11-02 10730
2020-07-13_14-11-02 10710
2020-07-13_14-11-02 10690
2020-07-13_14-11-02 10690
2020-07-13_14-11-02 10660
2020-07-13_14-11-02 10640
2020-07-13_14-11-02 10610
2020-07-13_14-11-02 10620
2020-07-13_14-11-02 10630
2020-07-13_14-11-02 10670
2020-07-13_14-11-02 10690
2020-07-13_14-11-02 10740
2020-07-13_14-11-02 10740
2020-07-13_14-11-02 10990
2020-07-13_14-11-02 12750
2020-07-13_14-11-02 13410
2020-07-13_14-11-02 13460
2020-07-13_14-11-02 13470
2020-07-13_14-11-02 13460
2020-07-13_14-11-02 13460
2020-07-13_14-11-02 12340
2020-07-13_14-11-02 9530
2020-07-13_14-11-02 9490
2020-07-13_14-11-02 11010
2020-07-13_14-11-02 11310
2020-07-13_14-11-02 11400
2020-07-13_14-11-02 11410
2020-07-13_14-11-02 11400
2020-07-13_14-11-02 11330
2020-07-13_14-11-02 10780
2020-07-13_14-11-02 8530
2020-07-13_14-11-02 8080
2020-07-13_14-11-02 8170
2020-07-13_14-11-02 8260
2020-07-13_14-11-02 7300
2020-07-13_14-11-02 5480
2020-07-13_14-11-02 5180
2020-07-13_14-11-02 5170
2020-07-13_14-11-02 5160
2020-07-13_14-11-02 5160
2020-07-13_14-11-02 5160
2020-07-13_14-11-02 5170
2020-07-13_14-11-02 5160
2020-07-13_14-11-02 5160
2020-07-13_14-11-02 5160
2020-07-13_14-11-02 5160
2020-07-13_14-11-02 5160
2020-07-13_14-11-02 5160
2020-07-13_14-11-02 5160
2020-07-13_14-11-02 5160
2020-07-13_14-11-02 5170
2020-07-13_14-11-02 5160
2020-07-13_14-11-02 5160
2020-07-13_14-11-02 5170
2020-07-13_14-11-02 5170
2020-07-13_14-11-02 5170
2020-07-13_14-11-02 5170
2020-07-13_14-11-02 5170
2020-07-13_14-11-02 5160
2020-07-13_14-11-02 5160
2020-07-13_14-11-02 5160
2020-07-13_14-11-02 5160
2020-07-13_14-11-02 5160
2020-07-13_14-11-02 5170
2020-07-13_14-11-02 5160
2020-07-13_14-11-02 5160
2020-07-13_14-11-02 5160
2020-07-13_14-11-02 5160
2020-07-13_14-11-02 5170
2020-07-13_14-11-02 5170
2020-07-13_14-11-02 5170
2020-07-13_14-11-02 5170
2020-07-13_14-11-03 5170
2020-07-13_14-11-03 5160
2020-07-13_14-11-03 5230
2020-07-13_14-11-03 5290
2020-07-13_14-11-03 5160
2020-07-13_14-11-03 5160
2020-07-13_14-11-03 5160
2020-07-13_14-11-03 5170
2020-07-13_14-11-03 5180
2020-07-13_14-11-03 5180
2020-07-13_14-11-03 5180
2020-07-13_14-11-03 5180
2020-07-13_14-11-03 5180
2020-07-13_14-11-03 5170
2020-07-13_14-11-03 5170
2020-07-13_14-11-03 5170
2020-07-13_14-11-03 5170
2020-07-13_14-11-03 5190
2020-07-13_14-11-03 5170
2020-07-13_14-11-03 5110
2020-07-13_14-11-03 2630
2020-07-13_14-11-03 2460
2020-07-13_14-11-03 2480
2020-07-13_14-11-03 2460
2020-07-13_14-11-03 2460
2020-07-13_14-11-03 2460
2020-07-13_14-11-03 2460
2020-07-13_14-11-03 2470
2020-07-13_14-11-03 2460
2020-07-13_14-11-03 2430
2020-07-13_14-11-03 2410
2020-07-13_14-11-03 1420
