2020-07-13_14-10-19 1610
2020-07-13_14-10-19 2460
2020-07-13_14-10-19 2690
2020-07-13_14-10-19 2500
2020-07-13_14-10-19 2380
2020-07-13_14-10-19 2490
2020-07-13_14-10-19 2560
2020-07-13_14-10-19 2510
2020-07-13_14-10-19 2470
2020-07-13_14-10-19 2530
2020-07-13_14-10-19 2590
2020-07-13_14-10-19 2570
2020-07-13_14-10-19 2560
2020-07-13_14-10-19 2760
2020-07-13_14-10-19 4460
2020-07-13_14-10-19 7540
2020-07-13_14-10-19 10290
2020-07-13_14-10-19 10980
2020-07-13_14-10-19 10290
2020-07-13_14-10-19 10170
2020-07-13_14-10-19 10570
2020-07-13_14-10-19 10620
2020-07-13_14-10-19 10370
2020-07-13_14-10-19 10390
2020-07-13_14-10-19 10570
2020-07-13_14-10-19 10510
2020-07-13_14-10-19 10390
2020-07-13_14-10-19 10490
2020-07-13_14-10-19 10560
2020-07-13_14-10-19 10440
2020-07-13_14-10-19 10410
2020-07-13_14-10-19 10530
2020-07-13_14-10-19 10530
2020-07-13_14-10-19 10420
2020-07-13_14-10-19 10430
2020-07-13_14-10-19 10540
2020-07-13_14-10-19 10510
2020-07-13_14-10-19 10410
2020-07-13_14-10-19 10460
2020-07-13_14-10-19 10540
2020-07-13_14-10-19 10490
2020-07-13_14-10-19 10430
2020-07-13_14-10-19 10470
2020-07-13_14-10-19 10510
2020-07-13_14-10-19 10460
2020-07-13_14-10-19 10440
2020-07-13_14-10-19 10480
2020-07-13_14-10-19 10490
2020-07-13_14-10-19 10470
2020-07-13_14-10-19 10500
2020-07-13_14-10-19 10510
2020-07-13_14-10-19 10450
2020-07-13_14-10-19 10430
2020-07-13_14-10-19 10480
2020-07-13_14-10-19 10510
2020-07-13_14-10-19 10470
2020-07-13_14-10-19 10460
2020-07-13_14-10-19 10490
2020-07-13_14-10-19 10490
2020-07-13_14-10-19 10480
2020-07-13_14-10-19 10490
2020-07-13_14-10-19 10490
2020-07-13_14-10-19 10470
2020-07-13_14-10-19 10480
2020-07-13_14-10-19 10490
2020-07-13_14-10-19 10480
2020-07-13_14-10-19 10470
2020-07-13_14-10-19 10480
2020-07-13_14-10-19 10480
2020-07-13_14-10-19 10470
2020-07-13_14-10-19 10480
2020-07-13_14-10-19 10480
2020-07-13_14-10-19 10480
2020-07-13_14-10-19 10480
2020-07-13_14-10-19 10480
2020-07-13_14-10-19 10480
2020-07-13_14-10-19 10490
2020-07-13_14-10-19 10490
2020-07-13_14-10-19 10490
2020-07-13_14-10-19 10480
2020-07-13_14-10-19 10480
2020-07-13_14-10-19 10480
2020-07-13_14-10-19 10480
2020-07-13_14-10-19 10480
2020-07-13_14-10-19 10490
2020-07-13_14-10-19 10480
2020-07-13_14-10-19 10470
2020-07-13_14-10-19 10480
2020-07-13_14-10-19 10480
2020-07-13_14-10-19 10480
2020-07-13_14-10-19 10480
2020-07-13_14-10-19 10480
2020-07-13_14-10-19 10480
2020-07-13_14-10-19 10470
2020-07-13_14-10-19 10480
2020-07-13_14-10-19 10470
2020-07-13_14-10-19 10460
2020-07-13_14-10-19 10470
2020-07-13_14-10-19 10480
2020-07-13_14-10-19 10480
2020-07-13_14-10-19 10480
2020-07-13_14-10-19 10480
2020-07-13_14-10-19 10480
2020-07-13_14-10-19 10470
2020-07-13_14-10-19 10480
2020-07-13_14-10-19 10470
2020-07-13_14-10-19 10450
2020-07-13_14-10-19 10440
2020-07-13_14-10-19 10460
2020-07-13_14-10-19 10490
2020-07-13_14-10-19 10470
2020-07-13_14-10-19 10420
2020-07-13_14-10-19 10430
2020-07-13_14-10-19 10480
2020-07-13_14-10-19 10480
2020-07-13_14-10-19 10420
2020-07-13_14-10-19 10430
2020-07-13_14-10-19 10480
2020-07-13_14-10-19 10460
2020-07-13_14-10-19 10390
2020-07-13_14-10-19 10430
2020-07-13_14-10-19 10490
2020-07-13_14-10-19 10480
2020-07-13_14-10-19 10430
2020-07-13_14-10-19 10480
2020-07-13_14-10-19 10530
2020-07-13_14-10-19 10460
2020-07-13_14-10-19 10420
2020-07-13_14-10-19 10460
2020-07-13_14-10-19 10500
2020-07-13_14-10-19 10210
2020-07-13_14-10-19 9510
2020-07-13_14-10-19 8810
2020-07-13_14-10-19 8280
2020-07-13_14-10-19 8070
2020-07-13_14-10-19 8000
2020-07-13_14-10-19 8070
2020-07-13_14-10-19 8100
2020-07-13_14-10-19 8020
2020-07-13_14-10-19 8000
2020-07-13_14-10-19 8100
2020-07-13_14-10-19 8110
2020-07-13_14-10-19 8050
2020-07-13_14-10-19 8060
2020-07-13_14-10-19 8150
2020-07-13_14-10-19 8130
2020-07-13_14-10-19 8030
2020-07-13_14-10-19 7710
2020-07-13_14-10-19 6490
2020-07-13_14-10-19 4560
2020-07-13_14-10-19 2280
2020-07-13_14-10-19 840
