2020-07-13_14-11-23 1530
2020-07-13_14-11-23 2130
2020-07-13_14-11-23 2020
2020-07-13_14-11-23 2140
2020-07-13_14-11-23 2060
2020-07-13_14-11-23 2680
2020-07-13_14-11-23 3970
2020-07-13_14-11-23 4600
2020-07-13_14-11-23 4500
2020-07-13_14-11-23 4560
2020-07-13_14-11-23 4530
2020-07-13_14-11-23 4530
2020-07-13_14-11-23 4560
2020-07-13_14-11-23 4630
2020-07-13_14-11-23 5320
2020-07-13_14-11-23 5890
2020-07-13_14-11-23 6090
2020-07-13_14-11-23 6080
2020-07-13_14-11-23 6120
2020-07-13_14-11-23 6090
2020-07-13_14-11-23 6050
2020-07-13_14-11-23 6060
2020-07-13_14-11-23 6100
2020-07-13_14-11-23 6030
2020-07-13_14-11-23 6150
2020-07-13_14-11-23 6480
2020-07-13_14-11-23 6880
2020-07-13_14-11-23 7260
2020-07-13_14-11-23 7240
2020-07-13_14-11-23 7270
2020-07-13_14-11-23 7280
2020-07-13_14-11-23 7250
2020-07-13_14-11-23 7270
2020-07-13_14-11-23 7290
2020-07-13_14-11-23 7290
2020-07-13_14-11-23 7280
2020-07-13_14-11-23 7270
2020-07-13_14-11-23 7290
2020-07-13_14-11-23 7240
2020-07-13_14-11-23 7270
2020-07-13_14-11-23 7260
2020-07-13_14-11-23 7270
2020-07-13_14-11-23 7280
2020-07-13_14-11-23 7270
2020-07-13_14-11-23 7270
2020-07-13_14-11-23 7280
2020-07-13_14-11-23 7290
2020-07-13_14-11-23 7290
2020-07-13_14-11-23 7290
2020-07-13_14-11-23 7290
2020-07-13_14-11-23 7280
2020-07-13_14-11-23 7280
2020-07-13_14-11-23 7270
2020-07-13_14-11-23 7270
2020-07-13_14-11-23 7260
2020-07-13_14-11-23 7280
2020-07-13_14-11-23 7270
2020-07-13_14-11-23 7250
2020-07-13_14-11-23 7260
2020-07-13_14-11-23 7270
2020-07-13_14-11-23 7260
2020-07-13_14-11-23 7290
2020-07-13_14-11-23 7290
2020-07-13_14-11-23 7280
2020-07-13_14-11-23 7270
2020-07-13_14-11-23 7260
2020-07-13_14-11-23 7270
2020-07-13_14-11-23 7280
2020-07-13_14-11-23 7300
2020-07-13_14-11-23 7300
2020-07-13_14-11-23 7260
2020-07-13_14-11-23 7170
2020-07-13_14-11-23 7160
2020-07-13_14-11-23 7170
2020-07-13_14-11-23 7160
2020-07-13_14-11-23 7150
2020-07-13_14-11-23 7150
2020-07-13_14-11-23 7150
2020-07-13_14-11-23 7160
2020-07-13_14-11-23 7160
2020-07-13_14-11-23 7160
2020-07-13_14-11-23 7170
2020-07-13_14-11-23 7160
2020-07-13_14-11-23 7170
2020-07-13_14-11-23 7170
2020-07-13_14-11-23 7170
2020-07-13_14-11-23 7170
2020-07-13_14-11-23 7170
2020-07-13_14-11-23 7160
2020-07-13_14-11-23 7160
2020-07-13_14-11-23 7160
2020-07-13_14-11-23 7160
2020-07-13_14-11-23 830
2020-07-13_14-11-23 1940
2020-07-13_14-11-23 2100
2020-07-13_14-11-23 2030
2020-07-13_14-11-23 2100
2020-07-13_14-11-23 2090
2020-07-13_14-11-23 2210
2020-07-13_14-11-23 3340
2020-07-13_14-11-23 4420
2020-07-13_14-11-23 4590
2020-07-13_14-11-23 4510
2020-07-13_14-11-23 4560
2020-07-13_14-11-23 4510
2020-07-13_14-11-23 4550
2020-07-13_14-11-23 4530
2020-07-13_14-11-23 4950
2020-07-13_14-11-23 5670
2020-07-13_14-11-23 6060
2020-07-13_14-11-23 6040
2020-07-13_14-11-23 6040
2020-07-13_14-11-23 6070
2020-07-13_14-11-23 6060
2020-07-13_14-11-23 6090
2020-07-13_14-11-23 6030
2020-07-13_14-11-23 6350
2020-07-13_14-11-23 6650
2020-07-13_14-11-23 7120
2020-07-13_14-11-23 7240
2020-07-13_14-11-23 7270
2020-07-13_14-11-23 7290
2020-07-13_14-11-23 7300
2020-07-13_14-11-23 7290
2020-07-13_14-11-23 7260
2020-07-13_14-11-23 7290
2020-07-13_14-11-23 7290
2020-07-13_14-11-23 7300
2020-07-13_14-11-23 7250
2020-07-13_14-11-23 7290
2020-07-13_14-11-23 7270
2020-07-13_14-11-23 7270
2020-07-13_14-11-23 7260
2020-07-13_14-11-23 7300
2020-07-13_14-11-23 7230
2020-07-13_14-11-23 7280
2020-07-13_14-11-23 7270
2020-07-13_14-11-23 7280
2020-07-13_14-11-23 7270
2020-07-13_14-11-23 7280
2020-07-13_14-11-23 7290
2020-07-13_14-11-23 7290
2020-07-13_14-11-23 7290
2020-07-13_14-11-23 7280
2020-07-13_14-11-23 7280
2020-07-13_14-11-23 7280
2020-07-13_14-11-23 7260
2020-07-13_14-11-23 7290
2020-07-13_14-11-23 7260
2020-07-13_14-11-23 7270
2020-07-13_14-11-23 7290
2020-07-13_14-11-23 7280
2020-07-13_14-11-23 7290
2020-07-13_14-11-23 7260
2020-07-13_14-11-23 7280
2020-07-13_14-11-23 7260
2020-07-13_14-11-23 7320
2020-07-13_14-11-23 7220
2020-07-13_14-11-23 7160
2020-07-13_14-11-23 7160
2020-07-13_14-11-23 7160
2020-07-13_14-11-23 7170
2020-07-13_14-11-23 7160
2020-07-13_14-11-23 7150
2020-07-13_14-11-23 7150
2020-07-13_14-11-23 7150
2020-07-13_14-11-23 7160
2020-07-13_14-11-23 7170
2020-07-13_14-11-23 7170
2020-07-13_14-11-23 7160
2020-07-13_14-11-23 7170
2020-07-13_14-11-23 7170
2020-07-13_14-11-23 7170
2020-07-13_14-11-23 7170
2020-07-13_14-11-23 7170
2020-07-13_14-11-23 7160
2020-07-13_14-11-23 7160
2020-07-13_14-11-23 7160
2020-07-13_14-11-23 7160
2020-07-13_14-11-23 7160
2020-07-13_14-11-23 7160
2020-07-13_14-11-23 7160
2020-07-13_14-11-23 7160
2020-07-13_14-11-23 7160
2020-07-13_14-11-23 7160
2020-07-13_14-11-23 7150
2020-07-13_14-11-23 7150
2020-07-13_14-11-23 7160
2020-07-13_14-11-23 7160
2020-07-13_14-11-23 7160
2020-07-13_14-11-23 7160
2020-07-13_14-11-23 7170
2020-07-13_14-11-23 7170
2020-07-13_14-11-23 7170
2020-07-13_14-11-23 7160
2020-07-13_14-11-23 7160
2020-07-13_14-11-23 7150
2020-07-13_14-11-23 7160
2020-07-13_14-11-23 7170
2020-07-13_14-11-23 7160
2020-07-13_14-11-23 7160
2020-07-13_14-11-23 7160
2020-07-13_14-11-23 7150
2020-07-13_14-11-23 7160
2020-07-13_14-11-23 7150
2020-07-13_14-11-23 7160
2020-07-13_14-11-23 7160
2020-07-13_14-11-23 7160
2020-07-13_14-11-23 7160
2020-07-13_14-11-23 7160
2020-07-13_14-11-23 7170
2020-07-13_14-11-23 7160
2020-07-13_14-11-23 7160
2020-07-13_14-11-23 7150
2020-07-13_14-11-23 7160
2020-07-13_14-11-23 7160
2020-07-13_14-11-23 7170
2020-07-13_14-11-23 7160
2020-07-13_14-11-23 7160
2020-07-13_14-11-23 7160
2020-07-13_14-11-23 7160
2020-07-13_14-11-23 7160
2020-07-13_14-11-23 7160
2020-07-13_14-11-23 7150
2020-07-13_14-11-23 7160
2020-07-13_14-11-23 7160
2020-07-13_14-11-23 7160
2020-07-13_14-11-23 7160
2020-07-13_14-11-23 7160
2020-07-13_14-11-23 7160
2020-07-13_14-11-23 7160
2020-07-13_14-11-23 7160
2020-07-13_14-11-23 7160
2020-07-13_14-11-23 7150
2020-07-13_14-11-23 7150
2020-07-13_14-11-23 7150
2020-07-13_14-11-23 7150
2020-07-13_14-11-23 7160
2020-07-13_14-11-23 7160
2020-07-13_14-11-23 7150
2020-07-13_14-11-23 7150
2020-07-13_14-11-23 7160
2020-07-13_14-11-23 7160
2020-07-13_14-11-23 7160
2020-07-13_14-11-23 7160
2020-07-13_14-11-23 7160
2020-07-13_14-11-23 7160
2020-07-13_14-11-23 7160
2020-07-13_14-11-23 7160
2020-07-13_14-11-23 7160
2020-07-13_14-11-23 7160
2020-07-13_14-11-23 7160
2020-07-13_14-11-23 7160
2020-07-13_14-11-23 7160
2020-07-13_14-11-23 7160
2020-07-13_14-11-23 7160
2020-07-13_14-11-23 7160
2020-07-13_14-11-23 7160
2020-07-13_14-11-23 7160
2020-07-13_14-11-23 7160
2020-07-13_14-11-23 7160
2020-07-13_14-11-23 7160
2020-07-13_14-11-23 7160
2020-07-13_14-11-23 7160
2020-07-13_14-11-23 7160
2020-07-13_14-11-23 7160
2020-07-13_14-11-23 7160
2020-07-13_14-11-23 7160
2020-07-13_14-11-23 7160
2020-07-13_14-11-23 7160
2020-07-13_14-11-23 7160
2020-07-13_14-11-23 7160
2020-07-13_14-11-23 7160
2020-07-13_14-11-23 7160
2020-07-13_14-11-23 7160
2020-07-13_14-11-23 7160
2020-07-13_14-11-23 7160
2020-07-13_14-11-23 7160
2020-07-13_14-11-23 7170
2020-07-13_14-11-23 7160
2020-07-13_14-11-23 7160
2020-07-13_14-11-23 7160
2020-07-13_14-11-23 7160
2020-07-13_14-11-23 7160
2020-07-13_14-11-23 7160
2020-07-13_14-11-23 7160
2020-07-13_14-11-23 7160
2020-07-13_14-11-23 7160
2020-07-13_14-11-23 7160
2020-07-13_14-11-23 7160
2020-07-13_14-11-23 7160
2020-07-13_14-11-23 7170
2020-07-13_14-11-23 7170
2020-07-13_14-11-23 7170
2020-07-13_14-11-23 7160
2020-07-13_14-11-23 7150
2020-07-13_14-11-23 7160
2020-07-13_14-11-23 7160
2020-07-13_14-11-23 7150
2020-07-13_14-11-23 7150
2020-07-13_14-11-23 7160
2020-07-13_14-11-23 7160
2020-07-13_14-11-23 7160
2020-07-13_14-11-23 7170
2020-07-13_14-11-23 7160
2020-07-13_14-11-23 7160
2020-07-13_14-11-23 7150
2020-07-13_14-11-23 7160
2020-07-13_14-11-23 7170
2020-07-13_14-11-23 7170
2020-07-13_14-11-23 7160
2020-07-13_14-11-23 7160
2020-07-13_14-11-23 7150
2020-07-13_14-11-23 7150
2020-07-13_14-11-23 7160
2020-07-13_14-11-23 7150
2020-07-13_14-11-23 7160
2020-07-13_14-11-23 7160
2020-07-13_14-11-23 7150
2020-07-13_14-11-23 7150
2020-07-13_14-11-23 7160
2020-07-13_14-11-23 7150
2020-07-13_14-11-23 7160
2020-07-13_14-11-23 7160
2020-07-13_14-11-23 7160
2020-07-13_14-11-23 7160
2020-07-13_14-11-23 7160
2020-07-13_14-11-23 7160
2020-07-13_14-11-23 7160
2020-07-13_14-11-23 7160
2020-07-13_14-11-23 7160
2020-07-13_14-11-23 7160
2020-07-13_14-11-23 7160
2020-07-13_14-11-23 7160
2020-07-13_14-11-23 7160
2020-07-13_14-11-23 7160
2020-07-13_14-11-23 7160
2020-07-13_14-11-23 7160
2020-07-13_14-11-23 7160
2020-07-13_14-11-23 7160
2020-07-13_14-11-23 7160
2020-07-13_14-11-23 7160
2020-07-13_14-11-23 7160
2020-07-13_14-11-23 7160
2020-07-13_14-11-23 7160
2020-07-13_14-11-23 7160
2020-07-13_14-11-23 7160
2020-07-13_14-11-23 7160
2020-07-13_14-11-23 7160
2020-07-13_14-11-23 7160
2020-07-13_14-11-23 7160
2020-07-13_14-11-23 7160
2020-07-13_14-11-23 7160
2020-07-13_14-11-23 7160
2020-07-13_14-11-23 7160
2020-07-13_14-11-23 7160
2020-07-13_14-11-23 7160
2020-07-13_14-11-23 7160
2020-07-13_14-11-23 7160
2020-07-13_14-11-23 7160
2020-07-13_14-11-23 7160
2020-07-13_14-11-23 7160
2020-07-13_14-11-23 7160
2020-07-13_14-11-23 7160
2020-07-13_14-11-23 7160
2020-07-13_14-11-23 7160
2020-07-13_14-11-23 7160
2020-07-13_14-11-23 7160
2020-07-13_14-11-23 7160
2020-07-13_14-11-23 7160
2020-07-13_14-11-23 7160
2020-07-13_14-11-23 7160
2020-07-13_14-11-23 7160
2020-07-13_14-11-23 7160
2020-07-13_14-11-23 7160
2020-07-13_14-11-23 7170
2020-07-13_14-11-23 7170
2020-07-13_14-11-23 7160
2020-07-13_14-11-23 7160
2020-07-13_14-11-23 7160
2020-07-13_14-11-23 7160
2020-07-13_14-11-23 7170
2020-07-13_14-11-23 7160
2020-07-13_14-11-23 7160
2020-07-13_14-11-23 7160
2020-07-13_14-11-23 7160
2020-07-13_14-11-23 7160
2020-07-13_14-11-23 7160
2020-07-13_14-11-23 7160
2020-07-13_14-11-23 7160
2020-07-13_14-11-23 7160
2020-07-13_14-11-23 7160
2020-07-13_14-11-23 7160
2020-07-13_14-11-23 7160
2020-07-13_14-11-23 7160
2020-07-13_14-11-23 7160
2020-07-13_14-11-23 7160
2020-07-13_14-11-23 7160
2020-07-13_14-11-23 7160
2020-07-13_14-11-23 7160
2020-07-13_14-11-23 7160
2020-07-13_14-11-23 7160
2020-07-13_14-11-23 7160
2020-07-13_14-11-23 7160
2020-07-13_14-11-23 7160
2020-07-13_14-11-23 7160
2020-07-13_14-11-23 7160
2020-07-13_14-11-23 7160
2020-07-13_14-11-23 7160
2020-07-13_14-11-23 7160
2020-07-13_14-11-23 7160
2020-07-13_14-11-23 7160
2020-07-13_14-11-23 7160
2020-07-13_14-11-23 7160
2020-07-13_14-11-23 7160
2020-07-13_14-11-23 7160
2020-07-13_14-11-23 7160
2020-07-13_14-11-23 7160
2020-07-13_14-11-23 7160
2020-07-13_14-11-23 7160
2020-07-13_14-11-23 7160
2020-07-13_14-11-23 7160
2020-07-13_14-11-23 7160
2020-07-13_14-11-23 7160
2020-07-13_14-11-23 7160
2020-07-13_14-11-23 7160
2020-07-13_14-11-23 7160
2020-07-13_14-11-23 7160
2020-07-13_14-11-23 7160
2020-07-13_14-11-23 7160
2020-07-13_14-11-23 7160
2020-07-13_14-11-23 7160
2020-07-13_14-11-23 7160
2020-07-13_14-11-23 7160
2020-07-13_14-11-23 7160
2020-07-13_14-11-23 7160
2020-07-13_14-11-23 7160
2020-07-13_14-11-23 7160
2020-07-13_14-11-23 7160
2020-07-13_14-11-23 7160
2020-07-13_14-11-23 7160
2020-07-13_14-11-23 7160
2020-07-13_14-11-23 7160
2020-07-13_14-11-23 7170
2020-07-13_14-11-23 7170
2020-07-13_14-11-23 7170
2020-07-13_14-11-23 7160
2020-07-13_14-11-23 7160
2020-07-13_14-11-23 7170
2020-07-13_14-11-23 7170
2020-07-13_14-11-23 7170
2020-07-13_14-11-23 7170
2020-07-13_14-11-23 7170
2020-07-13_14-11-23 7170
2020-07-13_14-11-23 7170
2020-07-13_14-11-23 7160
2020-07-13_14-11-23 7160
2020-07-13_14-11-23 7160
2020-07-13_14-11-23 7160
2020-07-13_14-11-23 7160
2020-07-13_14-11-23 7160
2020-07-13_14-11-23 7160
2020-07-13_14-11-23 7150
2020-07-13_14-11-23 7150
2020-07-13_14-11-23 7150
2020-07-13_14-11-23 7160
2020-07-13_14-11-23 7160
2020-07-13_14-11-23 7160
2020-07-13_14-11-23 7160
2020-07-13_14-11-23 7160
2020-07-13_14-11-23 7160
2020-07-13_14-11-23 7160
2020-07-13_14-11-23 7160
2020-07-13_14-11-23 7160
2020-07-13_14-11-23 7160
2020-07-13_14-11-23 7160
2020-07-13_14-11-23 7160
2020-07-13_14-11-23 7160
2020-07-13_14-11-23 7160
2020-07-13_14-11-23 7160
2020-07-13_14-11-23 7160
2020-07-13_14-11-23 7160
2020-07-13_14-11-23 7160
2020-07-13_14-11-23 7160
2020-07-13_14-11-23 7160
2020-07-13_14-11-23 7160
2020-07-13_14-11-23 7160
2020-07-13_14-11-23 7160
2020-07-13_14-11-23 7160
2020-07-13_14-11-23 7160
2020-07-13_14-11-23 7160
2020-07-13_14-11-23 7160
2020-07-13_14-11-23 7160
2020-07-13_14-11-23 7160
2020-07-13_14-11-23 7160
2020-07-13_14-11-23 7160
2020-07-13_14-11-23 7160
2020-07-13_14-11-23 7160
2020-07-13_14-11-23 7160
2020-07-13_14-11-23 7150
2020-07-13_14-11-23 7150
2020-07-13_14-11-23 7150
2020-07-13_14-11-23 7150
2020-07-13_14-11-23 7160
2020-07-13_14-11-23 7170
2020-07-13_14-11-23 7160
2020-07-13_14-11-23 7160
2020-07-13_14-11-23 7160
2020-07-13_14-11-23 7160
2020-07-13_14-11-23 7160
2020-07-13_14-11-23 7160
2020-07-13_14-11-23 7160
2020-07-13_14-11-23 7160
2020-07-13_14-11-23 7160
2020-07-13_14-11-23 7160
2020-07-13_14-11-23 7160
2020-07-13_14-11-23 7160
2020-07-13_14-11-23 7150
2020-07-13_14-11-23 7150
2020-07-13_14-11-23 7150
2020-07-13_14-11-23 7160
2020-07-13_14-11-23 7170
2020-07-13_14-11-23 7170
2020-07-13_14-11-23 7160
2020-07-13_14-11-23 7160
2020-07-13_14-11-23 7160
2020-07-13_14-11-23 7160
2020-07-13_14-11-23 7160
2020-07-13_14-11-23 7160
2020-07-13_14-11-23 7160
2020-07-13_14-11-23 7160
2020-07-13_14-11-23 7160
2020-07-13_14-11-23 7160
2020-07-13_14-11-23 7160
2020-07-13_14-11-23 7160
2020-07-13_14-11-23 7160
2020-07-13_14-11-23 7160
2020-07-13_14-11-23 7160
2020-07-13_14-11-23 7160
2020-07-13_14-11-23 7160
2020-07-13_14-11-23 7160
2020-07-13_14-11-23 7160
2020-07-13_14-11-23 7160
2020-07-13_14-11-23 7170
2020-07-13_14-11-23 7170
2020-07-13_14-11-23 7160
2020-07-13_14-11-23 7160
2020-07-13_14-11-23 7160
2020-07-13_14-11-23 7160
2020-07-13_14-11-23 7160
2020-07-13_14-11-23 7160
2020-07-13_14-11-23 7160
2020-07-13_14-11-23 7160
2020-07-13_14-11-23 7170
2020-07-13_14-11-23 7160
2020-07-13_14-11-23 7160
2020-07-13_14-11-23 7150
2020-07-13_14-11-23 7150
2020-07-13_14-11-23 7150
2020-07-13_14-11-23 7160
2020-07-13_14-11-23 7170
2020-07-13_14-11-23 7170
2020-07-13_14-11-23 7170
2020-07-13_14-11-23 7170
2020-07-13_14-11-23 7170
2020-07-13_14-11-23 7160
2020-07-13_14-11-23 7160
2020-07-13_14-11-23 7160
2020-07-13_14-11-23 7160
2020-07-13_14-11-23 7160
2020-07-13_14-11-23 7160
2020-07-13_14-11-23 7160
2020-07-13_14-11-23 7160
2020-07-13_14-11-23 7160
2020-07-13_14-11-23 7160
2020-07-13_14-11-23 7160
2020-07-13_14-11-23 7160
2020-07-13_14-11-23 7160
2020-07-13_14-11-23 7160
2020-07-13_14-11-23 7160
2020-07-13_14-11-23 7160
2020-07-13_14-11-23 7160
2020-07-13_14-11-23 7160
2020-07-13_14-11-23 7160
2020-07-13_14-11-23 7160
2020-07-13_14-11-23 7160
2020-07-13_14-11-23 7160
2020-07-13_14-11-23 7160
2020-07-13_14-11-23 7160
2020-07-13_14-11-23 7160
2020-07-13_14-11-23 7160
2020-07-13_14-11-23 7160
2020-07-13_14-11-23 7160
2020-07-13_14-11-23 7160
2020-07-13_14-11-23 7170
2020-07-13_14-11-23 7160
2020-07-13_14-11-23 7160
2020-07-13_14-11-23 7160
2020-07-13_14-11-23 7160
2020-07-13_14-11-23 7160
2020-07-13_14-11-23 7160
2020-07-13_14-11-23 7160
2020-07-13_14-11-23 7160
2020-07-13_14-11-23 7160
2020-07-13_14-11-23 7160
2020-07-13_14-11-23 7160
2020-07-13_14-11-23 7160
2020-07-13_14-11-23 7160
2020-07-13_14-11-23 7160
2020-07-13_14-11-23 7160
2020-07-13_14-11-23 7160
2020-07-13_14-11-23 7160
2020-07-13_14-11-23 7160
2020-07-13_14-11-23 7160
2020-07-13_14-11-23 7160
2020-07-13_14-11-23 7160
2020-07-13_14-11-23 7160
2020-07-13_14-11-23 7160
2020-07-13_14-11-23 7160
2020-07-13_14-11-23 7160
2020-07-13_14-11-23 7160
2020-07-13_14-11-23 7160
2020-07-13_14-11-23 7160
2020-07-13_14-11-23 7160
2020-07-13_14-11-23 7160
2020-07-13_14-11-23 7160
2020-07-13_14-11-23 7160
2020-07-13_14-11-23 7160
2020-07-13_14-11-23 7160
2020-07-13_14-11-23 7160
2020-07-13_14-11-23 7160
2020-07-13_14-11-23 7160
2020-07-13_14-11-23 7160
2020-07-13_14-11-23 7160
2020-07-13_14-11-23 7160
2020-07-13_14-11-23 7160
2020-07-13_14-11-23 7170
2020-07-13_14-11-23 7170
2020-07-13_14-11-23 7160
2020-07-13_14-11-23 7160
2020-07-13_14-11-23 7170
2020-07-13_14-11-23 7170
2020-07-13_14-11-23 7170
2020-07-13_14-11-23 7170
2020-07-13_14-11-23 7170
2020-07-13_14-11-23 7170
2020-07-13_14-11-23 7170
2020-07-13_14-11-23 7160
2020-07-13_14-11-23 7160
2020-07-13_14-11-23 7160
2020-07-13_14-11-23 7160
2020-07-13_14-11-23 7160
2020-07-13_14-11-23 7160
2020-07-13_14-11-23 7160
2020-07-13_14-11-23 7160
2020-07-13_14-11-23 7170
2020-07-13_14-11-23 7170
2020-07-13_14-11-23 7170
2020-07-13_14-11-23 7160
2020-07-13_14-11-23 7160
2020-07-13_14-11-23 7160
2020-07-13_14-11-23 7160
2020-07-13_14-11-23 7160
2020-07-13_14-11-23 7160
2020-07-13_14-11-24 7160
2020-07-13_14-11-24 7160
2020-07-13_14-11-24 7160
2020-07-13_14-11-24 7160
2020-07-13_14-11-24 7160
2020-07-13_14-11-24 7160
2020-07-13_14-11-24 7170
2020-07-13_14-11-24 7170
2020-07-13_14-11-24 7170
2020-07-13_14-11-24 7170
2020-07-13_14-11-24 7160
2020-07-13_14-11-24 7160
2020-07-13_14-11-24 7160
2020-07-13_14-11-24 7160
2020-07-13_14-11-24 7160
2020-07-13_14-11-24 7160
2020-07-13_14-11-24 7160
2020-07-13_14-11-24 7160
2020-07-13_14-11-24 7160
2020-07-13_14-11-24 7160
2020-07-13_14-11-24 7160
2020-07-13_14-11-24 7160
2020-07-13_14-11-24 7160
2020-07-13_14-11-24 7160
2020-07-13_14-11-24 7160
2020-07-13_14-11-24 7160
2020-07-13_14-11-24 7160
2020-07-13_14-11-24 7160
2020-07-13_14-11-24 7160
2020-07-13_14-11-24 7160
2020-07-13_14-11-24 7160
2020-07-13_14-11-24 7160
2020-07-13_14-11-24 7160
2020-07-13_14-11-24 7150
2020-07-13_14-11-24 7150
2020-07-13_14-11-24 7150
2020-07-13_14-11-24 7160
2020-07-13_14-11-24 7160
2020-07-13_14-11-24 7160
2020-07-13_14-11-24 7160
2020-07-13_14-11-24 7170
2020-07-13_14-11-24 7170
2020-07-13_14-11-24 7170
2020-07-13_14-11-24 7170
2020-07-13_14-11-24 7170
2020-07-13_14-11-24 7170
2020-07-13_14-11-24 7170
2020-07-13_14-11-24 7170
2020-07-13_14-11-24 7170
2020-07-13_14-11-24 7170
2020-07-13_14-11-24 7170
2020-07-13_14-11-24 7170
2020-07-13_14-11-24 7170
2020-07-13_14-11-24 7170
2020-07-13_14-11-24 7170
2020-07-13_14-11-24 7170
2020-07-13_14-11-24 7160
2020-07-13_14-11-24 7160
2020-07-13_14-11-24 7150
2020-07-13_14-11-24 7150
2020-07-13_14-11-24 7150
2020-07-13_14-11-24 7160
2020-07-13_14-11-24 7160
2020-07-13_14-11-24 7170
2020-07-13_14-11-24 7170
2020-07-13_14-11-24 7170
2020-07-13_14-11-24 7160
2020-07-13_14-11-24 7150
2020-07-13_14-11-24 7150
2020-07-13_14-11-24 7150
2020-07-13_14-11-24 7160
2020-07-13_14-11-24 7160
2020-07-13_14-11-24 7160
2020-07-13_14-11-24 7160
2020-07-13_14-11-24 7160
2020-07-13_14-11-24 7160
2020-07-13_14-11-24 7160
2020-07-13_14-11-24 7160
2020-07-13_14-11-24 7160
2020-07-13_14-11-24 7160
2020-07-13_14-11-24 7160
2020-07-13_14-11-24 7160
2020-07-13_14-11-24 7160
2020-07-13_14-11-24 7160
2020-07-13_14-11-24 7160
2020-07-13_14-11-24 7170
2020-07-13_14-11-24 7160
2020-07-13_14-11-24 7160
2020-07-13_14-11-24 7160
2020-07-13_14-11-24 7160
2020-07-13_14-11-24 7160
2020-07-13_14-11-24 7160
2020-07-13_14-11-24 7160
2020-07-13_14-11-24 7160
2020-07-13_14-11-24 7160
2020-07-13_14-11-24 7160
2020-07-13_14-11-24 7160
2020-07-13_14-11-24 7160
2020-07-13_14-11-24 7160
2020-07-13_14-11-24 7160
2020-07-13_14-11-24 7170
2020-07-13_14-11-24 7170
2020-07-13_14-11-24 7170
2020-07-13_14-11-24 7160
2020-07-13_14-11-24 7160
2020-07-13_14-11-24 7160
2020-07-13_14-11-24 7160
2020-07-13_14-11-24 7150
2020-07-13_14-11-24 7150
2020-07-13_14-11-24 7160
2020-07-13_14-11-24 7160
2020-07-13_14-11-24 7170
2020-07-13_14-11-24 7170
2020-07-13_14-11-24 7160
2020-07-13_14-11-24 7160
2020-07-13_14-11-24 7160
2020-07-13_14-11-24 7150
2020-07-13_14-11-24 7160
2020-07-13_14-11-24 7160
2020-07-13_14-11-24 7160
2020-07-13_14-11-24 7160
2020-07-13_14-11-24 7160
2020-07-13_14-11-24 7160
2020-07-13_14-11-24 7160
2020-07-13_14-11-24 7160
2020-07-13_14-11-24 7160
2020-07-13_14-11-24 7160
2020-07-13_14-11-24 7160
2020-07-13_14-11-24 7150
2020-07-13_14-11-24 7150
2020-07-13_14-11-24 7150
2020-07-13_14-11-24 7150
2020-07-13_14-11-24 7150
2020-07-13_14-11-24 7150
2020-07-13_14-11-24 7150
2020-07-13_14-11-24 7160
2020-07-13_14-11-24 7170
2020-07-13_14-11-24 7170
2020-07-13_14-11-24 7170
2020-07-13_14-11-24 7160
2020-07-13_14-11-24 7160
2020-07-13_14-11-24 7150
2020-07-13_14-11-24 7150
2020-07-13_14-11-24 7150
2020-07-13_14-11-24 7150
2020-07-13_14-11-24 7150
2020-07-13_14-11-24 7150
2020-07-13_14-11-24 7160
2020-07-13_14-11-24 7150
2020-07-13_14-11-24 7160
2020-07-13_14-11-24 7160
2020-07-13_14-11-24 7160
2020-07-13_14-11-24 7160
2020-07-13_14-11-24 7160
2020-07-13_14-11-24 7160
2020-07-13_14-11-24 7160
2020-07-13_14-11-24 7160
2020-07-13_14-11-24 7160
2020-07-13_14-11-24 7160
2020-07-13_14-11-24 7160
2020-07-13_14-11-24 7160
2020-07-13_14-11-24 7160
2020-07-13_14-11-24 7160
2020-07-13_14-11-24 7160
2020-07-13_14-11-24 7160
2020-07-13_14-11-24 7160
2020-07-13_14-11-24 7160
2020-07-13_14-11-24 7150
2020-07-13_14-11-24 7150
2020-07-13_14-11-24 7170
2020-07-13_14-11-24 7160
2020-07-13_14-11-24 7150
2020-07-13_14-11-24 7160
2020-07-13_14-11-24 7150
2020-07-13_14-11-24 7150
2020-07-13_14-11-24 7150
2020-07-13_14-11-24 7150
2020-07-13_14-11-24 7150
2020-07-13_14-11-24 7150
2020-07-13_14-11-24 7150
2020-07-13_14-11-24 7150
2020-07-13_14-11-24 7150
2020-07-13_14-11-24 7150
2020-07-13_14-11-24 7150
2020-07-13_14-11-24 7160
2020-07-13_14-11-24 7160
2020-07-13_14-11-24 7150
2020-07-13_14-11-24 7160
2020-07-13_14-11-24 7160
2020-07-13_14-11-24 7160
2020-07-13_14-11-24 7160
2020-07-13_14-11-24 7150
2020-07-13_14-11-24 7160
2020-07-13_14-11-24 7160
2020-07-13_14-11-24 7160
2020-07-13_14-11-24 7160
2020-07-13_14-11-24 7160
2020-07-13_14-11-24 7160
2020-07-13_14-11-24 7160
2020-07-13_14-11-24 7160
2020-07-13_14-11-24 7160
2020-07-13_14-11-24 7160
2020-07-13_14-11-24 7160
2020-07-13_14-11-24 7160
2020-07-13_14-11-24 7160
2020-07-13_14-11-24 7160
2020-07-13_14-11-24 7160
2020-07-13_14-11-24 7160
2020-07-13_14-11-24 7160
2020-07-13_14-11-24 7160
2020-07-13_14-11-24 7160
2020-07-13_14-11-24 7160
2020-07-13_14-11-24 7160
2020-07-13_14-11-24 7150
2020-07-13_14-11-24 7150
2020-07-13_14-11-24 7160
2020-07-13_14-11-24 7160
2020-07-13_14-11-24 7160
2020-07-13_14-11-24 7160
2020-07-13_14-11-24 7160
2020-07-13_14-11-24 7170
2020-07-13_14-11-24 7160
2020-07-13_14-11-24 7160
2020-07-13_14-11-24 7160
2020-07-13_14-11-24 7160
2020-07-13_14-11-24 7160
2020-07-13_14-11-24 7160
2020-07-13_14-11-24 7160
2020-07-13_14-11-24 7160
2020-07-13_14-11-24 7160
2020-07-13_14-11-24 7160
2020-07-13_14-11-24 7160
2020-07-13_14-11-24 7160
2020-07-13_14-11-24 7160
2020-07-13_14-11-24 7160
2020-07-13_14-11-24 7150
2020-07-13_14-11-24 7150
2020-07-13_14-11-24 7160
2020-07-13_14-11-24 7170
2020-07-13_14-11-24 7160
2020-07-13_14-11-24 7160
2020-07-13_14-11-24 7160
2020-07-13_14-11-24 7160
2020-07-13_14-11-24 7160
2020-07-13_14-11-24 7160
2020-07-13_14-11-24 7160
2020-07-13_14-11-24 7160
2020-07-13_14-11-24 7160
2020-07-13_14-11-24 7160
2020-07-13_14-11-24 7160
2020-07-13_14-11-24 7160
2020-07-13_14-11-24 7160
2020-07-13_14-11-24 7160
2020-07-13_14-11-24 7160
2020-07-13_14-11-24 7160
2020-07-13_14-11-24 7170
2020-07-13_14-11-24 7170
2020-07-13_14-11-24 7170
2020-07-13_14-11-24 7170
2020-07-13_14-11-24 7160
2020-07-13_14-11-24 7150
2020-07-13_14-11-24 7160
2020-07-13_14-11-24 7160
2020-07-13_14-11-24 7160
2020-07-13_14-11-24 7160
2020-07-13_14-11-24 7160
2020-07-13_14-11-24 7170
2020-07-13_14-11-24 7170
2020-07-13_14-11-24 7160
2020-07-13_14-11-24 7170
2020-07-13_14-11-24 7170
2020-07-13_14-11-24 7170
2020-07-13_14-11-24 7170
2020-07-13_14-11-24 7160
2020-07-13_14-11-24 7160
2020-07-13_14-11-24 7170
2020-07-13_14-11-24 7170
2020-07-13_14-11-24 7170
2020-07-13_14-11-24 7170
2020-07-13_14-11-24 7170
2020-07-13_14-11-24 7160
2020-07-13_14-11-24 7160
2020-07-13_14-11-24 7160
2020-07-13_14-11-24 7160
2020-07-13_14-11-24 7160
2020-07-13_14-11-24 7160
2020-07-13_14-11-24 7170
2020-07-13_14-11-24 7170
2020-07-13_14-11-24 7160
2020-07-13_14-11-24 7160
2020-07-13_14-11-24 7160
2020-07-13_14-11-24 7160
2020-07-13_14-11-24 7170
2020-07-13_14-11-24 7170
2020-07-13_14-11-24 7160
2020-07-13_14-11-24 7160
2020-07-13_14-11-24 7160
2020-07-13_14-11-24 7160
2020-07-13_14-11-24 7160
2020-07-13_14-11-24 7160
2020-07-13_14-11-24 7160
2020-07-13_14-11-24 7160
2020-07-13_14-11-24 7160
2020-07-13_14-11-24 7160
2020-07-13_14-11-24 7160
2020-07-13_14-11-24 7160
2020-07-13_14-11-24 7160
2020-07-13_14-11-24 7160
2020-07-13_14-11-24 7160
2020-07-13_14-11-24 7160
2020-07-13_14-11-24 7160
2020-07-13_14-11-24 7160
2020-07-13_14-11-24 7160
2020-07-13_14-11-24 7160
2020-07-13_14-11-24 7160
2020-07-13_14-11-24 7160
2020-07-13_14-11-24 7160
2020-07-13_14-11-24 7170
2020-07-13_14-11-24 7170
2020-07-13_14-11-24 7170
2020-07-13_14-11-24 7170
2020-07-13_14-11-24 7170
2020-07-13_14-11-24 7170
2020-07-13_14-11-24 7170
2020-07-13_14-11-24 7170
2020-07-13_14-11-24 7160
2020-07-13_14-11-24 7160
2020-07-13_14-11-24 7160
2020-07-13_14-11-24 7150
2020-07-13_14-11-24 7160
2020-07-13_14-11-24 7160
2020-07-13_14-11-24 7160
2020-07-13_14-11-24 7160
2020-07-13_14-11-24 7160
2020-07-13_14-11-24 7160
2020-07-13_14-11-24 7160
2020-07-13_14-11-24 7160
2020-07-13_14-11-24 7160
2020-07-13_14-11-24 7160
2020-07-13_14-11-24 7160
2020-07-13_14-11-24 7160
2020-07-13_14-11-24 7160
2020-07-13_14-11-24 7160
2020-07-13_14-11-24 7160
2020-07-13_14-11-24 7160
2020-07-13_14-11-24 7160
2020-07-13_14-11-24 7160
2020-07-13_14-11-24 7160
2020-07-13_14-11-24 7160
2020-07-13_14-11-24 7160
2020-07-13_14-11-24 7160
2020-07-13_14-11-24 7160
2020-07-13_14-11-24 7160
2020-07-13_14-11-24 7170
2020-07-13_14-11-24 7160
2020-07-13_14-11-24 7160
2020-07-13_14-11-24 7160
2020-07-13_14-11-24 7160
2020-07-13_14-11-24 7160
2020-07-13_14-11-24 7160
2020-07-13_14-11-24 7170
2020-07-13_14-11-24 7160
2020-07-13_14-11-24 7160
2020-07-13_14-11-24 7160
2020-07-13_14-11-24 7160
2020-07-13_14-11-24 7160
2020-07-13_14-11-24 7160
2020-07-13_14-11-24 7160
2020-07-13_14-11-24 7160
2020-07-13_14-11-24 7160
2020-07-13_14-11-24 7160
2020-07-13_14-11-24 7160
2020-07-13_14-11-24 7170
2020-07-13_14-11-24 7160
2020-07-13_14-11-24 7170
2020-07-13_14-11-24 7170
2020-07-13_14-11-24 7170
2020-07-13_14-11-24 7170
2020-07-13_14-11-24 7170
2020-07-13_14-11-24 7170
2020-07-13_14-11-24 7170
2020-07-13_14-11-24 7160
2020-07-13_14-11-24 7160
2020-07-13_14-11-24 7160
2020-07-13_14-11-24 7160
2020-07-13_14-11-24 7160
2020-07-13_14-11-24 7160
2020-07-13_14-11-24 7160
2020-07-13_14-11-24 7160
2020-07-13_14-11-24 7160
2020-07-13_14-11-24 7160
2020-07-13_14-11-24 7160
2020-07-13_14-11-24 7160
2020-07-13_14-11-24 7160
2020-07-13_14-11-24 7160
2020-07-13_14-11-24 7160
2020-07-13_14-11-24 7160
2020-07-13_14-11-24 7160
2020-07-13_14-11-24 7160
2020-07-13_14-11-24 7160
2020-07-13_14-11-24 7160
2020-07-13_14-11-24 7160
2020-07-13_14-11-24 7160
2020-07-13_14-11-24 7160
2020-07-13_14-11-24 7160
2020-07-13_14-11-24 7160
2020-07-13_14-11-24 7160
2020-07-13_14-11-24 7160
2020-07-13_14-11-24 7160
2020-07-13_14-11-24 7160
2020-07-13_14-11-24 7160
2020-07-13_14-11-24 7160
2020-07-13_14-11-24 7160
2020-07-13_14-11-24 7160
2020-07-13_14-11-24 7160
2020-07-13_14-11-24 7160
2020-07-13_14-11-24 7160
2020-07-13_14-11-24 7160
2020-07-13_14-11-24 7160
2020-07-13_14-11-24 7160
2020-07-13_14-11-24 7160
2020-07-13_14-11-24 7160
2020-07-13_14-11-24 7160
2020-07-13_14-11-24 7160
2020-07-13_14-11-24 7160
2020-07-13_14-11-24 7160
2020-07-13_14-11-24 7160
2020-07-13_14-11-24 7160
2020-07-13_14-11-24 7160
2020-07-13_14-11-24 7160
2020-07-13_14-11-24 7160
2020-07-13_14-11-24 7160
2020-07-13_14-11-24 7160
2020-07-13_14-11-24 7160
2020-07-13_14-11-24 7160
2020-07-13_14-11-24 7160
2020-07-13_14-11-24 7160
2020-07-13_14-11-24 7160
2020-07-13_14-11-24 7160
2020-07-13_14-11-24 7160
2020-07-13_14-11-24 7160
2020-07-13_14-11-24 7160
2020-07-13_14-11-24 7160
2020-07-13_14-11-24 7160
2020-07-13_14-11-24 7160
2020-07-13_14-11-24 7160
2020-07-13_14-11-24 7160
2020-07-13_14-11-24 7170
2020-07-13_14-11-24 7170
2020-07-13_14-11-24 7170
2020-07-13_14-11-24 7160
2020-07-13_14-11-24 7160
2020-07-13_14-11-24 7160
2020-07-13_14-11-24 7160
2020-07-13_14-11-24 7160
2020-07-13_14-11-24 7160
2020-07-13_14-11-24 7160
2020-07-13_14-11-24 7160
2020-07-13_14-11-24 7160
2020-07-13_14-11-24 7170
2020-07-13_14-11-24 7170
2020-07-13_14-11-24 7170
2020-07-13_14-11-24 7170
2020-07-13_14-11-24 7170
2020-07-13_14-11-24 7170
2020-07-13_14-11-24 7170
2020-07-13_14-11-24 7170
2020-07-13_14-11-24 7170
2020-07-13_14-11-24 7170
2020-07-13_14-11-24 7160
2020-07-13_14-11-24 7160
2020-07-13_14-11-24 7170
2020-07-13_14-11-24 7160
2020-07-13_14-11-24 7160
2020-07-13_14-11-24 7160
2020-07-13_14-11-24 7160
2020-07-13_14-11-24 7160
2020-07-13_14-11-24 7160
2020-07-13_14-11-24 7160
2020-07-13_14-11-24 7160
2020-07-13_14-11-24 7160
2020-07-13_14-11-24 7160
2020-07-13_14-11-24 7160
2020-07-13_14-11-24 7160
2020-07-13_14-11-24 7160
2020-07-13_14-11-24 7160
2020-07-13_14-11-24 7160
2020-07-13_14-11-24 7160
2020-07-13_14-11-24 7160
2020-07-13_14-11-24 7160
2020-07-13_14-11-24 7160
2020-07-13_14-11-24 7160
2020-07-13_14-11-24 7160
2020-07-13_14-11-24 7160
2020-07-13_14-11-24 7160
2020-07-13_14-11-24 7160
2020-07-13_14-11-24 7160
2020-07-13_14-11-24 7160
2020-07-13_14-11-24 7160
2020-07-13_14-11-24 7160
2020-07-13_14-11-24 7160
2020-07-13_14-11-24 7170
2020-07-13_14-11-24 7170
2020-07-13_14-11-24 7160
2020-07-13_14-11-24 7160
2020-07-13_14-11-24 7150
2020-07-13_14-11-24 7160
2020-07-13_14-11-24 7160
2020-07-13_14-11-24 7160
2020-07-13_14-11-24 7170
2020-07-13_14-11-24 7170
2020-07-13_14-11-24 7170
2020-07-13_14-11-24 7160
2020-07-13_14-11-24 7150
2020-07-13_14-11-24 7160
2020-07-13_14-11-24 7160
2020-07-13_14-11-24 7160
2020-07-13_14-11-24 7160
2020-07-13_14-11-24 7150
2020-07-13_14-11-24 7150
2020-07-13_14-11-24 7150
2020-07-13_14-11-24 7150
2020-07-13_14-11-24 7150
2020-07-13_14-11-24 7150
2020-07-13_14-11-24 7150
2020-07-13_14-11-24 7150
2020-07-13_14-11-24 7150
2020-07-13_14-11-24 7150
2020-07-13_14-11-24 7160
2020-07-13_14-11-24 7150
2020-07-13_14-11-24 7160
2020-07-13_14-11-24 7160
2020-07-13_14-11-24 7160
2020-07-13_14-11-24 7160
2020-07-13_14-11-24 7160
2020-07-13_14-11-24 7160
2020-07-13_14-11-24 7160
2020-07-13_14-11-24 7160
2020-07-13_14-11-24 7160
2020-07-13_14-11-24 7160
2020-07-13_14-11-24 7160
2020-07-13_14-11-24 7160
2020-07-13_14-11-24 7160
2020-07-13_14-11-24 7160
2020-07-13_14-11-24 7160
2020-07-13_14-11-24 7160
2020-07-13_14-11-24 7160
2020-07-13_14-11-24 7160
2020-07-13_14-11-24 7160
2020-07-13_14-11-24 7160
2020-07-13_14-11-24 7160
2020-07-13_14-11-24 7160
2020-07-13_14-11-24 7160
2020-07-13_14-11-24 7160
2020-07-13_14-11-24 7160
2020-07-13_14-11-24 7160
2020-07-13_14-11-24 7160
2020-07-13_14-11-24 7160
2020-07-13_14-11-24 7150
2020-07-13_14-11-24 7150
2020-07-13_14-11-24 7160
2020-07-13_14-11-24 7160
2020-07-13_14-11-24 7160
2020-07-13_14-11-24 7160
2020-07-13_14-11-24 7160
2020-07-13_14-11-24 7160
2020-07-13_14-11-24 7160
2020-07-13_14-11-24 7160
2020-07-13_14-11-24 7170
2020-07-13_14-11-24 7160
2020-07-13_14-11-24 7160
2020-07-13_14-11-24 7160
2020-07-13_14-11-24 7160
2020-07-13_14-11-24 7160
2020-07-13_14-11-24 7150
2020-07-13_14-11-24 7160
2020-07-13_14-11-24 7160
2020-07-13_14-11-24 7160
2020-07-13_14-11-24 7160
2020-07-13_14-11-24 7160
2020-07-13_14-11-24 7160
2020-07-13_14-11-24 7160
2020-07-13_14-11-24 7160
2020-07-13_14-11-24 7170
2020-07-13_14-11-24 7160
2020-07-13_14-11-24 7160
2020-07-13_14-11-24 7160
2020-07-13_14-11-24 7170
2020-07-13_14-11-24 7160
2020-07-13_14-11-24 7170
2020-07-13_14-11-24 7170
2020-07-13_14-11-24 7160
2020-07-13_14-11-24 7170
2020-07-13_14-11-24 7170
2020-07-13_14-11-24 7170
2020-07-13_14-11-24 7160
2020-07-13_14-11-24 7160
2020-07-13_14-11-24 7160
2020-07-13_14-11-24 7160
2020-07-13_14-11-24 7170
2020-07-13_14-11-24 7160
2020-07-13_14-11-24 7170
2020-07-13_14-11-24 7160
2020-07-13_14-11-24 7160
2020-07-13_14-11-24 7160
2020-07-13_14-11-24 7160
2020-07-13_14-11-24 7160
2020-07-13_14-11-24 7160
2020-07-13_14-11-24 7160
2020-07-13_14-11-24 7160
2020-07-13_14-11-24 7160
2020-07-13_14-11-24 7160
2020-07-13_14-11-24 7160
2020-07-13_14-11-24 7160
2020-07-13_14-11-24 7160
2020-07-13_14-11-24 7170
2020-07-13_14-11-24 7170
2020-07-13_14-11-24 7170
2020-07-13_14-11-24 7170
2020-07-13_14-11-24 7170
2020-07-13_14-11-24 7160
2020-07-13_14-11-24 7160
2020-07-13_14-11-24 7160
2020-07-13_14-11-24 7160
2020-07-13_14-11-24 7160
2020-07-13_14-11-24 7160
2020-07-13_14-11-24 7160
2020-07-13_14-11-24 7160
2020-07-13_14-11-24 7160
2020-07-13_14-11-24 7160
2020-07-13_14-11-24 7160
2020-07-13_14-11-24 7160
2020-07-13_14-11-24 7160
2020-07-13_14-11-24 7160
2020-07-13_14-11-24 7160
2020-07-13_14-11-24 7160
2020-07-13_14-11-24 7160
2020-07-13_14-11-24 7160
2020-07-13_14-11-24 7160
2020-07-13_14-11-24 7180
2020-07-13_14-11-24 7180
2020-07-13_14-11-24 7170
2020-07-13_14-11-24 7160
2020-07-13_14-11-24 7160
2020-07-13_14-11-24 7160
2020-07-13_14-11-24 7160
2020-07-13_14-11-24 7160
2020-07-13_14-11-24 7160
2020-07-13_14-11-24 7160
2020-07-13_14-11-24 7160
2020-07-13_14-11-24 7160
2020-07-13_14-11-24 7160
2020-07-13_14-11-24 7160
2020-07-13_14-11-24 7160
2020-07-13_14-11-24 7160
2020-07-13_14-11-24 7160
2020-07-13_14-11-24 7160
2020-07-13_14-11-24 7170
2020-07-13_14-11-24 7160
2020-07-13_14-11-24 7160
2020-07-13_14-11-24 7170
2020-07-13_14-11-24 7170
2020-07-13_14-11-24 7170
2020-07-13_14-11-24 7170
2020-07-13_14-11-24 7170
2020-07-13_14-11-24 7160
2020-07-13_14-11-24 7160
2020-07-13_14-11-24 7160
2020-07-13_14-11-24 7160
2020-07-13_14-11-24 7160
2020-07-13_14-11-24 7160
2020-07-13_14-11-24 7160
2020-07-13_14-11-24 7160
2020-07-13_14-11-24 7160
2020-07-13_14-11-24 7160
2020-07-13_14-11-24 7160
2020-07-13_14-11-24 7160
2020-07-13_14-11-24 7160
2020-07-13_14-11-24 7160
2020-07-13_14-11-24 7160
2020-07-13_14-11-24 7160
2020-07-13_14-11-24 7160
2020-07-13_14-11-24 7150
2020-07-13_14-11-24 7160
2020-07-13_14-11-24 7160
2020-07-13_14-11-24 7160
2020-07-13_14-11-24 7160
2020-07-13_14-11-24 7160
2020-07-13_14-11-24 7160
2020-07-13_14-11-24 7160
2020-07-13_14-11-24 7160
2020-07-13_14-11-24 7160
2020-07-13_14-11-24 7160
2020-07-13_14-11-24 7160
2020-07-13_14-11-24 7160
2020-07-13_14-11-24 7160
2020-07-13_14-11-24 7160
2020-07-13_14-11-24 7160
2020-07-13_14-11-24 7160
2020-07-13_14-11-24 7160
2020-07-13_14-11-24 7160
2020-07-13_14-11-24 7160
2020-07-13_14-11-24 7160
2020-07-13_14-11-24 7160
2020-07-13_14-11-24 7160
2020-07-13_14-11-24 7160
2020-07-13_14-11-24 7160
2020-07-13_14-11-24 7160
2020-07-13_14-11-24 7160
2020-07-13_14-11-24 7160
2020-07-13_14-11-24 7160
2020-07-13_14-11-24 7160
2020-07-13_14-11-24 7160
2020-07-13_14-11-24 7160
2020-07-13_14-11-24 7160
2020-07-13_14-11-24 7160
2020-07-13_14-11-24 7160
2020-07-13_14-11-24 7170
2020-07-13_14-11-24 7170
2020-07-13_14-11-24 7160
2020-07-13_14-11-24 7160
2020-07-13_14-11-24 7170
2020-07-13_14-11-24 7170
2020-07-13_14-11-24 7170
2020-07-13_14-11-24 7160
2020-07-13_14-11-24 7160
2020-07-13_14-11-24 7160
2020-07-13_14-11-24 7160
2020-07-13_14-11-24 7160
2020-07-13_14-11-24 7160
2020-07-13_14-11-24 7160
2020-07-13_14-11-24 7160
2020-07-13_14-11-24 7160
2020-07-13_14-11-24 7160
2020-07-13_14-11-24 7160
2020-07-13_14-11-24 7160
2020-07-13_14-11-24 7150
2020-07-13_14-11-24 7150
2020-07-13_14-11-24 7160
2020-07-13_14-11-24 7160
2020-07-13_14-11-24 7160
2020-07-13_14-11-24 7160
2020-07-13_14-11-24 7170
2020-07-13_14-11-24 7170
2020-07-13_14-11-24 7160
2020-07-13_14-11-24 7160
2020-07-13_14-11-24 7160
2020-07-13_14-11-24 7160
2020-07-13_14-11-24 7160
2020-07-13_14-11-24 7160
2020-07-13_14-11-24 7160
2020-07-13_14-11-24 7160
2020-07-13_14-11-24 7160
2020-07-13_14-11-24 7160
2020-07-13_14-11-24 7160
2020-07-13_14-11-24 7160
2020-07-13_14-11-24 7160
2020-07-13_14-11-24 7160
2020-07-13_14-11-24 7160
2020-07-13_14-11-24 7160
2020-07-13_14-11-24 7160
2020-07-13_14-11-24 7160
2020-07-13_14-11-24 7160
2020-07-13_14-11-24 7160
2020-07-13_14-11-24 7160
2020-07-13_14-11-24 7160
2020-07-13_14-11-24 7160
2020-07-13_14-11-24 7160
2020-07-13_14-11-24 7160
2020-07-13_14-11-24 7160
2020-07-13_14-11-24 7160
2020-07-13_14-11-24 7150
2020-07-13_14-11-24 7160
2020-07-13_14-11-24 7160
2020-07-13_14-11-24 7160
2020-07-13_14-11-24 7150
2020-07-13_14-11-24 7150
2020-07-13_14-11-24 7150
2020-07-13_14-11-24 7160
2020-07-13_14-11-24 7160
2020-07-13_14-11-24 7160
2020-07-13_14-11-24 7160
2020-07-13_14-11-24 7160
2020-07-13_14-11-24 7160
2020-07-13_14-11-24 7160
2020-07-13_14-11-24 7170
2020-07-13_14-11-24 7160
2020-07-13_14-11-24 7160
2020-07-13_14-11-24 7160
2020-07-13_14-11-24 7160
2020-07-13_14-11-24 7170
2020-07-13_14-11-24 7160
2020-07-13_14-11-24 7160
2020-07-13_14-11-24 7170
2020-07-13_14-11-24 7160
2020-07-13_14-11-24 7160
2020-07-13_14-11-24 7160
2020-07-13_14-11-24 7160
2020-07-13_14-11-24 7160
2020-07-13_14-11-24 7160
2020-07-13_14-11-24 7160
2020-07-13_14-11-24 7160
2020-07-13_14-11-24 7160
2020-07-13_14-11-24 7160
2020-07-13_14-11-24 7160
2020-07-13_14-11-24 7160
2020-07-13_14-11-24 7160
2020-07-13_14-11-24 7160
2020-07-13_14-11-24 7160
2020-07-13_14-11-24 7160
2020-07-13_14-11-24 7160
2020-07-13_14-11-24 7160
2020-07-13_14-11-24 7160
2020-07-13_14-11-24 7160
2020-07-13_14-11-24 7150
2020-07-13_14-11-24 7160
2020-07-13_14-11-24 7150
2020-07-13_14-11-24 7150
2020-07-13_14-11-24 7160
2020-07-13_14-11-24 7170
2020-07-13_14-11-24 7160
2020-07-13_14-11-24 7170
2020-07-13_14-11-24 7170
2020-07-13_14-11-24 7160
2020-07-13_14-11-24 7160
2020-07-13_14-11-24 7160
2020-07-13_14-11-24 7160
2020-07-13_14-11-24 7160
2020-07-13_14-11-24 7160
2020-07-13_14-11-24 7160
2020-07-13_14-11-24 7160
2020-07-13_14-11-24 7160
2020-07-13_14-11-24 7160
2020-07-13_14-11-24 7160
2020-07-13_14-11-24 7160
2020-07-13_14-11-24 7160
2020-07-13_14-11-24 7160
2020-07-13_14-11-24 7160
2020-07-13_14-11-24 7160
2020-07-13_14-11-24 7160
2020-07-13_14-11-24 7160
2020-07-13_14-11-24 7160
2020-07-13_14-11-24 7160
2020-07-13_14-11-24 7160
2020-07-13_14-11-24 7160
2020-07-13_14-11-24 7160
2020-07-13_14-11-24 7150
2020-07-13_14-11-24 7150
2020-07-13_14-11-24 7160
2020-07-13_14-11-24 7150
2020-07-13_14-11-24 7150
2020-07-13_14-11-24 7150
2020-07-13_14-11-24 7160
2020-07-13_14-11-24 7170
2020-07-13_14-11-24 7160
2020-07-13_14-11-24 7150
2020-07-13_14-11-24 7150
2020-07-13_14-11-24 7150
2020-07-13_14-11-24 7160
2020-07-13_14-11-24 7160
2020-07-13_14-11-24 7160
2020-07-13_14-11-24 7160
2020-07-13_14-11-24 7160
2020-07-13_14-11-24 7160
2020-07-13_14-11-24 7160
2020-07-13_14-11-24 7160
2020-07-13_14-11-24 7160
2020-07-13_14-11-24 7160
2020-07-13_14-11-24 7160
2020-07-13_14-11-24 7160
2020-07-13_14-11-24 7160
2020-07-13_14-11-24 7160
2020-07-13_14-11-24 7160
2020-07-13_14-11-24 7160
2020-07-13_14-11-24 7160
2020-07-13_14-11-24 7160
2020-07-13_14-11-24 7160
2020-07-13_14-11-24 7160
2020-07-13_14-11-24 7160
2020-07-13_14-11-24 7170
2020-07-13_14-11-24 7170
2020-07-13_14-11-24 7160
2020-07-13_14-11-24 7160
2020-07-13_14-11-24 7160
2020-07-13_14-11-24 7160
2020-07-13_14-11-24 7170
2020-07-13_14-11-24 7160
2020-07-13_14-11-24 7160
2020-07-13_14-11-24 7160
2020-07-13_14-11-24 7160
2020-07-13_14-11-24 7160
2020-07-13_14-11-24 7160
2020-07-13_14-11-24 7160
2020-07-13_14-11-24 7160
2020-07-13_14-11-24 7160
2020-07-13_14-11-24 7160
2020-07-13_14-11-24 7160
2020-07-13_14-11-24 7160
2020-07-13_14-11-24 7160
2020-07-13_14-11-24 7160
2020-07-13_14-11-24 7160
2020-07-13_14-11-24 7160
2020-07-13_14-11-24 7160
2020-07-13_14-11-24 7160
2020-07-13_14-11-24 7160
2020-07-13_14-11-24 7160
2020-07-13_14-11-24 7160
2020-07-13_14-11-24 7160
2020-07-13_14-11-24 7160
2020-07-13_14-11-24 7160
2020-07-13_14-11-24 7160
2020-07-13_14-11-24 7160
2020-07-13_14-11-24 7160
2020-07-13_14-11-24 7160
2020-07-13_14-11-24 7160
2020-07-13_14-11-24 7160
2020-07-13_14-11-24 7160
2020-07-13_14-11-24 7160
2020-07-13_14-11-24 7160
2020-07-13_14-11-24 7160
2020-07-13_14-11-24 7160
2020-07-13_14-11-24 7160
2020-07-13_14-11-24 7160
2020-07-13_14-11-24 7160
2020-07-13_14-11-24 7150
2020-07-13_14-11-24 7160
2020-07-13_14-11-24 7160
2020-07-13_14-11-24 7160
2020-07-13_14-11-24 7160
2020-07-13_14-11-24 7160
2020-07-13_14-11-24 7160
2020-07-13_14-11-24 7160
2020-07-13_14-11-24 7160
2020-07-13_14-11-24 7170
2020-07-13_14-11-24 7170
2020-07-13_14-11-24 7170
2020-07-13_14-11-24 7170
2020-07-13_14-11-24 7170
2020-07-13_14-11-24 7170
2020-07-13_14-11-24 7170
2020-07-13_14-11-24 7170
2020-07-13_14-11-24 7170
2020-07-13_14-11-24 7170
2020-07-13_14-11-24 7170
2020-07-13_14-11-24 7170
2020-07-13_14-11-24 7170
2020-07-13_14-11-24 7170
2020-07-13_14-11-24 7160
2020-07-13_14-11-24 7160
2020-07-13_14-11-24 7170
2020-07-13_14-11-24 7170
2020-07-13_14-11-24 7160
2020-07-13_14-11-24 7160
2020-07-13_14-11-24 7160
2020-07-13_14-11-24 7160
2020-07-13_14-11-24 7160
2020-07-13_14-11-24 7160
2020-07-13_14-11-24 7160
2020-07-13_14-11-24 7160
2020-07-13_14-11-24 7160
2020-07-13_14-11-24 7160
2020-07-13_14-11-24 7160
2020-07-13_14-11-24 7160
2020-07-13_14-11-24 7160
2020-07-13_14-11-24 7160
2020-07-13_14-11-24 7160
2020-07-13_14-11-24 7160
2020-07-13_14-11-24 7160
2020-07-13_14-11-24 7160
2020-07-13_14-11-24 7160
2020-07-13_14-11-24 7160
2020-07-13_14-11-24 7160
2020-07-13_14-11-24 7160
2020-07-13_14-11-24 7160
2020-07-13_14-11-24 7170
2020-07-13_14-11-24 7160
2020-07-13_14-11-24 7160
2020-07-13_14-11-24 7160
2020-07-13_14-11-24 7150
2020-07-13_14-11-24 7150
2020-07-13_14-11-24 7160
2020-07-13_14-11-24 7170
2020-07-13_14-11-24 7170
2020-07-13_14-11-24 7160
2020-07-13_14-11-24 7160
2020-07-13_14-11-24 7160
2020-07-13_14-11-24 7160
2020-07-13_14-11-24 7160
2020-07-13_14-11-24 7170
2020-07-13_14-11-24 7170
2020-07-13_14-11-24 7160
2020-07-13_14-11-24 7170
2020-07-13_14-11-24 7170
2020-07-13_14-11-24 7160
2020-07-13_14-11-24 7160
2020-07-13_14-11-24 7160
2020-07-13_14-11-24 7160
2020-07-13_14-11-24 7160
2020-07-13_14-11-24 7160
2020-07-13_14-11-24 7160
2020-07-13_14-11-24 7160
2020-07-13_14-11-24 7160
2020-07-13_14-11-24 7160
2020-07-13_14-11-24 7160
2020-07-13_14-11-24 7160
2020-07-13_14-11-24 7160
2020-07-13_14-11-24 7160
2020-07-13_14-11-24 7160
2020-07-13_14-11-24 7160
2020-07-13_14-11-24 7160
2020-07-13_14-11-24 7170
2020-07-13_14-11-24 7170
2020-07-13_14-11-24 7160
2020-07-13_14-11-24 7160
2020-07-13_14-11-24 7160
2020-07-13_14-11-24 7160
2020-07-13_14-11-24 7160
2020-07-13_14-11-24 7170
2020-07-13_14-11-24 7170
2020-07-13_14-11-24 7170
2020-07-13_14-11-24 7170
2020-07-13_14-11-24 7160
2020-07-13_14-11-24 7160
2020-07-13_14-11-24 7160
2020-07-13_14-11-24 7160
2020-07-13_14-11-24 7160
2020-07-13_14-11-24 7160
2020-07-13_14-11-24 7160
2020-07-13_14-11-24 7170
2020-07-13_14-11-24 7170
2020-07-13_14-11-24 7160
2020-07-13_14-11-24 7160
2020-07-13_14-11-24 7160
2020-07-13_14-11-24 7160
2020-07-13_14-11-24 7160
2020-07-13_14-11-24 7160
2020-07-13_14-11-24 7160
2020-07-13_14-11-24 7160
2020-07-13_14-11-24 7160
2020-07-13_14-11-24 7160
2020-07-13_14-11-24 7160
2020-07-13_14-11-24 7160
2020-07-13_14-11-24 7160
2020-07-13_14-11-24 7160
2020-07-13_14-11-24 7160
2020-07-13_14-11-24 7160
2020-07-13_14-11-24 7160
2020-07-13_14-11-24 7160
2020-07-13_14-11-24 7160
2020-07-13_14-11-24 7160
2020-07-13_14-11-24 7160
2020-07-13_14-11-24 7160
2020-07-13_14-11-24 7160
2020-07-13_14-11-24 7160
2020-07-13_14-11-24 7160
2020-07-13_14-11-24 7160
2020-07-13_14-11-24 7160
2020-07-13_14-11-24 7160
2020-07-13_14-11-24 7160
2020-07-13_14-11-24 7170
2020-07-13_14-11-24 7160
2020-07-13_14-11-24 7160
2020-07-13_14-11-24 7170
2020-07-13_14-11-24 7170
2020-07-13_14-11-24 7170
2020-07-13_14-11-24 7170
2020-07-13_14-11-24 7160
2020-07-13_14-11-24 7160
2020-07-13_14-11-24 7160
2020-07-13_14-11-24 7160
2020-07-13_14-11-24 7160
2020-07-13_14-11-24 7160
2020-07-13_14-11-24 7160
2020-07-13_14-11-24 7160
2020-07-13_14-11-24 7160
2020-07-13_14-11-24 7160
2020-07-13_14-11-24 7150
2020-07-13_14-11-24 7150
2020-07-13_14-11-24 7150
2020-07-13_14-11-24 7150
2020-07-13_14-11-24 7150
2020-07-13_14-11-24 7150
2020-07-13_14-11-24 7150
2020-07-13_14-11-24 7150
2020-07-13_14-11-24 7150
2020-07-13_14-11-24 7150
2020-07-13_14-11-24 7150
2020-07-13_14-11-24 7160
2020-07-13_14-11-24 7160
2020-07-13_14-11-24 7160
2020-07-13_14-11-24 7160
2020-07-13_14-11-24 7160
2020-07-13_14-11-24 7160
2020-07-13_14-11-24 7160
2020-07-13_14-11-24 7160
2020-07-13_14-11-24 7160
2020-07-13_14-11-24 7160
2020-07-13_14-11-24 7160
2020-07-13_14-11-24 7160
2020-07-13_14-11-24 7160
2020-07-13_14-11-24 7160
2020-07-13_14-11-24 7160
2020-07-13_14-11-24 7160
2020-07-13_14-11-24 7160
2020-07-13_14-11-24 7160
2020-07-13_14-11-24 7160
2020-07-13_14-11-24 7160
2020-07-13_14-11-24 7160
2020-07-13_14-11-24 7160
2020-07-13_14-11-24 7160
2020-07-13_14-11-24 7160
2020-07-13_14-11-24 7170
2020-07-13_14-11-24 7160
2020-07-13_14-11-24 7160
2020-07-13_14-11-24 7160
2020-07-13_14-11-24 7160
2020-07-13_14-11-24 7170
2020-07-13_14-11-24 7160
2020-07-13_14-11-24 7160
2020-07-13_14-11-24 7160
2020-07-13_14-11-24 7160
2020-07-13_14-11-24 7160
2020-07-13_14-11-24 7160
2020-07-13_14-11-24 7160
2020-07-13_14-11-24 7160
2020-07-13_14-11-24 7160
2020-07-13_14-11-24 7160
2020-07-13_14-11-24 7160
2020-07-13_14-11-24 7160
2020-07-13_14-11-24 7160
2020-07-13_14-11-24 7160
2020-07-13_14-11-24 7160
2020-07-13_14-11-24 7160
2020-07-13_14-11-24 7160
2020-07-13_14-11-24 7160
2020-07-13_14-11-24 7160
2020-07-13_14-11-24 7160
2020-07-13_14-11-24 7160
2020-07-13_14-11-24 7160
2020-07-13_14-11-24 7160
2020-07-13_14-11-24 7160
2020-07-13_14-11-24 7160
2020-07-13_14-11-24 7160
2020-07-13_14-11-24 7150
2020-07-13_14-11-24 7150
2020-07-13_14-11-24 7150
2020-07-13_14-11-24 7160
2020-07-13_14-11-24 7160
2020-07-13_14-11-24 7160
2020-07-13_14-11-24 7160
2020-07-13_14-11-24 7160
2020-07-13_14-11-24 7160
2020-07-13_14-11-24 7160
2020-07-13_14-11-24 7170
2020-07-13_14-11-24 7170
2020-07-13_14-11-24 7170
2020-07-13_14-11-24 7170
2020-07-13_14-11-24 7170
2020-07-13_14-11-24 7170
2020-07-13_14-11-24 7170
2020-07-13_14-11-24 7170
2020-07-13_14-11-24 7160
2020-07-13_14-11-24 7160
2020-07-13_14-11-24 7160
2020-07-13_14-11-24 7160
2020-07-13_14-11-24 7160
2020-07-13_14-11-24 7160
2020-07-13_14-11-24 7160
2020-07-13_14-11-24 7160
2020-07-13_14-11-24 7160
2020-07-13_14-11-24 7160
2020-07-13_14-11-24 7160
2020-07-13_14-11-24 7160
2020-07-13_14-11-24 7160
2020-07-13_14-11-24 7160
2020-07-13_14-11-24 7160
2020-07-13_14-11-24 7160
2020-07-13_14-11-24 7160
2020-07-13_14-11-24 7160
2020-07-13_14-11-24 7160
2020-07-13_14-11-24 7160
2020-07-13_14-11-24 7160
2020-07-13_14-11-24 7160
2020-07-13_14-11-24 7160
2020-07-13_14-11-24 7170
2020-07-13_14-11-24 7170
2020-07-13_14-11-24 7160
2020-07-13_14-11-24 7160
2020-07-13_14-11-24 7160
2020-07-13_14-11-24 7160
2020-07-13_14-11-24 7160
2020-07-13_14-11-24 7170
2020-07-13_14-11-24 7170
2020-07-13_14-11-24 7160
2020-07-13_14-11-24 7160
2020-07-13_14-11-24 7160
2020-07-13_14-11-24 7160
2020-07-13_14-11-24 7160
2020-07-13_14-11-24 7160
2020-07-13_14-11-24 7160
2020-07-13_14-11-24 7160
2020-07-13_14-11-24 7160
2020-07-13_14-11-24 7160
2020-07-13_14-11-24 7170
2020-07-13_14-11-24 7160
2020-07-13_14-11-24 7160
2020-07-13_14-11-24 7160
2020-07-13_14-11-24 7160
2020-07-13_14-11-24 7170
2020-07-13_14-11-24 7160
2020-07-13_14-11-24 7160
2020-07-13_14-11-24 7160
2020-07-13_14-11-24 7160
2020-07-13_14-11-24 7160
2020-07-13_14-11-25 7160
2020-07-13_14-11-25 7160
2020-07-13_14-11-25 7160
2020-07-13_14-11-25 7160
2020-07-13_14-11-25 7160
2020-07-13_14-11-25 7170
2020-07-13_14-11-25 7170
2020-07-13_14-11-25 7160
2020-07-13_14-11-25 7160
2020-07-13_14-11-25 7160
2020-07-13_14-11-25 7170
2020-07-13_14-11-25 7170
2020-07-13_14-11-25 7170
2020-07-13_14-11-25 7160
2020-07-13_14-11-25 7160
2020-07-13_14-11-25 7160
2020-07-13_14-11-25 7160
2020-07-13_14-11-25 7160
2020-07-13_14-11-25 7160
2020-07-13_14-11-25 7160
2020-07-13_14-11-25 7160
2020-07-13_14-11-25 7170
2020-07-13_14-11-25 7170
2020-07-13_14-11-25 7170
2020-07-13_14-11-25 7160
2020-07-13_14-11-25 7160
2020-07-13_14-11-25 7160
2020-07-13_14-11-25 7160
2020-07-13_14-11-25 7160
2020-07-13_14-11-25 7160
2020-07-13_14-11-25 7160
2020-07-13_14-11-25 7160
2020-07-13_14-11-25 7160
2020-07-13_14-11-25 7160
2020-07-13_14-11-25 7160
2020-07-13_14-11-25 7160
2020-07-13_14-11-25 7160
2020-07-13_14-11-25 7160
2020-07-13_14-11-25 7160
2020-07-13_14-11-25 7160
2020-07-13_14-11-25 7160
2020-07-13_14-11-25 7160
2020-07-13_14-11-25 7160
2020-07-13_14-11-25 7160
2020-07-13_14-11-25 7160
2020-07-13_14-11-25 7160
2020-07-13_14-11-25 7160
2020-07-13_14-11-25 7160
2020-07-13_14-11-25 7160
2020-07-13_14-11-25 7160
2020-07-13_14-11-25 7160
2020-07-13_14-11-25 7170
2020-07-13_14-11-25 7160
2020-07-13_14-11-25 7160
2020-07-13_14-11-25 7160
2020-07-13_14-11-25 7160
2020-07-13_14-11-25 7170
2020-07-13_14-11-25 7170
2020-07-13_14-11-25 7170
2020-07-13_14-11-25 7160
2020-07-13_14-11-25 7160
2020-07-13_14-11-25 7160
2020-07-13_14-11-25 7160
2020-07-13_14-11-25 7160
2020-07-13_14-11-25 7160
2020-07-13_14-11-25 7160
2020-07-13_14-11-25 7160
2020-07-13_14-11-25 7160
2020-07-13_14-11-25 7160
2020-07-13_14-11-25 7160
2020-07-13_14-11-25 7160
2020-07-13_14-11-25 7160
2020-07-13_14-11-25 7160
2020-07-13_14-11-25 7160
2020-07-13_14-11-25 7160
2020-07-13_14-11-25 7160
2020-07-13_14-11-25 7160
2020-07-13_14-11-25 7160
2020-07-13_14-11-25 7150
2020-07-13_14-11-25 7160
2020-07-13_14-11-25 7160
2020-07-13_14-11-25 7160
2020-07-13_14-11-25 7160
2020-07-13_14-11-25 7160
2020-07-13_14-11-25 7150
2020-07-13_14-11-25 7160
2020-07-13_14-11-25 7160
2020-07-13_14-11-25 7160
2020-07-13_14-11-25 7160
2020-07-13_14-11-25 7170
2020-07-13_14-11-25 7170
2020-07-13_14-11-25 7170
2020-07-13_14-11-25 7170
2020-07-13_14-11-25 7170
2020-07-13_14-11-25 7160
2020-07-13_14-11-25 7160
2020-07-13_14-11-25 7160
2020-07-13_14-11-25 7160
2020-07-13_14-11-25 7160
2020-07-13_14-11-25 7160
2020-07-13_14-11-25 7160
2020-07-13_14-11-25 7160
2020-07-13_14-11-25 7160
2020-07-13_14-11-25 7170
2020-07-13_14-11-25 7170
2020-07-13_14-11-25 7170
2020-07-13_14-11-25 7170
2020-07-13_14-11-25 7170
2020-07-13_14-11-25 7170
2020-07-13_14-11-25 7170
2020-07-13_14-11-25 7160
2020-07-13_14-11-25 7160
2020-07-13_14-11-25 7170
2020-07-13_14-11-25 7170
2020-07-13_14-11-25 7160
2020-07-13_14-11-25 7170
2020-07-13_14-11-25 7170
2020-07-13_14-11-25 7170
2020-07-13_14-11-25 7170
2020-07-13_14-11-25 7170
2020-07-13_14-11-25 7170
2020-07-13_14-11-25 7170
2020-07-13_14-11-25 7170
2020-07-13_14-11-25 7170
2020-07-13_14-11-25 7170
2020-07-13_14-11-25 7170
2020-07-13_14-11-25 7170
2020-07-13_14-11-25 7160
2020-07-13_14-11-25 7160
2020-07-13_14-11-25 7160
2020-07-13_14-11-25 7170
2020-07-13_14-11-25 7160
2020-07-13_14-11-25 7160
2020-07-13_14-11-25 7160
2020-07-13_14-11-25 7160
2020-07-13_14-11-25 7160
2020-07-13_14-11-25 7160
2020-07-13_14-11-25 7170
2020-07-13_14-11-25 7170
2020-07-13_14-11-25 7160
2020-07-13_14-11-25 7170
2020-07-13_14-11-25 7170
2020-07-13_14-11-25 7170
2020-07-13_14-11-25 7170
2020-07-13_14-11-25 7170
2020-07-13_14-11-25 7160
2020-07-13_14-11-25 7170
2020-07-13_14-11-25 7160
2020-07-13_14-11-25 7160
2020-07-13_14-11-25 7160
2020-07-13_14-11-25 7160
2020-07-13_14-11-25 7160
2020-07-13_14-11-25 7160
2020-07-13_14-11-25 7160
2020-07-13_14-11-25 7160
2020-07-13_14-11-25 7160
2020-07-13_14-11-25 7160
2020-07-13_14-11-25 7160
2020-07-13_14-11-25 7160
2020-07-13_14-11-25 7160
2020-07-13_14-11-25 7160
2020-07-13_14-11-25 7160
2020-07-13_14-11-25 7160
2020-07-13_14-11-25 7160
2020-07-13_14-11-25 7160
2020-07-13_14-11-25 7150
2020-07-13_14-11-25 7150
2020-07-13_14-11-25 7160
2020-07-13_14-11-25 7160
2020-07-13_14-11-25 7160
2020-07-13_14-11-25 7160
2020-07-13_14-11-25 7160
2020-07-13_14-11-25 7160
2020-07-13_14-11-25 7160
2020-07-13_14-11-25 7160
2020-07-13_14-11-25 7160
2020-07-13_14-11-25 7170
2020-07-13_14-11-25 7170
2020-07-13_14-11-25 7170
2020-07-13_14-11-25 7170
2020-07-13_14-11-25 7160
2020-07-13_14-11-25 7160
2020-07-13_14-11-25 7160
2020-07-13_14-11-25 7160
2020-07-13_14-11-25 7160
2020-07-13_14-11-25 7160
2020-07-13_14-11-25 7170
2020-07-13_14-11-25 7160
2020-07-13_14-11-25 7160
2020-07-13_14-11-25 7170
2020-07-13_14-11-25 7170
2020-07-13_14-11-25 7170
2020-07-13_14-11-25 7170
2020-07-13_14-11-25 7160
2020-07-13_14-11-25 7150
2020-07-13_14-11-25 7160
2020-07-13_14-11-25 7160
2020-07-13_14-11-25 7170
2020-07-13_14-11-25 7170
2020-07-13_14-11-25 7170
2020-07-13_14-11-25 7170
2020-07-13_14-11-25 7170
2020-07-13_14-11-25 7170
2020-07-13_14-11-25 7170
2020-07-13_14-11-25 7170
2020-07-13_14-11-25 7170
2020-07-13_14-11-25 7170
2020-07-13_14-11-25 7170
2020-07-13_14-11-25 7170
2020-07-13_14-11-25 7170
2020-07-13_14-11-25 7170
2020-07-13_14-11-25 7160
2020-07-13_14-11-25 7170
2020-07-13_14-11-25 7170
2020-07-13_14-11-25 7170
2020-07-13_14-11-25 7160
2020-07-13_14-11-25 7160
2020-07-13_14-11-25 7160
2020-07-13_14-11-25 7170
2020-07-13_14-11-25 7160
2020-07-13_14-11-25 7160
2020-07-13_14-11-25 7160
2020-07-13_14-11-25 7160
2020-07-13_14-11-25 7160
2020-07-13_14-11-25 7160
2020-07-13_14-11-25 7160
2020-07-13_14-11-25 7160
2020-07-13_14-11-25 7170
2020-07-13_14-11-25 7160
2020-07-13_14-11-25 7160
2020-07-13_14-11-25 7170
2020-07-13_14-11-25 7160
2020-07-13_14-11-25 7170
2020-07-13_14-11-25 7170
2020-07-13_14-11-25 7160
2020-07-13_14-11-25 7160
2020-07-13_14-11-25 7170
2020-07-13_14-11-25 7160
2020-07-13_14-11-25 7170
2020-07-13_14-11-25 7160
2020-07-13_14-11-25 7160
2020-07-13_14-11-25 7160
2020-07-13_14-11-25 7160
2020-07-13_14-11-25 7170
2020-07-13_14-11-25 7170
2020-07-13_14-11-25 7160
2020-07-13_14-11-25 7160
2020-07-13_14-11-25 7160
2020-07-13_14-11-25 7160
2020-07-13_14-11-25 7160
2020-07-13_14-11-25 7160
2020-07-13_14-11-25 7160
2020-07-13_14-11-25 7170
2020-07-13_14-11-25 7160
2020-07-13_14-11-25 7160
2020-07-13_14-11-25 7160
2020-07-13_14-11-25 7160
2020-07-13_14-11-25 7160
2020-07-13_14-11-25 7160
2020-07-13_14-11-25 7160
2020-07-13_14-11-25 7160
2020-07-13_14-11-25 7160
2020-07-13_14-11-25 7170
2020-07-13_14-11-25 7170
2020-07-13_14-11-25 7170
2020-07-13_14-11-25 7170
2020-07-13_14-11-25 7170
2020-07-13_14-11-25 7160
2020-07-13_14-11-25 7160
2020-07-13_14-11-25 7160
2020-07-13_14-11-25 7150
2020-07-13_14-11-25 7160
2020-07-13_14-11-25 7170
2020-07-13_14-11-25 7170
2020-07-13_14-11-25 7170
2020-07-13_14-11-25 7170
2020-07-13_14-11-25 7160
2020-07-13_14-11-25 7160
2020-07-13_14-11-25 7160
2020-07-13_14-11-25 7160
2020-07-13_14-11-25 7160
2020-07-13_14-11-25 7160
2020-07-13_14-11-25 7160
2020-07-13_14-11-25 7170
2020-07-13_14-11-25 7160
2020-07-13_14-11-25 7160
2020-07-13_14-11-25 7170
2020-07-13_14-11-25 7160
2020-07-13_14-11-25 7160
2020-07-13_14-11-25 7170
2020-07-13_14-11-25 7170
2020-07-13_14-11-25 7170
2020-07-13_14-11-25 7160
2020-07-13_14-11-25 7160
2020-07-13_14-11-25 7160
2020-07-13_14-11-25 7160
2020-07-13_14-11-25 7160
2020-07-13_14-11-25 7170
2020-07-13_14-11-25 7170
2020-07-13_14-11-25 7160
2020-07-13_14-11-25 7160
2020-07-13_14-11-25 7170
2020-07-13_14-11-25 7170
2020-07-13_14-11-25 7160
2020-07-13_14-11-25 7170
2020-07-13_14-11-25 7160
2020-07-13_14-11-25 7160
2020-07-13_14-11-25 7170
2020-07-13_14-11-25 7170
2020-07-13_14-11-25 7170
2020-07-13_14-11-25 7170
2020-07-13_14-11-25 7170
2020-07-13_14-11-25 7160
2020-07-13_14-11-25 7170
2020-07-13_14-11-25 7160
2020-07-13_14-11-25 7170
2020-07-13_14-11-25 7180
2020-07-13_14-11-25 7170
2020-07-13_14-11-25 7160
2020-07-13_14-11-25 7160
2020-07-13_14-11-25 7160
2020-07-13_14-11-25 7160
2020-07-13_14-11-25 7170
2020-07-13_14-11-25 7170
2020-07-13_14-11-25 7170
2020-07-13_14-11-25 7170
2020-07-13_14-11-25 7160
2020-07-13_14-11-25 7160
2020-07-13_14-11-25 7160
2020-07-13_14-11-25 7170
2020-07-13_14-11-25 7170
2020-07-13_14-11-25 7160
2020-07-13_14-11-25 7170
2020-07-13_14-11-25 7170
2020-07-13_14-11-25 7170
2020-07-13_14-11-25 7160
2020-07-13_14-11-25 7160
2020-07-13_14-11-25 7160
2020-07-13_14-11-25 7160
2020-07-13_14-11-25 7160
2020-07-13_14-11-25 7160
2020-07-13_14-11-25 7160
2020-07-13_14-11-25 7160
2020-07-13_14-11-25 7160
2020-07-13_14-11-25 7160
2020-07-13_14-11-25 7160
2020-07-13_14-11-25 7160
2020-07-13_14-11-25 7160
2020-07-13_14-11-25 7160
2020-07-13_14-11-25 7160
2020-07-13_14-11-25 7160
2020-07-13_14-11-25 7160
2020-07-13_14-11-25 7160
2020-07-13_14-11-25 7160
2020-07-13_14-11-25 7160
2020-07-13_14-11-25 7160
2020-07-13_14-11-25 7160
2020-07-13_14-11-25 7160
2020-07-13_14-11-25 7160
2020-07-13_14-11-25 7160
2020-07-13_14-11-25 7160
2020-07-13_14-11-25 7160
2020-07-13_14-11-25 7160
2020-07-13_14-11-25 7160
2020-07-13_14-11-25 7160
2020-07-13_14-11-25 7160
2020-07-13_14-11-25 7160
2020-07-13_14-11-25 7160
2020-07-13_14-11-25 7160
2020-07-13_14-11-25 7160
2020-07-13_14-11-25 7160
2020-07-13_14-11-25 7160
2020-07-13_14-11-25 7160
2020-07-13_14-11-25 7160
2020-07-13_14-11-25 7160
2020-07-13_14-11-25 7160
2020-07-13_14-11-25 7160
2020-07-13_14-11-25 7160
2020-07-13_14-11-25 7160
2020-07-13_14-11-25 7160
2020-07-13_14-11-25 7160
2020-07-13_14-11-25 7160
2020-07-13_14-11-25 7160
2020-07-13_14-11-25 7160
2020-07-13_14-11-25 7160
2020-07-13_14-11-25 7160
2020-07-13_14-11-25 7160
2020-07-13_14-11-25 7160
2020-07-13_14-11-25 7160
2020-07-13_14-11-25 7160
2020-07-13_14-11-25 7160
2020-07-13_14-11-25 7160
2020-07-13_14-11-25 7160
2020-07-13_14-11-25 7160
2020-07-13_14-11-25 7160
2020-07-13_14-11-25 7160
2020-07-13_14-11-25 7160
2020-07-13_14-11-25 7160
2020-07-13_14-11-25 7170
2020-07-13_14-11-25 7170
2020-07-13_14-11-25 7170
2020-07-13_14-11-25 7210
2020-07-13_14-11-25 7260
2020-07-13_14-11-25 7270
2020-07-13_14-11-25 7290
2020-07-13_14-11-25 7280
2020-07-13_14-11-25 7270
2020-07-13_14-11-25 7300
2020-07-13_14-11-25 7280
2020-07-13_14-11-25 7290
2020-07-13_14-11-25 7280
2020-07-13_14-11-25 7280
2020-07-13_14-11-25 7270
2020-07-13_14-11-25 7290
2020-07-13_14-11-25 7260
2020-07-13_14-11-25 7330
2020-07-13_14-11-25 7260
2020-07-13_14-11-25 7260
2020-07-13_14-11-25 7270
2020-07-13_14-11-25 7280
2020-07-13_14-11-25 7260
2020-07-13_14-11-25 7310
2020-07-13_14-11-25 7280
2020-07-13_14-11-25 7270
2020-07-13_14-11-25 7290
2020-07-13_14-11-25 7280
2020-07-13_14-11-25 7280
2020-07-13_14-11-25 7280
2020-07-13_14-11-25 7280
2020-07-13_14-11-25 7280
2020-07-13_14-11-25 7280
2020-07-13_14-11-25 7280
2020-07-13_14-11-25 7280
2020-07-13_14-11-25 7280
2020-07-13_14-11-25 7280
2020-07-13_14-11-25 7280
2020-07-13_14-11-25 7280
2020-07-13_14-11-25 7280
2020-07-13_14-11-25 7280
2020-07-13_14-11-25 7280
2020-07-13_14-11-25 7280
2020-07-13_14-11-25 7280
2020-07-13_14-11-25 5140
2020-07-13_14-11-25 5040
2020-07-13_14-11-25 5120
2020-07-13_14-11-25 7170
2020-07-13_14-11-25 7160
2020-07-13_14-11-25 7160
2020-07-13_14-11-25 7160
2020-07-13_14-11-25 7160
2020-07-13_14-11-25 7160
2020-07-13_14-11-25 7170
2020-07-13_14-11-25 7170
2020-07-13_14-11-25 7170
2020-07-13_14-11-25 7160
2020-07-13_14-11-25 7160
2020-07-13_14-11-25 7160
2020-07-13_14-11-25 7160
2020-07-13_14-11-25 7170
2020-07-13_14-11-25 7170
2020-07-13_14-11-25 7170
2020-07-13_14-11-25 7170
2020-07-13_14-11-25 7160
2020-07-13_14-11-25 7160
2020-07-13_14-11-25 7160
2020-07-13_14-11-25 7170
2020-07-13_14-11-25 7160
2020-07-13_14-11-25 7160
2020-07-13_14-11-25 7170
2020-07-13_14-11-25 7170
2020-07-13_14-11-25 7170
2020-07-13_14-11-25 7170
2020-07-13_14-11-25 7170
2020-07-13_14-11-25 7170
2020-07-13_14-11-25 7160
2020-07-13_14-11-25 7160
2020-07-13_14-11-25 7160
2020-07-13_14-11-25 7170
2020-07-13_14-11-25 7170
2020-07-13_14-11-25 7160
2020-07-13_14-11-25 7160
2020-07-13_14-11-25 7160
2020-07-13_14-11-25 7170
2020-07-13_14-11-25 7160
2020-07-13_14-11-25 7160
2020-07-13_14-11-25 7160
2020-07-13_14-11-25 7160
2020-07-13_14-11-25 7170
2020-07-13_14-11-25 7170
2020-07-13_14-11-25 7170
2020-07-13_14-11-25 7170
2020-07-13_14-11-25 7170
2020-07-13_14-11-25 7160
2020-07-13_14-11-25 7170
2020-07-13_14-11-25 7170
2020-07-13_14-11-25 7170
2020-07-13_14-11-25 7180
2020-07-13_14-11-25 7170
2020-07-13_14-11-25 7150
2020-07-13_14-11-25 7160
2020-07-13_14-11-25 7160
2020-07-13_14-11-25 7160
2020-07-13_14-11-25 7160
2020-07-13_14-11-25 7170
2020-07-13_14-11-25 7170
2020-07-13_14-11-25 7170
2020-07-13_14-11-25 7170
2020-07-13_14-11-25 7160
2020-07-13_14-11-25 7160
2020-07-13_14-11-25 7170
2020-07-13_14-11-25 7170
2020-07-13_14-11-25 7160
2020-07-13_14-11-25 7170
2020-07-13_14-11-25 7170
2020-07-13_14-11-25 7170
2020-07-13_14-11-25 7170
2020-07-13_14-11-25 7170
2020-07-13_14-11-25 7160
2020-07-13_14-11-25 7160
2020-07-13_14-11-25 7160
2020-07-13_14-11-25 7160
2020-07-13_14-11-25 7160
2020-07-13_14-11-25 7160
2020-07-13_14-11-25 7160
2020-07-13_14-11-25 7160
2020-07-13_14-11-25 7160
2020-07-13_14-11-25 7160
2020-07-13_14-11-25 7160
2020-07-13_14-11-25 7160
2020-07-13_14-11-25 7160
2020-07-13_14-11-25 7160
2020-07-13_14-11-25 7160
2020-07-13_14-11-25 7160
2020-07-13_14-11-25 7160
2020-07-13_14-11-25 7160
2020-07-13_14-11-25 7160
2020-07-13_14-11-25 7160
2020-07-13_14-11-25 7160
2020-07-13_14-11-25 7160
2020-07-13_14-11-25 7160
2020-07-13_14-11-25 7160
2020-07-13_14-11-25 7160
2020-07-13_14-11-25 7160
2020-07-13_14-11-25 7160
2020-07-13_14-11-25 7160
2020-07-13_14-11-25 7160
2020-07-13_14-11-25 7160
2020-07-13_14-11-25 7160
2020-07-13_14-11-25 7160
2020-07-13_14-11-25 7160
2020-07-13_14-11-25 7160
2020-07-13_14-11-25 7160
2020-07-13_14-11-25 7160
2020-07-13_14-11-25 7160
2020-07-13_14-11-25 7160
2020-07-13_14-11-25 7160
2020-07-13_14-11-25 7160
2020-07-13_14-11-25 7160
2020-07-13_14-11-25 7160
2020-07-13_14-11-25 7160
2020-07-13_14-11-25 7160
2020-07-13_14-11-25 7160
2020-07-13_14-11-25 7160
2020-07-13_14-11-25 7160
2020-07-13_14-11-25 7160
2020-07-13_14-11-25 7160
2020-07-13_14-11-25 7160
2020-07-13_14-11-25 7160
2020-07-13_14-11-25 7160
2020-07-13_14-11-25 7160
2020-07-13_14-11-25 7160
2020-07-13_14-11-25 7160
2020-07-13_14-11-25 7160
2020-07-13_14-11-25 7160
2020-07-13_14-11-25 7160
2020-07-13_14-11-25 7160
2020-07-13_14-11-25 7160
2020-07-13_14-11-25 7160
2020-07-13_14-11-25 7170
2020-07-13_14-11-25 7170
2020-07-13_14-11-25 7180
2020-07-13_14-11-25 7240
2020-07-13_14-11-25 7270
2020-07-13_14-11-25 7280
2020-07-13_14-11-25 7290
2020-07-13_14-11-25 7270
2020-07-13_14-11-25 7290
2020-07-13_14-11-25 7290
2020-07-13_14-11-25 7290
2020-07-13_14-11-25 7280
2020-07-13_14-11-25 7280
2020-07-13_14-11-25 7260
2020-07-13_14-11-25 7290
2020-07-13_14-11-25 7270
2020-07-13_14-11-25 7250
2020-07-13_14-11-25 7260
2020-07-13_14-11-25 7280
2020-07-13_14-11-25 7310
2020-07-13_14-11-25 7290
2020-07-13_14-11-25 7260
2020-07-13_14-11-25 7280
2020-07-13_14-11-25 7260
2020-07-13_14-11-25 7290
2020-07-13_14-11-25 7310
2020-07-13_14-11-25 7260
2020-07-13_14-11-25 7260
2020-07-13_14-11-25 7280
2020-07-13_14-11-25 7280
2020-07-13_14-11-25 7280
2020-07-13_14-11-25 7280
2020-07-13_14-11-25 7280
2020-07-13_14-11-25 7280
2020-07-13_14-11-25 7280
2020-07-13_14-11-25 7280
2020-07-13_14-11-25 7280
2020-07-13_14-11-25 7280
2020-07-13_14-11-25 7280
2020-07-13_14-11-25 7280
2020-07-13_14-11-25 7280
2020-07-13_14-11-25 7280
2020-07-13_14-11-25 7280
2020-07-13_14-11-25 7280
2020-07-13_14-11-25 7280
2020-07-13_14-11-25 7280
2020-07-13_14-11-25 7280
2020-07-13_14-11-25 7280
2020-07-13_14-11-25 7280
2020-07-13_14-11-25 7280
2020-07-13_14-11-25 7280
2020-07-13_14-11-25 7280
2020-07-13_14-11-25 7280
2020-07-13_14-11-25 7280
2020-07-13_14-11-25 7280
2020-07-13_14-11-25 7280
2020-07-13_14-11-25 7280
2020-07-13_14-11-25 7280
2020-07-13_14-11-25 7280
2020-07-13_14-11-25 6940
2020-07-13_14-11-25 6250
2020-07-13_14-11-25 5490
2020-07-13_14-11-25 5130
2020-07-13_14-11-25 5150
2020-07-13_14-11-25 5070
2020-07-13_14-11-25 5060
2020-07-13_14-11-25 5140
2020-07-13_14-11-25 5100
2020-07-13_14-11-25 5130
2020-07-13_14-11-25 5080
2020-07-13_14-11-25 4540
2020-07-13_14-11-25 3050
2020-07-13_14-11-25 2770
2020-07-13_14-11-25 2740
2020-07-13_14-11-25 2730
2020-07-13_14-11-25 2730
2020-07-13_14-11-25 2760
2020-07-13_14-11-25 2720
2020-07-13_14-11-25 2740
2020-07-13_14-11-25 2750
2020-07-13_14-11-25 2730
2020-07-13_14-11-25 2510
2020-07-13_14-11-25 1540
2020-07-13_14-11-25 1220
2020-07-13_14-11-25 1220
2020-07-13_14-11-25 1200
2020-07-13_14-11-25 1190
2020-07-13_14-11-25 1230
2020-07-13_14-11-25 1230
2020-07-13_14-11-25 1100
