2020-07-13_14-10-06 1620
2020-07-13_14-10-06 2760
2020-07-13_14-10-06 3170
2020-07-13_14-10-06 2900
2020-07-13_14-10-06 2700
2020-07-13_14-10-06 2790
2020-07-13_14-10-06 2930
2020-07-13_14-10-06 2880
2020-07-13_14-10-06 2760
2020-07-13_14-10-06 2730
2020-07-13_14-10-06 2750
2020-07-13_14-10-06 2730
2020-07-13_14-10-06 2690
2020-07-13_14-10-06 2930
2020-07-13_14-10-06 4890
2020-07-13_14-10-06 8070
2020-07-13_14-10-06 10640
2020-07-13_14-10-06 11000
2020-07-13_14-10-06 10260
2020-07-13_14-10-06 10270
2020-07-13_14-10-06 10690
2020-07-13_14-10-06 10680
2020-07-13_14-10-06 10410
2020-07-13_14-10-06 10480
2020-07-13_14-10-06 10690
2020-07-13_14-10-06 10560
2020-07-13_14-10-06 10410
2020-07-13_14-10-06 10550
2020-07-13_14-10-06 10640
2020-07-13_14-10-06 10500
2020-07-13_14-10-06 10460
2020-07-13_14-10-06 10590
2020-07-13_14-10-06 10590
2020-07-13_14-10-06 10490
2020-07-13_14-10-06 10550
2020-07-13_14-10-06 10620
2020-07-13_14-10-06 10530
2020-07-13_14-10-06 10480
2020-07-13_14-10-06 10580
2020-07-13_14-10-06 10610
2020-07-13_14-10-06 10520
2020-07-13_14-10-06 10520
2020-07-13_14-10-06 10590
2020-07-13_14-10-06 10560
2020-07-13_14-10-06 10500
2020-07-13_14-10-06 10540
2020-07-13_14-10-06 10580
2020-07-13_14-10-06 10530
2020-07-13_14-10-06 10530
2020-07-13_14-10-06 10590
2020-07-13_14-10-06 10600
2020-07-13_14-10-06 10530
2020-07-13_14-10-06 10520
2020-07-13_14-10-06 10550
2020-07-13_14-10-06 10570
2020-07-13_14-10-06 10560
2020-07-13_14-10-06 10560
2020-07-13_14-10-06 10570
2020-07-13_14-10-06 10560
2020-07-13_14-10-06 10550
2020-07-13_14-10-06 10550
2020-07-13_14-10-06 10560
2020-07-13_14-10-06 10560
2020-07-13_14-10-06 10550
2020-07-13_14-10-06 10550
2020-07-13_14-10-06 10560
2020-07-13_14-10-06 10560
2020-07-13_14-10-06 10550
2020-07-13_14-10-06 10550
2020-07-13_14-10-06 10550
2020-07-13_14-10-06 10550
2020-07-13_14-10-06 10550
2020-07-13_14-10-06 10560
2020-07-13_14-10-06 10560
2020-07-13_14-10-06 10560
2020-07-13_14-10-06 10560
2020-07-13_14-10-06 10560
2020-07-13_14-10-06 10560
2020-07-13_14-10-06 10560
2020-07-13_14-10-06 10560
2020-07-13_14-10-06 10550
2020-07-13_14-10-06 10540
2020-07-13_14-10-06 10560
2020-07-13_14-10-06 10540
2020-07-13_14-10-06 10510
2020-07-13_14-10-06 10500
2020-07-13_14-10-06 10540
2020-07-13_14-10-06 10560
2020-07-13_14-10-06 10520
2020-07-13_14-10-06 10510
2020-07-13_14-10-06 10530
2020-07-13_14-10-06 10540
2020-07-13_14-10-06 10520
2020-07-13_14-10-06 10520
2020-07-13_14-10-06 10540
2020-07-13_14-10-06 10530
2020-07-13_14-10-06 10510
2020-07-13_14-10-06 10500
2020-07-13_14-10-06 10500
2020-07-13_14-10-06 10500
2020-07-13_14-10-06 10490
2020-07-13_14-10-06 10500
2020-07-13_14-10-06 10560
2020-07-13_14-10-06 10550
2020-07-13_14-10-06 10480
2020-07-13_14-10-06 10520
2020-07-13_14-10-06 10590
2020-07-13_14-10-06 10580
2020-07-13_14-10-06 10500
2020-07-13_14-10-06 10550
2020-07-13_14-10-06 10620
2020-07-13_14-10-06 10550
2020-07-13_14-10-06 10490
2020-07-13_14-10-06 10480
2020-07-13_14-10-06 9980
2020-07-13_14-10-06 9080
2020-07-13_14-10-06 8330
2020-07-13_14-10-06 8100
2020-07-13_14-10-06 8040
2020-07-13_14-10-06 7940
2020-07-13_14-10-06 7960
2020-07-13_14-10-06 8010
2020-07-13_14-10-06 7950
2020-07-13_14-10-06 7950
2020-07-13_14-10-06 8020
2020-07-13_14-10-06 8020
2020-07-13_14-10-06 7970
2020-07-13_14-10-06 7990
2020-07-13_14-10-06 8020
2020-07-13_14-10-06 7880
2020-07-13_14-10-06 6790
2020-07-13_14-10-06 4550
2020-07-13_14-10-06 2040
