2020-07-13_14-11-02 9700
2020-07-13_14-11-02 9690
2020-07-13_14-11-02 9690
2020-07-13_14-11-02 9690
2020-07-13_14-11-02 9680
2020-07-13_14-11-02 9700
2020-07-13_14-11-02 9690
2020-07-13_14-11-02 9690
2020-07-13_14-11-02 9690
2020-07-13_14-11-02 9680
2020-07-13_14-11-02 9680
2020-07-13_14-11-02 9680
2020-07-13_14-11-02 9690
2020-07-13_14-11-02 9700
2020-07-13_14-11-02 9690
2020-07-13_14-11-02 9690
2020-07-13_14-11-02 9690
2020-07-13_14-11-02 9690
2020-07-13_14-11-02 9690
2020-07-13_14-11-02 9690
2020-07-13_14-11-02 9690
2020-07-13_14-11-02 9690
2020-07-13_14-11-02 9690
2020-07-13_14-11-02 9690
2020-07-13_14-11-02 9690
2020-07-13_14-11-02 9690
2020-07-13_14-11-02 9690
2020-07-13_14-11-02 9690
2020-07-13_14-11-02 9690
2020-07-13_14-11-02 9690
2020-07-13_14-11-02 9690
2020-07-13_14-11-02 9690
2020-07-13_14-11-02 9690
2020-07-13_14-11-02 9690
2020-07-13_14-11-02 9690
2020-07-13_14-11-02 9690
2020-07-13_14-11-02 9690
2020-07-13_14-11-02 9690
2020-07-13_14-11-02 9690
2020-07-13_14-11-02 9690
2020-07-13_14-11-02 9690
2020-07-13_14-11-02 9690
2020-07-13_14-11-02 9690
2020-07-13_14-11-02 9690
2020-07-13_14-11-02 9690
2020-07-13_14-11-02 9690
2020-07-13_14-11-02 9690
2020-07-13_14-11-02 9690
2020-07-13_14-11-02 9690
2020-07-13_14-11-02 9690
2020-07-13_14-11-02 9690
2020-07-13_14-11-02 9690
2020-07-13_14-11-02 9690
2020-07-13_14-11-02 9690
2020-07-13_14-11-02 9680
2020-07-13_14-11-02 9680
2020-07-13_14-11-02 9680
2020-07-13_14-11-02 9690
2020-07-13_14-11-02 9680
2020-07-13_14-11-02 9680
2020-07-13_14-11-02 9680
2020-07-13_14-11-02 9680
2020-07-13_14-11-02 9650
2020-07-13_14-11-02 9660
2020-07-13_14-11-02 9650
2020-07-13_14-11-02 9640
2020-07-13_14-11-02 9640
2020-07-13_14-11-02 9630
2020-07-13_14-11-02 9640
2020-07-13_14-11-02 9620
2020-07-13_14-11-02 9640
2020-07-13_14-11-02 10330
2020-07-13_14-11-02 12200
2020-07-13_14-11-02 12280
2020-07-13_14-11-02 12260
2020-07-13_14-11-02 12260
2020-07-13_14-11-02 12270
2020-07-13_14-11-02 12260
2020-07-13_14-11-02 12100
2020-07-13_14-11-02 11240
2020-07-13_14-11-02 8420
2020-07-13_14-11-02 8360
2020-07-13_14-11-02 10740
2020-07-13_14-11-02 10720
2020-07-13_14-11-02 10700
2020-07-13_14-11-02 10710
2020-07-13_14-11-02 10650
2020-07-13_14-11-02 10680
2020-07-13_14-11-02 10650
2020-07-13_14-11-02 9050
2020-07-13_14-11-02 7810
2020-07-13_14-11-02 7810
2020-07-13_14-11-02 5330
2020-07-13_14-11-02 4890
2020-07-13_14-11-02 4910
2020-07-13_14-11-02 4910
2020-07-13_14-11-02 4900
2020-07-13_14-11-02 4880
2020-07-13_14-11-02 4870
2020-07-13_14-11-02 4890
2020-07-13_14-11-02 4900
2020-07-13_14-11-02 4920
2020-07-13_14-11-02 4900
2020-07-13_14-11-02 4920
2020-07-13_14-11-02 4890
2020-07-13_14-11-02 4920
2020-07-13_14-11-02 4900
2020-07-13_14-11-02 4910
2020-07-13_14-11-02 4910
2020-07-13_14-11-02 4910
2020-07-13_14-11-02 4910
2020-07-13_14-11-02 4900
2020-07-13_14-11-02 4900
2020-07-13_14-11-02 4900
2020-07-13_14-11-02 4900
2020-07-13_14-11-02 4910
2020-07-13_14-11-02 4910
2020-07-13_14-11-02 4900
2020-07-13_14-11-02 4900
2020-07-13_14-11-02 4900
2020-07-13_14-11-02 4900
2020-07-13_14-11-02 4910
2020-07-13_14-11-02 4910
2020-07-13_14-11-02 4910
2020-07-13_14-11-02 4900
2020-07-13_14-11-02 4900
2020-07-13_14-11-02 4900
2020-07-13_14-11-02 4900
2020-07-13_14-11-02 4900
2020-07-13_14-11-02 4900
2020-07-13_14-11-02 4910
2020-07-13_14-11-02 4900
2020-07-13_14-11-02 4910
2020-07-13_14-11-02 4910
2020-07-13_14-11-02 4910
2020-07-13_14-11-02 4910
2020-07-13_14-11-02 4920
2020-07-13_14-11-02 4920
2020-07-13_14-11-02 4920
2020-07-13_14-11-02 4920
2020-07-13_14-11-02 4930
2020-07-13_14-11-02 4920
2020-07-13_14-11-02 4950
2020-07-13_14-11-02 4930
2020-07-13_14-11-02 2330
2020-07-13_14-11-02 2340
2020-07-13_14-11-02 2330
2020-07-13_14-11-02 2310
2020-07-13_14-11-02 2300
