2020-07-13_14-11-09 1030
2020-07-13_14-11-09 2770
2020-07-13_14-11-09 2520
2020-07-13_14-11-09 2710
2020-07-13_14-11-09 2590
2020-07-13_14-11-09 2670
2020-07-13_14-11-09 2780
2020-07-13_14-11-09 7390
2020-07-13_14-11-09 10040
2020-07-13_14-11-09 9440
2020-07-13_14-11-09 9740
2020-07-13_14-11-09 9650
2020-07-13_14-11-09 9650
2020-07-13_14-11-09 9700
2020-07-13_14-11-09 9570
2020-07-13_14-11-09 9750
2020-07-13_14-11-09 9570
2020-07-13_14-11-09 9690
2020-07-13_14-11-09 9610
2020-07-13_14-11-09 9650
2020-07-13_14-11-09 9670
2020-07-13_14-11-09 9700
2020-07-13_14-11-09 9610
2020-07-13_14-11-09 9690
2020-07-13_14-11-09 9640
2020-07-13_14-11-09 9690
2020-07-13_14-11-09 9670
2020-07-13_14-11-09 9670
2020-07-13_14-11-09 9680
2020-07-13_14-11-09 9660
2020-07-13_14-11-09 9670
2020-07-13_14-11-09 9650
2020-07-13_14-11-09 9660
2020-07-13_14-11-09 9680
2020-07-13_14-11-09 9670
2020-07-13_14-11-09 9670
2020-07-13_14-11-09 9650
2020-07-13_14-11-09 9670
2020-07-13_14-11-09 9700
2020-07-13_14-11-09 9670
2020-07-13_14-11-09 9680
2020-07-13_14-11-09 9670
2020-07-13_14-11-09 9670
2020-07-13_14-11-09 9670
2020-07-13_14-11-09 9670
2020-07-13_14-11-09 9670
2020-07-13_14-11-09 9670
2020-07-13_14-11-09 9670
2020-07-13_14-11-09 9660
2020-07-13_14-11-09 9660
2020-07-13_14-11-09 9660
2020-07-13_14-11-09 9670
2020-07-13_14-11-09 1980
2020-07-13_14-11-09 2530
2020-07-13_14-11-09 2670
2020-07-13_14-11-09 2620
2020-07-13_14-11-09 2650
2020-07-13_14-11-09 2610
2020-07-13_14-11-09 4530
2020-07-13_14-11-09 9700
2020-07-13_14-11-09 9420
2020-07-13_14-11-09 9780
2020-07-13_14-11-09 9560
2020-07-13_14-11-09 9750
2020-07-13_14-11-09 9600
2020-07-13_14-11-09 9680
2020-07-13_14-11-09 9650
2020-07-13_14-11-09 9670
2020-07-13_14-11-09 9640
2020-07-13_14-11-09 9620
2020-07-13_14-11-09 9660
2020-07-13_14-11-09 9610
2020-07-13_14-11-09 9750
2020-07-13_14-11-09 9590
2020-07-13_14-11-09 9680
2020-07-13_14-11-09 9650
2020-07-13_14-11-09 9690
2020-07-13_14-11-09 9660
2020-07-13_14-11-09 9690
2020-07-13_14-11-09 9660
2020-07-13_14-11-09 9680
2020-07-13_14-11-09 9660
2020-07-13_14-11-09 9660
2020-07-13_14-11-09 9660
2020-07-13_14-11-09 9670
2020-07-13_14-11-09 9680
2020-07-13_14-11-09 9670
2020-07-13_14-11-09 9660
2020-07-13_14-11-09 9650
2020-07-13_14-11-09 9700
2020-07-13_14-11-09 9680
2020-07-13_14-11-09 9680
2020-07-13_14-11-09 9670
2020-07-13_14-11-09 9670
2020-07-13_14-11-09 9670
2020-07-13_14-11-09 9670
2020-07-13_14-11-09 9680
2020-07-13_14-11-09 9660
2020-07-13_14-11-09 9670
2020-07-13_14-11-09 9680
2020-07-13_14-11-09 9670
2020-07-13_14-11-09 9660
2020-07-13_14-11-09 9660
2020-07-13_14-11-09 9680
2020-07-13_14-11-09 9680
2020-07-13_14-11-09 9670
2020-07-13_14-11-09 9670
2020-07-13_14-11-09 9670
2020-07-13_14-11-09 9670
2020-07-13_14-11-09 9680
2020-07-13_14-11-09 9670
2020-07-13_14-11-09 9670
2020-07-13_14-11-09 9670
2020-07-13_14-11-09 9680
2020-07-13_14-11-09 9670
2020-07-13_14-11-09 9670
2020-07-13_14-11-09 9660
2020-07-13_14-11-09 9660
2020-07-13_14-11-09 9670
2020-07-13_14-11-09 9670
2020-07-13_14-11-09 9670
2020-07-13_14-11-09 9670
2020-07-13_14-11-09 9670
2020-07-13_14-11-09 9670
2020-07-13_14-11-09 9680
2020-07-13_14-11-09 9670
2020-07-13_14-11-09 9670
2020-07-13_14-11-09 9670
2020-07-13_14-11-09 9670
2020-07-13_14-11-09 9670
2020-07-13_14-11-09 9670
2020-07-13_14-11-09 9680
2020-07-13_14-11-09 9670
2020-07-13_14-11-09 9680
2020-07-13_14-11-09 9680
2020-07-13_14-11-09 9680
2020-07-13_14-11-09 9670
2020-07-13_14-11-09 9670
2020-07-13_14-11-09 9670
2020-07-13_14-11-09 9680
2020-07-13_14-11-09 9670
2020-07-13_14-11-09 9670
2020-07-13_14-11-09 9670
2020-07-13_14-11-09 9680
2020-07-13_14-11-09 9670
2020-07-13_14-11-09 9670
2020-07-13_14-11-09 9670
2020-07-13_14-11-09 9670
2020-07-13_14-11-09 9670
2020-07-13_14-11-09 9670
2020-07-13_14-11-09 9670
2020-07-13_14-11-09 9670
2020-07-13_14-11-09 9680
2020-07-13_14-11-09 9670
2020-07-13_14-11-09 9670
2020-07-13_14-11-09 9670
2020-07-13_14-11-09 9670
2020-07-13_14-11-09 9670
2020-07-13_14-11-09 9670
2020-07-13_14-11-09 9670
2020-07-13_14-11-09 9670
2020-07-13_14-11-09 9670
2020-07-13_14-11-09 9670
2020-07-13_14-11-09 9680
2020-07-13_14-11-09 9680
2020-07-13_14-11-09 9670
2020-07-13_14-11-09 9670
2020-07-13_14-11-09 9670
2020-07-13_14-11-09 9670
2020-07-13_14-11-09 9680
2020-07-13_14-11-09 9670
2020-07-13_14-11-09 9670
2020-07-13_14-11-09 9670
2020-07-13_14-11-09 9680
2020-07-13_14-11-09 9680
2020-07-13_14-11-09 9670
2020-07-13_14-11-09 9670
2020-07-13_14-11-09 9670
2020-07-13_14-11-09 9660
2020-07-13_14-11-09 9660
2020-07-13_14-11-09 9660
2020-07-13_14-11-09 9660
2020-07-13_14-11-09 9670
2020-07-13_14-11-09 9670
2020-07-13_14-11-09 9680
2020-07-13_14-11-09 9680
2020-07-13_14-11-09 9680
2020-07-13_14-11-09 9680
2020-07-13_14-11-09 9680
2020-07-13_14-11-09 9680
2020-07-13_14-11-09 9670
2020-07-13_14-11-09 9670
2020-07-13_14-11-09 9670
2020-07-13_14-11-09 9670
2020-07-13_14-11-09 9670
2020-07-13_14-11-09 9670
2020-07-13_14-11-09 9670
2020-07-13_14-11-09 9670
2020-07-13_14-11-09 9670
2020-07-13_14-11-09 9670
2020-07-13_14-11-09 9670
2020-07-13_14-11-09 9670
2020-07-13_14-11-09 9670
2020-07-13_14-11-09 9670
2020-07-13_14-11-09 9670
2020-07-13_14-11-09 9670
2020-07-13_14-11-09 9670
2020-07-13_14-11-09 9670
2020-07-13_14-11-09 9670
2020-07-13_14-11-09 9670
2020-07-13_14-11-09 9670
2020-07-13_14-11-09 9670
2020-07-13_14-11-09 9670
2020-07-13_14-11-09 9650
2020-07-13_14-11-09 9630
2020-07-13_14-11-09 9610
2020-07-13_14-11-09 9600
2020-07-13_14-11-09 9600
2020-07-13_14-11-09 9600
2020-07-13_14-11-09 9610
2020-07-13_14-11-09 9620
2020-07-13_14-11-09 9610
2020-07-13_14-11-09 9610
2020-07-13_14-11-09 9600
2020-07-13_14-11-09 9600
2020-07-13_14-11-09 9600
2020-07-13_14-11-09 9600
2020-07-13_14-11-09 9590
2020-07-13_14-11-09 9590
2020-07-13_14-11-09 9590
2020-07-13_14-11-09 9590
2020-07-13_14-11-09 9600
2020-07-13_14-11-09 9600
2020-07-13_14-11-09 9600
2020-07-13_14-11-09 9600
2020-07-13_14-11-09 9600
2020-07-13_14-11-09 9600
2020-07-13_14-11-09 9600
2020-07-13_14-11-09 9590
2020-07-13_14-11-09 9590
2020-07-13_14-11-09 9590
2020-07-13_14-11-09 9590
2020-07-13_14-11-09 9590
2020-07-13_14-11-09 9590
2020-07-13_14-11-09 9590
2020-07-13_14-11-09 9600
2020-07-13_14-11-09 9610
2020-07-13_14-11-09 9620
2020-07-13_14-11-09 9630
2020-07-13_14-11-09 9630
2020-07-13_14-11-09 9630
2020-07-13_14-11-09 9630
2020-07-13_14-11-09 9620
2020-07-13_14-11-09 9630
2020-07-13_14-11-09 9620
2020-07-13_14-11-09 9630
2020-07-13_14-11-09 9630
2020-07-13_14-11-09 9630
2020-07-13_14-11-09 9630
2020-07-13_14-11-09 9630
2020-07-13_14-11-09 9630
2020-07-13_14-11-09 9640
2020-07-13_14-11-09 9640
2020-07-13_14-11-09 9650
2020-07-13_14-11-09 9650
2020-07-13_14-11-09 9650
2020-07-13_14-11-09 9650
2020-07-13_14-11-09 9650
2020-07-13_14-11-09 9650
2020-07-13_14-11-09 9650
2020-07-13_14-11-09 9650
2020-07-13_14-11-09 9650
2020-07-13_14-11-09 9650
2020-07-13_14-11-09 9650
2020-07-13_14-11-09 9650
2020-07-13_14-11-09 9650
2020-07-13_14-11-09 9650
2020-07-13_14-11-09 9650
2020-07-13_14-11-09 9650
2020-07-13_14-11-09 9650
2020-07-13_14-11-09 9650
2020-07-13_14-11-09 9650
2020-07-13_14-11-09 9650
2020-07-13_14-11-09 9650
2020-07-13_14-11-09 9650
2020-07-13_14-11-09 9640
2020-07-13_14-11-09 9630
2020-07-13_14-11-09 9630
2020-07-13_14-11-09 9640
2020-07-13_14-11-09 9650
2020-07-13_14-11-09 9650
2020-07-13_14-11-09 9650
2020-07-13_14-11-09 9650
2020-07-13_14-11-09 9650
2020-07-13_14-11-09 9650
2020-07-13_14-11-09 9650
2020-07-13_14-11-09 9660
2020-07-13_14-11-09 9660
2020-07-13_14-11-09 9660
2020-07-13_14-11-09 9660
2020-07-13_14-11-09 9660
2020-07-13_14-11-09 9660
2020-07-13_14-11-09 9670
2020-07-13_14-11-09 9670
2020-07-13_14-11-09 9670
2020-07-13_14-11-09 9670
2020-07-13_14-11-09 9670
2020-07-13_14-11-09 9670
2020-07-13_14-11-09 9670
2020-07-13_14-11-09 9670
2020-07-13_14-11-09 9670
2020-07-13_14-11-09 9670
2020-07-13_14-11-09 9670
2020-07-13_14-11-09 9670
2020-07-13_14-11-09 9670
2020-07-13_14-11-09 9660
2020-07-13_14-11-09 9660
2020-07-13_14-11-09 9660
2020-07-13_14-11-09 9670
2020-07-13_14-11-09 9680
2020-07-13_14-11-09 9680
2020-07-13_14-11-09 9670
2020-07-13_14-11-09 9670
2020-07-13_14-11-09 9660
2020-07-13_14-11-09 9660
2020-07-13_14-11-09 9660
2020-07-13_14-11-09 9660
2020-07-13_14-11-09 9660
2020-07-13_14-11-09 9660
2020-07-13_14-11-09 9670
2020-07-13_14-11-09 9670
2020-07-13_14-11-09 9670
2020-07-13_14-11-09 9670
2020-07-13_14-11-09 9670
2020-07-13_14-11-09 9670
2020-07-13_14-11-09 9670
2020-07-13_14-11-09 9660
2020-07-13_14-11-09 9670
2020-07-13_14-11-09 9680
2020-07-13_14-11-09 9680
2020-07-13_14-11-09 9680
2020-07-13_14-11-09 9680
2020-07-13_14-11-09 9680
2020-07-13_14-11-09 9680
2020-07-13_14-11-09 9680
2020-07-13_14-11-09 9670
2020-07-13_14-11-09 9660
2020-07-13_14-11-09 9660
2020-07-13_14-11-09 9640
2020-07-13_14-11-09 9620
2020-07-13_14-11-09 9600
2020-07-13_14-11-09 9610
2020-07-13_14-11-09 9610
2020-07-13_14-11-09 9610
2020-07-13_14-11-09 9610
2020-07-13_14-11-09 9610
2020-07-13_14-11-09 9600
2020-07-13_14-11-09 9590
2020-07-13_14-11-09 9590
2020-07-13_14-11-09 9580
2020-07-13_14-11-09 9590
2020-07-13_14-11-09 9580
2020-07-13_14-11-09 9590
2020-07-13_14-11-09 9590
2020-07-13_14-11-09 9590
2020-07-13_14-11-09 9580
2020-07-13_14-11-09 9580
2020-07-13_14-11-09 9580
2020-07-13_14-11-09 9580
2020-07-13_14-11-09 9580
2020-07-13_14-11-09 9580
2020-07-13_14-11-09 9590
2020-07-13_14-11-09 9600
2020-07-13_14-11-09 9600
2020-07-13_14-11-09 9610
2020-07-13_14-11-09 9610
2020-07-13_14-11-09 9600
2020-07-13_14-11-09 9590
2020-07-13_14-11-09 9590
2020-07-13_14-11-09 9590
2020-07-13_14-11-09 9580
2020-07-13_14-11-09 9570
2020-07-13_14-11-09 9580
2020-07-13_14-11-09 9590
2020-07-13_14-11-09 9600
2020-07-13_14-11-09 9590
2020-07-13_14-11-09 9580
2020-07-13_14-11-09 9590
2020-07-13_14-11-09 9590
2020-07-13_14-11-09 9580
2020-07-13_14-11-09 9590
2020-07-13_14-11-09 9590
2020-07-13_14-11-09 9590
2020-07-13_14-11-09 9590
2020-07-13_14-11-09 9590
2020-07-13_14-11-09 9590
2020-07-13_14-11-09 9590
2020-07-13_14-11-09 9590
2020-07-13_14-11-09 9600
2020-07-13_14-11-09 9600
2020-07-13_14-11-09 9600
2020-07-13_14-11-09 9600
2020-07-13_14-11-09 9590
2020-07-13_14-11-09 9590
2020-07-13_14-11-09 9600
2020-07-13_14-11-09 9620
2020-07-13_14-11-09 9630
2020-07-13_14-11-09 9630
2020-07-13_14-11-09 9620
2020-07-13_14-11-09 9610
2020-07-13_14-11-09 9610
2020-07-13_14-11-09 9600
2020-07-13_14-11-09 9600
2020-07-13_14-11-09 9600
2020-07-13_14-11-09 9590
2020-07-13_14-11-09 9600
2020-07-13_14-11-09 9600
2020-07-13_14-11-09 9600
2020-07-13_14-11-09 9600
2020-07-13_14-11-09 9600
2020-07-13_14-11-09 9600
2020-07-13_14-11-09 9600
2020-07-13_14-11-09 9600
2020-07-13_14-11-09 9600
2020-07-13_14-11-09 9600
2020-07-13_14-11-09 9610
2020-07-13_14-11-09 9630
2020-07-13_14-11-09 9650
2020-07-13_14-11-09 9640
2020-07-13_14-11-09 9630
2020-07-13_14-11-09 9620
2020-07-13_14-11-09 9670
2020-07-13_14-11-09 9670
2020-07-13_14-11-09 9670
2020-07-13_14-11-09 9670
2020-07-13_14-11-09 9670
2020-07-13_14-11-09 9670
2020-07-13_14-11-09 9670
2020-07-13_14-11-09 9670
2020-07-13_14-11-09 9670
2020-07-13_14-11-09 9670
2020-07-13_14-11-09 9670
2020-07-13_14-11-09 9670
2020-07-13_14-11-09 9670
2020-07-13_14-11-09 9670
2020-07-13_14-11-09 9670
2020-07-13_14-11-09 9670
2020-07-13_14-11-09 9670
2020-07-13_14-11-09 9670
2020-07-13_14-11-09 9670
2020-07-13_14-11-09 9670
2020-07-13_14-11-09 9670
2020-07-13_14-11-09 9670
2020-07-13_14-11-09 9670
2020-07-13_14-11-09 9670
2020-07-13_14-11-09 9670
2020-07-13_14-11-09 9670
2020-07-13_14-11-09 9680
2020-07-13_14-11-09 9670
2020-07-13_14-11-09 9670
2020-07-13_14-11-09 9670
2020-07-13_14-11-09 9670
2020-07-13_14-11-09 9680
2020-07-13_14-11-09 9680
2020-07-13_14-11-09 9670
2020-07-13_14-11-09 9660
2020-07-13_14-11-09 9670
2020-07-13_14-11-09 9680
2020-07-13_14-11-09 9680
2020-07-13_14-11-09 9680
2020-07-13_14-11-09 9670
2020-07-13_14-11-09 9660
2020-07-13_14-11-09 9660
2020-07-13_14-11-09 9660
2020-07-13_14-11-09 9670
2020-07-13_14-11-09 9670
2020-07-13_14-11-09 9670
2020-07-13_14-11-09 9670
2020-07-13_14-11-09 9670
2020-07-13_14-11-09 9670
2020-07-13_14-11-09 9680
2020-07-13_14-11-09 9680
2020-07-13_14-11-09 9680
2020-07-13_14-11-09 9670
2020-07-13_14-11-09 9670
2020-07-13_14-11-09 9670
2020-07-13_14-11-09 9670
2020-07-13_14-11-09 9670
2020-07-13_14-11-09 9660
2020-07-13_14-11-09 9670
2020-07-13_14-11-09 9670
2020-07-13_14-11-09 9670
2020-07-13_14-11-09 9670
2020-07-13_14-11-09 9660
2020-07-13_14-11-09 9670
2020-07-13_14-11-09 9670
2020-07-13_14-11-09 9670
2020-07-13_14-11-09 9670
2020-07-13_14-11-09 9670
2020-07-13_14-11-09 9670
2020-07-13_14-11-09 9670
2020-07-13_14-11-09 9670
2020-07-13_14-11-09 9670
2020-07-13_14-11-09 9670
2020-07-13_14-11-09 9660
2020-07-13_14-11-09 9660
2020-07-13_14-11-09 9660
2020-07-13_14-11-09 9670
2020-07-13_14-11-09 9670
2020-07-13_14-11-09 9670
2020-07-13_14-11-09 9670
2020-07-13_14-11-09 9670
2020-07-13_14-11-09 9670
2020-07-13_14-11-09 9680
2020-07-13_14-11-09 9670
2020-07-13_14-11-09 9670
2020-07-13_14-11-09 9670
2020-07-13_14-11-09 9670
2020-07-13_14-11-09 9670
2020-07-13_14-11-09 9670
2020-07-13_14-11-09 9670
2020-07-13_14-11-09 9670
2020-07-13_14-11-09 9670
2020-07-13_14-11-09 9670
2020-07-13_14-11-09 9670
2020-07-13_14-11-09 9670
2020-07-13_14-11-09 9670
2020-07-13_14-11-09 9670
2020-07-13_14-11-09 9670
2020-07-13_14-11-09 9670
2020-07-13_14-11-09 9670
2020-07-13_14-11-09 9670
2020-07-13_14-11-09 9670
2020-07-13_14-11-09 9670
2020-07-13_14-11-09 9670
2020-07-13_14-11-09 9670
2020-07-13_14-11-09 9580
2020-07-13_14-11-09 9590
2020-07-13_14-11-09 9600
2020-07-13_14-11-09 9600
2020-07-13_14-11-09 9600
2020-07-13_14-11-09 9600
2020-07-13_14-11-09 9600
2020-07-13_14-11-09 9590
2020-07-13_14-11-09 9590
2020-07-13_14-11-09 9590
2020-07-13_14-11-09 9600
2020-07-13_14-11-09 9600
2020-07-13_14-11-09 9600
2020-07-13_14-11-09 9600
2020-07-13_14-11-09 9600
2020-07-13_14-11-09 9600
2020-07-13_14-11-09 9600
2020-07-13_14-11-09 9590
2020-07-13_14-11-09 9580
2020-07-13_14-11-09 9580
2020-07-13_14-11-09 9590
2020-07-13_14-11-09 9600
2020-07-13_14-11-09 9590
2020-07-13_14-11-09 9590
2020-07-13_14-11-09 9590
2020-07-13_14-11-09 9600
2020-07-13_14-11-09 9600
2020-07-13_14-11-09 9590
2020-07-13_14-11-09 9590
2020-07-13_14-11-09 9590
2020-07-13_14-11-09 9590
2020-07-13_14-11-09 9600
2020-07-13_14-11-09 9600
2020-07-13_14-11-09 9600
2020-07-13_14-11-09 9600
2020-07-13_14-11-09 9590
2020-07-13_14-11-09 9590
2020-07-13_14-11-09 9590
2020-07-13_14-11-09 9590
2020-07-13_14-11-09 9590
2020-07-13_14-11-09 9590
2020-07-13_14-11-09 9590
2020-07-13_14-11-09 9590
2020-07-13_14-11-09 9590
2020-07-13_14-11-09 9590
2020-07-13_14-11-09 9590
2020-07-13_14-11-09 9590
2020-07-13_14-11-09 9590
2020-07-13_14-11-09 9590
2020-07-13_14-11-09 9590
2020-07-13_14-11-09 9590
2020-07-13_14-11-09 9590
2020-07-13_14-11-09 9630
2020-07-13_14-11-09 9650
2020-07-13_14-11-09 9650
2020-07-13_14-11-09 9700
2020-07-13_14-11-09 9670
2020-07-13_14-11-09 9670
2020-07-13_14-11-09 9670
2020-07-13_14-11-09 9660
2020-07-13_14-11-09 9650
2020-07-13_14-11-09 9670
2020-07-13_14-11-09 9690
2020-07-13_14-11-09 9670
2020-07-13_14-11-09 9660
2020-07-13_14-11-09 9670
2020-07-13_14-11-09 9670
2020-07-13_14-11-09 9670
2020-07-13_14-11-09 9670
2020-07-13_14-11-09 9670
2020-07-13_14-11-09 9660
2020-07-13_14-11-09 9670
2020-07-13_14-11-09 9670
2020-07-13_14-11-09 9670
2020-07-13_14-11-09 9670
2020-07-13_14-11-09 9670
2020-07-13_14-11-09 9670
2020-07-13_14-11-09 9680
2020-07-13_14-11-09 9670
2020-07-13_14-11-09 9670
2020-07-13_14-11-09 9660
2020-07-13_14-11-09 9660
2020-07-13_14-11-09 9670
2020-07-13_14-11-09 9670
2020-07-13_14-11-09 9680
2020-07-13_14-11-09 9680
2020-07-13_14-11-09 9680
2020-07-13_14-11-09 9690
2020-07-13_14-11-09 9670
2020-07-13_14-11-09 9670
2020-07-13_14-11-09 9670
2020-07-13_14-11-09 9670
2020-07-13_14-11-09 9680
2020-07-13_14-11-09 9680
2020-07-13_14-11-09 9670
2020-07-13_14-11-09 9670
2020-07-13_14-11-09 9670
2020-07-13_14-11-09 9670
2020-07-13_14-11-09 9670
2020-07-13_14-11-09 9670
2020-07-13_14-11-09 9670
2020-07-13_14-11-09 9670
2020-07-13_14-11-09 9670
2020-07-13_14-11-09 9670
2020-07-13_14-11-09 9680
2020-07-13_14-11-09 9680
2020-07-13_14-11-09 9680
2020-07-13_14-11-09 9660
2020-07-13_14-11-09 9670
2020-07-13_14-11-09 9670
2020-07-13_14-11-09 9670
2020-07-13_14-11-09 9660
2020-07-13_14-11-09 9670
2020-07-13_14-11-09 9670
2020-07-13_14-11-09 9670
2020-07-13_14-11-09 9660
2020-07-13_14-11-09 9660
2020-07-13_14-11-09 9670
2020-07-13_14-11-09 9670
2020-07-13_14-11-09 9660
2020-07-13_14-11-09 9670
2020-07-13_14-11-09 9670
2020-07-13_14-11-09 9670
2020-07-13_14-11-09 9680
2020-07-13_14-11-09 9670
2020-07-13_14-11-09 9670
2020-07-13_14-11-09 9670
2020-07-13_14-11-09 9670
2020-07-13_14-11-09 9670
2020-07-13_14-11-09 9660
2020-07-13_14-11-09 9670
2020-07-13_14-11-09 9670
2020-07-13_14-11-09 9640
2020-07-13_14-11-09 9670
2020-07-13_14-11-09 9660
2020-07-13_14-11-09 9630
2020-07-13_14-11-09 9650
2020-07-13_14-11-09 9630
2020-07-13_14-11-09 9620
2020-07-13_14-11-09 9650
2020-07-13_14-11-09 9610
2020-07-13_14-11-09 9630
2020-07-13_14-11-09 9640
2020-07-13_14-11-09 9620
2020-07-13_14-11-09 9590
2020-07-13_14-11-09 9670
2020-07-13_14-11-09 9610
2020-07-13_14-11-09 9610
2020-07-13_14-11-09 7550
2020-07-13_14-11-09 7280
2020-07-13_14-11-09 7230
2020-07-13_14-11-09 7210
2020-07-13_14-11-09 7160
2020-07-13_14-11-09 7080
2020-07-13_14-11-09 4840
2020-07-13_14-11-09 790
