2020-07-13_14-11-21 2700
2020-07-13_14-11-21 4040
2020-07-13_14-11-21 4120
2020-07-13_14-11-21 3990
2020-07-13_14-11-21 4100
2020-07-13_14-11-21 3960
2020-07-13_14-11-21 3990
2020-07-13_14-11-21 4020
2020-07-13_14-11-21 4060
2020-07-13_14-11-21 4250
2020-07-13_14-11-21 4960
2020-07-13_14-11-21 6540
2020-07-13_14-11-21 7020
2020-07-13_14-11-21 9590
2020-07-13_14-11-21 9990
2020-07-13_14-11-21 9960
2020-07-13_14-11-21 9890
2020-07-13_14-11-21 10000
2020-07-13_14-11-21 9930
2020-07-13_14-11-21 9940
2020-07-13_14-11-21 9920
2020-07-13_14-11-21 9940
2020-07-13_14-11-21 9950
2020-07-13_14-11-21 9970
2020-07-13_14-11-21 9940
2020-07-13_14-11-21 9970
2020-07-13_14-11-21 9960
2020-07-13_14-11-21 9960
2020-07-13_14-11-21 9970
2020-07-13_14-11-21 9950
2020-07-13_14-11-21 9960
2020-07-13_14-11-21 9970
2020-07-13_14-11-21 9940
2020-07-13_14-11-22 9960
2020-07-13_14-11-22 9960
2020-07-13_14-11-22 9960
2020-07-13_14-11-22 9950
2020-07-13_14-11-22 9950
2020-07-13_14-11-22 9950
2020-07-13_14-11-22 9950
2020-07-13_14-11-22 9960
2020-07-13_14-11-22 9960
2020-07-13_14-11-22 9960
2020-07-13_14-11-22 9950
2020-07-13_14-11-22 9950
2020-07-13_14-11-22 9960
2020-07-13_14-11-22 9960
2020-07-13_14-11-22 9960
2020-07-13_14-11-22 9960
2020-07-13_14-11-22 9960
2020-07-13_14-11-22 9950
2020-07-13_14-11-22 9950
2020-07-13_14-11-22 9960
2020-07-13_14-11-22 9950
2020-07-13_14-11-22 9960
2020-07-13_14-11-22 9960
2020-07-13_14-11-22 9960
2020-07-13_14-11-22 9960
2020-07-13_14-11-22 9960
2020-07-13_14-11-22 9950
2020-07-13_14-11-22 9950
2020-07-13_14-11-22 9950
2020-07-13_14-11-22 9950
2020-07-13_14-11-22 9960
2020-07-13_14-11-22 9960
2020-07-13_14-11-22 9960
2020-07-13_14-11-22 9960
2020-07-13_14-11-22 9960
2020-07-13_14-11-22 9950
2020-07-13_14-11-22 9950
2020-07-13_14-11-22 9950
2020-07-13_14-11-22 9960
2020-07-13_14-11-22 9960
2020-07-13_14-11-22 9960
2020-07-13_14-11-22 9940
2020-07-13_14-11-22 9950
2020-07-13_14-11-22 9950
2020-07-13_14-11-22 9960
2020-07-13_14-11-22 9950
2020-07-13_14-11-22 9950
2020-07-13_14-11-22 9950
2020-07-13_14-11-22 9940
2020-07-13_14-11-22 9950
2020-07-13_14-11-22 9950
2020-07-13_14-11-22 10040
2020-07-13_14-11-22 9960
2020-07-13_14-11-22 9960
2020-07-13_14-11-22 9960
2020-07-13_14-11-22 9950
2020-07-13_14-11-22 9950
2020-07-13_14-11-22 9950
2020-07-13_14-11-22 9950
2020-07-13_14-11-22 9960
2020-07-13_14-11-22 9840
2020-07-13_14-11-22 9960
2020-07-13_14-11-22 9840
2020-07-13_14-11-22 9800
2020-07-13_14-11-22 9800
2020-07-13_14-11-22 9870
2020-07-13_14-11-22 9830
2020-07-13_14-11-22 9770
2020-07-13_14-11-22 9940
2020-07-13_14-11-22 10030
2020-07-13_14-11-22 10030
2020-07-13_14-11-22 9980
2020-07-13_14-11-22 9930
2020-07-13_14-11-22 10310
2020-07-13_14-11-22 11090
2020-07-13_14-11-22 11830
2020-07-13_14-11-22 12430
2020-07-13_14-11-22 12440
2020-07-13_14-11-22 12550
2020-07-13_14-11-22 12460
2020-07-13_14-11-22 12490
2020-07-13_14-11-22 12540
2020-07-13_14-11-22 12490
2020-07-13_14-11-22 12490
2020-07-13_14-11-22 12500
2020-07-13_14-11-22 12510
2020-07-13_14-11-22 12500
2020-07-13_14-11-22 12490
2020-07-13_14-11-22 12520
2020-07-13_14-11-22 12530
2020-07-13_14-11-22 12500
2020-07-13_14-11-22 12370
2020-07-13_14-11-22 11510
