2020-07-13_14-09-54 820
2020-07-13_14-09-54 1600
2020-07-13_14-09-54 2060
2020-07-13_14-09-54 1950
2020-07-13_14-09-54 1770
2020-07-13_14-09-54 1820
2020-07-13_14-09-54 1920
2020-07-13_14-09-54 1900
2020-07-13_14-09-54 1860
2020-07-13_14-09-54 1880
2020-07-13_14-09-54 1920
2020-07-13_14-09-54 1920
2020-07-13_14-09-54 1960
2020-07-13_14-09-54 2050
2020-07-13_14-09-54 2590
2020-07-13_14-09-54 3940
2020-07-13_14-09-54 5170
2020-07-13_14-09-54 5790
2020-07-13_14-09-54 5690
2020-07-13_14-09-54 5680
2020-07-13_14-09-54 5730
2020-07-13_14-09-54 5710
2020-07-13_14-09-54 5710
2020-07-13_14-09-54 5720
2020-07-13_14-09-54 5700
2020-07-13_14-09-54 5700
2020-07-13_14-09-54 5730
2020-07-13_14-09-54 5720
2020-07-13_14-09-54 5700
2020-07-13_14-09-54 5720
2020-07-13_14-09-54 5720
2020-07-13_14-09-54 5710
2020-07-13_14-09-54 5720
2020-07-13_14-09-54 5720
2020-07-13_14-09-54 5710
2020-07-13_14-09-54 5700
2020-07-13_14-09-54 5710
2020-07-13_14-09-54 5710
2020-07-13_14-09-54 5710
2020-07-13_14-09-54 5710
2020-07-13_14-09-54 5710
2020-07-13_14-09-54 5720
2020-07-13_14-09-54 5700
2020-07-13_14-09-54 5700
2020-07-13_14-09-54 5710
2020-07-13_14-09-54 5710
2020-07-13_14-09-54 5710
2020-07-13_14-09-54 5710
2020-07-13_14-09-54 5710
2020-07-13_14-09-54 5710
2020-07-13_14-09-54 5710
2020-07-13_14-09-54 5710
2020-07-13_14-09-54 5710
2020-07-13_14-09-54 5720
2020-07-13_14-09-54 5700
2020-07-13_14-09-54 5700
2020-07-13_14-09-54 5710
2020-07-13_14-09-54 5710
2020-07-13_14-09-54 5710
2020-07-13_14-09-54 5710
2020-07-13_14-09-54 5710
2020-07-13_14-09-54 5710
2020-07-13_14-09-54 5710
2020-07-13_14-09-54 5720
2020-07-13_14-09-54 5710
2020-07-13_14-09-54 5710
2020-07-13_14-09-54 5710
2020-07-13_14-09-54 5710
2020-07-13_14-09-54 5710
2020-07-13_14-09-54 5710
2020-07-13_14-09-54 5710
2020-07-13_14-09-54 5710
2020-07-13_14-09-54 5710
2020-07-13_14-09-54 5710
2020-07-13_14-09-54 5710
2020-07-13_14-09-54 5710
2020-07-13_14-09-54 5710
2020-07-13_14-09-54 5710
2020-07-13_14-09-54 5710
2020-07-13_14-09-54 5710
2020-07-13_14-09-54 5710
2020-07-13_14-09-54 5710
2020-07-13_14-09-54 5710
2020-07-13_14-09-54 5710
2020-07-13_14-09-54 5710
2020-07-13_14-09-54 5710
2020-07-13_14-09-54 5710
2020-07-13_14-09-54 5710
2020-07-13_14-09-54 5710
2020-07-13_14-09-54 5710
2020-07-13_14-09-54 5710
2020-07-13_14-09-54 5710
2020-07-13_14-09-54 5710
2020-07-13_14-09-54 5710
2020-07-13_14-09-54 5710
2020-07-13_14-09-54 5710
2020-07-13_14-09-54 5710
2020-07-13_14-09-54 5710
2020-07-13_14-09-54 5710
2020-07-13_14-09-54 5710
2020-07-13_14-09-54 5710
2020-07-13_14-09-54 5710
2020-07-13_14-09-54 5710
2020-07-13_14-09-54 5710
2020-07-13_14-09-54 5710
2020-07-13_14-09-54 5710
2020-07-13_14-09-54 5710
2020-07-13_14-09-54 5710
2020-07-13_14-09-54 5710
2020-07-13_14-09-54 5710
2020-07-13_14-09-54 5710
2020-07-13_14-09-54 5710
2020-07-13_14-09-54 5710
2020-07-13_14-09-54 5710
2020-07-13_14-09-54 5710
2020-07-13_14-09-54 5710
2020-07-13_14-09-54 5710
2020-07-13_14-09-54 5710
2020-07-13_14-09-54 5710
2020-07-13_14-09-54 5710
2020-07-13_14-09-54 5710
2020-07-13_14-09-54 5710
2020-07-13_14-09-54 5710
2020-07-13_14-09-54 5710
2020-07-13_14-09-54 5710
2020-07-13_14-09-54 5710
2020-07-13_14-09-54 5710
2020-07-13_14-09-54 5710
2020-07-13_14-09-54 5710
2020-07-13_14-09-54 5710
2020-07-13_14-09-54 5710
2020-07-13_14-09-54 5710
2020-07-13_14-09-54 5710
2020-07-13_14-09-54 5710
2020-07-13_14-09-54 5710
2020-07-13_14-09-54 5710
2020-07-13_14-09-54 5710
2020-07-13_14-09-54 5710
2020-07-13_14-09-54 5710
2020-07-13_14-09-54 5710
2020-07-13_14-09-54 5710
2020-07-13_14-09-54 5710
2020-07-13_14-09-54 5710
2020-07-13_14-09-54 5710
2020-07-13_14-09-54 5710
2020-07-13_14-09-54 5710
2020-07-13_14-09-54 5710
2020-07-13_14-09-54 5710
2020-07-13_14-09-54 5710
2020-07-13_14-09-54 5710
2020-07-13_14-09-54 5710
2020-07-13_14-09-54 5710
2020-07-13_14-09-54 5710
2020-07-13_14-09-54 5710
2020-07-13_14-09-54 5710
2020-07-13_14-09-54 5710
2020-07-13_14-09-54 5710
2020-07-13_14-09-54 5710
2020-07-13_14-09-54 5710
2020-07-13_14-09-54 5710
2020-07-13_14-09-54 5710
2020-07-13_14-09-54 5710
2020-07-13_14-09-54 5710
2020-07-13_14-09-54 5710
2020-07-13_14-09-54 5710
2020-07-13_14-09-54 5710
2020-07-13_14-09-54 5710
2020-07-13_14-09-54 5710
2020-07-13_14-09-54 5710
2020-07-13_14-09-54 5710
2020-07-13_14-09-54 5710
2020-07-13_14-09-54 5710
2020-07-13_14-09-54 5710
2020-07-13_14-09-54 5710
2020-07-13_14-09-54 5720
2020-07-13_14-09-54 5720
2020-07-13_14-09-54 5720
2020-07-13_14-09-54 5720
2020-07-13_14-09-54 5720
2020-07-13_14-09-54 5710
2020-07-13_14-09-54 5710
2020-07-13_14-09-54 5710
2020-07-13_14-09-54 5720
2020-07-13_14-09-54 5720
2020-07-13_14-09-54 5720
2020-07-13_14-09-54 5720
2020-07-13_14-09-54 5710
2020-07-13_14-09-54 5710
2020-07-13_14-09-54 5710
2020-07-13_14-09-54 5710
2020-07-13_14-09-54 5710
2020-07-13_14-09-54 5720
2020-07-13_14-09-54 5720
2020-07-13_14-09-54 5710
2020-07-13_14-09-54 5710
2020-07-13_14-09-54 5710
2020-07-13_14-09-54 5710
2020-07-13_14-09-54 5710
2020-07-13_14-09-54 5710
2020-07-13_14-09-54 5710
2020-07-13_14-09-54 5710
2020-07-13_14-09-54 5710
2020-07-13_14-09-54 5710
2020-07-13_14-09-54 5710
2020-07-13_14-09-54 5700
2020-07-13_14-09-54 5710
2020-07-13_14-09-54 5710
2020-07-13_14-09-54 5710
2020-07-13_14-09-54 5710
2020-07-13_14-09-54 5710
2020-07-13_14-09-54 5710
2020-07-13_14-09-54 5710
2020-07-13_14-09-54 5710
2020-07-13_14-09-54 5710
2020-07-13_14-09-54 5720
2020-07-13_14-09-54 5720
2020-07-13_14-09-54 5720
2020-07-13_14-09-54 5720
2020-07-13_14-09-54 5720
2020-07-13_14-09-54 5720
2020-07-13_14-09-54 5720
2020-07-13_14-09-54 5710
2020-07-13_14-09-54 5710
2020-07-13_14-09-54 5710
2020-07-13_14-09-54 5700
2020-07-13_14-09-54 5700
2020-07-13_14-09-54 5700
2020-07-13_14-09-54 5710
2020-07-13_14-09-54 5710
2020-07-13_14-09-54 5710
2020-07-13_14-09-54 5710
2020-07-13_14-09-54 5710
2020-07-13_14-09-54 5710
2020-07-13_14-09-54 5710
2020-07-13_14-09-54 5710
2020-07-13_14-09-54 5720
2020-07-13_14-09-54 5720
2020-07-13_14-09-54 5710
2020-07-13_14-09-54 5710
2020-07-13_14-09-54 5710
2020-07-13_14-09-54 5710
2020-07-13_14-09-54 5710
2020-07-13_14-09-54 5710
2020-07-13_14-09-54 5710
2020-07-13_14-09-54 5710
2020-07-13_14-09-54 5710
2020-07-13_14-09-54 5710
2020-07-13_14-09-54 5710
2020-07-13_14-09-54 5710
2020-07-13_14-09-54 5710
2020-07-13_14-09-54 5710
2020-07-13_14-09-54 5710
2020-07-13_14-09-54 5710
2020-07-13_14-09-54 5710
2020-07-13_14-09-54 5710
2020-07-13_14-09-54 5710
2020-07-13_14-09-54 5710
2020-07-13_14-09-54 5710
2020-07-13_14-09-54 5710
2020-07-13_14-09-54 5710
2020-07-13_14-09-54 5710
2020-07-13_14-09-54 5710
2020-07-13_14-09-54 5710
2020-07-13_14-09-54 5710
2020-07-13_14-09-54 5710
2020-07-13_14-09-54 5710
2020-07-13_14-09-54 5710
2020-07-13_14-09-54 5710
2020-07-13_14-09-54 5710
2020-07-13_14-09-54 5710
2020-07-13_14-09-54 5710
2020-07-13_14-09-54 5710
2020-07-13_14-09-54 5710
2020-07-13_14-09-54 5710
2020-07-13_14-09-54 5710
2020-07-13_14-09-54 5710
2020-07-13_14-09-54 5710
2020-07-13_14-09-54 5710
2020-07-13_14-09-54 5710
2020-07-13_14-09-54 5710
2020-07-13_14-09-54 5710
2020-07-13_14-09-54 5710
2020-07-13_14-09-54 5710
2020-07-13_14-09-54 5710
2020-07-13_14-09-54 5690
2020-07-13_14-09-54 5710
2020-07-13_14-09-54 5700
2020-07-13_14-09-54 5700
2020-07-13_14-09-54 5700
2020-07-13_14-09-54 5680
2020-07-13_14-09-54 5690
2020-07-13_14-09-54 5700
2020-07-13_14-09-54 5730
2020-07-13_14-09-54 5720
2020-07-13_14-09-54 5700
2020-07-13_14-09-54 5710
2020-07-13_14-09-54 5700
2020-07-13_14-09-54 5690
2020-07-13_14-09-54 5710
2020-07-13_14-09-54 5520
2020-07-13_14-09-54 4960
2020-07-13_14-09-54 4360
2020-07-13_14-09-54 3950
2020-07-13_14-09-54 3850
2020-07-13_14-09-54 3850
2020-07-13_14-09-54 3850
2020-07-13_14-09-54 3850
2020-07-13_14-09-54 3850
2020-07-13_14-09-54 3860
2020-07-13_14-09-54 3900
2020-07-13_14-09-54 3880
2020-07-13_14-09-54 3830
2020-07-13_14-09-54 3840
2020-07-13_14-09-54 3820
2020-07-13_14-09-54 3810
2020-07-13_14-09-54 3770
2020-07-13_14-09-54 3270
2020-07-13_14-09-54 2260
2020-07-13_14-09-54 1030
