2020-07-13_14-09-51 12750
2020-07-13_14-09-51 13310
2020-07-13_14-09-51 13230
2020-07-13_14-09-51 12810
2020-07-13_14-09-51 12830
2020-07-13_14-09-51 13170
2020-07-13_14-09-51 13160
2020-07-13_14-09-51 12900
2020-07-13_14-09-51 12880
2020-07-13_14-09-51 13080
2020-07-13_14-09-51 13100
2020-07-13_14-09-51 12950
2020-07-13_14-09-51 12940
2020-07-13_14-09-51 13050
2020-07-13_14-09-51 13050
2020-07-13_14-09-51 12960
2020-07-13_14-09-51 12960
2020-07-13_14-09-51 13060
2020-07-13_14-09-51 13060
2020-07-13_14-09-51 12960
2020-07-13_14-09-51 12930
2020-07-13_14-09-51 13000
2020-07-13_14-09-51 13040
2020-07-13_14-09-51 12990
2020-07-13_14-09-51 12970
2020-07-13_14-09-51 13010
2020-07-13_14-09-51 13030
2020-07-13_14-09-51 12990
2020-07-13_14-09-51 12970
2020-07-13_14-09-51 12990
2020-07-13_14-09-51 13010
2020-07-13_14-09-51 13040
2020-07-13_14-09-51 13050
2020-07-13_14-09-51 13020
2020-07-13_14-09-51 12970
2020-07-13_14-09-51 12990
2020-07-13_14-09-51 13040
2020-07-13_14-09-51 13030
2020-07-13_14-09-51 13000
2020-07-13_14-09-51 13020
2020-07-13_14-09-51 13030
2020-07-13_14-09-51 13000
2020-07-13_14-09-51 12990
2020-07-13_14-09-51 13020
2020-07-13_14-09-51 13020
2020-07-13_14-09-51 12990
2020-07-13_14-09-51 13010
2020-07-13_14-09-51 13050
2020-07-13_14-09-51 13040
2020-07-13_14-09-51 13010
2020-07-13_14-09-51 13020
2020-07-13_14-09-51 13040
2020-07-13_14-09-51 13020
2020-07-13_14-09-51 13010
2020-07-13_14-09-51 13020
2020-07-13_14-09-51 13040
2020-07-13_14-09-51 13020
2020-07-13_14-09-51 13010
2020-07-13_14-09-51 13020
2020-07-13_14-09-51 13020
2020-07-13_14-09-51 13010
2020-07-13_14-09-51 13010
2020-07-13_14-09-51 13010
2020-07-13_14-09-51 13020
2020-07-13_14-09-51 13010
2020-07-13_14-09-51 13010
2020-07-13_14-09-51 13010
2020-07-13_14-09-51 13010
2020-07-13_14-09-51 13010
2020-07-13_14-09-51 13010
2020-07-13_14-09-51 13010
2020-07-13_14-09-51 13010
2020-07-13_14-09-51 13010
2020-07-13_14-09-51 13010
2020-07-13_14-09-51 13010
2020-07-13_14-09-51 13010
2020-07-13_14-09-51 13010
2020-07-13_14-09-51 13010
2020-07-13_14-09-51 13010
2020-07-13_14-09-51 13000
2020-07-13_14-09-51 12990
2020-07-13_14-09-51 12990
2020-07-13_14-09-51 13020
2020-07-13_14-09-51 13010
2020-07-13_14-09-51 12960
2020-07-13_14-09-51 12950
2020-07-13_14-09-51 12980
2020-07-13_14-09-51 13010
2020-07-13_14-09-51 12990
2020-07-13_14-09-51 12930
2020-07-13_14-09-51 12940
2020-07-13_14-09-51 12960
2020-07-13_14-09-51 12980
2020-07-13_14-09-51 12960
2020-07-13_14-09-51 12940
2020-07-13_14-09-51 12960
2020-07-13_14-09-51 12970
2020-07-13_14-09-51 12990
2020-07-13_14-09-51 13040
2020-07-13_14-09-51 13040
2020-07-13_14-09-51 12950
2020-07-13_14-09-51 12910
2020-07-13_14-09-51 13020
2020-07-13_14-09-51 13090
2020-07-13_14-09-51 12990
2020-07-13_14-09-51 12930
2020-07-13_14-09-51 13020
2020-07-13_14-09-51 13090
2020-07-13_14-09-51 13000
2020-07-13_14-09-51 12890
2020-07-13_14-09-51 12480
2020-07-13_14-09-51 11820
2020-07-13_14-09-51 11170
2020-07-13_14-09-51 10930
2020-07-13_14-09-51 10880
2020-07-13_14-09-51 10750
2020-07-13_14-09-51 10700
2020-07-13_14-09-51 10760
2020-07-13_14-09-51 10800
2020-07-13_14-09-51 10730
2020-07-13_14-09-52 10730
2020-07-13_14-09-52 10800
2020-07-13_14-09-52 10810
2020-07-13_14-09-52 10680
2020-07-13_14-09-52 10450
2020-07-13_14-09-52 9430
2020-07-13_14-09-52 6920
2020-07-13_14-09-52 3620
2020-07-13_14-09-52 1080
