2020-07-13_14-11-15 6980
2020-07-13_14-11-15 1390
2020-07-13_14-11-15 6990
2020-07-13_14-11-15 1940
2020-07-13_14-11-15 7000
2020-07-13_14-11-15 1910
2020-07-13_14-11-15 6650
2020-07-13_14-11-15 2120
2020-07-13_14-11-15 6630
2020-07-13_14-11-15 2030
2020-07-13_14-11-15 6970
2020-07-13_14-11-15 2120
2020-07-13_14-11-15 6990
2020-07-13_14-11-15 4140
2020-07-13_14-11-15 6990
2020-07-13_14-11-15 6930
2020-07-13_14-11-15 6990
2020-07-13_14-11-15 6920
2020-07-13_14-11-15 6980
2020-07-13_14-11-15 6970
2020-07-13_14-11-15 6980
2020-07-13_14-11-15 6960
2020-07-13_14-11-15 6990
2020-07-13_14-11-15 6950
2020-07-13_14-11-15 6990
2020-07-13_14-11-15 6990
2020-07-13_14-11-15 6990
2020-07-13_14-11-15 6960
2020-07-13_14-11-15 6990
2020-07-13_14-11-15 6960
2020-07-13_14-11-15 6980
2020-07-13_14-11-15 6950
2020-07-13_14-11-15 6980
2020-07-13_14-11-15 6960
2020-07-13_14-11-15 6980
2020-07-13_14-11-15 6940
2020-07-13_14-11-15 6960
2020-07-13_14-11-15 6950
2020-07-13_14-11-15 6970
2020-07-13_14-11-15 6950
2020-07-13_14-11-15 6980
2020-07-13_14-11-15 6980
2020-07-13_14-11-15 6970
2020-07-13_14-11-15 7000
2020-07-13_14-11-15 6970
2020-07-13_14-11-15 6950
2020-07-13_14-11-15 6960
2020-07-13_14-11-15 6990
2020-07-13_14-11-15 6980
2020-07-13_14-11-15 7000
2020-07-13_14-11-15 6980
2020-07-13_14-11-15 6990
2020-07-13_14-11-15 6920
2020-07-13_14-11-15 6980
2020-07-13_14-11-15 6960
2020-07-13_14-11-15 6990
2020-07-13_14-11-15 7010
2020-07-13_14-11-15 6990
2020-07-13_14-11-15 4990
2020-07-13_14-11-15 6990
2020-07-13_14-11-15 4900
2020-07-13_14-11-15 6980
2020-07-13_14-11-15 3490
2020-07-13_14-11-15 6990
