2020-07-13_14-10-56 2270
2020-07-13_14-10-56 4640
2020-07-13_14-10-56 6540
2020-07-13_14-10-56 7270
2020-07-13_14-10-56 7170
2020-07-13_14-10-56 7050
2020-07-13_14-10-56 7050
2020-07-13_14-10-56 7050
2020-07-13_14-10-56 6980
2020-07-13_14-10-56 6960
2020-07-13_14-10-56 7070
2020-07-13_14-10-56 7220
2020-07-13_14-10-56 7270
2020-07-13_14-10-56 7210
2020-07-13_14-10-56 7210
2020-07-13_14-10-56 8130
2020-07-13_14-10-56 10980
2020-07-13_14-10-56 14490
2020-07-13_14-10-56 17160
2020-07-13_14-10-56 17540
2020-07-13_14-10-56 16900
2020-07-13_14-10-56 16300
2020-07-13_14-10-56 16240
2020-07-13_14-10-56 16500
2020-07-13_14-10-56 16650
2020-07-13_14-10-56 16630
2020-07-13_14-10-56 16500
2020-07-13_14-10-56 16390
2020-07-13_14-10-56 16350
2020-07-13_14-10-56 16430
2020-07-13_14-10-56 16530
2020-07-13_14-10-56 16510
2020-07-13_14-10-56 16430
2020-07-13_14-10-56 16420
2020-07-13_14-10-56 16570
2020-07-13_14-10-56 16800
2020-07-13_14-10-56 16950
2020-07-13_14-10-56 16980
2020-07-13_14-10-56 16950
2020-07-13_14-10-56 17300
2020-07-13_14-10-56 18920
2020-07-13_14-10-56 21200
2020-07-13_14-10-56 23050
2020-07-13_14-10-56 23490
2020-07-13_14-10-56 23270
2020-07-13_14-10-56 23210
2020-07-13_14-10-56 23370
2020-07-13_14-10-56 23540
2020-07-13_14-10-56 23600
2020-07-13_14-10-56 23860
2020-07-13_14-10-56 25060
2020-07-13_14-10-56 27150
2020-07-13_14-10-56 29030
2020-07-13_14-10-56 29830
2020-07-13_14-10-56 29810
2020-07-13_14-10-56 29920
2020-07-13_14-10-56 30230
2020-07-13_14-10-56 30450
2020-07-13_14-10-56 30500
2020-07-13_14-10-56 30510
2020-07-13_14-10-56 30480
2020-07-13_14-10-56 30380
2020-07-13_14-10-56 30350
2020-07-13_14-10-56 30470
2020-07-13_14-10-56 30670
2020-07-13_14-10-56 30750
2020-07-13_14-10-56 30720
2020-07-13_14-10-56 30730
2020-07-13_14-10-56 30820
2020-07-13_14-10-56 30910
2020-07-13_14-10-56 30950
2020-07-13_14-10-56 30950
2020-07-13_14-10-56 31010
2020-07-13_14-10-56 31090
2020-07-13_14-10-56 31190
2020-07-13_14-10-56 31330
2020-07-13_14-10-56 31650
2020-07-13_14-10-56 32430
2020-07-13_14-10-56 33770
2020-07-13_14-10-56 35460
2020-07-13_14-10-56 36970
2020-07-13_14-10-56 37880
2020-07-13_14-10-56 38190
2020-07-13_14-10-56 38180
2020-07-13_14-10-56 38210
2020-07-13_14-10-56 38360
2020-07-13_14-10-56 38420
2020-07-13_14-10-56 38130
2020-07-13_14-10-56 37710
2020-07-13_14-10-56 37980
2020-07-13_14-10-56 39050
2020-07-13_14-10-56 39650
2020-07-13_14-10-56 38960
2020-07-13_14-10-56 37790
2020-07-13_14-10-56 37470
2020-07-13_14-10-56 37880
2020-07-13_14-10-56 38120
2020-07-13_14-10-56 38140
2020-07-13_14-10-56 38360
2020-07-13_14-10-56 38710
2020-07-13_14-10-56 38690
2020-07-13_14-10-56 38310
2020-07-13_14-10-56 38030
2020-07-13_14-10-56 38110
2020-07-13_14-10-56 38280
2020-07-13_14-10-56 38350
2020-07-13_14-10-56 38410
2020-07-13_14-10-56 38490
2020-07-13_14-10-56 38430
2020-07-13_14-10-56 38250
2020-07-13_14-10-56 38160
2020-07-13_14-10-56 38230
2020-07-13_14-10-56 38350
2020-07-13_14-10-56 38400
2020-07-13_14-10-56 38400
2020-07-13_14-10-56 38380
2020-07-13_14-10-56 38340
2020-07-13_14-10-56 38310
2020-07-13_14-10-56 38310
2020-07-13_14-10-56 38310
2020-07-13_14-10-56 38310
2020-07-13_14-10-56 38300
2020-07-13_14-10-56 38300
2020-07-13_14-10-56 38330
2020-07-13_14-10-56 38360
2020-07-13_14-10-56 38360
2020-07-13_14-10-56 38340
2020-07-13_14-10-56 38310
2020-07-13_14-10-56 38310
2020-07-13_14-10-56 38320
2020-07-13_14-10-56 38340
2020-07-13_14-10-56 38340
2020-07-13_14-10-56 38350
2020-07-13_14-10-56 38350
2020-07-13_14-10-56 38340
2020-07-13_14-10-56 38330
2020-07-13_14-10-56 38320
2020-07-13_14-10-56 38330
2020-07-13_14-10-56 38340
2020-07-13_14-10-56 38340
2020-07-13_14-10-56 38340
2020-07-13_14-10-56 38340
2020-07-13_14-10-56 38340
2020-07-13_14-10-56 38340
2020-07-13_14-10-56 38340
2020-07-13_14-10-56 38330
2020-07-13_14-10-56 38320
2020-07-13_14-10-56 38320
2020-07-13_14-10-56 38320
2020-07-13_14-10-56 38320
2020-07-13_14-10-56 38320
2020-07-13_14-10-56 38320
2020-07-13_14-10-56 38320
2020-07-13_14-10-56 38320
2020-07-13_14-10-56 38310
2020-07-13_14-10-56 38300
2020-07-13_14-10-56 38310
2020-07-13_14-10-56 38320
2020-07-13_14-10-56 38320
2020-07-13_14-10-56 38320
2020-07-13_14-10-56 38330
2020-07-13_14-10-56 38330
2020-07-13_14-10-56 38330
2020-07-13_14-10-56 38330
2020-07-13_14-10-56 38350
2020-07-13_14-10-56 38340
2020-07-13_14-10-56 38320
2020-07-13_14-10-56 38310
2020-07-13_14-10-56 38310
2020-07-13_14-10-56 38310
2020-07-13_14-10-56 38280
2020-07-13_14-10-56 38260
2020-07-13_14-10-56 38250
2020-07-13_14-10-56 38250
2020-07-13_14-10-56 38230
2020-07-13_14-10-56 38230
2020-07-13_14-10-56 38220
2020-07-13_14-10-56 38220
2020-07-13_14-10-56 38220
2020-07-13_14-10-56 38240
2020-07-13_14-10-56 38250
2020-07-13_14-10-56 38240
2020-07-13_14-10-56 38230
2020-07-13_14-10-56 38230
2020-07-13_14-10-56 38240
2020-07-13_14-10-56 38230
2020-07-13_14-10-56 38230
2020-07-13_14-10-56 38230
2020-07-13_14-10-56 38230
2020-07-13_14-10-56 38230
2020-07-13_14-10-56 38220
2020-07-13_14-10-56 38230
2020-07-13_14-10-56 38230
2020-07-13_14-10-56 38240
2020-07-13_14-10-56 38230
2020-07-13_14-10-56 38230
2020-07-13_14-10-56 38230
2020-07-13_14-10-56 38230
2020-07-13_14-10-56 38230
2020-07-13_14-10-56 38230
2020-07-13_14-10-56 38230
2020-07-13_14-10-56 38230
2020-07-13_14-10-56 38230
2020-07-13_14-10-56 38230
2020-07-13_14-10-56 38230
2020-07-13_14-10-56 38230
2020-07-13_14-10-56 38230
2020-07-13_14-10-56 38230
2020-07-13_14-10-56 38230
2020-07-13_14-10-56 38230
2020-07-13_14-10-56 38230
2020-07-13_14-10-56 38230
2020-07-13_14-10-56 38230
2020-07-13_14-10-56 38230
2020-07-13_14-10-56 38230
2020-07-13_14-10-56 38230
2020-07-13_14-10-56 38230
2020-07-13_14-10-56 38230
2020-07-13_14-10-56 38230
2020-07-13_14-10-56 38230
2020-07-13_14-10-56 38230
2020-07-13_14-10-56 38230
2020-07-13_14-10-56 38230
2020-07-13_14-10-56 38230
2020-07-13_14-10-56 38230
2020-07-13_14-10-56 38230
2020-07-13_14-10-56 38230
2020-07-13_14-10-56 38230
2020-07-13_14-10-56 38230
2020-07-13_14-10-56 38230
2020-07-13_14-10-56 38230
2020-07-13_14-10-56 38230
2020-07-13_14-10-56 38230
2020-07-13_14-10-56 38230
2020-07-13_14-10-56 38220
2020-07-13_14-10-56 38220
2020-07-13_14-10-56 38220
2020-07-13_14-10-56 38230
2020-07-13_14-10-56 38230
2020-07-13_14-10-56 38240
2020-07-13_14-10-56 38240
2020-07-13_14-10-56 38230
2020-07-13_14-10-56 38230
2020-07-13_14-10-56 38230
2020-07-13_14-10-56 38230
2020-07-13_14-10-56 38230
2020-07-13_14-10-56 38230
2020-07-13_14-10-56 38230
2020-07-13_14-10-56 38230
2020-07-13_14-10-56 38230
2020-07-13_14-10-56 38240
2020-07-13_14-10-56 38240
2020-07-13_14-10-56 38240
2020-07-13_14-10-56 38240
2020-07-13_14-10-56 38240
2020-07-13_14-10-56 38240
2020-07-13_14-10-56 38230
2020-07-13_14-10-56 38240
2020-07-13_14-10-56 38240
2020-07-13_14-10-56 38230
2020-07-13_14-10-56 38230
2020-07-13_14-10-56 38230
2020-07-13_14-10-56 38230
2020-07-13_14-10-56 38230
2020-07-13_14-10-56 38230
2020-07-13_14-10-56 38220
2020-07-13_14-10-56 38220
2020-07-13_14-10-56 38220
2020-07-13_14-10-56 38230
2020-07-13_14-10-56 38240
2020-07-13_14-10-56 38240
2020-07-13_14-10-56 38240
2020-07-13_14-10-56 38240
2020-07-13_14-10-56 38230
2020-07-13_14-10-56 38230
2020-07-13_14-10-56 38240
2020-07-13_14-10-56 38240
2020-07-13_14-10-56 38240
2020-07-13_14-10-56 38240
2020-07-13_14-10-56 38240
2020-07-13_14-10-56 38240
2020-07-13_14-10-56 38240
2020-07-13_14-10-56 38240
2020-07-13_14-10-56 38240
2020-07-13_14-10-56 38240
2020-07-13_14-10-56 38240
2020-07-13_14-10-56 38240
2020-07-13_14-10-56 38230
2020-07-13_14-10-56 38230
2020-07-13_14-10-56 38230
2020-07-13_14-10-56 38230
2020-07-13_14-10-56 38230
2020-07-13_14-10-56 38230
2020-07-13_14-10-56 38230
2020-07-13_14-10-56 38230
2020-07-13_14-10-56 38230
2020-07-13_14-10-56 38230
2020-07-13_14-10-56 38230
2020-07-13_14-10-56 38240
2020-07-13_14-10-56 38240
2020-07-13_14-10-56 38240
2020-07-13_14-10-56 38240
2020-07-13_14-10-56 38230
2020-07-13_14-10-56 38230
2020-07-13_14-10-56 38230
2020-07-13_14-10-56 38230
2020-07-13_14-10-56 38230
2020-07-13_14-10-56 38230
2020-07-13_14-10-56 38230
2020-07-13_14-10-56 38230
2020-07-13_14-10-56 38230
2020-07-13_14-10-56 38230
2020-07-13_14-10-56 38230
2020-07-13_14-10-56 38230
2020-07-13_14-10-56 38230
2020-07-13_14-10-56 38230
2020-07-13_14-10-56 38230
2020-07-13_14-10-56 38230
2020-07-13_14-10-56 38230
2020-07-13_14-10-56 38240
2020-07-13_14-10-56 38240
2020-07-13_14-10-56 38240
2020-07-13_14-10-56 38230
2020-07-13_14-10-56 38230
2020-07-13_14-10-56 38230
2020-07-13_14-10-56 38230
2020-07-13_14-10-56 38230
2020-07-13_14-10-56 38230
2020-07-13_14-10-56 38230
2020-07-13_14-10-56 38230
2020-07-13_14-10-56 38230
2020-07-13_14-10-56 38230
2020-07-13_14-10-56 38230
2020-07-13_14-10-56 38230
2020-07-13_14-10-56 38230
2020-07-13_14-10-56 38230
2020-07-13_14-10-56 38230
2020-07-13_14-10-56 38230
2020-07-13_14-10-56 38230
2020-07-13_14-10-56 38230
2020-07-13_14-10-56 38230
2020-07-13_14-10-56 38230
2020-07-13_14-10-56 38230
2020-07-13_14-10-56 38230
2020-07-13_14-10-56 38230
2020-07-13_14-10-56 38230
2020-07-13_14-10-56 38230
2020-07-13_14-10-56 38230
2020-07-13_14-10-56 38230
2020-07-13_14-10-56 38230
2020-07-13_14-10-56 38230
2020-07-13_14-10-56 38230
2020-07-13_14-10-56 38230
2020-07-13_14-10-56 38230
2020-07-13_14-10-56 38230
2020-07-13_14-10-56 38230
2020-07-13_14-10-56 38230
2020-07-13_14-10-56 38230
2020-07-13_14-10-56 38230
2020-07-13_14-10-56 38230
2020-07-13_14-10-56 38240
2020-07-13_14-10-56 38240
2020-07-13_14-10-56 38240
2020-07-13_14-10-56 38230
2020-07-13_14-10-56 38230
2020-07-13_14-10-56 38240
2020-07-13_14-10-56 38240
2020-07-13_14-10-56 38240
2020-07-13_14-10-56 38240
2020-07-13_14-10-56 38240
2020-07-13_14-10-56 38240
2020-07-13_14-10-56 38240
2020-07-13_14-10-56 38240
2020-07-13_14-10-56 38240
2020-07-13_14-10-56 38240
2020-07-13_14-10-56 38240
2020-07-13_14-10-56 38240
2020-07-13_14-10-56 38240
2020-07-13_14-10-56 38240
2020-07-13_14-10-56 38240
2020-07-13_14-10-56 38240
2020-07-13_14-10-56 38240
2020-07-13_14-10-56 38240
2020-07-13_14-10-56 38240
2020-07-13_14-10-56 38230
2020-07-13_14-10-56 38230
2020-07-13_14-10-56 38230
2020-07-13_14-10-56 38230
2020-07-13_14-10-56 38230
2020-07-13_14-10-56 38230
2020-07-13_14-10-56 38230
2020-07-13_14-10-56 38230
2020-07-13_14-10-56 38240
2020-07-13_14-10-56 38240
2020-07-13_14-10-56 38240
2020-07-13_14-10-56 38230
2020-07-13_14-10-56 38230
2020-07-13_14-10-56 38230
2020-07-13_14-10-56 38230
2020-07-13_14-10-56 38230
2020-07-13_14-10-56 38230
2020-07-13_14-10-56 38230
2020-07-13_14-10-56 38230
2020-07-13_14-10-56 38230
2020-07-13_14-10-56 38230
2020-07-13_14-10-56 38230
2020-07-13_14-10-56 38230
2020-07-13_14-10-56 38230
2020-07-13_14-10-56 38220
2020-07-13_14-10-56 38220
2020-07-13_14-10-56 38220
2020-07-13_14-10-56 38230
2020-07-13_14-10-56 38240
2020-07-13_14-10-56 38240
2020-07-13_14-10-56 38240
2020-07-13_14-10-56 38230
2020-07-13_14-10-56 38230
2020-07-13_14-10-56 38230
2020-07-13_14-10-56 38230
2020-07-13_14-10-56 38230
2020-07-13_14-10-56 38230
2020-07-13_14-10-56 38230
2020-07-13_14-10-56 38230
2020-07-13_14-10-56 38230
2020-07-13_14-10-56 38230
2020-07-13_14-10-56 38240
2020-07-13_14-10-56 38240
2020-07-13_14-10-56 38240
2020-07-13_14-10-56 38240
2020-07-13_14-10-56 38240
2020-07-13_14-10-56 38230
2020-07-13_14-10-56 38240
2020-07-13_14-10-56 38240
2020-07-13_14-10-56 38240
2020-07-13_14-10-56 38240
2020-07-13_14-10-56 38240
2020-07-13_14-10-56 38230
2020-07-13_14-10-56 38230
2020-07-13_14-10-56 38230
2020-07-13_14-10-56 38230
2020-07-13_14-10-56 38240
2020-07-13_14-10-56 38240
2020-07-13_14-10-56 38230
2020-07-13_14-10-56 38230
2020-07-13_14-10-56 38220
2020-07-13_14-10-56 38220
2020-07-13_14-10-56 38230
2020-07-13_14-10-56 38230
2020-07-13_14-10-56 38230
2020-07-13_14-10-56 38220
2020-07-13_14-10-56 38220
2020-07-13_14-10-56 38220
2020-07-13_14-10-56 38220
2020-07-13_14-10-56 38230
2020-07-13_14-10-56 38230
2020-07-13_14-10-56 38240
2020-07-13_14-10-56 38230
2020-07-13_14-10-56 38230
2020-07-13_14-10-56 38230
2020-07-13_14-10-56 38230
2020-07-13_14-10-56 38230
2020-07-13_14-10-56 38240
2020-07-13_14-10-56 38240
2020-07-13_14-10-56 38240
2020-07-13_14-10-56 38240
2020-07-13_14-10-56 38240
2020-07-13_14-10-56 38240
2020-07-13_14-10-56 38240
2020-07-13_14-10-56 38230
2020-07-13_14-10-56 38230
2020-07-13_14-10-56 38230
2020-07-13_14-10-56 38230
2020-07-13_14-10-56 38230
2020-07-13_14-10-56 38230
2020-07-13_14-10-56 38230
2020-07-13_14-10-56 38240
2020-07-13_14-10-56 38230
2020-07-13_14-10-56 38230
2020-07-13_14-10-56 38230
2020-07-13_14-10-56 38230
2020-07-13_14-10-56 38230
2020-07-13_14-10-56 38230
2020-07-13_14-10-56 38230
2020-07-13_14-10-56 38230
2020-07-13_14-10-56 38230
2020-07-13_14-10-56 38230
2020-07-13_14-10-56 38230
2020-07-13_14-10-56 38230
2020-07-13_14-10-56 38230
2020-07-13_14-10-56 38240
2020-07-13_14-10-56 38240
2020-07-13_14-10-56 38240
2020-07-13_14-10-56 38240
2020-07-13_14-10-56 38230
2020-07-13_14-10-56 38230
2020-07-13_14-10-56 38230
2020-07-13_14-10-56 38230
2020-07-13_14-10-56 38230
2020-07-13_14-10-56 38230
2020-07-13_14-10-56 38230
2020-07-13_14-10-56 38230
2020-07-13_14-10-56 38230
2020-07-13_14-10-56 38230
2020-07-13_14-10-56 38230
2020-07-13_14-10-56 38230
2020-07-13_14-10-56 38230
2020-07-13_14-10-56 38230
2020-07-13_14-10-56 38230
2020-07-13_14-10-56 38230
2020-07-13_14-10-56 38230
2020-07-13_14-10-56 38230
2020-07-13_14-10-56 38230
2020-07-13_14-10-56 38230
2020-07-13_14-10-56 38230
2020-07-13_14-10-56 38230
2020-07-13_14-10-56 38230
2020-07-13_14-10-56 38230
2020-07-13_14-10-56 38230
2020-07-13_14-10-56 38230
2020-07-13_14-10-56 38230
2020-07-13_14-10-56 38230
2020-07-13_14-10-56 38230
2020-07-13_14-10-56 38240
2020-07-13_14-10-56 38240
2020-07-13_14-10-56 38230
2020-07-13_14-10-56 38230
2020-07-13_14-10-56 38230
2020-07-13_14-10-56 38230
2020-07-13_14-10-56 38230
2020-07-13_14-10-56 38230
2020-07-13_14-10-56 38230
2020-07-13_14-10-56 38230
2020-07-13_14-10-56 38230
2020-07-13_14-10-56 38230
2020-07-13_14-10-56 38230
2020-07-13_14-10-56 38230
2020-07-13_14-10-56 38230
2020-07-13_14-10-56 38230
2020-07-13_14-10-56 38230
2020-07-13_14-10-56 38230
2020-07-13_14-10-56 38230
2020-07-13_14-10-56 38230
2020-07-13_14-10-56 38230
2020-07-13_14-10-56 38230
2020-07-13_14-10-56 38240
2020-07-13_14-10-56 38240
2020-07-13_14-10-56 38230
2020-07-13_14-10-56 38230
2020-07-13_14-10-56 38230
2020-07-13_14-10-56 38230
2020-07-13_14-10-56 38230
2020-07-13_14-10-56 38240
2020-07-13_14-10-56 38240
2020-07-13_14-10-56 38240
2020-07-13_14-10-56 38230
2020-07-13_14-10-56 38240
2020-07-13_14-10-56 38230
2020-07-13_14-10-56 38230
2020-07-13_14-10-56 38230
2020-07-13_14-10-56 38230
2020-07-13_14-10-56 38240
2020-07-13_14-10-56 38230
2020-07-13_14-10-56 38230
2020-07-13_14-10-56 38230
2020-07-13_14-10-56 38240
2020-07-13_14-10-56 38240
2020-07-13_14-10-56 38240
2020-07-13_14-10-56 38240
2020-07-13_14-10-56 38240
2020-07-13_14-10-56 38240
2020-07-13_14-10-56 38240
2020-07-13_14-10-56 38240
2020-07-13_14-10-56 38230
2020-07-13_14-10-56 38230
2020-07-13_14-10-56 38240
2020-07-13_14-10-56 38240
2020-07-13_14-10-56 38240
2020-07-13_14-10-56 38240
2020-07-13_14-10-56 38240
2020-07-13_14-10-56 38240
2020-07-13_14-10-56 38240
2020-07-13_14-10-56 38240
2020-07-13_14-10-56 38240
2020-07-13_14-10-56 38240
2020-07-13_14-10-56 38240
2020-07-13_14-10-56 38240
2020-07-13_14-10-56 38240
2020-07-13_14-10-56 38240
2020-07-13_14-10-56 38240
2020-07-13_14-10-56 38230
2020-07-13_14-10-56 38230
2020-07-13_14-10-56 38230
2020-07-13_14-10-56 38230
2020-07-13_14-10-56 38230
2020-07-13_14-10-56 38240
2020-07-13_14-10-56 38240
2020-07-13_14-10-56 38240
2020-07-13_14-10-56 38240
2020-07-13_14-10-56 38230
2020-07-13_14-10-56 38230
2020-07-13_14-10-56 38230
2020-07-13_14-10-56 38230
2020-07-13_14-10-56 38240
2020-07-13_14-10-56 38230
2020-07-13_14-10-56 38230
2020-07-13_14-10-56 38220
2020-07-13_14-10-56 38230
2020-07-13_14-10-56 38230
2020-07-13_14-10-56 38230
2020-07-13_14-10-56 38240
2020-07-13_14-10-56 38240
2020-07-13_14-10-56 38240
2020-07-13_14-10-56 38240
2020-07-13_14-10-56 38230
2020-07-13_14-10-56 38230
2020-07-13_14-10-56 38230
2020-07-13_14-10-56 38230
2020-07-13_14-10-56 38230
2020-07-13_14-10-56 38230
2020-07-13_14-10-56 38240
2020-07-13_14-10-56 38240
2020-07-13_14-10-56 38240
2020-07-13_14-10-56 38240
2020-07-13_14-10-56 38240
2020-07-13_14-10-56 38240
2020-07-13_14-10-56 38230
2020-07-13_14-10-56 38230
2020-07-13_14-10-56 38230
2020-07-13_14-10-56 38230
2020-07-13_14-10-56 38230
2020-07-13_14-10-56 38230
2020-07-13_14-10-56 38230
2020-07-13_14-10-56 38230
2020-07-13_14-10-56 38230
2020-07-13_14-10-56 38230
2020-07-13_14-10-56 38230
2020-07-13_14-10-56 38230
2020-07-13_14-10-56 38230
2020-07-13_14-10-56 38230
2020-07-13_14-10-56 38230
2020-07-13_14-10-56 38230
2020-07-13_14-10-56 38230
2020-07-13_14-10-56 38230
2020-07-13_14-10-56 38230
2020-07-13_14-10-56 38230
2020-07-13_14-10-56 38240
2020-07-13_14-10-56 38240
2020-07-13_14-10-56 38240
2020-07-13_14-10-56 38230
2020-07-13_14-10-56 38230
2020-07-13_14-10-56 38240
2020-07-13_14-10-56 38240
2020-07-13_14-10-56 38240
2020-07-13_14-10-56 38240
2020-07-13_14-10-56 38240
2020-07-13_14-10-56 38240
2020-07-13_14-10-56 38240
2020-07-13_14-10-56 38240
2020-07-13_14-10-56 38240
2020-07-13_14-10-56 38240
2020-07-13_14-10-56 38240
2020-07-13_14-10-56 38240
2020-07-13_14-10-56 38240
2020-07-13_14-10-56 38240
2020-07-13_14-10-56 38240
2020-07-13_14-10-56 38240
2020-07-13_14-10-56 38240
2020-07-13_14-10-56 38240
2020-07-13_14-10-56 38240
2020-07-13_14-10-56 38240
2020-07-13_14-10-56 38240
2020-07-13_14-10-56 38240
2020-07-13_14-10-56 38240
2020-07-13_14-10-56 38240
2020-07-13_14-10-56 38240
2020-07-13_14-10-56 38240
2020-07-13_14-10-56 38240
2020-07-13_14-10-56 38240
2020-07-13_14-10-56 38240
2020-07-13_14-10-56 38240
2020-07-13_14-10-56 38240
2020-07-13_14-10-56 38240
2020-07-13_14-10-56 38240
2020-07-13_14-10-56 38240
2020-07-13_14-10-56 38240
2020-07-13_14-10-56 38240
2020-07-13_14-10-56 38240
2020-07-13_14-10-56 38240
2020-07-13_14-10-56 38240
2020-07-13_14-10-56 38240
2020-07-13_14-10-56 38240
2020-07-13_14-10-56 38240
2020-07-13_14-10-56 38230
2020-07-13_14-10-56 38230
2020-07-13_14-10-56 38230
2020-07-13_14-10-56 38230
2020-07-13_14-10-56 38230
2020-07-13_14-10-56 38220
2020-07-13_14-10-56 38220
2020-07-13_14-10-56 38230
2020-07-13_14-10-56 38240
2020-07-13_14-10-56 38240
2020-07-13_14-10-56 38230
2020-07-13_14-10-56 38230
2020-07-13_14-10-56 38230
2020-07-13_14-10-56 38230
2020-07-13_14-10-56 38220
2020-07-13_14-10-56 38230
2020-07-13_14-10-56 38230
2020-07-13_14-10-56 38230
2020-07-13_14-10-56 38220
2020-07-13_14-10-56 38220
2020-07-13_14-10-56 38220
2020-07-13_14-10-56 38230
2020-07-13_14-10-56 38240
2020-07-13_14-10-56 38240
2020-07-13_14-10-56 38240
2020-07-13_14-10-56 38240
2020-07-13_14-10-56 38240
2020-07-13_14-10-56 38240
2020-07-13_14-10-56 38240
2020-07-13_14-10-56 38230
2020-07-13_14-10-56 38230
2020-07-13_14-10-56 38230
2020-07-13_14-10-56 38230
2020-07-13_14-10-56 38230
2020-07-13_14-10-56 38230
2020-07-13_14-10-56 38230
2020-07-13_14-10-56 38230
2020-07-13_14-10-56 38240
2020-07-13_14-10-56 38240
2020-07-13_14-10-56 38240
2020-07-13_14-10-56 38240
2020-07-13_14-10-56 38240
2020-07-13_14-10-56 38240
2020-07-13_14-10-56 38240
2020-07-13_14-10-56 38240
2020-07-13_14-10-56 38240
2020-07-13_14-10-56 38240
2020-07-13_14-10-56 38230
2020-07-13_14-10-56 38230
2020-07-13_14-10-56 38240
2020-07-13_14-10-56 38240
2020-07-13_14-10-56 38240
2020-07-13_14-10-56 38240
2020-07-13_14-10-56 38240
2020-07-13_14-10-56 38240
2020-07-13_14-10-56 38230
2020-07-13_14-10-56 38230
2020-07-13_14-10-56 38230
2020-07-13_14-10-56 38230
2020-07-13_14-10-56 38230
2020-07-13_14-10-56 38230
2020-07-13_14-10-56 38230
2020-07-13_14-10-56 38230
2020-07-13_14-10-56 38230
2020-07-13_14-10-56 38230
2020-07-13_14-10-56 38230
2020-07-13_14-10-56 38230
2020-07-13_14-10-56 38230
2020-07-13_14-10-56 38230
2020-07-13_14-10-56 38230
2020-07-13_14-10-56 38230
2020-07-13_14-10-56 38230
2020-07-13_14-10-56 38230
2020-07-13_14-10-56 38230
2020-07-13_14-10-56 38240
2020-07-13_14-10-56 38240
2020-07-13_14-10-56 38240
2020-07-13_14-10-56 38240
2020-07-13_14-10-56 38240
2020-07-13_14-10-56 38230
2020-07-13_14-10-56 38230
2020-07-13_14-10-56 38230
2020-07-13_14-10-56 38230
2020-07-13_14-10-56 38240
2020-07-13_14-10-56 38240
2020-07-13_14-10-56 38240
2020-07-13_14-10-56 38240
2020-07-13_14-10-56 38240
2020-07-13_14-10-56 38240
2020-07-13_14-10-56 38240
2020-07-13_14-10-56 38240
2020-07-13_14-10-56 38240
2020-07-13_14-10-56 38230
2020-07-13_14-10-56 38230
2020-07-13_14-10-56 38230
2020-07-13_14-10-56 38240
2020-07-13_14-10-56 38230
2020-07-13_14-10-56 38230
2020-07-13_14-10-56 38230
2020-07-13_14-10-56 38230
2020-07-13_14-10-56 38230
2020-07-13_14-10-56 38230
2020-07-13_14-10-56 38230
2020-07-13_14-10-56 38230
2020-07-13_14-10-56 38230
2020-07-13_14-10-56 38230
2020-07-13_14-10-56 38230
2020-07-13_14-10-56 38230
2020-07-13_14-10-56 38230
2020-07-13_14-10-56 38230
2020-07-13_14-10-56 38230
2020-07-13_14-10-56 38230
2020-07-13_14-10-56 38230
2020-07-13_14-10-56 38230
2020-07-13_14-10-56 38230
2020-07-13_14-10-56 38230
2020-07-13_14-10-56 38230
2020-07-13_14-10-56 38230
2020-07-13_14-10-56 38230
2020-07-13_14-10-56 38230
2020-07-13_14-10-56 38230
2020-07-13_14-10-56 38230
2020-07-13_14-10-56 38230
2020-07-13_14-10-56 38230
2020-07-13_14-10-56 38230
2020-07-13_14-10-56 38230
2020-07-13_14-10-56 38230
2020-07-13_14-10-56 38230
2020-07-13_14-10-56 38230
2020-07-13_14-10-56 38230
2020-07-13_14-10-56 38230
2020-07-13_14-10-56 38230
2020-07-13_14-10-56 38230
2020-07-13_14-10-56 38220
2020-07-13_14-10-56 38220
2020-07-13_14-10-56 38220
2020-07-13_14-10-56 38220
2020-07-13_14-10-56 38230
2020-07-13_14-10-56 38220
2020-07-13_14-10-56 38220
2020-07-13_14-10-56 38220
2020-07-13_14-10-56 38220
2020-07-13_14-10-56 38230
2020-07-13_14-10-56 38230
2020-07-13_14-10-56 38230
2020-07-13_14-10-56 38230
2020-07-13_14-10-56 38230
2020-07-13_14-10-56 38240
2020-07-13_14-10-56 38240
2020-07-13_14-10-56 38230
2020-07-13_14-10-56 38230
2020-07-13_14-10-56 38230
2020-07-13_14-10-56 38240
2020-07-13_14-10-56 38230
2020-07-13_14-10-56 38230
2020-07-13_14-10-56 38230
2020-07-13_14-10-56 38230
2020-07-13_14-10-56 38230
2020-07-13_14-10-56 38230
2020-07-13_14-10-56 38230
2020-07-13_14-10-56 38230
2020-07-13_14-10-56 38230
2020-07-13_14-10-56 38230
2020-07-13_14-10-56 38230
2020-07-13_14-10-56 38230
2020-07-13_14-10-56 38230
2020-07-13_14-10-56 38230
2020-07-13_14-10-56 38240
2020-07-13_14-10-56 38250
2020-07-13_14-10-56 38270
2020-07-13_14-10-56 38280
2020-07-13_14-10-56 38290
2020-07-13_14-10-56 38290
2020-07-13_14-10-56 38290
2020-07-13_14-10-56 38290
2020-07-13_14-10-56 38290
2020-07-13_14-10-56 38270
2020-07-13_14-10-56 38250
2020-07-13_14-10-56 38240
2020-07-13_14-10-56 38230
2020-07-13_14-10-56 38230
2020-07-13_14-10-56 38240
2020-07-13_14-10-56 38240
2020-07-13_14-10-56 38230
2020-07-13_14-10-56 38230
2020-07-13_14-10-56 38230
2020-07-13_14-10-56 38240
2020-07-13_14-10-56 38240
2020-07-13_14-10-56 38250
2020-07-13_14-10-56 38260
2020-07-13_14-10-56 38290
2020-07-13_14-10-56 38320
2020-07-13_14-10-56 38320
2020-07-13_14-10-56 38310
2020-07-13_14-10-56 38330
2020-07-13_14-10-56 38350
2020-07-13_14-10-56 38350
2020-07-13_14-10-56 38340
2020-07-13_14-10-56 38340
2020-07-13_14-10-56 38350
2020-07-13_14-10-56 38330
2020-07-13_14-10-56 38310
2020-07-13_14-10-56 38310
2020-07-13_14-10-56 38310
2020-07-13_14-10-56 38300
2020-07-13_14-10-56 38320
2020-07-13_14-10-56 38340
2020-07-13_14-10-56 38340
2020-07-13_14-10-56 38310
2020-07-13_14-10-56 38300
2020-07-13_14-10-56 38310
2020-07-13_14-10-56 38310
2020-07-13_14-10-56 38330
2020-07-13_14-10-56 38360
2020-07-13_14-10-56 38350
2020-07-13_14-10-56 38330
2020-07-13_14-10-56 38320
2020-07-13_14-10-56 38340
2020-07-13_14-10-56 38340
2020-07-13_14-10-56 38330
2020-07-13_14-10-56 38320
2020-07-13_14-10-56 38340
2020-07-13_14-10-56 38340
2020-07-13_14-10-56 38340
2020-07-13_14-10-56 38330
2020-07-13_14-10-56 38330
2020-07-13_14-10-56 38330
2020-07-13_14-10-56 38330
2020-07-13_14-10-56 38340
2020-07-13_14-10-56 38340
2020-07-13_14-10-56 38350
2020-07-13_14-10-56 38350
2020-07-13_14-10-56 38350
2020-07-13_14-10-56 38340
2020-07-13_14-10-56 38340
2020-07-13_14-10-56 38330
2020-07-13_14-10-56 38330
2020-07-13_14-10-56 38320
2020-07-13_14-10-56 38330
2020-07-13_14-10-56 38340
2020-07-13_14-10-56 38350
2020-07-13_14-10-56 38340
2020-07-13_14-10-56 38330
2020-07-13_14-10-56 38330
2020-07-13_14-10-56 38330
2020-07-13_14-10-56 38340
2020-07-13_14-10-56 38340
2020-07-13_14-10-56 38340
2020-07-13_14-10-56 38330
2020-07-13_14-10-56 38320
2020-07-13_14-10-56 38320
2020-07-13_14-10-56 38330
2020-07-13_14-10-56 38340
2020-07-13_14-10-56 38340
2020-07-13_14-10-56 38330
2020-07-13_14-10-56 38340
2020-07-13_14-10-56 38340
2020-07-13_14-10-56 38330
2020-07-13_14-10-56 38330
2020-07-13_14-10-56 38330
2020-07-13_14-10-56 38330
2020-07-13_14-10-56 38330
2020-07-13_14-10-56 38330
2020-07-13_14-10-56 38340
2020-07-13_14-10-56 38340
2020-07-13_14-10-56 38340
2020-07-13_14-10-56 38340
2020-07-13_14-10-56 38340
2020-07-13_14-10-56 38340
2020-07-13_14-10-56 38330
2020-07-13_14-10-56 38330
2020-07-13_14-10-56 38330
2020-07-13_14-10-56 38330
2020-07-13_14-10-56 38330
2020-07-13_14-10-56 38330
2020-07-13_14-10-56 38330
2020-07-13_14-10-56 38320
2020-07-13_14-10-56 38290
2020-07-13_14-10-56 38280
2020-07-13_14-10-56 38310
2020-07-13_14-10-56 38360
2020-07-13_14-10-56 38410
2020-07-13_14-10-56 38460
2020-07-13_14-10-56 38480
2020-07-13_14-10-56 38340
2020-07-13_14-10-56 38180
2020-07-13_14-10-56 38180
2020-07-13_14-10-56 38330
2020-07-13_14-10-56 38400
2020-07-13_14-10-56 38310
2020-07-13_14-10-56 38260
2020-07-13_14-10-56 38300
2020-07-13_14-10-56 38340
2020-07-13_14-10-56 38330
2020-07-13_14-10-56 38310
2020-07-13_14-10-56 38320
2020-07-13_14-10-56 38330
2020-07-13_14-10-56 38310
2020-07-13_14-10-56 38180
2020-07-13_14-10-56 37860
2020-07-13_14-10-56 37230
2020-07-13_14-10-56 36270
2020-07-13_14-10-56 35080
2020-07-13_14-10-56 33830
2020-07-13_14-10-56 32740
2020-07-13_14-10-56 32010
2020-07-13_14-10-56 31680
2020-07-13_14-10-56 31620
2020-07-13_14-10-56 31620
2020-07-13_14-10-56 31630
2020-07-13_14-10-57 31680
2020-07-13_14-10-57 31780
2020-07-13_14-10-57 31870
2020-07-13_14-10-57 31900
2020-07-13_14-10-57 31900
2020-07-13_14-10-57 31860
2020-07-13_14-10-57 31790
2020-07-13_14-10-57 31690
2020-07-13_14-10-57 31560
2020-07-13_14-10-57 31400
2020-07-13_14-10-57 31260
2020-07-13_14-10-57 31160
2020-07-13_14-10-57 31100
2020-07-13_14-10-57 31020
2020-07-13_14-10-57 30940
2020-07-13_14-10-57 30900
2020-07-13_14-10-57 30940
2020-07-13_14-10-57 31060
2020-07-13_14-10-57 31250
2020-07-13_14-10-57 31440
2020-07-13_14-10-57 31580
2020-07-13_14-10-57 31570
2020-07-13_14-10-57 31510
2020-07-13_14-10-57 31480
2020-07-13_14-10-57 31480
2020-07-13_14-10-57 31430
2020-07-13_14-10-57 31320
2020-07-13_14-10-57 31260
2020-07-13_14-10-57 31270
2020-07-13_14-10-57 30460
2020-07-13_14-10-57 27840
2020-07-13_14-10-57 24660
2020-07-13_14-10-57 22380
2020-07-13_14-10-57 21860
2020-07-13_14-10-57 21870
2020-07-13_14-10-57 21840
2020-07-13_14-10-57 21830
2020-07-13_14-10-57 21850
2020-07-13_14-10-57 21880
2020-07-13_14-10-57 21890
2020-07-13_14-10-57 21880
2020-07-13_14-10-57 21850
2020-07-13_14-10-57 21840
2020-07-13_14-10-57 21880
2020-07-13_14-10-57 21940
2020-07-13_14-10-57 21970
2020-07-13_14-10-57 21960
2020-07-13_14-10-57 21930
2020-07-13_14-10-57 21900
2020-07-13_14-10-57 21880
2020-07-13_14-10-57 21870
2020-07-13_14-10-57 21900
2020-07-13_14-10-57 21910
2020-07-13_14-10-57 21890
2020-07-13_14-10-57 21870
2020-07-13_14-10-57 21890
2020-07-13_14-10-57 21920
2020-07-13_14-10-57 21910
2020-07-13_14-10-57 21870
2020-07-13_14-10-57 21830
2020-07-13_14-10-57 21780
2020-07-13_14-10-57 20800
2020-07-13_14-10-57 18420
2020-07-13_14-10-57 15950
2020-07-13_14-10-57 14680
2020-07-13_14-10-57 15050
2020-07-13_14-10-57 15690
2020-07-13_14-10-57 16100
2020-07-13_14-10-57 15730
2020-07-13_14-10-57 13630
2020-07-13_14-10-57 10900
2020-07-13_14-10-57 8810
2020-07-13_14-10-57 8470
2020-07-13_14-10-57 8870
2020-07-13_14-10-57 9170
2020-07-13_14-10-57 8760
2020-07-13_14-10-57 6670
2020-07-13_14-10-57 3640
2020-07-13_14-10-57 1060
