2020-07-13_14-11-02 1290
2020-07-13_14-11-02 2680
2020-07-13_14-11-02 3900
2020-07-13_14-11-02 3880
2020-07-13_14-11-02 3950
2020-07-13_14-11-02 3910
2020-07-13_14-11-02 3950
2020-07-13_14-11-02 3920
2020-07-13_14-11-02 3910
2020-07-13_14-11-02 3940
2020-07-13_14-11-02 3940
2020-07-13_14-11-02 3990
2020-07-13_14-11-02 4100
2020-07-13_14-11-02 6140
2020-07-13_14-11-02 6680
2020-07-13_14-11-02 6710
2020-07-13_14-11-02 6710
2020-07-13_14-11-02 6750
2020-07-13_14-11-02 6940
2020-07-13_14-11-02 8370
2020-07-13_14-11-02 9630
2020-07-13_14-11-02 9690
2020-07-13_14-11-02 9700
2020-07-13_14-11-02 9700
2020-07-13_14-11-02 9680
2020-07-13_14-11-02 9660
2020-07-13_14-11-02 9660
2020-07-13_14-11-02 9680
2020-07-13_14-11-02 9660
2020-07-13_14-11-02 9680
2020-07-13_14-11-02 9590
2020-07-13_14-11-02 9700
2020-07-13_14-11-02 9700
2020-07-13_14-11-02 9670
2020-07-13_14-11-02 9700
2020-07-13_14-11-02 9690
2020-07-13_14-11-02 9690
2020-07-13_14-11-02 9680
2020-07-13_14-11-02 9700
2020-07-13_14-11-02 9700
2020-07-13_14-11-02 9700
2020-07-13_14-11-02 9700
2020-07-13_14-11-02 9690
2020-07-13_14-11-02 9690
2020-07-13_14-11-02 9690
2020-07-13_14-11-02 9700
2020-07-13_14-11-02 9690
2020-07-13_14-11-02 9690
2020-07-13_14-11-02 9690
2020-07-13_14-11-02 9690
2020-07-13_14-11-02 9690
2020-07-13_14-11-02 9690
2020-07-13_14-11-02 9690
2020-07-13_14-11-02 9690
2020-07-13_14-11-02 9690
2020-07-13_14-11-02 9690
2020-07-13_14-11-02 9690
2020-07-13_14-11-02 9690
2020-07-13_14-11-02 9690
2020-07-13_14-11-02 9690
2020-07-13_14-11-02 9690
2020-07-13_14-11-02 9690
2020-07-13_14-11-02 9690
2020-07-13_14-11-02 9690
2020-07-13_14-11-02 9690
2020-07-13_14-11-02 9690
2020-07-13_14-11-02 9690
2020-07-13_14-11-02 9690
2020-07-13_14-11-02 9690
2020-07-13_14-11-02 9690
2020-07-13_14-11-02 9690
2020-07-13_14-11-02 9690
2020-07-13_14-11-02 9690
2020-07-13_14-11-02 9690
2020-07-13_14-11-02 9690
2020-07-13_14-11-02 9690
2020-07-13_14-11-02 9690
2020-07-13_14-11-02 9690
2020-07-13_14-11-02 9690
2020-07-13_14-11-02 9690
2020-07-13_14-11-02 9690
2020-07-13_14-11-02 9690
2020-07-13_14-11-02 9690
2020-07-13_14-11-02 9690
2020-07-13_14-11-02 9690
2020-07-13_14-11-02 9690
2020-07-13_14-11-02 9690
2020-07-13_14-11-02 9690
2020-07-13_14-11-02 9690
2020-07-13_14-11-02 9690
2020-07-13_14-11-02 9690
2020-07-13_14-11-02 9690
2020-07-13_14-11-02 9690
2020-07-13_14-11-02 9690
2020-07-13_14-11-02 9690
2020-07-13_14-11-02 9690
2020-07-13_14-11-02 9690
2020-07-13_14-11-02 9700
2020-07-13_14-11-02 9690
2020-07-13_14-11-02 9680
2020-07-13_14-11-02 9690
2020-07-13_14-11-02 9660
2020-07-13_14-11-02 9640
2020-07-13_14-11-02 9640
2020-07-13_14-11-02 9670
2020-07-13_14-11-02 9690
2020-07-13_14-11-02 9690
2020-07-13_14-11-02 9680
2020-07-13_14-11-02 9680
2020-07-13_14-11-02 9680
2020-07-13_14-11-02 9680
2020-07-13_14-11-02 9680
2020-07-13_14-11-02 9690
2020-07-13_14-11-02 9690
2020-07-13_14-11-02 9680
2020-07-13_14-11-02 9680
2020-07-13_14-11-02 9690
2020-07-13_14-11-02 9690
2020-07-13_14-11-02 9680
2020-07-13_14-11-02 9660
2020-07-13_14-11-02 9670
2020-07-13_14-11-02 9680
2020-07-13_14-11-02 9680
2020-07-13_14-11-02 9650
2020-07-13_14-11-02 9660
2020-07-13_14-11-02 9640
2020-07-13_14-11-02 9650
2020-07-13_14-11-02 9640
2020-07-13_14-11-02 9670
2020-07-13_14-11-02 9630
2020-07-13_14-11-02 9640
2020-07-13_14-11-02 9640
2020-07-13_14-11-02 9620
2020-07-13_14-11-02 9640
2020-07-13_14-11-02 9640
2020-07-13_14-11-02 9620
2020-07-13_14-11-02 9610
2020-07-13_14-11-02 9730
2020-07-13_14-11-02 11170
2020-07-13_14-11-02 11930
2020-07-13_14-11-02 12290
2020-07-13_14-11-02 12260
2020-07-13_14-11-02 12230
2020-07-13_14-11-02 12270
2020-07-13_14-11-02 12320
2020-07-13_14-11-02 12280
2020-07-13_14-11-02 12300
2020-07-13_14-11-02 12260
2020-07-13_14-11-02 12290
2020-07-13_14-11-02 12250
2020-07-13_14-11-02 12260
2020-07-13_14-11-02 12280
2020-07-13_14-11-02 9960
2020-07-13_14-11-02 8870
2020-07-13_14-11-02 8680
2020-07-13_14-11-02 9420
2020-07-13_14-11-02 10160
2020-07-13_14-11-02 10660
2020-07-13_14-11-02 10660
2020-07-13_14-11-02 10660
2020-07-13_14-11-02 10740
2020-07-13_14-11-02 10690
2020-07-13_14-11-02 10690
2020-07-13_14-11-02 10640
2020-07-13_14-11-02 10610
2020-07-13_14-11-02 10090
2020-07-13_14-11-02 8060
2020-07-13_14-11-02 7610
2020-07-13_14-11-02 7710
2020-07-13_14-11-02 7780
2020-07-13_14-11-02 7820
2020-07-13_14-11-02 7850
2020-07-13_14-11-02 7250
2020-07-13_14-11-02 6310
2020-07-13_14-11-02 4940
2020-07-13_14-11-02 4900
2020-07-13_14-11-02 4890
2020-07-13_14-11-02 4890
2020-07-13_14-11-02 4900
2020-07-13_14-11-02 4900
2020-07-13_14-11-02 4870
2020-07-13_14-11-02 4880
2020-07-13_14-11-02 4870
2020-07-13_14-11-02 4910
2020-07-13_14-11-02 4880
2020-07-13_14-11-02 4900
2020-07-13_14-11-02 4890
2020-07-13_14-11-02 4910
2020-07-13_14-11-02 4890
2020-07-13_14-11-02 4900
2020-07-13_14-11-02 4910
2020-07-13_14-11-02 4900
2020-07-13_14-11-02 4910
2020-07-13_14-11-02 4900
2020-07-13_14-11-02 4910
2020-07-13_14-11-02 4910
2020-07-13_14-11-02 4910
2020-07-13_14-11-02 4900
2020-07-13_14-11-02 4900
2020-07-13_14-11-02 4900
2020-07-13_14-11-02 4900
2020-07-13_14-11-02 4910
2020-07-13_14-11-02 4900
2020-07-13_14-11-02 4910
2020-07-13_14-11-02 4900
2020-07-13_14-11-02 4900
2020-07-13_14-11-02 4900
2020-07-13_14-11-02 4900
2020-07-13_14-11-02 4900
2020-07-13_14-11-02 4900
2020-07-13_14-11-02 4900
2020-07-13_14-11-02 4900
2020-07-13_14-11-02 4900
2020-07-13_14-11-02 4900
2020-07-13_14-11-02 4900
2020-07-13_14-11-02 4900
2020-07-13_14-11-02 4900
2020-07-13_14-11-02 4900
2020-07-13_14-11-02 4900
2020-07-13_14-11-02 4900
2020-07-13_14-11-02 4900
2020-07-13_14-11-02 4910
2020-07-13_14-11-02 4910
2020-07-13_14-11-02 4910
2020-07-13_14-11-02 4920
2020-07-13_14-11-02 4920
2020-07-13_14-11-02 4910
2020-07-13_14-11-02 4920
2020-07-13_14-11-02 4940
2020-07-13_14-11-02 4930
2020-07-13_14-11-02 4940
2020-07-13_14-11-02 4940
2020-07-13_14-11-02 4940
2020-07-13_14-11-02 4930
2020-07-13_14-11-02 4940
2020-07-13_14-11-02 4940
2020-07-13_14-11-02 4920
2020-07-13_14-11-02 4930
2020-07-13_14-11-02 4930
2020-07-13_14-11-02 4080
2020-07-13_14-11-02 3220
2020-07-13_14-11-02 2360
2020-07-13_14-11-02 2330
2020-07-13_14-11-02 2340
2020-07-13_14-11-02 2320
2020-07-13_14-11-02 2300
2020-07-13_14-11-02 2310
2020-07-13_14-11-02 2300
2020-07-13_14-11-02 2310
2020-07-13_14-11-02 2090
2020-07-13_14-11-02 1470
