2020-07-13_14-10-59 1370
2020-07-13_14-10-59 1810
2020-07-13_14-10-59 1790
2020-07-13_14-10-59 1710
2020-07-13_14-10-59 1770
2020-07-13_14-10-59 1810
2020-07-13_14-10-59 1740
2020-07-13_14-10-59 1710
2020-07-13_14-10-59 1760
2020-07-13_14-10-59 1790
2020-07-13_14-10-59 1770
2020-07-13_14-10-59 1770
2020-07-13_14-10-59 1790
2020-07-13_14-10-59 1770
2020-07-13_14-10-59 1730
2020-07-13_14-10-59 1780
2020-07-13_14-10-59 2560
2020-07-13_14-10-59 4460
2020-07-13_14-10-59 6340
2020-07-13_14-10-59 7170
2020-07-13_14-10-59 6850
2020-07-13_14-10-59 6750
2020-07-13_14-10-59 7000
2020-07-13_14-10-59 7060
2020-07-13_14-10-59 6900
2020-07-13_14-10-59 6890
2020-07-13_14-10-59 7010
2020-07-13_14-10-59 6980
2020-07-13_14-10-59 6890
2020-07-13_14-10-59 6940
2020-07-13_14-10-59 6980
2020-07-13_14-10-59 6930
2020-07-13_14-10-59 6910
2020-07-13_14-10-59 6970
2020-07-13_14-10-59 6970
2020-07-13_14-10-59 6930
2020-07-13_14-10-59 6940
2020-07-13_14-10-59 6970
2020-07-13_14-10-59 6940
2020-07-13_14-10-59 6900
2020-07-13_14-10-59 6930
2020-07-13_14-10-59 6950
2020-07-13_14-10-59 6940
2020-07-13_14-10-59 6900
2020-07-13_14-10-59 6910
2020-07-13_14-10-59 6950
2020-07-13_14-10-59 6980
2020-07-13_14-10-59 6960
2020-07-13_14-10-59 6920
2020-07-13_14-10-59 6920
2020-07-13_14-10-59 6940
2020-07-13_14-10-59 6950
2020-07-13_14-10-59 6940
2020-07-13_14-10-59 6940
2020-07-13_14-10-59 6950
2020-07-13_14-10-59 6950
2020-07-13_14-10-59 6940
2020-07-13_14-10-59 6940
2020-07-13_14-10-59 6950
2020-07-13_14-10-59 6950
2020-07-13_14-10-59 6950
2020-07-13_14-10-59 6950
2020-07-13_14-10-59 6950
2020-07-13_14-10-59 6940
2020-07-13_14-10-59 6950
2020-07-13_14-10-59 6950
2020-07-13_14-10-59 6950
2020-07-13_14-10-59 6950
2020-07-13_14-10-59 6950
2020-07-13_14-10-59 6950
2020-07-13_14-10-59 6950
2020-07-13_14-10-59 6950
2020-07-13_14-10-59 6950
2020-07-13_14-10-59 6950
2020-07-13_14-10-59 6950
2020-07-13_14-10-59 6950
2020-07-13_14-10-59 6950
2020-07-13_14-10-59 6950
2020-07-13_14-10-59 6960
2020-07-13_14-10-59 6960
2020-07-13_14-10-59 6960
2020-07-13_14-10-59 6950
2020-07-13_14-10-59 6950
2020-07-13_14-10-59 6950
2020-07-13_14-10-59 6950
2020-07-13_14-10-59 6950
2020-07-13_14-10-59 6950
2020-07-13_14-10-59 6950
2020-07-13_14-10-59 6940
2020-07-13_14-10-59 6950
2020-07-13_14-10-59 6950
2020-07-13_14-10-59 6950
2020-07-13_14-10-59 6950
2020-07-13_14-10-59 6950
2020-07-13_14-10-59 6950
2020-07-13_14-10-59 6950
2020-07-13_14-10-59 6950
2020-07-13_14-10-59 6950
2020-07-13_14-10-59 6950
2020-07-13_14-10-59 6960
2020-07-13_14-10-59 6950
2020-07-13_14-10-59 6950
2020-07-13_14-10-59 6950
2020-07-13_14-10-59 6950
2020-07-13_14-10-59 6950
2020-07-13_14-10-59 6950
2020-07-13_14-10-59 6950
2020-07-13_14-10-59 6950
2020-07-13_14-10-59 6950
2020-07-13_14-10-59 6950
2020-07-13_14-10-59 6950
2020-07-13_14-10-59 6950
2020-07-13_14-10-59 6950
2020-07-13_14-10-59 6950
2020-07-13_14-10-59 6950
2020-07-13_14-10-59 6950
2020-07-13_14-10-59 6950
2020-07-13_14-10-59 6950
2020-07-13_14-10-59 6950
2020-07-13_14-10-59 6950
2020-07-13_14-10-59 6950
2020-07-13_14-10-59 6950
2020-07-13_14-10-59 6950
2020-07-13_14-10-59 6950
2020-07-13_14-10-59 6950
2020-07-13_14-10-59 6950
2020-07-13_14-10-59 6950
2020-07-13_14-10-59 6950
2020-07-13_14-10-59 6950
2020-07-13_14-10-59 6950
2020-07-13_14-10-59 6950
2020-07-13_14-10-59 6950
2020-07-13_14-10-59 6950
2020-07-13_14-10-59 6950
2020-07-13_14-10-59 6950
2020-07-13_14-10-59 6950
2020-07-13_14-10-59 6950
2020-07-13_14-10-59 6950
2020-07-13_14-10-59 6950
2020-07-13_14-10-59 6960
2020-07-13_14-10-59 6950
2020-07-13_14-10-59 6950
2020-07-13_14-10-59 6940
2020-07-13_14-10-59 6950
2020-07-13_14-10-59 6950
2020-07-13_14-10-59 6960
2020-07-13_14-10-59 6950
2020-07-13_14-10-59 6950
2020-07-13_14-10-59 6950
2020-07-13_14-10-59 6950
2020-07-13_14-10-59 6950
2020-07-13_14-10-59 6950
2020-07-13_14-10-59 6950
2020-07-13_14-10-59 6950
2020-07-13_14-10-59 6950
2020-07-13_14-10-59 6950
2020-07-13_14-10-59 6950
2020-07-13_14-10-59 6950
2020-07-13_14-10-59 6950
2020-07-13_14-10-59 6950
2020-07-13_14-10-59 6950
2020-07-13_14-10-59 6950
2020-07-13_14-10-59 6950
2020-07-13_14-10-59 6950
2020-07-13_14-10-59 6950
2020-07-13_14-10-59 6950
2020-07-13_14-10-59 6950
2020-07-13_14-10-59 6950
2020-07-13_14-10-59 6950
2020-07-13_14-10-59 6950
2020-07-13_14-10-59 6950
2020-07-13_14-10-59 6950
2020-07-13_14-10-59 6950
2020-07-13_14-10-59 6950
2020-07-13_14-10-59 6950
2020-07-13_14-10-59 6950
2020-07-13_14-10-59 6950
2020-07-13_14-10-59 6950
2020-07-13_14-10-59 6950
2020-07-13_14-10-59 6950
2020-07-13_14-10-59 6950
2020-07-13_14-10-59 6950
2020-07-13_14-10-59 6950
2020-07-13_14-10-59 6950
2020-07-13_14-10-59 6950
2020-07-13_14-10-59 6950
2020-07-13_14-10-59 6950
2020-07-13_14-10-59 6950
2020-07-13_14-10-59 6950
2020-07-13_14-10-59 6950
2020-07-13_14-10-59 6950
2020-07-13_14-10-59 6950
2020-07-13_14-10-59 6950
2020-07-13_14-10-59 6950
2020-07-13_14-10-59 6950
2020-07-13_14-10-59 6950
2020-07-13_14-10-59 6950
2020-07-13_14-10-59 6950
2020-07-13_14-10-59 6950
2020-07-13_14-10-59 6950
2020-07-13_14-10-59 6950
2020-07-13_14-10-59 6950
2020-07-13_14-10-59 6950
2020-07-13_14-10-59 6950
2020-07-13_14-10-59 6950
2020-07-13_14-10-59 6950
2020-07-13_14-10-59 6950
2020-07-13_14-10-59 6950
2020-07-13_14-10-59 6950
2020-07-13_14-10-59 6950
2020-07-13_14-10-59 6950
2020-07-13_14-10-59 6950
2020-07-13_14-10-59 6950
2020-07-13_14-10-59 6950
2020-07-13_14-10-59 6950
2020-07-13_14-10-59 6950
2020-07-13_14-10-59 6950
2020-07-13_14-10-59 6950
2020-07-13_14-10-59 6950
2020-07-13_14-10-59 6950
2020-07-13_14-10-59 6950
2020-07-13_14-10-59 6950
2020-07-13_14-10-59 6950
2020-07-13_14-10-59 6950
2020-07-13_14-10-59 6950
2020-07-13_14-10-59 6950
2020-07-13_14-10-59 6950
2020-07-13_14-10-59 6950
2020-07-13_14-10-59 6950
2020-07-13_14-10-59 6950
2020-07-13_14-10-59 6950
2020-07-13_14-10-59 6950
2020-07-13_14-10-59 6950
2020-07-13_14-10-59 6950
2020-07-13_14-10-59 6950
2020-07-13_14-10-59 6950
2020-07-13_14-10-59 6950
2020-07-13_14-10-59 6950
2020-07-13_14-10-59 6950
2020-07-13_14-10-59 6950
2020-07-13_14-10-59 6950
2020-07-13_14-10-59 6950
2020-07-13_14-10-59 6950
2020-07-13_14-10-59 6950
2020-07-13_14-10-59 6950
2020-07-13_14-10-59 6950
2020-07-13_14-10-59 6950
2020-07-13_14-10-59 6950
2020-07-13_14-10-59 6950
2020-07-13_14-10-59 6950
2020-07-13_14-10-59 6950
2020-07-13_14-10-59 6950
2020-07-13_14-10-59 6950
2020-07-13_14-10-59 6950
2020-07-13_14-10-59 6950
2020-07-13_14-10-59 6950
2020-07-13_14-10-59 6950
2020-07-13_14-10-59 6950
2020-07-13_14-10-59 6950
2020-07-13_14-10-59 6950
2020-07-13_14-10-59 6950
2020-07-13_14-10-59 6950
2020-07-13_14-10-59 6950
2020-07-13_14-10-59 6950
2020-07-13_14-10-59 6950
2020-07-13_14-10-59 6950
2020-07-13_14-10-59 6950
2020-07-13_14-10-59 6950
2020-07-13_14-10-59 6950
2020-07-13_14-10-59 6950
2020-07-13_14-10-59 6950
2020-07-13_14-10-59 6950
2020-07-13_14-10-59 6950
2020-07-13_14-10-59 6950
2020-07-13_14-10-59 6950
2020-07-13_14-10-59 6950
2020-07-13_14-10-59 6950
2020-07-13_14-10-59 6950
2020-07-13_14-10-59 6950
2020-07-13_14-10-59 6950
2020-07-13_14-10-59 6950
2020-07-13_14-10-59 6950
2020-07-13_14-11-00 6950
2020-07-13_14-11-00 6950
2020-07-13_14-11-00 6950
2020-07-13_14-11-00 6950
2020-07-13_14-11-00 6950
2020-07-13_14-11-00 6950
2020-07-13_14-11-00 6950
2020-07-13_14-11-00 6950
2020-07-13_14-11-00 6950
2020-07-13_14-11-00 6950
2020-07-13_14-11-00 6950
2020-07-13_14-11-00 6950
2020-07-13_14-11-00 6950
2020-07-13_14-11-00 6950
2020-07-13_14-11-00 6950
2020-07-13_14-11-00 6950
2020-07-13_14-11-00 6950
2020-07-13_14-11-00 6950
2020-07-13_14-11-00 6950
2020-07-13_14-11-00 6950
2020-07-13_14-11-00 6950
2020-07-13_14-11-00 6950
2020-07-13_14-11-00 6940
2020-07-13_14-11-00 6930
2020-07-13_14-11-00 6930
2020-07-13_14-11-00 6940
2020-07-13_14-11-00 6960
2020-07-13_14-11-00 6980
2020-07-13_14-11-00 6970
2020-07-13_14-11-00 6930
2020-07-13_14-11-00 6910
2020-07-13_14-11-00 6890
2020-07-13_14-11-00 6880
2020-07-13_14-11-00 6880
2020-07-13_14-11-00 6880
2020-07-13_14-11-00 6870
2020-07-13_14-11-00 6870
2020-07-13_14-11-00 6870
2020-07-13_14-11-00 6870
2020-07-13_14-11-00 6860
2020-07-13_14-11-00 6860
2020-07-13_14-11-00 6860
2020-07-13_14-11-00 6860
2020-07-13_14-11-00 6870
2020-07-13_14-11-00 6870
2020-07-13_14-11-00 6870
2020-07-13_14-11-00 6870
2020-07-13_14-11-00 6870
2020-07-13_14-11-00 6860
2020-07-13_14-11-00 6860
2020-07-13_14-11-00 6870
2020-07-13_14-11-00 6890
2020-07-13_14-11-00 6920
2020-07-13_14-11-00 6940
2020-07-13_14-11-00 6950
2020-07-13_14-11-00 6950
2020-07-13_14-11-00 6940
2020-07-13_14-11-00 6940
2020-07-13_14-11-00 6950
2020-07-13_14-11-00 6950
2020-07-13_14-11-00 6950
2020-07-13_14-11-00 6940
2020-07-13_14-11-00 6940
2020-07-13_14-11-00 6940
2020-07-13_14-11-00 6950
2020-07-13_14-11-00 6940
2020-07-13_14-11-00 6940
2020-07-13_14-11-00 6940
2020-07-13_14-11-00 6960
2020-07-13_14-11-00 6970
2020-07-13_14-11-00 6950
2020-07-13_14-11-00 6930
2020-07-13_14-11-00 6930
2020-07-13_14-11-00 6970
2020-07-13_14-11-00 6990
2020-07-13_14-11-00 6990
2020-07-13_14-11-00 6960
2020-07-13_14-11-00 6950
2020-07-13_14-11-00 6940
2020-07-13_14-11-00 6930
2020-07-13_14-11-00 6940
2020-07-13_14-11-00 6950
2020-07-13_14-11-00 6940
2020-07-13_14-11-00 6940
2020-07-13_14-11-00 6940
2020-07-13_14-11-00 6950
2020-07-13_14-11-00 6950
2020-07-13_14-11-00 6940
2020-07-13_14-11-00 6930
2020-07-13_14-11-00 6940
2020-07-13_14-11-00 6970
2020-07-13_14-11-00 6980
2020-07-13_14-11-00 6940
2020-07-13_14-11-00 6940
2020-07-13_14-11-00 6950
2020-07-13_14-11-00 6950
2020-07-13_14-11-00 6950
2020-07-13_14-11-00 6950
2020-07-13_14-11-00 6960
2020-07-13_14-11-00 6950
2020-07-13_14-11-00 6950
2020-07-13_14-11-00 6950
2020-07-13_14-11-00 6950
2020-07-13_14-11-00 6950
2020-07-13_14-11-00 6950
2020-07-13_14-11-00 6950
2020-07-13_14-11-00 6950
2020-07-13_14-11-00 6950
2020-07-13_14-11-00 6940
2020-07-13_14-11-00 6950
2020-07-13_14-11-00 6950
2020-07-13_14-11-00 6950
2020-07-13_14-11-00 6940
2020-07-13_14-11-00 6940
2020-07-13_14-11-00 6940
2020-07-13_14-11-00 6950
2020-07-13_14-11-00 6950
2020-07-13_14-11-00 6960
2020-07-13_14-11-00 6960
2020-07-13_14-11-00 6950
2020-07-13_14-11-00 6950
2020-07-13_14-11-00 6950
2020-07-13_14-11-00 6950
2020-07-13_14-11-00 6950
2020-07-13_14-11-00 6950
2020-07-13_14-11-00 6950
2020-07-13_14-11-00 6950
2020-07-13_14-11-00 6950
2020-07-13_14-11-00 6950
2020-07-13_14-11-00 6950
2020-07-13_14-11-00 6960
2020-07-13_14-11-00 6960
2020-07-13_14-11-00 6950
2020-07-13_14-11-00 6950
2020-07-13_14-11-00 6950
2020-07-13_14-11-00 6950
2020-07-13_14-11-00 6950
2020-07-13_14-11-00 6950
2020-07-13_14-11-00 6950
2020-07-13_14-11-00 6950
2020-07-13_14-11-00 6950
2020-07-13_14-11-00 6950
2020-07-13_14-11-00 6960
2020-07-13_14-11-00 6950
2020-07-13_14-11-00 6950
2020-07-13_14-11-00 6950
2020-07-13_14-11-00 6950
2020-07-13_14-11-00 6940
2020-07-13_14-11-00 6940
2020-07-13_14-11-00 6940
2020-07-13_14-11-00 6940
2020-07-13_14-11-00 6950
2020-07-13_14-11-00 6950
2020-07-13_14-11-00 6950
2020-07-13_14-11-00 6950
2020-07-13_14-11-00 6940
2020-07-13_14-11-00 6940
2020-07-13_14-11-00 6940
2020-07-13_14-11-00 6940
2020-07-13_14-11-00 6930
2020-07-13_14-11-00 6920
2020-07-13_14-11-00 6930
2020-07-13_14-11-00 6950
2020-07-13_14-11-00 6940
2020-07-13_14-11-00 6930
2020-07-13_14-11-00 6920
2020-07-13_14-11-00 6920
2020-07-13_14-11-00 6920
2020-07-13_14-11-00 6930
2020-07-13_14-11-00 6920
2020-07-13_14-11-00 6890
2020-07-13_14-11-00 6900
2020-07-13_14-11-00 6960
2020-07-13_14-11-00 6970
2020-07-13_14-11-00 6930
2020-07-13_14-11-00 6920
2020-07-13_14-11-00 6960
2020-07-13_14-11-00 6970
2020-07-13_14-11-00 6930
2020-07-13_14-11-00 6910
2020-07-13_14-11-00 6930
2020-07-13_14-11-00 6950
2020-07-13_14-11-00 6950
2020-07-13_14-11-00 6940
2020-07-13_14-11-00 6950
2020-07-13_14-11-00 6950
2020-07-13_14-11-00 6960
2020-07-13_14-11-00 6950
2020-07-13_14-11-00 6930
2020-07-13_14-11-00 6920
2020-07-13_14-11-00 6940
2020-07-13_14-11-00 6960
2020-07-13_14-11-00 6930
2020-07-13_14-11-00 6920
2020-07-13_14-11-00 6880
2020-07-13_14-11-00 6510
2020-07-13_14-11-00 5900
2020-07-13_14-11-00 5420
2020-07-13_14-11-00 5310
2020-07-13_14-11-00 5350
2020-07-13_14-11-00 5330
2020-07-13_14-11-00 5300
2020-07-13_14-11-00 5250
2020-07-13_14-11-00 5170
2020-07-13_14-11-00 5140
2020-07-13_14-11-00 5180
2020-07-13_14-11-00 5190
2020-07-13_14-11-00 5190
2020-07-13_14-11-00 5190
2020-07-13_14-11-00 5190
2020-07-13_14-11-00 5190
2020-07-13_14-11-00 5180
2020-07-13_14-11-00 5170
2020-07-13_14-11-00 5180
2020-07-13_14-11-00 5190
2020-07-13_14-11-00 5160
2020-07-13_14-11-00 5130
2020-07-13_14-11-00 5130
2020-07-13_14-11-00 5170
2020-07-13_14-11-00 5000
2020-07-13_14-11-00 4260
2020-07-13_14-11-00 2840
2020-07-13_14-11-00 1310
