2020-07-13_14-10-24 850
2020-07-13_14-10-24 1070
2020-07-13_14-10-24 1250
2020-07-13_14-10-24 1270
2020-07-13_14-10-24 1220
2020-07-13_14-10-24 1190
2020-07-13_14-10-24 1200
2020-07-13_14-10-24 1210
2020-07-13_14-10-24 1220
2020-07-13_14-10-24 1220
2020-07-13_14-10-24 1220
2020-07-13_14-10-24 1210
2020-07-13_14-10-24 1210
2020-07-13_14-10-24 1220
2020-07-13_14-10-24 1220
2020-07-13_14-10-24 1210
2020-07-13_14-10-24 1220
2020-07-13_14-10-24 1220
2020-07-13_14-10-24 1220
2020-07-13_14-10-24 1220
2020-07-13_14-10-24 1210
2020-07-13_14-10-24 1210
2020-07-13_14-10-24 1210
2020-07-13_14-10-24 1210
2020-07-13_14-10-24 1220
2020-07-13_14-10-24 1230
2020-07-13_14-10-24 1230
2020-07-13_14-10-24 1220
2020-07-13_14-10-24 1210
2020-07-13_14-10-24 1210
2020-07-13_14-10-24 1220
2020-07-13_14-10-24 1220
2020-07-13_14-10-24 1220
2020-07-13_14-10-24 1220
2020-07-13_14-10-24 1220
2020-07-13_14-10-24 1220
2020-07-13_14-10-24 1220
2020-07-13_14-10-24 1220
2020-07-13_14-10-24 1220
2020-07-13_14-10-24 1220
2020-07-13_14-10-24 1220
2020-07-13_14-10-24 1220
2020-07-13_14-10-24 1220
2020-07-13_14-10-24 1220
2020-07-13_14-10-24 1220
2020-07-13_14-10-24 1220
2020-07-13_14-10-24 1220
2020-07-13_14-10-24 1210
2020-07-13_14-10-24 1210
2020-07-13_14-10-24 1220
2020-07-13_14-10-24 1220
2020-07-13_14-10-24 1220
2020-07-13_14-10-24 1220
2020-07-13_14-10-24 1220
2020-07-13_14-10-24 1220
2020-07-13_14-10-24 1220
2020-07-13_14-10-24 1210
2020-07-13_14-10-24 1220
2020-07-13_14-10-24 1210
2020-07-13_14-10-24 1220
2020-07-13_14-10-24 1220
2020-07-13_14-10-24 1220
2020-07-13_14-10-24 1220
2020-07-13_14-10-24 1220
2020-07-13_14-10-24 1220
2020-07-13_14-10-24 1220
2020-07-13_14-10-24 1220
2020-07-13_14-10-24 1220
2020-07-13_14-10-24 1220
2020-07-13_14-10-24 1220
2020-07-13_14-10-24 1220
2020-07-13_14-10-24 1220
2020-07-13_14-10-24 1220
2020-07-13_14-10-24 1220
2020-07-13_14-10-24 1220
2020-07-13_14-10-24 1220
2020-07-13_14-10-24 1220
2020-07-13_14-10-24 1220
2020-07-13_14-10-24 1220
2020-07-13_14-10-24 1220
2020-07-13_14-10-24 1220
2020-07-13_14-10-24 1220
2020-07-13_14-10-24 1220
2020-07-13_14-10-24 1220
2020-07-13_14-10-24 1220
2020-07-13_14-10-24 1220
2020-07-13_14-10-24 1220
2020-07-13_14-10-24 1220
2020-07-13_14-10-24 1220
2020-07-13_14-10-24 1220
2020-07-13_14-10-24 1220
2020-07-13_14-10-24 1220
2020-07-13_14-10-24 1220
2020-07-13_14-10-25 1220
2020-07-13_14-10-25 1220
2020-07-13_14-10-25 1220
2020-07-13_14-10-25 1220
2020-07-13_14-10-25 1220
2020-07-13_14-10-25 1220
2020-07-13_14-10-25 1210
2020-07-13_14-10-25 1210
2020-07-13_14-10-25 1210
2020-07-13_14-10-25 1210
2020-07-13_14-10-25 1220
2020-07-13_14-10-25 1220
2020-07-13_14-10-25 1220
2020-07-13_14-10-25 1220
2020-07-13_14-10-25 1220
2020-07-13_14-10-25 1220
2020-07-13_14-10-25 1210
2020-07-13_14-10-25 1220
2020-07-13_14-10-25 1220
2020-07-13_14-10-25 1220
2020-07-13_14-10-25 1220
2020-07-13_14-10-25 1210
2020-07-13_14-10-25 1210
2020-07-13_14-10-25 1220
2020-07-13_14-10-25 1210
2020-07-13_14-10-25 1210
2020-07-13_14-10-25 1210
2020-07-13_14-10-25 1210
2020-07-13_14-10-25 1210
2020-07-13_14-10-25 1210
2020-07-13_14-10-25 1210
2020-07-13_14-10-25 1210
2020-07-13_14-10-25 1210
2020-07-13_14-10-25 1210
2020-07-13_14-10-25 1210
2020-07-13_14-10-25 1210
2020-07-13_14-10-25 1210
2020-07-13_14-10-25 1210
2020-07-13_14-10-25 1210
2020-07-13_14-10-25 1210
2020-07-13_14-10-25 1210
2020-07-13_14-10-25 1220
2020-07-13_14-10-25 1220
2020-07-13_14-10-25 1220
2020-07-13_14-10-25 1220
2020-07-13_14-10-25 1220
2020-07-13_14-10-25 1220
2020-07-13_14-10-25 1220
2020-07-13_14-10-25 1220
2020-07-13_14-10-25 1220
2020-07-13_14-10-25 1220
2020-07-13_14-10-25 1220
2020-07-13_14-10-25 1220
2020-07-13_14-10-25 1220
2020-07-13_14-10-25 1220
2020-07-13_14-10-25 1220
2020-07-13_14-10-25 1220
2020-07-13_14-10-25 1220
2020-07-13_14-10-25 1220
2020-07-13_14-10-25 1220
2020-07-13_14-10-25 1220
2020-07-13_14-10-25 1220
2020-07-13_14-10-25 1220
2020-07-13_14-10-25 1220
2020-07-13_14-10-25 1220
2020-07-13_14-10-25 1220
2020-07-13_14-10-25 1220
2020-07-13_14-10-25 1220
2020-07-13_14-10-25 1220
2020-07-13_14-10-25 1220
2020-07-13_14-10-25 1220
2020-07-13_14-10-25 1220
2020-07-13_14-10-25 1220
2020-07-13_14-10-25 1220
2020-07-13_14-10-25 1220
2020-07-13_14-10-25 1220
2020-07-13_14-10-25 1220
2020-07-13_14-10-25 1220
2020-07-13_14-10-25 1220
2020-07-13_14-10-25 1220
2020-07-13_14-10-25 1220
2020-07-13_14-10-25 1220
2020-07-13_14-10-25 1220
2020-07-13_14-10-25 1220
2020-07-13_14-10-25 1220
2020-07-13_14-10-25 1220
2020-07-13_14-10-25 1220
2020-07-13_14-10-25 1220
2020-07-13_14-10-25 1220
2020-07-13_14-10-25 1220
2020-07-13_14-10-25 1220
2020-07-13_14-10-25 1220
2020-07-13_14-10-25 1220
2020-07-13_14-10-25 1220
2020-07-13_14-10-25 1220
2020-07-13_14-10-25 1220
2020-07-13_14-10-25 1210
2020-07-13_14-10-25 1210
2020-07-13_14-10-25 1210
2020-07-13_14-10-25 1210
2020-07-13_14-10-25 1220
2020-07-13_14-10-25 1220
2020-07-13_14-10-25 1220
2020-07-13_14-10-25 1220
2020-07-13_14-10-25 1220
2020-07-13_14-10-25 1210
2020-07-13_14-10-25 1210
2020-07-13_14-10-25 1210
2020-07-13_14-10-25 1210
2020-07-13_14-10-25 1220
2020-07-13_14-10-25 1220
2020-07-13_14-10-25 1220
2020-07-13_14-10-25 1220
2020-07-13_14-10-25 1220
2020-07-13_14-10-25 1220
2020-07-13_14-10-25 1220
2020-07-13_14-10-25 1220
2020-07-13_14-10-25 1220
2020-07-13_14-10-25 1210
2020-07-13_14-10-25 1220
2020-07-13_14-10-25 1220
2020-07-13_14-10-25 1220
2020-07-13_14-10-25 1220
2020-07-13_14-10-25 1220
2020-07-13_14-10-25 1220
2020-07-13_14-10-25 1220
2020-07-13_14-10-25 1220
2020-07-13_14-10-25 1220
2020-07-13_14-10-25 1220
2020-07-13_14-10-25 1220
2020-07-13_14-10-25 1220
2020-07-13_14-10-25 1210
2020-07-13_14-10-25 1210
2020-07-13_14-10-25 1210
2020-07-13_14-10-25 1210
2020-07-13_14-10-25 1210
2020-07-13_14-10-25 1210
2020-07-13_14-10-25 1210
2020-07-13_14-10-25 1210
2020-07-13_14-10-25 1210
2020-07-13_14-10-25 1210
2020-07-13_14-10-25 1210
2020-07-13_14-10-25 1210
2020-07-13_14-10-25 1210
2020-07-13_14-10-25 1210
2020-07-13_14-10-25 1210
2020-07-13_14-10-25 1210
2020-07-13_14-10-25 1210
2020-07-13_14-10-25 1210
2020-07-13_14-10-25 1210
2020-07-13_14-10-25 1210
2020-07-13_14-10-25 1210
2020-07-13_14-10-25 1210
2020-07-13_14-10-25 1210
2020-07-13_14-10-25 1210
2020-07-13_14-10-25 1210
2020-07-13_14-10-25 1210
2020-07-13_14-10-25 1210
2020-07-13_14-10-25 1210
2020-07-13_14-10-25 1210
2020-07-13_14-10-25 1210
2020-07-13_14-10-25 1210
2020-07-13_14-10-25 1210
2020-07-13_14-10-25 1210
2020-07-13_14-10-25 1210
2020-07-13_14-10-25 1210
2020-07-13_14-10-25 1210
2020-07-13_14-10-25 1210
2020-07-13_14-10-25 1210
2020-07-13_14-10-25 1210
2020-07-13_14-10-25 1210
2020-07-13_14-10-25 1210
2020-07-13_14-10-25 1210
2020-07-13_14-10-25 1210
2020-07-13_14-10-25 1210
2020-07-13_14-10-25 1210
2020-07-13_14-10-25 1210
2020-07-13_14-10-25 1210
2020-07-13_14-10-25 1210
2020-07-13_14-10-25 1210
2020-07-13_14-10-25 1210
2020-07-13_14-10-25 1210
2020-07-13_14-10-25 1210
2020-07-13_14-10-25 1210
2020-07-13_14-10-25 1200
2020-07-13_14-10-25 1210
2020-07-13_14-10-25 1210
2020-07-13_14-10-25 1220
2020-07-13_14-10-25 1220
2020-07-13_14-10-25 1220
2020-07-13_14-10-25 1220
2020-07-13_14-10-25 1220
2020-07-13_14-10-25 1210
2020-07-13_14-10-25 1210
2020-07-13_14-10-25 1210
2020-07-13_14-10-25 1210
2020-07-13_14-10-25 1210
2020-07-13_14-10-25 1210
2020-07-13_14-10-25 1210
2020-07-13_14-10-25 1210
2020-07-13_14-10-25 1220
2020-07-13_14-10-25 1220
2020-07-13_14-10-25 1220
2020-07-13_14-10-25 1220
2020-07-13_14-10-25 1220
2020-07-13_14-10-25 1210
2020-07-13_14-10-25 1220
2020-07-13_14-10-25 1210
2020-07-13_14-10-25 1210
2020-07-13_14-10-25 1210
2020-07-13_14-10-25 1210
2020-07-13_14-10-25 1220
2020-07-13_14-10-25 1220
2020-07-13_14-10-25 1210
2020-07-13_14-10-25 1210
2020-07-13_14-10-25 1210
2020-07-13_14-10-25 1210
2020-07-13_14-10-25 1210
2020-07-13_14-10-25 1210
2020-07-13_14-10-25 1210
2020-07-13_14-10-25 1210
2020-07-13_14-10-25 1220
2020-07-13_14-10-25 1220
2020-07-13_14-10-25 1220
2020-07-13_14-10-25 1220
2020-07-13_14-10-25 1220
2020-07-13_14-10-25 1220
2020-07-13_14-10-25 1220
2020-07-13_14-10-25 1220
2020-07-13_14-10-25 1220
2020-07-13_14-10-25 1220
2020-07-13_14-10-25 1220
2020-07-13_14-10-25 1220
2020-07-13_14-10-25 1220
2020-07-13_14-10-25 1220
2020-07-13_14-10-25 1220
2020-07-13_14-10-25 1220
2020-07-13_14-10-25 1220
2020-07-13_14-10-25 1220
2020-07-13_14-10-25 1220
2020-07-13_14-10-25 1220
2020-07-13_14-10-25 1220
2020-07-13_14-10-25 1220
2020-07-13_14-10-25 1220
2020-07-13_14-10-25 1220
2020-07-13_14-10-25 1220
2020-07-13_14-10-25 1220
2020-07-13_14-10-25 1220
2020-07-13_14-10-25 1220
2020-07-13_14-10-25 1220
2020-07-13_14-10-25 1220
2020-07-13_14-10-25 1220
2020-07-13_14-10-25 1220
2020-07-13_14-10-25 1220
2020-07-13_14-10-25 1220
2020-07-13_14-10-25 1220
2020-07-13_14-10-25 1220
2020-07-13_14-10-25 1220
2020-07-13_14-10-25 1220
2020-07-13_14-10-25 1220
2020-07-13_14-10-25 1220
2020-07-13_14-10-25 1220
2020-07-13_14-10-25 1220
2020-07-13_14-10-25 1220
2020-07-13_14-10-25 1220
2020-07-13_14-10-25 1220
2020-07-13_14-10-25 1220
2020-07-13_14-10-25 1220
2020-07-13_14-10-25 1220
2020-07-13_14-10-25 1210
2020-07-13_14-10-25 1220
2020-07-13_14-10-25 1220
2020-07-13_14-10-25 1220
2020-07-13_14-10-25 1220
2020-07-13_14-10-25 1220
2020-07-13_14-10-25 1220
2020-07-13_14-10-25 1220
2020-07-13_14-10-25 1210
2020-07-13_14-10-25 1210
2020-07-13_14-10-25 1210
2020-07-13_14-10-25 1210
2020-07-13_14-10-25 1210
2020-07-13_14-10-25 1210
2020-07-13_14-10-25 1210
2020-07-13_14-10-25 1220
2020-07-13_14-10-25 1220
2020-07-13_14-10-25 1220
2020-07-13_14-10-25 1220
2020-07-13_14-10-25 1220
2020-07-13_14-10-25 1220
2020-07-13_14-10-25 1210
2020-07-13_14-10-25 1210
2020-07-13_14-10-25 1210
2020-07-13_14-10-25 1210
2020-07-13_14-10-25 1210
2020-07-13_14-10-25 1210
2020-07-13_14-10-25 1210
2020-07-13_14-10-25 1210
2020-07-13_14-10-25 1210
2020-07-13_14-10-25 1210
2020-07-13_14-10-25 1210
2020-07-13_14-10-25 1210
2020-07-13_14-10-25 1210
2020-07-13_14-10-25 1220
2020-07-13_14-10-25 1210
2020-07-13_14-10-25 1210
2020-07-13_14-10-25 1210
2020-07-13_14-10-25 1220
2020-07-13_14-10-25 1220
2020-07-13_14-10-25 1210
2020-07-13_14-10-25 1210
2020-07-13_14-10-25 1210
2020-07-13_14-10-25 1210
2020-07-13_14-10-25 1220
2020-07-13_14-10-25 1220
2020-07-13_14-10-25 1220
2020-07-13_14-10-25 1210
2020-07-13_14-10-25 1210
2020-07-13_14-10-25 1210
2020-07-13_14-10-25 1210
2020-07-13_14-10-25 1210
2020-07-13_14-10-25 1210
2020-07-13_14-10-25 1220
2020-07-13_14-10-25 1220
2020-07-13_14-10-25 1220
2020-07-13_14-10-25 1220
2020-07-13_14-10-25 1220
2020-07-13_14-10-25 1220
2020-07-13_14-10-25 1220
2020-07-13_14-10-25 1220
2020-07-13_14-10-25 1220
2020-07-13_14-10-25 1220
2020-07-13_14-10-25 1220
2020-07-13_14-10-25 1220
2020-07-13_14-10-25 1220
2020-07-13_14-10-25 1220
2020-07-13_14-10-25 1220
2020-07-13_14-10-25 1220
2020-07-13_14-10-25 1220
2020-07-13_14-10-25 1220
2020-07-13_14-10-25 1220
2020-07-13_14-10-25 1220
2020-07-13_14-10-25 1220
2020-07-13_14-10-25 1220
2020-07-13_14-10-25 1220
2020-07-13_14-10-25 1220
2020-07-13_14-10-25 1220
2020-07-13_14-10-25 1220
2020-07-13_14-10-25 1220
2020-07-13_14-10-25 1220
2020-07-13_14-10-25 1220
2020-07-13_14-10-25 1210
2020-07-13_14-10-25 1210
2020-07-13_14-10-25 1210
2020-07-13_14-10-25 1210
2020-07-13_14-10-25 1210
2020-07-13_14-10-25 1220
2020-07-13_14-10-25 1220
2020-07-13_14-10-25 1220
2020-07-13_14-10-25 1220
2020-07-13_14-10-25 1220
2020-07-13_14-10-25 1220
2020-07-13_14-10-25 1220
2020-07-13_14-10-25 1220
2020-07-13_14-10-25 1220
2020-07-13_14-10-25 1220
2020-07-13_14-10-25 1210
2020-07-13_14-10-25 1210
2020-07-13_14-10-25 1210
2020-07-13_14-10-25 1220
2020-07-13_14-10-25 1220
2020-07-13_14-10-25 1210
2020-07-13_14-10-25 1210
2020-07-13_14-10-25 1210
2020-07-13_14-10-25 1210
2020-07-13_14-10-25 1220
2020-07-13_14-10-25 1220
2020-07-13_14-10-25 1220
2020-07-13_14-10-25 1220
2020-07-13_14-10-25 1220
2020-07-13_14-10-25 1220
2020-07-13_14-10-25 1220
2020-07-13_14-10-25 1220
2020-07-13_14-10-25 1220
2020-07-13_14-10-25 1220
2020-07-13_14-10-25 1220
2020-07-13_14-10-25 1210
2020-07-13_14-10-25 1220
2020-07-13_14-10-25 1220
2020-07-13_14-10-25 1220
2020-07-13_14-10-25 1220
2020-07-13_14-10-25 1220
2020-07-13_14-10-25 1220
2020-07-13_14-10-25 1220
2020-07-13_14-10-25 1220
2020-07-13_14-10-25 1220
2020-07-13_14-10-25 1220
2020-07-13_14-10-25 1220
2020-07-13_14-10-25 1220
2020-07-13_14-10-25 1220
2020-07-13_14-10-25 1220
2020-07-13_14-10-25 1220
2020-07-13_14-10-25 1220
2020-07-13_14-10-25 1220
2020-07-13_14-10-25 1220
2020-07-13_14-10-25 1220
2020-07-13_14-10-25 1220
2020-07-13_14-10-25 1220
2020-07-13_14-10-25 1220
2020-07-13_14-10-25 1220
2020-07-13_14-10-25 1220
2020-07-13_14-10-25 1220
2020-07-13_14-10-25 1220
2020-07-13_14-10-25 1220
2020-07-13_14-10-25 1220
2020-07-13_14-10-25 1220
2020-07-13_14-10-25 1220
2020-07-13_14-10-25 1220
2020-07-13_14-10-25 1220
2020-07-13_14-10-25 1220
2020-07-13_14-10-25 1220
2020-07-13_14-10-25 1220
2020-07-13_14-10-25 1220
2020-07-13_14-10-25 1220
2020-07-13_14-10-25 1220
2020-07-13_14-10-25 1220
2020-07-13_14-10-25 1220
2020-07-13_14-10-25 1220
2020-07-13_14-10-25 1220
2020-07-13_14-10-25 1220
2020-07-13_14-10-25 1220
2020-07-13_14-10-25 1220
2020-07-13_14-10-25 1220
2020-07-13_14-10-25 1220
2020-07-13_14-10-25 1220
2020-07-13_14-10-25 1220
2020-07-13_14-10-25 1220
2020-07-13_14-10-25 1220
2020-07-13_14-10-25 1220
2020-07-13_14-10-25 1220
2020-07-13_14-10-25 1220
2020-07-13_14-10-25 1220
2020-07-13_14-10-25 1220
2020-07-13_14-10-25 1220
2020-07-13_14-10-25 1220
2020-07-13_14-10-25 1220
2020-07-13_14-10-25 1220
2020-07-13_14-10-25 1220
2020-07-13_14-10-25 1220
2020-07-13_14-10-25 1220
2020-07-13_14-10-25 1220
2020-07-13_14-10-25 1220
2020-07-13_14-10-25 1220
2020-07-13_14-10-25 1220
2020-07-13_14-10-25 1220
2020-07-13_14-10-25 1220
2020-07-13_14-10-25 1220
2020-07-13_14-10-25 1220
2020-07-13_14-10-25 1220
2020-07-13_14-10-25 1220
2020-07-13_14-10-25 1220
2020-07-13_14-10-25 1220
2020-07-13_14-10-25 1220
2020-07-13_14-10-25 1220
2020-07-13_14-10-25 1220
2020-07-13_14-10-25 1220
2020-07-13_14-10-25 1220
2020-07-13_14-10-25 1220
2020-07-13_14-10-25 1220
2020-07-13_14-10-25 1220
2020-07-13_14-10-25 1220
2020-07-13_14-10-25 1220
2020-07-13_14-10-25 1220
2020-07-13_14-10-25 1220
2020-07-13_14-10-25 1220
2020-07-13_14-10-25 1220
2020-07-13_14-10-25 1220
2020-07-13_14-10-25 1220
2020-07-13_14-10-25 1220
2020-07-13_14-10-25 1220
2020-07-13_14-10-25 1220
2020-07-13_14-10-25 1220
2020-07-13_14-10-25 1220
2020-07-13_14-10-25 1220
2020-07-13_14-10-25 1220
2020-07-13_14-10-25 1220
2020-07-13_14-10-25 1220
2020-07-13_14-10-25 1220
2020-07-13_14-10-25 1220
2020-07-13_14-10-25 1220
2020-07-13_14-10-25 1220
2020-07-13_14-10-25 1220
2020-07-13_14-10-25 1220
2020-07-13_14-10-25 1220
2020-07-13_14-10-25 1220
2020-07-13_14-10-25 1220
2020-07-13_14-10-25 1220
2020-07-13_14-10-25 1220
2020-07-13_14-10-25 1220
2020-07-13_14-10-25 1220
2020-07-13_14-10-25 1220
2020-07-13_14-10-25 1220
2020-07-13_14-10-25 1220
2020-07-13_14-10-25 1210
2020-07-13_14-10-25 1210
2020-07-13_14-10-25 1210
2020-07-13_14-10-25 1210
2020-07-13_14-10-25 1210
2020-07-13_14-10-25 1210
2020-07-13_14-10-25 1210
2020-07-13_14-10-25 1210
2020-07-13_14-10-25 1210
2020-07-13_14-10-25 1210
2020-07-13_14-10-25 1210
2020-07-13_14-10-25 1210
2020-07-13_14-10-25 1210
2020-07-13_14-10-25 1210
2020-07-13_14-10-25 1210
2020-07-13_14-10-25 1210
2020-07-13_14-10-25 1210
2020-07-13_14-10-25 1210
2020-07-13_14-10-25 1210
2020-07-13_14-10-25 1210
2020-07-13_14-10-25 1210
2020-07-13_14-10-25 1210
2020-07-13_14-10-25 1200
2020-07-13_14-10-25 1200
2020-07-13_14-10-25 1200
2020-07-13_14-10-25 1210
2020-07-13_14-10-25 1210
2020-07-13_14-10-25 1220
2020-07-13_14-10-25 1220
2020-07-13_14-10-25 1220
2020-07-13_14-10-25 1220
2020-07-13_14-10-25 1210
2020-07-13_14-10-25 1210
2020-07-13_14-10-25 1210
2020-07-13_14-10-25 1220
2020-07-13_14-10-25 1220
2020-07-13_14-10-25 1220
2020-07-13_14-10-25 1220
2020-07-13_14-10-25 1220
2020-07-13_14-10-25 1220
2020-07-13_14-10-25 1220
2020-07-13_14-10-25 1220
2020-07-13_14-10-25 1220
2020-07-13_14-10-25 1220
2020-07-13_14-10-25 1210
2020-07-13_14-10-25 1210
2020-07-13_14-10-25 1210
2020-07-13_14-10-25 1210
2020-07-13_14-10-25 1210
2020-07-13_14-10-25 1220
2020-07-13_14-10-25 1220
2020-07-13_14-10-25 1220
2020-07-13_14-10-25 1220
2020-07-13_14-10-25 1220
2020-07-13_14-10-25 1220
2020-07-13_14-10-25 1210
2020-07-13_14-10-25 1220
2020-07-13_14-10-25 1210
2020-07-13_14-10-25 1220
2020-07-13_14-10-25 1220
2020-07-13_14-10-25 1220
2020-07-13_14-10-25 1220
2020-07-13_14-10-25 1220
2020-07-13_14-10-25 1220
2020-07-13_14-10-25 1220
2020-07-13_14-10-25 1220
2020-07-13_14-10-25 1220
2020-07-13_14-10-25 1210
2020-07-13_14-10-25 1210
2020-07-13_14-10-25 1210
2020-07-13_14-10-25 1210
2020-07-13_14-10-25 1220
2020-07-13_14-10-25 1220
2020-07-13_14-10-25 1220
2020-07-13_14-10-25 1220
2020-07-13_14-10-25 1220
2020-07-13_14-10-25 1220
2020-07-13_14-10-25 1220
2020-07-13_14-10-25 1220
2020-07-13_14-10-25 1220
2020-07-13_14-10-25 1220
2020-07-13_14-10-25 1220
2020-07-13_14-10-25 1210
2020-07-13_14-10-25 1210
2020-07-13_14-10-25 1210
2020-07-13_14-10-25 1210
2020-07-13_14-10-25 1210
2020-07-13_14-10-25 1210
2020-07-13_14-10-25 1210
2020-07-13_14-10-25 1210
2020-07-13_14-10-25 1210
2020-07-13_14-10-25 1210
2020-07-13_14-10-25 1210
2020-07-13_14-10-25 1210
2020-07-13_14-10-25 1210
2020-07-13_14-10-25 1210
2020-07-13_14-10-25 1210
2020-07-13_14-10-25 1220
2020-07-13_14-10-25 1220
2020-07-13_14-10-25 1220
2020-07-13_14-10-25 1220
2020-07-13_14-10-25 1090
2020-07-13_14-10-25 880
