2020-07-13_14-10-53 950
2020-07-13_14-10-53 3040
2020-07-13_14-10-53 5450
2020-07-13_14-10-53 7020
2020-07-13_14-10-53 7150
2020-07-13_14-10-53 6770
2020-07-13_14-10-53 6430
2020-07-13_14-10-53 6390
2020-07-13_14-10-53 6540
2020-07-13_14-10-53 6730
2020-07-13_14-10-53 6810
2020-07-13_14-10-53 6730
2020-07-13_14-10-53 6580
2020-07-13_14-10-53 6510
2020-07-13_14-10-53 6620
2020-07-13_14-10-53 7070
2020-07-13_14-10-53 8940
2020-07-13_14-10-53 11390
2020-07-13_14-10-53 13200
2020-07-13_14-10-53 13760
2020-07-13_14-10-53 13880
2020-07-13_14-10-53 14200
2020-07-13_14-10-53 15880
2020-07-13_14-10-53 18880
2020-07-13_14-10-53 21190
2020-07-13_14-10-53 21730
2020-07-13_14-10-53 21500
2020-07-13_14-10-53 21820
2020-07-13_14-10-53 21840
2020-07-13_14-10-53 21560
2020-07-13_14-10-53 21600
2020-07-13_14-10-53 21690
2020-07-13_14-10-53 21620
2020-07-13_14-10-53 21710
2020-07-13_14-10-53 21760
2020-07-13_14-10-53 21600
2020-07-13_14-10-53 21580
2020-07-13_14-10-53 21750
2020-07-13_14-10-53 21750
2020-07-13_14-10-53 21700
2020-07-13_14-10-53 21820
2020-07-13_14-10-53 21890
2020-07-13_14-10-53 21740
2020-07-13_14-10-53 21610
2020-07-13_14-10-53 21630
2020-07-13_14-10-53 21710
2020-07-13_14-10-53 21780
2020-07-13_14-10-53 21780
2020-07-13_14-10-53 21760
2020-07-13_14-10-53 21780
2020-07-13_14-10-53 21770
2020-07-13_14-10-53 21730
2020-07-13_14-10-53 21750
2020-07-13_14-10-53 21780
2020-07-13_14-10-53 21780
2020-07-13_14-10-53 21760
2020-07-13_14-10-53 21760
2020-07-13_14-10-53 21760
2020-07-13_14-10-53 21780
2020-07-13_14-10-53 21790
2020-07-13_14-10-53 21770
2020-07-13_14-10-53 21760
2020-07-13_14-10-53 21770
2020-07-13_14-10-53 21770
2020-07-13_14-10-53 21770
2020-07-13_14-10-53 21770
2020-07-13_14-10-53 21760
2020-07-13_14-10-53 21760
2020-07-13_14-10-53 21770
2020-07-13_14-10-53 21780
2020-07-13_14-10-53 21780
2020-07-13_14-10-53 21770
2020-07-13_14-10-53 21750
2020-07-13_14-10-53 21750
2020-07-13_14-10-53 21780
2020-07-13_14-10-53 21790
2020-07-13_14-10-53 21780
2020-07-13_14-10-53 21770
2020-07-13_14-10-53 21760
2020-07-13_14-10-53 21770
2020-07-13_14-10-53 21780
2020-07-13_14-10-53 21770
2020-07-13_14-10-53 21760
2020-07-13_14-10-53 21760
2020-07-13_14-10-53 21770
2020-07-13_14-10-53 21780
2020-07-13_14-10-53 21770
2020-07-13_14-10-53 21770
2020-07-13_14-10-53 21770
2020-07-13_14-10-53 21770
2020-07-13_14-10-53 21770
2020-07-13_14-10-53 21770
2020-07-13_14-10-53 21770
2020-07-13_14-10-53 21770
2020-07-13_14-10-53 21770
2020-07-13_14-10-53 21770
2020-07-13_14-10-53 21760
2020-07-13_14-10-53 21760
2020-07-13_14-10-53 21760
2020-07-13_14-10-53 21770
2020-07-13_14-10-53 21770
2020-07-13_14-10-53 21770
2020-07-13_14-10-53 21770
2020-07-13_14-10-53 21770
2020-07-13_14-10-53 21770
2020-07-13_14-10-53 21770
2020-07-13_14-10-53 21770
2020-07-13_14-10-53 21770
2020-07-13_14-10-53 21770
2020-07-13_14-10-53 21770
2020-07-13_14-10-53 21770
2020-07-13_14-10-53 21770
2020-07-13_14-10-53 21770
2020-07-13_14-10-53 21770
2020-07-13_14-10-53 21770
2020-07-13_14-10-53 21770
2020-07-13_14-10-53 21770
2020-07-13_14-10-53 21770
2020-07-13_14-10-53 21770
2020-07-13_14-10-53 21770
2020-07-13_14-10-53 21770
2020-07-13_14-10-53 21770
2020-07-13_14-10-53 21770
2020-07-13_14-10-53 21770
2020-07-13_14-10-53 21770
2020-07-13_14-10-53 21770
2020-07-13_14-10-53 21770
2020-07-13_14-10-53 21770
2020-07-13_14-10-53 21770
2020-07-13_14-10-53 21770
2020-07-13_14-10-53 21770
2020-07-13_14-10-53 21770
2020-07-13_14-10-53 21770
2020-07-13_14-10-53 21770
2020-07-13_14-10-53 21770
2020-07-13_14-10-53 21770
2020-07-13_14-10-53 21770
2020-07-13_14-10-53 21770
2020-07-13_14-10-53 21770
2020-07-13_14-10-53 21770
2020-07-13_14-10-53 21770
2020-07-13_14-10-53 21770
2020-07-13_14-10-53 21770
2020-07-13_14-10-53 21770
2020-07-13_14-10-53 21770
2020-07-13_14-10-53 21770
2020-07-13_14-10-53 21770
2020-07-13_14-10-53 21770
2020-07-13_14-10-53 21770
2020-07-13_14-10-53 21770
2020-07-13_14-10-53 21770
2020-07-13_14-10-53 21770
2020-07-13_14-10-53 21770
2020-07-13_14-10-53 21770
2020-07-13_14-10-53 21770
2020-07-13_14-10-53 21770
2020-07-13_14-10-53 21770
2020-07-13_14-10-53 21770
2020-07-13_14-10-53 21770
2020-07-13_14-10-53 21770
2020-07-13_14-10-53 21770
2020-07-13_14-10-53 21770
2020-07-13_14-10-53 21770
2020-07-13_14-10-53 21770
2020-07-13_14-10-53 21770
2020-07-13_14-10-53 21770
2020-07-13_14-10-53 21770
2020-07-13_14-10-53 21770
2020-07-13_14-10-53 21770
2020-07-13_14-10-53 21780
2020-07-13_14-10-53 21780
2020-07-13_14-10-53 21780
2020-07-13_14-10-53 21780
2020-07-13_14-10-53 21770
2020-07-13_14-10-53 21780
2020-07-13_14-10-53 21780
2020-07-13_14-10-53 21780
2020-07-13_14-10-53 21770
2020-07-13_14-10-53 21770
2020-07-13_14-10-53 21780
2020-07-13_14-10-53 21770
2020-07-13_14-10-53 21770
2020-07-13_14-10-53 21770
2020-07-13_14-10-53 21770
2020-07-13_14-10-53 21770
2020-07-13_14-10-53 21780
2020-07-13_14-10-53 21780
2020-07-13_14-10-53 21780
2020-07-13_14-10-53 21780
2020-07-13_14-10-53 21770
2020-07-13_14-10-53 21770
2020-07-13_14-10-53 21760
2020-07-13_14-10-53 21760
2020-07-13_14-10-53 21760
2020-07-13_14-10-53 21770
2020-07-13_14-10-53 21770
2020-07-13_14-10-53 21770
2020-07-13_14-10-53 21780
2020-07-13_14-10-53 21780
2020-07-13_14-10-53 21770
2020-07-13_14-10-53 21770
2020-07-13_14-10-53 21770
2020-07-13_14-10-53 21770
2020-07-13_14-10-53 21770
2020-07-13_14-10-53 21770
2020-07-13_14-10-53 21770
2020-07-13_14-10-53 21770
2020-07-13_14-10-53 21770
2020-07-13_14-10-53 21770
2020-07-13_14-10-53 21770
2020-07-13_14-10-53 21770
2020-07-13_14-10-53 21770
2020-07-13_14-10-53 21760
2020-07-13_14-10-53 21760
2020-07-13_14-10-53 21760
2020-07-13_14-10-53 21770
2020-07-13_14-10-53 21770
2020-07-13_14-10-53 21770
2020-07-13_14-10-53 21770
2020-07-13_14-10-53 21770
2020-07-13_14-10-53 21770
2020-07-13_14-10-53 21770
2020-07-13_14-10-53 21770
2020-07-13_14-10-53 21770
2020-07-13_14-10-53 21770
2020-07-13_14-10-53 21770
2020-07-13_14-10-53 21760
2020-07-13_14-10-53 21760
2020-07-13_14-10-53 21760
2020-07-13_14-10-53 21760
2020-07-13_14-10-53 21770
2020-07-13_14-10-53 21770
2020-07-13_14-10-53 21770
2020-07-13_14-10-53 21770
2020-07-13_14-10-53 21770
2020-07-13_14-10-53 21770
2020-07-13_14-10-53 21770
2020-07-13_14-10-53 21770
2020-07-13_14-10-53 21770
2020-07-13_14-10-53 21770
2020-07-13_14-10-53 21770
2020-07-13_14-10-53 21770
2020-07-13_14-10-53 21770
2020-07-13_14-10-53 21770
2020-07-13_14-10-53 21770
2020-07-13_14-10-54 21770
2020-07-13_14-10-54 21770
2020-07-13_14-10-54 21770
2020-07-13_14-10-54 21770
2020-07-13_14-10-54 21770
2020-07-13_14-10-54 21770
2020-07-13_14-10-54 21770
2020-07-13_14-10-54 21770
2020-07-13_14-10-54 21770
2020-07-13_14-10-54 21770
2020-07-13_14-10-54 21770
2020-07-13_14-10-54 21770
2020-07-13_14-10-54 21770
2020-07-13_14-10-54 21770
2020-07-13_14-10-54 21770
2020-07-13_14-10-54 21770
2020-07-13_14-10-54 21770
2020-07-13_14-10-54 21770
2020-07-13_14-10-54 21770
2020-07-13_14-10-54 21770
2020-07-13_14-10-54 21770
2020-07-13_14-10-54 21770
2020-07-13_14-10-54 21770
2020-07-13_14-10-54 21770
2020-07-13_14-10-54 21770
2020-07-13_14-10-54 21770
2020-07-13_14-10-54 21770
2020-07-13_14-10-54 21770
2020-07-13_14-10-54 21760
2020-07-13_14-10-54 21760
2020-07-13_14-10-54 21760
2020-07-13_14-10-54 21770
2020-07-13_14-10-54 21780
2020-07-13_14-10-54 21770
2020-07-13_14-10-54 21770
2020-07-13_14-10-54 21770
2020-07-13_14-10-54 21770
2020-07-13_14-10-54 21770
2020-07-13_14-10-54 21770
2020-07-13_14-10-54 21780
2020-07-13_14-10-54 21780
2020-07-13_14-10-54 21780
2020-07-13_14-10-54 21760
2020-07-13_14-10-54 21760
2020-07-13_14-10-54 21780
2020-07-13_14-10-54 21790
2020-07-13_14-10-54 21780
2020-07-13_14-10-54 21770
2020-07-13_14-10-54 21770
2020-07-13_14-10-54 21790
2020-07-13_14-10-54 21780
2020-07-13_14-10-54 21760
2020-07-13_14-10-54 21760
2020-07-13_14-10-54 21770
2020-07-13_14-10-54 21780
2020-07-13_14-10-54 21780
2020-07-13_14-10-54 21780
2020-07-13_14-10-54 21780
2020-07-13_14-10-54 21800
2020-07-13_14-10-54 21800
2020-07-13_14-10-54 21790
2020-07-13_14-10-54 21770
2020-07-13_14-10-54 21760
2020-07-13_14-10-54 21760
2020-07-13_14-10-54 21740
2020-07-13_14-10-54 21710
2020-07-13_14-10-54 21690
2020-07-13_14-10-54 21690
2020-07-13_14-10-54 21700
2020-07-13_14-10-54 21690
2020-07-13_14-10-54 21690
2020-07-13_14-10-54 21690
2020-07-13_14-10-54 21670
2020-07-13_14-10-54 21660
2020-07-13_14-10-54 21670
2020-07-13_14-10-54 21670
2020-07-13_14-10-54 21660
2020-07-13_14-10-54 21660
2020-07-13_14-10-54 21660
2020-07-13_14-10-54 21610
2020-07-13_14-10-54 21610
2020-07-13_14-10-54 21650
2020-07-13_14-10-54 21660
2020-07-13_14-10-54 21670
2020-07-13_14-10-54 21710
2020-07-13_14-10-54 21730
2020-07-13_14-10-54 21710
2020-07-13_14-10-54 21760
2020-07-13_14-10-54 21820
2020-07-13_14-10-54 21800
2020-07-13_14-10-54 21810
2020-07-13_14-10-54 22350
2020-07-13_14-10-54 24230
2020-07-13_14-10-54 26890
2020-07-13_14-10-54 29160
2020-07-13_14-10-54 30320
2020-07-13_14-10-54 30550
2020-07-13_14-10-54 30600
2020-07-13_14-10-54 30600
2020-07-13_14-10-54 30680
2020-07-13_14-10-54 30700
2020-07-13_14-10-54 30590
2020-07-13_14-10-54 30580
2020-07-13_14-10-54 30640
2020-07-13_14-10-54 30610
2020-07-13_14-10-54 30570
2020-07-13_14-10-54 30640
2020-07-13_14-10-54 30740
2020-07-13_14-10-54 30740
2020-07-13_14-10-54 30690
2020-07-13_14-10-54 30730
2020-07-13_14-10-54 30700
2020-07-13_14-10-54 29780
2020-07-13_14-10-54 27850
2020-07-13_14-10-54 25900
2020-07-13_14-10-54 24670
2020-07-13_14-10-54 24250
2020-07-13_14-10-54 24120
2020-07-13_14-10-54 24510
2020-07-13_14-10-54 26560
2020-07-13_14-10-54 29570
2020-07-13_14-10-54 32060
2020-07-13_14-10-54 32910
2020-07-13_14-10-54 32910
2020-07-13_14-10-54 33350
2020-07-13_14-10-54 33570
2020-07-13_14-10-54 33330
2020-07-13_14-10-54 33270
2020-07-13_14-10-54 33490
2020-07-13_14-10-54 33450
2020-07-13_14-10-54 33290
2020-07-13_14-10-54 33410
2020-07-13_14-10-54 33520
2020-07-13_14-10-54 33320
2020-07-13_14-10-54 33290
2020-07-13_14-10-54 33430
2020-07-13_14-10-54 33400
2020-07-13_14-10-54 33330
2020-07-13_14-10-54 33470
2020-07-13_14-10-54 32850
2020-07-13_14-10-54 30440
2020-07-13_14-10-54 27700
2020-07-13_14-10-54 25990
2020-07-13_14-10-54 25670
2020-07-13_14-10-54 25610
2020-07-13_14-10-54 25560
2020-07-13_14-10-54 25680
2020-07-13_14-10-54 25700
2020-07-13_14-10-54 25540
2020-07-13_14-10-54 25490
2020-07-13_14-10-54 25090
2020-07-13_14-10-54 23370
2020-07-13_14-10-54 20890
2020-07-13_14-10-54 19060
2020-07-13_14-10-54 18360
2020-07-13_14-10-54 18080
2020-07-13_14-10-54 17980
2020-07-13_14-10-54 18160
2020-07-13_14-10-54 18240
2020-07-13_14-10-54 18100
2020-07-13_14-10-54 18060
2020-07-13_14-10-54 18170
2020-07-13_14-10-54 18160
2020-07-13_14-10-54 18060
2020-07-13_14-10-54 18090
2020-07-13_14-10-54 18210
2020-07-13_14-10-54 18160
2020-07-13_14-10-54 18090
2020-07-13_14-10-54 18110
2020-07-13_14-10-54 18160
2020-07-13_14-10-54 18130
2020-07-13_14-10-54 18090
2020-07-13_14-10-54 18120
2020-07-13_14-10-54 18130
2020-07-13_14-10-54 18110
2020-07-13_14-10-54 18110
2020-07-13_14-10-54 18120
2020-07-13_14-10-54 18140
2020-07-13_14-10-54 18130
2020-07-13_14-10-54 18140
2020-07-13_14-10-54 18150
2020-07-13_14-10-54 18130
2020-07-13_14-10-54 18120
2020-07-13_14-10-54 18130
2020-07-13_14-10-54 18140
2020-07-13_14-10-54 18130
2020-07-13_14-10-54 18130
2020-07-13_14-10-54 18150
2020-07-13_14-10-54 18140
2020-07-13_14-10-54 18120
2020-07-13_14-10-54 18130
2020-07-13_14-10-54 18140
2020-07-13_14-10-54 18120
2020-07-13_14-10-54 18120
2020-07-13_14-10-54 18140
2020-07-13_14-10-54 18130
2020-07-13_14-10-54 18120
2020-07-13_14-10-54 18130
2020-07-13_14-10-54 18140
2020-07-13_14-10-54 18120
2020-07-13_14-10-54 18130
2020-07-13_14-10-54 18150
2020-07-13_14-10-54 18140
2020-07-13_14-10-54 18120
2020-07-13_14-10-54 18130
2020-07-13_14-10-54 18140
2020-07-13_14-10-54 18130
2020-07-13_14-10-54 18130
2020-07-13_14-10-54 18150
2020-07-13_14-10-54 18140
2020-07-13_14-10-54 18130
2020-07-13_14-10-54 18140
2020-07-13_14-10-54 18140
2020-07-13_14-10-54 18130
2020-07-13_14-10-54 18140
2020-07-13_14-10-54 18140
2020-07-13_14-10-54 18130
2020-07-13_14-10-54 18120
2020-07-13_14-10-54 18130
2020-07-13_14-10-54 18140
2020-07-13_14-10-54 18140
2020-07-13_14-10-54 18140
2020-07-13_14-10-54 18140
2020-07-13_14-10-54 18130
2020-07-13_14-10-54 18130
2020-07-13_14-10-54 18130
2020-07-13_14-10-54 18130
2020-07-13_14-10-54 18130
2020-07-13_14-10-54 18140
2020-07-13_14-10-54 18140
2020-07-13_14-10-54 18140
2020-07-13_14-10-54 18140
2020-07-13_14-10-54 18140
2020-07-13_14-10-54 18140
2020-07-13_14-10-54 18140
2020-07-13_14-10-54 18140
2020-07-13_14-10-54 18140
2020-07-13_14-10-54 18130
2020-07-13_14-10-54 18130
2020-07-13_14-10-54 18130
2020-07-13_14-10-54 18130
2020-07-13_14-10-54 18130
2020-07-13_14-10-54 18130
2020-07-13_14-10-54 18130
2020-07-13_14-10-54 18130
2020-07-13_14-10-54 18120
2020-07-13_14-10-54 18130
2020-07-13_14-10-54 18140
2020-07-13_14-10-54 18140
2020-07-13_14-10-54 18140
2020-07-13_14-10-54 18140
2020-07-13_14-10-54 18140
2020-07-13_14-10-54 18140
2020-07-13_14-10-54 18140
2020-07-13_14-10-54 18140
2020-07-13_14-10-54 18140
2020-07-13_14-10-54 18140
2020-07-13_14-10-54 18140
2020-07-13_14-10-54 18140
2020-07-13_14-10-54 18150
2020-07-13_14-10-54 18140
2020-07-13_14-10-54 18140
2020-07-13_14-10-54 18130
2020-07-13_14-10-54 18140
2020-07-13_14-10-54 18140
2020-07-13_14-10-54 18140
2020-07-13_14-10-54 18140
2020-07-13_14-10-54 18140
2020-07-13_14-10-54 18130
2020-07-13_14-10-54 18130
2020-07-13_14-10-54 18130
2020-07-13_14-10-54 18140
2020-07-13_14-10-54 18140
2020-07-13_14-10-54 18140
2020-07-13_14-10-54 18140
2020-07-13_14-10-54 18140
2020-07-13_14-10-54 18130
2020-07-13_14-10-54 18140
2020-07-13_14-10-54 18130
2020-07-13_14-10-54 18130
2020-07-13_14-10-54 18130
2020-07-13_14-10-54 18130
2020-07-13_14-10-54 18130
2020-07-13_14-10-54 18130
2020-07-13_14-10-54 18130
2020-07-13_14-10-54 18130
2020-07-13_14-10-54 18130
2020-07-13_14-10-54 18140
2020-07-13_14-10-54 18140
2020-07-13_14-10-54 18140
2020-07-13_14-10-54 18140
2020-07-13_14-10-54 18140
2020-07-13_14-10-54 18140
2020-07-13_14-10-54 18140
2020-07-13_14-10-54 18140
2020-07-13_14-10-54 18140
2020-07-13_14-10-54 18140
2020-07-13_14-10-54 18140
2020-07-13_14-10-54 18140
2020-07-13_14-10-54 18140
2020-07-13_14-10-54 18140
2020-07-13_14-10-54 18140
2020-07-13_14-10-54 18140
2020-07-13_14-10-54 18140
2020-07-13_14-10-54 18140
2020-07-13_14-10-54 18140
2020-07-13_14-10-54 18140
2020-07-13_14-10-54 18140
2020-07-13_14-10-54 18140
2020-07-13_14-10-54 18140
2020-07-13_14-10-54 18140
2020-07-13_14-10-54 18140
2020-07-13_14-10-54 18140
2020-07-13_14-10-54 18140
2020-07-13_14-10-54 18140
2020-07-13_14-10-54 18140
2020-07-13_14-10-54 18140
2020-07-13_14-10-54 18140
2020-07-13_14-10-54 18140
2020-07-13_14-10-54 18140
2020-07-13_14-10-54 18140
2020-07-13_14-10-54 18140
2020-07-13_14-10-54 18130
2020-07-13_14-10-54 18130
2020-07-13_14-10-54 18130
2020-07-13_14-10-54 18130
2020-07-13_14-10-54 18130
2020-07-13_14-10-54 18130
2020-07-13_14-10-54 18140
2020-07-13_14-10-54 18140
2020-07-13_14-10-54 18150
2020-07-13_14-10-54 18140
2020-07-13_14-10-54 18130
2020-07-13_14-10-54 18130
2020-07-13_14-10-54 18140
2020-07-13_14-10-54 18140
2020-07-13_14-10-54 18140
2020-07-13_14-10-54 18140
2020-07-13_14-10-54 18140
2020-07-13_14-10-54 18140
2020-07-13_14-10-54 18140
2020-07-13_14-10-54 18140
2020-07-13_14-10-54 18140
2020-07-13_14-10-54 18140
2020-07-13_14-10-54 18140
2020-07-13_14-10-54 18140
2020-07-13_14-10-54 18140
2020-07-13_14-10-54 18140
2020-07-13_14-10-54 18140
2020-07-13_14-10-54 18140
2020-07-13_14-10-54 18120
2020-07-13_14-10-54 18120
2020-07-13_14-10-54 18120
2020-07-13_14-10-54 18140
2020-07-13_14-10-54 18140
2020-07-13_14-10-54 18140
2020-07-13_14-10-54 18130
2020-07-13_14-10-54 18130
2020-07-13_14-10-54 18140
2020-07-13_14-10-54 18140
2020-07-13_14-10-54 18140
2020-07-13_14-10-54 18140
2020-07-13_14-10-54 18140
2020-07-13_14-10-54 18140
2020-07-13_14-10-54 18140
2020-07-13_14-10-54 18140
2020-07-13_14-10-54 18140
2020-07-13_14-10-54 18130
2020-07-13_14-10-54 18130
2020-07-13_14-10-54 18130
2020-07-13_14-10-54 18130
2020-07-13_14-10-54 18140
2020-07-13_14-10-54 18140
2020-07-13_14-10-54 18140
2020-07-13_14-10-54 18140
2020-07-13_14-10-54 18140
2020-07-13_14-10-54 18140
2020-07-13_14-10-54 18140
2020-07-13_14-10-54 18140
2020-07-13_14-10-54 18140
2020-07-13_14-10-54 18140
2020-07-13_14-10-54 18140
2020-07-13_14-10-54 18140
2020-07-13_14-10-54 18140
2020-07-13_14-10-54 18140
2020-07-13_14-10-54 18140
2020-07-13_14-10-54 18140
2020-07-13_14-10-54 18140
2020-07-13_14-10-54 18140
2020-07-13_14-10-54 18140
2020-07-13_14-10-54 18140
2020-07-13_14-10-54 18140
2020-07-13_14-10-54 18140
2020-07-13_14-10-54 18140
2020-07-13_14-10-54 18140
2020-07-13_14-10-54 18140
2020-07-13_14-10-54 18140
2020-07-13_14-10-54 18140
2020-07-13_14-10-54 18140
2020-07-13_14-10-54 18140
2020-07-13_14-10-54 18140
2020-07-13_14-10-54 18140
2020-07-13_14-10-54 18140
2020-07-13_14-10-54 18140
2020-07-13_14-10-54 18140
2020-07-13_14-10-54 18140
2020-07-13_14-10-54 18140
2020-07-13_14-10-54 18140
2020-07-13_14-10-54 18140
2020-07-13_14-10-54 18140
2020-07-13_14-10-54 18140
2020-07-13_14-10-54 18140
2020-07-13_14-10-54 15680
2020-07-13_14-10-54 12840
2020-07-13_14-10-54 9980
2020-07-13_14-10-54 9580
2020-07-13_14-10-54 9490
2020-07-13_14-10-54 9350
2020-07-13_14-10-54 9410
2020-07-13_14-10-54 9470
2020-07-13_14-10-54 9360
2020-07-13_14-10-54 9220
2020-07-13_14-10-54 9340
2020-07-13_14-10-54 9450
2020-07-13_14-10-54 9250
2020-07-13_14-10-54 9150
2020-07-13_14-10-54 9310
2020-07-13_14-10-54 9300
2020-07-13_14-10-54 9040
2020-07-13_14-10-54 8720
2020-07-13_14-10-54 7070
2020-07-13_14-10-54 4220
2020-07-13_14-10-54 1340
