2020-07-13_14-10-01 910
2020-07-13_14-10-01 2250
2020-07-13_14-10-01 3520
2020-07-13_14-10-01 3840
2020-07-13_14-10-01 3820
2020-07-13_14-10-01 3880
2020-07-13_14-10-01 3930
2020-07-13_14-10-01 3900
2020-07-13_14-10-01 3920
2020-07-13_14-10-01 3920
2020-07-13_14-10-01 3910
2020-07-13_14-10-01 3870
2020-07-13_14-10-01 3870
2020-07-13_14-10-01 3900
2020-07-13_14-10-01 3910
2020-07-13_14-10-01 3940
2020-07-13_14-10-01 3910
2020-07-13_14-10-01 3880
2020-07-13_14-10-01 3860
2020-07-13_14-10-01 3850
2020-07-13_14-10-01 3840
2020-07-13_14-10-01 3850
2020-07-13_14-10-01 3890
2020-07-13_14-10-01 3880
2020-07-13_14-10-01 3840
2020-07-13_14-10-01 3820
2020-07-13_14-10-01 3830
2020-07-13_14-10-01 3840
2020-07-13_14-10-01 3990
2020-07-13_14-10-01 4840
2020-07-13_14-10-01 6060
2020-07-13_14-10-01 7140
2020-07-13_14-10-01 7540
2020-07-13_14-10-01 7500
2020-07-13_14-10-01 7470
2020-07-13_14-10-01 7410
2020-07-13_14-10-01 7420
2020-07-13_14-10-01 7370
2020-07-13_14-10-01 7350
2020-07-13_14-10-01 7340
2020-07-13_14-10-01 7310
2020-07-13_14-10-01 7660
2020-07-13_14-10-01 8670
2020-07-13_14-10-01 9790
2020-07-13_14-10-01 10620
2020-07-13_14-10-01 10730
2020-07-13_14-10-01 10780
2020-07-13_14-10-01 10730
2020-07-13_14-10-01 10740
2020-07-13_14-10-01 10760
2020-07-13_14-10-01 10720
2020-07-13_14-10-01 10740
2020-07-13_14-10-01 10710
2020-07-13_14-10-01 10750
2020-07-13_14-10-01 10750
2020-07-13_14-10-01 10750
2020-07-13_14-10-01 10750
2020-07-13_14-10-01 10710
2020-07-13_14-10-01 10750
2020-07-13_14-10-01 10760
2020-07-13_14-10-01 10760
2020-07-13_14-10-01 10740
2020-07-13_14-10-01 10730
2020-07-13_14-10-01 10740
2020-07-13_14-10-01 10720
2020-07-13_14-10-01 10730
2020-07-13_14-10-01 10740
2020-07-13_14-10-01 10740
2020-07-13_14-10-01 10730
2020-07-13_14-10-01 10730
2020-07-13_14-10-01 10740
2020-07-13_14-10-01 10720
2020-07-13_14-10-01 10730
2020-07-13_14-10-01 10760
2020-07-13_14-10-01 10770
2020-07-13_14-10-01 10790
2020-07-13_14-10-01 10810
2020-07-13_14-10-01 10760
2020-07-13_14-10-01 10740
2020-07-13_14-10-01 10770
2020-07-13_14-10-01 10790
2020-07-13_14-10-01 10740
2020-07-13_14-10-01 10680
2020-07-13_14-10-01 10760
2020-07-13_14-10-01 10770
2020-07-13_14-10-01 10730
2020-07-13_14-10-01 10740
2020-07-13_14-10-01 10750
2020-07-13_14-10-01 10750
2020-07-13_14-10-01 10710
2020-07-13_14-10-01 10750
2020-07-13_14-10-01 10750
2020-07-13_14-10-01 10740
2020-07-13_14-10-01 10750
2020-07-13_14-10-01 10750
2020-07-13_14-10-01 10740
2020-07-13_14-10-01 10730
2020-07-13_14-10-01 10750
2020-07-13_14-10-01 10730
2020-07-13_14-10-01 10740
2020-07-13_14-10-01 10750
2020-07-13_14-10-01 10750
2020-07-13_14-10-01 10740
2020-07-13_14-10-01 10730
2020-07-13_14-10-01 10740
2020-07-13_14-10-01 10730
2020-07-13_14-10-01 10740
2020-07-13_14-10-01 10750
2020-07-13_14-10-01 10750
2020-07-13_14-10-01 10740
2020-07-13_14-10-01 10750
2020-07-13_14-10-01 10750
2020-07-13_14-10-01 10760
2020-07-13_14-10-01 10740
2020-07-13_14-10-01 10750
2020-07-13_14-10-01 10740
2020-07-13_14-10-01 10750
2020-07-13_14-10-01 10750
2020-07-13_14-10-01 10750
2020-07-13_14-10-01 10740
2020-07-13_14-10-01 10740
2020-07-13_14-10-01 10750
2020-07-13_14-10-01 10750
2020-07-13_14-10-01 10750
2020-07-13_14-10-01 10750
2020-07-13_14-10-01 10750
2020-07-13_14-10-01 10750
2020-07-13_14-10-01 10750
2020-07-13_14-10-01 10740
2020-07-13_14-10-01 10740
2020-07-13_14-10-01 10750
2020-07-13_14-10-01 10750
2020-07-13_14-10-01 10760
2020-07-13_14-10-01 10750
2020-07-13_14-10-01 10750
2020-07-13_14-10-01 10750
2020-07-13_14-10-01 10750
2020-07-13_14-10-01 10750
2020-07-13_14-10-01 10750
2020-07-13_14-10-01 10750
2020-07-13_14-10-01 10750
2020-07-13_14-10-01 10750
2020-07-13_14-10-01 10750
2020-07-13_14-10-01 10750
2020-07-13_14-10-01 10750
2020-07-13_14-10-01 10750
2020-07-13_14-10-01 10750
2020-07-13_14-10-01 10750
2020-07-13_14-10-01 10750
2020-07-13_14-10-01 10750
2020-07-13_14-10-01 10750
2020-07-13_14-10-01 10740
2020-07-13_14-10-01 10740
2020-07-13_14-10-01 10740
2020-07-13_14-10-01 10750
2020-07-13_14-10-01 10750
2020-07-13_14-10-01 10740
2020-07-13_14-10-01 10740
2020-07-13_14-10-01 10740
2020-07-13_14-10-01 10740
2020-07-13_14-10-01 10740
2020-07-13_14-10-01 10740
2020-07-13_14-10-01 10740
2020-07-13_14-10-01 10740
2020-07-13_14-10-01 10740
2020-07-13_14-10-01 10740
2020-07-13_14-10-01 10740
2020-07-13_14-10-01 10740
2020-07-13_14-10-01 10750
2020-07-13_14-10-01 10740
2020-07-13_14-10-01 10740
2020-07-13_14-10-01 10740
2020-07-13_14-10-01 10740
2020-07-13_14-10-01 10740
2020-07-13_14-10-01 10750
2020-07-13_14-10-01 10750
2020-07-13_14-10-01 10750
2020-07-13_14-10-01 10750
2020-07-13_14-10-01 10740
2020-07-13_14-10-01 10740
2020-07-13_14-10-01 10740
2020-07-13_14-10-01 10740
2020-07-13_14-10-01 10740
2020-07-13_14-10-01 10750
2020-07-13_14-10-01 10750
2020-07-13_14-10-01 10750
2020-07-13_14-10-01 10740
2020-07-13_14-10-01 10740
2020-07-13_14-10-01 10740
2020-07-13_14-10-01 10750
2020-07-13_14-10-01 10750
2020-07-13_14-10-01 10740
2020-07-13_14-10-01 10730
2020-07-13_14-10-01 10730
2020-07-13_14-10-01 10720
2020-07-13_14-10-01 10700
2020-07-13_14-10-01 10680
2020-07-13_14-10-01 10680
2020-07-13_14-10-01 10680
2020-07-13_14-10-01 10680
2020-07-13_14-10-01 10690
2020-07-13_14-10-01 10690
2020-07-13_14-10-01 10690
2020-07-13_14-10-01 10680
2020-07-13_14-10-01 10680
2020-07-13_14-10-01 10680
2020-07-13_14-10-01 10680
2020-07-13_14-10-01 10680
2020-07-13_14-10-01 10680
2020-07-13_14-10-01 10680
2020-07-13_14-10-01 10680
2020-07-13_14-10-01 10680
2020-07-13_14-10-01 10670
2020-07-13_14-10-01 10670
2020-07-13_14-10-01 10670
2020-07-13_14-10-01 10670
2020-07-13_14-10-01 10680
2020-07-13_14-10-01 10680
2020-07-13_14-10-01 10680
2020-07-13_14-10-01 10680
2020-07-13_14-10-01 10680
2020-07-13_14-10-01 10690
2020-07-13_14-10-01 10710
2020-07-13_14-10-01 10730
2020-07-13_14-10-01 10740
2020-07-13_14-10-01 10740
2020-07-13_14-10-01 10740
2020-07-13_14-10-01 10750
2020-07-13_14-10-01 10750
2020-07-13_14-10-01 10740
2020-07-13_14-10-01 10740
2020-07-13_14-10-01 10740
2020-07-13_14-10-01 10750
2020-07-13_14-10-01 10760
2020-07-13_14-10-01 10750
2020-07-13_14-10-01 10730
2020-07-13_14-10-01 10740
2020-07-13_14-10-01 10740
2020-07-13_14-10-01 10740
2020-07-13_14-10-01 10740
2020-07-13_14-10-01 10740
2020-07-13_14-10-01 10740
2020-07-13_14-10-01 10740
2020-07-13_14-10-01 10750
2020-07-13_14-10-01 10750
2020-07-13_14-10-01 10750
2020-07-13_14-10-01 10750
2020-07-13_14-10-01 10750
2020-07-13_14-10-01 10740
2020-07-13_14-10-01 10710
2020-07-13_14-10-01 10690
2020-07-13_14-10-01 10680
2020-07-13_14-10-01 10680
2020-07-13_14-10-01 10670
2020-07-13_14-10-01 10670
2020-07-13_14-10-01 10670
2020-07-13_14-10-01 10670
2020-07-13_14-10-01 10680
2020-07-13_14-10-01 10680
2020-07-13_14-10-01 10680
2020-07-13_14-10-01 10680
2020-07-13_14-10-01 10680
2020-07-13_14-10-01 10680
2020-07-13_14-10-01 10680
2020-07-13_14-10-01 10680
2020-07-13_14-10-01 10680
2020-07-13_14-10-01 10680
2020-07-13_14-10-01 10680
2020-07-13_14-10-01 10680
2020-07-13_14-10-01 10680
2020-07-13_14-10-01 10680
2020-07-13_14-10-01 10680
2020-07-13_14-10-01 10680
2020-07-13_14-10-01 10680
2020-07-13_14-10-01 10680
2020-07-13_14-10-01 10680
2020-07-13_14-10-01 10680
2020-07-13_14-10-01 10680
2020-07-13_14-10-01 10680
2020-07-13_14-10-01 10680
2020-07-13_14-10-01 10680
2020-07-13_14-10-01 10680
2020-07-13_14-10-01 10680
2020-07-13_14-10-01 10680
2020-07-13_14-10-01 10680
2020-07-13_14-10-01 10680
2020-07-13_14-10-01 10680
2020-07-13_14-10-01 10680
2020-07-13_14-10-01 10680
2020-07-13_14-10-01 10680
2020-07-13_14-10-01 10680
2020-07-13_14-10-01 10680
2020-07-13_14-10-01 10680
2020-07-13_14-10-01 10680
2020-07-13_14-10-01 10680
2020-07-13_14-10-01 10680
2020-07-13_14-10-01 10680
2020-07-13_14-10-01 10680
2020-07-13_14-10-01 10680
2020-07-13_14-10-01 10680
2020-07-13_14-10-01 10680
2020-07-13_14-10-01 10680
2020-07-13_14-10-01 10680
2020-07-13_14-10-01 10680
2020-07-13_14-10-01 10680
2020-07-13_14-10-01 10680
2020-07-13_14-10-01 10680
2020-07-13_14-10-01 10680
2020-07-13_14-10-01 10680
2020-07-13_14-10-01 10680
2020-07-13_14-10-01 10680
2020-07-13_14-10-01 10680
2020-07-13_14-10-01 10680
2020-07-13_14-10-01 10680
2020-07-13_14-10-01 10680
2020-07-13_14-10-01 10680
2020-07-13_14-10-01 10680
2020-07-13_14-10-01 10680
2020-07-13_14-10-02 10680
2020-07-13_14-10-02 10670
2020-07-13_14-10-02 10670
2020-07-13_14-10-02 10680
2020-07-13_14-10-02 10680
2020-07-13_14-10-02 10680
2020-07-13_14-10-02 10680
2020-07-13_14-10-02 10680
2020-07-13_14-10-02 10680
2020-07-13_14-10-02 10680
2020-07-13_14-10-02 10680
2020-07-13_14-10-02 10680
2020-07-13_14-10-02 10680
2020-07-13_14-10-02 10680
2020-07-13_14-10-02 10680
2020-07-13_14-10-02 10680
2020-07-13_14-10-02 10680
2020-07-13_14-10-02 10680
2020-07-13_14-10-02 10680
2020-07-13_14-10-02 10680
2020-07-13_14-10-02 10680
2020-07-13_14-10-02 10680
2020-07-13_14-10-02 10680
2020-07-13_14-10-02 10680
2020-07-13_14-10-02 10680
2020-07-13_14-10-02 10680
2020-07-13_14-10-02 10680
2020-07-13_14-10-02 10680
2020-07-13_14-10-02 10680
2020-07-13_14-10-02 10680
2020-07-13_14-10-02 10680
2020-07-13_14-10-02 10680
2020-07-13_14-10-02 10680
2020-07-13_14-10-02 10680
2020-07-13_14-10-02 10680
2020-07-13_14-10-02 10680
2020-07-13_14-10-02 10680
2020-07-13_14-10-02 10680
2020-07-13_14-10-02 10680
2020-07-13_14-10-02 10680
2020-07-13_14-10-02 10680
2020-07-13_14-10-02 10680
2020-07-13_14-10-02 10680
2020-07-13_14-10-02 10680
2020-07-13_14-10-02 10680
2020-07-13_14-10-02 10680
2020-07-13_14-10-02 10680
2020-07-13_14-10-02 10680
2020-07-13_14-10-02 10680
2020-07-13_14-10-02 10680
2020-07-13_14-10-02 10680
2020-07-13_14-10-02 10680
2020-07-13_14-10-02 10680
2020-07-13_14-10-02 10680
2020-07-13_14-10-02 10680
2020-07-13_14-10-02 10680
2020-07-13_14-10-02 10680
2020-07-13_14-10-02 10680
2020-07-13_14-10-02 10680
2020-07-13_14-10-02 10680
2020-07-13_14-10-02 10680
2020-07-13_14-10-02 10680
2020-07-13_14-10-02 10680
2020-07-13_14-10-02 10680
2020-07-13_14-10-02 10680
2020-07-13_14-10-02 10680
2020-07-13_14-10-02 10680
2020-07-13_14-10-02 10700
2020-07-13_14-10-02 10720
2020-07-13_14-10-02 10740
2020-07-13_14-10-02 10730
2020-07-13_14-10-02 10740
2020-07-13_14-10-02 10750
2020-07-13_14-10-02 10750
2020-07-13_14-10-02 10750
2020-07-13_14-10-02 10740
2020-07-13_14-10-02 10740
2020-07-13_14-10-02 10750
2020-07-13_14-10-02 10750
2020-07-13_14-10-02 10750
2020-07-13_14-10-02 10740
2020-07-13_14-10-02 10740
2020-07-13_14-10-02 10740
2020-07-13_14-10-02 10740
2020-07-13_14-10-02 10740
2020-07-13_14-10-02 10740
2020-07-13_14-10-02 10740
2020-07-13_14-10-02 10740
2020-07-13_14-10-02 10740
2020-07-13_14-10-02 10740
2020-07-13_14-10-02 10740
2020-07-13_14-10-02 10740
2020-07-13_14-10-02 10740
2020-07-13_14-10-02 10740
2020-07-13_14-10-02 10740
2020-07-13_14-10-02 10720
2020-07-13_14-10-02 10700
2020-07-13_14-10-02 10680
2020-07-13_14-10-02 10680
2020-07-13_14-10-02 10680
2020-07-13_14-10-02 10670
2020-07-13_14-10-02 10670
2020-07-13_14-10-02 10670
2020-07-13_14-10-02 10680
2020-07-13_14-10-02 10680
2020-07-13_14-10-02 10680
2020-07-13_14-10-02 10670
2020-07-13_14-10-02 10680
2020-07-13_14-10-02 10680
2020-07-13_14-10-02 10680
2020-07-13_14-10-02 10690
2020-07-13_14-10-02 10690
2020-07-13_14-10-02 10680
2020-07-13_14-10-02 10670
2020-07-13_14-10-02 10670
2020-07-13_14-10-02 10680
2020-07-13_14-10-02 10680
2020-07-13_14-10-02 10680
2020-07-13_14-10-02 10680
2020-07-13_14-10-02 10700
2020-07-13_14-10-02 10720
2020-07-13_14-10-02 10740
2020-07-13_14-10-02 10750
2020-07-13_14-10-02 10750
2020-07-13_14-10-02 10750
2020-07-13_14-10-02 10730
2020-07-13_14-10-02 10720
2020-07-13_14-10-02 10730
2020-07-13_14-10-02 10770
2020-07-13_14-10-02 10780
2020-07-13_14-10-02 10740
2020-07-13_14-10-02 10730
2020-07-13_14-10-02 10730
2020-07-13_14-10-02 10730
2020-07-13_14-10-02 10720
2020-07-13_14-10-02 10730
2020-07-13_14-10-02 10750
2020-07-13_14-10-02 10770
2020-07-13_14-10-02 10770
2020-07-13_14-10-02 10760
2020-07-13_14-10-02 10750
2020-07-13_14-10-02 10750
2020-07-13_14-10-02 10760
2020-07-13_14-10-02 10740
2020-07-13_14-10-02 10750
2020-07-13_14-10-02 10750
2020-07-13_14-10-02 10760
2020-07-13_14-10-02 10750
2020-07-13_14-10-02 10750
2020-07-13_14-10-02 10750
2020-07-13_14-10-02 10740
2020-07-13_14-10-02 10750
2020-07-13_14-10-02 10750
2020-07-13_14-10-02 10750
2020-07-13_14-10-02 10750
2020-07-13_14-10-02 10750
2020-07-13_14-10-02 10740
2020-07-13_14-10-02 10750
2020-07-13_14-10-02 10740
2020-07-13_14-10-02 10740
2020-07-13_14-10-02 10740
2020-07-13_14-10-02 10750
2020-07-13_14-10-02 10750
2020-07-13_14-10-02 10750
2020-07-13_14-10-02 10750
2020-07-13_14-10-02 10750
2020-07-13_14-10-02 10750
2020-07-13_14-10-02 10750
2020-07-13_14-10-02 10750
2020-07-13_14-10-02 10750
2020-07-13_14-10-02 10750
2020-07-13_14-10-02 10750
2020-07-13_14-10-02 10750
2020-07-13_14-10-02 10750
2020-07-13_14-10-02 10750
2020-07-13_14-10-02 10750
2020-07-13_14-10-02 10750
2020-07-13_14-10-02 10750
2020-07-13_14-10-02 10750
2020-07-13_14-10-02 10750
2020-07-13_14-10-02 10750
2020-07-13_14-10-02 10750
2020-07-13_14-10-02 10750
2020-07-13_14-10-02 10750
2020-07-13_14-10-02 10740
2020-07-13_14-10-02 10740
2020-07-13_14-10-02 10740
2020-07-13_14-10-02 10740
2020-07-13_14-10-02 10740
2020-07-13_14-10-02 10750
2020-07-13_14-10-02 10750
2020-07-13_14-10-02 10750
2020-07-13_14-10-02 10760
2020-07-13_14-10-02 10750
2020-07-13_14-10-02 10750
2020-07-13_14-10-02 10750
2020-07-13_14-10-02 10750
2020-07-13_14-10-02 10750
2020-07-13_14-10-02 10750
2020-07-13_14-10-02 10760
2020-07-13_14-10-02 10730
2020-07-13_14-10-02 10750
2020-07-13_14-10-02 10750
2020-07-13_14-10-02 10760
2020-07-13_14-10-02 10750
2020-07-13_14-10-02 10740
2020-07-13_14-10-02 10770
2020-07-13_14-10-02 10750
2020-07-13_14-10-02 10750
2020-07-13_14-10-02 10760
2020-07-13_14-10-02 10750
2020-07-13_14-10-02 10750
2020-07-13_14-10-02 10740
2020-07-13_14-10-02 10730
2020-07-13_14-10-02 10750
2020-07-13_14-10-02 10730
2020-07-13_14-10-02 10730
2020-07-13_14-10-02 10710
2020-07-13_14-10-02 10700
2020-07-13_14-10-02 10750
2020-07-13_14-10-02 10710
2020-07-13_14-10-02 10700
2020-07-13_14-10-02 10700
2020-07-13_14-10-02 10710
2020-07-13_14-10-02 10710
2020-07-13_14-10-02 10680
2020-07-13_14-10-02 10700
2020-07-13_14-10-02 10690
2020-07-13_14-10-02 10720
2020-07-13_14-10-02 10740
2020-07-13_14-10-02 10800
2020-07-13_14-10-02 11280
2020-07-13_14-10-02 12320
2020-07-13_14-10-02 13390
2020-07-13_14-10-02 14040
2020-07-13_14-10-02 14160
2020-07-13_14-10-02 14200
2020-07-13_14-10-02 14160
2020-07-13_14-10-02 14140
2020-07-13_14-10-02 14120
2020-07-13_14-10-02 14140
2020-07-13_14-10-02 14110
2020-07-13_14-10-02 14110
2020-07-13_14-10-02 14130
2020-07-13_14-10-02 14110
2020-07-13_14-10-02 14100
2020-07-13_14-10-02 14100
2020-07-13_14-10-02 14070
2020-07-13_14-10-02 14090
2020-07-13_14-10-02 14100
2020-07-13_14-10-02 14100
2020-07-13_14-10-02 14120
2020-07-13_14-10-02 14080
2020-07-13_14-10-02 14120
2020-07-13_14-10-02 14080
2020-07-13_14-10-02 14080
2020-07-13_14-10-02 14070
2020-07-13_14-10-02 14080
2020-07-13_14-10-02 14110
2020-07-13_14-10-02 14080
2020-07-13_14-10-02 14110
2020-07-13_14-10-02 14010
2020-07-13_14-10-02 13480
2020-07-13_14-10-02 12290
2020-07-13_14-10-02 11000
2020-07-13_14-10-02 10210
2020-07-13_14-10-02 10070
2020-07-13_14-10-02 10080
2020-07-13_14-10-02 10070
2020-07-13_14-10-02 10070
2020-07-13_14-10-02 10060
2020-07-13_14-10-02 10060
2020-07-13_14-10-02 10020
2020-07-13_14-10-02 10040
2020-07-13_14-10-02 10040
2020-07-13_14-10-02 10060
2020-07-13_14-10-02 10080
2020-07-13_14-10-02 10080
2020-07-13_14-10-02 10080
2020-07-13_14-10-02 10190
2020-07-13_14-10-02 10710
2020-07-13_14-10-02 11580
2020-07-13_14-10-02 12400
2020-07-13_14-10-02 12840
2020-07-13_14-10-02 12940
2020-07-13_14-10-02 12900
2020-07-13_14-10-02 12880
2020-07-13_14-10-02 12840
2020-07-13_14-10-02 12770
2020-07-13_14-10-02 12750
2020-07-13_14-10-02 12670
2020-07-13_14-10-02 12670
2020-07-13_14-10-02 12660
2020-07-13_14-10-02 12850
2020-07-13_14-10-02 13420
2020-07-13_14-10-02 14300
2020-07-13_14-10-02 14680
2020-07-13_14-10-02 14050
2020-07-13_14-10-02 12950
2020-07-13_14-10-02 12050
2020-07-13_14-10-02 11910
2020-07-13_14-10-02 11830
2020-07-13_14-10-02 11900
2020-07-13_14-10-02 11860
2020-07-13_14-10-02 11860
2020-07-13_14-10-02 11870
2020-07-13_14-10-02 11840
2020-07-13_14-10-02 11890
2020-07-13_14-10-02 11880
2020-07-13_14-10-02 11910
2020-07-13_14-10-02 11650
2020-07-13_14-10-02 10800
2020-07-13_14-10-02 9780
2020-07-13_14-10-02 8950
2020-07-13_14-10-02 8760
2020-07-13_14-10-02 8720
2020-07-13_14-10-02 8740
2020-07-13_14-10-02 8740
2020-07-13_14-10-02 8720
2020-07-13_14-10-02 8750
2020-07-13_14-10-02 8720
2020-07-13_14-10-02 8750
2020-07-13_14-10-02 8760
2020-07-13_14-10-02 8740
2020-07-13_14-10-02 8790
2020-07-13_14-10-02 8730
2020-07-13_14-10-02 8770
2020-07-13_14-10-02 8750
2020-07-13_14-10-02 8700
2020-07-13_14-10-02 8640
2020-07-13_14-10-02 8560
2020-07-13_14-10-02 8580
2020-07-13_14-10-02 8590
2020-07-13_14-10-02 8580
2020-07-13_14-10-02 8560
2020-07-13_14-10-02 8670
2020-07-13_14-10-02 8730
2020-07-13_14-10-02 8770
2020-07-13_14-10-02 8760
2020-07-13_14-10-02 8750
2020-07-13_14-10-02 8790
2020-07-13_14-10-02 8760
2020-07-13_14-10-02 8760
2020-07-13_14-10-02 8760
2020-07-13_14-10-02 8750
2020-07-13_14-10-02 8780
2020-07-13_14-10-02 8750
2020-07-13_14-10-02 8760
2020-07-13_14-10-02 8760
2020-07-13_14-10-02 8770
2020-07-13_14-10-02 8770
2020-07-13_14-10-02 8760
2020-07-13_14-10-02 8770
2020-07-13_14-10-02 8760
2020-07-13_14-10-02 8770
2020-07-13_14-10-02 8760
2020-07-13_14-10-02 8770
2020-07-13_14-10-02 8770
2020-07-13_14-10-02 8770
2020-07-13_14-10-02 8770
2020-07-13_14-10-02 8760
2020-07-13_14-10-02 8770
2020-07-13_14-10-02 8760
2020-07-13_14-10-02 8760
2020-07-13_14-10-02 8760
2020-07-13_14-10-02 8760
2020-07-13_14-10-02 8760
2020-07-13_14-10-02 8760
2020-07-13_14-10-02 8760
2020-07-13_14-10-02 8760
2020-07-13_14-10-02 8760
2020-07-13_14-10-02 8760
2020-07-13_14-10-02 8760
2020-07-13_14-10-02 8760
2020-07-13_14-10-02 8760
2020-07-13_14-10-02 8760
2020-07-13_14-10-02 8760
2020-07-13_14-10-02 8770
2020-07-13_14-10-02 8770
2020-07-13_14-10-02 8770
2020-07-13_14-10-02 8770
2020-07-13_14-10-02 8770
2020-07-13_14-10-02 8770
2020-07-13_14-10-02 8770
2020-07-13_14-10-02 8760
2020-07-13_14-10-02 8760
2020-07-13_14-10-02 8760
2020-07-13_14-10-02 8760
2020-07-13_14-10-02 8760
2020-07-13_14-10-02 8760
2020-07-13_14-10-02 8760
2020-07-13_14-10-02 8760
2020-07-13_14-10-02 8760
2020-07-13_14-10-02 8760
2020-07-13_14-10-02 8760
2020-07-13_14-10-02 8760
2020-07-13_14-10-02 8760
2020-07-13_14-10-02 8760
2020-07-13_14-10-02 8760
2020-07-13_14-10-02 8770
2020-07-13_14-10-02 8770
2020-07-13_14-10-02 8770
2020-07-13_14-10-02 8770
2020-07-13_14-10-02 8770
2020-07-13_14-10-02 8770
2020-07-13_14-10-02 8770
2020-07-13_14-10-02 8770
2020-07-13_14-10-02 8770
2020-07-13_14-10-02 8770
2020-07-13_14-10-02 8770
2020-07-13_14-10-02 8780
2020-07-13_14-10-02 8780
2020-07-13_14-10-02 8770
2020-07-13_14-10-02 8770
2020-07-13_14-10-02 8770
2020-07-13_14-10-02 8770
2020-07-13_14-10-02 8770
2020-07-13_14-10-02 8770
2020-07-13_14-10-02 8770
2020-07-13_14-10-02 8770
2020-07-13_14-10-02 8770
2020-07-13_14-10-02 8770
2020-07-13_14-10-02 8770
2020-07-13_14-10-02 8770
2020-07-13_14-10-02 8770
2020-07-13_14-10-02 8770
2020-07-13_14-10-02 8770
2020-07-13_14-10-02 8770
2020-07-13_14-10-02 8770
2020-07-13_14-10-02 8770
2020-07-13_14-10-02 8770
2020-07-13_14-10-02 8770
2020-07-13_14-10-02 8770
2020-07-13_14-10-02 8770
2020-07-13_14-10-02 8770
2020-07-13_14-10-02 8770
2020-07-13_14-10-02 8770
2020-07-13_14-10-02 8770
2020-07-13_14-10-02 8770
2020-07-13_14-10-02 8770
2020-07-13_14-10-02 8770
2020-07-13_14-10-02 8770
2020-07-13_14-10-02 8770
2020-07-13_14-10-02 8770
2020-07-13_14-10-02 8760
2020-07-13_14-10-02 8760
2020-07-13_14-10-02 8760
2020-07-13_14-10-02 8760
2020-07-13_14-10-02 8770
2020-07-13_14-10-02 8770
2020-07-13_14-10-02 8770
2020-07-13_14-10-02 8760
2020-07-13_14-10-02 8760
2020-07-13_14-10-02 8760
2020-07-13_14-10-02 8770
2020-07-13_14-10-02 8770
2020-07-13_14-10-02 8770
2020-07-13_14-10-02 8770
2020-07-13_14-10-02 8770
2020-07-13_14-10-02 8770
2020-07-13_14-10-02 8770
2020-07-13_14-10-02 8770
2020-07-13_14-10-02 8770
2020-07-13_14-10-02 8770
2020-07-13_14-10-02 8770
2020-07-13_14-10-02 8770
2020-07-13_14-10-02 8770
2020-07-13_14-10-02 8770
2020-07-13_14-10-02 8770
2020-07-13_14-10-02 8770
2020-07-13_14-10-02 8770
2020-07-13_14-10-02 8770
2020-07-13_14-10-02 8770
2020-07-13_14-10-02 8770
2020-07-13_14-10-02 8770
2020-07-13_14-10-02 8770
2020-07-13_14-10-02 8760
2020-07-13_14-10-02 8770
2020-07-13_14-10-02 8770
2020-07-13_14-10-02 8770
2020-07-13_14-10-02 8770
2020-07-13_14-10-02 8770
2020-07-13_14-10-02 8770
2020-07-13_14-10-02 8770
2020-07-13_14-10-02 8770
2020-07-13_14-10-02 8760
2020-07-13_14-10-02 8760
2020-07-13_14-10-02 8770
2020-07-13_14-10-02 8770
2020-07-13_14-10-02 8770
2020-07-13_14-10-02 8770
2020-07-13_14-10-02 8770
2020-07-13_14-10-02 8770
2020-07-13_14-10-02 8770
2020-07-13_14-10-02 8770
2020-07-13_14-10-02 8770
2020-07-13_14-10-02 8770
2020-07-13_14-10-02 8770
2020-07-13_14-10-02 8770
2020-07-13_14-10-02 8770
2020-07-13_14-10-02 8770
2020-07-13_14-10-02 8770
2020-07-13_14-10-02 8770
2020-07-13_14-10-02 8770
2020-07-13_14-10-02 8770
2020-07-13_14-10-02 8770
2020-07-13_14-10-02 8770
2020-07-13_14-10-02 8770
2020-07-13_14-10-02 8770
2020-07-13_14-10-02 8770
2020-07-13_14-10-02 8770
2020-07-13_14-10-02 8770
2020-07-13_14-10-02 8770
2020-07-13_14-10-02 8770
2020-07-13_14-10-02 8770
2020-07-13_14-10-02 8770
2020-07-13_14-10-02 8770
2020-07-13_14-10-02 8760
2020-07-13_14-10-02 8760
2020-07-13_14-10-02 8770
2020-07-13_14-10-02 8780
2020-07-13_14-10-02 8770
2020-07-13_14-10-02 8770
2020-07-13_14-10-02 8770
2020-07-13_14-10-02 8770
2020-07-13_14-10-02 8770
2020-07-13_14-10-02 8770
2020-07-13_14-10-02 8770
2020-07-13_14-10-02 8770
2020-07-13_14-10-02 8770
2020-07-13_14-10-02 8770
2020-07-13_14-10-02 8770
2020-07-13_14-10-02 8770
2020-07-13_14-10-02 8770
2020-07-13_14-10-02 8770
2020-07-13_14-10-02 8770
2020-07-13_14-10-02 8770
2020-07-13_14-10-02 8770
2020-07-13_14-10-02 8770
2020-07-13_14-10-02 8770
2020-07-13_14-10-02 8770
2020-07-13_14-10-02 8770
2020-07-13_14-10-02 8770
2020-07-13_14-10-02 8770
2020-07-13_14-10-02 8770
2020-07-13_14-10-02 8760
2020-07-13_14-10-02 8770
2020-07-13_14-10-02 8770
2020-07-13_14-10-02 8770
2020-07-13_14-10-02 8770
2020-07-13_14-10-02 8770
2020-07-13_14-10-02 8770
2020-07-13_14-10-02 8770
2020-07-13_14-10-02 8770
2020-07-13_14-10-02 8770
2020-07-13_14-10-02 8770
2020-07-13_14-10-02 8770
2020-07-13_14-10-02 8770
2020-07-13_14-10-02 8770
2020-07-13_14-10-02 8770
2020-07-13_14-10-02 8770
2020-07-13_14-10-02 8770
2020-07-13_14-10-02 8770
2020-07-13_14-10-02 8770
2020-07-13_14-10-02 8770
2020-07-13_14-10-02 8770
2020-07-13_14-10-02 8770
2020-07-13_14-10-02 8770
2020-07-13_14-10-02 8770
2020-07-13_14-10-02 8770
2020-07-13_14-10-02 8770
2020-07-13_14-10-02 8770
2020-07-13_14-10-02 8770
2020-07-13_14-10-02 8770
2020-07-13_14-10-02 8770
2020-07-13_14-10-02 8770
2020-07-13_14-10-02 8770
2020-07-13_14-10-02 8770
2020-07-13_14-10-02 8770
2020-07-13_14-10-02 8770
2020-07-13_14-10-02 8770
2020-07-13_14-10-02 8770
2020-07-13_14-10-02 8770
2020-07-13_14-10-02 8770
2020-07-13_14-10-02 8770
2020-07-13_14-10-02 8770
2020-07-13_14-10-02 8770
2020-07-13_14-10-02 8770
2020-07-13_14-10-02 8770
2020-07-13_14-10-02 8770
2020-07-13_14-10-02 8770
2020-07-13_14-10-02 8770
2020-07-13_14-10-02 8770
2020-07-13_14-10-02 8770
2020-07-13_14-10-02 8770
2020-07-13_14-10-02 8770
2020-07-13_14-10-02 8770
2020-07-13_14-10-02 8770
2020-07-13_14-10-02 8770
2020-07-13_14-10-02 8770
2020-07-13_14-10-02 8770
2020-07-13_14-10-02 8770
2020-07-13_14-10-02 8770
2020-07-13_14-10-02 8770
2020-07-13_14-10-02 8770
2020-07-13_14-10-02 8770
2020-07-13_14-10-02 8770
2020-07-13_14-10-02 8770
2020-07-13_14-10-02 8770
2020-07-13_14-10-02 8780
2020-07-13_14-10-02 8780
2020-07-13_14-10-02 8770
2020-07-13_14-10-02 8770
2020-07-13_14-10-02 8780
2020-07-13_14-10-02 8770
2020-07-13_14-10-02 8770
2020-07-13_14-10-02 8770
2020-07-13_14-10-02 8760
2020-07-13_14-10-02 8760
2020-07-13_14-10-02 8760
2020-07-13_14-10-02 8760
2020-07-13_14-10-02 8760
2020-07-13_14-10-02 8770
2020-07-13_14-10-02 8770
2020-07-13_14-10-02 8770
2020-07-13_14-10-02 8770
2020-07-13_14-10-02 8770
2020-07-13_14-10-02 8770
2020-07-13_14-10-02 8770
2020-07-13_14-10-02 8770
2020-07-13_14-10-02 8770
2020-07-13_14-10-02 8770
2020-07-13_14-10-02 8770
2020-07-13_14-10-02 8770
2020-07-13_14-10-02 8770
2020-07-13_14-10-02 8770
2020-07-13_14-10-02 8770
2020-07-13_14-10-02 8770
2020-07-13_14-10-02 8770
2020-07-13_14-10-02 8770
2020-07-13_14-10-02 8770
2020-07-13_14-10-02 8770
2020-07-13_14-10-02 8770
2020-07-13_14-10-02 8770
2020-07-13_14-10-02 8770
2020-07-13_14-10-02 8770
2020-07-13_14-10-02 8770
2020-07-13_14-10-02 8770
2020-07-13_14-10-02 8770
2020-07-13_14-10-02 8770
2020-07-13_14-10-02 8770
2020-07-13_14-10-02 8770
2020-07-13_14-10-02 8770
2020-07-13_14-10-02 8770
2020-07-13_14-10-02 8770
2020-07-13_14-10-02 8770
2020-07-13_14-10-02 8770
2020-07-13_14-10-02 8770
2020-07-13_14-10-02 8770
2020-07-13_14-10-02 8770
2020-07-13_14-10-02 8770
2020-07-13_14-10-02 8770
2020-07-13_14-10-02 8770
2020-07-13_14-10-02 8770
2020-07-13_14-10-02 8770
2020-07-13_14-10-02 8770
2020-07-13_14-10-02 8770
2020-07-13_14-10-02 8770
2020-07-13_14-10-02 8770
2020-07-13_14-10-02 8770
2020-07-13_14-10-02 8770
2020-07-13_14-10-02 8770
2020-07-13_14-10-02 8770
2020-07-13_14-10-02 8770
2020-07-13_14-10-02 8770
2020-07-13_14-10-02 8770
2020-07-13_14-10-02 8770
2020-07-13_14-10-02 8770
2020-07-13_14-10-02 8770
2020-07-13_14-10-02 8770
2020-07-13_14-10-02 8770
2020-07-13_14-10-02 8770
2020-07-13_14-10-02 8770
2020-07-13_14-10-02 8770
2020-07-13_14-10-02 8770
2020-07-13_14-10-02 8770
2020-07-13_14-10-02 8760
2020-07-13_14-10-02 8760
2020-07-13_14-10-02 8770
2020-07-13_14-10-02 8770
2020-07-13_14-10-02 8770
2020-07-13_14-10-02 8770
2020-07-13_14-10-02 8770
2020-07-13_14-10-02 8770
2020-07-13_14-10-02 8770
2020-07-13_14-10-02 8770
2020-07-13_14-10-02 8770
2020-07-13_14-10-02 8770
2020-07-13_14-10-02 8770
2020-07-13_14-10-02 8770
2020-07-13_14-10-02 8770
2020-07-13_14-10-02 8770
2020-07-13_14-10-02 8770
2020-07-13_14-10-02 8770
2020-07-13_14-10-02 8770
2020-07-13_14-10-02 8770
2020-07-13_14-10-02 8770
2020-07-13_14-10-02 8770
2020-07-13_14-10-02 8770
2020-07-13_14-10-02 8770
2020-07-13_14-10-02 8770
2020-07-13_14-10-02 8770
2020-07-13_14-10-02 8770
2020-07-13_14-10-02 8770
2020-07-13_14-10-02 8770
2020-07-13_14-10-02 8770
2020-07-13_14-10-02 8770
2020-07-13_14-10-02 8770
2020-07-13_14-10-02 8770
2020-07-13_14-10-02 8770
2020-07-13_14-10-02 8770
2020-07-13_14-10-02 8770
2020-07-13_14-10-02 8770
2020-07-13_14-10-02 8780
2020-07-13_14-10-02 8780
2020-07-13_14-10-02 8780
2020-07-13_14-10-02 8770
2020-07-13_14-10-02 8760
2020-07-13_14-10-02 8760
2020-07-13_14-10-02 8760
2020-07-13_14-10-02 8760
2020-07-13_14-10-02 8760
2020-07-13_14-10-02 8770
2020-07-13_14-10-02 8770
2020-07-13_14-10-02 8770
2020-07-13_14-10-02 8760
2020-07-13_14-10-02 8760
2020-07-13_14-10-02 8760
2020-07-13_14-10-02 8760
2020-07-13_14-10-02 8760
2020-07-13_14-10-02 8770
2020-07-13_14-10-02 8770
2020-07-13_14-10-02 8770
2020-07-13_14-10-02 8770
2020-07-13_14-10-02 8770
2020-07-13_14-10-02 8770
2020-07-13_14-10-02 8770
2020-07-13_14-10-02 8770
2020-07-13_14-10-02 8770
2020-07-13_14-10-02 8770
2020-07-13_14-10-02 8770
2020-07-13_14-10-02 8770
2020-07-13_14-10-02 8770
2020-07-13_14-10-02 8770
2020-07-13_14-10-02 8770
2020-07-13_14-10-02 8770
2020-07-13_14-10-02 8770
2020-07-13_14-10-02 8770
2020-07-13_14-10-02 8770
2020-07-13_14-10-02 8770
2020-07-13_14-10-02 8770
2020-07-13_14-10-02 8770
2020-07-13_14-10-02 8770
2020-07-13_14-10-02 8770
2020-07-13_14-10-02 8770
2020-07-13_14-10-02 8770
2020-07-13_14-10-02 8770
2020-07-13_14-10-02 8770
2020-07-13_14-10-02 8770
2020-07-13_14-10-02 8770
2020-07-13_14-10-02 8770
2020-07-13_14-10-02 8770
2020-07-13_14-10-02 8770
2020-07-13_14-10-02 8770
2020-07-13_14-10-02 8770
2020-07-13_14-10-02 8770
2020-07-13_14-10-02 8770
2020-07-13_14-10-02 8770
2020-07-13_14-10-02 8770
2020-07-13_14-10-02 8770
2020-07-13_14-10-02 8770
2020-07-13_14-10-02 8770
2020-07-13_14-10-02 8770
2020-07-13_14-10-02 8770
2020-07-13_14-10-02 8770
2020-07-13_14-10-02 8770
2020-07-13_14-10-02 8770
2020-07-13_14-10-02 8760
2020-07-13_14-10-02 8760
2020-07-13_14-10-02 8760
2020-07-13_14-10-02 8760
2020-07-13_14-10-02 8770
2020-07-13_14-10-02 8770
2020-07-13_14-10-02 8770
2020-07-13_14-10-02 8770
2020-07-13_14-10-02 8770
2020-07-13_14-10-02 8770
2020-07-13_14-10-02 8770
2020-07-13_14-10-02 8780
2020-07-13_14-10-02 8780
2020-07-13_14-10-02 8770
2020-07-13_14-10-02 8770
2020-07-13_14-10-02 8770
2020-07-13_14-10-02 8770
2020-07-13_14-10-02 8760
2020-07-13_14-10-02 8760
2020-07-13_14-10-02 8760
2020-07-13_14-10-02 8760
2020-07-13_14-10-02 8760
2020-07-13_14-10-02 8760
2020-07-13_14-10-02 8760
2020-07-13_14-10-02 8760
2020-07-13_14-10-02 8760
2020-07-13_14-10-02 8760
2020-07-13_14-10-02 8760
2020-07-13_14-10-02 8760
2020-07-13_14-10-02 8770
2020-07-13_14-10-02 8770
2020-07-13_14-10-02 8770
2020-07-13_14-10-02 8770
2020-07-13_14-10-02 8770
2020-07-13_14-10-02 8770
2020-07-13_14-10-02 8770
2020-07-13_14-10-02 8770
2020-07-13_14-10-02 8760
2020-07-13_14-10-02 8770
2020-07-13_14-10-02 8770
2020-07-13_14-10-02 8770
2020-07-13_14-10-02 8770
2020-07-13_14-10-02 8770
2020-07-13_14-10-02 8770
2020-07-13_14-10-02 8760
2020-07-13_14-10-02 8770
2020-07-13_14-10-02 8780
2020-07-13_14-10-02 8770
2020-07-13_14-10-02 8780
2020-07-13_14-10-02 8770
2020-07-13_14-10-02 8800
2020-07-13_14-10-02 8740
2020-07-13_14-10-02 8790
2020-07-13_14-10-02 8770
2020-07-13_14-10-02 8810
2020-07-13_14-10-02 8800
2020-07-13_14-10-02 8700
2020-07-13_14-10-02 7860
2020-07-13_14-10-02 6690
2020-07-13_14-10-02 5720
2020-07-13_14-10-02 5460
2020-07-13_14-10-02 5380
2020-07-13_14-10-02 5380
2020-07-13_14-10-02 5390
2020-07-13_14-10-02 5400
2020-07-13_14-10-02 5380
2020-07-13_14-10-02 5380
2020-07-13_14-10-02 5430
2020-07-13_14-10-02 5410
2020-07-13_14-10-02 5380
2020-07-13_14-10-02 5420
2020-07-13_14-10-02 5420
2020-07-13_14-10-02 5390
2020-07-13_14-10-02 5220
2020-07-13_14-10-02 4370
2020-07-13_14-10-02 3320
2020-07-13_14-10-02 2580
2020-07-13_14-10-02 2380
2020-07-13_14-10-02 1790
2020-07-13_14-10-02 910
