2020-07-13_14-10-18 840
2020-07-13_14-10-18 1730
2020-07-13_14-10-18 2470
2020-07-13_14-10-18 2300
2020-07-13_14-10-18 2150
2020-07-13_14-10-18 2220
2020-07-13_14-10-18 2340
2020-07-13_14-10-18 2320
2020-07-13_14-10-18 2240
2020-07-13_14-10-18 2290
2020-07-13_14-10-18 2460
2020-07-13_14-10-18 2640
2020-07-13_14-10-18 2670
2020-07-13_14-10-18 2740
2020-07-13_14-10-18 4310
2020-07-13_14-10-18 7460
2020-07-13_14-10-18 10340
2020-07-13_14-10-18 11120
2020-07-13_14-10-18 10440
2020-07-13_14-10-18 10330
2020-07-13_14-10-18 10740
2020-07-13_14-10-18 10810
2020-07-13_14-10-18 10570
2020-07-13_14-10-18 10560
2020-07-13_14-10-18 10730
2020-07-13_14-10-18 10710
2020-07-13_14-10-18 10600
2020-07-13_14-10-18 10650
2020-07-13_14-10-18 10710
2020-07-13_14-10-18 10650
2020-07-13_14-10-18 10620
2020-07-13_14-10-18 10670
2020-07-13_14-10-18 10680
2020-07-13_14-10-18 10650
2020-07-13_14-10-18 10650
2020-07-13_14-10-18 10650
2020-07-13_14-10-18 10630
2020-07-13_14-10-18 10670
2020-07-13_14-10-18 10690
2020-07-13_14-10-18 10620
2020-07-13_14-10-18 10580
2020-07-13_14-10-18 10650
2020-07-13_14-10-18 10680
2020-07-13_14-10-18 10630
2020-07-13_14-10-18 10620
2020-07-13_14-10-18 10660
2020-07-13_14-10-18 10640
2020-07-13_14-10-18 10600
2020-07-13_14-10-18 10650
2020-07-13_14-10-18 10730
2020-07-13_14-10-18 10690
2020-07-13_14-10-18 10600
2020-07-13_14-10-18 10620
2020-07-13_14-10-18 10690
2020-07-13_14-10-18 10680
2020-07-13_14-10-18 10650
2020-07-13_14-10-18 10670
2020-07-13_14-10-18 10680
2020-07-13_14-10-18 10660
2020-07-13_14-10-18 10670
2020-07-13_14-10-18 10690
2020-07-13_14-10-18 10680
2020-07-13_14-10-18 10660
2020-07-13_14-10-18 10680
2020-07-13_14-10-18 10680
2020-07-13_14-10-18 10650
2020-07-13_14-10-18 10660
2020-07-13_14-10-18 10670
2020-07-13_14-10-18 10670
2020-07-13_14-10-18 10660
2020-07-13_14-10-18 10670
2020-07-13_14-10-18 10680
2020-07-13_14-10-18 10670
2020-07-13_14-10-18 10670
2020-07-13_14-10-18 10670
2020-07-13_14-10-18 10660
2020-07-13_14-10-18 10660
2020-07-13_14-10-18 10660
2020-07-13_14-10-18 10660
2020-07-13_14-10-18 10660
2020-07-13_14-10-18 10670
2020-07-13_14-10-18 10670
2020-07-13_14-10-18 10660
2020-07-13_14-10-18 10660
2020-07-13_14-10-18 10650
2020-07-13_14-10-18 10620
2020-07-13_14-10-18 10640
2020-07-13_14-10-18 10680
2020-07-13_14-10-18 10660
2020-07-13_14-10-18 10610
2020-07-13_14-10-18 10610
2020-07-13_14-10-18 10660
2020-07-13_14-10-18 10650
2020-07-13_14-10-18 10610
2020-07-13_14-10-18 10590
2020-07-13_14-10-18 10630
2020-07-13_14-10-18 10660
2020-07-13_14-10-18 10620
2020-07-13_14-10-18 10600
2020-07-13_14-10-18 10640
2020-07-13_14-10-18 10650
2020-07-13_14-10-18 10610
2020-07-13_14-10-18 10590
2020-07-13_14-10-18 10630
2020-07-13_14-10-18 10660
2020-07-13_14-10-18 10650
2020-07-13_14-10-18 10610
2020-07-13_14-10-18 10550
2020-07-13_14-10-18 10560
2020-07-13_14-10-18 10640
2020-07-13_14-10-18 10730
2020-07-13_14-10-18 10680
2020-07-13_14-10-18 10620
2020-07-13_14-10-18 10660
2020-07-13_14-10-18 10700
2020-07-13_14-10-18 10550
2020-07-13_14-10-18 9990
2020-07-13_14-10-18 9380
2020-07-13_14-10-18 8920
2020-07-13_14-10-18 8720
2020-07-13_14-10-18 8580
2020-07-13_14-10-18 8480
2020-07-13_14-10-18 8490
2020-07-13_14-10-18 8490
2020-07-13_14-10-18 8430
2020-07-13_14-10-18 8340
2020-07-13_14-10-18 8330
2020-07-13_14-10-18 8360
2020-07-13_14-10-18 8400
2020-07-13_14-10-18 8120
2020-07-13_14-10-18 6440
2020-07-13_14-10-18 3770
2020-07-13_14-10-18 1270
