2020-07-13_14-09-56 1350
2020-07-13_14-09-56 1930
2020-07-13_14-09-56 1800
2020-07-13_14-09-56 1620
2020-07-13_14-09-56 1660
2020-07-13_14-09-56 1790
2020-07-13_14-09-56 1820
2020-07-13_14-09-56 1740
2020-07-13_14-09-56 1710
2020-07-13_14-09-56 1770
2020-07-13_14-09-56 1820
2020-07-13_14-09-56 1970
2020-07-13_14-09-56 3620
2020-07-13_14-09-56 6320
2020-07-13_14-09-56 8480
2020-07-13_14-09-56 8710
2020-07-13_14-09-56 8140
2020-07-13_14-09-56 8220
2020-07-13_14-09-56 8500
2020-07-13_14-09-56 8420
2020-07-13_14-09-56 8270
2020-07-13_14-09-56 8380
2020-07-13_14-09-56 8480
2020-07-13_14-09-56 8380
2020-07-13_14-09-56 8340
2020-07-13_14-09-56 8410
2020-07-13_14-09-56 8410
2020-07-13_14-09-56 8370
2020-07-13_14-09-56 8380
2020-07-13_14-09-56 8430
2020-07-13_14-09-56 8400
2020-07-13_14-09-56 8370
2020-07-13_14-09-56 8360
2020-07-13_14-09-56 8380
2020-07-13_14-09-56 8390
2020-07-13_14-09-56 8380
2020-07-13_14-09-56 8370
2020-07-13_14-09-56 8370
2020-07-13_14-09-56 8360
2020-07-13_14-09-56 8360
2020-07-13_14-09-56 8420
2020-07-13_14-09-56 8440
2020-07-13_14-09-56 8380
2020-07-13_14-09-56 8340
2020-07-13_14-09-56 8380
2020-07-13_14-09-56 8400
2020-07-13_14-09-56 8390
2020-07-13_14-09-56 8400
2020-07-13_14-09-56 8400
2020-07-13_14-09-56 8380
2020-07-13_14-09-56 8390
2020-07-13_14-09-56 8400
2020-07-13_14-09-56 8380
2020-07-13_14-09-56 8380
2020-07-13_14-09-56 8410
2020-07-13_14-09-56 8400
2020-07-13_14-09-56 8390
2020-07-13_14-09-56 8400
2020-07-13_14-09-56 8400
2020-07-13_14-09-56 8400
2020-07-13_14-09-56 8390
2020-07-13_14-09-56 8390
2020-07-13_14-09-56 8400
2020-07-13_14-09-56 8400
2020-07-13_14-09-56 8390
2020-07-13_14-09-56 8390
2020-07-13_14-09-56 8390
2020-07-13_14-09-56 8390
2020-07-13_14-09-56 8380
2020-07-13_14-09-56 8400
2020-07-13_14-09-56 8400
2020-07-13_14-09-56 8390
2020-07-13_14-09-56 8390
2020-07-13_14-09-56 8400
2020-07-13_14-09-56 8400
2020-07-13_14-09-56 8400
2020-07-13_14-09-56 8400
2020-07-13_14-09-56 8390
2020-07-13_14-09-56 8390
2020-07-13_14-09-56 8390
2020-07-13_14-09-56 8390
2020-07-13_14-09-56 8400
2020-07-13_14-09-56 8400
2020-07-13_14-09-56 8390
2020-07-13_14-09-56 8390
2020-07-13_14-09-56 8400
2020-07-13_14-09-56 8400
2020-07-13_14-09-56 8400
2020-07-13_14-09-56 8410
2020-07-13_14-09-56 8400
2020-07-13_14-09-56 8400
2020-07-13_14-09-56 8400
2020-07-13_14-09-56 8400
2020-07-13_14-09-56 8390
2020-07-13_14-09-56 8390
2020-07-13_14-09-56 8400
2020-07-13_14-09-56 8400
2020-07-13_14-09-56 8400
2020-07-13_14-09-56 8400
2020-07-13_14-09-56 8400
2020-07-13_14-09-56 8400
2020-07-13_14-09-56 8400
2020-07-13_14-09-56 8400
2020-07-13_14-09-56 8400
2020-07-13_14-09-56 8400
2020-07-13_14-09-56 8400
2020-07-13_14-09-56 8410
2020-07-13_14-09-56 8410
2020-07-13_14-09-56 8410
2020-07-13_14-09-56 8410
2020-07-13_14-09-56 8410
2020-07-13_14-09-56 8410
2020-07-13_14-09-56 8410
2020-07-13_14-09-56 8410
2020-07-13_14-09-56 8400
2020-07-13_14-09-56 8400
2020-07-13_14-09-56 8400
2020-07-13_14-09-56 8400
2020-07-13_14-09-56 8400
2020-07-13_14-09-56 8400
2020-07-13_14-09-56 8400
2020-07-13_14-09-56 8400
2020-07-13_14-09-56 8400
2020-07-13_14-09-56 8400
2020-07-13_14-09-56 8400
2020-07-13_14-09-56 8400
2020-07-13_14-09-56 8400
2020-07-13_14-09-56 8400
2020-07-13_14-09-56 8400
2020-07-13_14-09-56 8400
2020-07-13_14-09-56 8400
2020-07-13_14-09-56 8400
2020-07-13_14-09-56 8400
2020-07-13_14-09-56 8400
2020-07-13_14-09-56 8400
2020-07-13_14-09-56 8400
2020-07-13_14-09-56 8400
2020-07-13_14-09-56 8400
2020-07-13_14-09-56 8400
2020-07-13_14-09-56 8400
2020-07-13_14-09-56 8400
2020-07-13_14-09-56 8400
2020-07-13_14-09-56 8400
2020-07-13_14-09-56 8400
2020-07-13_14-09-56 8400
2020-07-13_14-09-56 8400
2020-07-13_14-09-56 8400
2020-07-13_14-09-56 8400
2020-07-13_14-09-56 8400
2020-07-13_14-09-56 8400
2020-07-13_14-09-56 8400
2020-07-13_14-09-56 8400
2020-07-13_14-09-56 8400
2020-07-13_14-09-56 8400
2020-07-13_14-09-56 8400
2020-07-13_14-09-56 8400
2020-07-13_14-09-56 8400
2020-07-13_14-09-56 8400
2020-07-13_14-09-56 8370
2020-07-13_14-09-56 8390
2020-07-13_14-09-56 8430
2020-07-13_14-09-56 8410
2020-07-13_14-09-56 8350
2020-07-13_14-09-56 8330
2020-07-13_14-09-56 8370
2020-07-13_14-09-56 8380
2020-07-13_14-09-56 8350
2020-07-13_14-09-56 8340
2020-07-13_14-09-56 8340
2020-07-13_14-09-56 8350
2020-07-13_14-09-56 8350
2020-07-13_14-09-56 8330
2020-07-13_14-09-56 8330
2020-07-13_14-09-56 8400
2020-07-13_14-09-56 8420
2020-07-13_14-09-56 8390
2020-07-13_14-09-56 8390
2020-07-13_14-09-56 8410
2020-07-13_14-09-56 8350
2020-07-13_14-09-56 8320
2020-07-13_14-09-56 8370
2020-07-13_14-09-56 8430
2020-07-13_14-09-56 8410
2020-07-13_14-09-56 8390
2020-07-13_14-09-56 8400
2020-07-13_14-09-56 8390
2020-07-13_14-09-56 8360
2020-07-13_14-09-56 8000
2020-07-13_14-09-56 7500
2020-07-13_14-09-56 7090
2020-07-13_14-09-56 6900
2020-07-13_14-09-56 6790
2020-07-13_14-09-56 6690
2020-07-13_14-09-56 6720
2020-07-13_14-09-56 6740
2020-07-13_14-09-56 6690
2020-07-13_14-09-56 6660
2020-07-13_14-09-56 6700
2020-07-13_14-09-56 6690
2020-07-13_14-09-56 6660
2020-07-13_14-09-56 6610
2020-07-13_14-09-56 6070
2020-07-13_14-09-56 4680
2020-07-13_14-09-56 2620
2020-07-13_14-09-56 970
