2020-07-13_14-11-29 890
2020-07-13_14-11-29 3400
2020-07-13_14-11-29 5490
2020-07-13_14-11-29 5630
2020-07-13_14-11-29 5640
2020-07-13_14-11-29 5650
2020-07-13_14-11-29 5540
2020-07-13_14-11-29 5430
2020-07-13_14-11-29 5450
2020-07-13_14-11-29 5400
2020-07-13_14-11-29 5500
2020-07-13_14-11-29 5520
2020-07-13_14-11-29 5590
2020-07-13_14-11-29 8360
2020-07-13_14-11-29 13330
2020-07-13_14-11-29 13420
2020-07-13_14-11-29 13500
2020-07-13_14-11-29 13570
2020-07-13_14-11-29 17750
2020-07-13_14-11-29 22120
2020-07-13_14-11-29 22030
2020-07-13_14-11-29 22080
2020-07-13_14-11-29 22030
2020-07-13_14-11-29 22100
2020-07-13_14-11-29 22040
2020-07-13_14-11-29 21980
2020-07-13_14-11-29 22140
2020-07-13_14-11-29 22210
2020-07-13_14-11-29 21810
2020-07-13_14-11-29 22310
2020-07-13_14-11-29 21860
2020-07-13_14-11-29 22170
2020-07-13_14-11-29 21980
2020-07-13_14-11-29 22130
2020-07-13_14-11-29 22080
2020-07-13_14-11-29 22080
2020-07-13_14-11-29 22070
2020-07-13_14-11-29 22070
2020-07-13_14-11-29 22120
2020-07-13_14-11-29 22100
2020-07-13_14-11-29 22050
2020-07-13_14-11-29 22090
2020-07-13_14-11-29 22060
2020-07-13_14-11-29 22080
2020-07-13_14-11-29 22070
2020-07-13_14-11-29 22090
2020-07-13_14-11-29 22080
2020-07-13_14-11-29 22070
2020-07-13_14-11-29 22080
2020-07-13_14-11-29 22070
2020-07-13_14-11-29 22070
2020-07-13_14-11-29 22060
2020-07-13_14-11-29 22070
2020-07-13_14-11-29 22070
2020-07-13_14-11-29 22070
2020-07-13_14-11-29 22070
2020-07-13_14-11-29 22080
2020-07-13_14-11-29 22080
2020-07-13_14-11-29 22070
2020-07-13_14-11-29 22070
2020-07-13_14-11-29 22080
2020-07-13_14-11-29 22070
2020-07-13_14-11-29 22070
2020-07-13_14-11-29 22080
2020-07-13_14-11-29 22070
2020-07-13_14-11-29 22080
2020-07-13_14-11-29 22070
2020-07-13_14-11-29 22070
2020-07-13_14-11-29 22070
2020-07-13_14-11-29 22070
2020-07-13_14-11-29 22070
2020-07-13_14-11-29 22070
2020-07-13_14-11-29 22080
2020-07-13_14-11-29 22070
2020-07-13_14-11-29 22070
2020-07-13_14-11-29 22070
2020-07-13_14-11-29 22080
2020-07-13_14-11-29 22080
2020-07-13_14-11-29 22070
2020-07-13_14-11-29 22070
2020-07-13_14-11-29 22130
2020-07-13_14-11-29 21980
2020-07-13_14-11-29 22080
2020-07-13_14-11-29 22030
2020-07-13_14-11-29 22020
2020-07-13_14-11-29 22070
2020-07-13_14-11-29 22020
2020-07-13_14-11-29 22030
2020-07-13_14-11-29 22030
2020-07-13_14-11-29 21990
2020-07-13_14-11-29 21980
2020-07-13_14-11-29 22030
2020-07-13_14-11-29 22000
2020-07-13_14-11-29 22010
2020-07-13_14-11-29 22040
2020-07-13_14-11-29 22040
2020-07-13_14-11-29 22050
2020-07-13_14-11-29 23280
2020-07-13_14-11-29 29400
2020-07-13_14-11-29 29930
2020-07-13_14-11-29 29860
2020-07-13_14-11-29 29890
2020-07-13_14-11-29 29970
2020-07-13_14-11-29 29960
2020-07-13_14-11-29 29960
2020-07-13_14-11-29 29940
2020-07-13_14-11-29 29860
2020-07-13_14-11-29 25590
2020-07-13_14-11-29 24460
2020-07-13_14-11-29 28680
2020-07-13_14-11-29 33100
2020-07-13_14-11-29 33420
2020-07-13_14-11-29 33290
2020-07-13_14-11-29 33370
2020-07-13_14-11-29 33380
2020-07-13_14-11-29 33190
2020-07-13_14-11-29 33330
2020-07-13_14-11-29 33010
2020-07-13_14-11-29 25690
2020-07-13_14-11-29 24890
2020-07-13_14-11-29 25260
2020-07-13_14-11-29 25000
2020-07-13_14-11-29 19140
2020-07-13_14-11-29 16900
2020-07-13_14-11-29 16720
2020-07-13_14-11-29 16930
2020-07-13_14-11-29 16880
2020-07-13_14-11-29 16830
2020-07-13_14-11-29 16860
2020-07-13_14-11-29 16850
2020-07-13_14-11-29 16830
2020-07-13_14-11-29 16860
2020-07-13_14-11-29 16830
2020-07-13_14-11-29 16880
2020-07-13_14-11-29 16870
2020-07-13_14-11-29 16830
2020-07-13_14-11-29 16880
2020-07-13_14-11-29 16860
2020-07-13_14-11-29 16860
2020-07-13_14-11-29 16870
2020-07-13_14-11-29 16860
2020-07-13_14-11-29 16870
2020-07-13_14-11-29 16850
2020-07-13_14-11-29 16870
2020-07-13_14-11-29 16870
2020-07-13_14-11-29 16860
2020-07-13_14-11-29 16870
2020-07-13_14-11-29 16870
2020-07-13_14-11-29 16860
2020-07-13_14-11-29 16870
2020-07-13_14-11-29 16870
2020-07-13_14-11-29 16870
2020-07-13_14-11-29 16870
2020-07-13_14-11-29 16860
2020-07-13_14-11-29 16870
2020-07-13_14-11-29 16860
2020-07-13_14-11-29 16870
2020-07-13_14-11-29 16870
2020-07-13_14-11-29 16860
2020-07-13_14-11-29 16860
2020-07-13_14-11-29 16860
2020-07-13_14-11-29 16860
2020-07-13_14-11-29 16870
2020-07-13_14-11-29 16860
2020-07-13_14-11-29 16860
2020-07-13_14-11-29 16860
2020-07-13_14-11-29 16870
2020-07-13_14-11-29 16870
2020-07-13_14-11-29 16870
2020-07-13_14-11-29 16870
2020-07-13_14-11-29 16880
2020-07-13_14-11-29 21970
2020-07-13_14-11-29 22030
2020-07-13_14-11-29 22010
2020-07-13_14-11-29 22030
2020-07-13_14-11-29 22040
2020-07-13_14-11-29 22030
2020-07-13_14-11-29 22000
2020-07-13_14-11-29 21980
2020-07-13_14-11-29 22070
2020-07-13_14-11-29 22010
2020-07-13_14-11-29 22240
2020-07-13_14-11-29 25430
2020-07-13_14-11-29 27760
2020-07-13_14-11-29 29970
2020-07-13_14-11-29 30050
2020-07-13_14-11-29 29840
2020-07-13_14-11-29 29840
2020-07-13_14-11-29 29820
2020-07-13_14-11-29 29980
2020-07-13_14-11-29 29970
2020-07-13_14-11-29 30010
2020-07-13_14-11-29 30000
2020-07-13_14-11-29 29950
2020-07-13_14-11-29 29990
2020-07-13_14-11-29 30020
2020-07-13_14-11-29 28800
2020-07-13_14-11-29 27120
2020-07-13_14-11-29 24730
2020-07-13_14-11-29 24530
2020-07-13_14-11-29 25780
2020-07-13_14-11-29 31460
2020-07-13_14-11-29 33320
2020-07-13_14-11-29 33450
2020-07-13_14-11-29 33340
2020-07-13_14-11-29 33440
2020-07-13_14-11-29 33330
2020-07-13_14-11-29 33300
2020-07-13_14-11-29 33380
2020-07-13_14-11-29 33240
2020-07-13_14-11-29 33260
2020-07-13_14-11-29 30950
2020-07-13_14-11-29 27930
2020-07-13_14-11-29 24980
2020-07-13_14-11-29 24990
2020-07-13_14-11-29 25240
2020-07-13_14-11-29 24160
2020-07-13_14-11-29 21920
2020-07-13_14-11-29 17220
2020-07-13_14-11-29 16830
2020-07-13_14-11-29 16810
2020-07-13_14-11-29 16850
2020-07-13_14-11-29 16780
2020-07-13_14-11-29 16930
2020-07-13_14-11-29 16840
2020-07-13_14-11-29 16890
2020-07-13_14-11-29 16790
2020-07-13_14-11-29 16900
2020-07-13_14-11-29 16810
2020-07-13_14-11-29 16870
2020-07-13_14-11-29 16800
2020-07-13_14-11-29 16900
2020-07-13_14-11-29 16850
2020-07-13_14-11-29 16870
2020-07-13_14-11-29 16850
2020-07-13_14-11-29 16870
2020-07-13_14-11-29 16870
2020-07-13_14-11-29 16840
2020-07-13_14-11-29 16880
2020-07-13_14-11-29 16860
2020-07-13_14-11-29 16850
2020-07-13_14-11-29 16870
2020-07-13_14-11-29 16860
2020-07-13_14-11-29 16870
2020-07-13_14-11-29 16880
2020-07-13_14-11-29 16870
2020-07-13_14-11-29 16860
2020-07-13_14-11-29 16870
2020-07-13_14-11-29 16860
2020-07-13_14-11-29 16860
2020-07-13_14-11-29 16870
2020-07-13_14-11-29 16870
2020-07-13_14-11-29 16870
2020-07-13_14-11-29 16870
2020-07-13_14-11-29 16860
2020-07-13_14-11-29 16860
2020-07-13_14-11-29 16860
2020-07-13_14-11-29 16860
2020-07-13_14-11-29 16870
2020-07-13_14-11-29 16870
2020-07-13_14-11-29 16860
2020-07-13_14-11-29 16860
2020-07-13_14-11-29 16860
2020-07-13_14-11-29 16860
2020-07-13_14-11-29 16860
2020-07-13_14-11-29 16870
2020-07-13_14-11-29 16870
2020-07-13_14-11-29 16870
2020-07-13_14-11-29 16870
2020-07-13_14-11-29 16870
2020-07-13_14-11-29 16860
2020-07-13_14-11-29 16830
2020-07-13_14-11-29 16860
2020-07-13_14-11-29 16860
2020-07-13_14-11-29 16880
2020-07-13_14-11-29 16880
2020-07-13_14-11-29 16870
2020-07-13_14-11-29 16870
2020-07-13_14-11-29 16880
2020-07-13_14-11-29 16860
2020-07-13_14-11-29 16870
2020-07-13_14-11-29 16880
2020-07-13_14-11-29 16890
2020-07-13_14-11-29 16900
2020-07-13_14-11-29 16910
2020-07-13_14-11-29 16890
2020-07-13_14-11-29 16880
2020-07-13_14-11-29 16890
2020-07-13_14-11-29 16870
2020-07-13_14-11-29 16890
2020-07-13_14-11-29 16900
2020-07-13_14-11-29 13800
2020-07-13_14-11-29 11390
2020-07-13_14-11-29 9710
2020-07-13_14-11-29 9030
2020-07-13_14-11-29 8930
2020-07-13_14-11-29 8930
2020-07-13_14-11-29 8950
2020-07-13_14-11-29 8930
2020-07-13_14-11-29 8990
2020-07-13_14-11-29 9030
2020-07-13_14-11-29 8890
2020-07-13_14-11-29 8930
2020-07-13_14-11-29 8890
2020-07-13_14-11-29 8890
2020-07-13_14-11-29 8910
2020-07-13_14-11-29 8920
2020-07-13_14-11-29 8870
2020-07-13_14-11-29 8940
2020-07-13_14-11-29 6580
2020-07-13_14-11-29 1470
