2020-07-13_14-10-03 1240
2020-07-13_14-10-03 3530
2020-07-13_14-10-03 6190
2020-07-13_14-10-03 7640
2020-07-13_14-10-03 7920
2020-07-13_14-10-03 7680
2020-07-13_14-10-03 7360
2020-07-13_14-10-03 7190
2020-07-13_14-10-03 7230
2020-07-13_14-10-03 7400
2020-07-13_14-10-03 7570
2020-07-13_14-10-03 7630
2020-07-13_14-10-03 7550
2020-07-13_14-10-03 7390
2020-07-13_14-10-03 7260
2020-07-13_14-10-03 7270
2020-07-13_14-10-03 7410
2020-07-13_14-10-03 7520
2020-07-13_14-10-03 7530
2020-07-13_14-10-03 7450
2020-07-13_14-10-03 7360
2020-07-13_14-10-03 7340
2020-07-13_14-10-03 7360
2020-07-13_14-10-03 7420
2020-07-13_14-10-03 7480
2020-07-13_14-10-03 7510
2020-07-13_14-10-03 7520
2020-07-13_14-10-03 7520
2020-07-13_14-10-03 7510
2020-07-13_14-10-03 7500
2020-07-13_14-10-03 7520
2020-07-13_14-10-03 7640
2020-07-13_14-10-03 7840
2020-07-13_14-10-03 8030
2020-07-13_14-10-03 8100
2020-07-13_14-10-03 7980
2020-07-13_14-10-03 7720
2020-07-13_14-10-03 7450
2020-07-13_14-10-03 7310
2020-07-13_14-10-03 7350
2020-07-13_14-10-03 7520
2020-07-13_14-10-03 7690
2020-07-13_14-10-03 7730
2020-07-13_14-10-03 7640
2020-07-13_14-10-03 7500
2020-07-13_14-10-03 7420
2020-07-13_14-10-03 7720
2020-07-13_14-10-03 9190
2020-07-13_14-10-03 12210
2020-07-13_14-10-03 15910
2020-07-13_14-10-03 18660
2020-07-13_14-10-03 19820
2020-07-13_14-10-03 19970
2020-07-13_14-10-03 20000
2020-07-13_14-10-03 20130
2020-07-13_14-10-03 20240
2020-07-13_14-10-03 20220
2020-07-13_14-10-03 20110
2020-07-13_14-10-03 20030
2020-07-13_14-10-03 20050
2020-07-13_14-10-03 20130
2020-07-13_14-10-03 20260
2020-07-13_14-10-03 20520
2020-07-13_14-10-03 21310
2020-07-13_14-10-03 23290
2020-07-13_14-10-03 26670
2020-07-13_14-10-03 30450
2020-07-13_14-10-03 33110
2020-07-13_14-10-03 34020
2020-07-13_14-10-03 33920
2020-07-13_14-10-03 33850
2020-07-13_14-10-03 34000
2020-07-13_14-10-03 34010
2020-07-13_14-10-03 33810
2020-07-13_14-10-03 33780
2020-07-13_14-10-03 33990
2020-07-13_14-10-03 34070
2020-07-13_14-10-03 33900
2020-07-13_14-10-03 33810
2020-07-13_14-10-03 33920
2020-07-13_14-10-03 33970
2020-07-13_14-10-03 33880
2020-07-13_14-10-03 33860
2020-07-13_14-10-03 33990
2020-07-13_14-10-03 34030
2020-07-13_14-10-03 33890
2020-07-13_14-10-03 33810
2020-07-13_14-10-03 33920
2020-07-13_14-10-03 34020
2020-07-13_14-10-03 33940
2020-07-13_14-10-03 33840
2020-07-13_14-10-03 33860
2020-07-13_14-10-03 33870
2020-07-13_14-10-03 33790
2020-07-13_14-10-03 33740
2020-07-13_14-10-03 33840
2020-07-13_14-10-03 33960
2020-07-13_14-10-03 33940
2020-07-13_14-10-03 33840
2020-07-13_14-10-03 33840
2020-07-13_14-10-03 33960
2020-07-13_14-10-03 34030
2020-07-13_14-10-03 33990
2020-07-13_14-10-03 33930
2020-07-13_14-10-03 33900
2020-07-13_14-10-03 33910
2020-07-13_14-10-03 33920
2020-07-13_14-10-03 33940
2020-07-13_14-10-03 33930
2020-07-13_14-10-03 33810
2020-07-13_14-10-03 33660
2020-07-13_14-10-03 33670
2020-07-13_14-10-03 33880
2020-07-13_14-10-03 34050
2020-07-13_14-10-03 34000
2020-07-13_14-10-03 33920
2020-07-13_14-10-03 34040
2020-07-13_14-10-03 34160
2020-07-13_14-10-03 33880
2020-07-13_14-10-03 33440
2020-07-13_14-10-03 33460
2020-07-13_14-10-03 33800
2020-07-13_14-10-03 33920
2020-07-13_14-10-03 33850
2020-07-13_14-10-03 34100
2020-07-13_14-10-03 34450
2020-07-13_14-10-03 34250
2020-07-13_14-10-03 33720
2020-07-13_14-10-03 33550
2020-07-13_14-10-03 33810
2020-07-13_14-10-03 34050
2020-07-13_14-10-03 34000
2020-07-13_14-10-03 33940
2020-07-13_14-10-03 33980
2020-07-13_14-10-03 34020
2020-07-13_14-10-03 33970
2020-07-13_14-10-03 33920
2020-07-13_14-10-03 33960
2020-07-13_14-10-03 33980
2020-07-13_14-10-03 33860
2020-07-13_14-10-03 33820
2020-07-13_14-10-03 33980
2020-07-13_14-10-03 34130
2020-07-13_14-10-03 34010
2020-07-13_14-10-03 33810
2020-07-13_14-10-03 33860
2020-07-13_14-10-03 34030
2020-07-13_14-10-03 34010
2020-07-13_14-10-03 33840
2020-07-13_14-10-03 33830
2020-07-13_14-10-03 33990
2020-07-13_14-10-03 34050
2020-07-13_14-10-03 33960
2020-07-13_14-10-03 33900
2020-07-13_14-10-03 33930
2020-07-13_14-10-03 33960
2020-07-13_14-10-03 33920
2020-07-13_14-10-03 33920
2020-07-13_14-10-03 33960
2020-07-13_14-10-03 33970
2020-07-13_14-10-03 33960
2020-07-13_14-10-03 33950
2020-07-13_14-10-03 33940
2020-07-13_14-10-03 33920
2020-07-13_14-10-03 33920
2020-07-13_14-10-03 33950
2020-07-13_14-10-03 33960
2020-07-13_14-10-03 33950
2020-07-13_14-10-03 33940
2020-07-13_14-10-03 33960
2020-07-13_14-10-03 33950
2020-07-13_14-10-03 33910
2020-07-13_14-10-03 33880
2020-07-13_14-10-03 33900
2020-07-13_14-10-03 33940
2020-07-13_14-10-03 33930
2020-07-13_14-10-03 33890
2020-07-13_14-10-03 33860
2020-07-13_14-10-03 33860
2020-07-13_14-10-03 33870
2020-07-13_14-10-03 33870
2020-07-13_14-10-03 33860
2020-07-13_14-10-03 33840
2020-07-13_14-10-03 33840
2020-07-13_14-10-03 33860
2020-07-13_14-10-03 33880
2020-07-13_14-10-03 33870
2020-07-13_14-10-03 33830
2020-07-13_14-10-03 33820
2020-07-13_14-10-03 33840
2020-07-13_14-10-03 33840
2020-07-13_14-10-03 33830
2020-07-13_14-10-03 33830
2020-07-13_14-10-03 33860
2020-07-13_14-10-03 33880
2020-07-13_14-10-03 33860
2020-07-13_14-10-03 33840
2020-07-13_14-10-03 33840
2020-07-13_14-10-03 33840
2020-07-13_14-10-03 33830
2020-07-13_14-10-03 33840
2020-07-13_14-10-03 33850
2020-07-13_14-10-03 33850
2020-07-13_14-10-03 33840
2020-07-13_14-10-03 33850
2020-07-13_14-10-03 33850
2020-07-13_14-10-03 33840
2020-07-13_14-10-03 33830
2020-07-13_14-10-03 33840
2020-07-13_14-10-03 33860
2020-07-13_14-10-03 33850
2020-07-13_14-10-03 33840
2020-07-13_14-10-03 33850
2020-07-13_14-10-03 33860
2020-07-13_14-10-03 33850
2020-07-13_14-10-03 33840
2020-07-13_14-10-03 33850
2020-07-13_14-10-03 33870
2020-07-13_14-10-03 33860
2020-07-13_14-10-03 33860
2020-07-13_14-10-03 33860
2020-07-13_14-10-03 33860
2020-07-13_14-10-03 33850
2020-07-13_14-10-03 33840
2020-07-13_14-10-03 33850
2020-07-13_14-10-03 33860
2020-07-13_14-10-03 33850
2020-07-13_14-10-03 33850
2020-07-13_14-10-03 33860
2020-07-13_14-10-03 33860
2020-07-13_14-10-03 33850
2020-07-13_14-10-03 33850
2020-07-13_14-10-03 33860
2020-07-13_14-10-03 33860
2020-07-13_14-10-03 33850
2020-07-13_14-10-03 33840
2020-07-13_14-10-03 33850
2020-07-13_14-10-03 33850
2020-07-13_14-10-03 33850
2020-07-13_14-10-03 33840
2020-07-13_14-10-03 33850
2020-07-13_14-10-03 33850
2020-07-13_14-10-03 33850
2020-07-13_14-10-03 33850
2020-07-13_14-10-03 33850
2020-07-13_14-10-03 33850
2020-07-13_14-10-03 33840
2020-07-13_14-10-03 33850
2020-07-13_14-10-03 33850
2020-07-13_14-10-03 33850
2020-07-13_14-10-03 33850
2020-07-13_14-10-03 33850
2020-07-13_14-10-03 33850
2020-07-13_14-10-03 33850
2020-07-13_14-10-03 33850
2020-07-13_14-10-03 33850
2020-07-13_14-10-03 33850
2020-07-13_14-10-03 33850
2020-07-13_14-10-03 33850
2020-07-13_14-10-03 33850
2020-07-13_14-10-03 33850
2020-07-13_14-10-03 33850
2020-07-13_14-10-03 33850
2020-07-13_14-10-03 33850
2020-07-13_14-10-03 33850
2020-07-13_14-10-03 33850
2020-07-13_14-10-03 33850
2020-07-13_14-10-03 33850
2020-07-13_14-10-03 33850
2020-07-13_14-10-03 33850
2020-07-13_14-10-03 33850
2020-07-13_14-10-03 33850
2020-07-13_14-10-03 33850
2020-07-13_14-10-03 33850
2020-07-13_14-10-03 33860
2020-07-13_14-10-03 33860
2020-07-13_14-10-03 33860
2020-07-13_14-10-03 33850
2020-07-13_14-10-03 33850
2020-07-13_14-10-03 33850
2020-07-13_14-10-03 33860
2020-07-13_14-10-03 33850
2020-07-13_14-10-03 33850
2020-07-13_14-10-03 33850
2020-07-13_14-10-03 33850
2020-07-13_14-10-03 33850
2020-07-13_14-10-03 33850
2020-07-13_14-10-03 33850
2020-07-13_14-10-03 33850
2020-07-13_14-10-03 33850
2020-07-13_14-10-03 33840
2020-07-13_14-10-03 33840
2020-07-13_14-10-03 33840
2020-07-13_14-10-03 33850
2020-07-13_14-10-03 33850
2020-07-13_14-10-03 33850
2020-07-13_14-10-03 33850
2020-07-13_14-10-03 33850
2020-07-13_14-10-03 33850
2020-07-13_14-10-03 33850
2020-07-13_14-10-04 33850
2020-07-13_14-10-04 33850
2020-07-13_14-10-04 33850
2020-07-13_14-10-04 33850
2020-07-13_14-10-04 33850
2020-07-13_14-10-04 33850
2020-07-13_14-10-04 33850
2020-07-13_14-10-04 33850
2020-07-13_14-10-04 33850
2020-07-13_14-10-04 33850
2020-07-13_14-10-04 33850
2020-07-13_14-10-04 33850
2020-07-13_14-10-04 33850
2020-07-13_14-10-04 33850
2020-07-13_14-10-04 33850
2020-07-13_14-10-04 33850
2020-07-13_14-10-04 33850
2020-07-13_14-10-04 33850
2020-07-13_14-10-04 33850
2020-07-13_14-10-04 33850
2020-07-13_14-10-04 33850
2020-07-13_14-10-04 33850
2020-07-13_14-10-04 33850
2020-07-13_14-10-04 33850
2020-07-13_14-10-04 33850
2020-07-13_14-10-04 33850
2020-07-13_14-10-04 33850
2020-07-13_14-10-04 33850
2020-07-13_14-10-04 33850
2020-07-13_14-10-04 33850
2020-07-13_14-10-04 33850
2020-07-13_14-10-04 33850
2020-07-13_14-10-04 33850
2020-07-13_14-10-04 33850
2020-07-13_14-10-04 33850
2020-07-13_14-10-04 33850
2020-07-13_14-10-04 33850
2020-07-13_14-10-04 33850
2020-07-13_14-10-04 33850
2020-07-13_14-10-04 33850
2020-07-13_14-10-04 33850
2020-07-13_14-10-04 33850
2020-07-13_14-10-04 33850
2020-07-13_14-10-04 33850
2020-07-13_14-10-04 33850
2020-07-13_14-10-04 33850
2020-07-13_14-10-04 33850
2020-07-13_14-10-04 33860
2020-07-13_14-10-04 33880
2020-07-13_14-10-04 33910
2020-07-13_14-10-04 33940
2020-07-13_14-10-04 33960
2020-07-13_14-10-04 33960
2020-07-13_14-10-04 33930
2020-07-13_14-10-04 33900
2020-07-13_14-10-04 33890
2020-07-13_14-10-04 33920
2020-07-13_14-10-04 33960
2020-07-13_14-10-04 33960
2020-07-13_14-10-04 33940
2020-07-13_14-10-04 33930
2020-07-13_14-10-04 33930
2020-07-13_14-10-04 33950
2020-07-13_14-10-04 33960
2020-07-13_14-10-04 33960
2020-07-13_14-10-04 33930
2020-07-13_14-10-04 33910
2020-07-13_14-10-04 33930
2020-07-13_14-10-04 33970
2020-07-13_14-10-04 33970
2020-07-13_14-10-04 33940
2020-07-13_14-10-04 33910
2020-07-13_14-10-04 33920
2020-07-13_14-10-04 33950
2020-07-13_14-10-04 33950
2020-07-13_14-10-04 33930
2020-07-13_14-10-04 33930
2020-07-13_14-10-04 33950
2020-07-13_14-10-04 33960
2020-07-13_14-10-04 33960
2020-07-13_14-10-04 33940
2020-07-13_14-10-04 33930
2020-07-13_14-10-04 33930
2020-07-13_14-10-04 33940
2020-07-13_14-10-04 33950
2020-07-13_14-10-04 33940
2020-07-13_14-10-04 33950
2020-07-13_14-10-04 33950
2020-07-13_14-10-04 33960
2020-07-13_14-10-04 33950
2020-07-13_14-10-04 33940
2020-07-13_14-10-04 33940
2020-07-13_14-10-04 33940
2020-07-13_14-10-04 33940
2020-07-13_14-10-04 33940
2020-07-13_14-10-04 33940
2020-07-13_14-10-04 33950
2020-07-13_14-10-04 33940
2020-07-13_14-10-04 33940
2020-07-13_14-10-04 33940
2020-07-13_14-10-04 33940
2020-07-13_14-10-04 33940
2020-07-13_14-10-04 33940
2020-07-13_14-10-04 33940
2020-07-13_14-10-04 33940
2020-07-13_14-10-04 33940
2020-07-13_14-10-04 33940
2020-07-13_14-10-04 33940
2020-07-13_14-10-04 33940
2020-07-13_14-10-04 33940
2020-07-13_14-10-04 33940
2020-07-13_14-10-04 33940
2020-07-13_14-10-04 33940
2020-07-13_14-10-04 33940
2020-07-13_14-10-04 33940
2020-07-13_14-10-04 33940
2020-07-13_14-10-04 33940
2020-07-13_14-10-04 33940
2020-07-13_14-10-04 33940
2020-07-13_14-10-04 33950
2020-07-13_14-10-04 33950
2020-07-13_14-10-04 33950
2020-07-13_14-10-04 33940
2020-07-13_14-10-04 33940
2020-07-13_14-10-04 33950
2020-07-13_14-10-04 33950
2020-07-13_14-10-04 33950
2020-07-13_14-10-04 33940
2020-07-13_14-10-04 33940
2020-07-13_14-10-04 33950
2020-07-13_14-10-04 33960
2020-07-13_14-10-04 33970
2020-07-13_14-10-04 33980
2020-07-13_14-10-04 33980
2020-07-13_14-10-04 33970
2020-07-13_14-10-04 33930
2020-07-13_14-10-04 33890
2020-07-13_14-10-04 33930
2020-07-13_14-10-04 34120
2020-07-13_14-10-04 34330
2020-07-13_14-10-04 34380
2020-07-13_14-10-04 34090
2020-07-13_14-10-04 33450
2020-07-13_14-10-04 33110
2020-07-13_14-10-04 33450
2020-07-13_14-10-04 34200
2020-07-13_14-10-04 34540
2020-07-13_14-10-04 34290
2020-07-13_14-10-04 34010
2020-07-13_14-10-04 33870
2020-07-13_14-10-04 33680
2020-07-13_14-10-04 33590
2020-07-13_14-10-04 34010
2020-07-13_14-10-04 34610
2020-07-13_14-10-04 34560
2020-07-13_14-10-04 33910
2020-07-13_14-10-04 33510
2020-07-13_14-10-04 33730
2020-07-13_14-10-04 34020
2020-07-13_14-10-04 34050
2020-07-13_14-10-04 34040
2020-07-13_14-10-04 34100
2020-07-13_14-10-04 34060
2020-07-13_14-10-04 33930
2020-07-13_14-10-04 33920
2020-07-13_14-10-04 34040
2020-07-13_14-10-04 34030
2020-07-13_14-10-04 33860
2020-07-13_14-10-04 33860
2020-07-13_14-10-04 34110
2020-07-13_14-10-04 34240
2020-07-13_14-10-04 34040
2020-07-13_14-10-04 33820
2020-07-13_14-10-04 33850
2020-07-13_14-10-04 34020
2020-07-13_14-10-04 34050
2020-07-13_14-10-04 34010
2020-07-13_14-10-04 34030
2020-07-13_14-10-04 34010
2020-07-13_14-10-04 33890
2020-07-13_14-10-04 33810
2020-07-13_14-10-04 33910
2020-07-13_14-10-04 34090
2020-07-13_14-10-04 34120
2020-07-13_14-10-04 33820
2020-07-13_14-10-04 33420
2020-07-13_14-10-04 33330
2020-07-13_14-10-04 33630
2020-07-13_14-10-04 33860
2020-07-13_14-10-04 33670
2020-07-13_14-10-04 33490
2020-07-13_14-10-04 33690
2020-07-13_14-10-04 33880
2020-07-13_14-10-04 33610
2020-07-13_14-10-04 33270
2020-07-13_14-10-04 33450
2020-07-13_14-10-04 33850
2020-07-13_14-10-04 33810
2020-07-13_14-10-04 33440
2020-07-13_14-10-04 33450
2020-07-13_14-10-04 33890
2020-07-13_14-10-04 34110
2020-07-13_14-10-04 33880
2020-07-13_14-10-04 33700
2020-07-13_14-10-04 33880
2020-07-13_14-10-04 34080
2020-07-13_14-10-04 33960
2020-07-13_14-10-04 33760
2020-07-13_14-10-04 33830
2020-07-13_14-10-04 34030
2020-07-13_14-10-04 34060
2020-07-13_14-10-04 33950
2020-07-13_14-10-04 33940
2020-07-13_14-10-04 33980
2020-07-13_14-10-04 33950
2020-07-13_14-10-04 33880
2020-07-13_14-10-04 34300
2020-07-13_14-10-04 35800
2020-07-13_14-10-04 38320
2020-07-13_14-10-04 40910
2020-07-13_14-10-04 42590
2020-07-13_14-10-04 43360
2020-07-13_14-10-04 43630
2020-07-13_14-10-04 43570
2020-07-13_14-10-04 43290
2020-07-13_14-10-04 43100
2020-07-13_14-10-04 42670
2020-07-13_14-10-04 41310
2020-07-13_14-10-04 39060
2020-07-13_14-10-04 37180
2020-07-13_14-10-04 36370
2020-07-13_14-10-04 36110
2020-07-13_14-10-04 35840
2020-07-13_14-10-04 35610
2020-07-13_14-10-04 35750
2020-07-13_14-10-04 36000
2020-07-13_14-10-04 35950
2020-07-13_14-10-04 35720
2020-07-13_14-10-04 35680
2020-07-13_14-10-04 35880
2020-07-13_14-10-04 35960
2020-07-13_14-10-04 35800
2020-07-13_14-10-04 35670
2020-07-13_14-10-04 35780
2020-07-13_14-10-04 35890
2020-07-13_14-10-04 35790
2020-07-13_14-10-04 35670
2020-07-13_14-10-04 35740
2020-07-13_14-10-04 35880
2020-07-13_14-10-04 35850
2020-07-13_14-10-04 35730
2020-07-13_14-10-04 35760
2020-07-13_14-10-04 35870
2020-07-13_14-10-04 35860
2020-07-13_14-10-04 35760
2020-07-13_14-10-04 35710
2020-07-13_14-10-04 35720
2020-07-13_14-10-04 35640
2020-07-13_14-10-04 35470
2020-07-13_14-10-04 35390
2020-07-13_14-10-04 35520
2020-07-13_14-10-04 35700
2020-07-13_14-10-04 35750
2020-07-13_14-10-04 35690
2020-07-13_14-10-04 35720
2020-07-13_14-10-04 35850
2020-07-13_14-10-04 36020
2020-07-13_14-10-04 36300
2020-07-13_14-10-04 37490
2020-07-13_14-10-04 39860
2020-07-13_14-10-04 42120
2020-07-13_14-10-04 43410
2020-07-13_14-10-04 43720
2020-07-13_14-10-04 43910
2020-07-13_14-10-04 43970
2020-07-13_14-10-04 43930
2020-07-13_14-10-04 44010
2020-07-13_14-10-04 44080
2020-07-13_14-10-04 44060
2020-07-13_14-10-04 44210
2020-07-13_14-10-04 44310
2020-07-13_14-10-04 43900
2020-07-13_14-10-04 43110
2020-07-13_14-10-04 42680
2020-07-13_14-10-04 42720
2020-07-13_14-10-04 42790
2020-07-13_14-10-04 42840
2020-07-13_14-10-04 43080
2020-07-13_14-10-04 43300
2020-07-13_14-10-04 43360
2020-07-13_14-10-04 43440
2020-07-13_14-10-04 43600
2020-07-13_14-10-04 43170
2020-07-13_14-10-04 40940
2020-07-13_14-10-04 37070
2020-07-13_14-10-04 33070
2020-07-13_14-10-04 30520
2020-07-13_14-10-04 29740
2020-07-13_14-10-04 29790
2020-07-13_14-10-04 29850
2020-07-13_14-10-04 29720
2020-07-13_14-10-04 29680
2020-07-13_14-10-04 29850
2020-07-13_14-10-04 29840
2020-07-13_14-10-04 29660
2020-07-13_14-10-04 29680
2020-07-13_14-10-04 29860
2020-07-13_14-10-04 29810
2020-07-13_14-10-04 29670
2020-07-13_14-10-04 29760
2020-07-13_14-10-04 29880
2020-07-13_14-10-04 29780
2020-07-13_14-10-04 29720
2020-07-13_14-10-04 29830
2020-07-13_14-10-04 29860
2020-07-13_14-10-04 29770
2020-07-13_14-10-04 29780
2020-07-13_14-10-04 29810
2020-07-13_14-10-04 29670
2020-07-13_14-10-04 29610
2020-07-13_14-10-04 29760
2020-07-13_14-10-04 29850
2020-07-13_14-10-04 29740
2020-07-13_14-10-04 29690
2020-07-13_14-10-04 29830
2020-07-13_14-10-04 29890
2020-07-13_14-10-04 29840
2020-07-13_14-10-04 29880
2020-07-13_14-10-04 30030
2020-07-13_14-10-04 30100
2020-07-13_14-10-04 30020
2020-07-13_14-10-04 29930
2020-07-13_14-10-04 29870
2020-07-13_14-10-04 29920
2020-07-13_14-10-04 29910
2020-07-13_14-10-04 29790
2020-07-13_14-10-04 29700
2020-07-13_14-10-04 29740
2020-07-13_14-10-04 29800
2020-07-13_14-10-04 29780
2020-07-13_14-10-04 29790
2020-07-13_14-10-04 29840
2020-07-13_14-10-04 29830
2020-07-13_14-10-04 29830
2020-07-13_14-10-04 29890
2020-07-13_14-10-04 29940
2020-07-13_14-10-04 29830
2020-07-13_14-10-04 29350
2020-07-13_14-10-04 28140
2020-07-13_14-10-04 25820
2020-07-13_14-10-04 23160
2020-07-13_14-10-04 21250
2020-07-13_14-10-04 20520
2020-07-13_14-10-04 20150
2020-07-13_14-10-04 19180
2020-07-13_14-10-04 17590
2020-07-13_14-10-04 16420
2020-07-13_14-10-04 16460
2020-07-13_14-10-04 17060
2020-07-13_14-10-04 17560
2020-07-13_14-10-04 18400
2020-07-13_14-10-04 19820
2020-07-13_14-10-04 20920
2020-07-13_14-10-04 20920
2020-07-13_14-10-04 20560
2020-07-13_14-10-04 20630
2020-07-13_14-10-04 20660
2020-07-13_14-10-04 20230
2020-07-13_14-10-04 19790
2020-07-13_14-10-04 19800
2020-07-13_14-10-04 19990
2020-07-13_14-10-04 20070
2020-07-13_14-10-04 20210
2020-07-13_14-10-04 20410
2020-07-13_14-10-04 20360
2020-07-13_14-10-04 20190
2020-07-13_14-10-04 20250
2020-07-13_14-10-04 20310
2020-07-13_14-10-04 20110
2020-07-13_14-10-04 20000
2020-07-13_14-10-04 20170
2020-07-13_14-10-04 20270
2020-07-13_14-10-04 20180
2020-07-13_14-10-04 20220
2020-07-13_14-10-04 20350
2020-07-13_14-10-04 20260
2020-07-13_14-10-04 20090
2020-07-13_14-10-04 20120
2020-07-13_14-10-04 20210
2020-07-13_14-10-04 20160
2020-07-13_14-10-04 20150
2020-07-13_14-10-04 20260
2020-07-13_14-10-04 20300
2020-07-13_14-10-04 20210
2020-07-13_14-10-04 20170
2020-07-13_14-10-04 20160
2020-07-13_14-10-04 20120
2020-07-13_14-10-04 20120
2020-07-13_14-10-04 20220
2020-07-13_14-10-04 20260
2020-07-13_14-10-04 20230
2020-07-13_14-10-04 20210
2020-07-13_14-10-04 20210
2020-07-13_14-10-04 20150
2020-07-13_14-10-04 20140
2020-07-13_14-10-04 20200
2020-07-13_14-10-04 20210
2020-07-13_14-10-04 20170
2020-07-13_14-10-04 20180
2020-07-13_14-10-04 20180
2020-07-13_14-10-04 20130
2020-07-13_14-10-04 20130
2020-07-13_14-10-04 20210
2020-07-13_14-10-04 20240
2020-07-13_14-10-04 20190
2020-07-13_14-10-04 20170
2020-07-13_14-10-04 20220
2020-07-13_14-10-04 20230
2020-07-13_14-10-04 20190
2020-07-13_14-10-04 20200
2020-07-13_14-10-04 20230
2020-07-13_14-10-04 20210
2020-07-13_14-10-04 20180
2020-07-13_14-10-04 20190
2020-07-13_14-10-04 20180
2020-07-13_14-10-04 20170
2020-07-13_14-10-04 20200
2020-07-13_14-10-04 20240
2020-07-13_14-10-04 20180
2020-07-13_14-10-04 20100
2020-07-13_14-10-04 20160
2020-07-13_14-10-04 20230
2020-07-13_14-10-04 20140
2020-07-13_14-10-04 20030
2020-07-13_14-10-04 20090
2020-07-13_14-10-04 20180
2020-07-13_14-10-04 20080
2020-07-13_14-10-04 19960
2020-07-13_14-10-04 20080
2020-07-13_14-10-04 20230
2020-07-13_14-10-04 20130
2020-07-13_14-10-04 19940
2020-07-13_14-10-04 20040
2020-07-13_14-10-04 20330
2020-07-13_14-10-04 20390
2020-07-13_14-10-04 20210
2020-07-13_14-10-04 20150
2020-07-13_14-10-04 20260
2020-07-13_14-10-04 20220
2020-07-13_14-10-04 20010
2020-07-13_14-10-04 19960
2020-07-13_14-10-04 20180
2020-07-13_14-10-04 20410
2020-07-13_14-10-04 20440
2020-07-13_14-10-04 20500
2020-07-13_14-10-04 20920
2020-07-13_14-10-04 21670
2020-07-13_14-10-04 22360
2020-07-13_14-10-04 22890
2020-07-13_14-10-04 23730
2020-07-13_14-10-04 25000
2020-07-13_14-10-04 26170
2020-07-13_14-10-04 26830
2020-07-13_14-10-04 27300
2020-07-13_14-10-04 27940
2020-07-13_14-10-04 28560
2020-07-13_14-10-04 28960
2020-07-13_14-10-04 29300
2020-07-13_14-10-04 29650
2020-07-13_14-10-04 29790
2020-07-13_14-10-04 29710
2020-07-13_14-10-04 29690
2020-07-13_14-10-04 29800
2020-07-13_14-10-04 29840
2020-07-13_14-10-04 29780
2020-07-13_14-10-04 29730
2020-07-13_14-10-04 29710
2020-07-13_14-10-04 29720
2020-07-13_14-10-04 29760
2020-07-13_14-10-04 29760
2020-07-13_14-10-04 29670
2020-07-13_14-10-04 29660
2020-07-13_14-10-04 29780
2020-07-13_14-10-04 29830
2020-07-13_14-10-04 29680
2020-07-13_14-10-04 29610
2020-07-13_14-10-04 29730
2020-07-13_14-10-04 29800
2020-07-13_14-10-04 29660
2020-07-13_14-10-04 29590
2020-07-13_14-10-04 29750
2020-07-13_14-10-04 29840
2020-07-13_14-10-04 29650
2020-07-13_14-10-04 29540
2020-07-13_14-10-04 29750
2020-07-13_14-10-04 29920
2020-07-13_14-10-04 29690
2020-07-13_14-10-04 29490
2020-07-13_14-10-04 29720
2020-07-13_14-10-04 29980
2020-07-13_14-10-04 29800
2020-07-13_14-10-04 29480
2020-07-13_14-10-04 29630
2020-07-13_14-10-04 29970
2020-07-13_14-10-04 29890
2020-07-13_14-10-04 29530
2020-07-13_14-10-04 29560
2020-07-13_14-10-04 29920
2020-07-13_14-10-04 29930
2020-07-13_14-10-04 29550
2020-07-13_14-10-04 29490
2020-07-13_14-10-04 29880
2020-07-13_14-10-04 30050
2020-07-13_14-10-04 29780
2020-07-13_14-10-04 29640
2020-07-13_14-10-04 29830
2020-07-13_14-10-04 29890
2020-07-13_14-10-04 29740
2020-07-13_14-10-04 29780
2020-07-13_14-10-04 29930
2020-07-13_14-10-04 29850
2020-07-13_14-10-04 29640
2020-07-13_14-10-04 29720
2020-07-13_14-10-04 29910
2020-07-13_14-10-04 29860
2020-07-13_14-10-04 29710
2020-07-13_14-10-04 29770
2020-07-13_14-10-04 29890
2020-07-13_14-10-04 29840
2020-07-13_14-10-04 29740
2020-07-13_14-10-04 29810
2020-07-13_14-10-04 29900
2020-07-13_14-10-04 29850
2020-07-13_14-10-04 29810
2020-07-13_14-10-04 29900
2020-07-13_14-10-04 29910
2020-07-13_14-10-04 29820
2020-07-13_14-10-04 29810
2020-07-13_14-10-04 29870
2020-07-13_14-10-04 29860
2020-07-13_14-10-04 29840
2020-07-13_14-10-04 29890
2020-07-13_14-10-04 29870
2020-07-13_14-10-04 29810
2020-07-13_14-10-04 29860
2020-07-13_14-10-04 29920
2020-07-13_14-10-04 29850
2020-07-13_14-10-04 29800
2020-07-13_14-10-04 29870
2020-07-13_14-10-04 29890
2020-07-13_14-10-04 29820
2020-07-13_14-10-04 29850
2020-07-13_14-10-04 29910
2020-07-13_14-10-04 29860
2020-07-13_14-10-04 29800
2020-07-13_14-10-04 29860
2020-07-13_14-10-04 29900
2020-07-13_14-10-04 29840
2020-07-13_14-10-04 29810
2020-07-13_14-10-04 29880
2020-07-13_14-10-04 29890
2020-07-13_14-10-04 29830
2020-07-13_14-10-04 29840
2020-07-13_14-10-04 29890
2020-07-13_14-10-04 29850
2020-07-13_14-10-04 29820
2020-07-13_14-10-04 29860
2020-07-13_14-10-04 29880
2020-07-13_14-10-04 29840
2020-07-13_14-10-04 29840
2020-07-13_14-10-04 29880
2020-07-13_14-10-04 29870
2020-07-13_14-10-04 29830
2020-07-13_14-10-04 29850
2020-07-13_14-10-04 29880
2020-07-13_14-10-04 29850
2020-07-13_14-10-04 29830
2020-07-13_14-10-04 29860
2020-07-13_14-10-04 29860
2020-07-13_14-10-04 29840
2020-07-13_14-10-04 29840
2020-07-13_14-10-04 29860
2020-07-13_14-10-04 29840
2020-07-13_14-10-04 29840
2020-07-13_14-10-04 29860
2020-07-13_14-10-04 29860
2020-07-13_14-10-04 29840
2020-07-13_14-10-04 29850
2020-07-13_14-10-04 29870
2020-07-13_14-10-04 29850
2020-07-13_14-10-04 29840
2020-07-13_14-10-04 29850
2020-07-13_14-10-04 29850
2020-07-13_14-10-04 29840
2020-07-13_14-10-04 29850
2020-07-13_14-10-04 29860
2020-07-13_14-10-04 29850
2020-07-13_14-10-04 29850
2020-07-13_14-10-04 29870
2020-07-13_14-10-04 29870
2020-07-13_14-10-04 29850
2020-07-13_14-10-04 29850
2020-07-13_14-10-04 29870
2020-07-13_14-10-04 29850
2020-07-13_14-10-04 29850
2020-07-13_14-10-04 29860
2020-07-13_14-10-04 29860
2020-07-13_14-10-04 29840
2020-07-13_14-10-04 29840
2020-07-13_14-10-04 29860
2020-07-13_14-10-04 29850
2020-07-13_14-10-04 29840
2020-07-13_14-10-04 29850
2020-07-13_14-10-04 29860
2020-07-13_14-10-04 29850
2020-07-13_14-10-04 29840
2020-07-13_14-10-04 29860
2020-07-13_14-10-04 29860
2020-07-13_14-10-04 29840
2020-07-13_14-10-04 29840
2020-07-13_14-10-04 29850
2020-07-13_14-10-04 29850
2020-07-13_14-10-04 29850
2020-07-13_14-10-04 29860
2020-07-13_14-10-04 29860
2020-07-13_14-10-04 29850
2020-07-13_14-10-04 29850
2020-07-13_14-10-04 29860
2020-07-13_14-10-04 29860
2020-07-13_14-10-04 29850
2020-07-13_14-10-04 29860
2020-07-13_14-10-04 29860
2020-07-13_14-10-04 29850
2020-07-13_14-10-04 29850
2020-07-13_14-10-04 29860
2020-07-13_14-10-04 29850
2020-07-13_14-10-04 29850
2020-07-13_14-10-04 29860
2020-07-13_14-10-04 29860
2020-07-13_14-10-04 29860
2020-07-13_14-10-04 29860
2020-07-13_14-10-04 29860
2020-07-13_14-10-04 29860
2020-07-13_14-10-04 29850
2020-07-13_14-10-04 29850
2020-07-13_14-10-04 29850
2020-07-13_14-10-04 29850
2020-07-13_14-10-04 29850
2020-07-13_14-10-04 29860
2020-07-13_14-10-04 29850
2020-07-13_14-10-04 29850
2020-07-13_14-10-04 29860
2020-07-13_14-10-04 29860
2020-07-13_14-10-04 29860
2020-07-13_14-10-04 29860
2020-07-13_14-10-04 29860
2020-07-13_14-10-04 29860
2020-07-13_14-10-04 29850
2020-07-13_14-10-04 29850
2020-07-13_14-10-04 29860
2020-07-13_14-10-04 29860
2020-07-13_14-10-04 29860
2020-07-13_14-10-04 29850
2020-07-13_14-10-04 29850
2020-07-13_14-10-04 29850
2020-07-13_14-10-04 29850
2020-07-13_14-10-04 29850
2020-07-13_14-10-04 29850
2020-07-13_14-10-04 29850
2020-07-13_14-10-04 29860
2020-07-13_14-10-04 29860
2020-07-13_14-10-04 29850
2020-07-13_14-10-04 29850
2020-07-13_14-10-04 29850
2020-07-13_14-10-04 29850
2020-07-13_14-10-04 29850
2020-07-13_14-10-04 29850
2020-07-13_14-10-04 29860
2020-07-13_14-10-04 29850
2020-07-13_14-10-04 29860
2020-07-13_14-10-04 29860
2020-07-13_14-10-04 29860
2020-07-13_14-10-04 29850
2020-07-13_14-10-04 29850
2020-07-13_14-10-04 29840
2020-07-13_14-10-04 29840
2020-07-13_14-10-04 29850
2020-07-13_14-10-04 29860
2020-07-13_14-10-04 29860
2020-07-13_14-10-04 29860
2020-07-13_14-10-04 29860
2020-07-13_14-10-04 29860
2020-07-13_14-10-04 29850
2020-07-13_14-10-04 29850
2020-07-13_14-10-04 29840
2020-07-13_14-10-04 29850
2020-07-13_14-10-04 29850
2020-07-13_14-10-04 29850
2020-07-13_14-10-04 29840
2020-07-13_14-10-04 29840
2020-07-13_14-10-04 29850
2020-07-13_14-10-04 29860
2020-07-13_14-10-04 29860
2020-07-13_14-10-04 29860
2020-07-13_14-10-04 29860
2020-07-13_14-10-04 29850
2020-07-13_14-10-04 29850
2020-07-13_14-10-04 29850
2020-07-13_14-10-04 29850
2020-07-13_14-10-04 29850
2020-07-13_14-10-04 29850
2020-07-13_14-10-04 29850
2020-07-13_14-10-04 29850
2020-07-13_14-10-04 29850
2020-07-13_14-10-04 29860
2020-07-13_14-10-04 29860
2020-07-13_14-10-04 29850
2020-07-13_14-10-04 29850
2020-07-13_14-10-04 29850
2020-07-13_14-10-04 29850
2020-07-13_14-10-04 29850
2020-07-13_14-10-04 29850
2020-07-13_14-10-04 29850
2020-07-13_14-10-04 29850
2020-07-13_14-10-04 29850
2020-07-13_14-10-04 29850
2020-07-13_14-10-04 29850
2020-07-13_14-10-04 29840
2020-07-13_14-10-04 29850
2020-07-13_14-10-04 29850
2020-07-13_14-10-04 29850
2020-07-13_14-10-04 29850
2020-07-13_14-10-04 29850
2020-07-13_14-10-04 29850
2020-07-13_14-10-04 29850
2020-07-13_14-10-04 29850
2020-07-13_14-10-04 29850
2020-07-13_14-10-04 29850
2020-07-13_14-10-04 29850
2020-07-13_14-10-04 29850
2020-07-13_14-10-04 29850
2020-07-13_14-10-04 29850
2020-07-13_14-10-04 29850
2020-07-13_14-10-04 29850
2020-07-13_14-10-04 29850
2020-07-13_14-10-04 29850
2020-07-13_14-10-04 29850
2020-07-13_14-10-04 29850
2020-07-13_14-10-04 29850
2020-07-13_14-10-04 29860
2020-07-13_14-10-04 29860
2020-07-13_14-10-04 29860
2020-07-13_14-10-04 29850
2020-07-13_14-10-04 29850
2020-07-13_14-10-04 29840
2020-07-13_14-10-04 29850
2020-07-13_14-10-04 29850
2020-07-13_14-10-04 29860
2020-07-13_14-10-04 29850
2020-07-13_14-10-04 29850
2020-07-13_14-10-04 29850
2020-07-13_14-10-04 29850
2020-07-13_14-10-04 29850
2020-07-13_14-10-04 29850
2020-07-13_14-10-04 29850
2020-07-13_14-10-04 29850
2020-07-13_14-10-04 29850
2020-07-13_14-10-04 29850
2020-07-13_14-10-04 29850
2020-07-13_14-10-04 29850
2020-07-13_14-10-04 29850
2020-07-13_14-10-04 29850
2020-07-13_14-10-04 29850
2020-07-13_14-10-04 29850
2020-07-13_14-10-04 29850
2020-07-13_14-10-04 29850
2020-07-13_14-10-04 29850
2020-07-13_14-10-04 29850
2020-07-13_14-10-04 29850
2020-07-13_14-10-04 29850
2020-07-13_14-10-04 29850
2020-07-13_14-10-04 29850
2020-07-13_14-10-04 29850
2020-07-13_14-10-04 29850
2020-07-13_14-10-04 29850
2020-07-13_14-10-04 29850
2020-07-13_14-10-04 29850
2020-07-13_14-10-04 29860
2020-07-13_14-10-04 29860
2020-07-13_14-10-04 29850
2020-07-13_14-10-04 29850
2020-07-13_14-10-04 29850
2020-07-13_14-10-04 29850
2020-07-13_14-10-04 29850
2020-07-13_14-10-04 29850
2020-07-13_14-10-04 29850
2020-07-13_14-10-04 29850
2020-07-13_14-10-04 29850
2020-07-13_14-10-04 29850
2020-07-13_14-10-04 29850
2020-07-13_14-10-04 29850
2020-07-13_14-10-04 29850
2020-07-13_14-10-04 29860
2020-07-13_14-10-04 29860
2020-07-13_14-10-04 29860
2020-07-13_14-10-04 29860
2020-07-13_14-10-04 29860
2020-07-13_14-10-04 29860
2020-07-13_14-10-04 29860
2020-07-13_14-10-04 29850
2020-07-13_14-10-04 29850
2020-07-13_14-10-04 29860
2020-07-13_14-10-04 29860
2020-07-13_14-10-04 29860
2020-07-13_14-10-04 29860
2020-07-13_14-10-04 29860
2020-07-13_14-10-04 29860
2020-07-13_14-10-04 29860
2020-07-13_14-10-04 29860
2020-07-13_14-10-04 29860
2020-07-13_14-10-04 29860
2020-07-13_14-10-04 29860
2020-07-13_14-10-04 29860
2020-07-13_14-10-04 29850
2020-07-13_14-10-04 29850
2020-07-13_14-10-04 29850
2020-07-13_14-10-04 29850
2020-07-13_14-10-04 29850
2020-07-13_14-10-04 29850
2020-07-13_14-10-04 29850
2020-07-13_14-10-04 29850
2020-07-13_14-10-04 29850
2020-07-13_14-10-04 29860
2020-07-13_14-10-04 29860
2020-07-13_14-10-04 29860
2020-07-13_14-10-04 29860
2020-07-13_14-10-04 29860
2020-07-13_14-10-04 29860
2020-07-13_14-10-04 29860
2020-07-13_14-10-04 29860
2020-07-13_14-10-04 29850
2020-07-13_14-10-04 29850
2020-07-13_14-10-04 29850
2020-07-13_14-10-04 29860
2020-07-13_14-10-04 29860
2020-07-13_14-10-04 29860
2020-07-13_14-10-04 29860
2020-07-13_14-10-04 29860
2020-07-13_14-10-04 29860
2020-07-13_14-10-04 29860
2020-07-13_14-10-04 29860
2020-07-13_14-10-04 29860
2020-07-13_14-10-04 29860
2020-07-13_14-10-04 29860
2020-07-13_14-10-04 29850
2020-07-13_14-10-04 29850
2020-07-13_14-10-04 29850
2020-07-13_14-10-04 29850
2020-07-13_14-10-04 29850
2020-07-13_14-10-04 29850
2020-07-13_14-10-04 29850
2020-07-13_14-10-04 29850
2020-07-13_14-10-04 29850
2020-07-13_14-10-04 29850
2020-07-13_14-10-04 29850
2020-07-13_14-10-04 29850
2020-07-13_14-10-04 29850
2020-07-13_14-10-04 29850
2020-07-13_14-10-04 29850
2020-07-13_14-10-04 29850
2020-07-13_14-10-04 29850
2020-07-13_14-10-04 29850
2020-07-13_14-10-04 29850
2020-07-13_14-10-04 29850
2020-07-13_14-10-04 29850
2020-07-13_14-10-04 29850
2020-07-13_14-10-04 29850
2020-07-13_14-10-04 29850
2020-07-13_14-10-04 29850
2020-07-13_14-10-04 29850
2020-07-13_14-10-04 29850
2020-07-13_14-10-04 29850
2020-07-13_14-10-04 29850
2020-07-13_14-10-04 29850
2020-07-13_14-10-04 29860
2020-07-13_14-10-04 29860
2020-07-13_14-10-04 29860
2020-07-13_14-10-04 29860
2020-07-13_14-10-04 29860
2020-07-13_14-10-04 29860
2020-07-13_14-10-04 29860
2020-07-13_14-10-04 29860
2020-07-13_14-10-04 29870
2020-07-13_14-10-04 29870
2020-07-13_14-10-04 29860
2020-07-13_14-10-04 29860
2020-07-13_14-10-04 29850
2020-07-13_14-10-04 29850
2020-07-13_14-10-04 29850
2020-07-13_14-10-04 29850
2020-07-13_14-10-04 29860
2020-07-13_14-10-04 29860
2020-07-13_14-10-04 29860
2020-07-13_14-10-04 29860
2020-07-13_14-10-04 29860
2020-07-13_14-10-04 29870
2020-07-13_14-10-04 29860
2020-07-13_14-10-04 29850
2020-07-13_14-10-04 29850
2020-07-13_14-10-04 29850
2020-07-13_14-10-04 29850
2020-07-13_14-10-04 29860
2020-07-13_14-10-04 29860
2020-07-13_14-10-04 29860
2020-07-13_14-10-04 29860
2020-07-13_14-10-04 29860
2020-07-13_14-10-04 29860
2020-07-13_14-10-04 29860
2020-07-13_14-10-04 29850
2020-07-13_14-10-04 29850
2020-07-13_14-10-04 29850
2020-07-13_14-10-04 29860
2020-07-13_14-10-04 29870
2020-07-13_14-10-04 29870
2020-07-13_14-10-04 29870
2020-07-13_14-10-04 29860
2020-07-13_14-10-04 29860
2020-07-13_14-10-04 29860
2020-07-13_14-10-04 29860
2020-07-13_14-10-04 29850
2020-07-13_14-10-04 29850
2020-07-13_14-10-04 29850
2020-07-13_14-10-04 29850
2020-07-13_14-10-04 29860
2020-07-13_14-10-04 29860
2020-07-13_14-10-04 29860
2020-07-13_14-10-04 29860
2020-07-13_14-10-04 29860
2020-07-13_14-10-04 29860
2020-07-13_14-10-04 29860
2020-07-13_14-10-04 29860
2020-07-13_14-10-04 29860
2020-07-13_14-10-04 29860
2020-07-13_14-10-04 29860
2020-07-13_14-10-04 29860
2020-07-13_14-10-04 29860
2020-07-13_14-10-04 29860
2020-07-13_14-10-04 29860
2020-07-13_14-10-04 29860
2020-07-13_14-10-04 29860
2020-07-13_14-10-04 29860
2020-07-13_14-10-04 29860
2020-07-13_14-10-04 29860
2020-07-13_14-10-04 29860
2020-07-13_14-10-04 29870
2020-07-13_14-10-04 29860
2020-07-13_14-10-04 29850
2020-07-13_14-10-04 29860
2020-07-13_14-10-04 29870
2020-07-13_14-10-04 29860
2020-07-13_14-10-04 29850
2020-07-13_14-10-04 29860
2020-07-13_14-10-04 29870
2020-07-13_14-10-04 29860
2020-07-13_14-10-04 29850
2020-07-13_14-10-04 29860
2020-07-13_14-10-04 29850
2020-07-13_14-10-04 29860
2020-07-13_14-10-04 29860
2020-07-13_14-10-04 29860
2020-07-13_14-10-04 29860
2020-07-13_14-10-04 29870
2020-07-13_14-10-04 29890
2020-07-13_14-10-04 29900
2020-07-13_14-10-04 29910
2020-07-13_14-10-04 29950
2020-07-13_14-10-04 30020
2020-07-13_14-10-04 30080
2020-07-13_14-10-04 30120
2020-07-13_14-10-04 30090
2020-07-13_14-10-04 30060
2020-07-13_14-10-04 30100
2020-07-13_14-10-04 30190
2020-07-13_14-10-04 30200
2020-07-13_14-10-04 30130
2020-07-13_14-10-04 30090
2020-07-13_14-10-04 30110
2020-07-13_14-10-04 30090
2020-07-13_14-10-04 30020
2020-07-13_14-10-04 29990
2020-07-13_14-10-04 29950
2020-07-13_14-10-04 29910
2020-07-13_14-10-04 29860
2020-07-13_14-10-04 29590
2020-07-13_14-10-04 28740
2020-07-13_14-10-04 27060
2020-07-13_14-10-04 24780
2020-07-13_14-10-04 22580
2020-07-13_14-10-04 21070
2020-07-13_14-10-04 20400
2020-07-13_14-10-04 20240
2020-07-13_14-10-04 20160
2020-07-13_14-10-04 20080
2020-07-13_14-10-04 20120
2020-07-13_14-10-04 20240
2020-07-13_14-10-04 20270
2020-07-13_14-10-04 20180
2020-07-13_14-10-04 20140
2020-07-13_14-10-04 20240
2020-07-13_14-10-04 20310
2020-07-13_14-10-04 20260
2020-07-13_14-10-04 20230
2020-07-13_14-10-04 20290
2020-07-13_14-10-04 20330
2020-07-13_14-10-04 20310
2020-07-13_14-10-04 20330
2020-07-13_14-10-04 20470
2020-07-13_14-10-04 20570
2020-07-13_14-10-04 20530
2020-07-13_14-10-04 20440
2020-07-13_14-10-04 20450
2020-07-13_14-10-04 20560
2020-07-13_14-10-04 20580
2020-07-13_14-10-04 20510
2020-07-13_14-10-04 20510
2020-07-13_14-10-04 20560
2020-07-13_14-10-04 20550
2020-07-13_14-10-04 20500
2020-07-13_14-10-04 20520
2020-07-13_14-10-04 20520
2020-07-13_14-10-04 20470
2020-07-13_14-10-04 20440
2020-07-13_14-10-04 20510
2020-07-13_14-10-04 20560
2020-07-13_14-10-04 20460
2020-07-13_14-10-04 20410
2020-07-13_14-10-04 20450
2020-07-13_14-10-04 20490
2020-07-13_14-10-04 20470
2020-07-13_14-10-04 20520
2020-07-13_14-10-04 20610
2020-07-13_14-10-04 20570
2020-07-13_14-10-04 20450
2020-07-13_14-10-04 20470
2020-07-13_14-10-05 20580
2020-07-13_14-10-05 20580
2020-07-13_14-10-05 20530
2020-07-13_14-10-05 20560
2020-07-13_14-10-05 20570
2020-07-13_14-10-05 20520
2020-07-13_14-10-05 20520
2020-07-13_14-10-05 20590
2020-07-13_14-10-05 20640
2020-07-13_14-10-05 20620
2020-07-13_14-10-05 20570
2020-07-13_14-10-05 20550
2020-07-13_14-10-05 20610
2020-07-13_14-10-05 20560
2020-07-13_14-10-05 19520
2020-07-13_14-10-05 16910
2020-07-13_14-10-05 13370
2020-07-13_14-10-05 10530
2020-07-13_14-10-05 9220
2020-07-13_14-10-05 9110
2020-07-13_14-10-05 9460
2020-07-13_14-10-05 9890
2020-07-13_14-10-05 10300
2020-07-13_14-10-05 10630
2020-07-13_14-10-05 10920
2020-07-13_14-10-05 11260
2020-07-13_14-10-05 11650
2020-07-13_14-10-05 11920
2020-07-13_14-10-05 12020
2020-07-13_14-10-05 12070
2020-07-13_14-10-05 11890
2020-07-13_14-10-05 10830
2020-07-13_14-10-05 8420
2020-07-13_14-10-05 5130
2020-07-13_14-10-05 2250
