2020-07-13_14-09-54 1070
2020-07-13_14-09-54 1920
2020-07-13_14-09-54 2310
2020-07-13_14-09-54 2150
2020-07-13_14-09-54 2040
2020-07-13_14-09-54 2140
2020-07-13_14-09-54 2210
2020-07-13_14-09-54 2160
2020-07-13_14-09-54 2140
2020-07-13_14-09-54 2180
2020-07-13_14-09-54 2180
2020-07-13_14-09-54 2150
2020-07-13_14-09-54 2410
2020-07-13_14-09-54 3310
2020-07-13_14-09-54 4100
2020-07-13_14-09-54 4620
2020-07-13_14-09-54 4620
2020-07-13_14-09-54 4600
2020-07-13_14-09-54 4660
2020-07-13_14-09-54 4600
2020-07-13_14-09-54 4640
2020-07-13_14-09-54 4610
2020-07-13_14-09-54 4620
2020-07-13_14-09-54 4630
2020-07-13_14-09-54 4630
2020-07-13_14-09-54 4630
2020-07-13_14-09-54 4590
2020-07-13_14-09-54 4630
2020-07-13_14-09-54 4610
2020-07-13_14-09-54 4630
2020-07-13_14-09-54 4610
2020-07-13_14-09-54 4620
2020-07-13_14-09-54 4620
2020-07-13_14-09-54 4610
2020-07-13_14-09-54 4630
2020-07-13_14-09-54 4620
2020-07-13_14-09-54 4610
2020-07-13_14-09-54 4610
2020-07-13_14-09-54 4620
2020-07-13_14-09-54 4620
2020-07-13_14-09-54 4630
2020-07-13_14-09-54 4650
2020-07-13_14-09-54 4610
2020-07-13_14-09-54 4620
2020-07-13_14-09-54 4610
2020-07-13_14-09-54 4630
2020-07-13_14-09-54 4620
2020-07-13_14-09-54 4620
2020-07-13_14-09-54 4640
2020-07-13_14-09-54 4630
2020-07-13_14-09-54 4630
2020-07-13_14-09-54 4620
2020-07-13_14-09-54 4630
2020-07-13_14-09-54 4620
2020-07-13_14-09-54 4630
2020-07-13_14-09-54 4630
2020-07-13_14-09-54 4630
2020-07-13_14-09-54 4630
2020-07-13_14-09-54 4630
2020-07-13_14-09-54 4640
2020-07-13_14-09-54 4630
2020-07-13_14-09-54 4630
2020-07-13_14-09-54 4630
2020-07-13_14-09-54 4630
2020-07-13_14-09-54 4630
2020-07-13_14-09-54 4630
2020-07-13_14-09-54 4630
2020-07-13_14-09-54 4630
2020-07-13_14-09-54 4630
2020-07-13_14-09-54 4630
2020-07-13_14-09-54 4630
2020-07-13_14-09-54 4630
2020-07-13_14-09-54 4630
2020-07-13_14-09-54 4630
2020-07-13_14-09-54 4630
2020-07-13_14-09-54 4630
2020-07-13_14-09-54 4630
2020-07-13_14-09-54 4630
2020-07-13_14-09-54 4630
2020-07-13_14-09-54 4630
2020-07-13_14-09-54 4630
2020-07-13_14-09-54 4620
2020-07-13_14-09-54 4620
2020-07-13_14-09-54 4630
2020-07-13_14-09-54 4630
2020-07-13_14-09-54 4630
2020-07-13_14-09-54 4630
2020-07-13_14-09-54 4630
2020-07-13_14-09-54 4630
2020-07-13_14-09-54 4630
2020-07-13_14-09-54 4630
2020-07-13_14-09-54 4630
2020-07-13_14-09-54 4630
2020-07-13_14-09-54 4630
2020-07-13_14-09-54 4630
2020-07-13_14-09-54 4630
2020-07-13_14-09-54 4630
2020-07-13_14-09-54 4630
2020-07-13_14-09-54 4630
2020-07-13_14-09-54 4630
2020-07-13_14-09-54 4630
2020-07-13_14-09-54 4630
2020-07-13_14-09-54 4630
2020-07-13_14-09-54 4630
2020-07-13_14-09-54 4630
2020-07-13_14-09-54 4630
2020-07-13_14-09-54 4630
2020-07-13_14-09-54 4630
2020-07-13_14-09-54 4630
2020-07-13_14-09-54 4630
2020-07-13_14-09-54 4630
2020-07-13_14-09-54 4630
2020-07-13_14-09-54 4630
2020-07-13_14-09-54 4630
2020-07-13_14-09-54 4630
2020-07-13_14-09-54 4630
2020-07-13_14-09-54 4630
2020-07-13_14-09-54 4630
2020-07-13_14-09-54 4630
2020-07-13_14-09-54 4630
2020-07-13_14-09-55 4630
2020-07-13_14-09-55 4630
2020-07-13_14-09-55 4630
2020-07-13_14-09-55 4630
2020-07-13_14-09-55 4630
2020-07-13_14-09-55 4630
2020-07-13_14-09-55 4630
2020-07-13_14-09-55 4630
2020-07-13_14-09-55 4630
2020-07-13_14-09-55 4630
2020-07-13_14-09-55 4630
2020-07-13_14-09-55 4630
2020-07-13_14-09-55 4630
2020-07-13_14-09-55 4630
2020-07-13_14-09-55 4630
2020-07-13_14-09-55 4630
2020-07-13_14-09-55 4630
2020-07-13_14-09-55 4630
2020-07-13_14-09-55 4630
2020-07-13_14-09-55 4630
2020-07-13_14-09-55 4630
2020-07-13_14-09-55 4630
2020-07-13_14-09-55 4630
2020-07-13_14-09-55 4630
2020-07-13_14-09-55 4630
2020-07-13_14-09-55 4630
2020-07-13_14-09-55 4630
2020-07-13_14-09-55 4620
2020-07-13_14-09-55 4620
2020-07-13_14-09-55 4630
2020-07-13_14-09-55 4610
2020-07-13_14-09-55 4630
2020-07-13_14-09-55 4610
2020-07-13_14-09-55 4640
2020-07-13_14-09-55 4610
2020-07-13_14-09-55 4620
2020-07-13_14-09-55 4610
2020-07-13_14-09-55 4610
2020-07-13_14-09-55 4620
2020-07-13_14-09-55 4600
2020-07-13_14-09-55 4620
2020-07-13_14-09-55 4620
2020-07-13_14-09-55 4610
2020-07-13_14-09-55 4630
2020-07-13_14-09-55 4620
2020-07-13_14-09-55 4650
2020-07-13_14-09-55 4630
2020-07-13_14-09-55 4630
2020-07-13_14-09-55 4650
2020-07-13_14-09-55 4590
2020-07-13_14-09-55 4620
2020-07-13_14-09-55 4590
2020-07-13_14-09-55 4590
2020-07-13_14-09-55 4590
2020-07-13_14-09-55 4590
2020-07-13_14-09-55 4670
2020-07-13_14-09-55 4620
2020-07-13_14-09-55 4640
2020-07-13_14-09-55 4620
2020-07-13_14-09-55 4600
2020-07-13_14-09-55 4230
2020-07-13_14-09-55 3590
2020-07-13_14-09-55 2980
2020-07-13_14-09-55 2670
2020-07-13_14-09-55 2660
2020-07-13_14-09-55 2630
2020-07-13_14-09-55 2620
2020-07-13_14-09-55 2610
2020-07-13_14-09-55 2610
2020-07-13_14-09-55 2620
2020-07-13_14-09-55 2600
2020-07-13_14-09-55 2620
2020-07-13_14-09-55 2610
2020-07-13_14-09-55 2610
2020-07-13_14-09-55 2600
2020-07-13_14-09-55 2590
2020-07-13_14-09-55 2620
2020-07-13_14-09-55 2500
2020-07-13_14-09-55 1930
2020-07-13_14-09-55 1060
