2020-07-13_14-10-18 1350
2020-07-13_14-10-18 1860
2020-07-13_14-10-19 2010
2020-07-13_14-10-19 2000
2020-07-13_14-10-19 2060
2020-07-13_14-10-19 2120
2020-07-13_14-10-19 2050
2020-07-13_14-10-19 2000
2020-07-13_14-10-19 2020
2020-07-13_14-10-19 2040
2020-07-13_14-10-19 2040
2020-07-13_14-10-19 2080
2020-07-13_14-10-19 2740
2020-07-13_14-10-19 3740
2020-07-13_14-10-19 4480
2020-07-13_14-10-19 4650
2020-07-13_14-10-19 4530
2020-07-13_14-10-19 4560
2020-07-13_14-10-19 4640
2020-07-13_14-10-19 4570
2020-07-13_14-10-19 4610
2020-07-13_14-10-19 4600
2020-07-13_14-10-19 4590
2020-07-13_14-10-19 4590
2020-07-13_14-10-19 4570
2020-07-13_14-10-19 4620
2020-07-13_14-10-19 4580
2020-07-13_14-10-19 4610
2020-07-13_14-10-19 4600
2020-07-13_14-10-19 4600
2020-07-13_14-10-19 4600
2020-07-13_14-10-19 4590
2020-07-13_14-10-19 4620
2020-07-13_14-10-19 4580
2020-07-13_14-10-19 4600
2020-07-13_14-10-19 4580
2020-07-13_14-10-19 4590
2020-07-13_14-10-19 4590
2020-07-13_14-10-19 4610
2020-07-13_14-10-19 4610
2020-07-13_14-10-19 4590
2020-07-13_14-10-19 4590
2020-07-13_14-10-19 4590
2020-07-13_14-10-19 4610
2020-07-13_14-10-19 4600
2020-07-13_14-10-19 4610
2020-07-13_14-10-19 4590
2020-07-13_14-10-19 4600
2020-07-13_14-10-19 4600
2020-07-13_14-10-19 4600
2020-07-13_14-10-19 4610
2020-07-13_14-10-19 4610
2020-07-13_14-10-19 4600
2020-07-13_14-10-19 4600
2020-07-13_14-10-19 4600
2020-07-13_14-10-19 4590
2020-07-13_14-10-19 4600
2020-07-13_14-10-19 4600
2020-07-13_14-10-19 4610
2020-07-13_14-10-19 4610
2020-07-13_14-10-19 4610
2020-07-13_14-10-19 4610
2020-07-13_14-10-19 4610
2020-07-13_14-10-19 4610
2020-07-13_14-10-19 4610
2020-07-13_14-10-19 4610
2020-07-13_14-10-19 4600
2020-07-13_14-10-19 4600
2020-07-13_14-10-19 4600
2020-07-13_14-10-19 4600
2020-07-13_14-10-19 4600
2020-07-13_14-10-19 4600
2020-07-13_14-10-19 4600
2020-07-13_14-10-19 4600
2020-07-13_14-10-19 4600
2020-07-13_14-10-19 4600
2020-07-13_14-10-19 4600
2020-07-13_14-10-19 4600
2020-07-13_14-10-19 4600
2020-07-13_14-10-19 4600
2020-07-13_14-10-19 4600
2020-07-13_14-10-19 4610
2020-07-13_14-10-19 4610
2020-07-13_14-10-19 4610
2020-07-13_14-10-19 4610
2020-07-13_14-10-19 4600
2020-07-13_14-10-19 4600
2020-07-13_14-10-19 4600
2020-07-13_14-10-19 4590
2020-07-13_14-10-19 4590
2020-07-13_14-10-19 4600
2020-07-13_14-10-19 4600
2020-07-13_14-10-19 4600
2020-07-13_14-10-19 4590
2020-07-13_14-10-19 4590
2020-07-13_14-10-19 4590
2020-07-13_14-10-19 4590
2020-07-13_14-10-19 4590
2020-07-13_14-10-19 4600
2020-07-13_14-10-19 4610
2020-07-13_14-10-19 4610
2020-07-13_14-10-19 4610
2020-07-13_14-10-19 4600
2020-07-13_14-10-19 4590
2020-07-13_14-10-19 4580
2020-07-13_14-10-19 4580
2020-07-13_14-10-19 4590
2020-07-13_14-10-19 4590
2020-07-13_14-10-19 4600
2020-07-13_14-10-19 4600
2020-07-13_14-10-19 4600
2020-07-13_14-10-19 4600
2020-07-13_14-10-19 4590
2020-07-13_14-10-19 4600
2020-07-13_14-10-19 4610
2020-07-13_14-10-19 4610
2020-07-13_14-10-19 4610
2020-07-13_14-10-19 4600
2020-07-13_14-10-19 4600
2020-07-13_14-10-19 4600
2020-07-13_14-10-19 4600
2020-07-13_14-10-19 4600
2020-07-13_14-10-19 4610
2020-07-13_14-10-19 4610
2020-07-13_14-10-19 4610
2020-07-13_14-10-19 4610
2020-07-13_14-10-19 4610
2020-07-13_14-10-19 4600
2020-07-13_14-10-19 4600
2020-07-13_14-10-19 4600
2020-07-13_14-10-19 4610
2020-07-13_14-10-19 4610
2020-07-13_14-10-19 4600
2020-07-13_14-10-19 4600
2020-07-13_14-10-19 4600
2020-07-13_14-10-19 4600
2020-07-13_14-10-19 4600
2020-07-13_14-10-19 4600
2020-07-13_14-10-19 4600
2020-07-13_14-10-19 4600
2020-07-13_14-10-19 4600
2020-07-13_14-10-19 4600
2020-07-13_14-10-19 4600
2020-07-13_14-10-19 4600
2020-07-13_14-10-19 4590
2020-07-13_14-10-19 4570
2020-07-13_14-10-19 4580
2020-07-13_14-10-19 4620
2020-07-13_14-10-19 4650
2020-07-13_14-10-19 4630
2020-07-13_14-10-19 4590
2020-07-13_14-10-19 4580
2020-07-13_14-10-19 4580
2020-07-13_14-10-19 4580
2020-07-13_14-10-19 4580
2020-07-13_14-10-19 4560
2020-07-13_14-10-19 4530
2020-07-13_14-10-19 4510
2020-07-13_14-10-19 4520
2020-07-13_14-10-19 4530
2020-07-13_14-10-19 4530
2020-07-13_14-10-19 4540
2020-07-13_14-10-19 4540
2020-07-13_14-10-19 4540
2020-07-13_14-10-19 4530
2020-07-13_14-10-19 4520
2020-07-13_14-10-19 4520
2020-07-13_14-10-19 4520
2020-07-13_14-10-19 4520
2020-07-13_14-10-19 4520
2020-07-13_14-10-19 4530
2020-07-13_14-10-19 4530
2020-07-13_14-10-19 4540
2020-07-13_14-10-19 4540
2020-07-13_14-10-19 4530
2020-07-13_14-10-19 4530
2020-07-13_14-10-19 4530
2020-07-13_14-10-19 4530
2020-07-13_14-10-19 4530
2020-07-13_14-10-19 4530
2020-07-13_14-10-19 4530
2020-07-13_14-10-19 4530
2020-07-13_14-10-19 4530
2020-07-13_14-10-19 4530
2020-07-13_14-10-19 4530
2020-07-13_14-10-19 4530
2020-07-13_14-10-19 4530
2020-07-13_14-10-19 4530
2020-07-13_14-10-19 4530
2020-07-13_14-10-19 4530
2020-07-13_14-10-19 4530
2020-07-13_14-10-19 4530
2020-07-13_14-10-19 4540
2020-07-13_14-10-19 4540
2020-07-13_14-10-19 4530
2020-07-13_14-10-19 4530
2020-07-13_14-10-19 4520
2020-07-13_14-10-19 4510
2020-07-13_14-10-19 4510
2020-07-13_14-10-19 4520
2020-07-13_14-10-19 4520
2020-07-13_14-10-19 4520
2020-07-13_14-10-19 4520
2020-07-13_14-10-19 4520
2020-07-13_14-10-19 4520
2020-07-13_14-10-19 4520
2020-07-13_14-10-19 4520
2020-07-13_14-10-19 4520
2020-07-13_14-10-19 4520
2020-07-13_14-10-19 4550
2020-07-13_14-10-19 4580
2020-07-13_14-10-19 4600
2020-07-13_14-10-19 4600
2020-07-13_14-10-19 4600
2020-07-13_14-10-19 4610
2020-07-13_14-10-19 4610
2020-07-13_14-10-19 4610
2020-07-13_14-10-19 4610
2020-07-13_14-10-19 4600
2020-07-13_14-10-19 4590
2020-07-13_14-10-19 4590
2020-07-13_14-10-19 4590
2020-07-13_14-10-19 4590
2020-07-13_14-10-19 4590
2020-07-13_14-10-19 4600
2020-07-13_14-10-19 4600
2020-07-13_14-10-19 4610
2020-07-13_14-10-19 4610
2020-07-13_14-10-19 4610
2020-07-13_14-10-19 4610
2020-07-13_14-10-19 4610
2020-07-13_14-10-19 4610
2020-07-13_14-10-19 4600
2020-07-13_14-10-19 4590
2020-07-13_14-10-19 4580
2020-07-13_14-10-19 4580
2020-07-13_14-10-19 4580
2020-07-13_14-10-19 4590
2020-07-13_14-10-19 4610
2020-07-13_14-10-19 4610
2020-07-13_14-10-19 4610
2020-07-13_14-10-19 4600
2020-07-13_14-10-19 4600
2020-07-13_14-10-19 4590
2020-07-13_14-10-19 4610
2020-07-13_14-10-19 4630
2020-07-13_14-10-19 4630
2020-07-13_14-10-19 4600
2020-07-13_14-10-19 4580
2020-07-13_14-10-19 4580
2020-07-13_14-10-19 4590
2020-07-13_14-10-19 4590
2020-07-13_14-10-19 4600
2020-07-13_14-10-19 4600
2020-07-13_14-10-19 4590
2020-07-13_14-10-19 4590
2020-07-13_14-10-19 4580
2020-07-13_14-10-19 4590
2020-07-13_14-10-19 4600
2020-07-13_14-10-19 4600
2020-07-13_14-10-19 4600
2020-07-13_14-10-19 4600
2020-07-13_14-10-19 4590
2020-07-13_14-10-19 4590
2020-07-13_14-10-19 4590
2020-07-13_14-10-19 4590
2020-07-13_14-10-19 4610
2020-07-13_14-10-19 4620
2020-07-13_14-10-19 4620
2020-07-13_14-10-19 4620
2020-07-13_14-10-19 4610
2020-07-13_14-10-19 4600
2020-07-13_14-10-19 4590
2020-07-13_14-10-19 4590
2020-07-13_14-10-19 4590
2020-07-13_14-10-19 4600
2020-07-13_14-10-19 4590
2020-07-13_14-10-19 4590
2020-07-13_14-10-19 4590
2020-07-13_14-10-19 4600
2020-07-13_14-10-19 4600
2020-07-13_14-10-19 4610
2020-07-13_14-10-19 4620
2020-07-13_14-10-19 4620
2020-07-13_14-10-19 4610
2020-07-13_14-10-19 4600
2020-07-13_14-10-19 4590
2020-07-13_14-10-19 4590
2020-07-13_14-10-19 4600
2020-07-13_14-10-19 4610
2020-07-13_14-10-19 4610
2020-07-13_14-10-19 4610
2020-07-13_14-10-19 4600
2020-07-13_14-10-19 4600
2020-07-13_14-10-19 4600
2020-07-13_14-10-19 4600
2020-07-13_14-10-19 4600
2020-07-13_14-10-19 4610
2020-07-13_14-10-19 4610
2020-07-13_14-10-19 4610
2020-07-13_14-10-19 4610
2020-07-13_14-10-19 4610
2020-07-13_14-10-19 4610
2020-07-13_14-10-19 4600
2020-07-13_14-10-19 4610
2020-07-13_14-10-19 4600
2020-07-13_14-10-19 4600
2020-07-13_14-10-19 4600
2020-07-13_14-10-19 4600
2020-07-13_14-10-19 4600
2020-07-13_14-10-19 4600
2020-07-13_14-10-19 4600
2020-07-13_14-10-19 4600
2020-07-13_14-10-19 4600
2020-07-13_14-10-19 4600
2020-07-13_14-10-19 4600
2020-07-13_14-10-19 4600
2020-07-13_14-10-19 4600
2020-07-13_14-10-19 4600
2020-07-13_14-10-19 4600
2020-07-13_14-10-19 4600
2020-07-13_14-10-19 4610
2020-07-13_14-10-19 4580
2020-07-13_14-10-19 4580
2020-07-13_14-10-19 4570
2020-07-13_14-10-19 4570
2020-07-13_14-10-19 4610
2020-07-13_14-10-19 4580
2020-07-13_14-10-19 4610
2020-07-13_14-10-19 4600
2020-07-13_14-10-19 4580
2020-07-13_14-10-19 4610
2020-07-13_14-10-19 4580
2020-07-13_14-10-19 4610
2020-07-13_14-10-19 4590
2020-07-13_14-10-19 4600
2020-07-13_14-10-19 4630
2020-07-13_14-10-19 4580
2020-07-13_14-10-19 4620
2020-07-13_14-10-19 4600
2020-07-13_14-10-19 4620
2020-07-13_14-10-19 4610
2020-07-13_14-10-19 4590
2020-07-13_14-10-19 4620
2020-07-13_14-10-19 4590
2020-07-13_14-10-19 4590
2020-07-13_14-10-19 4590
2020-07-13_14-10-19 4590
2020-07-13_14-10-19 4620
2020-07-13_14-10-19 4510
2020-07-13_14-10-19 4070
2020-07-13_14-10-19 3400
2020-07-13_14-10-19 2840
2020-07-13_14-10-19 2640
2020-07-13_14-10-19 2620
2020-07-13_14-10-19 2620
2020-07-13_14-10-19 2590
2020-07-13_14-10-19 2580
2020-07-13_14-10-19 2580
2020-07-13_14-10-19 2570
2020-07-13_14-10-19 2590
2020-07-13_14-10-19 2580
2020-07-13_14-10-19 2580
2020-07-13_14-10-19 2600
2020-07-13_14-10-19 2610
2020-07-13_14-10-19 2630
2020-07-13_14-10-19 2600
2020-07-13_14-10-19 2330
2020-07-13_14-10-19 1750
2020-07-13_14-10-19 920
