2020-07-13_14-09-52 1950
2020-07-13_14-09-52 3300
2020-07-13_14-09-52 3990
2020-07-13_14-09-52 3970
2020-07-13_14-09-52 3910
2020-07-13_14-09-52 4020
2020-07-13_14-09-52 4050
2020-07-13_14-09-52 3990
2020-07-13_14-09-52 3960
2020-07-13_14-09-52 4000
2020-07-13_14-09-52 4000
2020-07-13_14-09-52 3970
2020-07-13_14-09-52 3960
2020-07-13_14-09-52 4010
2020-07-13_14-09-52 4020
2020-07-13_14-09-52 4020
2020-07-13_14-09-52 4130
2020-07-13_14-09-52 4770
2020-07-13_14-09-52 5660
2020-07-13_14-09-52 6480
2020-07-13_14-09-52 6890
2020-07-13_14-09-52 6940
2020-07-13_14-09-52 6970
2020-07-13_14-09-52 6910
2020-07-13_14-09-52 7100
2020-07-13_14-09-52 7940
2020-07-13_14-09-52 8880
2020-07-13_14-09-52 9740
2020-07-13_14-09-52 10050
2020-07-13_14-09-52 10050
2020-07-13_14-09-52 10060
2020-07-13_14-09-52 9960
2020-07-13_14-09-52 10090
2020-07-13_14-09-52 10060
2020-07-13_14-09-52 10030
2020-07-13_14-09-52 10050
2020-07-13_14-09-52 10040
2020-07-13_14-09-52 10070
2020-07-13_14-09-52 10000
2020-07-13_14-09-52 10040
2020-07-13_14-09-52 10050
2020-07-13_14-09-52 10030
2020-07-13_14-09-52 10050
2020-07-13_14-09-52 10040
2020-07-13_14-09-52 10070
2020-07-13_14-09-52 10030
2020-07-13_14-09-52 10040
2020-07-13_14-09-52 10050
2020-07-13_14-09-52 10040
2020-07-13_14-09-52 10050
2020-07-13_14-09-52 10040
2020-07-13_14-09-52 10060
2020-07-13_14-09-52 10050
2020-07-13_14-09-52 10050
2020-07-13_14-09-52 10050
2020-07-13_14-09-52 10050
2020-07-13_14-09-52 10050
2020-07-13_14-09-52 10070
2020-07-13_14-09-52 10050
2020-07-13_14-09-52 10050
2020-07-13_14-09-52 10040
2020-07-13_14-09-52 10050
2020-07-13_14-09-52 10040
2020-07-13_14-09-52 10040
2020-07-13_14-09-52 10040
2020-07-13_14-09-52 10030
2020-07-13_14-09-52 10040
2020-07-13_14-09-52 10040
2020-07-13_14-09-52 10040
2020-07-13_14-09-52 10040
2020-07-13_14-09-52 10040
2020-07-13_14-09-52 10050
2020-07-13_14-09-52 10040
2020-07-13_14-09-52 10040
2020-07-13_14-09-52 10040
2020-07-13_14-09-52 10040
2020-07-13_14-09-52 10040
2020-07-13_14-09-52 10040
2020-07-13_14-09-52 10050
2020-07-13_14-09-52 10050
2020-07-13_14-09-52 10050
2020-07-13_14-09-52 10040
2020-07-13_14-09-52 10040
2020-07-13_14-09-52 10040
2020-07-13_14-09-52 10050
2020-07-13_14-09-52 10040
2020-07-13_14-09-52 10040
2020-07-13_14-09-52 10040
2020-07-13_14-09-52 10040
2020-07-13_14-09-52 10030
2020-07-13_14-09-52 10040
2020-07-13_14-09-52 10050
2020-07-13_14-09-52 10040
2020-07-13_14-09-52 10030
2020-07-13_14-09-52 10040
2020-07-13_14-09-52 10040
2020-07-13_14-09-52 10040
2020-07-13_14-09-52 10040
2020-07-13_14-09-52 10050
2020-07-13_14-09-52 10040
2020-07-13_14-09-52 10030
2020-07-13_14-09-52 10040
2020-07-13_14-09-52 10050
2020-07-13_14-09-52 10050
2020-07-13_14-09-52 10040
2020-07-13_14-09-52 10040
2020-07-13_14-09-52 10040
2020-07-13_14-09-52 10040
2020-07-13_14-09-52 10030
2020-07-13_14-09-52 10010
2020-07-13_14-09-52 10000
2020-07-13_14-09-52 9980
2020-07-13_14-09-52 9960
2020-07-13_14-09-52 9940
2020-07-13_14-09-52 9950
2020-07-13_14-09-52 9950
2020-07-13_14-09-52 9950
2020-07-13_14-09-52 9950
2020-07-13_14-09-52 9960
2020-07-13_14-09-52 9950
2020-07-13_14-09-52 9940
2020-07-13_14-09-52 9950
2020-07-13_14-09-52 9950
2020-07-13_14-09-52 9950
2020-07-13_14-09-52 9950
2020-07-13_14-09-52 9970
2020-07-13_14-09-52 9970
2020-07-13_14-09-52 9980
2020-07-13_14-09-52 9980
2020-07-13_14-09-52 9980
2020-07-13_14-09-52 9970
2020-07-13_14-09-52 9960
2020-07-13_14-09-52 9950
2020-07-13_14-09-52 9940
2020-07-13_14-09-52 9940
2020-07-13_14-09-52 9940
2020-07-13_14-09-52 9940
2020-07-13_14-09-52 9950
2020-07-13_14-09-52 9950
2020-07-13_14-09-52 9950
2020-07-13_14-09-52 9950
2020-07-13_14-09-52 9950
2020-07-13_14-09-52 9950
2020-07-13_14-09-52 9950
2020-07-13_14-09-52 9950
2020-07-13_14-09-52 9950
2020-07-13_14-09-52 9950
2020-07-13_14-09-52 9950
2020-07-13_14-09-52 9950
2020-07-13_14-09-52 9950
2020-07-13_14-09-52 9940
2020-07-13_14-09-52 9950
2020-07-13_14-09-52 9950
2020-07-13_14-09-52 9940
2020-07-13_14-09-52 9940
2020-07-13_14-09-52 9940
2020-07-13_14-09-52 9940
2020-07-13_14-09-52 9940
2020-07-13_14-09-52 9940
2020-07-13_14-09-52 9940
2020-07-13_14-09-52 9940
2020-07-13_14-09-52 9940
2020-07-13_14-09-52 9940
2020-07-13_14-09-52 9940
2020-07-13_14-09-52 9940
2020-07-13_14-09-52 9940
2020-07-13_14-09-52 9940
2020-07-13_14-09-52 9940
2020-07-13_14-09-52 9940
2020-07-13_14-09-52 9940
2020-07-13_14-09-52 9940
2020-07-13_14-09-52 9950
2020-07-13_14-09-52 9950
2020-07-13_14-09-52 9950
2020-07-13_14-09-52 9950
2020-07-13_14-09-52 9950
2020-07-13_14-09-52 9950
2020-07-13_14-09-52 9950
2020-07-13_14-09-52 9940
2020-07-13_14-09-52 9940
2020-07-13_14-09-52 9940
2020-07-13_14-09-52 9950
2020-07-13_14-09-52 9940
2020-07-13_14-09-52 9940
2020-07-13_14-09-52 9940
2020-07-13_14-09-52 9940
2020-07-13_14-09-52 9940
2020-07-13_14-09-52 9940
2020-07-13_14-09-52 9940
2020-07-13_14-09-52 9940
2020-07-13_14-09-52 9940
2020-07-13_14-09-52 9940
2020-07-13_14-09-52 9950
2020-07-13_14-09-52 9940
2020-07-13_14-09-52 9940
2020-07-13_14-09-52 9940
2020-07-13_14-09-52 9940
2020-07-13_14-09-52 9940
2020-07-13_14-09-52 9940
2020-07-13_14-09-52 9940
2020-07-13_14-09-52 9940
2020-07-13_14-09-52 9940
2020-07-13_14-09-52 9940
2020-07-13_14-09-52 9940
2020-07-13_14-09-52 9940
2020-07-13_14-09-52 9940
2020-07-13_14-09-52 9940
2020-07-13_14-09-52 9940
2020-07-13_14-09-52 9940
2020-07-13_14-09-52 9940
2020-07-13_14-09-52 9940
2020-07-13_14-09-52 9940
2020-07-13_14-09-52 9940
2020-07-13_14-09-52 9940
2020-07-13_14-09-52 9940
2020-07-13_14-09-52 9940
2020-07-13_14-09-52 9940
2020-07-13_14-09-52 9940
2020-07-13_14-09-52 9940
2020-07-13_14-09-52 9940
2020-07-13_14-09-52 9940
2020-07-13_14-09-52 9940
2020-07-13_14-09-52 9940
2020-07-13_14-09-52 9940
2020-07-13_14-09-52 9940
2020-07-13_14-09-52 9940
2020-07-13_14-09-52 9940
2020-07-13_14-09-52 9940
2020-07-13_14-09-52 9940
2020-07-13_14-09-52 9940
2020-07-13_14-09-52 9940
2020-07-13_14-09-52 9940
2020-07-13_14-09-52 9940
2020-07-13_14-09-52 9940
2020-07-13_14-09-52 9940
2020-07-13_14-09-52 9940
2020-07-13_14-09-52 9940
2020-07-13_14-09-52 9940
2020-07-13_14-09-52 9940
2020-07-13_14-09-52 9940
2020-07-13_14-09-52 9940
2020-07-13_14-09-52 9940
2020-07-13_14-09-52 9940
2020-07-13_14-09-52 9940
2020-07-13_14-09-52 9940
2020-07-13_14-09-52 9940
2020-07-13_14-09-52 9940
2020-07-13_14-09-52 9940
2020-07-13_14-09-52 9940
2020-07-13_14-09-52 9940
2020-07-13_14-09-52 9940
2020-07-13_14-09-52 9940
2020-07-13_14-09-52 9940
2020-07-13_14-09-52 9940
2020-07-13_14-09-52 9940
2020-07-13_14-09-52 9940
2020-07-13_14-09-52 9940
2020-07-13_14-09-52 9940
2020-07-13_14-09-52 9940
2020-07-13_14-09-52 9940
2020-07-13_14-09-52 9940
2020-07-13_14-09-52 9960
2020-07-13_14-09-52 9970
2020-07-13_14-09-52 9990
2020-07-13_14-09-52 10010
2020-07-13_14-09-52 10030
2020-07-13_14-09-52 10050
2020-07-13_14-09-52 10050
2020-07-13_14-09-52 10030
2020-07-13_14-09-52 9990
2020-07-13_14-09-52 9990
2020-07-13_14-09-52 10050
2020-07-13_14-09-52 10110
2020-07-13_14-09-52 10070
2020-07-13_14-09-52 10000
2020-07-13_14-09-52 9990
2020-07-13_14-09-52 10020
2020-07-13_14-09-52 10030
2020-07-13_14-09-52 10050
2020-07-13_14-09-52 10070
2020-07-13_14-09-52 10050
2020-07-13_14-09-52 10000
2020-07-13_14-09-52 10040
2020-07-13_14-09-52 10070
2020-07-13_14-09-52 10050
2020-07-13_14-09-52 10020
2020-07-13_14-09-52 10030
2020-07-13_14-09-52 10040
2020-07-13_14-09-52 10050
2020-07-13_14-09-52 10070
2020-07-13_14-09-52 10050
2020-07-13_14-09-52 10020
2020-07-13_14-09-52 10040
2020-07-13_14-09-52 10060
2020-07-13_14-09-52 10040
2020-07-13_14-09-52 10030
2020-07-13_14-09-52 10050
2020-07-13_14-09-52 10050
2020-07-13_14-09-52 10030
2020-07-13_14-09-52 10040
2020-07-13_14-09-52 10060
2020-07-13_14-09-52 10040
2020-07-13_14-09-52 10030
2020-07-13_14-09-52 10040
2020-07-13_14-09-52 10030
2020-07-13_14-09-52 10030
2020-07-13_14-09-52 10030
2020-07-13_14-09-52 10050
2020-07-13_14-09-52 10040
2020-07-13_14-09-52 10040
2020-07-13_14-09-52 10040
2020-07-13_14-09-52 10030
2020-07-13_14-09-52 10030
2020-07-13_14-09-52 10030
2020-07-13_14-09-52 10040
2020-07-13_14-09-52 10040
2020-07-13_14-09-52 10050
2020-07-13_14-09-52 10050
2020-07-13_14-09-52 10040
2020-07-13_14-09-52 10030
2020-07-13_14-09-52 10030
2020-07-13_14-09-52 10030
2020-07-13_14-09-52 10020
2020-07-13_14-09-52 10030
2020-07-13_14-09-52 10040
2020-07-13_14-09-52 10030
2020-07-13_14-09-52 10030
2020-07-13_14-09-52 10050
2020-07-13_14-09-52 10050
2020-07-13_14-09-52 10040
2020-07-13_14-09-52 10050
2020-07-13_14-09-52 10080
2020-07-13_14-09-52 9940
2020-07-13_14-09-52 9880
2020-07-13_14-09-52 9960
2020-07-13_14-09-52 10010
2020-07-13_14-09-52 9950
2020-07-13_14-09-52 9770
2020-07-13_14-09-52 9980
2020-07-13_14-09-52 9990
2020-07-13_14-09-52 9980
2020-07-13_14-09-52 9920
2020-07-13_14-09-52 10010
2020-07-13_14-09-52 10140
2020-07-13_14-09-52 9990
2020-07-13_14-09-52 10010
2020-07-13_14-09-52 10030
2020-07-13_14-09-52 10060
2020-07-13_14-09-52 10050
2020-07-13_14-09-52 10000
2020-07-13_14-09-52 10070
2020-07-13_14-09-52 10050
2020-07-13_14-09-52 10020
2020-07-13_14-09-52 10050
2020-07-13_14-09-52 10030
2020-07-13_14-09-52 10040
2020-07-13_14-09-52 10020
2020-07-13_14-09-52 10050
2020-07-13_14-09-52 10090
2020-07-13_14-09-52 10400
2020-07-13_14-09-52 11160
2020-07-13_14-09-52 12000
2020-07-13_14-09-52 12490
2020-07-13_14-09-52 12590
2020-07-13_14-09-52 12590
2020-07-13_14-09-52 12600
2020-07-13_14-09-52 12600
2020-07-13_14-09-52 12580
2020-07-13_14-09-52 12610
2020-07-13_14-09-52 12600
2020-07-13_14-09-52 12610
2020-07-13_14-09-52 12600
2020-07-13_14-09-52 12600
2020-07-13_14-09-52 12600
2020-07-13_14-09-52 12600
2020-07-13_14-09-52 12570
2020-07-13_14-09-52 12590
2020-07-13_14-09-52 12600
2020-07-13_14-09-52 12620
2020-07-13_14-09-52 12610
2020-07-13_14-09-52 12600
2020-07-13_14-09-52 12610
2020-07-13_14-09-52 12590
2020-07-13_14-09-52 12600
2020-07-13_14-09-52 12600
2020-07-13_14-09-52 12600
2020-07-13_14-09-52 12600
2020-07-13_14-09-52 12600
2020-07-13_14-09-52 12600
2020-07-13_14-09-52 12270
2020-07-13_14-09-52 11290
2020-07-13_14-09-52 10030
2020-07-13_14-09-52 9030
2020-07-13_14-09-52 8690
2020-07-13_14-09-52 8640
2020-07-13_14-09-52 8620
2020-07-13_14-09-52 8680
2020-07-13_14-09-52 9090
2020-07-13_14-09-52 9800
2020-07-13_14-09-52 10540
2020-07-13_14-09-52 10950
2020-07-13_14-09-52 11010
2020-07-13_14-09-52 10970
2020-07-13_14-09-52 10900
2020-07-13_14-09-52 10940
2020-07-13_14-09-52 10940
2020-07-13_14-09-52 10990
2020-07-13_14-09-52 10960
2020-07-13_14-09-52 10960
2020-07-13_14-09-52 10980
2020-07-13_14-09-52 10980
2020-07-13_14-09-52 10990
2020-07-13_14-09-52 10970
2020-07-13_14-09-52 10980
2020-07-13_14-09-52 10970
2020-07-13_14-09-52 10990
2020-07-13_14-09-52 10990
2020-07-13_14-09-52 10970
2020-07-13_14-09-52 10980
2020-07-13_14-09-52 10970
2020-07-13_14-09-52 10840
2020-07-13_14-09-52 10080
2020-07-13_14-09-52 8950
2020-07-13_14-09-52 7950
2020-07-13_14-09-52 7640
2020-07-13_14-09-52 7730
2020-07-13_14-09-52 7820
2020-07-13_14-09-52 7860
2020-07-13_14-09-52 7890
2020-07-13_14-09-52 7920
2020-07-13_14-09-52 7920
2020-07-13_14-09-52 7950
2020-07-13_14-09-52 7980
2020-07-13_14-09-52 7920
2020-07-13_14-09-52 7310
2020-07-13_14-09-52 6330
2020-07-13_14-09-52 5390
2020-07-13_14-09-52 4970
2020-07-13_14-09-52 4910
2020-07-13_14-09-52 4930
2020-07-13_14-09-52 4930
2020-07-13_14-09-52 4920
2020-07-13_14-09-52 4930
2020-07-13_14-09-52 4920
2020-07-13_14-09-52 4930
2020-07-13_14-09-52 4930
2020-07-13_14-09-52 4920
2020-07-13_14-09-52 4920
2020-07-13_14-09-52 4920
2020-07-13_14-09-52 4930
2020-07-13_14-09-52 4930
2020-07-13_14-09-52 4930
2020-07-13_14-09-52 4930
2020-07-13_14-09-52 4930
2020-07-13_14-09-52 4930
2020-07-13_14-09-52 4930
2020-07-13_14-09-52 4930
2020-07-13_14-09-52 4920
2020-07-13_14-09-52 4930
2020-07-13_14-09-52 4920
2020-07-13_14-09-52 4920
2020-07-13_14-09-52 4920
2020-07-13_14-09-52 4930
2020-07-13_14-09-52 4930
2020-07-13_14-09-52 4930
2020-07-13_14-09-52 4950
2020-07-13_14-09-52 4950
2020-07-13_14-09-52 4970
2020-07-13_14-09-52 4930
2020-07-13_14-09-52 4940
2020-07-13_14-09-52 4940
2020-07-13_14-09-52 4940
2020-07-13_14-09-52 4950
2020-07-13_14-09-52 4950
2020-07-13_14-09-52 4950
2020-07-13_14-09-52 4950
2020-07-13_14-09-52 4950
2020-07-13_14-09-52 4940
2020-07-13_14-09-52 4940
2020-07-13_14-09-52 4930
2020-07-13_14-09-52 4950
2020-07-13_14-09-52 4940
2020-07-13_14-09-52 4940
2020-07-13_14-09-52 4940
2020-07-13_14-09-52 4940
2020-07-13_14-09-52 4940
2020-07-13_14-09-52 4940
2020-07-13_14-09-52 4910
2020-07-13_14-09-52 4870
2020-07-13_14-09-52 4760
2020-07-13_14-09-52 4770
2020-07-13_14-09-52 4820
2020-07-13_14-09-52 4930
2020-07-13_14-09-52 4950
2020-07-13_14-09-52 4950
2020-07-13_14-09-52 4950
2020-07-13_14-09-52 4950
2020-07-13_14-09-52 4950
2020-07-13_14-09-52 4950
2020-07-13_14-09-52 4950
2020-07-13_14-09-52 4950
2020-07-13_14-09-52 4950
2020-07-13_14-09-52 4950
2020-07-13_14-09-52 4950
2020-07-13_14-09-52 4950
2020-07-13_14-09-52 4950
2020-07-13_14-09-52 4940
2020-07-13_14-09-52 4930
2020-07-13_14-09-52 4930
2020-07-13_14-09-52 4930
2020-07-13_14-09-52 4930
2020-07-13_14-09-52 4930
2020-07-13_14-09-52 4940
2020-07-13_14-09-52 4940
2020-07-13_14-09-52 4940
2020-07-13_14-09-52 4940
2020-07-13_14-09-52 4940
2020-07-13_14-09-52 4940
2020-07-13_14-09-52 4930
2020-07-13_14-09-52 4930
2020-07-13_14-09-52 4930
2020-07-13_14-09-52 4930
2020-07-13_14-09-52 4930
2020-07-13_14-09-52 4930
2020-07-13_14-09-52 4940
2020-07-13_14-09-52 4940
2020-07-13_14-09-52 4950
2020-07-13_14-09-52 4960
2020-07-13_14-09-52 4960
2020-07-13_14-09-52 4970
2020-07-13_14-09-52 4960
2020-07-13_14-09-52 4970
2020-07-13_14-09-52 4960
2020-07-13_14-09-52 4970
2020-07-13_14-09-52 4970
2020-07-13_14-09-52 4970
2020-07-13_14-09-52 4950
2020-07-13_14-09-52 4930
2020-07-13_14-09-52 4930
2020-07-13_14-09-52 4930
2020-07-13_14-09-52 4940
2020-07-13_14-09-52 4940
2020-07-13_14-09-52 4940
2020-07-13_14-09-52 4940
2020-07-13_14-09-52 4940
2020-07-13_14-09-52 4950
2020-07-13_14-09-52 4950
2020-07-13_14-09-52 4830
2020-07-13_14-09-52 4180
2020-07-13_14-09-52 3330
2020-07-13_14-09-52 2610
2020-07-13_14-09-52 2410
2020-07-13_14-09-52 2390
2020-07-13_14-09-52 2390
2020-07-13_14-09-52 2380
2020-07-13_14-09-52 2390
2020-07-13_14-09-52 2380
2020-07-13_14-09-52 2370
2020-07-13_14-09-52 2380
2020-07-13_14-09-52 2370
2020-07-13_14-09-52 2380
2020-07-13_14-09-52 2350
2020-07-13_14-09-52 2360
2020-07-13_14-09-52 2370
2020-07-13_14-09-52 2390
2020-07-13_14-09-52 2370
2020-07-13_14-09-52 2360
2020-07-13_14-09-52 2370
2020-07-13_14-09-52 2360
2020-07-13_14-09-52 2350
2020-07-13_14-09-52 2360
2020-07-13_14-09-52 2370
2020-07-13_14-09-52 2380
2020-07-13_14-09-52 2130
2020-07-13_14-09-52 1430
