2020-07-13_14-10-18 1540
2020-07-13_14-10-18 2250
2020-07-13_14-10-18 2470
2020-07-13_14-10-18 2400
2020-07-13_14-10-18 2390
2020-07-13_14-10-18 2410
2020-07-13_14-10-18 2350
2020-07-13_14-10-18 2330
2020-07-13_14-10-18 2460
2020-07-13_14-10-18 2620
2020-07-13_14-10-18 2630
2020-07-13_14-10-18 2590
2020-07-13_14-10-18 2610
2020-07-13_14-10-18 2970
2020-07-13_14-10-18 5080
2020-07-13_14-10-18 8430
2020-07-13_14-10-18 11210
2020-07-13_14-10-18 11640
2020-07-13_14-10-18 10850
2020-07-13_14-10-18 10760
2020-07-13_14-10-18 11210
2020-07-13_14-10-18 11280
2020-07-13_14-10-18 11010
2020-07-13_14-10-18 11020
2020-07-13_14-10-18 11240
2020-07-13_14-10-18 11190
2020-07-13_14-10-18 11020
2020-07-13_14-10-18 11070
2020-07-13_14-10-18 11210
2020-07-13_14-10-18 11170
2020-07-13_14-10-18 11070
2020-07-13_14-10-18 11090
2020-07-13_14-10-18 11150
2020-07-13_14-10-18 11150
2020-07-13_14-10-18 11130
2020-07-13_14-10-18 11100
2020-07-13_14-10-18 11100
2020-07-13_14-10-18 11130
2020-07-13_14-10-18 11130
2020-07-13_14-10-18 11100
2020-07-13_14-10-18 11100
2020-07-13_14-10-18 11130
2020-07-13_14-10-18 11130
2020-07-13_14-10-18 11110
2020-07-13_14-10-18 11110
2020-07-13_14-10-18 11130
2020-07-13_14-10-18 11150
2020-07-13_14-10-18 11160
2020-07-13_14-10-18 11150
2020-07-13_14-10-18 11100
2020-07-13_14-10-18 11080
2020-07-13_14-10-18 11130
2020-07-13_14-10-18 11160
2020-07-13_14-10-18 11120
2020-07-13_14-10-18 11110
2020-07-13_14-10-18 11140
2020-07-13_14-10-18 11140
2020-07-13_14-10-18 11120
2020-07-13_14-10-18 11130
2020-07-13_14-10-18 11150
2020-07-13_14-10-18 11130
2020-07-13_14-10-18 11120
2020-07-13_14-10-18 11140
2020-07-13_14-10-18 11140
2020-07-13_14-10-18 11120
2020-07-13_14-10-18 11130
2020-07-13_14-10-18 11140
2020-07-13_14-10-18 11120
2020-07-13_14-10-18 11100
2020-07-13_14-10-18 11120
2020-07-13_14-10-18 11130
2020-07-13_14-10-18 11120
2020-07-13_14-10-18 11090
2020-07-13_14-10-18 11100
2020-07-13_14-10-18 11120
2020-07-13_14-10-18 11120
2020-07-13_14-10-18 11100
2020-07-13_14-10-18 11090
2020-07-13_14-10-18 11090
2020-07-13_14-10-18 11100
2020-07-13_14-10-18 11100
2020-07-13_14-10-18 11100
2020-07-13_14-10-18 11090
2020-07-13_14-10-18 11090
2020-07-13_14-10-18 11120
2020-07-13_14-10-18 11130
2020-07-13_14-10-18 11100
2020-07-13_14-10-18 11070
2020-07-13_14-10-18 11090
2020-07-13_14-10-18 11120
2020-07-13_14-10-18 11150
2020-07-13_14-10-18 11120
2020-07-13_14-10-18 11040
2020-07-13_14-10-18 11050
2020-07-13_14-10-18 11150
2020-07-13_14-10-18 11190
2020-07-13_14-10-18 11110
2020-07-13_14-10-18 11050
2020-07-13_14-10-18 11100
2020-07-13_14-10-18 11150
2020-07-13_14-10-18 11140
2020-07-13_14-10-18 10760
2020-07-13_14-10-18 10010
2020-07-13_14-10-18 9320
2020-07-13_14-10-18 8980
2020-07-13_14-10-18 8910
2020-07-13_14-10-18 8840
2020-07-13_14-10-18 8860
2020-07-13_14-10-18 8900
2020-07-13_14-10-18 8810
2020-07-13_14-10-18 8700
2020-07-13_14-10-18 8760
2020-07-13_14-10-18 8810
2020-07-13_14-10-18 8710
2020-07-13_14-10-18 8630
2020-07-13_14-10-18 8690
2020-07-13_14-10-18 8690
2020-07-13_14-10-18 7610
2020-07-13_14-10-18 5050
2020-07-13_14-10-18 2240
