2020-07-13_14-11-06 1240
2020-07-13_14-11-06 2150
2020-07-13_14-11-06 1980
2020-07-13_14-11-06 1960
2020-07-13_14-11-06 2070
2020-07-13_14-11-06 2050
2020-07-13_14-11-06 2460
2020-07-13_14-11-06 4150
2020-07-13_14-11-06 4570
2020-07-13_14-11-06 4490
2020-07-13_14-11-06 4520
2020-07-13_14-11-06 4510
2020-07-13_14-11-06 4510
2020-07-13_14-11-06 4510
2020-07-13_14-11-06 4510
2020-07-13_14-11-06 4520
2020-07-13_14-11-06 4510
2020-07-13_14-11-06 4490
2020-07-13_14-11-06 4510
2020-07-13_14-11-06 4510
2020-07-13_14-11-06 4520
2020-07-13_14-11-06 4520
2020-07-13_14-11-06 4520
2020-07-13_14-11-06 4520
2020-07-13_14-11-06 4520
2020-07-13_14-11-06 4520
2020-07-13_14-11-06 4520
2020-07-13_14-11-06 4520
2020-07-13_14-11-06 4510
2020-07-13_14-11-06 4520
2020-07-13_14-11-06 4520
2020-07-13_14-11-06 4520
2020-07-13_14-11-06 4520
