2020-07-13_14-10-24 830
2020-07-13_14-10-24 1840
2020-07-13_14-10-24 2790
2020-07-13_14-10-24 2780
2020-07-13_14-10-24 2600
2020-07-13_14-10-24 2600
2020-07-13_14-10-24 2740
2020-07-13_14-10-24 2780
2020-07-13_14-10-24 2710
2020-07-13_14-10-24 2700
2020-07-13_14-10-24 2770
2020-07-13_14-10-24 2800
2020-07-13_14-10-24 3140
2020-07-13_14-10-24 5280
2020-07-13_14-10-24 8410
2020-07-13_14-10-24 10680
2020-07-13_14-10-24 10730
2020-07-13_14-10-24 10060
2020-07-13_14-10-24 10200
2020-07-13_14-10-24 10560
2020-07-13_14-10-24 10480
2020-07-13_14-10-24 10270
2020-07-13_14-10-24 10380
2020-07-13_14-10-24 10530
2020-07-13_14-10-24 10400
2020-07-13_14-10-24 10330
2020-07-13_14-10-24 10450
2020-07-13_14-10-24 10460
2020-07-13_14-10-24 10350
2020-07-13_14-10-24 10380
2020-07-13_14-10-24 10490
2020-07-13_14-10-24 10430
2020-07-13_14-10-24 10350
2020-07-13_14-10-24 10420
2020-07-13_14-10-24 10480
2020-07-13_14-10-24 10400
2020-07-13_14-10-24 10360
2020-07-13_14-10-24 10410
2020-07-13_14-10-24 10430
2020-07-13_14-10-24 10400
2020-07-13_14-10-24 10400
2020-07-13_14-10-24 10420
2020-07-13_14-10-24 10410
2020-07-13_14-10-24 10410
2020-07-13_14-10-24 10430
2020-07-13_14-10-24 10420
2020-07-13_14-10-24 10400
2020-07-13_14-10-24 10420
2020-07-13_14-10-24 10430
2020-07-13_14-10-24 10410
2020-07-13_14-10-24 10410
2020-07-13_14-10-24 10420
2020-07-13_14-10-24 10410
2020-07-13_14-10-24 10400
2020-07-13_14-10-24 10420
2020-07-13_14-10-24 10430
2020-07-13_14-10-24 10420
2020-07-13_14-10-24 10420
2020-07-13_14-10-24 10420
2020-07-13_14-10-24 10410
2020-07-13_14-10-24 10410
2020-07-13_14-10-24 10420
2020-07-13_14-10-24 10420
2020-07-13_14-10-24 10410
2020-07-13_14-10-24 10420
2020-07-13_14-10-24 10430
2020-07-13_14-10-24 10420
2020-07-13_14-10-24 10410
2020-07-13_14-10-24 10420
2020-07-13_14-10-24 10420
2020-07-13_14-10-24 10410
2020-07-13_14-10-24 10420
2020-07-13_14-10-24 10430
2020-07-13_14-10-24 10430
2020-07-13_14-10-24 10430
2020-07-13_14-10-24 10430
2020-07-13_14-10-24 10420
2020-07-13_14-10-24 10390
2020-07-13_14-10-24 10390
2020-07-13_14-10-24 10420
2020-07-13_14-10-24 10440
2020-07-13_14-10-24 10410
2020-07-13_14-10-24 10380
2020-07-13_14-10-24 10380
2020-07-13_14-10-24 10400
2020-07-13_14-10-24 10410
2020-07-13_14-10-24 10390
2020-07-13_14-10-24 10380
2020-07-13_14-10-24 10390
2020-07-13_14-10-24 10390
2020-07-13_14-10-24 10400
2020-07-13_14-10-24 10390
2020-07-13_14-10-24 10390
2020-07-13_14-10-24 10390
2020-07-13_14-10-24 10390
2020-07-13_14-10-24 10390
2020-07-13_14-10-24 10390
2020-07-13_14-10-24 10390
2020-07-13_14-10-24 10390
2020-07-13_14-10-24 10390
2020-07-13_14-10-24 10390
2020-07-13_14-10-24 10390
2020-07-13_14-10-24 10390
2020-07-13_14-10-24 10390
2020-07-13_14-10-24 10390
2020-07-13_14-10-24 10390
2020-07-13_14-10-24 10390
2020-07-13_14-10-24 10390
2020-07-13_14-10-24 10390
2020-07-13_14-10-24 10390
2020-07-13_14-10-24 10390
2020-07-13_14-10-24 10410
2020-07-13_14-10-24 10300
2020-07-13_14-10-24 9750
2020-07-13_14-10-24 9010
2020-07-13_14-10-24 8390
2020-07-13_14-10-24 8180
2020-07-13_14-10-24 8130
2020-07-13_14-10-24 8140
2020-07-13_14-10-24 8160
2020-07-13_14-10-24 8120
2020-07-13_14-10-24 8070
2020-07-13_14-10-24 8070
2020-07-13_14-10-24 8080
2020-07-13_14-10-24 8040
2020-07-13_14-10-24 8030
2020-07-13_14-10-24 8060
2020-07-13_14-10-24 8080
2020-07-13_14-10-24 8050
2020-07-13_14-10-24 8030
2020-07-13_14-10-24 8010
2020-07-13_14-10-24 7640
2020-07-13_14-10-24 6230
2020-07-13_14-10-24 3890
2020-07-13_14-10-24 1570
