2020-07-13_14-11-33 4340
2020-07-13_14-11-33 3930
2020-07-13_14-11-33 4060
2020-07-13_14-11-33 5710
2020-07-13_14-11-33 6880
2020-07-13_14-11-33 6910
2020-07-13_14-11-33 8470
2020-07-13_14-11-33 9310
2020-07-13_14-11-33 9970
2020-07-13_14-11-33 10050
2020-07-13_14-11-33 10060
2020-07-13_14-11-33 9990
2020-07-13_14-11-33 10030
2020-07-13_14-11-33 9950
2020-07-13_14-11-33 10010
2020-07-13_14-11-33 10000
2020-07-13_14-11-33 10000
2020-07-13_14-11-33 10000
2020-07-13_14-11-33 10000
2020-07-13_14-11-33 10000
2020-07-13_14-11-33 9990
2020-07-13_14-11-33 9990
2020-07-13_14-11-33 10000
2020-07-13_14-11-33 10010
2020-07-13_14-11-33 10000
2020-07-13_14-11-33 9970
2020-07-13_14-11-33 10000
2020-07-13_14-11-33 9970
2020-07-13_14-11-33 9990
2020-07-13_14-11-33 10020
2020-07-13_14-11-33 9970
2020-07-13_14-11-33 10010
2020-07-13_14-11-33 10000
2020-07-13_14-11-33 10010
2020-07-13_14-11-33 10000
2020-07-13_14-11-33 10000
2020-07-13_14-11-33 10000
2020-07-13_14-11-33 10000
2020-07-13_14-11-33 10000
2020-07-13_14-11-33 10000
2020-07-13_14-11-33 10010
2020-07-13_14-11-33 9990
2020-07-13_14-11-33 10000
2020-07-13_14-11-33 10000
2020-07-13_14-11-33 10000
2020-07-13_14-11-33 10010
2020-07-13_14-11-33 10000
2020-07-13_14-11-33 10000
2020-07-13_14-11-33 10000
2020-07-13_14-11-33 10000
2020-07-13_14-11-33 10000
2020-07-13_14-11-33 10000
2020-07-13_14-11-33 10010
2020-07-13_14-11-33 10000
2020-07-13_14-11-33 9990
2020-07-13_14-11-33 9990
2020-07-13_14-11-33 10000
2020-07-13_14-11-33 10010
2020-07-13_14-11-33 10010
2020-07-13_14-11-33 10010
2020-07-13_14-11-33 9990
2020-07-13_14-11-33 9990
2020-07-13_14-11-33 10000
2020-07-13_14-11-33 10000
2020-07-13_14-11-33 10000
2020-07-13_14-11-33 10000
2020-07-13_14-11-33 10000
2020-07-13_14-11-33 10000
2020-07-13_14-11-33 10000
2020-07-13_14-11-33 10000
2020-07-13_14-11-33 10010
2020-07-13_14-11-33 10010
2020-07-13_14-11-33 10000
2020-07-13_14-11-33 9990
2020-07-13_14-11-33 10000
2020-07-13_14-11-33 10000
2020-07-13_14-11-33 10010
2020-07-13_14-11-33 10010
2020-07-13_14-11-33 10000
2020-07-13_14-11-33 10000
2020-07-13_14-11-33 10000
2020-07-13_14-11-33 10000
2020-07-13_14-11-33 10000
2020-07-13_14-11-33 10000
2020-07-13_14-11-33 10000
2020-07-13_14-11-33 10000
2020-07-13_14-11-33 10000
2020-07-13_14-11-33 10000
2020-07-13_14-11-33 10000
2020-07-13_14-11-33 10010
2020-07-13_14-11-33 9990
2020-07-13_14-11-33 10010
2020-07-13_14-11-33 10010
2020-07-13_14-11-33 10010
2020-07-13_14-11-33 10000
2020-07-13_14-11-33 10010
2020-07-13_14-11-33 10000
2020-07-13_14-11-33 10010
2020-07-13_14-11-33 10010
2020-07-13_14-11-33 10010
2020-07-13_14-11-33 10010
2020-07-13_14-11-33 10010
2020-07-13_14-11-33 10000
2020-07-13_14-11-33 10000
2020-07-13_14-11-33 10000
2020-07-13_14-11-33 10000
2020-07-13_14-11-33 10000
2020-07-13_14-11-33 10010
2020-07-13_14-11-33 10010
2020-07-13_14-11-33 10000
2020-07-13_14-11-33 10010
2020-07-13_14-11-33 10010
2020-07-13_14-11-33 10010
2020-07-13_14-11-33 10010
2020-07-13_14-11-33 10000
2020-07-13_14-11-33 10000
2020-07-13_14-11-33 10000
2020-07-13_14-11-33 10000
2020-07-13_14-11-33 10000
2020-07-13_14-11-33 10000
2020-07-13_14-11-33 10000
2020-07-13_14-11-33 10010
2020-07-13_14-11-33 10010
2020-07-13_14-11-33 10000
2020-07-13_14-11-33 10000
2020-07-13_14-11-33 10000
2020-07-13_14-11-33 9860
2020-07-13_14-11-33 9990
2020-07-13_14-11-33 10000
2020-07-13_14-11-33 10000
2020-07-13_14-11-33 10010
2020-07-13_14-11-33 10000
2020-07-13_14-11-33 10000
2020-07-13_14-11-33 10000
2020-07-13_14-11-33 10000
2020-07-13_14-11-33 10000
2020-07-13_14-11-33 10000
2020-07-13_14-11-33 9990
2020-07-13_14-11-33 10010
2020-07-13_14-11-33 9970
2020-07-13_14-11-33 9980
2020-07-13_14-11-33 9990
2020-07-13_14-11-33 9970
2020-07-13_14-11-33 9950
2020-07-13_14-11-33 9980
2020-07-13_14-11-33 1470
2020-07-13_14-11-33 3030
2020-07-13_14-11-33 4030
2020-07-13_14-11-33 3790
2020-07-13_14-11-33 4120
2020-07-13_14-11-33 3940
2020-07-13_14-11-33 3990
2020-07-13_14-11-33 4100
2020-07-13_14-11-33 4180
2020-07-13_14-11-33 4800
2020-07-13_14-11-33 6540
2020-07-13_14-11-33 6870
2020-07-13_14-11-33 6910
2020-07-13_14-11-33 7400
2020-07-13_14-11-33 9990
2020-07-13_14-11-33 9990
2020-07-13_14-11-33 9950
2020-07-13_14-11-33 9990
2020-07-13_14-11-33 10000
2020-07-13_14-11-33 10030
2020-07-13_14-11-33 10000
2020-07-13_14-11-33 9980
2020-07-13_14-11-33 10020
2020-07-13_14-11-33 9990
2020-07-13_14-11-33 10000
2020-07-13_14-11-33 10010
2020-07-13_14-11-33 10010
2020-07-13_14-11-33 10000
2020-07-13_14-11-33 9990
2020-07-13_14-11-33 10000
2020-07-13_14-11-33 9980
2020-07-13_14-11-33 9980
2020-07-13_14-11-33 10010
2020-07-13_14-11-33 9970
2020-07-13_14-11-33 9950
2020-07-13_14-11-33 10040
2020-07-13_14-11-33 10030
2020-07-13_14-11-33 9990
2020-07-13_14-11-33 10020
2020-07-13_14-11-33 9990
2020-07-13_14-11-33 10000
2020-07-13_14-11-33 10010
2020-07-13_14-11-33 9990
2020-07-13_14-11-33 10010
2020-07-13_14-11-33 10000
2020-07-13_14-11-33 10010
2020-07-13_14-11-33 9990
2020-07-13_14-11-33 9990
2020-07-13_14-11-33 10000
2020-07-13_14-11-33 10000
2020-07-13_14-11-33 10000
2020-07-13_14-11-33 10010
2020-07-13_14-11-33 10000
2020-07-13_14-11-33 10010
2020-07-13_14-11-33 10010
2020-07-13_14-11-33 9990
2020-07-13_14-11-33 10000
2020-07-13_14-11-33 10010
2020-07-13_14-11-33 10000
2020-07-13_14-11-33 10000
2020-07-13_14-11-33 10000
2020-07-13_14-11-33 10000
2020-07-13_14-11-33 9990
2020-07-13_14-11-33 9990
2020-07-13_14-11-33 10000
2020-07-13_14-11-33 10000
2020-07-13_14-11-33 10000
2020-07-13_14-11-33 10000
2020-07-13_14-11-33 10000
2020-07-13_14-11-33 9990
2020-07-13_14-11-33 9990
2020-07-13_14-11-33 10000
2020-07-13_14-11-33 10010
2020-07-13_14-11-33 10010
2020-07-13_14-11-33 10010
2020-07-13_14-11-33 10000
2020-07-13_14-11-33 9990
2020-07-13_14-11-33 10000
2020-07-13_14-11-33 10000
2020-07-13_14-11-33 10000
2020-07-13_14-11-33 10000
2020-07-13_14-11-33 10000
2020-07-13_14-11-33 10000
2020-07-13_14-11-33 10000
2020-07-13_14-11-33 10000
2020-07-13_14-11-33 10000
2020-07-13_14-11-33 10000
2020-07-13_14-11-33 10000
2020-07-13_14-11-33 10010
2020-07-13_14-11-33 10010
2020-07-13_14-11-33 10000
2020-07-13_14-11-33 9990
2020-07-13_14-11-33 9990
2020-07-13_14-11-33 10000
2020-07-13_14-11-33 10000
2020-07-13_14-11-33 10000
2020-07-13_14-11-33 10000
2020-07-13_14-11-33 10000
2020-07-13_14-11-33 10000
2020-07-13_14-11-33 9990
2020-07-13_14-11-33 10000
2020-07-13_14-11-33 10000
2020-07-13_14-11-33 10000
2020-07-13_14-11-33 10000
2020-07-13_14-11-33 10000
2020-07-13_14-11-33 10000
2020-07-13_14-11-33 10000
2020-07-13_14-11-33 10000
2020-07-13_14-11-33 10000
2020-07-13_14-11-33 10000
2020-07-13_14-11-33 10000
2020-07-13_14-11-33 10000
2020-07-13_14-11-33 10010
2020-07-13_14-11-33 10010
2020-07-13_14-11-33 10000
2020-07-13_14-11-33 9990
2020-07-13_14-11-33 10000
2020-07-13_14-11-33 10010
2020-07-13_14-11-33 10010
2020-07-13_14-11-33 10010
2020-07-13_14-11-33 10010
2020-07-13_14-11-33 10010
2020-07-13_14-11-33 10010
2020-07-13_14-11-33 10000
2020-07-13_14-11-33 10010
2020-07-13_14-11-33 10010
2020-07-13_14-11-33 10010
2020-07-13_14-11-33 10010
2020-07-13_14-11-33 10010
2020-07-13_14-11-33 10010
2020-07-13_14-11-33 10000
2020-07-13_14-11-33 10000
2020-07-13_14-11-33 10000
2020-07-13_14-11-33 10000
2020-07-13_14-11-33 10000
2020-07-13_14-11-33 10000
2020-07-13_14-11-33 10000
2020-07-13_14-11-33 10000
2020-07-13_14-11-33 10010
2020-07-13_14-11-33 10010
2020-07-13_14-11-33 10010
2020-07-13_14-11-33 10010
2020-07-13_14-11-33 10010
2020-07-13_14-11-33 10010
2020-07-13_14-11-33 10010
2020-07-13_14-11-33 10010
2020-07-13_14-11-33 10010
2020-07-13_14-11-33 10010
2020-07-13_14-11-33 10000
2020-07-13_14-11-33 10000
2020-07-13_14-11-33 10000
2020-07-13_14-11-33 10000
2020-07-13_14-11-33 10000
2020-07-13_14-11-33 10000
2020-07-13_14-11-33 10000
2020-07-13_14-11-33 10000
2020-07-13_14-11-33 10000
2020-07-13_14-11-33 10000
2020-07-13_14-11-33 10000
2020-07-13_14-11-33 10000
2020-07-13_14-11-33 10010
2020-07-13_14-11-33 10010
2020-07-13_14-11-33 10000
2020-07-13_14-11-33 10000
2020-07-13_14-11-33 10000
2020-07-13_14-11-33 10010
2020-07-13_14-11-33 10000
2020-07-13_14-11-33 9960
2020-07-13_14-11-33 9860
2020-07-13_14-11-33 9900
2020-07-13_14-11-33 10000
2020-07-13_14-11-33 10000
2020-07-13_14-11-33 10000
2020-07-13_14-11-33 10010
2020-07-13_14-11-33 10010
2020-07-13_14-11-33 10000
2020-07-13_14-11-33 10000
2020-07-13_14-11-33 10000
2020-07-13_14-11-33 10000
2020-07-13_14-11-33 10000
2020-07-13_14-11-33 10010
2020-07-13_14-11-33 10010
2020-07-13_14-11-33 10000
2020-07-13_14-11-33 9990
2020-07-13_14-11-33 10000
2020-07-13_14-11-33 10000
2020-07-13_14-11-33 10000
2020-07-13_14-11-33 10010
2020-07-13_14-11-33 10000
2020-07-13_14-11-33 9970
2020-07-13_14-11-33 9990
2020-07-13_14-11-33 10000
2020-07-13_14-11-33 9970
2020-07-13_14-11-33 9970
2020-07-13_14-11-33 9970
2020-07-13_14-11-33 9970
2020-07-13_14-11-33 9940
2020-07-13_14-11-33 9970
2020-07-13_14-11-33 9960
2020-07-13_14-11-33 9930
2020-07-13_14-11-33 9930
2020-07-13_14-11-33 9940
2020-07-13_14-11-33 9940
2020-07-13_14-11-33 10010
2020-07-13_14-11-33 10060
2020-07-13_14-11-33 11430
2020-07-13_14-11-33 12510
2020-07-13_14-11-33 12580
2020-07-13_14-11-33 12560
2020-07-13_14-11-33 12570
2020-07-13_14-11-33 12570
2020-07-13_14-11-33 12560
2020-07-13_14-11-33 12570
2020-07-13_14-11-33 12540
2020-07-13_14-11-33 12590
2020-07-13_14-11-33 12580
2020-07-13_14-11-33 12590
2020-07-13_14-11-33 12580
2020-07-13_14-11-33 12590
2020-07-13_14-11-33 12590
2020-07-13_14-11-33 12080
2020-07-13_14-11-33 10960
2020-07-13_14-11-33 8890
2020-07-13_14-11-33 8670
2020-07-13_14-11-33 8630
2020-07-13_14-11-33 9660
2020-07-13_14-11-33 10430
2020-07-13_14-11-33 10970
2020-07-13_14-11-33 10960
2020-07-13_14-11-33 10900
2020-07-13_14-11-33 11000
2020-07-13_14-11-33 10990
2020-07-13_14-11-33 11060
2020-07-13_14-11-33 11020
2020-07-13_14-11-33 11010
2020-07-13_14-11-33 11040
2020-07-13_14-11-33 10760
2020-07-13_14-11-33 9820
2020-07-13_14-11-33 7750
2020-07-13_14-11-33 7860
2020-07-13_14-11-33 7880
2020-07-13_14-11-33 7970
2020-07-13_14-11-33 7980
2020-07-13_14-11-33 7050
2020-07-13_14-11-33 4950
2020-07-13_14-11-33 4960
2020-07-13_14-11-33 4970
2020-07-13_14-11-33 4970
2020-07-13_14-11-33 4950
2020-07-13_14-11-33 4950
2020-07-13_14-11-33 4960
2020-07-13_14-11-33 4990
2020-07-13_14-11-33 4970
2020-07-13_14-11-33 4960
2020-07-13_14-11-33 4960
2020-07-13_14-11-33 4960
2020-07-13_14-11-33 4960
2020-07-13_14-11-33 5010
2020-07-13_14-11-33 4970
2020-07-13_14-11-33 4980
2020-07-13_14-11-33 4980
2020-07-13_14-11-33 4980
2020-07-13_14-11-33 4980
2020-07-13_14-11-33 4980
2020-07-13_14-11-33 4980
2020-07-13_14-11-33 4980
2020-07-13_14-11-33 4980
2020-07-13_14-11-33 4980
2020-07-13_14-11-33 4980
2020-07-13_14-11-33 4980
2020-07-13_14-11-33 4980
2020-07-13_14-11-33 4980
2020-07-13_14-11-33 4980
2020-07-13_14-11-33 4980
2020-07-13_14-11-33 4980
2020-07-13_14-11-33 4980
2020-07-13_14-11-33 4980
2020-07-13_14-11-33 4980
2020-07-13_14-11-33 4980
2020-07-13_14-11-33 4980
2020-07-13_14-11-33 4980
2020-07-13_14-11-33 4980
2020-07-13_14-11-33 4970
2020-07-13_14-11-33 4980
2020-07-13_14-11-33 4980
2020-07-13_14-11-33 4980
2020-07-13_14-11-33 4970
2020-07-13_14-11-33 4970
2020-07-13_14-11-33 4970
2020-07-13_14-11-33 4970
2020-07-13_14-11-33 4970
2020-07-13_14-11-33 4970
2020-07-13_14-11-33 4980
2020-07-13_14-11-33 4970
2020-07-13_14-11-33 4970
2020-07-13_14-11-33 4970
2020-07-13_14-11-33 4970
2020-07-13_14-11-33 4970
2020-07-13_14-11-33 4970
2020-07-13_14-11-33 4970
2020-07-13_14-11-33 4970
2020-07-13_14-11-33 4970
2020-07-13_14-11-33 4970
2020-07-13_14-11-33 4970
2020-07-13_14-11-33 4980
2020-07-13_14-11-33 4980
2020-07-13_14-11-33 4980
2020-07-13_14-11-33 4990
2020-07-13_14-11-33 5000
2020-07-13_14-11-33 5010
2020-07-13_14-11-33 5010
2020-07-13_14-11-33 5000
2020-07-13_14-11-33 4970
2020-07-13_14-11-33 4960
2020-07-13_14-11-33 4960
2020-07-13_14-11-33 4970
2020-07-13_14-11-33 4970
2020-07-13_14-11-33 4970
2020-07-13_14-11-33 4800
2020-07-13_14-11-33 4140
2020-07-13_14-11-33 2620
2020-07-13_14-11-33 2390
2020-07-13_14-11-33 2400
2020-07-13_14-11-33 2390
2020-07-13_14-11-33 2390
2020-07-13_14-11-33 2400
2020-07-13_14-11-33 2390
2020-07-13_14-11-33 2380
2020-07-13_14-11-33 2370
2020-07-13_14-11-33 2400
2020-07-13_14-11-33 2410
2020-07-13_14-11-33 2400
2020-07-13_14-11-33 2400
2020-07-13_14-11-33 2380
2020-07-13_14-11-33 2380
2020-07-13_14-11-33 2390
2020-07-13_14-11-33 1730
2020-07-13_14-11-33 930
