2020-07-13_14-11-06 4520
2020-07-13_14-11-06 4520
2020-07-13_14-11-06 4520
2020-07-13_14-11-06 4520
2020-07-13_14-11-06 4520
2020-07-13_14-11-06 4520
2020-07-13_14-11-06 4520
2020-07-13_14-11-06 4520
2020-07-13_14-11-06 4520
2020-07-13_14-11-06 4520
2020-07-13_14-11-06 4520
2020-07-13_14-11-06 4520
2020-07-13_14-11-06 4520
2020-07-13_14-11-06 4520
2020-07-13_14-11-06 4520
2020-07-13_14-11-06 4520
2020-07-13_14-11-06 4520
2020-07-13_14-11-06 4520
2020-07-13_14-11-06 4520
2020-07-13_14-11-06 4520
2020-07-13_14-11-06 4520
2020-07-13_14-11-06 4520
2020-07-13_14-11-06 4520
2020-07-13_14-11-06 4520
2020-07-13_14-11-06 4520
2020-07-13_14-11-06 4510
2020-07-13_14-11-06 4520
2020-07-13_14-11-06 4520
2020-07-13_14-11-06 4520
2020-07-13_14-11-06 4510
2020-07-13_14-11-06 4510
2020-07-13_14-11-06 4510
2020-07-13_14-11-06 4530
2020-07-13_14-11-06 4530
2020-07-13_14-11-06 4500
2020-07-13_14-11-06 4510
2020-07-13_14-11-06 4510
2020-07-13_14-11-06 4490
2020-07-13_14-11-06 4510
2020-07-13_14-11-06 4510
2020-07-13_14-11-06 4500
2020-07-13_14-11-06 4500
2020-07-13_14-11-06 4500
2020-07-13_14-11-06 4500
2020-07-13_14-11-06 4500
2020-07-13_14-11-06 4530
2020-07-13_14-11-06 4540
2020-07-13_14-11-06 4510
2020-07-13_14-11-06 4500
2020-07-13_14-11-06 4500
2020-07-13_14-11-06 4530
2020-07-13_14-11-06 2500
2020-07-13_14-11-06 2500
2020-07-13_14-11-06 2490
2020-07-13_14-11-06 2490
2020-07-13_14-11-06 2500
2020-07-13_14-11-06 2480
2020-07-13_14-11-06 2470
2020-07-13_14-11-06 2510
2020-07-13_14-11-06 2330
2020-07-13_14-11-06 1640
2020-07-13_14-11-06 800
