2020-07-13_14-11-07 1890
2020-07-13_14-11-07 2540
2020-07-13_14-11-07 2610
2020-07-13_14-11-07 2570
2020-07-13_14-11-07 2530
2020-07-13_14-11-07 2490
2020-07-13_14-11-07 3930
2020-07-13_14-11-07 9790
2020-07-13_14-11-07 9350
2020-07-13_14-11-07 9640
2020-07-13_14-11-07 9550
2020-07-13_14-11-07 9530
2020-07-13_14-11-07 9470
2020-07-13_14-11-07 9450
2020-07-13_14-11-07 9540
2020-07-13_14-11-07 9440
2020-07-13_14-11-07 9500
2020-07-13_14-11-07 9490
2020-07-13_14-11-07 9530
2020-07-13_14-11-07 9480
2020-07-13_14-11-07 890
2020-07-13_14-11-07 2750
2020-07-13_14-11-07 2620
2020-07-13_14-11-07 2460
2020-07-13_14-11-07 2660
2020-07-13_14-11-07 2530
2020-07-13_14-11-07 2540
2020-07-13_14-11-07 2470
2020-07-13_14-11-07 2480
2020-07-13_14-11-07 2560
2020-07-13_14-11-07 6700
2020-07-13_14-11-07 9120
2020-07-13_14-11-07 9290
2020-07-13_14-11-07 9420
2020-07-13_14-11-07 9610
2020-07-13_14-11-07 9580
2020-07-13_14-11-07 9560
2020-07-13_14-11-07 9450
2020-07-13_14-11-07 9510
2020-07-13_14-11-07 9480
2020-07-13_14-11-07 9480
2020-07-13_14-11-07 9520
2020-07-13_14-11-07 9500
2020-07-13_14-11-07 9500
2020-07-13_14-11-07 9510
2020-07-13_14-11-07 9530
2020-07-13_14-11-07 9540
2020-07-13_14-11-07 9480
2020-07-13_14-11-07 9490
2020-07-13_14-11-07 9530
2020-07-13_14-11-07 9530
2020-07-13_14-11-07 9520
2020-07-13_14-11-07 9510
2020-07-13_14-11-07 9520
2020-07-13_14-11-07 9530
2020-07-13_14-11-07 9530
2020-07-13_14-11-07 9530
2020-07-13_14-11-07 9520
2020-07-13_14-11-07 9530
2020-07-13_14-11-07 9530
2020-07-13_14-11-07 9530
2020-07-13_14-11-07 9530
2020-07-13_14-11-07 9530
2020-07-13_14-11-07 9520
2020-07-13_14-11-07 9520
2020-07-13_14-11-07 9520
2020-07-13_14-11-07 9530
2020-07-13_14-11-07 9530
2020-07-13_14-11-07 9530
2020-07-13_14-11-07 9530
2020-07-13_14-11-07 9520
2020-07-13_14-11-07 9520
2020-07-13_14-11-07 9520
2020-07-13_14-11-07 9520
2020-07-13_14-11-07 9520
2020-07-13_14-11-07 9520
2020-07-13_14-11-07 9530
2020-07-13_14-11-07 9530
2020-07-13_14-11-07 9520
2020-07-13_14-11-07 9510
2020-07-13_14-11-07 9520
2020-07-13_14-11-07 9520
2020-07-13_14-11-07 9520
2020-07-13_14-11-07 9530
2020-07-13_14-11-07 9530
2020-07-13_14-11-07 9530
2020-07-13_14-11-07 9530
2020-07-13_14-11-07 9530
2020-07-13_14-11-07 9530
2020-07-13_14-11-07 9530
2020-07-13_14-11-07 9520
2020-07-13_14-11-07 9520
2020-07-13_14-11-07 9520
2020-07-13_14-11-07 9530
2020-07-13_14-11-07 9520
2020-07-13_14-11-07 9520
2020-07-13_14-11-07 9520
2020-07-13_14-11-07 9520
2020-07-13_14-11-07 9520
2020-07-13_14-11-07 9520
2020-07-13_14-11-07 9520
2020-07-13_14-11-07 9520
2020-07-13_14-11-07 9520
2020-07-13_14-11-07 9520
2020-07-13_14-11-07 9520
2020-07-13_14-11-07 9520
2020-07-13_14-11-07 9520
2020-07-13_14-11-07 9520
2020-07-13_14-11-07 9520
2020-07-13_14-11-07 9520
2020-07-13_14-11-07 9520
2020-07-13_14-11-07 9520
2020-07-13_14-11-07 9520
2020-07-13_14-11-07 9520
2020-07-13_14-11-07 9520
2020-07-13_14-11-07 9500
2020-07-13_14-11-07 9490
2020-07-13_14-11-07 9510
2020-07-13_14-11-07 9540
2020-07-13_14-11-07 9540
2020-07-13_14-11-07 9510
2020-07-13_14-11-07 9520
2020-07-13_14-11-07 9520
2020-07-13_14-11-07 9510
2020-07-13_14-11-07 9510
2020-07-13_14-11-07 9510
2020-07-13_14-11-07 9510
2020-07-13_14-11-07 9510
2020-07-13_14-11-07 9510
2020-07-13_14-11-07 9510
2020-07-13_14-11-07 9510
2020-07-13_14-11-07 9510
2020-07-13_14-11-07 9510
2020-07-13_14-11-07 9510
2020-07-13_14-11-07 9510
2020-07-13_14-11-07 9520
2020-07-13_14-11-07 9520
2020-07-13_14-11-07 9520
2020-07-13_14-11-07 9510
2020-07-13_14-11-07 9510
2020-07-13_14-11-07 9520
2020-07-13_14-11-07 9520
2020-07-13_14-11-07 9520
2020-07-13_14-11-07 9520
2020-07-13_14-11-07 9520
2020-07-13_14-11-07 9520
2020-07-13_14-11-07 9520
2020-07-13_14-11-07 9520
2020-07-13_14-11-07 9520
2020-07-13_14-11-07 9510
2020-07-13_14-11-07 9510
2020-07-13_14-11-07 9510
2020-07-13_14-11-07 9510
2020-07-13_14-11-07 9510
2020-07-13_14-11-07 9520
2020-07-13_14-11-07 9520
2020-07-13_14-11-07 9520
2020-07-13_14-11-07 9520
2020-07-13_14-11-07 9520
2020-07-13_14-11-07 9520
2020-07-13_14-11-07 9520
2020-07-13_14-11-07 9520
2020-07-13_14-11-07 9520
2020-07-13_14-11-07 9520
2020-07-13_14-11-07 9520
2020-07-13_14-11-07 9520
2020-07-13_14-11-07 9520
2020-07-13_14-11-07 9520
2020-07-13_14-11-07 9520
2020-07-13_14-11-07 9520
2020-07-13_14-11-07 9520
2020-07-13_14-11-07 9520
2020-07-13_14-11-07 9520
2020-07-13_14-11-07 9520
2020-07-13_14-11-07 9520
2020-07-13_14-11-07 9520
2020-07-13_14-11-07 9520
2020-07-13_14-11-07 9530
2020-07-13_14-11-07 9520
2020-07-13_14-11-07 9510
2020-07-13_14-11-07 9510
2020-07-13_14-11-07 9510
2020-07-13_14-11-07 9510
2020-07-13_14-11-07 9510
2020-07-13_14-11-07 9520
2020-07-13_14-11-07 9520
2020-07-13_14-11-07 9520
2020-07-13_14-11-07 9520
2020-07-13_14-11-07 9510
2020-07-13_14-11-07 9510
2020-07-13_14-11-07 9520
2020-07-13_14-11-07 9490
2020-07-13_14-11-07 9470
2020-07-13_14-11-07 9460
2020-07-13_14-11-07 9450
2020-07-13_14-11-07 9460
2020-07-13_14-11-07 9460
2020-07-13_14-11-07 9460
2020-07-13_14-11-07 9460
2020-07-13_14-11-07 9440
2020-07-13_14-11-07 9440
2020-07-13_14-11-07 9440
2020-07-13_14-11-07 9440
2020-07-13_14-11-07 9440
2020-07-13_14-11-07 9440
2020-07-13_14-11-07 9440
2020-07-13_14-11-07 9440
2020-07-13_14-11-07 9440
2020-07-13_14-11-07 9440
2020-07-13_14-11-07 9440
2020-07-13_14-11-07 9440
2020-07-13_14-11-07 9440
2020-07-13_14-11-07 9520
2020-07-13_14-11-07 9510
2020-07-13_14-11-07 9530
2020-07-13_14-11-07 9520
2020-07-13_14-11-07 9520
2020-07-13_14-11-07 9520
2020-07-13_14-11-07 9520
2020-07-13_14-11-07 9520
2020-07-13_14-11-07 9520
2020-07-13_14-11-07 9520
2020-07-13_14-11-07 9530
2020-07-13_14-11-07 9530
2020-07-13_14-11-07 9520
2020-07-13_14-11-07 9530
2020-07-13_14-11-07 9520
2020-07-13_14-11-07 9520
2020-07-13_14-11-07 9520
2020-07-13_14-11-07 9520
2020-07-13_14-11-07 9520
2020-07-13_14-11-07 9520
2020-07-13_14-11-07 9530
2020-07-13_14-11-07 9520
2020-07-13_14-11-07 9530
2020-07-13_14-11-07 9520
2020-07-13_14-11-07 9530
2020-07-13_14-11-07 9520
2020-07-13_14-11-07 9520
2020-07-13_14-11-07 9520
2020-07-13_14-11-07 9520
2020-07-13_14-11-07 9520
2020-07-13_14-11-07 9520
2020-07-13_14-11-07 9520
2020-07-13_14-11-07 9520
2020-07-13_14-11-07 9510
2020-07-13_14-11-07 9520
2020-07-13_14-11-07 9520
2020-07-13_14-11-07 9520
2020-07-13_14-11-07 9530
2020-07-13_14-11-07 9530
2020-07-13_14-11-07 9530
2020-07-13_14-11-07 9530
2020-07-13_14-11-07 9530
2020-07-13_14-11-07 9530
2020-07-13_14-11-07 9530
2020-07-13_14-11-07 9530
2020-07-13_14-11-07 9530
2020-07-13_14-11-07 9530
2020-07-13_14-11-07 9530
2020-07-13_14-11-07 9530
2020-07-13_14-11-07 9530
2020-07-13_14-11-07 9520
2020-07-13_14-11-07 9520
2020-07-13_14-11-07 9520
2020-07-13_14-11-07 9520
2020-07-13_14-11-07 9520
2020-07-13_14-11-07 9520
2020-07-13_14-11-07 9520
2020-07-13_14-11-07 9520
2020-07-13_14-11-07 9520
2020-07-13_14-11-07 9520
2020-07-13_14-11-07 9520
2020-07-13_14-11-07 9520
2020-07-13_14-11-07 9520
2020-07-13_14-11-07 9520
2020-07-13_14-11-07 9520
2020-07-13_14-11-07 9520
2020-07-13_14-11-07 9520
2020-07-13_14-11-07 9520
2020-07-13_14-11-07 9520
2020-07-13_14-11-07 9520
2020-07-13_14-11-07 9520
2020-07-13_14-11-07 9520
2020-07-13_14-11-07 9520
2020-07-13_14-11-07 9560
2020-07-13_14-11-07 9520
2020-07-13_14-11-07 9520
2020-07-13_14-11-07 9520
2020-07-13_14-11-07 9510
2020-07-13_14-11-07 9510
2020-07-13_14-11-07 9510
2020-07-13_14-11-07 9510
2020-07-13_14-11-07 9510
2020-07-13_14-11-07 9510
2020-07-13_14-11-07 9520
2020-07-13_14-11-07 9520
2020-07-13_14-11-07 9520
2020-07-13_14-11-07 9510
2020-07-13_14-11-07 9510
2020-07-13_14-11-07 9520
2020-07-13_14-11-07 9510
2020-07-13_14-11-07 9510
2020-07-13_14-11-07 9510
2020-07-13_14-11-07 9520
2020-07-13_14-11-07 9520
2020-07-13_14-11-07 9510
2020-07-13_14-11-07 9520
2020-07-13_14-11-07 9510
2020-07-13_14-11-07 9510
2020-07-13_14-11-07 9510
2020-07-13_14-11-07 9510
2020-07-13_14-11-07 9510
2020-07-13_14-11-07 9520
2020-07-13_14-11-07 9520
2020-07-13_14-11-07 9520
2020-07-13_14-11-07 9520
2020-07-13_14-11-07 9520
2020-07-13_14-11-07 9520
2020-07-13_14-11-07 9520
2020-07-13_14-11-07 9520
2020-07-13_14-11-07 9520
2020-07-13_14-11-07 9520
2020-07-13_14-11-07 9520
2020-07-13_14-11-07 9520
2020-07-13_14-11-07 9520
2020-07-13_14-11-07 9520
2020-07-13_14-11-07 9520
2020-07-13_14-11-07 9520
2020-07-13_14-11-07 9520
2020-07-13_14-11-07 9520
2020-07-13_14-11-07 9520
2020-07-13_14-11-07 9520
2020-07-13_14-11-07 9520
2020-07-13_14-11-07 9520
2020-07-13_14-11-07 9520
2020-07-13_14-11-07 9520
2020-07-13_14-11-07 9520
2020-07-13_14-11-07 9520
2020-07-13_14-11-07 9510
2020-07-13_14-11-07 9520
2020-07-13_14-11-07 9510
2020-07-13_14-11-07 9510
2020-07-13_14-11-07 9520
2020-07-13_14-11-07 9520
2020-07-13_14-11-07 9520
2020-07-13_14-11-07 9520
2020-07-13_14-11-07 9520
2020-07-13_14-11-07 9520
2020-07-13_14-11-07 9520
2020-07-13_14-11-07 9520
2020-07-13_14-11-07 9500
2020-07-13_14-11-07 9460
2020-07-13_14-11-07 9460
2020-07-13_14-11-07 9460
2020-07-13_14-11-07 9460
2020-07-13_14-11-07 9460
2020-07-13_14-11-07 9450
2020-07-13_14-11-07 9440
2020-07-13_14-11-07 9440
2020-07-13_14-11-07 9440
2020-07-13_14-11-07 9440
2020-07-13_14-11-07 9440
2020-07-13_14-11-07 9440
2020-07-13_14-11-07 9440
2020-07-13_14-11-07 9440
2020-07-13_14-11-07 9440
2020-07-13_14-11-07 9440
2020-07-13_14-11-07 9440
2020-07-13_14-11-07 9440
2020-07-13_14-11-07 9440
2020-07-13_14-11-07 9440
2020-07-13_14-11-07 9440
2020-07-13_14-11-07 9440
2020-07-13_14-11-07 9440
2020-07-13_14-11-07 9440
2020-07-13_14-11-07 9440
2020-07-13_14-11-07 9440
2020-07-13_14-11-07 9440
2020-07-13_14-11-07 9440
2020-07-13_14-11-07 9440
2020-07-13_14-11-07 9440
2020-07-13_14-11-07 9440
2020-07-13_14-11-07 9440
2020-07-13_14-11-07 9440
2020-07-13_14-11-07 9440
2020-07-13_14-11-07 9440
2020-07-13_14-11-07 9440
2020-07-13_14-11-07 9440
2020-07-13_14-11-07 9440
2020-07-13_14-11-07 9450
2020-07-13_14-11-07 9440
2020-07-13_14-11-07 9440
2020-07-13_14-11-07 9440
2020-07-13_14-11-07 9440
2020-07-13_14-11-07 9430
2020-07-13_14-11-07 9440
2020-07-13_14-11-07 9450
2020-07-13_14-11-07 9440
2020-07-13_14-11-07 9450
2020-07-13_14-11-07 9440
2020-07-13_14-11-07 9440
2020-07-13_14-11-07 9440
2020-07-13_14-11-07 9450
2020-07-13_14-11-07 9440
2020-07-13_14-11-07 9450
2020-07-13_14-11-07 9430
2020-07-13_14-11-07 9430
2020-07-13_14-11-07 9450
2020-07-13_14-11-07 9440
2020-07-13_14-11-07 9440
2020-07-13_14-11-07 9440
2020-07-13_14-11-07 9440
2020-07-13_14-11-07 9440
2020-07-13_14-11-07 9440
2020-07-13_14-11-07 9440
2020-07-13_14-11-07 9440
2020-07-13_14-11-07 9440
2020-07-13_14-11-07 9440
2020-07-13_14-11-07 9440
2020-07-13_14-11-07 9440
2020-07-13_14-11-07 9440
2020-07-13_14-11-07 9440
2020-07-13_14-11-07 9440
2020-07-13_14-11-07 9440
2020-07-13_14-11-07 9440
2020-07-13_14-11-07 9440
2020-07-13_14-11-07 9440
2020-07-13_14-11-07 9440
2020-07-13_14-11-07 9450
2020-07-13_14-11-07 9450
2020-07-13_14-11-07 9440
2020-07-13_14-11-07 9440
2020-07-13_14-11-07 9440
2020-07-13_14-11-07 9440
2020-07-13_14-11-07 9440
2020-07-13_14-11-07 9440
2020-07-13_14-11-07 9450
2020-07-13_14-11-07 9450
2020-07-13_14-11-07 9440
2020-07-13_14-11-07 9450
2020-07-13_14-11-07 9450
2020-07-13_14-11-07 9450
2020-07-13_14-11-07 9450
2020-07-13_14-11-07 9440
2020-07-13_14-11-07 9440
2020-07-13_14-11-07 9440
2020-07-13_14-11-07 9440
2020-07-13_14-11-07 9440
2020-07-13_14-11-07 9440
2020-07-13_14-11-07 9440
2020-07-13_14-11-07 9440
2020-07-13_14-11-07 9440
2020-07-13_14-11-07 9440
2020-07-13_14-11-07 9440
2020-07-13_14-11-07 9440
2020-07-13_14-11-07 9440
2020-07-13_14-11-07 9450
2020-07-13_14-11-07 9440
2020-07-13_14-11-07 9440
2020-07-13_14-11-07 9440
2020-07-13_14-11-07 9500
2020-07-13_14-11-07 9500
2020-07-13_14-11-07 9520
2020-07-13_14-11-07 9510
2020-07-13_14-11-07 9530
2020-07-13_14-11-07 9520
2020-07-13_14-11-07 9520
2020-07-13_14-11-07 9520
2020-07-13_14-11-07 9520
2020-07-13_14-11-07 9520
2020-07-13_14-11-07 9510
2020-07-13_14-11-07 9530
2020-07-13_14-11-07 9530
2020-07-13_14-11-07 9530
2020-07-13_14-11-07 9530
2020-07-13_14-11-07 9520
2020-07-13_14-11-07 9520
2020-07-13_14-11-07 9520
2020-07-13_14-11-07 9520
2020-07-13_14-11-07 9520
2020-07-13_14-11-07 9530
2020-07-13_14-11-07 9520
2020-07-13_14-11-07 9520
2020-07-13_14-11-07 9520
2020-07-13_14-11-07 9520
2020-07-13_14-11-07 9520
2020-07-13_14-11-07 9520
2020-07-13_14-11-07 9520
2020-07-13_14-11-07 9520
2020-07-13_14-11-07 9520
2020-07-13_14-11-07 9520
2020-07-13_14-11-07 9520
2020-07-13_14-11-07 9520
2020-07-13_14-11-07 9520
2020-07-13_14-11-07 9520
2020-07-13_14-11-07 9520
2020-07-13_14-11-07 9520
2020-07-13_14-11-07 9520
2020-07-13_14-11-07 9440
2020-07-13_14-11-07 9440
2020-07-13_14-11-07 9440
2020-07-13_14-11-07 9440
2020-07-13_14-11-07 9440
2020-07-13_14-11-07 9440
2020-07-13_14-11-07 9440
2020-07-13_14-11-07 9440
2020-07-13_14-11-07 9440
2020-07-13_14-11-07 9440
2020-07-13_14-11-07 9440
2020-07-13_14-11-07 9440
2020-07-13_14-11-07 9440
2020-07-13_14-11-07 9440
2020-07-13_14-11-07 9440
2020-07-13_14-11-07 9440
2020-07-13_14-11-07 9440
2020-07-13_14-11-07 9440
2020-07-13_14-11-07 9440
2020-07-13_14-11-07 9440
2020-07-13_14-11-07 9440
2020-07-13_14-11-07 9440
2020-07-13_14-11-07 9440
2020-07-13_14-11-07 9440
2020-07-13_14-11-07 9440
2020-07-13_14-11-07 9440
2020-07-13_14-11-07 9440
2020-07-13_14-11-07 9440
2020-07-13_14-11-07 9440
2020-07-13_14-11-07 9440
2020-07-13_14-11-07 9440
2020-07-13_14-11-07 9440
2020-07-13_14-11-07 9440
2020-07-13_14-11-07 9440
2020-07-13_14-11-07 9450
2020-07-13_14-11-07 9440
2020-07-13_14-11-07 9440
2020-07-13_14-11-07 9440
2020-07-13_14-11-07 9450
2020-07-13_14-11-07 9450
2020-07-13_14-11-07 9450
2020-07-13_14-11-07 9440
2020-07-13_14-11-07 9440
2020-07-13_14-11-07 9440
2020-07-13_14-11-07 9440
2020-07-13_14-11-07 9450
2020-07-13_14-11-07 9450
2020-07-13_14-11-07 9440
2020-07-13_14-11-07 9440
2020-07-13_14-11-07 9440
2020-07-13_14-11-07 9440
2020-07-13_14-11-07 9440
2020-07-13_14-11-07 9440
2020-07-13_14-11-07 9440
2020-07-13_14-11-07 9440
2020-07-13_14-11-07 9440
2020-07-13_14-11-07 9440
2020-07-13_14-11-07 9440
2020-07-13_14-11-07 9440
2020-07-13_14-11-07 9440
2020-07-13_14-11-07 9440
2020-07-13_14-11-07 9440
2020-07-13_14-11-07 9440
2020-07-13_14-11-07 9440
2020-07-13_14-11-07 9440
2020-07-13_14-11-07 9440
2020-07-13_14-11-07 9440
2020-07-13_14-11-07 9440
2020-07-13_14-11-07 9440
2020-07-13_14-11-07 9440
2020-07-13_14-11-07 9450
2020-07-13_14-11-07 9440
2020-07-13_14-11-07 9440
2020-07-13_14-11-07 9440
2020-07-13_14-11-07 9440
2020-07-13_14-11-07 9440
2020-07-13_14-11-07 9440
2020-07-13_14-11-07 9450
2020-07-13_14-11-07 9440
2020-07-13_14-11-07 9440
2020-07-13_14-11-07 9450
2020-07-13_14-11-07 9450
2020-07-13_14-11-07 9450
2020-07-13_14-11-07 9450
2020-07-13_14-11-07 9440
2020-07-13_14-11-07 9440
2020-07-13_14-11-07 9440
2020-07-13_14-11-07 9440
2020-07-13_14-11-07 9440
2020-07-13_14-11-07 9440
2020-07-13_14-11-07 9440
2020-07-13_14-11-07 9440
2020-07-13_14-11-07 9440
2020-07-13_14-11-07 9440
2020-07-13_14-11-07 9440
2020-07-13_14-11-07 9450
2020-07-13_14-11-07 9450
2020-07-13_14-11-07 9450
2020-07-13_14-11-07 9440
2020-07-13_14-11-07 9440
2020-07-13_14-11-07 9440
2020-07-13_14-11-07 9440
2020-07-13_14-11-07 9440
2020-07-13_14-11-07 9440
2020-07-13_14-11-07 9450
2020-07-13_14-11-07 9450
2020-07-13_14-11-07 9450
2020-07-13_14-11-07 9450
2020-07-13_14-11-07 9440
2020-07-13_14-11-07 9440
2020-07-13_14-11-07 9450
2020-07-13_14-11-07 9450
2020-07-13_14-11-07 9460
2020-07-13_14-11-07 9470
2020-07-13_14-11-07 9480
2020-07-13_14-11-07 9510
2020-07-13_14-11-07 9520
2020-07-13_14-11-07 9510
2020-07-13_14-11-07 9500
2020-07-13_14-11-07 9510
2020-07-13_14-11-07 9520
2020-07-13_14-11-07 9510
2020-07-13_14-11-07 9510
2020-07-13_14-11-07 9510
2020-07-13_14-11-07 9510
2020-07-13_14-11-07 9520
2020-07-13_14-11-07 9520
2020-07-13_14-11-07 9520
2020-07-13_14-11-07 9530
2020-07-13_14-11-07 9540
2020-07-13_14-11-07 9520
2020-07-13_14-11-07 9520
2020-07-13_14-11-07 9520
2020-07-13_14-11-07 9520
2020-07-13_14-11-07 9520
2020-07-13_14-11-07 9520
2020-07-13_14-11-07 9520
2020-07-13_14-11-07 9520
2020-07-13_14-11-07 9520
2020-07-13_14-11-07 9510
2020-07-13_14-11-07 9520
2020-07-13_14-11-07 9520
2020-07-13_14-11-07 9520
2020-07-13_14-11-07 9520
2020-07-13_14-11-07 9520
2020-07-13_14-11-07 9520
2020-07-13_14-11-07 9530
2020-07-13_14-11-07 9520
2020-07-13_14-11-07 9520
2020-07-13_14-11-07 9520
2020-07-13_14-11-07 9520
2020-07-13_14-11-07 9520
2020-07-13_14-11-07 9520
2020-07-13_14-11-07 9520
2020-07-13_14-11-07 9520
2020-07-13_14-11-07 9520
2020-07-13_14-11-07 9520
2020-07-13_14-11-07 9520
2020-07-13_14-11-07 9520
2020-07-13_14-11-07 9520
2020-07-13_14-11-07 9520
2020-07-13_14-11-07 9520
2020-07-13_14-11-07 9520
2020-07-13_14-11-07 9520
2020-07-13_14-11-07 9520
2020-07-13_14-11-07 9520
2020-07-13_14-11-07 9520
2020-07-13_14-11-07 9520
2020-07-13_14-11-07 9520
2020-07-13_14-11-07 9520
2020-07-13_14-11-07 9520
2020-07-13_14-11-07 9520
2020-07-13_14-11-07 9520
2020-07-13_14-11-07 9520
2020-07-13_14-11-07 9520
2020-07-13_14-11-07 9520
2020-07-13_14-11-07 9520
2020-07-13_14-11-07 9520
2020-07-13_14-11-07 9520
2020-07-13_14-11-07 9520
2020-07-13_14-11-07 9520
2020-07-13_14-11-07 9520
2020-07-13_14-11-07 9520
2020-07-13_14-11-07 9520
2020-07-13_14-11-07 9520
2020-07-13_14-11-07 9520
2020-07-13_14-11-07 9520
2020-07-13_14-11-07 9520
2020-07-13_14-11-07 9520
2020-07-13_14-11-07 9520
2020-07-13_14-11-07 9520
2020-07-13_14-11-07 9520
2020-07-13_14-11-07 9520
2020-07-13_14-11-07 9520
2020-07-13_14-11-07 9520
2020-07-13_14-11-07 9520
2020-07-13_14-11-07 9520
2020-07-13_14-11-07 9520
2020-07-13_14-11-07 9520
2020-07-13_14-11-07 9520
2020-07-13_14-11-07 9520
2020-07-13_14-11-07 9520
2020-07-13_14-11-07 9520
2020-07-13_14-11-07 9520
2020-07-13_14-11-07 9520
2020-07-13_14-11-07 9520
2020-07-13_14-11-07 9520
2020-07-13_14-11-07 9520
2020-07-13_14-11-07 9520
2020-07-13_14-11-07 9520
2020-07-13_14-11-07 9520
2020-07-13_14-11-07 9520
2020-07-13_14-11-07 9520
2020-07-13_14-11-07 9520
2020-07-13_14-11-07 8070
2020-07-13_14-11-07 7230
2020-07-13_14-11-07 7160
2020-07-13_14-11-07 7100
2020-07-13_14-11-07 7080
2020-07-13_14-11-07 7090
2020-07-13_14-11-07 7190
2020-07-13_14-11-07 7170
2020-07-13_14-11-07 4630
