2020-07-13_14-11-34 17710
2020-07-13_14-11-34 17710
2020-07-13_14-11-34 17710
2020-07-13_14-11-34 17710
2020-07-13_14-11-34 17720
2020-07-13_14-11-34 17720
2020-07-13_14-11-34 17710
2020-07-13_14-11-34 17720
2020-07-13_14-11-34 17720
2020-07-13_14-11-34 17720
2020-07-13_14-11-34 17800
2020-07-13_14-11-34 17730
2020-07-13_14-11-34 17820
2020-07-13_14-11-34 17700
2020-07-13_14-11-34 17760
2020-07-13_14-11-34 17780
2020-07-13_14-11-34 17810
2020-07-13_14-11-34 17710
2020-07-13_14-11-34 17790
2020-07-13_14-11-34 17670
2020-07-13_14-11-34 17720
2020-07-13_14-11-34 17450
2020-07-13_14-11-34 13290
2020-07-13_14-11-34 9400
2020-07-13_14-11-34 9310
2020-07-13_14-11-34 9300
2020-07-13_14-11-34 9200
2020-07-13_14-11-34 9180
2020-07-13_14-11-34 9190
2020-07-13_14-11-34 9290
2020-07-13_14-11-34 9240
2020-07-13_14-11-34 9090
2020-07-13_14-11-34 9150
2020-07-13_14-11-34 9080
2020-07-13_14-11-34 9030
2020-07-13_14-11-34 9080
2020-07-13_14-11-34 9130
2020-07-13_14-11-34 9050
2020-07-13_14-11-34 6040
2020-07-13_14-11-34 820
