2020-07-13_14-11-13 940
2020-07-13_14-11-13 2080
2020-07-13_14-11-13 3170
2020-07-13_14-11-13 2920
2020-07-13_14-11-13 2910
2020-07-13_14-11-13 2940
2020-07-13_14-11-13 2600
2020-07-13_14-11-13 2600
2020-07-13_14-11-13 2670
2020-07-13_14-11-13 2590
2020-07-13_14-11-13 2860
2020-07-13_14-11-13 4830
2020-07-13_14-11-13 10030
2020-07-13_14-11-13 10240
2020-07-13_14-11-13 9770
2020-07-13_14-11-13 10060
2020-07-13_14-11-13 9820
2020-07-13_14-11-13 9930
2020-07-13_14-11-13 9910
2020-07-13_14-11-13 9880
2020-07-13_14-11-13 9970
2020-07-13_14-11-13 9920
2020-07-13_14-11-13 9960
2020-07-13_14-11-13 9930
2020-07-13_14-11-13 9920
2020-07-13_14-11-13 9950
2020-07-13_14-11-13 9930
2020-07-13_14-11-13 9950
2020-07-13_14-11-13 9940
2020-07-13_14-11-13 9910
2020-07-13_14-11-13 9950
2020-07-13_14-11-13 9930
2020-07-13_14-11-13 9930
2020-07-13_14-11-13 9920
2020-07-13_14-11-13 9950
2020-07-13_14-11-13 9950
2020-07-13_14-11-13 9890
2020-07-13_14-11-13 9960
2020-07-13_14-11-13 9930
2020-07-13_14-11-13 9940
2020-07-13_14-11-13 9940
2020-07-13_14-11-13 9930
2020-07-13_14-11-13 9950
2020-07-13_14-11-13 9940
2020-07-13_14-11-13 9950
2020-07-13_14-11-13 9940
2020-07-13_14-11-13 9950
2020-07-13_14-11-13 9940
2020-07-13_14-11-13 9940
2020-07-13_14-11-13 9950
2020-07-13_14-11-13 9940
2020-07-13_14-11-13 9930
2020-07-13_14-11-13 9940
2020-07-13_14-11-13 9940
2020-07-13_14-11-13 9950
2020-07-13_14-11-13 9950
2020-07-13_14-11-13 9940
2020-07-13_14-11-13 9940
2020-07-13_14-11-13 9930
2020-07-13_14-11-13 9940
2020-07-13_14-11-13 9950
2020-07-13_14-11-13 9960
2020-07-13_14-11-13 9960
2020-07-13_14-11-13 9950
2020-07-13_14-11-13 9950
2020-07-13_14-11-13 9950
2020-07-13_14-11-13 9950
2020-07-13_14-11-13 9950
2020-07-13_14-11-13 9950
2020-07-13_14-11-13 9950
2020-07-13_14-11-13 9950
2020-07-13_14-11-13 9940
2020-07-13_14-11-13 9940
2020-07-13_14-11-13 9940
2020-07-13_14-11-13 9950
2020-07-13_14-11-13 9950
2020-07-13_14-11-13 9950
2020-07-13_14-11-13 9950
2020-07-13_14-11-13 9950
2020-07-13_14-11-13 9950
2020-07-13_14-11-13 9950
2020-07-13_14-11-13 9950
2020-07-13_14-11-13 9950
2020-07-13_14-11-13 9950
2020-07-13_14-11-13 9950
2020-07-13_14-11-13 9950
2020-07-13_14-11-13 3030
2020-07-13_14-11-13 2810
2020-07-13_14-11-13 2780
2020-07-13_14-11-13 2670
2020-07-13_14-11-13 7780
2020-07-13_14-11-13 9670
2020-07-13_14-11-13 9990
2020-07-13_14-11-13 10010
2020-07-13_14-11-13 9960
2020-07-13_14-11-13 9980
2020-07-13_14-11-13 9940
2020-07-13_14-11-13 9930
2020-07-13_14-11-13 9910
2020-07-13_14-11-13 9930
2020-07-13_14-11-13 9990
2020-07-13_14-11-13 9910
2020-07-13_14-11-13 9960
2020-07-13_14-11-13 9960
2020-07-13_14-11-13 9950
2020-07-13_14-11-13 9940
2020-07-13_14-11-13 9930
2020-07-13_14-11-13 9950
2020-07-13_14-11-13 9940
2020-07-13_14-11-13 9940
2020-07-13_14-11-13 9950
2020-07-13_14-11-13 9940
2020-07-13_14-11-13 9940
2020-07-13_14-11-13 9930
2020-07-13_14-11-13 9940
2020-07-13_14-11-13 9940
2020-07-13_14-11-13 9960
2020-07-13_14-11-13 9940
2020-07-13_14-11-14 9940
2020-07-13_14-11-14 9940
2020-07-13_14-11-14 9940
2020-07-13_14-11-14 9940
2020-07-13_14-11-14 9940
2020-07-13_14-11-14 9940
2020-07-13_14-11-14 9950
2020-07-13_14-11-14 9950
2020-07-13_14-11-14 9960
2020-07-13_14-11-14 9950
2020-07-13_14-11-14 9950
2020-07-13_14-11-14 9950
2020-07-13_14-11-14 9950
2020-07-13_14-11-14 9950
2020-07-13_14-11-14 9950
2020-07-13_14-11-14 9950
2020-07-13_14-11-14 9950
2020-07-13_14-11-14 9950
2020-07-13_14-11-14 9950
2020-07-13_14-11-14 9950
2020-07-13_14-11-14 9950
2020-07-13_14-11-14 9950
2020-07-13_14-11-14 9950
2020-07-13_14-11-14 9950
2020-07-13_14-11-14 9950
2020-07-13_14-11-14 9950
2020-07-13_14-11-14 9950
2020-07-13_14-11-14 9950
2020-07-13_14-11-14 9940
2020-07-13_14-11-14 9940
2020-07-13_14-11-14 9940
2020-07-13_14-11-14 9950
2020-07-13_14-11-14 9950
2020-07-13_14-11-14 9950
2020-07-13_14-11-14 9950
2020-07-13_14-11-14 9950
2020-07-13_14-11-14 9950
2020-07-13_14-11-14 9950
2020-07-13_14-11-14 9950
2020-07-13_14-11-14 9950
2020-07-13_14-11-14 9950
2020-07-13_14-11-14 9950
2020-07-13_14-11-14 9950
2020-07-13_14-11-14 9950
2020-07-13_14-11-14 9950
2020-07-13_14-11-14 9950
2020-07-13_14-11-14 9950
2020-07-13_14-11-14 9950
2020-07-13_14-11-14 9950
2020-07-13_14-11-14 9950
2020-07-13_14-11-14 9950
2020-07-13_14-11-14 9950
2020-07-13_14-11-14 9950
2020-07-13_14-11-14 9950
2020-07-13_14-11-14 9950
2020-07-13_14-11-14 9950
2020-07-13_14-11-14 9950
2020-07-13_14-11-14 9950
2020-07-13_14-11-14 9950
2020-07-13_14-11-14 9950
2020-07-13_14-11-14 9950
2020-07-13_14-11-14 9950
2020-07-13_14-11-14 9950
2020-07-13_14-11-14 9950
2020-07-13_14-11-14 9950
2020-07-13_14-11-14 9950
2020-07-13_14-11-14 9950
2020-07-13_14-11-14 9950
2020-07-13_14-11-14 9940
2020-07-13_14-11-14 9950
2020-07-13_14-11-14 9950
2020-07-13_14-11-14 9950
2020-07-13_14-11-14 9950
2020-07-13_14-11-14 9950
2020-07-13_14-11-14 9950
2020-07-13_14-11-14 9950
2020-07-13_14-11-14 9950
2020-07-13_14-11-14 9950
2020-07-13_14-11-14 9950
2020-07-13_14-11-14 9950
2020-07-13_14-11-14 9950
2020-07-13_14-11-14 9950
2020-07-13_14-11-14 9950
2020-07-13_14-11-14 9950
2020-07-13_14-11-14 9950
2020-07-13_14-11-14 9950
2020-07-13_14-11-14 9950
2020-07-13_14-11-14 9950
2020-07-13_14-11-14 9950
2020-07-13_14-11-14 9950
2020-07-13_14-11-14 9950
2020-07-13_14-11-14 9950
2020-07-13_14-11-14 9950
2020-07-13_14-11-14 9950
2020-07-13_14-11-14 9950
2020-07-13_14-11-14 9950
2020-07-13_14-11-14 9950
2020-07-13_14-11-14 9950
2020-07-13_14-11-14 9950
2020-07-13_14-11-14 9950
2020-07-13_14-11-14 9950
2020-07-13_14-11-14 9950
2020-07-13_14-11-14 9950
2020-07-13_14-11-14 9950
2020-07-13_14-11-14 9950
2020-07-13_14-11-14 9950
2020-07-13_14-11-14 9950
2020-07-13_14-11-14 9950
2020-07-13_14-11-14 9950
2020-07-13_14-11-14 9950
2020-07-13_14-11-14 9950
2020-07-13_14-11-14 9950
2020-07-13_14-11-14 9950
2020-07-13_14-11-14 9950
2020-07-13_14-11-14 9950
2020-07-13_14-11-14 9950
2020-07-13_14-11-14 9950
2020-07-13_14-11-14 9950
2020-07-13_14-11-14 9950
2020-07-13_14-11-14 9950
2020-07-13_14-11-14 9950
2020-07-13_14-11-14 9950
2020-07-13_14-11-14 9950
2020-07-13_14-11-14 9950
2020-07-13_14-11-14 9950
2020-07-13_14-11-14 9950
2020-07-13_14-11-14 9950
2020-07-13_14-11-14 9950
2020-07-13_14-11-14 9950
2020-07-13_14-11-14 9950
2020-07-13_14-11-14 9950
2020-07-13_14-11-14 9950
2020-07-13_14-11-14 9950
2020-07-13_14-11-14 9950
2020-07-13_14-11-14 9950
2020-07-13_14-11-14 9950
2020-07-13_14-11-14 9940
2020-07-13_14-11-14 9960
2020-07-13_14-11-14 9940
2020-07-13_14-11-14 9950
2020-07-13_14-11-14 9940
2020-07-13_14-11-14 9950
2020-07-13_14-11-14 9950
2020-07-13_14-11-14 9950
2020-07-13_14-11-14 9950
2020-07-13_14-11-14 9940
2020-07-13_14-11-14 9940
2020-07-13_14-11-14 9950
2020-07-13_14-11-14 9950
2020-07-13_14-11-14 9950
2020-07-13_14-11-14 9950
2020-07-13_14-11-14 9950
2020-07-13_14-11-14 9950
2020-07-13_14-11-14 9940
2020-07-13_14-11-14 9940
2020-07-13_14-11-14 9950
2020-07-13_14-11-14 9950
2020-07-13_14-11-14 9940
2020-07-13_14-11-14 9950
2020-07-13_14-11-14 9950
2020-07-13_14-11-14 9950
2020-07-13_14-11-14 9960
2020-07-13_14-11-14 9920
2020-07-13_14-11-14 9930
2020-07-13_14-11-14 9910
2020-07-13_14-11-14 9930
2020-07-13_14-11-14 9920
2020-07-13_14-11-14 9920
2020-07-13_14-11-14 9910
2020-07-13_14-11-14 9900
2020-07-13_14-11-14 9920
2020-07-13_14-11-14 9980
2020-07-13_14-11-14 9900
2020-07-13_14-11-14 9980
2020-07-13_14-11-14 9940
2020-07-13_14-11-14 9940
2020-07-13_14-11-14 9950
2020-07-13_14-11-14 9890
2020-07-13_14-11-14 9900
2020-07-13_14-11-14 8580
2020-07-13_14-11-14 7880
2020-07-13_14-11-14 7450
2020-07-13_14-11-14 7500
2020-07-13_14-11-14 7420
2020-07-13_14-11-14 7390
2020-07-13_14-11-14 7340
2020-07-13_14-11-14 7360
2020-07-13_14-11-14 7380
2020-07-13_14-11-14 7430
2020-07-13_14-11-14 6490
2020-07-13_14-11-14 2170
