2020-07-13_14-11-10 1210
2020-07-13_14-11-10 1210
2020-07-13_14-11-10 1220
2020-07-13_14-11-10 1220
2020-07-13_14-11-10 1220
2020-07-13_14-11-10 1220
2020-07-13_14-11-10 1220
2020-07-13_14-11-10 1220
2020-07-13_14-11-10 1220
2020-07-13_14-11-10 1210
2020-07-13_14-11-10 1210
2020-07-13_14-11-10 1200
2020-07-13_14-11-10 1210
2020-07-13_14-11-10 1200
2020-07-13_14-11-10 1210
2020-07-13_14-11-10 1200
2020-07-13_14-11-10 1200
2020-07-13_14-11-10 1200
2020-07-13_14-11-10 1200
2020-07-13_14-11-10 1200
2020-07-13_14-11-10 1210
2020-07-13_14-11-10 1220
2020-07-13_14-11-10 1210
2020-07-13_14-11-10 1210
2020-07-13_14-11-10 1200
2020-07-13_14-11-10 1200
2020-07-13_14-11-10 1210
2020-07-13_14-11-10 1210
2020-07-13_14-11-10 1220
2020-07-13_14-11-10 1210
2020-07-13_14-11-10 1210
2020-07-13_14-11-10 1210
2020-07-13_14-11-10 1210
2020-07-13_14-11-10 1210
2020-07-13_14-11-10 1210
2020-07-13_14-11-10 1210
2020-07-13_14-11-10 1210
2020-07-13_14-11-10 1210
2020-07-13_14-11-10 1210
2020-07-13_14-11-10 1210
2020-07-13_14-11-10 1210
2020-07-13_14-11-10 1210
2020-07-13_14-11-10 1210
2020-07-13_14-11-10 1210
2020-07-13_14-11-10 1210
2020-07-13_14-11-10 1210
2020-07-13_14-11-10 1210
2020-07-13_14-11-10 1210
2020-07-13_14-11-10 1210
2020-07-13_14-11-10 1210
2020-07-13_14-11-10 1210
2020-07-13_14-11-10 1210
2020-07-13_14-11-10 1210
2020-07-13_14-11-10 1210
2020-07-13_14-11-10 1210
2020-07-13_14-11-10 1210
2020-07-13_14-11-10 1220
2020-07-13_14-11-10 1220
2020-07-13_14-11-10 1220
2020-07-13_14-11-10 1210
2020-07-13_14-11-10 1200
2020-07-13_14-11-10 1200
2020-07-13_14-11-10 1200
2020-07-13_14-11-10 1200
2020-07-13_14-11-10 1210
2020-07-13_14-11-10 1210
2020-07-13_14-11-10 1210
2020-07-13_14-11-10 1210
2020-07-13_14-11-10 1210
2020-07-13_14-11-10 1210
2020-07-13_14-11-10 1210
2020-07-13_14-11-10 1200
2020-07-13_14-11-10 1200
2020-07-13_14-11-10 1210
2020-07-13_14-11-10 1210
2020-07-13_14-11-10 1210
2020-07-13_14-11-10 1210
2020-07-13_14-11-10 1210
2020-07-13_14-11-10 1210
2020-07-13_14-11-10 1210
2020-07-13_14-11-10 1210
2020-07-13_14-11-10 1210
2020-07-13_14-11-10 1210
2020-07-13_14-11-10 1210
2020-07-13_14-11-10 1210
2020-07-13_14-11-10 1210
2020-07-13_14-11-10 1210
2020-07-13_14-11-10 1210
2020-07-13_14-11-10 1210
2020-07-13_14-11-10 1210
2020-07-13_14-11-10 1210
2020-07-13_14-11-10 1210
2020-07-13_14-11-10 1210
2020-07-13_14-11-10 1210
2020-07-13_14-11-10 1210
2020-07-13_14-11-10 1210
2020-07-13_14-11-10 1210
2020-07-13_14-11-10 1210
2020-07-13_14-11-10 1210
2020-07-13_14-11-10 1210
2020-07-13_14-11-10 1210
2020-07-13_14-11-10 1210
2020-07-13_14-11-10 1210
2020-07-13_14-11-10 1210
2020-07-13_14-11-10 1210
2020-07-13_14-11-10 1210
2020-07-13_14-11-10 1210
2020-07-13_14-11-10 1210
2020-07-13_14-11-10 1210
2020-07-13_14-11-10 1210
2020-07-13_14-11-10 1210
2020-07-13_14-11-11 1210
2020-07-13_14-11-11 1220
2020-07-13_14-11-11 1220
2020-07-13_14-11-11 1220
2020-07-13_14-11-11 1210
2020-07-13_14-11-11 1210
2020-07-13_14-11-11 1210
2020-07-13_14-11-11 1210
2020-07-13_14-11-11 1210
2020-07-13_14-11-11 1210
2020-07-13_14-11-11 1210
2020-07-13_14-11-11 1210
2020-07-13_14-11-11 1210
2020-07-13_14-11-11 1210
2020-07-13_14-11-11 1210
2020-07-13_14-11-11 1210
2020-07-13_14-11-11 1210
2020-07-13_14-11-11 1210
2020-07-13_14-11-11 1210
2020-07-13_14-11-11 1210
2020-07-13_14-11-11 1210
2020-07-13_14-11-11 1210
2020-07-13_14-11-11 1210
2020-07-13_14-11-11 1210
2020-07-13_14-11-11 1210
2020-07-13_14-11-11 1210
2020-07-13_14-11-11 1210
2020-07-13_14-11-11 1210
2020-07-13_14-11-11 1210
2020-07-13_14-11-11 1210
2020-07-13_14-11-11 1210
2020-07-13_14-11-11 1210
2020-07-13_14-11-11 1210
2020-07-13_14-11-11 1210
2020-07-13_14-11-11 1210
2020-07-13_14-11-11 1210
2020-07-13_14-11-11 1210
2020-07-13_14-11-11 1210
2020-07-13_14-11-11 1210
2020-07-13_14-11-11 1210
2020-07-13_14-11-11 1210
2020-07-13_14-11-11 1210
2020-07-13_14-11-11 1210
2020-07-13_14-11-11 1210
2020-07-13_14-11-11 1210
2020-07-13_14-11-11 1210
2020-07-13_14-11-11 1210
2020-07-13_14-11-11 1210
2020-07-13_14-11-11 1210
2020-07-13_14-11-11 1210
2020-07-13_14-11-11 1210
2020-07-13_14-11-11 1210
2020-07-13_14-11-11 1210
2020-07-13_14-11-11 1210
2020-07-13_14-11-11 1210
2020-07-13_14-11-11 1210
2020-07-13_14-11-11 1210
2020-07-13_14-11-11 1210
2020-07-13_14-11-11 1210
2020-07-13_14-11-11 1210
2020-07-13_14-11-11 1210
2020-07-13_14-11-11 1210
2020-07-13_14-11-11 1200
2020-07-13_14-11-11 1210
2020-07-13_14-11-11 1200
2020-07-13_14-11-11 1200
2020-07-13_14-11-11 1200
2020-07-13_14-11-11 1200
2020-07-13_14-11-11 1200
2020-07-13_14-11-11 1200
