2020-07-13_14-10-54 820
2020-07-13_14-10-54 810
2020-07-13_14-10-54 780
2020-07-13_14-10-54 770
2020-07-13_14-10-54 830
2020-07-13_14-10-54 1020
2020-07-13_14-10-54 1250
2020-07-13_14-10-54 1420
2020-07-13_14-10-54 1450
2020-07-13_14-10-54 1420
2020-07-13_14-10-54 1400
2020-07-13_14-10-54 1400
2020-07-13_14-10-54 1400
2020-07-13_14-10-54 1400
2020-07-13_14-10-54 1400
2020-07-13_14-10-54 1410
2020-07-13_14-10-54 1420
2020-07-13_14-10-54 1420
2020-07-13_14-10-54 1420
2020-07-13_14-10-54 1410
2020-07-13_14-10-54 1410
2020-07-13_14-10-54 1410
2020-07-13_14-10-54 1410
2020-07-13_14-10-54 1410
2020-07-13_14-10-54 1410
2020-07-13_14-10-54 1410
2020-07-13_14-10-54 1410
2020-07-13_14-10-54 1410
2020-07-13_14-10-54 1410
2020-07-13_14-10-54 1410
2020-07-13_14-10-54 1420
2020-07-13_14-10-54 1410
2020-07-13_14-10-54 1300
2020-07-13_14-10-54 1060
2020-07-13_14-10-54 810
