2020-07-13_14-10-21 870
2020-07-13_14-10-21 1860
2020-07-13_14-10-21 2710
2020-07-13_14-10-21 2570
2020-07-13_14-10-21 2360
2020-07-13_14-10-21 2430
2020-07-13_14-10-21 2660
2020-07-13_14-10-21 2770
2020-07-13_14-10-21 2710
2020-07-13_14-10-21 2640
2020-07-13_14-10-21 2660
2020-07-13_14-10-21 2690
2020-07-13_14-10-21 2660
2020-07-13_14-10-21 3250
2020-07-13_14-10-21 5720
2020-07-13_14-10-21 8690
2020-07-13_14-10-21 10460
2020-07-13_14-10-21 10170
2020-07-13_14-10-21 9740
2020-07-13_14-10-21 10060
2020-07-13_14-10-21 10250
2020-07-13_14-10-21 10040
2020-07-13_14-10-21 9970
2020-07-13_14-10-21 10150
2020-07-13_14-10-21 10150
2020-07-13_14-10-21 9990
2020-07-13_14-10-21 10060
2020-07-13_14-10-21 10170
2020-07-13_14-10-21 10070
2020-07-13_14-10-21 10010
2020-07-13_14-10-21 10110
2020-07-13_14-10-21 10120
2020-07-13_14-10-21 10040
2020-07-13_14-10-21 10080
2020-07-13_14-10-21 10140
2020-07-13_14-10-21 10070
2020-07-13_14-10-21 10020
2020-07-13_14-10-21 10100
2020-07-13_14-10-21 10110
2020-07-13_14-10-21 10030
2020-07-13_14-10-21 10040
2020-07-13_14-10-21 10120
2020-07-13_14-10-21 10100
2020-07-13_14-10-21 10050
2020-07-13_14-10-21 10080
2020-07-13_14-10-21 10110
2020-07-13_14-10-21 10080
2020-07-13_14-10-21 10060
2020-07-13_14-10-21 10090
2020-07-13_14-10-21 10100
2020-07-13_14-10-21 10110
2020-07-13_14-10-21 10120
2020-07-13_14-10-21 10090
2020-07-13_14-10-21 10050
2020-07-13_14-10-21 10080
2020-07-13_14-10-21 10110
2020-07-13_14-10-21 10090
2020-07-13_14-10-21 10070
2020-07-13_14-10-21 10100
2020-07-13_14-10-21 10110
2020-07-13_14-10-21 10080
2020-07-13_14-10-21 10080
2020-07-13_14-10-21 10100
2020-07-13_14-10-21 10090
2020-07-13_14-10-21 10080
2020-07-13_14-10-21 10100
2020-07-13_14-10-21 10090
2020-07-13_14-10-21 10050
2020-07-13_14-10-21 10060
2020-07-13_14-10-21 10100
2020-07-13_14-10-21 10090
2020-07-13_14-10-21 10060
2020-07-13_14-10-21 10060
2020-07-13_14-10-21 10090
2020-07-13_14-10-21 10080
2020-07-13_14-10-21 10050
2020-07-13_14-10-21 10060
2020-07-13_14-10-21 10090
2020-07-13_14-10-21 10070
2020-07-13_14-10-21 10070
2020-07-13_14-10-21 10090
2020-07-13_14-10-21 10100
2020-07-13_14-10-21 10060
2020-07-13_14-10-21 10060
2020-07-13_14-10-21 10070
2020-07-13_14-10-21 10070
2020-07-13_14-10-21 10050
2020-07-13_14-10-21 10040
2020-07-13_14-10-21 10050
2020-07-13_14-10-21 10060
2020-07-13_14-10-21 10080
2020-07-13_14-10-21 10030
2020-07-13_14-10-21 10020
2020-07-13_14-10-21 10080
2020-07-13_14-10-21 10120
2020-07-13_14-10-21 10090
2020-07-13_14-10-21 10090
2020-07-13_14-10-21 10130
2020-07-13_14-10-21 10110
2020-07-13_14-10-21 10060
2020-07-13_14-10-21 10050
2020-07-13_14-10-21 9660
2020-07-13_14-10-21 8900
2020-07-13_14-10-21 8220
2020-07-13_14-10-21 7900
2020-07-13_14-10-21 7820
2020-07-13_14-10-21 7730
2020-07-13_14-10-21 7720
2020-07-13_14-10-21 7740
2020-07-13_14-10-21 7720
2020-07-13_14-10-21 7730
2020-07-13_14-10-21 7760
2020-07-13_14-10-21 7720
2020-07-13_14-10-21 7660
2020-07-13_14-10-21 7650
2020-07-13_14-10-21 7550
2020-07-13_14-10-21 6590
2020-07-13_14-10-21 4640
2020-07-13_14-10-21 2280
