2020-07-13_14-11-14 9950
2020-07-13_14-11-14 9950
2020-07-13_14-11-14 9950
2020-07-13_14-11-14 9950
2020-07-13_14-11-14 9950
2020-07-13_14-11-14 9950
2020-07-13_14-11-14 9950
2020-07-13_14-11-14 9950
2020-07-13_14-11-14 9950
2020-07-13_14-11-14 9950
2020-07-13_14-11-14 9950
2020-07-13_14-11-14 9950
2020-07-13_14-11-14 9950
2020-07-13_14-11-14 9950
2020-07-13_14-11-14 9950
2020-07-13_14-11-14 9950
2020-07-13_14-11-14 9950
2020-07-13_14-11-14 9950
2020-07-13_14-11-14 9950
2020-07-13_14-11-14 9950
2020-07-13_14-11-14 9950
2020-07-13_14-11-14 9950
2020-07-13_14-11-14 9950
2020-07-13_14-11-14 9950
2020-07-13_14-11-14 9950
2020-07-13_14-11-14 9950
2020-07-13_14-11-14 9950
2020-07-13_14-11-14 9950
2020-07-13_14-11-14 9950
2020-07-13_14-11-14 9950
2020-07-13_14-11-14 9950
2020-07-13_14-11-14 9950
2020-07-13_14-11-14 9950
2020-07-13_14-11-14 9950
2020-07-13_14-11-14 9950
2020-07-13_14-11-14 9950
2020-07-13_14-11-14 9950
2020-07-13_14-11-14 9950
2020-07-13_14-11-14 9950
2020-07-13_14-11-14 9950
2020-07-13_14-11-14 9950
2020-07-13_14-11-14 9950
2020-07-13_14-11-14 9950
2020-07-13_14-11-14 9950
2020-07-13_14-11-14 9950
2020-07-13_14-11-14 9950
2020-07-13_14-11-14 9950
2020-07-13_14-11-14 9950
2020-07-13_14-11-14 9950
2020-07-13_14-11-14 9950
2020-07-13_14-11-14 9950
2020-07-13_14-11-14 9950
2020-07-13_14-11-14 9950
2020-07-13_14-11-14 9950
2020-07-13_14-11-14 9950
2020-07-13_14-11-14 9950
2020-07-13_14-11-14 9950
2020-07-13_14-11-14 9950
2020-07-13_14-11-14 9940
2020-07-13_14-11-14 9950
2020-07-13_14-11-14 9950
2020-07-13_14-11-14 9950
2020-07-13_14-11-14 9950
2020-07-13_14-11-14 9950
2020-07-13_14-11-14 9940
2020-07-13_14-11-14 9950
2020-07-13_14-11-14 9950
2020-07-13_14-11-14 9940
2020-07-13_14-11-14 9940
2020-07-13_14-11-14 9930
2020-07-13_14-11-14 9940
2020-07-13_14-11-14 9950
2020-07-13_14-11-14 9950
2020-07-13_14-11-14 9940
2020-07-13_14-11-14 9940
2020-07-13_14-11-14 9940
2020-07-13_14-11-14 9940
2020-07-13_14-11-14 9950
2020-07-13_14-11-14 9950
2020-07-13_14-11-14 9950
2020-07-13_14-11-14 9950
2020-07-13_14-11-14 9950
2020-07-13_14-11-14 9950
2020-07-13_14-11-14 9940
2020-07-13_14-11-14 9910
2020-07-13_14-11-14 9940
2020-07-13_14-11-14 9910
2020-07-13_14-11-14 9930
2020-07-13_14-11-14 9910
2020-07-13_14-11-14 9910
2020-07-13_14-11-14 9890
2020-07-13_14-11-14 9940
2020-07-13_14-11-14 9930
2020-07-13_14-11-14 9970
2020-07-13_14-11-14 9890
2020-07-13_14-11-14 10000
2020-07-13_14-11-14 9920
2020-07-13_14-11-14 9960
2020-07-13_14-11-14 9360
2020-07-13_14-11-14 7510
2020-07-13_14-11-14 7520
2020-07-13_14-11-14 7460
2020-07-13_14-11-14 7440
2020-07-13_14-11-14 7330
2020-07-13_14-11-14 7360
2020-07-13_14-11-14 7380
2020-07-13_14-11-14 4530
