2020-07-13_14-11-10 2030
2020-07-13_14-11-10 2040
2020-07-13_14-11-10 2070
2020-07-13_14-11-10 2090
2020-07-13_14-11-10 2090
2020-07-13_14-11-10 2080
2020-07-13_14-11-10 2080
2020-07-13_14-11-10 2070
2020-07-13_14-11-10 2060
2020-07-13_14-11-10 2060
2020-07-13_14-11-10 2070
2020-07-13_14-11-10 2090
2020-07-13_14-11-10 2090
2020-07-13_14-11-10 2070
2020-07-13_14-11-10 1910
2020-07-13_14-11-10 1550
2020-07-13_14-11-10 1180
2020-07-13_14-11-10 960
2020-07-13_14-11-10 950
2020-07-13_14-11-10 960
2020-07-13_14-11-10 980
2020-07-13_14-11-10 960
2020-07-13_14-11-10 820
