2020-07-13_14-10-36 1800
2020-07-13_14-10-36 4310
2020-07-13_14-10-36 6810
2020-07-13_14-10-36 7340
2020-07-13_14-10-36 7110
2020-07-13_14-10-36 6920
2020-07-13_14-10-36 6910
2020-07-13_14-10-36 7010
2020-07-13_14-10-36 7160
2020-07-13_14-10-36 7340
2020-07-13_14-10-36 7420
2020-07-13_14-10-36 7350
2020-07-13_14-10-36 7270
2020-07-13_14-10-36 7900
2020-07-13_14-10-36 10550
2020-07-13_14-10-36 14140
2020-07-13_14-10-36 17190
2020-07-13_14-10-36 17940
2020-07-13_14-10-36 17370
2020-07-13_14-10-36 16640
2020-07-13_14-10-36 16460
2020-07-13_14-10-36 16750
2020-07-13_14-10-36 17100
2020-07-13_14-10-36 17280
2020-07-13_14-10-36 17350
2020-07-13_14-10-36 17370
2020-07-13_14-10-36 17320
2020-07-13_14-10-36 17210
2020-07-13_14-10-36 17150
2020-07-13_14-10-36 17190
2020-07-13_14-10-36 17310
2020-07-13_14-10-36 17370
2020-07-13_14-10-36 17340
2020-07-13_14-10-36 17300
2020-07-13_14-10-36 17630
2020-07-13_14-10-36 19170
2020-07-13_14-10-36 21350
2020-07-13_14-10-36 23190
2020-07-13_14-10-36 23740
2020-07-13_14-10-36 23610
2020-07-13_14-10-36 23560
2020-07-13_14-10-36 23690
2020-07-13_14-10-36 23880
2020-07-13_14-10-36 24040
2020-07-13_14-10-36 24590
2020-07-13_14-10-36 26150
2020-07-13_14-10-36 28220
2020-07-13_14-10-36 29740
2020-07-13_14-10-36 30150
2020-07-13_14-10-36 30140
2020-07-13_14-10-36 30370
2020-07-13_14-10-36 30570
2020-07-13_14-10-36 30450
2020-07-13_14-10-36 30220
2020-07-13_14-10-36 30290
2020-07-13_14-10-36 30600
2020-07-13_14-10-36 30790
2020-07-13_14-10-36 30760
2020-07-13_14-10-36 30750
2020-07-13_14-10-36 30890
2020-07-13_14-10-36 31050
2020-07-13_14-10-36 31120
2020-07-13_14-10-36 31200
2020-07-13_14-10-36 31410
2020-07-13_14-10-36 31860
2020-07-13_14-10-36 32810
2020-07-13_14-10-36 34280
2020-07-13_14-10-36 35630
2020-07-13_14-10-36 36320
2020-07-13_14-10-36 37200
2020-07-13_14-10-36 38770
2020-07-13_14-10-36 40210
2020-07-13_14-10-36 40010
2020-07-13_14-10-36 39020
2020-07-13_14-10-36 38360
2020-07-13_14-10-36 37830
2020-07-13_14-10-36 37100
2020-07-13_14-10-36 36860
2020-07-13_14-10-36 37600
2020-07-13_14-10-36 38190
2020-07-13_14-10-36 37680
2020-07-13_14-10-36 36860
2020-07-13_14-10-36 36600
2020-07-13_14-10-36 36770
2020-07-13_14-10-36 36710
2020-07-13_14-10-36 36370
2020-07-13_14-10-36 36180
2020-07-13_14-10-36 36220
2020-07-13_14-10-36 36240
2020-07-13_14-10-36 36160
2020-07-13_14-10-36 36140
2020-07-13_14-10-36 36260
2020-07-13_14-10-36 36390
2020-07-13_14-10-36 36470
2020-07-13_14-10-36 36540
2020-07-13_14-10-36 36660
2020-07-13_14-10-36 36810
2020-07-13_14-10-36 36950
2020-07-13_14-10-36 37070
2020-07-13_14-10-36 37230
2020-07-13_14-10-36 37390
2020-07-13_14-10-36 37530
2020-07-13_14-10-36 37670
2020-07-13_14-10-36 37820
2020-07-13_14-10-36 37980
2020-07-13_14-10-36 38080
2020-07-13_14-10-36 38140
2020-07-13_14-10-36 38190
2020-07-13_14-10-36 38230
2020-07-13_14-10-36 38300
2020-07-13_14-10-36 38380
2020-07-13_14-10-36 38450
2020-07-13_14-10-36 38470
2020-07-13_14-10-36 38460
2020-07-13_14-10-36 38470
2020-07-13_14-10-36 38480
2020-07-13_14-10-36 38480
2020-07-13_14-10-36 38490
2020-07-13_14-10-36 38480
2020-07-13_14-10-36 38470
2020-07-13_14-10-36 38470
2020-07-13_14-10-36 38480
2020-07-13_14-10-36 38470
2020-07-13_14-10-36 38460
2020-07-13_14-10-36 38460
2020-07-13_14-10-36 38460
2020-07-13_14-10-36 38460
2020-07-13_14-10-36 38410
2020-07-13_14-10-36 38220
2020-07-13_14-10-36 38090
2020-07-13_14-10-36 38430
2020-07-13_14-10-36 39090
2020-07-13_14-10-36 39210
2020-07-13_14-10-36 38610
2020-07-13_14-10-36 38110
2020-07-13_14-10-36 38210
2020-07-13_14-10-36 38420
2020-07-13_14-10-36 38320
2020-07-13_14-10-36 38300
2020-07-13_14-10-36 38640
2020-07-13_14-10-36 38850
2020-07-13_14-10-36 38590
2020-07-13_14-10-36 38280
2020-07-13_14-10-36 38320
2020-07-13_14-10-36 38560
2020-07-13_14-10-36 38590
2020-07-13_14-10-36 38450
2020-07-13_14-10-36 38410
2020-07-13_14-10-36 38470
2020-07-13_14-10-36 38480
2020-07-13_14-10-36 38460
2020-07-13_14-10-36 38480
2020-07-13_14-10-36 38530
2020-07-13_14-10-36 38510
2020-07-13_14-10-36 38460
2020-07-13_14-10-36 38440
2020-07-13_14-10-36 38460
2020-07-13_14-10-36 38470
2020-07-13_14-10-36 38480
2020-07-13_14-10-36 38490
2020-07-13_14-10-36 38510
2020-07-13_14-10-36 38490
2020-07-13_14-10-36 38470
2020-07-13_14-10-36 38470
2020-07-13_14-10-36 38490
2020-07-13_14-10-36 38500
2020-07-13_14-10-36 38490
2020-07-13_14-10-36 38480
2020-07-13_14-10-36 38480
2020-07-13_14-10-36 38490
2020-07-13_14-10-36 38490
2020-07-13_14-10-36 38480
2020-07-13_14-10-36 38480
2020-07-13_14-10-36 38490
2020-07-13_14-10-36 38490
2020-07-13_14-10-36 38480
2020-07-13_14-10-36 38460
2020-07-13_14-10-36 38460
2020-07-13_14-10-36 38470
2020-07-13_14-10-36 38490
2020-07-13_14-10-36 38500
2020-07-13_14-10-36 38480
2020-07-13_14-10-36 38470
2020-07-13_14-10-36 38480
2020-07-13_14-10-36 38500
2020-07-13_14-10-36 38500
2020-07-13_14-10-36 38500
2020-07-13_14-10-36 38500
2020-07-13_14-10-36 38500
2020-07-13_14-10-36 38490
2020-07-13_14-10-36 38460
2020-07-13_14-10-36 38460
2020-07-13_14-10-36 38450
2020-07-13_14-10-36 38440
2020-07-13_14-10-36 38420
2020-07-13_14-10-36 38410
2020-07-13_14-10-36 38390
2020-07-13_14-10-36 38370
2020-07-13_14-10-36 38370
2020-07-13_14-10-36 38390
2020-07-13_14-10-36 38390
2020-07-13_14-10-36 38390
2020-07-13_14-10-36 38400
2020-07-13_14-10-36 38410
2020-07-13_14-10-36 38400
2020-07-13_14-10-36 38380
2020-07-13_14-10-36 38380
2020-07-13_14-10-36 38390
2020-07-13_14-10-36 38400
2020-07-13_14-10-36 38400
2020-07-13_14-10-36 38400
2020-07-13_14-10-36 38400
2020-07-13_14-10-36 38400
2020-07-13_14-10-36 38400
2020-07-13_14-10-36 38390
2020-07-13_14-10-36 38380
2020-07-13_14-10-36 38380
2020-07-13_14-10-36 38380
2020-07-13_14-10-36 38380
2020-07-13_14-10-36 38390
2020-07-13_14-10-36 38390
2020-07-13_14-10-36 38380
2020-07-13_14-10-36 38380
2020-07-13_14-10-36 38380
2020-07-13_14-10-36 38380
2020-07-13_14-10-36 38380
2020-07-13_14-10-36 38380
2020-07-13_14-10-36 38380
2020-07-13_14-10-36 38380
2020-07-13_14-10-36 38390
2020-07-13_14-10-36 38390
2020-07-13_14-10-36 38390
2020-07-13_14-10-36 38390
2020-07-13_14-10-36 38390
2020-07-13_14-10-36 38390
2020-07-13_14-10-36 38390
2020-07-13_14-10-36 38390
2020-07-13_14-10-36 38390
2020-07-13_14-10-36 38390
2020-07-13_14-10-36 38390
2020-07-13_14-10-36 38390
2020-07-13_14-10-36 38390
2020-07-13_14-10-36 38400
2020-07-13_14-10-36 38400
2020-07-13_14-10-36 38400
2020-07-13_14-10-36 38390
2020-07-13_14-10-36 38390
2020-07-13_14-10-36 38390
2020-07-13_14-10-36 38390
2020-07-13_14-10-36 38390
2020-07-13_14-10-36 38390
2020-07-13_14-10-36 38400
2020-07-13_14-10-36 38400
2020-07-13_14-10-36 38400
2020-07-13_14-10-36 38400
2020-07-13_14-10-36 38390
2020-07-13_14-10-36 38390
2020-07-13_14-10-36 38390
2020-07-13_14-10-36 38390
2020-07-13_14-10-36 38390
2020-07-13_14-10-36 38390
2020-07-13_14-10-36 38390
2020-07-13_14-10-36 38390
2020-07-13_14-10-36 38390
2020-07-13_14-10-36 38390
2020-07-13_14-10-36 38380
2020-07-13_14-10-36 38390
2020-07-13_14-10-36 38390
2020-07-13_14-10-36 38390
2020-07-13_14-10-36 38390
2020-07-13_14-10-36 38390
2020-07-13_14-10-36 38380
2020-07-13_14-10-36 38380
2020-07-13_14-10-36 38380
2020-07-13_14-10-36 38380
2020-07-13_14-10-36 38390
2020-07-13_14-10-36 38390
2020-07-13_14-10-36 38390
2020-07-13_14-10-36 38390
2020-07-13_14-10-36 38390
2020-07-13_14-10-36 38390
2020-07-13_14-10-36 38390
2020-07-13_14-10-36 38390
2020-07-13_14-10-36 38390
2020-07-13_14-10-36 38390
2020-07-13_14-10-36 38390
2020-07-13_14-10-36 38390
2020-07-13_14-10-36 38390
2020-07-13_14-10-36 38390
2020-07-13_14-10-36 38390
2020-07-13_14-10-36 38390
2020-07-13_14-10-36 38390
2020-07-13_14-10-36 38390
2020-07-13_14-10-36 38390
2020-07-13_14-10-36 38390
2020-07-13_14-10-36 38390
2020-07-13_14-10-36 38390
2020-07-13_14-10-36 38380
2020-07-13_14-10-36 38390
2020-07-13_14-10-36 38390
2020-07-13_14-10-36 38390
2020-07-13_14-10-36 38390
2020-07-13_14-10-36 38390
2020-07-13_14-10-36 38390
2020-07-13_14-10-36 38390
2020-07-13_14-10-36 38390
2020-07-13_14-10-36 38390
2020-07-13_14-10-36 38390
2020-07-13_14-10-36 38390
2020-07-13_14-10-36 38390
2020-07-13_14-10-36 38390
2020-07-13_14-10-36 38390
2020-07-13_14-10-36 38390
2020-07-13_14-10-36 38390
2020-07-13_14-10-36 38390
2020-07-13_14-10-36 38380
2020-07-13_14-10-36 38380
2020-07-13_14-10-36 38380
2020-07-13_14-10-36 38380
2020-07-13_14-10-36 38380
2020-07-13_14-10-36 38380
2020-07-13_14-10-36 38380
2020-07-13_14-10-36 38380
2020-07-13_14-10-36 38380
2020-07-13_14-10-36 38390
2020-07-13_14-10-36 38390
2020-07-13_14-10-36 38390
2020-07-13_14-10-36 38390
2020-07-13_14-10-36 38390
2020-07-13_14-10-36 38390
2020-07-13_14-10-36 38390
2020-07-13_14-10-36 38380
2020-07-13_14-10-36 38380
2020-07-13_14-10-36 38390
2020-07-13_14-10-36 38390
2020-07-13_14-10-36 38390
2020-07-13_14-10-36 38390
2020-07-13_14-10-36 38390
2020-07-13_14-10-37 38390
2020-07-13_14-10-37 38390
2020-07-13_14-10-37 38380
2020-07-13_14-10-37 38380
2020-07-13_14-10-37 38380
2020-07-13_14-10-37 38380
2020-07-13_14-10-37 38380
2020-07-13_14-10-37 38380
2020-07-13_14-10-37 38380
2020-07-13_14-10-37 38380
2020-07-13_14-10-37 38390
2020-07-13_14-10-37 38390
2020-07-13_14-10-37 38390
2020-07-13_14-10-37 38390
2020-07-13_14-10-37 38390
2020-07-13_14-10-37 38400
2020-07-13_14-10-37 38400
2020-07-13_14-10-37 38400
2020-07-13_14-10-37 38390
2020-07-13_14-10-37 38390
2020-07-13_14-10-37 38380
2020-07-13_14-10-37 38390
2020-07-13_14-10-37 38380
2020-07-13_14-10-37 38380
2020-07-13_14-10-37 38380
2020-07-13_14-10-37 38390
2020-07-13_14-10-37 38390
2020-07-13_14-10-37 38390
2020-07-13_14-10-37 38390
2020-07-13_14-10-37 38390
2020-07-13_14-10-37 38400
2020-07-13_14-10-37 38390
2020-07-13_14-10-37 38390
2020-07-13_14-10-37 38390
2020-07-13_14-10-37 38390
2020-07-13_14-10-37 38400
2020-07-13_14-10-37 38400
2020-07-13_14-10-37 38390
2020-07-13_14-10-37 38390
2020-07-13_14-10-37 38390
2020-07-13_14-10-37 38390
2020-07-13_14-10-37 38390
2020-07-13_14-10-37 38390
2020-07-13_14-10-37 38390
2020-07-13_14-10-37 38390
2020-07-13_14-10-37 38390
2020-07-13_14-10-37 38390
2020-07-13_14-10-37 38390
2020-07-13_14-10-37 38390
2020-07-13_14-10-37 38390
2020-07-13_14-10-37 38390
2020-07-13_14-10-37 38390
2020-07-13_14-10-37 38390
2020-07-13_14-10-37 38390
2020-07-13_14-10-37 38390
2020-07-13_14-10-37 38390
2020-07-13_14-10-37 38390
2020-07-13_14-10-37 38390
2020-07-13_14-10-37 38390
2020-07-13_14-10-37 38390
2020-07-13_14-10-37 38390
2020-07-13_14-10-37 38380
2020-07-13_14-10-37 38380
2020-07-13_14-10-37 38390
2020-07-13_14-10-37 38390
2020-07-13_14-10-37 38390
2020-07-13_14-10-37 38390
2020-07-13_14-10-37 38390
2020-07-13_14-10-37 38390
2020-07-13_14-10-37 38380
2020-07-13_14-10-37 38390
2020-07-13_14-10-37 38390
2020-07-13_14-10-37 38380
2020-07-13_14-10-37 38390
2020-07-13_14-10-37 38390
2020-07-13_14-10-37 38390
2020-07-13_14-10-37 38390
2020-07-13_14-10-37 38390
2020-07-13_14-10-37 38390
2020-07-13_14-10-37 38390
2020-07-13_14-10-37 38390
2020-07-13_14-10-37 38380
2020-07-13_14-10-37 38390
2020-07-13_14-10-37 38390
2020-07-13_14-10-37 38390
2020-07-13_14-10-37 38390
2020-07-13_14-10-37 38390
2020-07-13_14-10-37 38390
2020-07-13_14-10-37 38390
2020-07-13_14-10-37 38390
2020-07-13_14-10-37 38390
2020-07-13_14-10-37 38390
2020-07-13_14-10-37 38390
2020-07-13_14-10-37 38390
2020-07-13_14-10-37 38390
2020-07-13_14-10-37 38390
2020-07-13_14-10-37 38390
2020-07-13_14-10-37 38390
2020-07-13_14-10-37 38390
2020-07-13_14-10-37 38390
2020-07-13_14-10-37 38390
2020-07-13_14-10-37 38390
2020-07-13_14-10-37 38390
2020-07-13_14-10-37 38390
2020-07-13_14-10-37 38390
2020-07-13_14-10-37 38390
2020-07-13_14-10-37 38390
2020-07-13_14-10-37 38390
2020-07-13_14-10-37 38390
2020-07-13_14-10-37 38390
2020-07-13_14-10-37 38390
2020-07-13_14-10-37 38390
2020-07-13_14-10-37 38390
2020-07-13_14-10-37 38390
2020-07-13_14-10-37 38380
2020-07-13_14-10-37 38390
2020-07-13_14-10-37 38390
2020-07-13_14-10-37 38390
2020-07-13_14-10-37 38390
2020-07-13_14-10-37 38390
2020-07-13_14-10-37 38390
2020-07-13_14-10-37 38390
2020-07-13_14-10-37 38390
2020-07-13_14-10-37 38390
2020-07-13_14-10-37 38390
2020-07-13_14-10-37 38390
2020-07-13_14-10-37 38390
2020-07-13_14-10-37 38390
2020-07-13_14-10-37 38390
2020-07-13_14-10-37 38390
2020-07-13_14-10-37 38390
2020-07-13_14-10-37 38390
2020-07-13_14-10-37 38390
2020-07-13_14-10-37 38390
2020-07-13_14-10-37 38390
2020-07-13_14-10-37 38390
2020-07-13_14-10-37 38390
2020-07-13_14-10-37 38390
2020-07-13_14-10-37 38390
2020-07-13_14-10-37 38390
2020-07-13_14-10-37 38390
2020-07-13_14-10-37 38390
2020-07-13_14-10-37 38390
2020-07-13_14-10-37 38390
2020-07-13_14-10-37 38390
2020-07-13_14-10-37 38390
2020-07-13_14-10-37 38380
2020-07-13_14-10-37 38380
2020-07-13_14-10-37 38380
2020-07-13_14-10-37 38380
2020-07-13_14-10-37 38380
2020-07-13_14-10-37 38380
2020-07-13_14-10-37 38380
2020-07-13_14-10-37 38380
2020-07-13_14-10-37 38380
2020-07-13_14-10-37 38390
2020-07-13_14-10-37 38400
2020-07-13_14-10-37 38390
2020-07-13_14-10-37 38390
2020-07-13_14-10-37 38390
2020-07-13_14-10-37 38390
2020-07-13_14-10-37 38390
2020-07-13_14-10-37 38380
2020-07-13_14-10-37 38380
2020-07-13_14-10-37 38380
2020-07-13_14-10-37 38390
2020-07-13_14-10-37 38390
2020-07-13_14-10-37 38400
2020-07-13_14-10-37 38400
2020-07-13_14-10-37 38400
2020-07-13_14-10-37 38390
2020-07-13_14-10-37 38390
2020-07-13_14-10-37 38390
2020-07-13_14-10-37 38380
2020-07-13_14-10-37 38380
2020-07-13_14-10-37 38380
2020-07-13_14-10-37 38380
2020-07-13_14-10-37 38380
2020-07-13_14-10-37 38380
2020-07-13_14-10-37 38390
2020-07-13_14-10-37 38390
2020-07-13_14-10-37 38400
2020-07-13_14-10-37 38390
2020-07-13_14-10-37 38380
2020-07-13_14-10-37 38380
2020-07-13_14-10-37 38380
2020-07-13_14-10-37 38380
2020-07-13_14-10-37 38380
2020-07-13_14-10-37 38380
2020-07-13_14-10-37 38390
2020-07-13_14-10-37 38390
2020-07-13_14-10-37 38390
2020-07-13_14-10-37 38390
2020-07-13_14-10-37 38390
2020-07-13_14-10-37 38390
2020-07-13_14-10-37 38390
2020-07-13_14-10-37 38390
2020-07-13_14-10-37 38390
2020-07-13_14-10-37 38380
2020-07-13_14-10-37 38380
2020-07-13_14-10-37 38390
2020-07-13_14-10-37 38390
2020-07-13_14-10-37 38390
2020-07-13_14-10-37 38390
2020-07-13_14-10-37 38390
2020-07-13_14-10-37 38390
2020-07-13_14-10-37 38390
2020-07-13_14-10-37 38390
2020-07-13_14-10-37 38390
2020-07-13_14-10-37 38400
2020-07-13_14-10-37 38400
2020-07-13_14-10-37 38390
2020-07-13_14-10-37 38390
2020-07-13_14-10-37 38380
2020-07-13_14-10-37 38390
2020-07-13_14-10-37 38390
2020-07-13_14-10-37 38390
2020-07-13_14-10-37 38390
2020-07-13_14-10-37 38390
2020-07-13_14-10-37 38400
2020-07-13_14-10-37 38400
2020-07-13_14-10-37 38390
2020-07-13_14-10-37 38390
2020-07-13_14-10-37 38380
2020-07-13_14-10-37 38390
2020-07-13_14-10-37 38390
2020-07-13_14-10-37 38390
2020-07-13_14-10-37 38390
2020-07-13_14-10-37 38400
2020-07-13_14-10-37 38400
2020-07-13_14-10-37 38390
2020-07-13_14-10-37 38390
2020-07-13_14-10-37 38390
2020-07-13_14-10-37 38390
2020-07-13_14-10-37 38380
2020-07-13_14-10-37 38380
2020-07-13_14-10-37 38380
2020-07-13_14-10-37 38380
2020-07-13_14-10-37 38380
2020-07-13_14-10-37 38390
2020-07-13_14-10-37 38390
2020-07-13_14-10-37 38400
2020-07-13_14-10-37 38400
2020-07-13_14-10-37 38390
2020-07-13_14-10-37 38390
2020-07-13_14-10-37 38380
2020-07-13_14-10-37 38390
2020-07-13_14-10-37 38400
2020-07-13_14-10-37 38400
2020-07-13_14-10-37 38390
2020-07-13_14-10-37 38390
2020-07-13_14-10-37 38400
2020-07-13_14-10-37 38400
2020-07-13_14-10-37 38400
2020-07-13_14-10-37 38390
2020-07-13_14-10-37 38390
2020-07-13_14-10-37 38390
2020-07-13_14-10-37 38390
2020-07-13_14-10-37 38390
2020-07-13_14-10-37 38390
2020-07-13_14-10-37 38390
2020-07-13_14-10-37 38390
2020-07-13_14-10-37 38380
2020-07-13_14-10-37 38380
2020-07-13_14-10-37 38380
2020-07-13_14-10-37 38390
2020-07-13_14-10-37 38390
2020-07-13_14-10-37 38390
2020-07-13_14-10-37 38390
2020-07-13_14-10-37 38390
2020-07-13_14-10-37 38390
2020-07-13_14-10-37 38390
2020-07-13_14-10-37 38400
2020-07-13_14-10-37 38400
2020-07-13_14-10-37 38400
2020-07-13_14-10-37 38400
2020-07-13_14-10-37 38390
2020-07-13_14-10-37 38380
2020-07-13_14-10-37 38380
2020-07-13_14-10-37 38380
2020-07-13_14-10-37 38380
2020-07-13_14-10-37 38380
2020-07-13_14-10-37 38390
2020-07-13_14-10-37 38380
2020-07-13_14-10-37 38380
2020-07-13_14-10-37 38380
2020-07-13_14-10-37 38380
2020-07-13_14-10-37 38380
2020-07-13_14-10-37 38380
2020-07-13_14-10-37 38380
2020-07-13_14-10-37 38380
2020-07-13_14-10-37 38380
2020-07-13_14-10-37 38380
2020-07-13_14-10-37 38380
2020-07-13_14-10-37 38380
2020-07-13_14-10-37 38380
2020-07-13_14-10-37 38380
2020-07-13_14-10-37 38380
2020-07-13_14-10-37 38390
2020-07-13_14-10-37 38390
2020-07-13_14-10-37 38390
2020-07-13_14-10-37 38390
2020-07-13_14-10-37 38390
2020-07-13_14-10-37 38390
2020-07-13_14-10-37 38390
2020-07-13_14-10-37 38400
2020-07-13_14-10-37 38400
2020-07-13_14-10-37 38400
2020-07-13_14-10-37 38400
2020-07-13_14-10-37 38390
2020-07-13_14-10-37 38390
2020-07-13_14-10-37 38390
2020-07-13_14-10-37 38390
2020-07-13_14-10-37 38390
2020-07-13_14-10-37 38390
2020-07-13_14-10-37 38400
2020-07-13_14-10-37 38400
2020-07-13_14-10-37 38400
2020-07-13_14-10-37 38390
2020-07-13_14-10-37 38390
2020-07-13_14-10-37 38390
2020-07-13_14-10-37 38390
2020-07-13_14-10-37 38400
2020-07-13_14-10-37 38400
2020-07-13_14-10-37 38400
2020-07-13_14-10-37 38400
2020-07-13_14-10-37 38400
2020-07-13_14-10-37 38400
2020-07-13_14-10-37 38390
2020-07-13_14-10-37 38390
2020-07-13_14-10-37 38390
2020-07-13_14-10-37 38390
2020-07-13_14-10-37 38390
2020-07-13_14-10-37 38390
2020-07-13_14-10-37 38390
2020-07-13_14-10-37 38390
2020-07-13_14-10-37 38390
2020-07-13_14-10-37 38400
2020-07-13_14-10-37 38400
2020-07-13_14-10-37 38390
2020-07-13_14-10-37 38390
2020-07-13_14-10-37 38380
2020-07-13_14-10-37 38380
2020-07-13_14-10-37 38380
2020-07-13_14-10-37 38380
2020-07-13_14-10-37 38390
2020-07-13_14-10-37 38390
2020-07-13_14-10-37 38390
2020-07-13_14-10-37 38390
2020-07-13_14-10-37 38390
2020-07-13_14-10-37 38390
2020-07-13_14-10-37 38380
2020-07-13_14-10-37 38380
2020-07-13_14-10-37 38380
2020-07-13_14-10-37 38380
2020-07-13_14-10-37 38380
2020-07-13_14-10-37 38390
2020-07-13_14-10-37 38390
2020-07-13_14-10-37 38400
2020-07-13_14-10-37 38400
2020-07-13_14-10-37 38400
2020-07-13_14-10-37 38390
2020-07-13_14-10-37 38390
2020-07-13_14-10-37 38390
2020-07-13_14-10-37 38390
2020-07-13_14-10-37 38390
2020-07-13_14-10-37 38400
2020-07-13_14-10-37 38390
2020-07-13_14-10-37 38390
2020-07-13_14-10-37 38390
2020-07-13_14-10-37 38390
2020-07-13_14-10-37 38390
2020-07-13_14-10-37 38390
2020-07-13_14-10-37 38390
2020-07-13_14-10-37 38390
2020-07-13_14-10-37 38390
2020-07-13_14-10-37 38390
2020-07-13_14-10-37 38390
2020-07-13_14-10-37 38390
2020-07-13_14-10-37 38390
2020-07-13_14-10-37 38390
2020-07-13_14-10-37 38390
2020-07-13_14-10-37 38390
2020-07-13_14-10-37 38390
2020-07-13_14-10-37 38390
2020-07-13_14-10-37 38390
2020-07-13_14-10-37 38390
2020-07-13_14-10-37 38390
2020-07-13_14-10-37 38390
2020-07-13_14-10-37 38390
2020-07-13_14-10-37 38390
2020-07-13_14-10-37 38390
2020-07-13_14-10-37 38390
2020-07-13_14-10-37 38390
2020-07-13_14-10-37 38390
2020-07-13_14-10-37 38390
2020-07-13_14-10-37 38390
2020-07-13_14-10-37 38390
2020-07-13_14-10-37 38390
2020-07-13_14-10-37 38390
2020-07-13_14-10-37 38390
2020-07-13_14-10-37 38390
2020-07-13_14-10-37 38390
2020-07-13_14-10-37 38390
2020-07-13_14-10-37 38390
2020-07-13_14-10-37 38390
2020-07-13_14-10-37 38390
2020-07-13_14-10-37 38390
2020-07-13_14-10-37 38390
2020-07-13_14-10-37 38390
2020-07-13_14-10-37 38390
2020-07-13_14-10-37 38390
2020-07-13_14-10-37 38390
2020-07-13_14-10-37 38390
2020-07-13_14-10-37 38390
2020-07-13_14-10-37 38390
2020-07-13_14-10-37 38390
2020-07-13_14-10-37 38390
2020-07-13_14-10-37 38390
2020-07-13_14-10-37 38390
2020-07-13_14-10-37 38390
2020-07-13_14-10-37 38390
2020-07-13_14-10-37 38390
2020-07-13_14-10-37 38390
2020-07-13_14-10-37 38390
2020-07-13_14-10-37 38390
2020-07-13_14-10-37 38400
2020-07-13_14-10-37 38400
2020-07-13_14-10-37 38400
2020-07-13_14-10-37 38400
2020-07-13_14-10-37 38390
2020-07-13_14-10-37 38390
2020-07-13_14-10-37 38390
2020-07-13_14-10-37 38390
2020-07-13_14-10-37 38390
2020-07-13_14-10-37 38390
2020-07-13_14-10-37 38390
2020-07-13_14-10-37 38390
2020-07-13_14-10-37 38390
2020-07-13_14-10-37 38390
2020-07-13_14-10-37 38400
2020-07-13_14-10-37 38390
2020-07-13_14-10-37 38400
2020-07-13_14-10-37 38400
2020-07-13_14-10-37 38400
2020-07-13_14-10-37 38400
2020-07-13_14-10-37 38400
2020-07-13_14-10-37 38400
2020-07-13_14-10-37 38400
2020-07-13_14-10-37 38400
2020-07-13_14-10-37 38400
2020-07-13_14-10-37 38400
2020-07-13_14-10-37 38400
2020-07-13_14-10-37 38400
2020-07-13_14-10-37 38400
2020-07-13_14-10-37 38400
2020-07-13_14-10-37 38400
2020-07-13_14-10-37 38390
2020-07-13_14-10-37 38390
2020-07-13_14-10-37 38390
2020-07-13_14-10-37 38390
2020-07-13_14-10-37 38400
2020-07-13_14-10-37 38400
2020-07-13_14-10-37 38400
2020-07-13_14-10-37 38400
2020-07-13_14-10-37 38400
2020-07-13_14-10-37 38400
2020-07-13_14-10-37 38400
2020-07-13_14-10-37 38400
2020-07-13_14-10-37 38400
2020-07-13_14-10-37 38400
2020-07-13_14-10-37 38390
2020-07-13_14-10-37 38390
2020-07-13_14-10-37 38390
2020-07-13_14-10-37 38390
2020-07-13_14-10-37 38390
2020-07-13_14-10-37 38390
2020-07-13_14-10-37 38390
2020-07-13_14-10-37 38400
2020-07-13_14-10-37 38400
2020-07-13_14-10-37 38400
2020-07-13_14-10-37 38400
2020-07-13_14-10-37 38400
2020-07-13_14-10-37 38400
2020-07-13_14-10-37 38400
2020-07-13_14-10-37 38400
2020-07-13_14-10-37 38390
2020-07-13_14-10-37 38390
2020-07-13_14-10-37 38390
2020-07-13_14-10-37 38390
2020-07-13_14-10-37 38390
2020-07-13_14-10-37 38390
2020-07-13_14-10-37 38390
2020-07-13_14-10-37 38390
2020-07-13_14-10-37 38390
2020-07-13_14-10-37 38390
2020-07-13_14-10-37 38390
2020-07-13_14-10-37 38390
2020-07-13_14-10-37 38390
2020-07-13_14-10-37 38380
2020-07-13_14-10-37 38390
2020-07-13_14-10-37 38390
2020-07-13_14-10-37 38390
2020-07-13_14-10-37 38390
2020-07-13_14-10-37 38390
2020-07-13_14-10-37 38390
2020-07-13_14-10-37 38380
2020-07-13_14-10-37 38380
2020-07-13_14-10-37 38380
2020-07-13_14-10-37 38380
2020-07-13_14-10-37 38380
2020-07-13_14-10-37 38380
2020-07-13_14-10-37 38380
2020-07-13_14-10-37 38390
2020-07-13_14-10-37 38390
2020-07-13_14-10-37 38390
2020-07-13_14-10-37 38390
2020-07-13_14-10-37 38390
2020-07-13_14-10-37 38390
2020-07-13_14-10-37 38390
2020-07-13_14-10-37 38390
2020-07-13_14-10-37 38380
2020-07-13_14-10-37 38380
2020-07-13_14-10-37 38380
2020-07-13_14-10-37 38390
2020-07-13_14-10-37 38390
2020-07-13_14-10-37 38400
2020-07-13_14-10-37 38400
2020-07-13_14-10-37 38390
2020-07-13_14-10-37 38390
2020-07-13_14-10-37 38390
2020-07-13_14-10-37 38390
2020-07-13_14-10-37 38390
2020-07-13_14-10-37 38390
2020-07-13_14-10-37 38390
2020-07-13_14-10-37 38390
2020-07-13_14-10-37 38390
2020-07-13_14-10-37 38390
2020-07-13_14-10-37 38390
2020-07-13_14-10-37 38390
2020-07-13_14-10-37 38390
2020-07-13_14-10-37 38390
2020-07-13_14-10-37 38390
2020-07-13_14-10-37 38390
2020-07-13_14-10-37 38390
2020-07-13_14-10-37 38390
2020-07-13_14-10-37 38390
2020-07-13_14-10-37 38390
2020-07-13_14-10-37 38390
2020-07-13_14-10-37 38390
2020-07-13_14-10-37 38390
2020-07-13_14-10-37 38380
2020-07-13_14-10-37 38380
2020-07-13_14-10-37 38380
2020-07-13_14-10-37 38390
2020-07-13_14-10-37 38390
2020-07-13_14-10-37 38390
2020-07-13_14-10-37 38390
2020-07-13_14-10-37 38390
2020-07-13_14-10-37 38390
2020-07-13_14-10-37 38390
2020-07-13_14-10-37 38390
2020-07-13_14-10-37 38390
2020-07-13_14-10-37 38390
2020-07-13_14-10-37 38390
2020-07-13_14-10-37 38390
2020-07-13_14-10-37 38390
2020-07-13_14-10-37 38390
2020-07-13_14-10-37 38400
2020-07-13_14-10-37 38400
2020-07-13_14-10-37 38400
2020-07-13_14-10-37 38390
2020-07-13_14-10-37 38390
2020-07-13_14-10-37 38390
2020-07-13_14-10-37 38390
2020-07-13_14-10-37 38390
2020-07-13_14-10-37 38390
2020-07-13_14-10-37 38390
2020-07-13_14-10-37 38390
2020-07-13_14-10-37 38390
2020-07-13_14-10-37 38390
2020-07-13_14-10-37 38390
2020-07-13_14-10-37 38390
2020-07-13_14-10-37 38390
2020-07-13_14-10-37 38390
2020-07-13_14-10-37 38390
2020-07-13_14-10-37 38390
2020-07-13_14-10-37 38390
2020-07-13_14-10-37 38390
2020-07-13_14-10-37 38390
2020-07-13_14-10-37 38390
2020-07-13_14-10-37 38390
2020-07-13_14-10-37 38390
2020-07-13_14-10-37 38390
2020-07-13_14-10-37 38390
2020-07-13_14-10-37 38390
2020-07-13_14-10-37 38390
2020-07-13_14-10-37 38390
2020-07-13_14-10-37 38390
2020-07-13_14-10-37 38390
2020-07-13_14-10-37 38390
2020-07-13_14-10-37 38390
2020-07-13_14-10-37 38390
2020-07-13_14-10-37 38390
2020-07-13_14-10-37 38390
2020-07-13_14-10-37 38390
2020-07-13_14-10-37 38390
2020-07-13_14-10-37 38390
2020-07-13_14-10-37 38390
2020-07-13_14-10-37 38390
2020-07-13_14-10-37 38390
2020-07-13_14-10-37 38390
2020-07-13_14-10-37 38390
2020-07-13_14-10-37 38390
2020-07-13_14-10-37 38390
2020-07-13_14-10-37 38390
2020-07-13_14-10-37 38400
2020-07-13_14-10-37 38400
2020-07-13_14-10-37 38400
2020-07-13_14-10-37 38390
2020-07-13_14-10-37 38390
2020-07-13_14-10-37 38380
2020-07-13_14-10-37 38380
2020-07-13_14-10-37 38390
2020-07-13_14-10-37 38390
2020-07-13_14-10-37 38390
2020-07-13_14-10-37 38390
2020-07-13_14-10-37 38390
2020-07-13_14-10-37 38390
2020-07-13_14-10-37 38390
2020-07-13_14-10-37 38390
2020-07-13_14-10-37 38390
2020-07-13_14-10-37 38390
2020-07-13_14-10-37 38390
2020-07-13_14-10-37 38390
2020-07-13_14-10-37 38400
2020-07-13_14-10-37 38400
2020-07-13_14-10-37 38390
2020-07-13_14-10-37 38380
2020-07-13_14-10-37 38390
2020-07-13_14-10-37 38390
2020-07-13_14-10-37 38390
2020-07-13_14-10-37 38390
2020-07-13_14-10-37 38390
2020-07-13_14-10-37 38390
2020-07-13_14-10-37 38390
2020-07-13_14-10-37 38390
2020-07-13_14-10-37 38390
2020-07-13_14-10-37 38390
2020-07-13_14-10-37 38390
2020-07-13_14-10-37 38390
2020-07-13_14-10-37 38390
2020-07-13_14-10-37 38390
2020-07-13_14-10-37 38390
2020-07-13_14-10-37 38390
2020-07-13_14-10-37 38390
2020-07-13_14-10-37 38390
2020-07-13_14-10-37 38390
2020-07-13_14-10-37 38390
2020-07-13_14-10-37 38390
2020-07-13_14-10-37 38390
2020-07-13_14-10-37 38390
2020-07-13_14-10-37 38390
2020-07-13_14-10-37 38390
2020-07-13_14-10-37 38390
2020-07-13_14-10-37 38390
2020-07-13_14-10-37 38390
2020-07-13_14-10-37 38390
2020-07-13_14-10-37 38390
2020-07-13_14-10-37 38390
2020-07-13_14-10-37 38390
2020-07-13_14-10-37 38390
2020-07-13_14-10-37 38390
2020-07-13_14-10-37 38390
2020-07-13_14-10-37 38390
2020-07-13_14-10-37 38400
2020-07-13_14-10-37 38400
2020-07-13_14-10-37 38400
2020-07-13_14-10-37 38390
2020-07-13_14-10-37 38390
2020-07-13_14-10-37 38390
2020-07-13_14-10-37 38390
2020-07-13_14-10-37 38390
2020-07-13_14-10-37 38380
2020-07-13_14-10-37 38380
2020-07-13_14-10-37 38390
2020-07-13_14-10-37 38390
2020-07-13_14-10-37 38400
2020-07-13_14-10-37 38390
2020-07-13_14-10-37 38390
2020-07-13_14-10-37 38390
2020-07-13_14-10-37 38390
2020-07-13_14-10-37 38400
2020-07-13_14-10-37 38400
2020-07-13_14-10-37 38400
2020-07-13_14-10-37 38390
2020-07-13_14-10-37 38380
2020-07-13_14-10-37 38380
2020-07-13_14-10-37 38390
2020-07-13_14-10-37 38390
2020-07-13_14-10-37 38390
2020-07-13_14-10-37 38390
2020-07-13_14-10-37 38390
2020-07-13_14-10-37 38390
2020-07-13_14-10-37 38390
2020-07-13_14-10-37 38390
2020-07-13_14-10-37 38390
2020-07-13_14-10-37 38390
2020-07-13_14-10-37 38390
2020-07-13_14-10-37 38390
2020-07-13_14-10-37 38390
2020-07-13_14-10-37 38390
2020-07-13_14-10-37 38390
2020-07-13_14-10-37 38390
2020-07-13_14-10-37 38390
2020-07-13_14-10-37 38390
2020-07-13_14-10-37 38390
2020-07-13_14-10-37 38390
2020-07-13_14-10-37 38390
2020-07-13_14-10-37 38390
2020-07-13_14-10-37 38390
2020-07-13_14-10-37 38390
2020-07-13_14-10-37 38390
2020-07-13_14-10-37 38390
2020-07-13_14-10-37 38390
2020-07-13_14-10-37 38390
2020-07-13_14-10-37 38390
2020-07-13_14-10-37 38390
2020-07-13_14-10-37 38390
2020-07-13_14-10-37 38390
2020-07-13_14-10-37 38400
2020-07-13_14-10-37 38400
2020-07-13_14-10-37 38390
2020-07-13_14-10-37 38390
2020-07-13_14-10-37 38390
2020-07-13_14-10-37 38390
2020-07-13_14-10-37 38390
2020-07-13_14-10-37 38390
2020-07-13_14-10-37 38390
2020-07-13_14-10-37 38390
2020-07-13_14-10-37 38390
2020-07-13_14-10-37 38390
2020-07-13_14-10-37 38390
2020-07-13_14-10-37 38390
2020-07-13_14-10-37 38390
2020-07-13_14-10-37 38380
2020-07-13_14-10-37 38380
2020-07-13_14-10-37 38390
2020-07-13_14-10-37 38390
2020-07-13_14-10-37 38390
2020-07-13_14-10-37 38380
2020-07-13_14-10-37 38380
2020-07-13_14-10-37 38380
2020-07-13_14-10-37 38390
2020-07-13_14-10-37 38400
2020-07-13_14-10-37 38400
2020-07-13_14-10-37 38410
2020-07-13_14-10-37 38410
2020-07-13_14-10-37 38410
2020-07-13_14-10-37 38400
2020-07-13_14-10-37 38400
2020-07-13_14-10-37 38400
2020-07-13_14-10-37 38400
2020-07-13_14-10-37 38390
2020-07-13_14-10-37 38390
2020-07-13_14-10-37 38390
2020-07-13_14-10-37 38400
2020-07-13_14-10-37 38410
2020-07-13_14-10-37 38410
2020-07-13_14-10-37 38410
2020-07-13_14-10-37 38410
2020-07-13_14-10-37 38430
2020-07-13_14-10-37 38460
2020-07-13_14-10-37 38490
2020-07-13_14-10-37 38510
2020-07-13_14-10-37 38510
2020-07-13_14-10-37 38490
2020-07-13_14-10-37 38460
2020-07-13_14-10-37 38460
2020-07-13_14-10-37 38470
2020-07-13_14-10-37 38470
2020-07-13_14-10-37 38480
2020-07-13_14-10-37 38490
2020-07-13_14-10-37 38510
2020-07-13_14-10-37 38500
2020-07-13_14-10-37 38480
2020-07-13_14-10-37 38450
2020-07-13_14-10-37 38450
2020-07-13_14-10-37 38480
2020-07-13_14-10-37 38500
2020-07-13_14-10-37 38480
2020-07-13_14-10-37 38460
2020-07-13_14-10-37 38450
2020-07-13_14-10-37 38460
2020-07-13_14-10-37 38460
2020-07-13_14-10-37 38490
2020-07-13_14-10-37 38510
2020-07-13_14-10-37 38500
2020-07-13_14-10-37 38480
2020-07-13_14-10-37 38490
2020-07-13_14-10-37 38490
2020-07-13_14-10-37 38480
2020-07-13_14-10-37 38470
2020-07-13_14-10-37 38470
2020-07-13_14-10-37 38490
2020-07-13_14-10-37 38500
2020-07-13_14-10-37 38500
2020-07-13_14-10-37 38500
2020-07-13_14-10-37 38490
2020-07-13_14-10-37 38470
2020-07-13_14-10-37 38470
2020-07-13_14-10-37 38470
2020-07-13_14-10-37 38470
2020-07-13_14-10-37 38470
2020-07-13_14-10-37 38480
2020-07-13_14-10-37 38490
2020-07-13_14-10-37 38490
2020-07-13_14-10-37 38480
2020-07-13_14-10-37 38480
2020-07-13_14-10-37 38470
2020-07-13_14-10-37 38480
2020-07-13_14-10-37 38490
2020-07-13_14-10-37 38490
2020-07-13_14-10-37 38490
2020-07-13_14-10-37 38490
2020-07-13_14-10-37 38500
2020-07-13_14-10-37 38490
2020-07-13_14-10-37 38480
2020-07-13_14-10-37 38480
2020-07-13_14-10-37 38480
2020-07-13_14-10-37 38480
2020-07-13_14-10-37 38480
2020-07-13_14-10-37 38490
2020-07-13_14-10-37 38490
2020-07-13_14-10-37 38470
2020-07-13_14-10-37 38470
2020-07-13_14-10-37 38470
2020-07-13_14-10-37 38460
2020-07-13_14-10-37 38430
2020-07-13_14-10-37 38410
2020-07-13_14-10-37 38440
2020-07-13_14-10-37 38600
2020-07-13_14-10-37 38750
2020-07-13_14-10-37 38650
2020-07-13_14-10-37 38360
2020-07-13_14-10-37 38230
2020-07-13_14-10-37 38400
2020-07-13_14-10-37 38560
2020-07-13_14-10-37 38480
2020-07-13_14-10-37 38370
2020-07-13_14-10-37 38440
2020-07-13_14-10-37 38520
2020-07-13_14-10-37 38470
2020-07-13_14-10-37 38380
2020-07-13_14-10-37 38330
2020-07-13_14-10-37 38030
2020-07-13_14-10-37 37100
2020-07-13_14-10-37 35600
2020-07-13_14-10-37 34030
2020-07-13_14-10-37 32890
2020-07-13_14-10-37 32260
2020-07-13_14-10-37 32010
2020-07-13_14-10-37 31930
2020-07-13_14-10-37 31890
2020-07-13_14-10-37 31830
2020-07-13_14-10-37 31740
2020-07-13_14-10-37 31630
2020-07-13_14-10-37 31550
2020-07-13_14-10-37 31540
2020-07-13_14-10-37 31560
2020-07-13_14-10-37 31590
2020-07-13_14-10-37 31610
2020-07-13_14-10-37 31630
2020-07-13_14-10-37 31650
2020-07-13_14-10-37 31650
2020-07-13_14-10-37 31600
2020-07-13_14-10-37 31540
2020-07-13_14-10-37 31490
2020-07-13_14-10-37 31490
2020-07-13_14-10-37 31500
2020-07-13_14-10-37 31500
2020-07-13_14-10-37 31510
2020-07-13_14-10-37 31520
2020-07-13_14-10-37 31510
2020-07-13_14-10-37 31500
2020-07-13_14-10-37 31170
2020-07-13_14-10-37 29070
2020-07-13_14-10-37 25830
2020-07-13_14-10-37 22910
2020-07-13_14-10-37 21790
2020-07-13_14-10-37 21750
2020-07-13_14-10-37 21690
2020-07-13_14-10-37 21660
2020-07-13_14-10-37 21710
2020-07-13_14-10-37 21780
2020-07-13_14-10-37 21780
2020-07-13_14-10-37 21710
2020-07-13_14-10-37 21670
2020-07-13_14-10-37 21740
2020-07-13_14-10-37 21830
2020-07-13_14-10-37 21870
2020-07-13_14-10-37 21800
2020-07-13_14-10-37 21690
2020-07-13_14-10-37 21640
2020-07-13_14-10-37 21680
2020-07-13_14-10-37 21750
2020-07-13_14-10-37 21770
2020-07-13_14-10-37 21760
2020-07-13_14-10-37 21740
2020-07-13_14-10-37 21740
2020-07-13_14-10-37 21750
2020-07-13_14-10-37 21670
2020-07-13_14-10-37 20610
2020-07-13_14-10-37 18200
2020-07-13_14-10-37 15810
2020-07-13_14-10-37 14660
2020-07-13_14-10-37 15100
2020-07-13_14-10-37 15710
2020-07-13_14-10-37 15880
2020-07-13_14-10-37 14380
2020-07-13_14-10-37 11680
2020-07-13_14-10-37 9240
2020-07-13_14-10-37 8410
2020-07-13_14-10-37 8800
2020-07-13_14-10-37 9130
2020-07-13_14-10-37 8640
2020-07-13_14-10-37 6350
2020-07-13_14-10-37 3290
2020-07-13_14-10-37 830
