2020-07-13_14-10-05 1940
2020-07-13_14-10-05 3640
2020-07-13_14-10-05 4790
2020-07-13_14-10-05 5100
2020-07-13_14-10-05 4980
2020-07-13_14-10-05 4870
2020-07-13_14-10-05 4940
2020-07-13_14-10-05 4980
2020-07-13_14-10-05 4910
2020-07-13_14-10-05 4850
2020-07-13_14-10-05 4850
2020-07-13_14-10-05 4860
2020-07-13_14-10-05 4850
2020-07-13_14-10-05 4870
2020-07-13_14-10-05 4910
2020-07-13_14-10-05 4890
2020-07-13_14-10-05 4870
2020-07-13_14-10-05 4870
2020-07-13_14-10-05 4890
2020-07-13_14-10-05 4920
2020-07-13_14-10-05 4920
2020-07-13_14-10-05 4890
2020-07-13_14-10-05 4900
2020-07-13_14-10-05 4920
2020-07-13_14-10-05 4910
2020-07-13_14-10-05 4850
2020-07-13_14-10-05 4810
2020-07-13_14-10-05 4830
2020-07-13_14-10-05 4850
2020-07-13_14-10-05 4850
2020-07-13_14-10-05 4850
2020-07-13_14-10-05 4840
2020-07-13_14-10-05 4790
2020-07-13_14-10-05 4780
2020-07-13_14-10-05 4810
2020-07-13_14-10-05 4860
2020-07-13_14-10-05 5320
2020-07-13_14-10-05 6600
2020-07-13_14-10-05 8090
2020-07-13_14-10-05 9050
2020-07-13_14-10-05 9180
2020-07-13_14-10-05 9070
2020-07-13_14-10-05 9030
2020-07-13_14-10-05 8940
2020-07-13_14-10-05 8890
2020-07-13_14-10-05 8860
2020-07-13_14-10-05 8810
2020-07-13_14-10-05 8760
2020-07-13_14-10-05 8720
2020-07-13_14-10-05 9120
2020-07-13_14-10-05 10220
2020-07-13_14-10-05 11530
2020-07-13_14-10-05 12500
2020-07-13_14-10-05 12780
2020-07-13_14-10-05 12850
2020-07-13_14-10-05 12820
2020-07-13_14-10-05 12780
2020-07-13_14-10-05 12780
2020-07-13_14-10-05 12770
2020-07-13_14-10-05 12810
2020-07-13_14-10-05 12790
2020-07-13_14-10-05 12820
2020-07-13_14-10-05 12820
2020-07-13_14-10-05 12780
2020-07-13_14-10-05 12810
2020-07-13_14-10-05 12790
2020-07-13_14-10-05 12810
2020-07-13_14-10-05 12780
2020-07-13_14-10-05 12790
2020-07-13_14-10-05 12810
2020-07-13_14-10-05 12770
2020-07-13_14-10-05 12790
2020-07-13_14-10-05 12790
2020-07-13_14-10-05 12790
2020-07-13_14-10-05 12780
2020-07-13_14-10-05 12770
2020-07-13_14-10-05 12800
2020-07-13_14-10-05 12780
2020-07-13_14-10-05 12790
2020-07-13_14-10-05 12790
2020-07-13_14-10-05 12800
2020-07-13_14-10-05 12800
2020-07-13_14-10-05 12780
2020-07-13_14-10-05 12790
2020-07-13_14-10-05 12800
2020-07-13_14-10-05 12790
2020-07-13_14-10-05 12800
2020-07-13_14-10-05 12820
2020-07-13_14-10-05 12860
2020-07-13_14-10-05 12870
2020-07-13_14-10-05 12840
2020-07-13_14-10-05 12830
2020-07-13_14-10-05 12860
2020-07-13_14-10-05 12820
2020-07-13_14-10-05 12810
2020-07-13_14-10-05 12720
2020-07-13_14-10-05 12780
2020-07-13_14-10-05 12810
2020-07-13_14-10-05 12810
2020-07-13_14-10-05 12830
2020-07-13_14-10-05 12770
2020-07-13_14-10-05 12810
2020-07-13_14-10-05 12770
2020-07-13_14-10-05 12810
2020-07-13_14-10-05 12810
2020-07-13_14-10-05 12770
2020-07-13_14-10-05 12800
2020-07-13_14-10-05 12770
2020-07-13_14-10-05 12810
2020-07-13_14-10-05 12800
2020-07-13_14-10-05 12790
2020-07-13_14-10-05 12790
2020-07-13_14-10-05 12770
2020-07-13_14-10-05 12810
2020-07-13_14-10-05 12790
2020-07-13_14-10-05 12790
2020-07-13_14-10-05 12790
2020-07-13_14-10-05 12780
2020-07-13_14-10-05 12810
2020-07-13_14-10-05 12780
2020-07-13_14-10-05 12790
2020-07-13_14-10-05 12790
2020-07-13_14-10-05 12790
2020-07-13_14-10-05 12800
2020-07-13_14-10-05 12770
2020-07-13_14-10-05 12780
2020-07-13_14-10-05 12790
2020-07-13_14-10-05 12800
2020-07-13_14-10-05 12800
2020-07-13_14-10-05 12790
2020-07-13_14-10-05 12810
2020-07-13_14-10-05 12780
2020-07-13_14-10-05 12780
2020-07-13_14-10-05 12780
2020-07-13_14-10-05 12790
2020-07-13_14-10-05 12800
2020-07-13_14-10-05 12810
2020-07-13_14-10-05 12830
2020-07-13_14-10-05 12790
2020-07-13_14-10-05 12760
2020-07-13_14-10-05 12760
2020-07-13_14-10-05 12770
2020-07-13_14-10-05 12790
2020-07-13_14-10-05 12800
2020-07-13_14-10-05 12820
2020-07-13_14-10-05 12790
2020-07-13_14-10-05 12780
2020-07-13_14-10-05 12780
2020-07-13_14-10-05 12750
2020-07-13_14-10-05 12720
2020-07-13_14-10-05 12710
2020-07-13_14-10-05 12720
2020-07-13_14-10-05 12700
2020-07-13_14-10-05 12700
2020-07-13_14-10-05 12710
2020-07-13_14-10-05 12700
2020-07-13_14-10-05 12700
2020-07-13_14-10-05 12690
2020-07-13_14-10-05 12690
2020-07-13_14-10-05 12690
2020-07-13_14-10-05 12690
2020-07-13_14-10-05 12700
2020-07-13_14-10-05 12690
2020-07-13_14-10-05 12700
2020-07-13_14-10-05 12700
2020-07-13_14-10-05 12690
2020-07-13_14-10-05 12690
2020-07-13_14-10-05 12690
2020-07-13_14-10-05 12700
2020-07-13_14-10-05 12700
2020-07-13_14-10-05 12700
2020-07-13_14-10-05 12710
2020-07-13_14-10-05 12700
2020-07-13_14-10-05 12700
2020-07-13_14-10-05 12700
2020-07-13_14-10-05 12700
2020-07-13_14-10-05 12730
2020-07-13_14-10-05 12750
2020-07-13_14-10-05 12790
2020-07-13_14-10-05 12790
2020-07-13_14-10-05 12810
2020-07-13_14-10-05 12800
2020-07-13_14-10-05 12790
2020-07-13_14-10-05 12770
2020-07-13_14-10-05 12790
2020-07-13_14-10-05 12810
2020-07-13_14-10-05 12810
2020-07-13_14-10-05 12790
2020-07-13_14-10-05 12780
2020-07-13_14-10-05 12780
2020-07-13_14-10-05 12810
2020-07-13_14-10-05 12800
2020-07-13_14-10-05 12780
2020-07-13_14-10-05 12770
2020-07-13_14-10-05 12790
2020-07-13_14-10-05 12790
2020-07-13_14-10-05 12760
2020-07-13_14-10-05 12730
2020-07-13_14-10-05 12700
2020-07-13_14-10-05 12700
2020-07-13_14-10-05 12690
2020-07-13_14-10-05 12690
2020-07-13_14-10-05 12680
2020-07-13_14-10-05 12690
2020-07-13_14-10-05 12690
2020-07-13_14-10-05 12690
2020-07-13_14-10-05 12690
2020-07-13_14-10-05 12690
2020-07-13_14-10-05 12700
2020-07-13_14-10-05 12700
2020-07-13_14-10-05 12690
2020-07-13_14-10-05 12690
2020-07-13_14-10-05 12690
2020-07-13_14-10-05 12690
2020-07-13_14-10-05 12690
2020-07-13_14-10-05 12690
2020-07-13_14-10-05 12690
2020-07-13_14-10-05 12690
2020-07-13_14-10-05 12690
2020-07-13_14-10-05 12690
2020-07-13_14-10-05 12690
2020-07-13_14-10-05 12690
2020-07-13_14-10-05 12690
2020-07-13_14-10-05 12700
2020-07-13_14-10-05 12700
2020-07-13_14-10-05 12690
2020-07-13_14-10-05 12690
2020-07-13_14-10-05 12700
2020-07-13_14-10-05 12700
2020-07-13_14-10-05 12700
2020-07-13_14-10-05 12700
2020-07-13_14-10-05 12700
2020-07-13_14-10-05 12700
2020-07-13_14-10-05 12700
2020-07-13_14-10-05 12700
2020-07-13_14-10-05 12690
2020-07-13_14-10-05 12700
2020-07-13_14-10-05 12690
2020-07-13_14-10-05 12690
2020-07-13_14-10-05 12690
2020-07-13_14-10-05 12690
2020-07-13_14-10-05 12690
2020-07-13_14-10-05 12690
2020-07-13_14-10-05 12690
2020-07-13_14-10-05 12690
2020-07-13_14-10-05 12690
2020-07-13_14-10-05 12690
2020-07-13_14-10-05 12690
2020-07-13_14-10-05 12690
2020-07-13_14-10-05 12690
2020-07-13_14-10-05 12690
2020-07-13_14-10-05 12690
2020-07-13_14-10-05 12690
2020-07-13_14-10-05 12690
2020-07-13_14-10-05 12690
2020-07-13_14-10-05 12690
2020-07-13_14-10-05 12690
2020-07-13_14-10-05 12690
2020-07-13_14-10-05 12690
2020-07-13_14-10-05 12690
2020-07-13_14-10-05 12690
2020-07-13_14-10-05 12690
2020-07-13_14-10-05 12690
2020-07-13_14-10-05 12690
2020-07-13_14-10-05 12690
2020-07-13_14-10-05 12690
2020-07-13_14-10-05 12690
2020-07-13_14-10-05 12690
2020-07-13_14-10-05 12690
2020-07-13_14-10-05 12690
2020-07-13_14-10-05 12690
2020-07-13_14-10-05 12690
2020-07-13_14-10-05 12690
2020-07-13_14-10-05 12690
2020-07-13_14-10-05 12690
2020-07-13_14-10-05 12690
2020-07-13_14-10-05 12690
2020-07-13_14-10-05 12690
2020-07-13_14-10-05 12690
2020-07-13_14-10-05 12690
2020-07-13_14-10-05 12690
2020-07-13_14-10-05 12690
2020-07-13_14-10-05 12690
2020-07-13_14-10-05 12690
2020-07-13_14-10-05 12690
2020-07-13_14-10-05 12690
2020-07-13_14-10-05 12690
2020-07-13_14-10-05 12690
2020-07-13_14-10-05 12690
2020-07-13_14-10-05 12690
2020-07-13_14-10-05 12690
2020-07-13_14-10-05 12690
2020-07-13_14-10-05 12690
2020-07-13_14-10-05 12690
2020-07-13_14-10-05 12690
2020-07-13_14-10-05 12690
2020-07-13_14-10-05 12690
2020-07-13_14-10-05 12690
2020-07-13_14-10-05 12690
2020-07-13_14-10-05 12690
2020-07-13_14-10-05 12690
2020-07-13_14-10-05 12690
2020-07-13_14-10-05 12690
2020-07-13_14-10-05 12690
2020-07-13_14-10-05 12690
2020-07-13_14-10-05 12690
2020-07-13_14-10-05 12690
2020-07-13_14-10-05 12690
2020-07-13_14-10-05 12690
2020-07-13_14-10-05 12690
2020-07-13_14-10-05 12690
2020-07-13_14-10-05 12690
2020-07-13_14-10-05 12690
2020-07-13_14-10-05 12690
2020-07-13_14-10-05 12690
2020-07-13_14-10-05 12690
2020-07-13_14-10-05 12690
2020-07-13_14-10-05 12690
2020-07-13_14-10-05 12690
2020-07-13_14-10-05 12690
2020-07-13_14-10-05 12690
2020-07-13_14-10-05 12690
2020-07-13_14-10-05 12690
2020-07-13_14-10-05 12690
2020-07-13_14-10-05 12690
2020-07-13_14-10-05 12690
2020-07-13_14-10-05 12690
2020-07-13_14-10-05 12690
2020-07-13_14-10-05 12700
2020-07-13_14-10-05 12700
2020-07-13_14-10-05 12700
2020-07-13_14-10-05 12700
2020-07-13_14-10-05 12700
2020-07-13_14-10-05 12690
2020-07-13_14-10-05 12690
2020-07-13_14-10-05 12690
2020-07-13_14-10-05 12700
2020-07-13_14-10-05 12700
2020-07-13_14-10-05 12700
2020-07-13_14-10-05 12700
2020-07-13_14-10-05 12700
2020-07-13_14-10-05 12700
2020-07-13_14-10-05 12700
2020-07-13_14-10-05 12700
2020-07-13_14-10-05 12700
2020-07-13_14-10-05 12700
2020-07-13_14-10-05 12690
2020-07-13_14-10-05 12690
2020-07-13_14-10-05 12690
2020-07-13_14-10-05 12700
2020-07-13_14-10-05 12690
2020-07-13_14-10-05 12690
2020-07-13_14-10-05 12690
2020-07-13_14-10-05 12690
2020-07-13_14-10-05 12690
2020-07-13_14-10-05 12690
2020-07-13_14-10-05 12690
2020-07-13_14-10-05 12690
2020-07-13_14-10-05 12700
2020-07-13_14-10-05 12690
2020-07-13_14-10-05 12690
2020-07-13_14-10-05 12700
2020-07-13_14-10-05 12700
2020-07-13_14-10-05 12700
2020-07-13_14-10-05 12700
2020-07-13_14-10-05 12700
2020-07-13_14-10-05 12700
2020-07-13_14-10-05 12690
2020-07-13_14-10-05 12690
2020-07-13_14-10-05 12690
2020-07-13_14-10-05 12690
2020-07-13_14-10-05 12690
2020-07-13_14-10-05 12690
2020-07-13_14-10-05 12690
2020-07-13_14-10-05 12690
2020-07-13_14-10-05 12690
2020-07-13_14-10-05 12680
2020-07-13_14-10-05 12680
2020-07-13_14-10-05 12690
2020-07-13_14-10-05 12690
2020-07-13_14-10-05 12700
2020-07-13_14-10-05 12690
2020-07-13_14-10-05 12690
2020-07-13_14-10-05 12690
2020-07-13_14-10-05 12700
2020-07-13_14-10-05 12700
2020-07-13_14-10-05 12700
2020-07-13_14-10-05 12700
2020-07-13_14-10-05 12690
2020-07-13_14-10-05 12680
2020-07-13_14-10-05 12690
2020-07-13_14-10-05 12690
2020-07-13_14-10-05 12690
2020-07-13_14-10-05 12690
2020-07-13_14-10-05 12690
2020-07-13_14-10-05 12690
2020-07-13_14-10-05 12690
2020-07-13_14-10-05 12690
2020-07-13_14-10-05 12690
2020-07-13_14-10-05 12690
2020-07-13_14-10-05 12690
2020-07-13_14-10-05 12690
2020-07-13_14-10-05 12690
2020-07-13_14-10-05 12690
2020-07-13_14-10-05 12690
2020-07-13_14-10-05 12690
2020-07-13_14-10-05 12690
2020-07-13_14-10-05 12690
2020-07-13_14-10-05 12690
2020-07-13_14-10-05 12690
2020-07-13_14-10-05 12690
2020-07-13_14-10-05 12690
2020-07-13_14-10-05 12700
2020-07-13_14-10-05 12700
2020-07-13_14-10-05 12700
2020-07-13_14-10-05 12700
2020-07-13_14-10-05 12700
2020-07-13_14-10-05 12700
2020-07-13_14-10-05 12700
2020-07-13_14-10-05 12700
2020-07-13_14-10-05 12700
2020-07-13_14-10-05 12700
2020-07-13_14-10-05 12700
2020-07-13_14-10-05 12700
2020-07-13_14-10-05 12700
2020-07-13_14-10-05 12700
2020-07-13_14-10-05 12690
2020-07-13_14-10-05 12690
2020-07-13_14-10-05 12690
2020-07-13_14-10-05 12700
2020-07-13_14-10-05 12700
2020-07-13_14-10-05 12700
2020-07-13_14-10-05 12700
2020-07-13_14-10-05 12690
2020-07-13_14-10-05 12690
2020-07-13_14-10-05 12680
2020-07-13_14-10-05 12680
2020-07-13_14-10-05 12680
2020-07-13_14-10-05 12690
2020-07-13_14-10-05 12690
2020-07-13_14-10-05 12700
2020-07-13_14-10-05 12690
2020-07-13_14-10-05 12700
2020-07-13_14-10-05 12700
2020-07-13_14-10-05 12700
2020-07-13_14-10-05 12700
2020-07-13_14-10-05 12700
2020-07-13_14-10-05 12700
2020-07-13_14-10-05 12690
2020-07-13_14-10-05 12690
2020-07-13_14-10-05 12700
2020-07-13_14-10-05 12700
2020-07-13_14-10-05 12700
2020-07-13_14-10-05 12700
2020-07-13_14-10-05 12700
2020-07-13_14-10-05 12700
2020-07-13_14-10-05 12700
2020-07-13_14-10-05 12700
2020-07-13_14-10-05 12700
2020-07-13_14-10-05 12700
2020-07-13_14-10-05 12700
2020-07-13_14-10-05 12700
2020-07-13_14-10-05 12700
2020-07-13_14-10-05 12690
2020-07-13_14-10-05 12690
2020-07-13_14-10-05 12690
2020-07-13_14-10-05 12690
2020-07-13_14-10-05 12690
2020-07-13_14-10-05 12690
2020-07-13_14-10-05 12680
2020-07-13_14-10-05 12680
2020-07-13_14-10-05 12690
2020-07-13_14-10-05 12690
2020-07-13_14-10-05 12690
2020-07-13_14-10-05 12690
2020-07-13_14-10-05 12690
2020-07-13_14-10-05 12690
2020-07-13_14-10-05 12690
2020-07-13_14-10-05 12690
2020-07-13_14-10-05 12690
2020-07-13_14-10-05 12690
2020-07-13_14-10-05 12690
2020-07-13_14-10-05 12690
2020-07-13_14-10-05 12690
2020-07-13_14-10-05 12690
2020-07-13_14-10-05 12690
2020-07-13_14-10-05 12690
2020-07-13_14-10-05 12690
2020-07-13_14-10-05 12690
2020-07-13_14-10-05 12690
2020-07-13_14-10-05 12690
2020-07-13_14-10-05 12690
2020-07-13_14-10-05 12690
2020-07-13_14-10-05 12690
2020-07-13_14-10-05 12700
2020-07-13_14-10-05 12700
2020-07-13_14-10-05 12700
2020-07-13_14-10-05 12700
2020-07-13_14-10-05 12700
2020-07-13_14-10-05 12690
2020-07-13_14-10-05 12690
2020-07-13_14-10-05 12690
2020-07-13_14-10-05 12690
2020-07-13_14-10-05 12690
2020-07-13_14-10-05 12690
2020-07-13_14-10-05 12700
2020-07-13_14-10-05 12700
2020-07-13_14-10-05 12700
2020-07-13_14-10-05 12700
2020-07-13_14-10-05 12690
2020-07-13_14-10-05 12690
2020-07-13_14-10-05 12690
2020-07-13_14-10-05 12690
2020-07-13_14-10-05 12690
2020-07-13_14-10-05 12690
2020-07-13_14-10-05 12690
2020-07-13_14-10-05 12690
2020-07-13_14-10-05 12690
2020-07-13_14-10-05 12690
2020-07-13_14-10-05 12690
2020-07-13_14-10-05 12690
2020-07-13_14-10-05 12690
2020-07-13_14-10-05 12690
2020-07-13_14-10-05 12690
2020-07-13_14-10-05 12690
2020-07-13_14-10-05 12690
2020-07-13_14-10-05 12690
2020-07-13_14-10-05 12690
2020-07-13_14-10-05 12690
2020-07-13_14-10-05 12690
2020-07-13_14-10-05 12690
2020-07-13_14-10-05 12690
2020-07-13_14-10-05 12690
2020-07-13_14-10-05 12690
2020-07-13_14-10-05 12690
2020-07-13_14-10-05 12690
2020-07-13_14-10-05 12690
2020-07-13_14-10-05 12690
2020-07-13_14-10-05 12690
2020-07-13_14-10-05 12690
2020-07-13_14-10-05 12700
2020-07-13_14-10-05 12700
2020-07-13_14-10-05 12700
2020-07-13_14-10-05 12700
2020-07-13_14-10-05 12700
2020-07-13_14-10-05 12690
2020-07-13_14-10-05 12690
2020-07-13_14-10-05 12690
2020-07-13_14-10-05 12690
2020-07-13_14-10-05 12680
2020-07-13_14-10-05 12690
2020-07-13_14-10-05 12690
2020-07-13_14-10-05 12690
2020-07-13_14-10-05 12690
2020-07-13_14-10-05 12690
2020-07-13_14-10-05 12690
2020-07-13_14-10-05 12690
2020-07-13_14-10-05 12690
2020-07-13_14-10-05 12690
2020-07-13_14-10-05 12690
2020-07-13_14-10-05 12690
2020-07-13_14-10-05 12690
2020-07-13_14-10-05 12690
2020-07-13_14-10-05 12690
2020-07-13_14-10-05 12690
2020-07-13_14-10-05 12690
2020-07-13_14-10-05 12690
2020-07-13_14-10-05 12690
2020-07-13_14-10-05 12690
2020-07-13_14-10-05 12690
2020-07-13_14-10-05 12690
2020-07-13_14-10-05 12680
2020-07-13_14-10-05 12680
2020-07-13_14-10-05 12680
2020-07-13_14-10-05 12680
2020-07-13_14-10-05 12680
2020-07-13_14-10-05 12680
2020-07-13_14-10-05 12690
2020-07-13_14-10-05 12690
2020-07-13_14-10-05 12690
2020-07-13_14-10-05 12690
2020-07-13_14-10-05 12690
2020-07-13_14-10-05 12690
2020-07-13_14-10-05 12690
2020-07-13_14-10-05 12690
2020-07-13_14-10-05 12690
2020-07-13_14-10-05 12690
2020-07-13_14-10-05 12690
2020-07-13_14-10-05 12690
2020-07-13_14-10-05 12690
2020-07-13_14-10-05 12690
2020-07-13_14-10-05 12690
2020-07-13_14-10-05 12690
2020-07-13_14-10-05 12690
2020-07-13_14-10-05 12690
2020-07-13_14-10-05 12690
2020-07-13_14-10-05 12690
2020-07-13_14-10-05 12690
2020-07-13_14-10-05 12690
2020-07-13_14-10-05 12690
2020-07-13_14-10-05 12690
2020-07-13_14-10-05 12690
2020-07-13_14-10-05 12690
2020-07-13_14-10-05 12690
2020-07-13_14-10-05 12690
2020-07-13_14-10-05 12690
2020-07-13_14-10-05 12690
2020-07-13_14-10-05 12690
2020-07-13_14-10-05 12690
2020-07-13_14-10-05 12690
2020-07-13_14-10-05 12690
2020-07-13_14-10-05 12690
2020-07-13_14-10-05 12690
2020-07-13_14-10-05 12690
2020-07-13_14-10-05 12690
2020-07-13_14-10-05 12690
2020-07-13_14-10-05 12690
2020-07-13_14-10-05 12690
2020-07-13_14-10-05 12690
2020-07-13_14-10-05 12700
2020-07-13_14-10-05 12690
2020-07-13_14-10-05 12690
2020-07-13_14-10-05 12690
2020-07-13_14-10-05 12690
2020-07-13_14-10-05 12690
2020-07-13_14-10-05 12690
2020-07-13_14-10-05 12690
2020-07-13_14-10-05 12690
2020-07-13_14-10-05 12690
2020-07-13_14-10-05 12690
2020-07-13_14-10-05 12690
2020-07-13_14-10-05 12690
2020-07-13_14-10-05 12700
2020-07-13_14-10-05 12700
2020-07-13_14-10-05 12700
2020-07-13_14-10-05 12690
2020-07-13_14-10-05 12690
2020-07-13_14-10-05 12690
2020-07-13_14-10-05 12690
2020-07-13_14-10-05 12700
2020-07-13_14-10-05 12690
2020-07-13_14-10-05 12690
2020-07-13_14-10-05 12690
2020-07-13_14-10-05 12700
2020-07-13_14-10-05 12690
2020-07-13_14-10-05 12690
2020-07-13_14-10-05 12690
2020-07-13_14-10-05 12690
2020-07-13_14-10-05 12690
2020-07-13_14-10-05 12690
2020-07-13_14-10-05 12690
2020-07-13_14-10-05 12690
2020-07-13_14-10-05 12690
2020-07-13_14-10-05 12690
2020-07-13_14-10-05 12690
2020-07-13_14-10-05 12690
2020-07-13_14-10-05 12690
2020-07-13_14-10-05 12690
2020-07-13_14-10-05 12690
2020-07-13_14-10-05 12690
2020-07-13_14-10-05 12690
2020-07-13_14-10-05 12690
2020-07-13_14-10-05 12690
2020-07-13_14-10-05 12690
2020-07-13_14-10-05 12690
2020-07-13_14-10-05 12690
2020-07-13_14-10-05 12690
2020-07-13_14-10-05 12690
2020-07-13_14-10-05 12690
2020-07-13_14-10-05 12690
2020-07-13_14-10-05 12690
2020-07-13_14-10-05 12690
2020-07-13_14-10-05 12690
2020-07-13_14-10-05 12690
2020-07-13_14-10-05 12690
2020-07-13_14-10-05 12690
2020-07-13_14-10-05 12700
2020-07-13_14-10-05 12700
2020-07-13_14-10-05 12690
2020-07-13_14-10-05 12680
2020-07-13_14-10-05 12680
2020-07-13_14-10-05 12690
2020-07-13_14-10-05 12690
2020-07-13_14-10-05 12700
2020-07-13_14-10-05 12690
2020-07-13_14-10-05 12690
2020-07-13_14-10-05 12690
2020-07-13_14-10-05 12690
2020-07-13_14-10-05 12690
2020-07-13_14-10-05 12690
2020-07-13_14-10-05 12690
2020-07-13_14-10-05 12690
2020-07-13_14-10-05 12690
2020-07-13_14-10-05 12690
2020-07-13_14-10-05 12690
2020-07-13_14-10-05 12690
2020-07-13_14-10-05 12690
2020-07-13_14-10-05 12690
2020-07-13_14-10-05 12690
2020-07-13_14-10-05 12690
2020-07-13_14-10-05 12690
2020-07-13_14-10-05 12690
2020-07-13_14-10-05 12690
2020-07-13_14-10-05 12690
2020-07-13_14-10-05 12690
2020-07-13_14-10-05 12690
2020-07-13_14-10-05 12690
2020-07-13_14-10-05 12690
2020-07-13_14-10-05 12690
2020-07-13_14-10-05 12690
2020-07-13_14-10-05 12690
2020-07-13_14-10-05 12690
2020-07-13_14-10-05 12690
2020-07-13_14-10-05 12690
2020-07-13_14-10-05 12690
2020-07-13_14-10-05 12690
2020-07-13_14-10-05 12690
2020-07-13_14-10-05 12690
2020-07-13_14-10-05 12690
2020-07-13_14-10-05 12690
2020-07-13_14-10-05 12690
2020-07-13_14-10-05 12690
2020-07-13_14-10-05 12690
2020-07-13_14-10-05 12690
2020-07-13_14-10-05 12690
2020-07-13_14-10-05 12690
2020-07-13_14-10-05 12690
2020-07-13_14-10-05 12690
2020-07-13_14-10-05 12690
2020-07-13_14-10-05 12690
2020-07-13_14-10-05 12690
2020-07-13_14-10-05 12690
2020-07-13_14-10-05 12700
2020-07-13_14-10-05 12700
2020-07-13_14-10-05 12690
2020-07-13_14-10-05 12690
2020-07-13_14-10-05 12690
2020-07-13_14-10-05 12690
2020-07-13_14-10-05 12690
2020-07-13_14-10-05 12690
2020-07-13_14-10-05 12690
2020-07-13_14-10-05 12690
2020-07-13_14-10-05 12690
2020-07-13_14-10-05 12690
2020-07-13_14-10-05 12690
2020-07-13_14-10-05 12690
2020-07-13_14-10-05 12690
2020-07-13_14-10-05 12690
2020-07-13_14-10-05 12690
2020-07-13_14-10-05 12690
2020-07-13_14-10-05 12690
2020-07-13_14-10-05 12690
2020-07-13_14-10-05 12690
2020-07-13_14-10-05 12690
2020-07-13_14-10-05 12690
2020-07-13_14-10-05 12690
2020-07-13_14-10-05 12690
2020-07-13_14-10-05 12690
2020-07-13_14-10-05 12690
2020-07-13_14-10-05 12680
2020-07-13_14-10-05 12690
2020-07-13_14-10-05 12690
2020-07-13_14-10-05 12690
2020-07-13_14-10-05 12690
2020-07-13_14-10-05 12680
2020-07-13_14-10-05 12680
2020-07-13_14-10-05 12680
2020-07-13_14-10-05 12680
2020-07-13_14-10-05 12680
2020-07-13_14-10-05 12680
2020-07-13_14-10-05 12680
2020-07-13_14-10-05 12690
2020-07-13_14-10-05 12690
2020-07-13_14-10-05 12690
2020-07-13_14-10-05 12690
2020-07-13_14-10-05 12690
2020-07-13_14-10-05 12690
2020-07-13_14-10-05 12690
2020-07-13_14-10-05 12690
2020-07-13_14-10-05 12690
2020-07-13_14-10-05 12690
2020-07-13_14-10-06 12690
2020-07-13_14-10-06 12690
2020-07-13_14-10-06 12690
2020-07-13_14-10-06 12690
2020-07-13_14-10-06 12690
2020-07-13_14-10-06 12690
2020-07-13_14-10-06 12690
2020-07-13_14-10-06 12690
2020-07-13_14-10-06 12690
2020-07-13_14-10-06 12690
2020-07-13_14-10-06 12690
2020-07-13_14-10-06 12690
2020-07-13_14-10-06 12690
2020-07-13_14-10-06 12690
2020-07-13_14-10-06 12690
2020-07-13_14-10-06 12690
2020-07-13_14-10-06 12690
2020-07-13_14-10-06 12690
2020-07-13_14-10-06 12690
2020-07-13_14-10-06 12690
2020-07-13_14-10-06 12690
2020-07-13_14-10-06 12690
2020-07-13_14-10-06 12690
2020-07-13_14-10-06 12690
2020-07-13_14-10-06 12690
2020-07-13_14-10-06 12690
2020-07-13_14-10-06 12690
2020-07-13_14-10-06 12690
2020-07-13_14-10-06 12690
2020-07-13_14-10-06 12690
2020-07-13_14-10-06 12690
2020-07-13_14-10-06 12690
2020-07-13_14-10-06 12690
2020-07-13_14-10-06 12690
2020-07-13_14-10-06 12690
2020-07-13_14-10-06 12690
2020-07-13_14-10-06 12690
2020-07-13_14-10-06 12690
2020-07-13_14-10-06 12690
2020-07-13_14-10-06 12690
2020-07-13_14-10-06 12690
2020-07-13_14-10-06 12690
2020-07-13_14-10-06 12690
2020-07-13_14-10-06 12700
2020-07-13_14-10-06 12700
2020-07-13_14-10-06 12700
2020-07-13_14-10-06 12700
2020-07-13_14-10-06 12700
2020-07-13_14-10-06 12700
2020-07-13_14-10-06 12700
2020-07-13_14-10-06 12700
2020-07-13_14-10-06 12700
2020-07-13_14-10-06 12700
2020-07-13_14-10-06 12700
2020-07-13_14-10-06 12700
2020-07-13_14-10-06 12700
2020-07-13_14-10-06 12700
2020-07-13_14-10-06 12700
2020-07-13_14-10-06 12700
2020-07-13_14-10-06 12700
2020-07-13_14-10-06 12700
2020-07-13_14-10-06 12700
2020-07-13_14-10-06 12700
2020-07-13_14-10-06 12700
2020-07-13_14-10-06 12700
2020-07-13_14-10-06 12700
2020-07-13_14-10-06 12700
2020-07-13_14-10-06 12700
2020-07-13_14-10-06 12700
2020-07-13_14-10-06 12700
2020-07-13_14-10-06 12700
2020-07-13_14-10-06 12700
2020-07-13_14-10-06 12700
2020-07-13_14-10-06 12700
2020-07-13_14-10-06 12700
2020-07-13_14-10-06 12700
2020-07-13_14-10-06 12700
2020-07-13_14-10-06 12690
2020-07-13_14-10-06 12690
2020-07-13_14-10-06 12690
2020-07-13_14-10-06 12690
2020-07-13_14-10-06 12680
2020-07-13_14-10-06 12680
2020-07-13_14-10-06 12680
2020-07-13_14-10-06 12690
2020-07-13_14-10-06 12690
2020-07-13_14-10-06 12690
2020-07-13_14-10-06 12690
2020-07-13_14-10-06 12690
2020-07-13_14-10-06 12690
2020-07-13_14-10-06 12690
2020-07-13_14-10-06 12690
2020-07-13_14-10-06 12700
2020-07-13_14-10-06 12710
2020-07-13_14-10-06 12730
2020-07-13_14-10-06 12750
2020-07-13_14-10-06 12780
2020-07-13_14-10-06 12800
2020-07-13_14-10-06 12790
2020-07-13_14-10-06 12780
2020-07-13_14-10-06 12790
2020-07-13_14-10-06 12810
2020-07-13_14-10-06 12800
2020-07-13_14-10-06 12780
2020-07-13_14-10-06 12770
2020-07-13_14-10-06 12780
2020-07-13_14-10-06 12800
2020-07-13_14-10-06 12790
2020-07-13_14-10-06 12780
2020-07-13_14-10-06 12770
2020-07-13_14-10-06 12770
2020-07-13_14-10-06 12780
2020-07-13_14-10-06 12780
2020-07-13_14-10-06 12780
2020-07-13_14-10-06 12760
2020-07-13_14-10-06 12750
2020-07-13_14-10-06 12720
2020-07-13_14-10-06 12700
2020-07-13_14-10-06 12690
2020-07-13_14-10-06 12690
2020-07-13_14-10-06 12690
2020-07-13_14-10-06 12690
2020-07-13_14-10-06 12690
2020-07-13_14-10-06 12700
2020-07-13_14-10-06 12700
2020-07-13_14-10-06 12700
2020-07-13_14-10-06 12700
2020-07-13_14-10-06 12700
2020-07-13_14-10-06 12700
2020-07-13_14-10-06 12700
2020-07-13_14-10-06 12690
2020-07-13_14-10-06 12690
2020-07-13_14-10-06 12690
2020-07-13_14-10-06 12690
2020-07-13_14-10-06 12690
2020-07-13_14-10-06 12690
2020-07-13_14-10-06 12690
2020-07-13_14-10-06 12710
2020-07-13_14-10-06 12750
2020-07-13_14-10-06 12790
2020-07-13_14-10-06 12810
2020-07-13_14-10-06 12810
2020-07-13_14-10-06 12800
2020-07-13_14-10-06 12780
2020-07-13_14-10-06 12750
2020-07-13_14-10-06 12740
2020-07-13_14-10-06 12800
2020-07-13_14-10-06 12860
2020-07-13_14-10-06 12820
2020-07-13_14-10-06 12760
2020-07-13_14-10-06 12760
2020-07-13_14-10-06 12770
2020-07-13_14-10-06 12760
2020-07-13_14-10-06 12760
2020-07-13_14-10-06 12780
2020-07-13_14-10-06 12810
2020-07-13_14-10-06 12810
2020-07-13_14-10-06 12800
2020-07-13_14-10-06 12790
2020-07-13_14-10-06 12780
2020-07-13_14-10-06 12800
2020-07-13_14-10-06 12800
2020-07-13_14-10-06 12790
2020-07-13_14-10-06 12800
2020-07-13_14-10-06 12800
2020-07-13_14-10-06 12800
2020-07-13_14-10-06 12790
2020-07-13_14-10-06 12800
2020-07-13_14-10-06 12790
2020-07-13_14-10-06 12790
2020-07-13_14-10-06 12800
2020-07-13_14-10-06 12790
2020-07-13_14-10-06 12790
2020-07-13_14-10-06 12780
2020-07-13_14-10-06 12800
2020-07-13_14-10-06 12800
2020-07-13_14-10-06 12800
2020-07-13_14-10-06 12800
2020-07-13_14-10-06 12800
2020-07-13_14-10-06 12820
2020-07-13_14-10-06 12800
2020-07-13_14-10-06 12800
2020-07-13_14-10-06 12780
2020-07-13_14-10-06 12810
2020-07-13_14-10-06 12800
2020-07-13_14-10-06 12800
2020-07-13_14-10-06 12790
2020-07-13_14-10-06 12780
2020-07-13_14-10-06 12800
2020-07-13_14-10-06 12800
2020-07-13_14-10-06 12810
2020-07-13_14-10-06 12790
2020-07-13_14-10-06 12800
2020-07-13_14-10-06 12800
2020-07-13_14-10-06 12790
2020-07-13_14-10-06 12790
2020-07-13_14-10-06 12800
2020-07-13_14-10-06 12810
2020-07-13_14-10-06 12800
2020-07-13_14-10-06 12810
2020-07-13_14-10-06 12830
2020-07-13_14-10-06 12820
2020-07-13_14-10-06 12830
2020-07-13_14-10-06 12820
2020-07-13_14-10-06 12850
2020-07-13_14-10-06 12810
2020-07-13_14-10-06 12750
2020-07-13_14-10-06 12750
2020-07-13_14-10-06 12780
2020-07-13_14-10-06 12790
2020-07-13_14-10-06 12760
2020-07-13_14-10-06 12760
2020-07-13_14-10-06 12790
2020-07-13_14-10-06 12770
2020-07-13_14-10-06 12770
2020-07-13_14-10-06 12800
2020-07-13_14-10-06 12820
2020-07-13_14-10-06 12820
2020-07-13_14-10-06 12790
2020-07-13_14-10-06 12800
2020-07-13_14-10-06 12810
2020-07-13_14-10-06 13110
2020-07-13_14-10-06 13970
2020-07-13_14-10-06 14880
2020-07-13_14-10-06 15510
2020-07-13_14-10-06 15610
2020-07-13_14-10-06 15520
2020-07-13_14-10-06 15470
2020-07-13_14-10-06 15410
2020-07-13_14-10-06 15450
2020-07-13_14-10-06 15470
2020-07-13_14-10-06 15470
2020-07-13_14-10-06 15510
2020-07-13_14-10-06 15520
2020-07-13_14-10-06 15290
2020-07-13_14-10-06 14410
2020-07-13_14-10-06 12850
2020-07-13_14-10-06 11340
2020-07-13_14-10-06 10540
2020-07-13_14-10-06 10420
2020-07-13_14-10-06 10440
2020-07-13_14-10-06 10390
2020-07-13_14-10-06 10370
2020-07-13_14-10-06 10360
2020-07-13_14-10-06 10360
2020-07-13_14-10-06 10340
2020-07-13_14-10-06 10330
2020-07-13_14-10-06 10340
2020-07-13_14-10-06 10320
2020-07-13_14-10-06 10340
2020-07-13_14-10-06 10350
2020-07-13_14-10-06 10590
2020-07-13_14-10-06 11340
2020-07-13_14-10-06 12270
2020-07-13_14-10-06 12930
2020-07-13_14-10-06 13050
2020-07-13_14-10-06 12920
2020-07-13_14-10-06 12840
2020-07-13_14-10-06 12790
2020-07-13_14-10-06 12720
2020-07-13_14-10-06 12720
2020-07-13_14-10-06 12920
2020-07-13_14-10-06 13630
2020-07-13_14-10-06 14560
2020-07-13_14-10-06 15220
2020-07-13_14-10-06 15470
2020-07-13_14-10-06 15460
2020-07-13_14-10-06 15470
2020-07-13_14-10-06 15000
2020-07-13_14-10-06 13820
2020-07-13_14-10-06 12320
2020-07-13_14-10-06 11260
2020-07-13_14-10-06 10990
2020-07-13_14-10-06 10950
2020-07-13_14-10-06 11030
2020-07-13_14-10-06 10980
2020-07-13_14-10-06 11050
2020-07-13_14-10-06 11040
2020-07-13_14-10-06 10810
2020-07-13_14-10-06 9890
2020-07-13_14-10-06 8760
2020-07-13_14-10-06 7860
2020-07-13_14-10-06 7660
2020-07-13_14-10-06 7630
2020-07-13_14-10-06 7660
2020-07-13_14-10-06 7630
2020-07-13_14-10-06 7600
2020-07-13_14-10-06 7510
2020-07-13_14-10-06 7480
2020-07-13_14-10-06 7450
2020-07-13_14-10-06 7490
2020-07-13_14-10-06 7400
2020-07-13_14-10-06 7450
2020-07-13_14-10-06 7380
2020-07-13_14-10-06 7460
2020-07-13_14-10-06 7380
2020-07-13_14-10-06 7470
2020-07-13_14-10-06 7570
2020-07-13_14-10-06 7630
2020-07-13_14-10-06 7680
2020-07-13_14-10-06 7610
2020-07-13_14-10-06 7670
2020-07-13_14-10-06 7630
2020-07-13_14-10-06 7650
2020-07-13_14-10-06 7640
2020-07-13_14-10-06 7630
2020-07-13_14-10-06 7640
2020-07-13_14-10-06 7630
2020-07-13_14-10-06 7650
2020-07-13_14-10-06 7630
2020-07-13_14-10-06 7650
2020-07-13_14-10-06 7630
2020-07-13_14-10-06 7650
2020-07-13_14-10-06 7640
2020-07-13_14-10-06 7660
2020-07-13_14-10-06 7630
2020-07-13_14-10-06 7650
2020-07-13_14-10-06 7640
2020-07-13_14-10-06 7650
2020-07-13_14-10-06 7640
2020-07-13_14-10-06 7650
2020-07-13_14-10-06 7640
2020-07-13_14-10-06 7640
2020-07-13_14-10-06 7640
2020-07-13_14-10-06 7640
2020-07-13_14-10-06 7640
2020-07-13_14-10-06 7640
2020-07-13_14-10-06 7640
2020-07-13_14-10-06 7640
2020-07-13_14-10-06 7640
2020-07-13_14-10-06 7640
2020-07-13_14-10-06 7640
2020-07-13_14-10-06 7640
2020-07-13_14-10-06 7650
2020-07-13_14-10-06 7650
2020-07-13_14-10-06 7640
2020-07-13_14-10-06 7640
2020-07-13_14-10-06 7640
2020-07-13_14-10-06 7640
2020-07-13_14-10-06 7640
2020-07-13_14-10-06 7640
2020-07-13_14-10-06 7640
2020-07-13_14-10-06 7640
2020-07-13_14-10-06 7640
2020-07-13_14-10-06 7640
2020-07-13_14-10-06 7640
2020-07-13_14-10-06 7640
2020-07-13_14-10-06 7640
2020-07-13_14-10-06 7640
2020-07-13_14-10-06 7640
2020-07-13_14-10-06 7640
2020-07-13_14-10-06 7640
2020-07-13_14-10-06 7640
2020-07-13_14-10-06 7640
2020-07-13_14-10-06 7640
2020-07-13_14-10-06 7640
2020-07-13_14-10-06 7640
2020-07-13_14-10-06 7640
2020-07-13_14-10-06 7640
2020-07-13_14-10-06 7640
2020-07-13_14-10-06 7640
2020-07-13_14-10-06 7640
2020-07-13_14-10-06 7640
2020-07-13_14-10-06 7640
2020-07-13_14-10-06 7640
2020-07-13_14-10-06 7640
2020-07-13_14-10-06 7640
2020-07-13_14-10-06 7640
2020-07-13_14-10-06 7640
2020-07-13_14-10-06 7640
2020-07-13_14-10-06 7640
2020-07-13_14-10-06 7640
2020-07-13_14-10-06 7640
2020-07-13_14-10-06 7640
2020-07-13_14-10-06 7640
2020-07-13_14-10-06 7640
2020-07-13_14-10-06 7640
2020-07-13_14-10-06 7640
2020-07-13_14-10-06 7640
2020-07-13_14-10-06 7640
2020-07-13_14-10-06 7640
2020-07-13_14-10-06 7640
2020-07-13_14-10-06 7640
2020-07-13_14-10-06 7640
2020-07-13_14-10-06 7640
2020-07-13_14-10-06 7640
2020-07-13_14-10-06 7640
2020-07-13_14-10-06 7640
2020-07-13_14-10-06 7640
2020-07-13_14-10-06 7640
2020-07-13_14-10-06 7640
2020-07-13_14-10-06 7650
2020-07-13_14-10-06 7650
2020-07-13_14-10-06 7650
2020-07-13_14-10-06 7650
2020-07-13_14-10-06 7650
2020-07-13_14-10-06 7650
2020-07-13_14-10-06 7650
2020-07-13_14-10-06 7650
2020-07-13_14-10-06 7650
2020-07-13_14-10-06 7650
2020-07-13_14-10-06 7650
2020-07-13_14-10-06 7650
2020-07-13_14-10-06 7650
2020-07-13_14-10-06 7650
2020-07-13_14-10-06 7650
2020-07-13_14-10-06 7650
2020-07-13_14-10-06 7650
2020-07-13_14-10-06 7650
2020-07-13_14-10-06 7650
2020-07-13_14-10-06 7650
2020-07-13_14-10-06 7650
2020-07-13_14-10-06 7650
2020-07-13_14-10-06 7650
2020-07-13_14-10-06 7650
2020-07-13_14-10-06 7650
2020-07-13_14-10-06 7650
2020-07-13_14-10-06 7650
2020-07-13_14-10-06 7650
2020-07-13_14-10-06 7650
2020-07-13_14-10-06 7650
2020-07-13_14-10-06 7640
2020-07-13_14-10-06 7640
2020-07-13_14-10-06 7640
2020-07-13_14-10-06 7640
2020-07-13_14-10-06 7640
2020-07-13_14-10-06 7640
2020-07-13_14-10-06 7640
2020-07-13_14-10-06 7640
2020-07-13_14-10-06 7650
2020-07-13_14-10-06 7650
2020-07-13_14-10-06 7650
2020-07-13_14-10-06 7650
2020-07-13_14-10-06 7660
2020-07-13_14-10-06 7650
2020-07-13_14-10-06 7650
2020-07-13_14-10-06 7650
2020-07-13_14-10-06 7650
2020-07-13_14-10-06 7650
2020-07-13_14-10-06 7650
2020-07-13_14-10-06 7650
2020-07-13_14-10-06 7650
2020-07-13_14-10-06 7650
2020-07-13_14-10-06 7640
2020-07-13_14-10-06 7650
2020-07-13_14-10-06 7650
2020-07-13_14-10-06 7650
2020-07-13_14-10-06 7650
2020-07-13_14-10-06 7650
2020-07-13_14-10-06 7650
2020-07-13_14-10-06 7650
2020-07-13_14-10-06 7650
2020-07-13_14-10-06 7650
2020-07-13_14-10-06 7650
2020-07-13_14-10-06 7650
2020-07-13_14-10-06 7650
2020-07-13_14-10-06 7650
2020-07-13_14-10-06 7650
2020-07-13_14-10-06 7650
2020-07-13_14-10-06 7650
2020-07-13_14-10-06 7650
2020-07-13_14-10-06 7650
2020-07-13_14-10-06 7650
2020-07-13_14-10-06 7650
2020-07-13_14-10-06 7650
2020-07-13_14-10-06 7650
2020-07-13_14-10-06 7640
2020-07-13_14-10-06 7640
2020-07-13_14-10-06 7640
2020-07-13_14-10-06 7650
2020-07-13_14-10-06 7650
2020-07-13_14-10-06 7650
2020-07-13_14-10-06 7650
2020-07-13_14-10-06 7650
2020-07-13_14-10-06 7650
2020-07-13_14-10-06 7650
2020-07-13_14-10-06 7650
2020-07-13_14-10-06 7650
2020-07-13_14-10-06 7650
2020-07-13_14-10-06 7650
2020-07-13_14-10-06 7650
2020-07-13_14-10-06 7650
2020-07-13_14-10-06 7650
2020-07-13_14-10-06 7650
2020-07-13_14-10-06 7650
2020-07-13_14-10-06 7650
2020-07-13_14-10-06 7650
2020-07-13_14-10-06 7650
2020-07-13_14-10-06 7650
2020-07-13_14-10-06 7650
2020-07-13_14-10-06 7650
2020-07-13_14-10-06 7650
2020-07-13_14-10-06 7640
2020-07-13_14-10-06 7640
2020-07-13_14-10-06 7640
2020-07-13_14-10-06 7640
2020-07-13_14-10-06 7640
2020-07-13_14-10-06 7640
2020-07-13_14-10-06 7650
2020-07-13_14-10-06 7650
2020-07-13_14-10-06 7650
2020-07-13_14-10-06 7650
2020-07-13_14-10-06 7650
2020-07-13_14-10-06 7650
2020-07-13_14-10-06 7650
2020-07-13_14-10-06 7650
2020-07-13_14-10-06 7650
2020-07-13_14-10-06 7650
2020-07-13_14-10-06 7650
2020-07-13_14-10-06 7650
2020-07-13_14-10-06 7650
2020-07-13_14-10-06 7650
2020-07-13_14-10-06 7650
2020-07-13_14-10-06 7650
2020-07-13_14-10-06 7650
2020-07-13_14-10-06 7650
2020-07-13_14-10-06 7650
2020-07-13_14-10-06 7650
2020-07-13_14-10-06 7650
2020-07-13_14-10-06 7650
2020-07-13_14-10-06 7650
2020-07-13_14-10-06 7650
2020-07-13_14-10-06 7640
2020-07-13_14-10-06 7640
2020-07-13_14-10-06 7640
2020-07-13_14-10-06 7640
2020-07-13_14-10-06 7640
2020-07-13_14-10-06 7640
2020-07-13_14-10-06 7640
2020-07-13_14-10-06 7640
2020-07-13_14-10-06 7650
2020-07-13_14-10-06 7650
2020-07-13_14-10-06 7650
2020-07-13_14-10-06 7650
2020-07-13_14-10-06 7650
2020-07-13_14-10-06 7650
2020-07-13_14-10-06 7650
2020-07-13_14-10-06 7640
2020-07-13_14-10-06 7640
2020-07-13_14-10-06 7650
2020-07-13_14-10-06 7650
2020-07-13_14-10-06 7650
2020-07-13_14-10-06 7650
2020-07-13_14-10-06 7650
2020-07-13_14-10-06 7650
2020-07-13_14-10-06 7650
2020-07-13_14-10-06 7650
2020-07-13_14-10-06 7650
2020-07-13_14-10-06 7650
2020-07-13_14-10-06 7650
2020-07-13_14-10-06 7650
2020-07-13_14-10-06 7650
2020-07-13_14-10-06 7650
2020-07-13_14-10-06 7650
2020-07-13_14-10-06 7650
2020-07-13_14-10-06 7650
2020-07-13_14-10-06 7650
2020-07-13_14-10-06 7650
2020-07-13_14-10-06 7650
2020-07-13_14-10-06 7650
2020-07-13_14-10-06 7650
2020-07-13_14-10-06 7650
2020-07-13_14-10-06 7650
2020-07-13_14-10-06 7650
2020-07-13_14-10-06 7650
2020-07-13_14-10-06 7650
2020-07-13_14-10-06 7650
2020-07-13_14-10-06 7650
2020-07-13_14-10-06 7650
2020-07-13_14-10-06 7650
2020-07-13_14-10-06 7650
2020-07-13_14-10-06 7650
2020-07-13_14-10-06 7650
2020-07-13_14-10-06 7650
2020-07-13_14-10-06 7650
2020-07-13_14-10-06 7650
2020-07-13_14-10-06 7650
2020-07-13_14-10-06 7650
2020-07-13_14-10-06 7650
2020-07-13_14-10-06 7650
2020-07-13_14-10-06 7650
2020-07-13_14-10-06 7650
2020-07-13_14-10-06 7650
2020-07-13_14-10-06 7650
2020-07-13_14-10-06 7650
2020-07-13_14-10-06 7650
2020-07-13_14-10-06 7650
2020-07-13_14-10-06 7650
2020-07-13_14-10-06 7650
2020-07-13_14-10-06 7650
2020-07-13_14-10-06 7650
2020-07-13_14-10-06 7650
2020-07-13_14-10-06 7650
2020-07-13_14-10-06 7650
2020-07-13_14-10-06 7650
2020-07-13_14-10-06 7650
2020-07-13_14-10-06 7650
2020-07-13_14-10-06 7650
2020-07-13_14-10-06 7650
2020-07-13_14-10-06 7650
2020-07-13_14-10-06 7650
2020-07-13_14-10-06 7640
2020-07-13_14-10-06 7640
2020-07-13_14-10-06 7650
2020-07-13_14-10-06 7650
2020-07-13_14-10-06 7650
2020-07-13_14-10-06 7650
2020-07-13_14-10-06 7650
2020-07-13_14-10-06 7650
2020-07-13_14-10-06 7650
2020-07-13_14-10-06 7640
2020-07-13_14-10-06 7640
2020-07-13_14-10-06 7640
2020-07-13_14-10-06 7650
2020-07-13_14-10-06 7650
2020-07-13_14-10-06 7650
2020-07-13_14-10-06 7650
2020-07-13_14-10-06 7650
2020-07-13_14-10-06 7650
2020-07-13_14-10-06 7650
2020-07-13_14-10-06 7650
2020-07-13_14-10-06 7650
2020-07-13_14-10-06 7650
2020-07-13_14-10-06 7650
2020-07-13_14-10-06 7650
2020-07-13_14-10-06 7650
2020-07-13_14-10-06 7650
2020-07-13_14-10-06 7650
2020-07-13_14-10-06 7650
2020-07-13_14-10-06 7650
2020-07-13_14-10-06 7650
2020-07-13_14-10-06 7650
2020-07-13_14-10-06 7650
2020-07-13_14-10-06 7650
2020-07-13_14-10-06 7650
2020-07-13_14-10-06 7650
2020-07-13_14-10-06 7650
2020-07-13_14-10-06 7650
2020-07-13_14-10-06 7650
2020-07-13_14-10-06 7650
2020-07-13_14-10-06 7650
2020-07-13_14-10-06 7650
2020-07-13_14-10-06 7650
2020-07-13_14-10-06 7650
2020-07-13_14-10-06 7650
2020-07-13_14-10-06 7650
2020-07-13_14-10-06 7650
2020-07-13_14-10-06 7650
2020-07-13_14-10-06 7650
2020-07-13_14-10-06 7650
2020-07-13_14-10-06 7650
2020-07-13_14-10-06 7650
2020-07-13_14-10-06 7650
2020-07-13_14-10-06 7650
2020-07-13_14-10-06 7650
2020-07-13_14-10-06 7650
2020-07-13_14-10-06 7650
2020-07-13_14-10-06 7650
2020-07-13_14-10-06 7650
2020-07-13_14-10-06 7650
2020-07-13_14-10-06 7650
2020-07-13_14-10-06 7650
2020-07-13_14-10-06 7650
2020-07-13_14-10-06 7650
2020-07-13_14-10-06 7650
2020-07-13_14-10-06 7640
2020-07-13_14-10-06 7650
2020-07-13_14-10-06 7650
2020-07-13_14-10-06 7640
2020-07-13_14-10-06 7650
2020-07-13_14-10-06 7650
2020-07-13_14-10-06 7650
2020-07-13_14-10-06 7650
2020-07-13_14-10-06 7650
2020-07-13_14-10-06 7650
2020-07-13_14-10-06 7650
2020-07-13_14-10-06 7650
2020-07-13_14-10-06 7650
2020-07-13_14-10-06 7650
2020-07-13_14-10-06 7650
2020-07-13_14-10-06 7650
2020-07-13_14-10-06 7650
2020-07-13_14-10-06 7650
2020-07-13_14-10-06 7650
2020-07-13_14-10-06 7650
2020-07-13_14-10-06 7650
2020-07-13_14-10-06 7640
2020-07-13_14-10-06 7640
2020-07-13_14-10-06 7640
2020-07-13_14-10-06 7640
2020-07-13_14-10-06 7640
2020-07-13_14-10-06 7640
2020-07-13_14-10-06 7640
2020-07-13_14-10-06 7640
2020-07-13_14-10-06 7640
2020-07-13_14-10-06 7640
2020-07-13_14-10-06 7640
2020-07-13_14-10-06 7640
2020-07-13_14-10-06 7640
2020-07-13_14-10-06 7640
2020-07-13_14-10-06 7640
2020-07-13_14-10-06 7640
2020-07-13_14-10-06 7640
2020-07-13_14-10-06 7640
2020-07-13_14-10-06 7640
2020-07-13_14-10-06 7640
2020-07-13_14-10-06 7640
2020-07-13_14-10-06 7640
2020-07-13_14-10-06 7640
2020-07-13_14-10-06 7630
2020-07-13_14-10-06 7610
2020-07-13_14-10-06 7570
2020-07-13_14-10-06 7500
2020-07-13_14-10-06 7450
2020-07-13_14-10-06 7470
2020-07-13_14-10-06 7480
2020-07-13_14-10-06 7550
2020-07-13_14-10-06 7540
2020-07-13_14-10-06 7600
2020-07-13_14-10-06 7580
2020-07-13_14-10-06 7620
2020-07-13_14-10-06 7620
2020-07-13_14-10-06 7650
2020-07-13_14-10-06 7650
2020-07-13_14-10-06 7650
2020-07-13_14-10-06 7660
2020-07-13_14-10-06 7620
2020-07-13_14-10-06 7660
2020-07-13_14-10-06 7620
2020-07-13_14-10-06 7680
2020-07-13_14-10-06 7620
2020-07-13_14-10-06 7670
2020-07-13_14-10-06 7620
2020-07-13_14-10-06 7660
2020-07-13_14-10-06 7630
2020-07-13_14-10-06 7650
2020-07-13_14-10-06 7630
2020-07-13_14-10-06 7650
2020-07-13_14-10-06 7660
2020-07-13_14-10-06 7590
2020-07-13_14-10-06 6930
2020-07-13_14-10-06 5990
2020-07-13_14-10-06 5100
2020-07-13_14-10-06 4780
2020-07-13_14-10-06 4730
2020-07-13_14-10-06 4770
2020-07-13_14-10-06 4720
2020-07-13_14-10-06 4790
2020-07-13_14-10-06 4740
2020-07-13_14-10-06 4820
2020-07-13_14-10-06 4790
2020-07-13_14-10-06 4830
2020-07-13_14-10-06 4840
2020-07-13_14-10-06 4840
2020-07-13_14-10-06 4880
2020-07-13_14-10-06 4850
2020-07-13_14-10-06 4870
2020-07-13_14-10-06 4870
2020-07-13_14-10-06 4810
2020-07-13_14-10-06 4200
2020-07-13_14-10-06 3140
2020-07-13_14-10-06 2180
2020-07-13_14-10-06 1850
2020-07-13_14-10-06 1900
2020-07-13_14-10-06 2020
2020-07-13_14-10-06 1710
2020-07-13_14-10-06 1100
