2020-07-13_14-11-10 1900
2020-07-13_14-11-10 1990
2020-07-13_14-11-10 1980
2020-07-13_14-11-10 2340
2020-07-13_14-11-10 3880
2020-07-13_14-11-10 4390
2020-07-13_14-11-10 4350
2020-07-13_14-11-10 4330
2020-07-13_14-11-10 4340
2020-07-13_14-11-10 4320
2020-07-13_14-11-10 4330
2020-07-13_14-11-10 4300
2020-07-13_14-11-10 4320
2020-07-13_14-11-10 4320
2020-07-13_14-11-10 4360
2020-07-13_14-11-10 4320
2020-07-13_14-11-10 4390
2020-07-13_14-11-10 4370
2020-07-13_14-11-10 4370
2020-07-13_14-11-10 4380
2020-07-13_14-11-10 4370
2020-07-13_14-11-10 4370
2020-07-13_14-11-10 4380
2020-07-13_14-11-10 4380
2020-07-13_14-11-10 4370
2020-07-13_14-11-10 4360
2020-07-13_14-11-10 4370
2020-07-13_14-11-10 4370
2020-07-13_14-11-10 4370
2020-07-13_14-11-10 4370
2020-07-13_14-11-10 4300
2020-07-13_14-11-10 4310
2020-07-13_14-11-10 4370
2020-07-13_14-11-10 4390
2020-07-13_14-11-10 4350
2020-07-13_14-11-10 4370
2020-07-13_14-11-10 4340
2020-07-13_14-11-10 4340
2020-07-13_14-11-10 4360
2020-07-13_14-11-10 4370
2020-07-13_14-11-10 4370
2020-07-13_14-11-10 4350
2020-07-13_14-11-10 4350
2020-07-13_14-11-10 4360
2020-07-13_14-11-10 4400
2020-07-13_14-11-10 3790
2020-07-13_14-11-10 2560
2020-07-13_14-11-10 2420
2020-07-13_14-11-10 2410
2020-07-13_14-11-10 2420
2020-07-13_14-11-10 2400
2020-07-13_14-11-10 1840
2020-07-13_14-11-10 1050
