2020-07-13_14-11-14 2170
2020-07-13_14-11-14 2670
2020-07-13_14-11-14 2470
2020-07-13_14-11-14 2450
2020-07-13_14-11-14 2410
2020-07-13_14-11-14 2430
2020-07-13_14-11-14 2420
2020-07-13_14-11-14 2450
2020-07-13_14-11-14 3900
2020-07-13_14-11-14 11670
2020-07-13_14-11-14 13580
2020-07-13_14-11-14 11920
2020-07-13_14-11-14 12220
2020-07-13_14-11-14 12950
2020-07-13_14-11-14 12410
2020-07-13_14-11-14 12770
2020-07-13_14-11-14 12580
2020-07-13_14-11-14 12360
2020-07-13_14-11-14 12540
2020-07-13_14-11-14 12750
2020-07-13_14-11-14 12580
2020-07-13_14-11-14 12560
2020-07-13_14-11-14 12620
2020-07-13_14-11-14 12550
2020-07-13_14-11-14 12670
2020-07-13_14-11-14 12630
2020-07-13_14-11-14 12590
2020-07-13_14-11-14 12660
2020-07-13_14-11-14 12630
2020-07-13_14-11-14 12680
2020-07-13_14-11-14 12760
2020-07-13_14-11-14 12520
2020-07-13_14-11-14 12580
2020-07-13_14-11-14 12710
2020-07-13_14-11-14 12580
2020-07-13_14-11-14 12630
2020-07-13_14-11-14 12720
2020-07-13_14-11-14 12600
2020-07-13_14-11-14 12650
2020-07-13_14-11-14 12690
2020-07-13_14-11-14 12620
2020-07-13_14-11-14 12670
2020-07-13_14-11-14 12690
2020-07-13_14-11-14 12630
2020-07-13_14-11-14 12660
2020-07-13_14-11-14 12620
2020-07-13_14-11-14 12670
2020-07-13_14-11-14 12660
2020-07-13_14-11-14 12660
2020-07-13_14-11-14 12670
2020-07-13_14-11-14 12640
2020-07-13_14-11-14 12660
2020-07-13_14-11-14 12660
2020-07-13_14-11-14 12670
2020-07-13_14-11-14 12650
2020-07-13_14-11-14 12660
2020-07-13_14-11-14 12660
2020-07-13_14-11-14 12650
2020-07-13_14-11-14 12650
2020-07-13_14-11-14 12650
2020-07-13_14-11-14 12650
2020-07-13_14-11-14 12650
2020-07-13_14-11-14 12650
2020-07-13_14-11-14 12640
2020-07-13_14-11-14 12650
2020-07-13_14-11-14 12650
2020-07-13_14-11-14 12650
2020-07-13_14-11-14 12660
2020-07-13_14-11-14 12650
2020-07-13_14-11-14 12660
2020-07-13_14-11-14 12660
2020-07-13_14-11-14 12660
2020-07-13_14-11-14 12660
2020-07-13_14-11-14 12660
2020-07-13_14-11-14 12650
