2020-07-13_14-10-19 820
2020-07-13_14-10-19 1050
2020-07-13_14-10-19 1270
2020-07-13_14-10-19 1340
2020-07-13_14-10-19 1300
2020-07-13_14-10-19 1260
2020-07-13_14-10-19 1240
2020-07-13_14-10-19 1260
2020-07-13_14-10-19 1270
2020-07-13_14-10-19 1270
2020-07-13_14-10-19 1260
2020-07-13_14-10-19 1270
2020-07-13_14-10-19 1270
2020-07-13_14-10-19 1270
2020-07-13_14-10-19 1280
2020-07-13_14-10-19 1280
2020-07-13_14-10-19 1280
2020-07-13_14-10-19 1270
2020-07-13_14-10-19 1260
2020-07-13_14-10-19 1270
2020-07-13_14-10-19 1270
2020-07-13_14-10-19 1270
2020-07-13_14-10-19 1270
2020-07-13_14-10-19 1230
2020-07-13_14-10-19 1040
2020-07-13_14-10-19 790
