2020-07-13_14-10-17 770
2020-07-13_14-10-17 790
2020-07-13_14-10-17 800
2020-07-13_14-10-17 780
2020-07-13_14-10-17 780
2020-07-13_14-10-17 840
2020-07-13_14-10-17 1000
2020-07-13_14-10-17 1170
2020-07-13_14-10-17 1300
2020-07-13_14-10-17 1340
2020-07-13_14-10-17 1360
2020-07-13_14-10-17 1350
2020-07-13_14-10-17 1340
2020-07-13_14-10-17 1340
2020-07-13_14-10-17 1340
2020-07-13_14-10-17 1340
2020-07-13_14-10-17 1340
2020-07-13_14-10-17 1330
2020-07-13_14-10-17 1330
2020-07-13_14-10-17 1340
2020-07-13_14-10-17 1350
2020-07-13_14-10-17 1340
2020-07-13_14-10-17 1330
2020-07-13_14-10-17 1340
2020-07-13_14-10-17 1340
2020-07-13_14-10-17 1340
2020-07-13_14-10-17 1340
2020-07-13_14-10-17 1340
2020-07-13_14-10-17 1340
2020-07-13_14-10-17 1340
2020-07-13_14-10-17 1330
2020-07-13_14-10-17 1330
2020-07-13_14-10-17 1330
2020-07-13_14-10-17 1330
2020-07-13_14-10-17 1210
2020-07-13_14-10-17 960
