2020-07-13_14-10-40 950
2020-07-13_14-10-40 2030
2020-07-13_14-10-40 2980
2020-07-13_14-10-40 2820
2020-07-13_14-10-40 2500
2020-07-13_14-10-40 2410
2020-07-13_14-10-40 2590
2020-07-13_14-10-40 2710
2020-07-13_14-10-40 2620
2020-07-13_14-10-40 2420
2020-07-13_14-10-40 2360
2020-07-13_14-10-40 2450
2020-07-13_14-10-40 2490
2020-07-13_14-10-40 2410
2020-07-13_14-10-40 2340
2020-07-13_14-10-40 2630
2020-07-13_14-10-40 4830
2020-07-13_14-10-40 8470
2020-07-13_14-10-40 11650
2020-07-13_14-10-40 12410
2020-07-13_14-10-40 11670
2020-07-13_14-10-40 11480
2020-07-13_14-10-40 11960
2020-07-13_14-10-40 12160
2020-07-13_14-10-40 11870
2020-07-13_14-10-40 11720
2020-07-13_14-10-40 11940
2020-07-13_14-10-40 12070
2020-07-13_14-10-40 11880
2020-07-13_14-10-40 11790
2020-07-13_14-10-40 11920
2020-07-13_14-10-40 11980
2020-07-13_14-10-40 11870
2020-07-13_14-10-40 11820
2020-07-13_14-10-40 11930
2020-07-13_14-10-40 11980
2020-07-13_14-10-40 11890
2020-07-13_14-10-40 11850
2020-07-13_14-10-40 11910
2020-07-13_14-10-40 11930
2020-07-13_14-10-40 11880
2020-07-13_14-10-40 11870
2020-07-13_14-10-40 11920
2020-07-13_14-10-40 11910
2020-07-13_14-10-40 11860
2020-07-13_14-10-40 11870
2020-07-13_14-10-40 11920
2020-07-13_14-10-40 11910
2020-07-13_14-10-40 11890
2020-07-13_14-10-40 11890
2020-07-13_14-10-40 11920
2020-07-13_14-10-40 11920
2020-07-13_14-10-40 11920
2020-07-13_14-10-40 11920
2020-07-13_14-10-40 11890
2020-07-13_14-10-40 11860
2020-07-13_14-10-40 11880
2020-07-13_14-10-40 11910
2020-07-13_14-10-40 11910
2020-07-13_14-10-40 11900
2020-07-13_14-10-40 11910
2020-07-13_14-10-40 11910
2020-07-13_14-10-40 11910
2020-07-13_14-10-40 11900
2020-07-13_14-10-40 11910
2020-07-13_14-10-40 11910
2020-07-13_14-10-40 11910
2020-07-13_14-10-40 11910
2020-07-13_14-10-40 11910
2020-07-13_14-10-40 11910
2020-07-13_14-10-40 11910
2020-07-13_14-10-40 11910
2020-07-13_14-10-40 11900
2020-07-13_14-10-40 11910
2020-07-13_14-10-40 11910
2020-07-13_14-10-40 11910
2020-07-13_14-10-40 11910
2020-07-13_14-10-40 11910
2020-07-13_14-10-40 11910
2020-07-13_14-10-40 11910
2020-07-13_14-10-40 11910
2020-07-13_14-10-40 11910
2020-07-13_14-10-40 11910
2020-07-13_14-10-40 11910
2020-07-13_14-10-40 11910
2020-07-13_14-10-40 11910
2020-07-13_14-10-40 11910
2020-07-13_14-10-40 11900
2020-07-13_14-10-40 11900
2020-07-13_14-10-40 11900
2020-07-13_14-10-40 11900
2020-07-13_14-10-40 11900
2020-07-13_14-10-40 11900
2020-07-13_14-10-40 11910
2020-07-13_14-10-40 11910
2020-07-13_14-10-40 11910
2020-07-13_14-10-40 11910
2020-07-13_14-10-40 11910
2020-07-13_14-10-40 11910
2020-07-13_14-10-40 11900
2020-07-13_14-10-40 11890
2020-07-13_14-10-40 11900
2020-07-13_14-10-40 11900
2020-07-13_14-10-40 11900
2020-07-13_14-10-40 11890
2020-07-13_14-10-40 11890
2020-07-13_14-10-40 11900
2020-07-13_14-10-40 11900
2020-07-13_14-10-40 11900
2020-07-13_14-10-40 11890
2020-07-13_14-10-40 11880
2020-07-13_14-10-40 11880
2020-07-13_14-10-40 11880
2020-07-13_14-10-40 11890
2020-07-13_14-10-40 11870
2020-07-13_14-10-40 11860
2020-07-13_14-10-40 11880
2020-07-13_14-10-40 11870
2020-07-13_14-10-40 11820
2020-07-13_14-10-40 11800
2020-07-13_14-10-40 11860
2020-07-13_14-10-40 11900
2020-07-13_14-10-40 11870
2020-07-13_14-10-40 11850
2020-07-13_14-10-40 11890
2020-07-13_14-10-40 11930
2020-07-13_14-10-40 11880
2020-07-13_14-10-40 11820
2020-07-13_14-10-40 11880
2020-07-13_14-10-40 11970
2020-07-13_14-10-40 11940
2020-07-13_14-10-40 11840
2020-07-13_14-10-40 11850
2020-07-13_14-10-40 11960
2020-07-13_14-10-40 11920
2020-07-13_14-10-40 11830
2020-07-13_14-10-40 11850
2020-07-13_14-10-40 11950
2020-07-13_14-10-40 11640
2020-07-13_14-10-40 10850
2020-07-13_14-10-40 10160
2020-07-13_14-10-40 9880
2020-07-13_14-10-40 9820
2020-07-13_14-10-40 9710
2020-07-13_14-10-40 9720
2020-07-13_14-10-40 9830
2020-07-13_14-10-40 9730
2020-07-13_14-10-40 9550
2020-07-13_14-10-40 9600
2020-07-13_14-10-40 9780
2020-07-13_14-10-40 9730
2020-07-13_14-10-40 9550
2020-07-13_14-10-40 9580
2020-07-13_14-10-40 9730
2020-07-13_14-10-40 9700
2020-07-13_14-10-40 9190
2020-07-13_14-10-40 7460
2020-07-13_14-10-40 4640
2020-07-13_14-10-40 1850
