2020-07-13_14-11-34 1960
2020-07-13_14-11-34 3610
2020-07-13_14-11-34 4780
2020-07-13_14-11-34 5180
2020-07-13_14-11-34 5190
2020-07-13_14-11-34 5220
2020-07-13_14-11-34 5250
2020-07-13_14-11-34 5210
2020-07-13_14-11-34 5140
2020-07-13_14-11-34 5130
2020-07-13_14-11-34 5180
2020-07-13_14-11-34 5230
2020-07-13_14-11-34 5210
2020-07-13_14-11-34 5160
2020-07-13_14-11-34 5120
2020-07-13_14-11-34 5100
2020-07-13_14-11-34 5100
2020-07-13_14-11-34 5100
2020-07-13_14-11-34 5110
2020-07-13_14-11-34 5130
2020-07-13_14-11-34 5150
2020-07-13_14-11-34 5150
2020-07-13_14-11-34 5150
2020-07-13_14-11-34 5160
2020-07-13_14-11-34 5190
2020-07-13_14-11-34 5210
2020-07-13_14-11-34 5200
2020-07-13_14-11-34 5190
2020-07-13_14-11-34 5180
2020-07-13_14-11-34 5210
2020-07-13_14-11-34 5230
2020-07-13_14-11-34 5280
2020-07-13_14-11-34 7500
2020-07-13_14-11-34 9850
2020-07-13_14-11-34 12540
2020-07-13_14-11-34 12450
2020-07-13_14-11-34 12490
2020-07-13_14-11-34 12530
2020-07-13_14-11-34 12460
2020-07-13_14-11-34 12440
2020-07-13_14-11-34 12500
2020-07-13_14-11-34 15810
2020-07-13_14-11-34 18190
2020-07-13_14-11-34 19860
2020-07-13_14-11-34 20440
2020-07-13_14-11-34 20430
2020-07-13_14-11-34 20410
2020-07-13_14-11-34 20380
2020-07-13_14-11-34 20460
2020-07-13_14-11-34 20410
2020-07-13_14-11-34 20420
2020-07-13_14-11-34 20430
2020-07-13_14-11-34 20410
2020-07-13_14-11-34 20390
2020-07-13_14-11-34 20380
2020-07-13_14-11-34 20470
2020-07-13_14-11-34 20470
2020-07-13_14-11-34 20470
2020-07-13_14-11-34 20410
2020-07-13_14-11-34 20290
2020-07-13_14-11-34 20460
2020-07-13_14-11-34 20440
2020-07-13_14-11-34 20440
2020-07-13_14-11-34 20390
2020-07-13_14-11-34 20390
2020-07-13_14-11-34 20430
2020-07-13_14-11-34 20440
2020-07-13_14-11-34 20440
2020-07-13_14-11-34 20450
2020-07-13_14-11-34 20410
2020-07-13_14-11-34 20380
2020-07-13_14-11-34 20410
2020-07-13_14-11-34 20440
2020-07-13_14-11-34 20440
2020-07-13_14-11-34 20400
2020-07-13_14-11-34 20420
2020-07-13_14-11-34 20440
2020-07-13_14-11-34 20420
2020-07-13_14-11-34 20400
2020-07-13_14-11-34 20410
2020-07-13_14-11-34 20430
2020-07-13_14-11-34 20430
2020-07-13_14-11-34 20410
2020-07-13_14-11-34 20400
2020-07-13_14-11-34 20420
2020-07-13_14-11-34 20430
2020-07-13_14-11-34 20420
2020-07-13_14-11-34 20420
2020-07-13_14-11-34 20420
2020-07-13_14-11-34 20430
2020-07-13_14-11-34 20430
2020-07-13_14-11-34 20420
2020-07-13_14-11-34 20430
2020-07-13_14-11-34 20420
2020-07-13_14-11-34 20420
2020-07-13_14-11-34 20420
2020-07-13_14-11-34 20420
2020-07-13_14-11-34 20420
2020-07-13_14-11-34 20420
2020-07-13_14-11-34 20420
2020-07-13_14-11-34 20420
2020-07-13_14-11-34 20410
2020-07-13_14-11-34 20420
2020-07-13_14-11-34 20420
2020-07-13_14-11-34 20420
2020-07-13_14-11-34 20420
2020-07-13_14-11-34 20420
2020-07-13_14-11-34 20430
2020-07-13_14-11-34 20430
2020-07-13_14-11-34 20430
2020-07-13_14-11-34 20420
2020-07-13_14-11-34 20420
2020-07-13_14-11-34 20420
2020-07-13_14-11-34 20420
2020-07-13_14-11-34 20420
2020-07-13_14-11-34 20420
2020-07-13_14-11-34 20430
2020-07-13_14-11-34 20430
2020-07-13_14-11-34 20430
2020-07-13_14-11-34 20430
2020-07-13_14-11-34 20430
2020-07-13_14-11-34 20420
2020-07-13_14-11-34 20420
2020-07-13_14-11-34 20420
2020-07-13_14-11-34 20410
2020-07-13_14-11-34 20410
2020-07-13_14-11-34 20420
2020-07-13_14-11-34 20430
2020-07-13_14-11-34 20430
2020-07-13_14-11-34 20430
2020-07-13_14-11-34 20420
2020-07-13_14-11-34 20430
2020-07-13_14-11-34 20430
2020-07-13_14-11-34 20420
2020-07-13_14-11-34 20420
2020-07-13_14-11-34 20420
2020-07-13_14-11-34 20420
2020-07-13_14-11-34 20420
2020-07-13_14-11-34 20420
2020-07-13_14-11-34 20420
2020-07-13_14-11-34 20420
2020-07-13_14-11-34 20420
2020-07-13_14-11-34 20420
2020-07-13_14-11-34 20430
2020-07-13_14-11-34 20430
2020-07-13_14-11-34 20430
2020-07-13_14-11-34 20420
2020-07-13_14-11-34 20430
2020-07-13_14-11-34 20410
2020-07-13_14-11-34 20420
2020-07-13_14-11-34 20420
2020-07-13_14-11-34 20410
2020-07-13_14-11-34 20420
2020-07-13_14-11-34 20420
2020-07-13_14-11-34 20420
2020-07-13_14-11-34 20420
2020-07-13_14-11-34 20420
2020-07-13_14-11-34 20420
2020-07-13_14-11-34 20420
2020-07-13_14-11-34 20420
2020-07-13_14-11-34 20420
2020-07-13_14-11-34 20420
2020-07-13_14-11-34 20420
2020-07-13_14-11-34 20420
2020-07-13_14-11-34 20420
2020-07-13_14-11-34 20420
2020-07-13_14-11-34 20420
2020-07-13_14-11-34 20420
2020-07-13_14-11-34 20420
2020-07-13_14-11-34 20420
2020-07-13_14-11-34 20420
2020-07-13_14-11-34 20420
2020-07-13_14-11-34 20420
2020-07-13_14-11-34 20420
2020-07-13_14-11-34 20420
2020-07-13_14-11-34 20420
2020-07-13_14-11-34 20420
2020-07-13_14-11-34 20420
2020-07-13_14-11-34 20420
2020-07-13_14-11-34 20370
2020-07-13_14-11-34 5130
2020-07-13_14-11-34 5130
2020-07-13_14-11-34 5130
2020-07-13_14-11-34 5130
2020-07-13_14-11-34 5130
2020-07-13_14-11-34 5130
2020-07-13_14-11-34 5130
2020-07-13_14-11-34 5140
2020-07-13_14-11-34 5140
2020-07-13_14-11-34 5150
2020-07-13_14-11-34 5140
2020-07-13_14-11-34 5140
2020-07-13_14-11-34 5150
2020-07-13_14-11-34 5160
2020-07-13_14-11-34 5150
2020-07-13_14-11-34 5150
2020-07-13_14-11-34 5140
2020-07-13_14-11-34 5140
2020-07-13_14-11-34 5140
2020-07-13_14-11-34 5140
2020-07-13_14-11-34 5140
2020-07-13_14-11-34 5140
2020-07-13_14-11-34 5140
2020-07-13_14-11-34 5140
2020-07-13_14-11-34 3390
2020-07-13_14-11-34 2490
2020-07-13_14-11-34 2490
2020-07-13_14-11-34 2480
2020-07-13_14-11-34 2480
2020-07-13_14-11-34 2490
2020-07-13_14-11-34 2500
2020-07-13_14-11-34 2480
2020-07-13_14-11-34 2480
2020-07-13_14-11-34 2480
2020-07-13_14-11-34 2360
2020-07-13_14-11-34 940
