2020-07-13_14-11-31 17470
2020-07-13_14-11-31 17570
2020-07-13_14-11-31 17510
2020-07-13_14-11-31 17520
2020-07-13_14-11-31 17500
2020-07-13_14-11-31 17490
2020-07-13_14-11-31 17490
2020-07-13_14-11-31 17500
2020-07-13_14-11-31 17500
2020-07-13_14-11-31 17500
2020-07-13_14-11-31 17490
2020-07-13_14-11-31 17530
2020-07-13_14-11-31 17560
2020-07-13_14-11-31 17550
2020-07-13_14-11-31 17520
2020-07-13_14-11-31 17500
2020-07-13_14-11-31 17500
2020-07-13_14-11-31 17520
2020-07-13_14-11-31 17500
2020-07-13_14-11-31 17510
2020-07-13_14-11-31 17510
2020-07-13_14-11-31 17500
2020-07-13_14-11-31 17510
2020-07-13_14-11-31 17510
2020-07-13_14-11-31 17520
2020-07-13_14-11-31 17520
2020-07-13_14-11-31 17510
2020-07-13_14-11-31 17510
2020-07-13_14-11-31 17510
2020-07-13_14-11-31 17520
2020-07-13_14-11-31 17520
2020-07-13_14-11-31 17510
2020-07-13_14-11-31 17530
2020-07-13_14-11-31 17510
2020-07-13_14-11-31 17510
2020-07-13_14-11-31 17510
2020-07-13_14-11-31 17520
2020-07-13_14-11-31 17520
2020-07-13_14-11-31 17520
2020-07-13_14-11-31 17520
2020-07-13_14-11-31 17510
2020-07-13_14-11-31 17510
2020-07-13_14-11-31 17510
2020-07-13_14-11-31 17520
2020-07-13_14-11-31 17520
2020-07-13_14-11-31 17520
2020-07-13_14-11-31 17520
2020-07-13_14-11-31 17520
2020-07-13_14-11-31 17520
2020-07-13_14-11-31 17520
2020-07-13_14-11-31 17500
2020-07-13_14-11-31 17530
2020-07-13_14-11-31 17600
2020-07-13_14-11-31 17540
2020-07-13_14-11-31 17670
2020-07-13_14-11-31 17550
2020-07-13_14-11-31 17720
2020-07-13_14-11-31 17160
2020-07-13_14-11-31 13000
2020-07-13_14-11-31 9300
2020-07-13_14-11-31 9290
2020-07-13_14-11-31 9210
2020-07-13_14-11-31 9180
2020-07-13_14-11-31 9190
2020-07-13_14-11-31 9120
2020-07-13_14-11-31 8870
2020-07-13_14-11-31 8880
2020-07-13_14-11-31 8750
2020-07-13_14-11-31 8830
2020-07-13_14-11-31 8750
2020-07-13_14-11-31 8720
2020-07-13_14-11-31 8700
2020-07-13_14-11-31 7670
2020-07-13_14-11-31 5150
2020-07-13_14-11-31 2210
