2020-07-13_14-09-56 1420
2020-07-13_14-09-56 2880
2020-07-13_14-09-56 4130
2020-07-13_14-09-56 4850
2020-07-13_14-09-56 4960
2020-07-13_14-09-56 4760
2020-07-13_14-09-56 4580
2020-07-13_14-09-56 4610
2020-07-13_14-09-56 4720
2020-07-13_14-09-56 4690
2020-07-13_14-09-56 4560
2020-07-13_14-09-56 4470
2020-07-13_14-09-56 4530
2020-07-13_14-09-56 4630
2020-07-13_14-09-56 4650
2020-07-13_14-09-56 4580
2020-07-13_14-09-56 4520
2020-07-13_14-09-56 4520
2020-07-13_14-09-56 4550
2020-07-13_14-09-56 4550
2020-07-13_14-09-56 4550
2020-07-13_14-09-56 4580
2020-07-13_14-09-56 4600
2020-07-13_14-09-56 4570
2020-07-13_14-09-56 4520
2020-07-13_14-09-56 4490
2020-07-13_14-09-56 4520
2020-07-13_14-09-56 4580
2020-07-13_14-09-56 4600
2020-07-13_14-09-56 4560
2020-07-13_14-09-56 4520
2020-07-13_14-09-56 4540
2020-07-13_14-09-56 4590
2020-07-13_14-09-56 4570
2020-07-13_14-09-56 4520
2020-07-13_14-09-56 4510
2020-07-13_14-09-56 4560
2020-07-13_14-09-56 4590
2020-07-13_14-09-56 4550
2020-07-13_14-09-56 4480
2020-07-13_14-09-56 4460
2020-07-13_14-09-56 4510
2020-07-13_14-09-56 4520
2020-07-13_14-09-56 4480
2020-07-13_14-09-56 4460
2020-07-13_14-09-56 4500
2020-07-13_14-09-56 4800
2020-07-13_14-09-56 5680
2020-07-13_14-09-56 6820
2020-07-13_14-09-56 7720
2020-07-13_14-09-56 8030
2020-07-13_14-09-56 8030
2020-07-13_14-09-56 7980
2020-07-13_14-09-56 7900
2020-07-13_14-09-56 7810
2020-07-13_14-09-56 7800
2020-07-13_14-09-56 7790
2020-07-13_14-09-56 7750
2020-07-13_14-09-56 7690
2020-07-13_14-09-56 8010
2020-07-13_14-09-56 8980
2020-07-13_14-09-56 10140
2020-07-13_14-09-56 10900
2020-07-13_14-09-56 11080
2020-07-13_14-09-56 11130
2020-07-13_14-09-56 11170
2020-07-13_14-09-56 11150
2020-07-13_14-09-56 11070
2020-07-13_14-09-56 11090
2020-07-13_14-09-56 11140
2020-07-13_14-09-56 11160
2020-07-13_14-09-56 11110
2020-07-13_14-09-56 11080
2020-07-13_14-09-56 11110
2020-07-13_14-09-56 11140
2020-07-13_14-09-56 11130
2020-07-13_14-09-56 11100
2020-07-13_14-09-56 11100
2020-07-13_14-09-56 11110
2020-07-13_14-09-56 11130
2020-07-13_14-09-56 11130
2020-07-13_14-09-56 11120
2020-07-13_14-09-56 11110
2020-07-13_14-09-56 11120
2020-07-13_14-09-56 11120
2020-07-13_14-09-56 11100
2020-07-13_14-09-56 11090
2020-07-13_14-09-56 11120
2020-07-13_14-09-56 11130
2020-07-13_14-09-56 11090
2020-07-13_14-09-56 11100
2020-07-13_14-09-56 11100
2020-07-13_14-09-56 11130
2020-07-13_14-09-56 11100
2020-07-13_14-09-56 11100
2020-07-13_14-09-56 11100
2020-07-13_14-09-56 11090
2020-07-13_14-09-56 11100
2020-07-13_14-09-56 11090
2020-07-13_14-09-56 11090
2020-07-13_14-09-56 11060
2020-07-13_14-09-56 11030
2020-07-13_14-09-56 11090
2020-07-13_14-09-56 11160
2020-07-13_14-09-56 11100
2020-07-13_14-09-56 11040
2020-07-13_14-09-56 11020
2020-07-13_14-09-56 11160
2020-07-13_14-09-56 11200
2020-07-13_14-09-56 11110
2020-07-13_14-09-56 11070
2020-07-13_14-09-56 11090
2020-07-13_14-09-56 11190
2020-07-13_14-09-56 11140
2020-07-13_14-09-56 11090
2020-07-13_14-09-56 11090
2020-07-13_14-09-56 11140
2020-07-13_14-09-56 11160
2020-07-13_14-09-56 11100
2020-07-13_14-09-56 11100
2020-07-13_14-09-56 11120
2020-07-13_14-09-56 11160
2020-07-13_14-09-56 11110
2020-07-13_14-09-56 11090
2020-07-13_14-09-56 11110
2020-07-13_14-09-56 11140
2020-07-13_14-09-56 11130
2020-07-13_14-09-56 11090
2020-07-13_14-09-56 11110
2020-07-13_14-09-56 11120
2020-07-13_14-09-56 11120
2020-07-13_14-09-56 11110
2020-07-13_14-09-56 11110
2020-07-13_14-09-56 11130
2020-07-13_14-09-56 11110
2020-07-13_14-09-56 11110
2020-07-13_14-09-56 11110
2020-07-13_14-09-56 11110
2020-07-13_14-09-56 11110
2020-07-13_14-09-56 11100
2020-07-13_14-09-56 11120
2020-07-13_14-09-56 11120
2020-07-13_14-09-56 11120
2020-07-13_14-09-56 11120
2020-07-13_14-09-56 11120
2020-07-13_14-09-56 11110
2020-07-13_14-09-56 11110
2020-07-13_14-09-56 11110
2020-07-13_14-09-56 11110
2020-07-13_14-09-56 11110
2020-07-13_14-09-56 11120
2020-07-13_14-09-56 11130
2020-07-13_14-09-56 11120
2020-07-13_14-09-56 11120
2020-07-13_14-09-56 11120
2020-07-13_14-09-56 11120
2020-07-13_14-09-56 11110
2020-07-13_14-09-56 11100
2020-07-13_14-09-56 11110
2020-07-13_14-09-56 11110
2020-07-13_14-09-56 11100
2020-07-13_14-09-56 11090
2020-07-13_14-09-56 11100
2020-07-13_14-09-56 11120
2020-07-13_14-09-56 11110
2020-07-13_14-09-56 11090
2020-07-13_14-09-56 11090
2020-07-13_14-09-56 11110
2020-07-13_14-09-56 11120
2020-07-13_14-09-56 11120
2020-07-13_14-09-56 11120
2020-07-13_14-09-56 11140
2020-07-13_14-09-56 11130
2020-07-13_14-09-56 11110
2020-07-13_14-09-56 11080
2020-07-13_14-09-56 11050
2020-07-13_14-09-56 11030
2020-07-13_14-09-56 11030
2020-07-13_14-09-56 11040
2020-07-13_14-09-56 11030
2020-07-13_14-09-56 11030
2020-07-13_14-09-56 11020
2020-07-13_14-09-56 11020
2020-07-13_14-09-56 11030
2020-07-13_14-09-56 11030
2020-07-13_14-09-56 11020
2020-07-13_14-09-56 11020
2020-07-13_14-09-56 11020
2020-07-13_14-09-56 11020
2020-07-13_14-09-56 11020
2020-07-13_14-09-56 11020
2020-07-13_14-09-56 11030
2020-07-13_14-09-56 11030
2020-07-13_14-09-56 11020
2020-07-13_14-09-56 11020
2020-07-13_14-09-56 11020
2020-07-13_14-09-56 11020
2020-07-13_14-09-56 11020
2020-07-13_14-09-56 11010
2020-07-13_14-09-56 11020
2020-07-13_14-09-56 11020
2020-07-13_14-09-56 11020
2020-07-13_14-09-56 11020
2020-07-13_14-09-56 11030
2020-07-13_14-09-56 11020
2020-07-13_14-09-56 11020
2020-07-13_14-09-56 11020
2020-07-13_14-09-56 11020
2020-07-13_14-09-56 11020
2020-07-13_14-09-56 11020
2020-07-13_14-09-56 11020
2020-07-13_14-09-56 11030
2020-07-13_14-09-56 11050
2020-07-13_14-09-56 11070
2020-07-13_14-09-56 11100
2020-07-13_14-09-56 11110
2020-07-13_14-09-56 11110
2020-07-13_14-09-56 11110
2020-07-13_14-09-56 11100
2020-07-13_14-09-56 11090
2020-07-13_14-09-56 11060
2020-07-13_14-09-56 11030
2020-07-13_14-09-56 11020
2020-07-13_14-09-56 11030
2020-07-13_14-09-56 11030
2020-07-13_14-09-56 11020
2020-07-13_14-09-56 11020
2020-07-13_14-09-56 11030
2020-07-13_14-09-56 11030
2020-07-13_14-09-56 11020
2020-07-13_14-09-56 11020
2020-07-13_14-09-56 11020
2020-07-13_14-09-56 11020
2020-07-13_14-09-56 11020
2020-07-13_14-09-56 11020
2020-07-13_14-09-56 11030
2020-07-13_14-09-56 11020
2020-07-13_14-09-56 11030
2020-07-13_14-09-56 11030
2020-07-13_14-09-56 11030
2020-07-13_14-09-56 11030
2020-07-13_14-09-56 11040
2020-07-13_14-09-56 11040
2020-07-13_14-09-56 11040
2020-07-13_14-09-56 11030
2020-07-13_14-09-56 11030
2020-07-13_14-09-56 11030
2020-07-13_14-09-56 11030
2020-07-13_14-09-56 11030
2020-07-13_14-09-56 11030
2020-07-13_14-09-56 11030
2020-07-13_14-09-56 11030
2020-07-13_14-09-56 11020
2020-07-13_14-09-56 11030
2020-07-13_14-09-56 11030
2020-07-13_14-09-56 11030
2020-07-13_14-09-56 11030
2020-07-13_14-09-56 11030
2020-07-13_14-09-56 11030
2020-07-13_14-09-56 11030
2020-07-13_14-09-56 11030
2020-07-13_14-09-56 11030
2020-07-13_14-09-56 11020
2020-07-13_14-09-56 11020
2020-07-13_14-09-56 11020
2020-07-13_14-09-56 11020
2020-07-13_14-09-56 11020
2020-07-13_14-09-56 11020
2020-07-13_14-09-56 11020
2020-07-13_14-09-56 11020
2020-07-13_14-09-56 11020
2020-07-13_14-09-56 11030
2020-07-13_14-09-56 11030
2020-07-13_14-09-56 11030
2020-07-13_14-09-56 11030
2020-07-13_14-09-56 11030
2020-07-13_14-09-56 11020
2020-07-13_14-09-56 11020
2020-07-13_14-09-56 11020
2020-07-13_14-09-56 11020
2020-07-13_14-09-56 11020
2020-07-13_14-09-56 11020
2020-07-13_14-09-56 11020
2020-07-13_14-09-56 11020
2020-07-13_14-09-56 11020
2020-07-13_14-09-56 11020
2020-07-13_14-09-56 11020
2020-07-13_14-09-56 11020
2020-07-13_14-09-56 11020
2020-07-13_14-09-56 11020
2020-07-13_14-09-56 11020
2020-07-13_14-09-56 11030
2020-07-13_14-09-56 11020
2020-07-13_14-09-56 11020
2020-07-13_14-09-56 11020
2020-07-13_14-09-56 11030
2020-07-13_14-09-56 11040
2020-07-13_14-09-56 11040
2020-07-13_14-09-56 11030
2020-07-13_14-09-56 11020
2020-07-13_14-09-56 11020
2020-07-13_14-09-56 11020
2020-07-13_14-09-56 11020
2020-07-13_14-09-56 11020
2020-07-13_14-09-56 11020
2020-07-13_14-09-56 11030
2020-07-13_14-09-56 11030
2020-07-13_14-09-56 11020
2020-07-13_14-09-56 11030
2020-07-13_14-09-56 11020
2020-07-13_14-09-56 11020
2020-07-13_14-09-56 11020
2020-07-13_14-09-56 11030
2020-07-13_14-09-56 11030
2020-07-13_14-09-56 11030
2020-07-13_14-09-56 11030
2020-07-13_14-09-56 11030
2020-07-13_14-09-56 11030
2020-07-13_14-09-56 11030
2020-07-13_14-09-56 11030
2020-07-13_14-09-56 11030
2020-07-13_14-09-56 11030
2020-07-13_14-09-56 11030
2020-07-13_14-09-56 11030
2020-07-13_14-09-56 11030
2020-07-13_14-09-56 11030
2020-07-13_14-09-56 11030
2020-07-13_14-09-56 11030
2020-07-13_14-09-56 11030
2020-07-13_14-09-56 11030
2020-07-13_14-09-56 11030
2020-07-13_14-09-56 11030
2020-07-13_14-09-56 11030
2020-07-13_14-09-56 11030
2020-07-13_14-09-56 11030
2020-07-13_14-09-56 11030
2020-07-13_14-09-56 11030
2020-07-13_14-09-56 11030
2020-07-13_14-09-56 11030
2020-07-13_14-09-56 11030
2020-07-13_14-09-56 11030
2020-07-13_14-09-56 11030
2020-07-13_14-09-56 11030
2020-07-13_14-09-56 11030
2020-07-13_14-09-56 11030
2020-07-13_14-09-56 11030
2020-07-13_14-09-56 11030
2020-07-13_14-09-56 11030
2020-07-13_14-09-56 11030
2020-07-13_14-09-56 11030
2020-07-13_14-09-56 11030
2020-07-13_14-09-56 11030
2020-07-13_14-09-56 11030
2020-07-13_14-09-56 11010
2020-07-13_14-09-56 11010
2020-07-13_14-09-56 11010
2020-07-13_14-09-56 11020
2020-07-13_14-09-56 11020
2020-07-13_14-09-56 11020
2020-07-13_14-09-56 11020
2020-07-13_14-09-56 11020
2020-07-13_14-09-56 11020
2020-07-13_14-09-56 11020
2020-07-13_14-09-56 11020
2020-07-13_14-09-56 11030
2020-07-13_14-09-56 11030
2020-07-13_14-09-56 11030
2020-07-13_14-09-56 11030
2020-07-13_14-09-56 11020
2020-07-13_14-09-56 11020
2020-07-13_14-09-56 11020
2020-07-13_14-09-56 11020
2020-07-13_14-09-56 11020
2020-07-13_14-09-56 11020
2020-07-13_14-09-56 11020
2020-07-13_14-09-56 11020
2020-07-13_14-09-56 11020
2020-07-13_14-09-56 11020
2020-07-13_14-09-56 11020
2020-07-13_14-09-56 11020
2020-07-13_14-09-56 11020
2020-07-13_14-09-56 11030
2020-07-13_14-09-56 11030
2020-07-13_14-09-56 11030
2020-07-13_14-09-56 11030
2020-07-13_14-09-56 11030
2020-07-13_14-09-56 11020
2020-07-13_14-09-56 11030
2020-07-13_14-09-56 11030
2020-07-13_14-09-56 11030
2020-07-13_14-09-56 11020
2020-07-13_14-09-56 11020
2020-07-13_14-09-56 11020
2020-07-13_14-09-56 11020
2020-07-13_14-09-56 11020
2020-07-13_14-09-56 11020
2020-07-13_14-09-56 11020
2020-07-13_14-09-56 11020
2020-07-13_14-09-56 11020
2020-07-13_14-09-56 11020
2020-07-13_14-09-56 11020
2020-07-13_14-09-56 11020
2020-07-13_14-09-56 11020
2020-07-13_14-09-56 11020
2020-07-13_14-09-56 11010
2020-07-13_14-09-56 11010
2020-07-13_14-09-56 11010
2020-07-13_14-09-56 11020
2020-07-13_14-09-56 11020
2020-07-13_14-09-56 11020
2020-07-13_14-09-56 11020
2020-07-13_14-09-56 11020
2020-07-13_14-09-56 11020
2020-07-13_14-09-56 11020
2020-07-13_14-09-56 11020
2020-07-13_14-09-56 11020
2020-07-13_14-09-56 11010
2020-07-13_14-09-56 11010
2020-07-13_14-09-56 11010
2020-07-13_14-09-56 11010
2020-07-13_14-09-56 11010
2020-07-13_14-09-56 11020
2020-07-13_14-09-56 11030
2020-07-13_14-09-56 11030
2020-07-13_14-09-56 11030
2020-07-13_14-09-56 11020
2020-07-13_14-09-56 11020
2020-07-13_14-09-56 11020
2020-07-13_14-09-56 11020
2020-07-13_14-09-56 11030
2020-07-13_14-09-56 11030
2020-07-13_14-09-56 11030
2020-07-13_14-09-56 11030
2020-07-13_14-09-56 11030
2020-07-13_14-09-56 11020
2020-07-13_14-09-56 11020
2020-07-13_14-09-56 11020
2020-07-13_14-09-56 11020
2020-07-13_14-09-56 11020
2020-07-13_14-09-56 11020
2020-07-13_14-09-56 11020
2020-07-13_14-09-56 11030
2020-07-13_14-09-56 11030
2020-07-13_14-09-56 11030
2020-07-13_14-09-56 11030
2020-07-13_14-09-56 11030
2020-07-13_14-09-56 11030
2020-07-13_14-09-56 11030
2020-07-13_14-09-56 11020
2020-07-13_14-09-56 11020
2020-07-13_14-09-56 11020
2020-07-13_14-09-56 11020
2020-07-13_14-09-56 11020
2020-07-13_14-09-56 11020
2020-07-13_14-09-56 11020
2020-07-13_14-09-56 11020
2020-07-13_14-09-56 11020
2020-07-13_14-09-56 11020
2020-07-13_14-09-56 11020
2020-07-13_14-09-56 11020
2020-07-13_14-09-56 11020
2020-07-13_14-09-56 11020
2020-07-13_14-09-56 11020
2020-07-13_14-09-56 11030
2020-07-13_14-09-56 11030
2020-07-13_14-09-56 11030
2020-07-13_14-09-56 11020
2020-07-13_14-09-56 11020
2020-07-13_14-09-56 11020
2020-07-13_14-09-56 11020
2020-07-13_14-09-56 11020
2020-07-13_14-09-56 11020
2020-07-13_14-09-56 11020
2020-07-13_14-09-56 11020
2020-07-13_14-09-56 11020
2020-07-13_14-09-56 11020
2020-07-13_14-09-56 11020
2020-07-13_14-09-56 11020
2020-07-13_14-09-56 11020
2020-07-13_14-09-56 11020
2020-07-13_14-09-56 11020
2020-07-13_14-09-56 11020
2020-07-13_14-09-56 11020
2020-07-13_14-09-56 11020
2020-07-13_14-09-56 11020
2020-07-13_14-09-56 11020
2020-07-13_14-09-56 11020
2020-07-13_14-09-56 11020
2020-07-13_14-09-56 11020
2020-07-13_14-09-56 11020
2020-07-13_14-09-56 11020
2020-07-13_14-09-56 11020
2020-07-13_14-09-56 11020
2020-07-13_14-09-56 11020
2020-07-13_14-09-56 11020
2020-07-13_14-09-56 11020
2020-07-13_14-09-56 11030
2020-07-13_14-09-56 11030
2020-07-13_14-09-56 11020
2020-07-13_14-09-56 11030
2020-07-13_14-09-56 11030
2020-07-13_14-09-56 11040
2020-07-13_14-09-56 11030
2020-07-13_14-09-56 11030
2020-07-13_14-09-56 11030
2020-07-13_14-09-56 11030
2020-07-13_14-09-56 11030
2020-07-13_14-09-56 11030
2020-07-13_14-09-56 11030
2020-07-13_14-09-56 11030
2020-07-13_14-09-57 11030
2020-07-13_14-09-57 11020
2020-07-13_14-09-57 11020
2020-07-13_14-09-57 11020
2020-07-13_14-09-57 11020
2020-07-13_14-09-57 11020
2020-07-13_14-09-57 11020
2020-07-13_14-09-57 11020
2020-07-13_14-09-57 11020
2020-07-13_14-09-57 11020
2020-07-13_14-09-57 11020
2020-07-13_14-09-57 11020
2020-07-13_14-09-57 11020
2020-07-13_14-09-57 11020
2020-07-13_14-09-57 11020
2020-07-13_14-09-57 11020
2020-07-13_14-09-57 11020
2020-07-13_14-09-57 11020
2020-07-13_14-09-57 11020
2020-07-13_14-09-57 11020
2020-07-13_14-09-57 11020
2020-07-13_14-09-57 11020
2020-07-13_14-09-57 11020
2020-07-13_14-09-57 11020
2020-07-13_14-09-57 11020
2020-07-13_14-09-57 11020
2020-07-13_14-09-57 11020
2020-07-13_14-09-57 11020
2020-07-13_14-09-57 11020
2020-07-13_14-09-57 11020
2020-07-13_14-09-57 11020
2020-07-13_14-09-57 11020
2020-07-13_14-09-57 11020
2020-07-13_14-09-57 11020
2020-07-13_14-09-57 11020
2020-07-13_14-09-57 11020
2020-07-13_14-09-57 11020
2020-07-13_14-09-57 11020
2020-07-13_14-09-57 11020
2020-07-13_14-09-57 11020
2020-07-13_14-09-57 11020
2020-07-13_14-09-57 11020
2020-07-13_14-09-57 11020
2020-07-13_14-09-57 11020
2020-07-13_14-09-57 11020
2020-07-13_14-09-57 11020
2020-07-13_14-09-57 11020
2020-07-13_14-09-57 11020
2020-07-13_14-09-57 11020
2020-07-13_14-09-57 11020
2020-07-13_14-09-57 11020
2020-07-13_14-09-57 11020
2020-07-13_14-09-57 11020
2020-07-13_14-09-57 11020
2020-07-13_14-09-57 11020
2020-07-13_14-09-57 11020
2020-07-13_14-09-57 11020
2020-07-13_14-09-57 11020
2020-07-13_14-09-57 11020
2020-07-13_14-09-57 11020
2020-07-13_14-09-57 11020
2020-07-13_14-09-57 11020
2020-07-13_14-09-57 11020
2020-07-13_14-09-57 11020
2020-07-13_14-09-57 11020
2020-07-13_14-09-57 11020
2020-07-13_14-09-57 11020
2020-07-13_14-09-57 11020
2020-07-13_14-09-57 11020
2020-07-13_14-09-57 11020
2020-07-13_14-09-57 11020
2020-07-13_14-09-57 11020
2020-07-13_14-09-57 11020
2020-07-13_14-09-57 11020
2020-07-13_14-09-57 11020
2020-07-13_14-09-57 11020
2020-07-13_14-09-57 11020
2020-07-13_14-09-57 11020
2020-07-13_14-09-57 11020
2020-07-13_14-09-57 11020
2020-07-13_14-09-57 11020
2020-07-13_14-09-57 11020
2020-07-13_14-09-57 11020
2020-07-13_14-09-57 11020
2020-07-13_14-09-57 11020
2020-07-13_14-09-57 11020
2020-07-13_14-09-57 11020
2020-07-13_14-09-57 11020
2020-07-13_14-09-57 11020
2020-07-13_14-09-57 11020
2020-07-13_14-09-57 11020
2020-07-13_14-09-57 11020
2020-07-13_14-09-57 11020
2020-07-13_14-09-57 11020
2020-07-13_14-09-57 11020
2020-07-13_14-09-57 11020
2020-07-13_14-09-57 11030
2020-07-13_14-09-57 11030
2020-07-13_14-09-57 11030
2020-07-13_14-09-57 11030
2020-07-13_14-09-57 11020
2020-07-13_14-09-57 11020
2020-07-13_14-09-57 11020
2020-07-13_14-09-57 11030
2020-07-13_14-09-57 11020
2020-07-13_14-09-57 11020
2020-07-13_14-09-57 11020
2020-07-13_14-09-57 11020
2020-07-13_14-09-57 11020
2020-07-13_14-09-57 11020
2020-07-13_14-09-57 11020
2020-07-13_14-09-57 11020
2020-07-13_14-09-57 11030
2020-07-13_14-09-57 11030
2020-07-13_14-09-57 11030
2020-07-13_14-09-57 11030
2020-07-13_14-09-57 11030
2020-07-13_14-09-57 11020
2020-07-13_14-09-57 11020
2020-07-13_14-09-57 11020
2020-07-13_14-09-57 11020
2020-07-13_14-09-57 11020
2020-07-13_14-09-57 11020
2020-07-13_14-09-57 11020
2020-07-13_14-09-57 11020
2020-07-13_14-09-57 11020
2020-07-13_14-09-57 11020
2020-07-13_14-09-57 11030
2020-07-13_14-09-57 11020
2020-07-13_14-09-57 11020
2020-07-13_14-09-57 11030
2020-07-13_14-09-57 11030
2020-07-13_14-09-57 11030
2020-07-13_14-09-57 11030
2020-07-13_14-09-57 11030
2020-07-13_14-09-57 11030
2020-07-13_14-09-57 11030
2020-07-13_14-09-57 11030
2020-07-13_14-09-57 11030
2020-07-13_14-09-57 11030
2020-07-13_14-09-57 11030
2020-07-13_14-09-57 11030
2020-07-13_14-09-57 11030
2020-07-13_14-09-57 11030
2020-07-13_14-09-57 11030
2020-07-13_14-09-57 11030
2020-07-13_14-09-57 11030
2020-07-13_14-09-57 11030
2020-07-13_14-09-57 11020
2020-07-13_14-09-57 11020
2020-07-13_14-09-57 11020
2020-07-13_14-09-57 11020
2020-07-13_14-09-57 11030
2020-07-13_14-09-57 11030
2020-07-13_14-09-57 11030
2020-07-13_14-09-57 11030
2020-07-13_14-09-57 11030
2020-07-13_14-09-57 11030
2020-07-13_14-09-57 11020
2020-07-13_14-09-57 11020
2020-07-13_14-09-57 11010
2020-07-13_14-09-57 11010
2020-07-13_14-09-57 11020
2020-07-13_14-09-57 11020
2020-07-13_14-09-57 11020
2020-07-13_14-09-57 11020
2020-07-13_14-09-57 11020
2020-07-13_14-09-57 11030
2020-07-13_14-09-57 11030
2020-07-13_14-09-57 11030
2020-07-13_14-09-57 11030
2020-07-13_14-09-57 11020
2020-07-13_14-09-57 11030
2020-07-13_14-09-57 11030
2020-07-13_14-09-57 11030
2020-07-13_14-09-57 11030
2020-07-13_14-09-57 11030
2020-07-13_14-09-57 11030
2020-07-13_14-09-57 11030
2020-07-13_14-09-57 11030
2020-07-13_14-09-57 11030
2020-07-13_14-09-57 11020
2020-07-13_14-09-57 11020
2020-07-13_14-09-57 11020
2020-07-13_14-09-57 11020
2020-07-13_14-09-57 11020
2020-07-13_14-09-57 11020
2020-07-13_14-09-57 11020
2020-07-13_14-09-57 11020
2020-07-13_14-09-57 11020
2020-07-13_14-09-57 11020
2020-07-13_14-09-57 11020
2020-07-13_14-09-57 11020
2020-07-13_14-09-57 11020
2020-07-13_14-09-57 11020
2020-07-13_14-09-57 11020
2020-07-13_14-09-57 11020
2020-07-13_14-09-57 11020
2020-07-13_14-09-57 11020
2020-07-13_14-09-57 11020
2020-07-13_14-09-57 11020
2020-07-13_14-09-57 11020
2020-07-13_14-09-57 11020
2020-07-13_14-09-57 11030
2020-07-13_14-09-57 11030
2020-07-13_14-09-57 11030
2020-07-13_14-09-57 11030
2020-07-13_14-09-57 11020
2020-07-13_14-09-57 11020
2020-07-13_14-09-57 11020
2020-07-13_14-09-57 11030
2020-07-13_14-09-57 11030
2020-07-13_14-09-57 11030
2020-07-13_14-09-57 11020
2020-07-13_14-09-57 11020
2020-07-13_14-09-57 11020
2020-07-13_14-09-57 11020
2020-07-13_14-09-57 11020
2020-07-13_14-09-57 11020
2020-07-13_14-09-57 11020
2020-07-13_14-09-57 11020
2020-07-13_14-09-57 11020
2020-07-13_14-09-57 11030
2020-07-13_14-09-57 11030
2020-07-13_14-09-57 11030
2020-07-13_14-09-57 11030
2020-07-13_14-09-57 11020
2020-07-13_14-09-57 11020
2020-07-13_14-09-57 11020
2020-07-13_14-09-57 11020
2020-07-13_14-09-57 11020
2020-07-13_14-09-57 11020
2020-07-13_14-09-57 11020
2020-07-13_14-09-57 11020
2020-07-13_14-09-57 11020
2020-07-13_14-09-57 11020
2020-07-13_14-09-57 11020
2020-07-13_14-09-57 11020
2020-07-13_14-09-57 11020
2020-07-13_14-09-57 11030
2020-07-13_14-09-57 11030
2020-07-13_14-09-57 11030
2020-07-13_14-09-57 11030
2020-07-13_14-09-57 11030
2020-07-13_14-09-57 11030
2020-07-13_14-09-57 11030
2020-07-13_14-09-57 11030
2020-07-13_14-09-57 11030
2020-07-13_14-09-57 11030
2020-07-13_14-09-57 11030
2020-07-13_14-09-57 11030
2020-07-13_14-09-57 11030
2020-07-13_14-09-57 11030
2020-07-13_14-09-57 11030
2020-07-13_14-09-57 11020
2020-07-13_14-09-57 11020
2020-07-13_14-09-57 11020
2020-07-13_14-09-57 11020
2020-07-13_14-09-57 11020
2020-07-13_14-09-57 11020
2020-07-13_14-09-57 11020
2020-07-13_14-09-57 11020
2020-07-13_14-09-57 11020
2020-07-13_14-09-57 11020
2020-07-13_14-09-57 11020
2020-07-13_14-09-57 11020
2020-07-13_14-09-57 11020
2020-07-13_14-09-57 11020
2020-07-13_14-09-57 11020
2020-07-13_14-09-57 11030
2020-07-13_14-09-57 11030
2020-07-13_14-09-57 11030
2020-07-13_14-09-57 11020
2020-07-13_14-09-57 11020
2020-07-13_14-09-57 11020
2020-07-13_14-09-57 11030
2020-07-13_14-09-57 11030
2020-07-13_14-09-57 11020
2020-07-13_14-09-57 11020
2020-07-13_14-09-57 11020
2020-07-13_14-09-57 11020
2020-07-13_14-09-57 11020
2020-07-13_14-09-57 11020
2020-07-13_14-09-57 11030
2020-07-13_14-09-57 11020
2020-07-13_14-09-57 11030
2020-07-13_14-09-57 11030
2020-07-13_14-09-57 11030
2020-07-13_14-09-57 11030
2020-07-13_14-09-57 11030
2020-07-13_14-09-57 11020
2020-07-13_14-09-57 11020
2020-07-13_14-09-57 11020
2020-07-13_14-09-57 11020
2020-07-13_14-09-57 11020
2020-07-13_14-09-57 11020
2020-07-13_14-09-57 11030
2020-07-13_14-09-57 11030
2020-07-13_14-09-57 11020
2020-07-13_14-09-57 11020
2020-07-13_14-09-57 11020
2020-07-13_14-09-57 11020
2020-07-13_14-09-57 11020
2020-07-13_14-09-57 11020
2020-07-13_14-09-57 11020
2020-07-13_14-09-57 11020
2020-07-13_14-09-57 11020
2020-07-13_14-09-57 11020
2020-07-13_14-09-57 11030
2020-07-13_14-09-57 11030
2020-07-13_14-09-57 11030
2020-07-13_14-09-57 11030
2020-07-13_14-09-57 11030
2020-07-13_14-09-57 11030
2020-07-13_14-09-57 11020
2020-07-13_14-09-57 11020
2020-07-13_14-09-57 11020
2020-07-13_14-09-57 11020
2020-07-13_14-09-57 11020
2020-07-13_14-09-57 11020
2020-07-13_14-09-57 11020
2020-07-13_14-09-57 11020
2020-07-13_14-09-57 11020
2020-07-13_14-09-57 11010
2020-07-13_14-09-57 11020
2020-07-13_14-09-57 11020
2020-07-13_14-09-57 11020
2020-07-13_14-09-57 11020
2020-07-13_14-09-57 11020
2020-07-13_14-09-57 11020
2020-07-13_14-09-57 11020
2020-07-13_14-09-57 11020
2020-07-13_14-09-57 11020
2020-07-13_14-09-57 11030
2020-07-13_14-09-57 11020
2020-07-13_14-09-57 11020
2020-07-13_14-09-57 11020
2020-07-13_14-09-57 11020
2020-07-13_14-09-57 11020
2020-07-13_14-09-57 11020
2020-07-13_14-09-57 11020
2020-07-13_14-09-57 11020
2020-07-13_14-09-57 11020
2020-07-13_14-09-57 11020
2020-07-13_14-09-57 11020
2020-07-13_14-09-57 11020
2020-07-13_14-09-57 11020
2020-07-13_14-09-57 11020
2020-07-13_14-09-57 11020
2020-07-13_14-09-57 11020
2020-07-13_14-09-57 11020
2020-07-13_14-09-57 11020
2020-07-13_14-09-57 11020
2020-07-13_14-09-57 11020
2020-07-13_14-09-57 11020
2020-07-13_14-09-57 11020
2020-07-13_14-09-57 11020
2020-07-13_14-09-57 11020
2020-07-13_14-09-57 11020
2020-07-13_14-09-57 11020
2020-07-13_14-09-57 11020
2020-07-13_14-09-57 11020
2020-07-13_14-09-57 11020
2020-07-13_14-09-57 11020
2020-07-13_14-09-57 11020
2020-07-13_14-09-57 11020
2020-07-13_14-09-57 11020
2020-07-13_14-09-57 11020
2020-07-13_14-09-57 11020
2020-07-13_14-09-57 11030
2020-07-13_14-09-57 11030
2020-07-13_14-09-57 11030
2020-07-13_14-09-57 11030
2020-07-13_14-09-57 11030
2020-07-13_14-09-57 11030
2020-07-13_14-09-57 11030
2020-07-13_14-09-57 11030
2020-07-13_14-09-57 11030
2020-07-13_14-09-57 11030
2020-07-13_14-09-57 11030
2020-07-13_14-09-57 11030
2020-07-13_14-09-57 11030
2020-07-13_14-09-57 11030
2020-07-13_14-09-57 11030
2020-07-13_14-09-57 11030
2020-07-13_14-09-57 11030
2020-07-13_14-09-57 11020
2020-07-13_14-09-57 11020
2020-07-13_14-09-57 11020
2020-07-13_14-09-57 11030
2020-07-13_14-09-57 11030
2020-07-13_14-09-57 11030
2020-07-13_14-09-57 11030
2020-07-13_14-09-57 11030
2020-07-13_14-09-57 11030
2020-07-13_14-09-57 11030
2020-07-13_14-09-57 11030
2020-07-13_14-09-57 11030
2020-07-13_14-09-57 11030
2020-07-13_14-09-57 11030
2020-07-13_14-09-57 11030
2020-07-13_14-09-57 11020
2020-07-13_14-09-57 11020
2020-07-13_14-09-57 11020
2020-07-13_14-09-57 11020
2020-07-13_14-09-57 11030
2020-07-13_14-09-57 11030
2020-07-13_14-09-57 11030
2020-07-13_14-09-57 11030
2020-07-13_14-09-57 11030
2020-07-13_14-09-57 11030
2020-07-13_14-09-57 11030
2020-07-13_14-09-57 11030
2020-07-13_14-09-57 11030
2020-07-13_14-09-57 11030
2020-07-13_14-09-57 11030
2020-07-13_14-09-57 11030
2020-07-13_14-09-57 11030
2020-07-13_14-09-57 11030
2020-07-13_14-09-57 11030
2020-07-13_14-09-57 11030
2020-07-13_14-09-57 11030
2020-07-13_14-09-57 11030
2020-07-13_14-09-57 11030
2020-07-13_14-09-57 11030
2020-07-13_14-09-57 11030
2020-07-13_14-09-57 11030
2020-07-13_14-09-57 11030
2020-07-13_14-09-57 11030
2020-07-13_14-09-57 11030
2020-07-13_14-09-57 11030
2020-07-13_14-09-57 11030
2020-07-13_14-09-57 11030
2020-07-13_14-09-57 11030
2020-07-13_14-09-57 11030
2020-07-13_14-09-57 11030
2020-07-13_14-09-57 11030
2020-07-13_14-09-57 11030
2020-07-13_14-09-57 11030
2020-07-13_14-09-57 11030
2020-07-13_14-09-57 11030
2020-07-13_14-09-57 11030
2020-07-13_14-09-57 11030
2020-07-13_14-09-57 11030
2020-07-13_14-09-57 11030
2020-07-13_14-09-57 11030
2020-07-13_14-09-57 11030
2020-07-13_14-09-57 11030
2020-07-13_14-09-57 11030
2020-07-13_14-09-57 11030
2020-07-13_14-09-57 11030
2020-07-13_14-09-57 11030
2020-07-13_14-09-57 11030
2020-07-13_14-09-57 11030
2020-07-13_14-09-57 11030
2020-07-13_14-09-57 11030
2020-07-13_14-09-57 11030
2020-07-13_14-09-57 11030
2020-07-13_14-09-57 11030
2020-07-13_14-09-57 11030
2020-07-13_14-09-57 11030
2020-07-13_14-09-57 11030
2020-07-13_14-09-57 11030
2020-07-13_14-09-57 11030
2020-07-13_14-09-57 11030
2020-07-13_14-09-57 11030
2020-07-13_14-09-57 11030
2020-07-13_14-09-57 11030
2020-07-13_14-09-57 11030
2020-07-13_14-09-57 11030
2020-07-13_14-09-57 11030
2020-07-13_14-09-57 11030
2020-07-13_14-09-57 11030
2020-07-13_14-09-57 11030
2020-07-13_14-09-57 11030
2020-07-13_14-09-57 11030
2020-07-13_14-09-57 11030
2020-07-13_14-09-57 11030
2020-07-13_14-09-57 11030
2020-07-13_14-09-57 11020
2020-07-13_14-09-57 11030
2020-07-13_14-09-57 11030
2020-07-13_14-09-57 11030
2020-07-13_14-09-57 11030
2020-07-13_14-09-57 11030
2020-07-13_14-09-57 11030
2020-07-13_14-09-57 11030
2020-07-13_14-09-57 11030
2020-07-13_14-09-57 11030
2020-07-13_14-09-57 11030
2020-07-13_14-09-57 11030
2020-07-13_14-09-57 11030
2020-07-13_14-09-57 11030
2020-07-13_14-09-57 11030
2020-07-13_14-09-57 11030
2020-07-13_14-09-57 11030
2020-07-13_14-09-57 11030
2020-07-13_14-09-57 11030
2020-07-13_14-09-57 11030
2020-07-13_14-09-57 11030
2020-07-13_14-09-57 11030
2020-07-13_14-09-57 11020
2020-07-13_14-09-57 11020
2020-07-13_14-09-57 11030
2020-07-13_14-09-57 11030
2020-07-13_14-09-57 11040
2020-07-13_14-09-57 11030
2020-07-13_14-09-57 11030
2020-07-13_14-09-57 11030
2020-07-13_14-09-57 11020
2020-07-13_14-09-57 11020
2020-07-13_14-09-57 11020
2020-07-13_14-09-57 11020
2020-07-13_14-09-57 11030
2020-07-13_14-09-57 11030
2020-07-13_14-09-57 11030
2020-07-13_14-09-57 11030
2020-07-13_14-09-57 11030
2020-07-13_14-09-57 11050
2020-07-13_14-09-57 11080
2020-07-13_14-09-57 11100
2020-07-13_14-09-57 11110
2020-07-13_14-09-57 11110
2020-07-13_14-09-57 11120
2020-07-13_14-09-57 11130
2020-07-13_14-09-57 11130
2020-07-13_14-09-57 11120
2020-07-13_14-09-57 11110
2020-07-13_14-09-57 11110
2020-07-13_14-09-57 11110
2020-07-13_14-09-57 11120
2020-07-13_14-09-57 11120
2020-07-13_14-09-57 11110
2020-07-13_14-09-57 11100
2020-07-13_14-09-57 11100
2020-07-13_14-09-57 11110
2020-07-13_14-09-57 11130
2020-07-13_14-09-57 11120
2020-07-13_14-09-57 11110
2020-07-13_14-09-57 11100
2020-07-13_14-09-57 11100
2020-07-13_14-09-57 11090
2020-07-13_14-09-57 11070
2020-07-13_14-09-57 11040
2020-07-13_14-09-57 11030
2020-07-13_14-09-57 11020
2020-07-13_14-09-57 11020
2020-07-13_14-09-57 11030
2020-07-13_14-09-57 11020
2020-07-13_14-09-57 11020
2020-07-13_14-09-57 11030
2020-07-13_14-09-57 11030
2020-07-13_14-09-57 11030
2020-07-13_14-09-57 11030
2020-07-13_14-09-57 11030
2020-07-13_14-09-57 11030
2020-07-13_14-09-57 11030
2020-07-13_14-09-57 11030
2020-07-13_14-09-57 11030
2020-07-13_14-09-57 11030
2020-07-13_14-09-57 11030
2020-07-13_14-09-57 11030
2020-07-13_14-09-57 11030
2020-07-13_14-09-57 11030
2020-07-13_14-09-57 11030
2020-07-13_14-09-57 11030
2020-07-13_14-09-57 11030
2020-07-13_14-09-57 11030
2020-07-13_14-09-57 11030
2020-07-13_14-09-57 11030
2020-07-13_14-09-57 11030
2020-07-13_14-09-57 11030
2020-07-13_14-09-57 11030
2020-07-13_14-09-57 11030
2020-07-13_14-09-57 11030
2020-07-13_14-09-57 11060
2020-07-13_14-09-57 11090
2020-07-13_14-09-57 11130
2020-07-13_14-09-57 11140
2020-07-13_14-09-57 11140
2020-07-13_14-09-57 11100
2020-07-13_14-09-57 11070
2020-07-13_14-09-57 11080
2020-07-13_14-09-57 11110
2020-07-13_14-09-57 11140
2020-07-13_14-09-57 11120
2020-07-13_14-09-57 11090
2020-07-13_14-09-57 11090
2020-07-13_14-09-57 11100
2020-07-13_14-09-57 11120
2020-07-13_14-09-57 11140
2020-07-13_14-09-57 11130
2020-07-13_14-09-57 11120
2020-07-13_14-09-57 11100
2020-07-13_14-09-57 11130
2020-07-13_14-09-57 11130
2020-07-13_14-09-57 11120
2020-07-13_14-09-57 11110
2020-07-13_14-09-57 11120
2020-07-13_14-09-57 11140
2020-07-13_14-09-57 11120
2020-07-13_14-09-57 11120
2020-07-13_14-09-57 11120
2020-07-13_14-09-57 11130
2020-07-13_14-09-57 11120
2020-07-13_14-09-57 11120
2020-07-13_14-09-57 11130
2020-07-13_14-09-57 11130
2020-07-13_14-09-57 11130
2020-07-13_14-09-57 11120
2020-07-13_14-09-57 11120
2020-07-13_14-09-57 11120
2020-07-13_14-09-57 11130
2020-07-13_14-09-57 11130
2020-07-13_14-09-57 11130
2020-07-13_14-09-57 11130
2020-07-13_14-09-57 11130
2020-07-13_14-09-57 11120
2020-07-13_14-09-57 11120
2020-07-13_14-09-57 11120
2020-07-13_14-09-57 11120
2020-07-13_14-09-57 11120
2020-07-13_14-09-57 11110
2020-07-13_14-09-57 11120
2020-07-13_14-09-57 11120
2020-07-13_14-09-57 11120
2020-07-13_14-09-57 11120
2020-07-13_14-09-57 11120
2020-07-13_14-09-57 11120
2020-07-13_14-09-57 11120
2020-07-13_14-09-57 11110
2020-07-13_14-09-57 11110
2020-07-13_14-09-57 11110
2020-07-13_14-09-57 11120
2020-07-13_14-09-57 11120
2020-07-13_14-09-57 11110
2020-07-13_14-09-57 11120
2020-07-13_14-09-57 11120
2020-07-13_14-09-57 11120
2020-07-13_14-09-57 11120
2020-07-13_14-09-57 11120
2020-07-13_14-09-57 11120
2020-07-13_14-09-57 11120
2020-07-13_14-09-57 11120
2020-07-13_14-09-57 11120
2020-07-13_14-09-57 11120
2020-07-13_14-09-57 11120
2020-07-13_14-09-57 11120
2020-07-13_14-09-57 11120
2020-07-13_14-09-57 11120
2020-07-13_14-09-57 11120
2020-07-13_14-09-57 11120
2020-07-13_14-09-57 11130
2020-07-13_14-09-57 11120
2020-07-13_14-09-57 11130
2020-07-13_14-09-57 11120
2020-07-13_14-09-57 11110
2020-07-13_14-09-57 11100
2020-07-13_14-09-57 11090
2020-07-13_14-09-57 11100
2020-07-13_14-09-57 11040
2020-07-13_14-09-57 10990
2020-07-13_14-09-57 10980
2020-07-13_14-09-57 11020
2020-07-13_14-09-57 11040
2020-07-13_14-09-57 10970
2020-07-13_14-09-57 10960
2020-07-13_14-09-57 10960
2020-07-13_14-09-57 11050
2020-07-13_14-09-57 11090
2020-07-13_14-09-57 11110
2020-07-13_14-09-57 11110
2020-07-13_14-09-57 11080
2020-07-13_14-09-57 11070
2020-07-13_14-09-57 11040
2020-07-13_14-09-57 11030
2020-07-13_14-09-57 11030
2020-07-13_14-09-57 11060
2020-07-13_14-09-57 11290
2020-07-13_14-09-57 11920
2020-07-13_14-09-57 12820
2020-07-13_14-09-57 13620
2020-07-13_14-09-57 13970
2020-07-13_14-09-57 14050
2020-07-13_14-09-57 13820
2020-07-13_14-09-57 12930
2020-07-13_14-09-57 11460
2020-07-13_14-09-57 10030
2020-07-13_14-09-57 9300
2020-07-13_14-09-57 9230
2020-07-13_14-09-57 9220
2020-07-13_14-09-57 9270
2020-07-13_14-09-57 9200
2020-07-13_14-09-57 9210
2020-07-13_14-09-57 9220
2020-07-13_14-09-57 9190
2020-07-13_14-09-57 9240
2020-07-13_14-09-57 9190
2020-07-13_14-09-57 9190
2020-07-13_14-09-57 9160
2020-07-13_14-09-57 9140
2020-07-13_14-09-57 9140
2020-07-13_14-09-57 9070
2020-07-13_14-09-57 9080
2020-07-13_14-09-57 9030
2020-07-13_14-09-57 9030
2020-07-13_14-09-57 9060
2020-07-13_14-09-57 9070
2020-07-13_14-09-57 9110
2020-07-13_14-09-57 9070
2020-07-13_14-09-57 9170
2020-07-13_14-09-57 9480
2020-07-13_14-09-57 10190
2020-07-13_14-09-57 10870
2020-07-13_14-09-57 11190
2020-07-13_14-09-57 11110
2020-07-13_14-09-57 10930
2020-07-13_14-09-57 10910
2020-07-13_14-09-57 10820
2020-07-13_14-09-57 10520
2020-07-13_14-09-57 10170
2020-07-13_14-09-57 9750
2020-07-13_14-09-57 9800
2020-07-13_14-09-57 9670
2020-07-13_14-09-57 9860
2020-07-13_14-09-57 9680
2020-07-13_14-09-57 9250
2020-07-13_14-09-57 8160
2020-07-13_14-09-57 7290
2020-07-13_14-09-57 6800
2020-07-13_14-09-57 6810
2020-07-13_14-09-57 6750
2020-07-13_14-09-57 6780
2020-07-13_14-09-57 6770
2020-07-13_14-09-57 6800
2020-07-13_14-09-57 6790
2020-07-13_14-09-57 6800
2020-07-13_14-09-57 6790
2020-07-13_14-09-57 6800
2020-07-13_14-09-57 6800
2020-07-13_14-09-57 6800
2020-07-13_14-09-57 6800
2020-07-13_14-09-57 6800
2020-07-13_14-09-57 6790
2020-07-13_14-09-57 6800
2020-07-13_14-09-57 6800
2020-07-13_14-09-57 6810
2020-07-13_14-09-57 6810
2020-07-13_14-09-57 6810
2020-07-13_14-09-57 6810
2020-07-13_14-09-57 6810
2020-07-13_14-09-57 6810
2020-07-13_14-09-57 6800
2020-07-13_14-09-57 6800
2020-07-13_14-09-57 6800
2020-07-13_14-09-57 6790
2020-07-13_14-09-57 6740
2020-07-13_14-09-57 6750
2020-07-13_14-09-57 6710
2020-07-13_14-09-57 6740
2020-07-13_14-09-57 6710
2020-07-13_14-09-57 6710
2020-07-13_14-09-57 6740
2020-07-13_14-09-57 6790
2020-07-13_14-09-57 6830
2020-07-13_14-09-57 6820
2020-07-13_14-09-57 6790
2020-07-13_14-09-57 6790
2020-07-13_14-09-57 6790
2020-07-13_14-09-57 6800
2020-07-13_14-09-57 6800
2020-07-13_14-09-57 6810
2020-07-13_14-09-57 6790
2020-07-13_14-09-57 6800
2020-07-13_14-09-57 6790
2020-07-13_14-09-57 6810
2020-07-13_14-09-57 6790
2020-07-13_14-09-57 6810
2020-07-13_14-09-57 6790
2020-07-13_14-09-57 6800
2020-07-13_14-09-57 6790
2020-07-13_14-09-57 6810
2020-07-13_14-09-57 6800
2020-07-13_14-09-57 6810
2020-07-13_14-09-57 6810
2020-07-13_14-09-57 6810
2020-07-13_14-09-57 6810
2020-07-13_14-09-57 6810
2020-07-13_14-09-57 6810
2020-07-13_14-09-57 6810
2020-07-13_14-09-57 6800
2020-07-13_14-09-57 6800
2020-07-13_14-09-57 6800
2020-07-13_14-09-57 6810
2020-07-13_14-09-57 6810
2020-07-13_14-09-57 6810
2020-07-13_14-09-57 6800
2020-07-13_14-09-57 6800
2020-07-13_14-09-57 6800
2020-07-13_14-09-57 6800
2020-07-13_14-09-57 6800
2020-07-13_14-09-57 6800
2020-07-13_14-09-57 6810
2020-07-13_14-09-57 6810
2020-07-13_14-09-57 6800
2020-07-13_14-09-57 6800
2020-07-13_14-09-57 6800
2020-07-13_14-09-57 6800
2020-07-13_14-09-57 6800
2020-07-13_14-09-57 6800
2020-07-13_14-09-57 6800
2020-07-13_14-09-57 6800
2020-07-13_14-09-57 6800
2020-07-13_14-09-57 6800
2020-07-13_14-09-57 6800
2020-07-13_14-09-57 6810
2020-07-13_14-09-57 6810
2020-07-13_14-09-57 6810
2020-07-13_14-09-57 6810
2020-07-13_14-09-57 6800
2020-07-13_14-09-57 6800
2020-07-13_14-09-57 6800
2020-07-13_14-09-57 6810
2020-07-13_14-09-57 6810
2020-07-13_14-09-57 6810
2020-07-13_14-09-57 6810
2020-07-13_14-09-57 6810
2020-07-13_14-09-57 6810
2020-07-13_14-09-57 6810
2020-07-13_14-09-57 6810
2020-07-13_14-09-57 6810
2020-07-13_14-09-57 6810
2020-07-13_14-09-57 6810
2020-07-13_14-09-57 6810
2020-07-13_14-09-57 6810
2020-07-13_14-09-57 6810
2020-07-13_14-09-57 6810
2020-07-13_14-09-57 6810
2020-07-13_14-09-57 6810
2020-07-13_14-09-57 6810
2020-07-13_14-09-57 6810
2020-07-13_14-09-57 6810
2020-07-13_14-09-57 6810
2020-07-13_14-09-57 6810
2020-07-13_14-09-57 6810
2020-07-13_14-09-57 6800
2020-07-13_14-09-57 6800
2020-07-13_14-09-57 6800
2020-07-13_14-09-57 6800
2020-07-13_14-09-57 6810
2020-07-13_14-09-57 6810
2020-07-13_14-09-57 6810
2020-07-13_14-09-57 6810
2020-07-13_14-09-57 6810
2020-07-13_14-09-57 6810
2020-07-13_14-09-57 6810
2020-07-13_14-09-57 6810
2020-07-13_14-09-57 6810
2020-07-13_14-09-57 6810
2020-07-13_14-09-57 6810
2020-07-13_14-09-57 6810
2020-07-13_14-09-57 6810
2020-07-13_14-09-57 6810
2020-07-13_14-09-57 6810
2020-07-13_14-09-57 6810
2020-07-13_14-09-57 6810
2020-07-13_14-09-57 6810
2020-07-13_14-09-57 6810
2020-07-13_14-09-57 6810
2020-07-13_14-09-57 6810
2020-07-13_14-09-57 6810
2020-07-13_14-09-57 6810
2020-07-13_14-09-57 6800
2020-07-13_14-09-57 6800
2020-07-13_14-09-57 6810
2020-07-13_14-09-57 6810
2020-07-13_14-09-57 6810
2020-07-13_14-09-57 6810
2020-07-13_14-09-57 6810
2020-07-13_14-09-57 6810
2020-07-13_14-09-57 6810
2020-07-13_14-09-57 6810
2020-07-13_14-09-57 6810
2020-07-13_14-09-57 6810
2020-07-13_14-09-57 6810
2020-07-13_14-09-57 6810
2020-07-13_14-09-57 6810
2020-07-13_14-09-57 6810
2020-07-13_14-09-57 6810
2020-07-13_14-09-57 6810
2020-07-13_14-09-57 6810
2020-07-13_14-09-57 6810
2020-07-13_14-09-57 6810
2020-07-13_14-09-57 6810
2020-07-13_14-09-57 6810
2020-07-13_14-09-57 6810
2020-07-13_14-09-57 6810
2020-07-13_14-09-57 6810
2020-07-13_14-09-57 6810
2020-07-13_14-09-57 6810
2020-07-13_14-09-57 6810
2020-07-13_14-09-57 6810
2020-07-13_14-09-57 6810
2020-07-13_14-09-57 6810
2020-07-13_14-09-57 6810
2020-07-13_14-09-57 6810
2020-07-13_14-09-57 6810
2020-07-13_14-09-57 6810
2020-07-13_14-09-57 6810
2020-07-13_14-09-57 6810
2020-07-13_14-09-57 6810
2020-07-13_14-09-57 6810
2020-07-13_14-09-57 6810
2020-07-13_14-09-57 6810
2020-07-13_14-09-57 6810
2020-07-13_14-09-57 6810
2020-07-13_14-09-57 6810
2020-07-13_14-09-57 6810
2020-07-13_14-09-57 6810
2020-07-13_14-09-57 6810
2020-07-13_14-09-57 6810
2020-07-13_14-09-57 6810
2020-07-13_14-09-57 6810
2020-07-13_14-09-57 6810
2020-07-13_14-09-57 6810
2020-07-13_14-09-57 6810
2020-07-13_14-09-57 6810
2020-07-13_14-09-57 6810
2020-07-13_14-09-57 6810
2020-07-13_14-09-57 6800
2020-07-13_14-09-57 6800
2020-07-13_14-09-57 6800
2020-07-13_14-09-57 6800
2020-07-13_14-09-57 6800
2020-07-13_14-09-57 6800
2020-07-13_14-09-57 6810
2020-07-13_14-09-57 6810
2020-07-13_14-09-57 6810
2020-07-13_14-09-57 6810
2020-07-13_14-09-57 6810
2020-07-13_14-09-57 6810
2020-07-13_14-09-57 6810
2020-07-13_14-09-57 6810
2020-07-13_14-09-57 6810
2020-07-13_14-09-57 6810
2020-07-13_14-09-57 6810
2020-07-13_14-09-57 6810
2020-07-13_14-09-57 6810
2020-07-13_14-09-57 6810
2020-07-13_14-09-57 6810
2020-07-13_14-09-57 6810
2020-07-13_14-09-57 6800
2020-07-13_14-09-57 6800
2020-07-13_14-09-57 6800
2020-07-13_14-09-57 6800
2020-07-13_14-09-57 6800
2020-07-13_14-09-57 6810
2020-07-13_14-09-57 6810
2020-07-13_14-09-57 6810
2020-07-13_14-09-57 6810
2020-07-13_14-09-57 6810
2020-07-13_14-09-57 6810
2020-07-13_14-09-57 6810
2020-07-13_14-09-57 6810
2020-07-13_14-09-57 6810
2020-07-13_14-09-57 6810
2020-07-13_14-09-57 6800
2020-07-13_14-09-57 6800
2020-07-13_14-09-57 6800
2020-07-13_14-09-57 6800
2020-07-13_14-09-57 6810
2020-07-13_14-09-57 6810
2020-07-13_14-09-57 6810
2020-07-13_14-09-57 6810
2020-07-13_14-09-57 6810
2020-07-13_14-09-57 6810
2020-07-13_14-09-57 6810
2020-07-13_14-09-57 6810
2020-07-13_14-09-57 6800
2020-07-13_14-09-57 6800
2020-07-13_14-09-57 6800
2020-07-13_14-09-57 6810
2020-07-13_14-09-57 6810
2020-07-13_14-09-57 6810
2020-07-13_14-09-57 6810
2020-07-13_14-09-57 6810
2020-07-13_14-09-57 6810
2020-07-13_14-09-57 6810
2020-07-13_14-09-57 6810
2020-07-13_14-09-57 6810
2020-07-13_14-09-57 6810
2020-07-13_14-09-57 6810
2020-07-13_14-09-57 6810
2020-07-13_14-09-58 6810
2020-07-13_14-09-58 6810
2020-07-13_14-09-58 6810
2020-07-13_14-09-58 6810
2020-07-13_14-09-58 6810
2020-07-13_14-09-58 6810
2020-07-13_14-09-58 6800
2020-07-13_14-09-58 6800
2020-07-13_14-09-58 6800
2020-07-13_14-09-58 6800
2020-07-13_14-09-58 6800
2020-07-13_14-09-58 6800
2020-07-13_14-09-58 6800
2020-07-13_14-09-58 6810
2020-07-13_14-09-58 6810
2020-07-13_14-09-58 6810
2020-07-13_14-09-58 6810
2020-07-13_14-09-58 6810
2020-07-13_14-09-58 6810
2020-07-13_14-09-58 6800
2020-07-13_14-09-58 6800
2020-07-13_14-09-58 6800
2020-07-13_14-09-58 6810
2020-07-13_14-09-58 6810
2020-07-13_14-09-58 6810
2020-07-13_14-09-58 6810
2020-07-13_14-09-58 6800
2020-07-13_14-09-58 6800
2020-07-13_14-09-58 6800
2020-07-13_14-09-58 6800
2020-07-13_14-09-58 6800
2020-07-13_14-09-58 6800
2020-07-13_14-09-58 6800
2020-07-13_14-09-58 6800
2020-07-13_14-09-58 6800
2020-07-13_14-09-58 6800
2020-07-13_14-09-58 6800
2020-07-13_14-09-58 6800
2020-07-13_14-09-58 6810
2020-07-13_14-09-58 6820
2020-07-13_14-09-58 6820
2020-07-13_14-09-58 6810
2020-07-13_14-09-58 6800
2020-07-13_14-09-58 6800
2020-07-13_14-09-58 6800
2020-07-13_14-09-58 6800
2020-07-13_14-09-58 6800
2020-07-13_14-09-58 6810
2020-07-13_14-09-58 6810
2020-07-13_14-09-58 6810
2020-07-13_14-09-58 6800
2020-07-13_14-09-58 6800
2020-07-13_14-09-58 6800
2020-07-13_14-09-58 6810
2020-07-13_14-09-58 6800
2020-07-13_14-09-58 6810
2020-07-13_14-09-58 6800
2020-07-13_14-09-58 6810
2020-07-13_14-09-58 6810
2020-07-13_14-09-58 6810
2020-07-13_14-09-58 6810
2020-07-13_14-09-58 6810
2020-07-13_14-09-58 6810
2020-07-13_14-09-58 6810
2020-07-13_14-09-58 6810
2020-07-13_14-09-58 6810
2020-07-13_14-09-58 6810
2020-07-13_14-09-58 6810
2020-07-13_14-09-58 6810
2020-07-13_14-09-58 6810
2020-07-13_14-09-58 6810
2020-07-13_14-09-58 6810
2020-07-13_14-09-58 6810
2020-07-13_14-09-58 6810
2020-07-13_14-09-58 6810
2020-07-13_14-09-58 6810
2020-07-13_14-09-58 6810
2020-07-13_14-09-58 6810
2020-07-13_14-09-58 6810
2020-07-13_14-09-58 6810
2020-07-13_14-09-58 6810
2020-07-13_14-09-58 6810
2020-07-13_14-09-58 6800
2020-07-13_14-09-58 6800
2020-07-13_14-09-58 6810
2020-07-13_14-09-58 6810
2020-07-13_14-09-58 6810
2020-07-13_14-09-58 6810
2020-07-13_14-09-58 6810
2020-07-13_14-09-58 6810
2020-07-13_14-09-58 6810
2020-07-13_14-09-58 6810
2020-07-13_14-09-58 6810
2020-07-13_14-09-58 6810
2020-07-13_14-09-58 6810
2020-07-13_14-09-58 6810
2020-07-13_14-09-58 6800
2020-07-13_14-09-58 6800
2020-07-13_14-09-58 6800
2020-07-13_14-09-58 6800
2020-07-13_14-09-58 6800
2020-07-13_14-09-58 6800
2020-07-13_14-09-58 6810
2020-07-13_14-09-58 6810
2020-07-13_14-09-58 6810
2020-07-13_14-09-58 6810
2020-07-13_14-09-58 6810
2020-07-13_14-09-58 6810
2020-07-13_14-09-58 6810
2020-07-13_14-09-58 6810
2020-07-13_14-09-58 6810
2020-07-13_14-09-58 6810
2020-07-13_14-09-58 6810
2020-07-13_14-09-58 6810
2020-07-13_14-09-58 6810
2020-07-13_14-09-58 6810
2020-07-13_14-09-58 6810
2020-07-13_14-09-58 6810
2020-07-13_14-09-58 6810
2020-07-13_14-09-58 6810
2020-07-13_14-09-58 6810
2020-07-13_14-09-58 6810
2020-07-13_14-09-58 6810
2020-07-13_14-09-58 6810
2020-07-13_14-09-58 6810
2020-07-13_14-09-58 6810
2020-07-13_14-09-58 6810
2020-07-13_14-09-58 6810
2020-07-13_14-09-58 6810
2020-07-13_14-09-58 6810
2020-07-13_14-09-58 6810
2020-07-13_14-09-58 6810
2020-07-13_14-09-58 6810
2020-07-13_14-09-58 6810
2020-07-13_14-09-58 6810
2020-07-13_14-09-58 6810
2020-07-13_14-09-58 6810
2020-07-13_14-09-58 6810
2020-07-13_14-09-58 6810
2020-07-13_14-09-58 6810
2020-07-13_14-09-58 6810
2020-07-13_14-09-58 6810
2020-07-13_14-09-58 6810
2020-07-13_14-09-58 6810
2020-07-13_14-09-58 6810
2020-07-13_14-09-58 6810
2020-07-13_14-09-58 6810
2020-07-13_14-09-58 6810
2020-07-13_14-09-58 6810
2020-07-13_14-09-58 6810
2020-07-13_14-09-58 6810
2020-07-13_14-09-58 6810
2020-07-13_14-09-58 6810
2020-07-13_14-09-58 6810
2020-07-13_14-09-58 6810
2020-07-13_14-09-58 6810
2020-07-13_14-09-58 6810
2020-07-13_14-09-58 6810
2020-07-13_14-09-58 6810
2020-07-13_14-09-58 6810
2020-07-13_14-09-58 6810
2020-07-13_14-09-58 6810
2020-07-13_14-09-58 6810
2020-07-13_14-09-58 6810
2020-07-13_14-09-58 6810
2020-07-13_14-09-58 6810
2020-07-13_14-09-58 6810
2020-07-13_14-09-58 6810
2020-07-13_14-09-58 6810
2020-07-13_14-09-58 6810
2020-07-13_14-09-58 6810
2020-07-13_14-09-58 6810
2020-07-13_14-09-58 6810
2020-07-13_14-09-58 6810
2020-07-13_14-09-58 6810
2020-07-13_14-09-58 6810
2020-07-13_14-09-58 6810
2020-07-13_14-09-58 6810
2020-07-13_14-09-58 6810
2020-07-13_14-09-58 6810
2020-07-13_14-09-58 6810
2020-07-13_14-09-58 6810
2020-07-13_14-09-58 6810
2020-07-13_14-09-58 6810
2020-07-13_14-09-58 6800
2020-07-13_14-09-58 6800
2020-07-13_14-09-58 6800
2020-07-13_14-09-58 6810
2020-07-13_14-09-58 6810
2020-07-13_14-09-58 6810
2020-07-13_14-09-58 6810
2020-07-13_14-09-58 6810
2020-07-13_14-09-58 6810
2020-07-13_14-09-58 6810
2020-07-13_14-09-58 6810
2020-07-13_14-09-58 6810
2020-07-13_14-09-58 6810
2020-07-13_14-09-58 6810
2020-07-13_14-09-58 6810
2020-07-13_14-09-58 6810
2020-07-13_14-09-58 6810
2020-07-13_14-09-58 6810
2020-07-13_14-09-58 6810
2020-07-13_14-09-58 6810
2020-07-13_14-09-58 6810
2020-07-13_14-09-58 6810
2020-07-13_14-09-58 6810
2020-07-13_14-09-58 6810
2020-07-13_14-09-58 6800
2020-07-13_14-09-58 6800
2020-07-13_14-09-58 6800
2020-07-13_14-09-58 6810
2020-07-13_14-09-58 6810
2020-07-13_14-09-58 6810
2020-07-13_14-09-58 6800
2020-07-13_14-09-58 6800
2020-07-13_14-09-58 6800
2020-07-13_14-09-58 6800
2020-07-13_14-09-58 6800
2020-07-13_14-09-58 6800
2020-07-13_14-09-58 6800
2020-07-13_14-09-58 6800
2020-07-13_14-09-58 6800
2020-07-13_14-09-58 6800
2020-07-13_14-09-58 6800
2020-07-13_14-09-58 6800
2020-07-13_14-09-58 6800
2020-07-13_14-09-58 6800
2020-07-13_14-09-58 6800
2020-07-13_14-09-58 6800
2020-07-13_14-09-58 6800
2020-07-13_14-09-58 6800
2020-07-13_14-09-58 6800
2020-07-13_14-09-58 6800
2020-07-13_14-09-58 6800
2020-07-13_14-09-58 6800
2020-07-13_14-09-58 6800
2020-07-13_14-09-58 6800
2020-07-13_14-09-58 6800
2020-07-13_14-09-58 6800
2020-07-13_14-09-58 6800
2020-07-13_14-09-58 6800
2020-07-13_14-09-58 6800
2020-07-13_14-09-58 6800
2020-07-13_14-09-58 6800
2020-07-13_14-09-58 6800
2020-07-13_14-09-58 6800
2020-07-13_14-09-58 6800
2020-07-13_14-09-58 6800
2020-07-13_14-09-58 6800
2020-07-13_14-09-58 6800
2020-07-13_14-09-58 6800
2020-07-13_14-09-58 6800
2020-07-13_14-09-58 6800
2020-07-13_14-09-58 6800
2020-07-13_14-09-58 6800
2020-07-13_14-09-58 6800
2020-07-13_14-09-58 6800
2020-07-13_14-09-58 6800
2020-07-13_14-09-58 6800
2020-07-13_14-09-58 6800
2020-07-13_14-09-58 6810
2020-07-13_14-09-58 6810
2020-07-13_14-09-58 6810
2020-07-13_14-09-58 6820
2020-07-13_14-09-58 6810
2020-07-13_14-09-58 6810
2020-07-13_14-09-58 6800
2020-07-13_14-09-58 6800
2020-07-13_14-09-58 6800
2020-07-13_14-09-58 6800
2020-07-13_14-09-58 6800
2020-07-13_14-09-58 6810
2020-07-13_14-09-58 6810
2020-07-13_14-09-58 6810
2020-07-13_14-09-58 6810
2020-07-13_14-09-58 6810
2020-07-13_14-09-58 6810
2020-07-13_14-09-58 6800
2020-07-13_14-09-58 6800
2020-07-13_14-09-58 6810
2020-07-13_14-09-58 6810
2020-07-13_14-09-58 6810
2020-07-13_14-09-58 6810
2020-07-13_14-09-58 6810
2020-07-13_14-09-58 6810
2020-07-13_14-09-58 6810
2020-07-13_14-09-58 6810
2020-07-13_14-09-58 6810
2020-07-13_14-09-58 6810
2020-07-13_14-09-58 6810
2020-07-13_14-09-58 6810
2020-07-13_14-09-58 6810
2020-07-13_14-09-58 6810
2020-07-13_14-09-58 6810
2020-07-13_14-09-58 6810
2020-07-13_14-09-58 6810
2020-07-13_14-09-58 6810
2020-07-13_14-09-58 6810
2020-07-13_14-09-58 6810
2020-07-13_14-09-58 6810
2020-07-13_14-09-58 6810
2020-07-13_14-09-58 6810
2020-07-13_14-09-58 6810
2020-07-13_14-09-58 6810
2020-07-13_14-09-58 6810
2020-07-13_14-09-58 6810
2020-07-13_14-09-58 6800
2020-07-13_14-09-58 6800
2020-07-13_14-09-58 6800
2020-07-13_14-09-58 6800
2020-07-13_14-09-58 6800
2020-07-13_14-09-58 6810
2020-07-13_14-09-58 6810
2020-07-13_14-09-58 6810
2020-07-13_14-09-58 6810
2020-07-13_14-09-58 6810
2020-07-13_14-09-58 6810
2020-07-13_14-09-58 6810
2020-07-13_14-09-58 6810
2020-07-13_14-09-58 6810
2020-07-13_14-09-58 6810
2020-07-13_14-09-58 6800
2020-07-13_14-09-58 6800
2020-07-13_14-09-58 6800
2020-07-13_14-09-58 6810
2020-07-13_14-09-58 6810
2020-07-13_14-09-58 6810
2020-07-13_14-09-58 6810
2020-07-13_14-09-58 6810
2020-07-13_14-09-58 6810
2020-07-13_14-09-58 6810
2020-07-13_14-09-58 6810
2020-07-13_14-09-58 6810
2020-07-13_14-09-58 6810
2020-07-13_14-09-58 6810
2020-07-13_14-09-58 6810
2020-07-13_14-09-58 6810
2020-07-13_14-09-58 6810
2020-07-13_14-09-58 6800
2020-07-13_14-09-58 6800
2020-07-13_14-09-58 6800
2020-07-13_14-09-58 6800
2020-07-13_14-09-58 6800
2020-07-13_14-09-58 6800
2020-07-13_14-09-58 6810
2020-07-13_14-09-58 6810
2020-07-13_14-09-58 6800
2020-07-13_14-09-58 6800
2020-07-13_14-09-58 6800
2020-07-13_14-09-58 6800
2020-07-13_14-09-58 6800
2020-07-13_14-09-58 6800
2020-07-13_14-09-58 6800
2020-07-13_14-09-58 6810
2020-07-13_14-09-58 6820
2020-07-13_14-09-58 6840
2020-07-13_14-09-58 6840
2020-07-13_14-09-58 6850
2020-07-13_14-09-58 6860
2020-07-13_14-09-58 6870
2020-07-13_14-09-58 6880
2020-07-13_14-09-58 6880
2020-07-13_14-09-58 6870
2020-07-13_14-09-58 6870
2020-07-13_14-09-58 6850
2020-07-13_14-09-58 6850
2020-07-13_14-09-58 6840
2020-07-13_14-09-58 6840
2020-07-13_14-09-58 6820
2020-07-13_14-09-58 6830
2020-07-13_14-09-58 6830
2020-07-13_14-09-58 6610
2020-07-13_14-09-58 5810
2020-07-13_14-09-58 4850
2020-07-13_14-09-58 4130
2020-07-13_14-09-58 3950
2020-07-13_14-09-58 3960
2020-07-13_14-09-58 3960
2020-07-13_14-09-58 3990
2020-07-13_14-09-58 3980
2020-07-13_14-09-58 3980
2020-07-13_14-09-58 3980
2020-07-13_14-09-58 4010
2020-07-13_14-09-58 4010
2020-07-13_14-09-58 4040
2020-07-13_14-09-58 4050
2020-07-13_14-09-58 4070
2020-07-13_14-09-58 4070
2020-07-13_14-09-58 4070
2020-07-13_14-09-58 4090
2020-07-13_14-09-58 4070
2020-07-13_14-09-58 4100
2020-07-13_14-09-58 4090
2020-07-13_14-09-58 4120
2020-07-13_14-09-58 4110
2020-07-13_14-09-58 4120
2020-07-13_14-09-58 3750
2020-07-13_14-09-58 2920
2020-07-13_14-09-58 2020
2020-07-13_14-09-58 1640
2020-07-13_14-09-58 1680
2020-07-13_14-09-58 1590
2020-07-13_14-09-58 1000
