2020-07-13_14-11-15 5710
2020-07-13_14-11-15 5710
2020-07-13_14-11-15 5710
2020-07-13_14-11-15 5710
2020-07-13_14-11-15 5710
2020-07-13_14-11-15 5710
2020-07-13_14-11-15 5710
2020-07-13_14-11-15 5710
2020-07-13_14-11-15 5710
2020-07-13_14-11-15 5710
2020-07-13_14-11-15 5710
2020-07-13_14-11-15 5710
2020-07-13_14-11-15 5710
2020-07-13_14-11-15 5710
2020-07-13_14-11-15 5710
2020-07-13_14-11-15 5710
2020-07-13_14-11-15 5710
2020-07-13_14-11-15 5710
2020-07-13_14-11-15 5720
2020-07-13_14-11-15 5710
2020-07-13_14-11-15 5720
2020-07-13_14-11-15 5720
2020-07-13_14-11-15 5710
2020-07-13_14-11-15 5710
2020-07-13_14-11-15 5720
2020-07-13_14-11-15 5720
2020-07-13_14-11-15 5720
2020-07-13_14-11-15 5720
2020-07-13_14-11-15 5720
2020-07-13_14-11-15 5720
2020-07-13_14-11-15 5710
2020-07-13_14-11-15 5720
2020-07-13_14-11-15 5720
2020-07-13_14-11-15 5720
2020-07-13_14-11-15 5720
2020-07-13_14-11-15 5710
2020-07-13_14-11-15 5710
2020-07-13_14-11-15 5720
2020-07-13_14-11-15 5720
2020-07-13_14-11-15 5720
2020-07-13_14-11-15 5720
2020-07-13_14-11-15 5720
2020-07-13_14-11-15 5710
2020-07-13_14-11-15 5710
2020-07-13_14-11-15 5700
2020-07-13_14-11-15 5710
2020-07-13_14-11-15 5700
2020-07-13_14-11-15 5710
2020-07-13_14-11-15 5710
2020-07-13_14-11-15 5710
2020-07-13_14-11-15 5710
2020-07-13_14-11-15 5700
2020-07-13_14-11-15 5710
2020-07-13_14-11-15 5720
2020-07-13_14-11-15 5710
2020-07-13_14-11-15 5710
2020-07-13_14-11-15 5720
2020-07-13_14-11-15 5700
2020-07-13_14-11-15 5720
2020-07-13_14-11-15 5710
2020-07-13_14-11-15 5710
2020-07-13_14-11-15 5710
2020-07-13_14-11-15 5690
2020-07-13_14-11-15 5710
2020-07-13_14-11-15 5710
2020-07-13_14-11-15 5710
2020-07-13_14-11-15 5670
2020-07-13_14-11-15 5710
2020-07-13_14-11-15 5740
2020-07-13_14-11-15 5700
2020-07-13_14-11-15 5710
2020-07-13_14-11-15 5700
2020-07-13_14-11-15 4790
2020-07-13_14-11-15 3930
2020-07-13_14-11-15 3910
2020-07-13_14-11-15 3900
2020-07-13_14-11-15 3850
2020-07-13_14-11-15 3890
2020-07-13_14-11-15 3910
2020-07-13_14-11-15 3900
2020-07-13_14-11-15 3450
2020-07-13_14-11-15 1000
