2020-07-13_14-10-55 1000
2020-07-13_14-10-55 1170
2020-07-13_14-10-55 1290
2020-07-13_14-10-55 1410
2020-07-13_14-10-55 1630
2020-07-13_14-10-55 1900
2020-07-13_14-10-55 2150
2020-07-13_14-10-55 2280
2020-07-13_14-10-55 2350
2020-07-13_14-10-55 2390
2020-07-13_14-10-55 2400
2020-07-13_14-10-55 2380
2020-07-13_14-10-55 2350
2020-07-13_14-10-55 2340
2020-07-13_14-10-55 2350
2020-07-13_14-10-55 2360
2020-07-13_14-10-55 2360
2020-07-13_14-10-55 2360
2020-07-13_14-10-55 2350
2020-07-13_14-10-55 2350
2020-07-13_14-10-55 2350
2020-07-13_14-10-55 2350
2020-07-13_14-10-55 2350
2020-07-13_14-10-55 2350
2020-07-13_14-10-55 2000
2020-07-13_14-10-55 1580
2020-07-13_14-10-55 1170
2020-07-13_14-10-55 1100
2020-07-13_14-10-55 1100
2020-07-13_14-10-56 970
