2020-07-13_14-09-55 1170
2020-07-13_14-09-55 2260
2020-07-13_14-09-55 3190
2020-07-13_14-09-55 2920
2020-07-13_14-09-55 2810
2020-07-13_14-09-55 2960
2020-07-13_14-09-55 3110
2020-07-13_14-09-55 3050
2020-07-13_14-09-55 2920
2020-07-13_14-09-55 2890
2020-07-13_14-09-55 2950
2020-07-13_14-09-55 2930
2020-07-13_14-09-55 2810
2020-07-13_14-09-55 2660
2020-07-13_14-09-55 2640
2020-07-13_14-09-55 3920
2020-07-13_14-09-55 7580
2020-07-13_14-09-55 11700
2020-07-13_14-09-55 13900
2020-07-13_14-09-55 13440
2020-07-13_14-09-55 12800
2020-07-13_14-09-55 13160
2020-07-13_14-09-55 13630
2020-07-13_14-09-55 13440
2020-07-13_14-09-55 13070
2020-07-13_14-09-55 13200
2020-07-13_14-09-55 13520
2020-07-13_14-09-55 13420
2020-07-13_14-09-55 13150
2020-07-13_14-09-55 13240
2020-07-13_14-09-55 13470
2020-07-13_14-09-55 13400
2020-07-13_14-09-55 13210
2020-07-13_14-09-55 13270
2020-07-13_14-09-55 13430
2020-07-13_14-09-55 13370
2020-07-13_14-09-55 13230
2020-07-13_14-09-55 13280
2020-07-13_14-09-55 13390
2020-07-13_14-09-55 13350
2020-07-13_14-09-55 13270
2020-07-13_14-09-55 13310
2020-07-13_14-09-55 13370
2020-07-13_14-09-55 13330
2020-07-13_14-09-55 13280
2020-07-13_14-09-55 13340
2020-07-13_14-09-55 13380
2020-07-13_14-09-55 13320
2020-07-13_14-09-55 13280
2020-07-13_14-09-55 13330
2020-07-13_14-09-55 13360
2020-07-13_14-09-55 13320
2020-07-13_14-09-55 13300
2020-07-13_14-09-55 13340
2020-07-13_14-09-55 13360
2020-07-13_14-09-55 13340
2020-07-13_14-09-55 13330
2020-07-13_14-09-55 13350
2020-07-13_14-09-55 13350
2020-07-13_14-09-55 13330
2020-07-13_14-09-55 13330
2020-07-13_14-09-55 13330
2020-07-13_14-09-55 13330
2020-07-13_14-09-55 13330
2020-07-13_14-09-55 13330
2020-07-13_14-09-55 13330
2020-07-13_14-09-55 13330
2020-07-13_14-09-55 13340
2020-07-13_14-09-55 13330
2020-07-13_14-09-55 13330
2020-07-13_14-09-55 13340
2020-07-13_14-09-55 13340
2020-07-13_14-09-55 13320
2020-07-13_14-09-55 13320
2020-07-13_14-09-55 13340
2020-07-13_14-09-55 13330
2020-07-13_14-09-55 13320
2020-07-13_14-09-55 13330
2020-07-13_14-09-55 13350
2020-07-13_14-09-55 13340
2020-07-13_14-09-55 13320
2020-07-13_14-09-55 13330
2020-07-13_14-09-55 13340
2020-07-13_14-09-55 13340
2020-07-13_14-09-55 13320
2020-07-13_14-09-55 13330
2020-07-13_14-09-55 13340
2020-07-13_14-09-55 13330
2020-07-13_14-09-55 13320
2020-07-13_14-09-55 13330
2020-07-13_14-09-55 13330
2020-07-13_14-09-55 13330
2020-07-13_14-09-55 13330
2020-07-13_14-09-55 13350
2020-07-13_14-09-55 13350
2020-07-13_14-09-55 13330
2020-07-13_14-09-55 13300
2020-07-13_14-09-55 13290
2020-07-13_14-09-55 13310
2020-07-13_14-09-55 13330
2020-07-13_14-09-55 13320
2020-07-13_14-09-55 13320
2020-07-13_14-09-55 13320
2020-07-13_14-09-55 13320
2020-07-13_14-09-55 13320
2020-07-13_14-09-55 13320
2020-07-13_14-09-55 13330
2020-07-13_14-09-55 13330
2020-07-13_14-09-55 13320
2020-07-13_14-09-55 13300
2020-07-13_14-09-55 13310
2020-07-13_14-09-55 13300
2020-07-13_14-09-55 13310
2020-07-13_14-09-55 13320
2020-07-13_14-09-55 13290
2020-07-13_14-09-55 13260
2020-07-13_14-09-55 13270
2020-07-13_14-09-55 13320
2020-07-13_14-09-55 13330
2020-07-13_14-09-55 13300
2020-07-13_14-09-55 13330
2020-07-13_14-09-55 13330
2020-07-13_14-09-55 13250
2020-07-13_14-09-55 13230
2020-07-13_14-09-55 13360
2020-07-13_14-09-55 13460
2020-07-13_14-09-55 13370
2020-07-13_14-09-55 13260
2020-07-13_14-09-55 13300
2020-07-13_14-09-55 13370
2020-07-13_14-09-55 13340
2020-07-13_14-09-55 13280
2020-07-13_14-09-55 13300
2020-07-13_14-09-55 13330
2020-07-13_14-09-55 12990
2020-07-13_14-09-55 12240
2020-07-13_14-09-55 11510
2020-07-13_14-09-55 11100
2020-07-13_14-09-55 10970
2020-07-13_14-09-55 10900
2020-07-13_14-09-55 10950
2020-07-13_14-09-55 11040
2020-07-13_14-09-55 11020
2020-07-13_14-09-55 10940
2020-07-13_14-09-55 10980
2020-07-13_14-09-55 11030
2020-07-13_14-09-55 10920
2020-07-13_14-09-55 10810
2020-07-13_14-09-55 10850
2020-07-13_14-09-55 10880
2020-07-13_14-09-55 10750
2020-07-13_14-09-55 10650
2020-07-13_14-09-55 10770
2020-07-13_14-09-55 10520
2020-07-13_14-09-55 8560
2020-07-13_14-09-55 5170
2020-07-13_14-09-55 1940
