2020-07-13_14-10-40 870
2020-07-13_14-10-40 1890
2020-07-13_14-10-40 3310
2020-07-13_14-10-40 4610
2020-07-13_14-10-40 5570
2020-07-13_14-10-40 5860
2020-07-13_14-10-40 5740
2020-07-13_14-10-40 5670
2020-07-13_14-10-40 5730
2020-07-13_14-10-40 5790
2020-07-13_14-10-40 5770
2020-07-13_14-10-40 5720
2020-07-13_14-10-40 5690
2020-07-13_14-10-40 5660
2020-07-13_14-10-40 5600
2020-07-13_14-10-40 5560
2020-07-13_14-10-40 5620
2020-07-13_14-10-40 5730
2020-07-13_14-10-40 5780
2020-07-13_14-10-40 5720
2020-07-13_14-10-40 5640
2020-07-13_14-10-40 5630
2020-07-13_14-10-40 5670
2020-07-13_14-10-40 5700
2020-07-13_14-10-40 5730
2020-07-13_14-10-40 6060
2020-07-13_14-10-40 7170
2020-07-13_14-10-40 8500
2020-07-13_14-10-40 9430
2020-07-13_14-10-40 9630
2020-07-13_14-10-40 9600
2020-07-13_14-10-40 9620
2020-07-13_14-10-40 9630
2020-07-13_14-10-40 9640
2020-07-13_14-10-40 9660
2020-07-13_14-10-40 9640
2020-07-13_14-10-40 9600
2020-07-13_14-10-40 9580
2020-07-13_14-10-40 9590
2020-07-13_14-10-40 9620
2020-07-13_14-10-40 9620
2020-07-13_14-10-40 9600
2020-07-13_14-10-40 9580
2020-07-13_14-10-40 9590
2020-07-13_14-10-40 9610
2020-07-13_14-10-40 9610
2020-07-13_14-10-40 9610
2020-07-13_14-10-40 9620
2020-07-13_14-10-40 9620
2020-07-13_14-10-40 9610
2020-07-13_14-10-40 9610
2020-07-13_14-10-40 9630
2020-07-13_14-10-40 9630
2020-07-13_14-10-40 9610
2020-07-13_14-10-40 9600
2020-07-13_14-10-40 9620
2020-07-13_14-10-40 9630
2020-07-13_14-10-40 9630
2020-07-13_14-10-40 9630
2020-07-13_14-10-40 9620
2020-07-13_14-10-40 9610
2020-07-13_14-10-40 9600
2020-07-13_14-10-40 9620
2020-07-13_14-10-40 9640
2020-07-13_14-10-40 9670
2020-07-13_14-10-40 9710
2020-07-13_14-10-40 9760
2020-07-13_14-10-40 9830
2020-07-13_14-10-40 9870
2020-07-13_14-10-40 10050
2020-07-13_14-10-40 10520
2020-07-13_14-10-40 11080
2020-07-13_14-10-40 11470
2020-07-13_14-10-40 11560
2020-07-13_14-10-40 11610
2020-07-13_14-10-40 11670
2020-07-13_14-10-40 11730
2020-07-13_14-10-40 11800
2020-07-13_14-10-40 11880
2020-07-13_14-10-40 11950
2020-07-13_14-10-40 12000
2020-07-13_14-10-40 12030
2020-07-13_14-10-40 12080
2020-07-13_14-10-40 12150
2020-07-13_14-10-40 12220
2020-07-13_14-10-40 12250
2020-07-13_14-10-40 12260
2020-07-13_14-10-40 12310
2020-07-13_14-10-40 12390
2020-07-13_14-10-40 12480
2020-07-13_14-10-40 12580
2020-07-13_14-10-40 12740
2020-07-13_14-10-40 13000
2020-07-13_14-10-40 13310
2020-07-13_14-10-40 13670
2020-07-13_14-10-40 14030
2020-07-13_14-10-40 14350
2020-07-13_14-10-40 14590
2020-07-13_14-10-40 14740
2020-07-13_14-10-40 14840
2020-07-13_14-10-40 14890
2020-07-13_14-10-40 14900
2020-07-13_14-10-40 14900
2020-07-13_14-10-40 14900
2020-07-13_14-10-40 14910
2020-07-13_14-10-40 14900
2020-07-13_14-10-40 14890
2020-07-13_14-10-40 14900
2020-07-13_14-10-40 14900
2020-07-13_14-10-40 14910
2020-07-13_14-10-40 14910
2020-07-13_14-10-40 14920
2020-07-13_14-10-40 14880
2020-07-13_14-10-40 14770
2020-07-13_14-10-40 14840
2020-07-13_14-10-40 15040
2020-07-13_14-10-40 15050
2020-07-13_14-10-40 14950
2020-07-13_14-10-40 14710
2020-07-13_14-10-40 14780
2020-07-13_14-10-40 14890
2020-07-13_14-10-40 15000
2020-07-13_14-10-40 15000
2020-07-13_14-10-40 14880
2020-07-13_14-10-40 14820
2020-07-13_14-10-40 14840
2020-07-13_14-10-40 14900
2020-07-13_14-10-40 14960
2020-07-13_14-10-40 14950
2020-07-13_14-10-40 14890
2020-07-13_14-10-40 14860
2020-07-13_14-10-40 14860
2020-07-13_14-10-40 14910
2020-07-13_14-10-40 14930
2020-07-13_14-10-40 14920
2020-07-13_14-10-40 14900
2020-07-13_14-10-40 14890
2020-07-13_14-10-40 14890
2020-07-13_14-10-40 14890
2020-07-13_14-10-40 14880
2020-07-13_14-10-40 14900
2020-07-13_14-10-40 14910
2020-07-13_14-10-40 14900
2020-07-13_14-10-40 14890
2020-07-13_14-10-40 14890
2020-07-13_14-10-40 14900
2020-07-13_14-10-40 14900
2020-07-13_14-10-40 14900
2020-07-13_14-10-40 14900
2020-07-13_14-10-40 14900
2020-07-13_14-10-40 14900
2020-07-13_14-10-40 14900
2020-07-13_14-10-40 14910
2020-07-13_14-10-40 14910
2020-07-13_14-10-40 14910
2020-07-13_14-10-40 14910
2020-07-13_14-10-40 14910
2020-07-13_14-10-40 14900
2020-07-13_14-10-40 14900
2020-07-13_14-10-40 14900
2020-07-13_14-10-40 14900
2020-07-13_14-10-40 14900
2020-07-13_14-10-40 14900
2020-07-13_14-10-40 14900
2020-07-13_14-10-40 14900
2020-07-13_14-10-40 14900
2020-07-13_14-10-40 14900
2020-07-13_14-10-40 14900
2020-07-13_14-10-40 14900
2020-07-13_14-10-40 14900
2020-07-13_14-10-40 14900
2020-07-13_14-10-41 14900
2020-07-13_14-10-41 14900
2020-07-13_14-10-41 14900
2020-07-13_14-10-41 14900
2020-07-13_14-10-41 14900
2020-07-13_14-10-41 14900
2020-07-13_14-10-41 14900
2020-07-13_14-10-41 14900
2020-07-13_14-10-41 14900
2020-07-13_14-10-41 14900
2020-07-13_14-10-41 14900
2020-07-13_14-10-41 14900
2020-07-13_14-10-41 14900
2020-07-13_14-10-41 14900
2020-07-13_14-10-41 14900
2020-07-13_14-10-41 14900
2020-07-13_14-10-41 14900
2020-07-13_14-10-41 14900
2020-07-13_14-10-41 14900
2020-07-13_14-10-41 14900
2020-07-13_14-10-41 14900
2020-07-13_14-10-41 14900
2020-07-13_14-10-41 14900
2020-07-13_14-10-41 14900
2020-07-13_14-10-41 14900
2020-07-13_14-10-41 14900
2020-07-13_14-10-41 14900
2020-07-13_14-10-41 14900
2020-07-13_14-10-41 14900
2020-07-13_14-10-41 14900
2020-07-13_14-10-41 14900
2020-07-13_14-10-41 14900
2020-07-13_14-10-41 14900
2020-07-13_14-10-41 14900
2020-07-13_14-10-41 14900
2020-07-13_14-10-41 14900
2020-07-13_14-10-41 14910
2020-07-13_14-10-41 14910
2020-07-13_14-10-41 14900
2020-07-13_14-10-41 14900
2020-07-13_14-10-41 14900
2020-07-13_14-10-41 14900
2020-07-13_14-10-41 14900
2020-07-13_14-10-41 14900
2020-07-13_14-10-41 14900
2020-07-13_14-10-41 14900
2020-07-13_14-10-41 14900
2020-07-13_14-10-41 14900
2020-07-13_14-10-41 14900
2020-07-13_14-10-41 14900
2020-07-13_14-10-41 14900
2020-07-13_14-10-41 14900
2020-07-13_14-10-41 14900
2020-07-13_14-10-41 14900
2020-07-13_14-10-41 14900
2020-07-13_14-10-41 14900
2020-07-13_14-10-41 14900
2020-07-13_14-10-41 14900
2020-07-13_14-10-41 14900
2020-07-13_14-10-41 14900
2020-07-13_14-10-41 14900
2020-07-13_14-10-41 14900
2020-07-13_14-10-41 14900
2020-07-13_14-10-41 14900
2020-07-13_14-10-41 14900
2020-07-13_14-10-41 14900
2020-07-13_14-10-41 14900
2020-07-13_14-10-41 14900
2020-07-13_14-10-41 14900
2020-07-13_14-10-41 14900
2020-07-13_14-10-41 14900
2020-07-13_14-10-41 14900
2020-07-13_14-10-41 14900
2020-07-13_14-10-41 14900
2020-07-13_14-10-41 14900
2020-07-13_14-10-41 14900
2020-07-13_14-10-41 14900
2020-07-13_14-10-41 14900
2020-07-13_14-10-41 14900
2020-07-13_14-10-41 14900
2020-07-13_14-10-41 14900
2020-07-13_14-10-41 14900
2020-07-13_14-10-41 14900
2020-07-13_14-10-41 14900
2020-07-13_14-10-41 14900
2020-07-13_14-10-41 14900
2020-07-13_14-10-41 14900
2020-07-13_14-10-41 14900
2020-07-13_14-10-41 14900
2020-07-13_14-10-41 14900
2020-07-13_14-10-41 14900
2020-07-13_14-10-41 14900
2020-07-13_14-10-41 14900
2020-07-13_14-10-41 14900
2020-07-13_14-10-41 14900
2020-07-13_14-10-41 14910
2020-07-13_14-10-41 14900
2020-07-13_14-10-41 14900
2020-07-13_14-10-41 14900
2020-07-13_14-10-41 14900
2020-07-13_14-10-41 14900
2020-07-13_14-10-41 14900
2020-07-13_14-10-41 14900
2020-07-13_14-10-41 14900
2020-07-13_14-10-41 14900
2020-07-13_14-10-41 14910
2020-07-13_14-10-41 14910
2020-07-13_14-10-41 14910
2020-07-13_14-10-41 14900
2020-07-13_14-10-41 14900
2020-07-13_14-10-41 14910
2020-07-13_14-10-41 14910
2020-07-13_14-10-41 14910
2020-07-13_14-10-41 14900
2020-07-13_14-10-41 14900
2020-07-13_14-10-41 14900
2020-07-13_14-10-41 14900
2020-07-13_14-10-41 14900
2020-07-13_14-10-41 14900
2020-07-13_14-10-41 14900
2020-07-13_14-10-41 14900
2020-07-13_14-10-41 14900
2020-07-13_14-10-41 14900
2020-07-13_14-10-41 14900
2020-07-13_14-10-41 14900
2020-07-13_14-10-41 14900
2020-07-13_14-10-41 14900
2020-07-13_14-10-41 14900
2020-07-13_14-10-41 14900
2020-07-13_14-10-41 14900
2020-07-13_14-10-41 14900
2020-07-13_14-10-41 14900
2020-07-13_14-10-41 14900
2020-07-13_14-10-41 14900
2020-07-13_14-10-41 14900
2020-07-13_14-10-41 14900
2020-07-13_14-10-41 14900
2020-07-13_14-10-41 14900
2020-07-13_14-10-41 14900
2020-07-13_14-10-41 14900
2020-07-13_14-10-41 14900
2020-07-13_14-10-41 14900
2020-07-13_14-10-41 14900
2020-07-13_14-10-41 14900
2020-07-13_14-10-41 14900
2020-07-13_14-10-41 14900
2020-07-13_14-10-41 14900
2020-07-13_14-10-41 14900
2020-07-13_14-10-41 14900
2020-07-13_14-10-41 14900
2020-07-13_14-10-41 14900
2020-07-13_14-10-41 14900
2020-07-13_14-10-41 14900
2020-07-13_14-10-41 14900
2020-07-13_14-10-41 14900
2020-07-13_14-10-41 14900
2020-07-13_14-10-41 14900
2020-07-13_14-10-41 14900
2020-07-13_14-10-41 14900
2020-07-13_14-10-41 14900
2020-07-13_14-10-41 14890
2020-07-13_14-10-41 14890
2020-07-13_14-10-41 14890
2020-07-13_14-10-41 14900
2020-07-13_14-10-41 14900
2020-07-13_14-10-41 14900
2020-07-13_14-10-41 14900
2020-07-13_14-10-41 14900
2020-07-13_14-10-41 14900
2020-07-13_14-10-41 14900
2020-07-13_14-10-41 14900
2020-07-13_14-10-41 14900
2020-07-13_14-10-41 14890
2020-07-13_14-10-41 14890
2020-07-13_14-10-41 14890
2020-07-13_14-10-41 14890
2020-07-13_14-10-41 14900
2020-07-13_14-10-41 14900
2020-07-13_14-10-41 14900
2020-07-13_14-10-41 14900
2020-07-13_14-10-41 14900
2020-07-13_14-10-41 14900
2020-07-13_14-10-41 14900
2020-07-13_14-10-41 14900
2020-07-13_14-10-41 14900
2020-07-13_14-10-41 14900
2020-07-13_14-10-41 14900
2020-07-13_14-10-41 14900
2020-07-13_14-10-41 14900
2020-07-13_14-10-41 14900
2020-07-13_14-10-41 14900
2020-07-13_14-10-41 14900
2020-07-13_14-10-41 14900
2020-07-13_14-10-41 14900
2020-07-13_14-10-41 14900
2020-07-13_14-10-41 14900
2020-07-13_14-10-41 14900
2020-07-13_14-10-41 14900
2020-07-13_14-10-41 14900
2020-07-13_14-10-41 14900
2020-07-13_14-10-41 14900
2020-07-13_14-10-41 14900
2020-07-13_14-10-41 14900
2020-07-13_14-10-41 14900
2020-07-13_14-10-41 14900
2020-07-13_14-10-41 14900
2020-07-13_14-10-41 14900
2020-07-13_14-10-41 14900
2020-07-13_14-10-41 14900
2020-07-13_14-10-41 14900
2020-07-13_14-10-41 14900
2020-07-13_14-10-41 14900
2020-07-13_14-10-41 14900
2020-07-13_14-10-41 14900
2020-07-13_14-10-41 14900
2020-07-13_14-10-41 14900
2020-07-13_14-10-41 14900
2020-07-13_14-10-41 14900
2020-07-13_14-10-41 14900
2020-07-13_14-10-41 14900
2020-07-13_14-10-41 14900
2020-07-13_14-10-41 14900
2020-07-13_14-10-41 14900
2020-07-13_14-10-41 14900
2020-07-13_14-10-41 14900
2020-07-13_14-10-41 14900
2020-07-13_14-10-41 14900
2020-07-13_14-10-41 14900
2020-07-13_14-10-41 14910
2020-07-13_14-10-41 14910
2020-07-13_14-10-41 14910
2020-07-13_14-10-41 14900
2020-07-13_14-10-41 14900
2020-07-13_14-10-41 14900
2020-07-13_14-10-41 14900
2020-07-13_14-10-41 14900
2020-07-13_14-10-41 14890
2020-07-13_14-10-41 14890
2020-07-13_14-10-41 14890
2020-07-13_14-10-41 14890
2020-07-13_14-10-41 14900
2020-07-13_14-10-41 14900
2020-07-13_14-10-41 14900
2020-07-13_14-10-41 14900
2020-07-13_14-10-41 14900
2020-07-13_14-10-41 14900
2020-07-13_14-10-41 14900
2020-07-13_14-10-41 14900
2020-07-13_14-10-41 14910
2020-07-13_14-10-41 14910
2020-07-13_14-10-41 14910
2020-07-13_14-10-41 14900
2020-07-13_14-10-41 14900
2020-07-13_14-10-41 14910
2020-07-13_14-10-41 14910
2020-07-13_14-10-41 14900
2020-07-13_14-10-41 14890
2020-07-13_14-10-41 14900
2020-07-13_14-10-41 14910
2020-07-13_14-10-41 14900
2020-07-13_14-10-41 14880
2020-07-13_14-10-41 14890
2020-07-13_14-10-41 14900
2020-07-13_14-10-41 14900
2020-07-13_14-10-41 14900
2020-07-13_14-10-41 14910
2020-07-13_14-10-41 14910
2020-07-13_14-10-41 14890
2020-07-13_14-10-41 14890
2020-07-13_14-10-41 14910
2020-07-13_14-10-41 14930
2020-07-13_14-10-41 14940
2020-07-13_14-10-41 14920
2020-07-13_14-10-41 14890
2020-07-13_14-10-41 14870
2020-07-13_14-10-41 14880
2020-07-13_14-10-41 14900
2020-07-13_14-10-41 14880
2020-07-13_14-10-41 14860
2020-07-13_14-10-41 14850
2020-07-13_14-10-41 14840
2020-07-13_14-10-41 14810
2020-07-13_14-10-41 14790
2020-07-13_14-10-41 14800
2020-07-13_14-10-41 14810
2020-07-13_14-10-41 14810
2020-07-13_14-10-41 14800
2020-07-13_14-10-41 14800
2020-07-13_14-10-41 14810
2020-07-13_14-10-41 14800
2020-07-13_14-10-41 14810
2020-07-13_14-10-41 14810
2020-07-13_14-10-41 14810
2020-07-13_14-10-41 14810
2020-07-13_14-10-41 14800
2020-07-13_14-10-41 14810
2020-07-13_14-10-41 14800
2020-07-13_14-10-41 14800
2020-07-13_14-10-41 14800
2020-07-13_14-10-41 14810
2020-07-13_14-10-41 14810
2020-07-13_14-10-41 14810
2020-07-13_14-10-41 14810
2020-07-13_14-10-41 14810
2020-07-13_14-10-41 14800
2020-07-13_14-10-41 14800
2020-07-13_14-10-41 14800
2020-07-13_14-10-41 14800
2020-07-13_14-10-41 14800
2020-07-13_14-10-41 14800
2020-07-13_14-10-41 14800
2020-07-13_14-10-41 14800
2020-07-13_14-10-41 14800
2020-07-13_14-10-41 14800
2020-07-13_14-10-41 14800
2020-07-13_14-10-41 14800
2020-07-13_14-10-41 14800
2020-07-13_14-10-41 14800
2020-07-13_14-10-41 14800
2020-07-13_14-10-41 14800
2020-07-13_14-10-41 14800
2020-07-13_14-10-41 14800
2020-07-13_14-10-41 14800
2020-07-13_14-10-41 14800
2020-07-13_14-10-41 14800
2020-07-13_14-10-41 14800
2020-07-13_14-10-41 14800
2020-07-13_14-10-41 14800
2020-07-13_14-10-41 14800
2020-07-13_14-10-41 14800
2020-07-13_14-10-41 14800
2020-07-13_14-10-41 14800
2020-07-13_14-10-41 14800
2020-07-13_14-10-41 14800
2020-07-13_14-10-41 14800
2020-07-13_14-10-41 14800
2020-07-13_14-10-41 14810
2020-07-13_14-10-41 14810
2020-07-13_14-10-41 14810
2020-07-13_14-10-41 14810
2020-07-13_14-10-41 14810
2020-07-13_14-10-41 14810
2020-07-13_14-10-41 14810
2020-07-13_14-10-41 14810
2020-07-13_14-10-41 14810
2020-07-13_14-10-41 14810
2020-07-13_14-10-41 14800
2020-07-13_14-10-41 14800
2020-07-13_14-10-41 14800
2020-07-13_14-10-41 14800
2020-07-13_14-10-41 14810
2020-07-13_14-10-41 14800
2020-07-13_14-10-41 14810
2020-07-13_14-10-41 14810
2020-07-13_14-10-41 14810
2020-07-13_14-10-41 14810
2020-07-13_14-10-41 14810
2020-07-13_14-10-41 14810
2020-07-13_14-10-41 14810
2020-07-13_14-10-41 14810
2020-07-13_14-10-41 14810
2020-07-13_14-10-41 14810
2020-07-13_14-10-41 14810
2020-07-13_14-10-41 14810
2020-07-13_14-10-41 14810
2020-07-13_14-10-41 14810
2020-07-13_14-10-41 14810
2020-07-13_14-10-41 14810
2020-07-13_14-10-41 14810
2020-07-13_14-10-41 14810
2020-07-13_14-10-41 14810
2020-07-13_14-10-41 14810
2020-07-13_14-10-41 14810
2020-07-13_14-10-41 14810
2020-07-13_14-10-41 14810
2020-07-13_14-10-41 14810
2020-07-13_14-10-41 14810
2020-07-13_14-10-41 14810
2020-07-13_14-10-41 14810
2020-07-13_14-10-41 14810
2020-07-13_14-10-41 14810
2020-07-13_14-10-41 14810
2020-07-13_14-10-41 14810
2020-07-13_14-10-41 14810
2020-07-13_14-10-41 14810
2020-07-13_14-10-41 14800
2020-07-13_14-10-41 14800
2020-07-13_14-10-41 14800
2020-07-13_14-10-41 14810
2020-07-13_14-10-41 14820
2020-07-13_14-10-41 14820
2020-07-13_14-10-41 14820
2020-07-13_14-10-41 14820
2020-07-13_14-10-41 14820
2020-07-13_14-10-41 14810
2020-07-13_14-10-41 14800
2020-07-13_14-10-41 14800
2020-07-13_14-10-41 14800
2020-07-13_14-10-41 14800
2020-07-13_14-10-41 14800
2020-07-13_14-10-41 14810
2020-07-13_14-10-41 14810
2020-07-13_14-10-41 14810
2020-07-13_14-10-41 14810
2020-07-13_14-10-41 14800
2020-07-13_14-10-41 14800
2020-07-13_14-10-41 14800
2020-07-13_14-10-41 14800
2020-07-13_14-10-41 14800
2020-07-13_14-10-41 14800
2020-07-13_14-10-41 14800
2020-07-13_14-10-41 14810
2020-07-13_14-10-41 14810
2020-07-13_14-10-41 14800
2020-07-13_14-10-41 14800
2020-07-13_14-10-41 14810
2020-07-13_14-10-41 14800
2020-07-13_14-10-41 14800
2020-07-13_14-10-41 14810
2020-07-13_14-10-41 14810
2020-07-13_14-10-41 14800
2020-07-13_14-10-41 14800
2020-07-13_14-10-41 14800
2020-07-13_14-10-41 14810
2020-07-13_14-10-41 14810
2020-07-13_14-10-41 14810
2020-07-13_14-10-41 14810
2020-07-13_14-10-41 14810
2020-07-13_14-10-41 14810
2020-07-13_14-10-41 14810
2020-07-13_14-10-41 14810
2020-07-13_14-10-41 14810
2020-07-13_14-10-41 14810
2020-07-13_14-10-41 14810
2020-07-13_14-10-41 14810
2020-07-13_14-10-41 14810
2020-07-13_14-10-41 14810
2020-07-13_14-10-41 14810
2020-07-13_14-10-41 14810
2020-07-13_14-10-41 14810
2020-07-13_14-10-41 14810
2020-07-13_14-10-41 14810
2020-07-13_14-10-41 14810
2020-07-13_14-10-41 14810
2020-07-13_14-10-41 14810
2020-07-13_14-10-41 14810
2020-07-13_14-10-41 14810
2020-07-13_14-10-41 14810
2020-07-13_14-10-41 14810
2020-07-13_14-10-41 14810
2020-07-13_14-10-41 14810
2020-07-13_14-10-41 14810
2020-07-13_14-10-41 14810
2020-07-13_14-10-41 14810
2020-07-13_14-10-41 14800
2020-07-13_14-10-41 14800
2020-07-13_14-10-41 14800
2020-07-13_14-10-41 14800
2020-07-13_14-10-41 14800
2020-07-13_14-10-41 14800
2020-07-13_14-10-41 14800
2020-07-13_14-10-41 14800
2020-07-13_14-10-41 14800
2020-07-13_14-10-41 14800
2020-07-13_14-10-41 14800
2020-07-13_14-10-41 14800
2020-07-13_14-10-41 14800
2020-07-13_14-10-41 14800
2020-07-13_14-10-41 14810
2020-07-13_14-10-41 14810
2020-07-13_14-10-41 14810
2020-07-13_14-10-41 14810
2020-07-13_14-10-41 14810
2020-07-13_14-10-41 14810
2020-07-13_14-10-41 14810
2020-07-13_14-10-41 14810
2020-07-13_14-10-41 14810
2020-07-13_14-10-41 14810
2020-07-13_14-10-41 14810
2020-07-13_14-10-41 14810
2020-07-13_14-10-41 14810
2020-07-13_14-10-41 14810
2020-07-13_14-10-41 14810
2020-07-13_14-10-41 14810
2020-07-13_14-10-41 14810
2020-07-13_14-10-41 14810
2020-07-13_14-10-41 14810
2020-07-13_14-10-41 14810
2020-07-13_14-10-41 14810
2020-07-13_14-10-41 14810
2020-07-13_14-10-41 14810
2020-07-13_14-10-41 14810
2020-07-13_14-10-41 14810
2020-07-13_14-10-41 14810
2020-07-13_14-10-41 14810
2020-07-13_14-10-41 14810
2020-07-13_14-10-41 14800
2020-07-13_14-10-41 14800
2020-07-13_14-10-41 14800
2020-07-13_14-10-41 14810
2020-07-13_14-10-41 14800
2020-07-13_14-10-41 14800
2020-07-13_14-10-41 14800
2020-07-13_14-10-41 14800
2020-07-13_14-10-41 14800
2020-07-13_14-10-41 14800
2020-07-13_14-10-41 14810
2020-07-13_14-10-41 14810
2020-07-13_14-10-41 14810
2020-07-13_14-10-41 14800
2020-07-13_14-10-41 14800
2020-07-13_14-10-41 14800
2020-07-13_14-10-41 14810
2020-07-13_14-10-41 14810
2020-07-13_14-10-41 14810
2020-07-13_14-10-41 14810
2020-07-13_14-10-41 14810
2020-07-13_14-10-41 14810
2020-07-13_14-10-41 14810
2020-07-13_14-10-41 14810
2020-07-13_14-10-41 14810
2020-07-13_14-10-41 14800
2020-07-13_14-10-41 14800
2020-07-13_14-10-41 14800
2020-07-13_14-10-41 14800
2020-07-13_14-10-41 14800
2020-07-13_14-10-41 14800
2020-07-13_14-10-41 14800
2020-07-13_14-10-41 14810
2020-07-13_14-10-41 14810
2020-07-13_14-10-41 14810
2020-07-13_14-10-41 14810
2020-07-13_14-10-41 14800
2020-07-13_14-10-41 14800
2020-07-13_14-10-41 14800
2020-07-13_14-10-41 14810
2020-07-13_14-10-41 14800
2020-07-13_14-10-41 14800
2020-07-13_14-10-41 14800
2020-07-13_14-10-41 14800
2020-07-13_14-10-41 14800
2020-07-13_14-10-41 14800
2020-07-13_14-10-41 14800
2020-07-13_14-10-41 14800
2020-07-13_14-10-41 14800
2020-07-13_14-10-41 14800
2020-07-13_14-10-41 14810
2020-07-13_14-10-41 14810
2020-07-13_14-10-41 14810
2020-07-13_14-10-41 14810
2020-07-13_14-10-41 14810
2020-07-13_14-10-41 14810
2020-07-13_14-10-41 14810
2020-07-13_14-10-41 14810
2020-07-13_14-10-41 14810
2020-07-13_14-10-41 14810
2020-07-13_14-10-41 14810
2020-07-13_14-10-41 14810
2020-07-13_14-10-41 14810
2020-07-13_14-10-41 14810
2020-07-13_14-10-41 14810
2020-07-13_14-10-41 14810
2020-07-13_14-10-41 14810
2020-07-13_14-10-41 14810
2020-07-13_14-10-41 14810
2020-07-13_14-10-41 14810
2020-07-13_14-10-41 14810
2020-07-13_14-10-41 14810
2020-07-13_14-10-41 14810
2020-07-13_14-10-41 14810
2020-07-13_14-10-41 14810
2020-07-13_14-10-41 14810
2020-07-13_14-10-41 14810
2020-07-13_14-10-41 14810
2020-07-13_14-10-41 14810
2020-07-13_14-10-41 14810
2020-07-13_14-10-41 14810
2020-07-13_14-10-41 14810
2020-07-13_14-10-41 14810
2020-07-13_14-10-41 14810
2020-07-13_14-10-41 14810
2020-07-13_14-10-41 14810
2020-07-13_14-10-41 14810
2020-07-13_14-10-41 14810
2020-07-13_14-10-41 14810
2020-07-13_14-10-41 14810
2020-07-13_14-10-41 14810
2020-07-13_14-10-41 14810
2020-07-13_14-10-41 14810
2020-07-13_14-10-41 14810
2020-07-13_14-10-41 14810
2020-07-13_14-10-41 14810
2020-07-13_14-10-41 14810
2020-07-13_14-10-41 14810
2020-07-13_14-10-41 14810
2020-07-13_14-10-41 14810
2020-07-13_14-10-41 14810
2020-07-13_14-10-41 14810
2020-07-13_14-10-41 14810
2020-07-13_14-10-41 14810
2020-07-13_14-10-41 14810
2020-07-13_14-10-41 14810
2020-07-13_14-10-41 14810
2020-07-13_14-10-41 14810
2020-07-13_14-10-41 14810
2020-07-13_14-10-41 14810
2020-07-13_14-10-41 14810
2020-07-13_14-10-41 14810
2020-07-13_14-10-41 14810
2020-07-13_14-10-41 14810
2020-07-13_14-10-41 14810
2020-07-13_14-10-41 14810
2020-07-13_14-10-41 14810
2020-07-13_14-10-41 14810
2020-07-13_14-10-41 14810
2020-07-13_14-10-41 14810
2020-07-13_14-10-41 14810
2020-07-13_14-10-41 14810
2020-07-13_14-10-41 14800
2020-07-13_14-10-41 14810
2020-07-13_14-10-41 14810
2020-07-13_14-10-41 14810
2020-07-13_14-10-41 14810
2020-07-13_14-10-41 14810
2020-07-13_14-10-41 14810
2020-07-13_14-10-41 14810
2020-07-13_14-10-41 14810
2020-07-13_14-10-41 14810
2020-07-13_14-10-41 14810
2020-07-13_14-10-41 14810
2020-07-13_14-10-41 14810
2020-07-13_14-10-41 14810
2020-07-13_14-10-41 14810
2020-07-13_14-10-41 14810
2020-07-13_14-10-41 14810
2020-07-13_14-10-41 14810
2020-07-13_14-10-41 14810
2020-07-13_14-10-41 14810
2020-07-13_14-10-41 14810
2020-07-13_14-10-41 14810
2020-07-13_14-10-41 14810
2020-07-13_14-10-41 14810
2020-07-13_14-10-41 14810
2020-07-13_14-10-41 14810
2020-07-13_14-10-41 14810
2020-07-13_14-10-41 14810
2020-07-13_14-10-41 14810
2020-07-13_14-10-41 14810
2020-07-13_14-10-41 14810
2020-07-13_14-10-41 14810
2020-07-13_14-10-41 14810
2020-07-13_14-10-41 14810
2020-07-13_14-10-41 14810
2020-07-13_14-10-41 14810
2020-07-13_14-10-41 14810
2020-07-13_14-10-41 14810
2020-07-13_14-10-41 14810
2020-07-13_14-10-41 14810
2020-07-13_14-10-41 14810
2020-07-13_14-10-41 14810
2020-07-13_14-10-41 14810
2020-07-13_14-10-41 14810
2020-07-13_14-10-41 14810
2020-07-13_14-10-41 14810
2020-07-13_14-10-41 14810
2020-07-13_14-10-41 14810
2020-07-13_14-10-41 14810
2020-07-13_14-10-41 14810
2020-07-13_14-10-41 14810
2020-07-13_14-10-41 14810
2020-07-13_14-10-41 14810
2020-07-13_14-10-41 14810
2020-07-13_14-10-41 14830
2020-07-13_14-10-41 14870
2020-07-13_14-10-41 14900
2020-07-13_14-10-41 14890
2020-07-13_14-10-41 14880
2020-07-13_14-10-41 14900
2020-07-13_14-10-41 14920
2020-07-13_14-10-41 14920
2020-07-13_14-10-41 14910
2020-07-13_14-10-41 14910
2020-07-13_14-10-41 14900
2020-07-13_14-10-41 14880
2020-07-13_14-10-41 14880
2020-07-13_14-10-41 14890
2020-07-13_14-10-41 14900
2020-07-13_14-10-41 14880
2020-07-13_14-10-41 14880
2020-07-13_14-10-41 14900
2020-07-13_14-10-41 14920
2020-07-13_14-10-41 14910
2020-07-13_14-10-41 14890
2020-07-13_14-10-41 14890
2020-07-13_14-10-41 14880
2020-07-13_14-10-41 14880
2020-07-13_14-10-41 14920
2020-07-13_14-10-41 14950
2020-07-13_14-10-41 14930
2020-07-13_14-10-41 14890
2020-07-13_14-10-41 14890
2020-07-13_14-10-41 14910
2020-07-13_14-10-41 14900
2020-07-13_14-10-41 14890
2020-07-13_14-10-41 14900
2020-07-13_14-10-41 14910
2020-07-13_14-10-41 14900
2020-07-13_14-10-41 14900
2020-07-13_14-10-41 14900
2020-07-13_14-10-41 14920
2020-07-13_14-10-41 14920
2020-07-13_14-10-41 14910
2020-07-13_14-10-41 14900
2020-07-13_14-10-41 14890
2020-07-13_14-10-41 14890
2020-07-13_14-10-41 14900
2020-07-13_14-10-41 14910
2020-07-13_14-10-41 14910
2020-07-13_14-10-41 14910
2020-07-13_14-10-41 14910
2020-07-13_14-10-41 14910
2020-07-13_14-10-41 14900
2020-07-13_14-10-41 14910
2020-07-13_14-10-41 14910
2020-07-13_14-10-41 14910
2020-07-13_14-10-41 14910
2020-07-13_14-10-41 14900
2020-07-13_14-10-41 14900
2020-07-13_14-10-41 14900
2020-07-13_14-10-41 14910
2020-07-13_14-10-41 14910
2020-07-13_14-10-41 14900
2020-07-13_14-10-41 14910
2020-07-13_14-10-41 14920
2020-07-13_14-10-41 14910
2020-07-13_14-10-41 14900
2020-07-13_14-10-41 14890
2020-07-13_14-10-41 14900
2020-07-13_14-10-41 14900
2020-07-13_14-10-41 14900
2020-07-13_14-10-41 14910
2020-07-13_14-10-41 14910
2020-07-13_14-10-41 14910
2020-07-13_14-10-41 14900
2020-07-13_14-10-41 14900
2020-07-13_14-10-41 14900
2020-07-13_14-10-41 14900
2020-07-13_14-10-41 14910
2020-07-13_14-10-41 14900
2020-07-13_14-10-41 14900
2020-07-13_14-10-41 14900
2020-07-13_14-10-41 14910
2020-07-13_14-10-41 14910
2020-07-13_14-10-41 14910
2020-07-13_14-10-41 14910
2020-07-13_14-10-41 14900
2020-07-13_14-10-41 14900
2020-07-13_14-10-41 14900
2020-07-13_14-10-41 14900
2020-07-13_14-10-41 14900
2020-07-13_14-10-41 14900
2020-07-13_14-10-41 14850
2020-07-13_14-10-41 14860
2020-07-13_14-10-41 14910
2020-07-13_14-10-41 15060
2020-07-13_14-10-41 14990
2020-07-13_14-10-41 14890
2020-07-13_14-10-41 14840
2020-07-13_14-10-41 14830
2020-07-13_14-10-41 14880
2020-07-13_14-10-41 14820
2020-07-13_14-10-41 14850
2020-07-13_14-10-41 14690
2020-07-13_14-10-41 13920
2020-07-13_14-10-41 12520
2020-07-13_14-10-41 10910
2020-07-13_14-10-41 9870
2020-07-13_14-10-41 9520
2020-07-13_14-10-41 9410
2020-07-13_14-10-41 9310
2020-07-13_14-10-41 9220
2020-07-13_14-10-41 9150
2020-07-13_14-10-41 9090
2020-07-13_14-10-41 8980
2020-07-13_14-10-41 8940
2020-07-13_14-10-41 8940
2020-07-13_14-10-41 8990
2020-07-13_14-10-41 9070
2020-07-13_14-10-41 9170
2020-07-13_14-10-41 9290
2020-07-13_14-10-41 9320
2020-07-13_14-10-41 9380
2020-07-13_14-10-41 9410
2020-07-13_14-10-41 9410
2020-07-13_14-10-41 9380
2020-07-13_14-10-41 9350
2020-07-13_14-10-41 9310
2020-07-13_14-10-41 9280
2020-07-13_14-10-41 9260
2020-07-13_14-10-41 9290
2020-07-13_14-10-41 9320
2020-07-13_14-10-41 9330
2020-07-13_14-10-41 9340
2020-07-13_14-10-41 9270
2020-07-13_14-10-41 8580
2020-07-13_14-10-41 7290
2020-07-13_14-10-41 5990
2020-07-13_14-10-41 5330
2020-07-13_14-10-41 5300
2020-07-13_14-10-41 5310
2020-07-13_14-10-41 5300
2020-07-13_14-10-41 5300
2020-07-13_14-10-41 5300
2020-07-13_14-10-41 5290
2020-07-13_14-10-41 5280
2020-07-13_14-10-41 5290
2020-07-13_14-10-41 5280
2020-07-13_14-10-41 5300
2020-07-13_14-10-41 5290
2020-07-13_14-10-41 5300
2020-07-13_14-10-41 5300
2020-07-13_14-10-41 5280
2020-07-13_14-10-41 5300
2020-07-13_14-10-41 5310
2020-07-13_14-10-41 5310
2020-07-13_14-10-41 5300
2020-07-13_14-10-41 5300
2020-07-13_14-10-41 5300
2020-07-13_14-10-41 5300
2020-07-13_14-10-41 5300
2020-07-13_14-10-41 5300
2020-07-13_14-10-41 5300
2020-07-13_14-10-41 5300
2020-07-13_14-10-41 5300
2020-07-13_14-10-41 5280
2020-07-13_14-10-41 5280
2020-07-13_14-10-41 5260
2020-07-13_14-10-41 5270
2020-07-13_14-10-41 4950
2020-07-13_14-10-41 4140
2020-07-13_14-10-41 3370
2020-07-13_14-10-41 3070
2020-07-13_14-10-41 3320
2020-07-13_14-10-41 3490
2020-07-13_14-10-41 3340
2020-07-13_14-10-41 2430
2020-07-13_14-10-41 1260
