2020-07-13_14-11-10 1640
2020-07-13_14-11-10 2280
2020-07-13_14-11-10 2100
2020-07-13_14-11-10 2150
2020-07-13_14-11-10 2160
2020-07-13_14-11-10 3540
2020-07-13_14-11-10 4690
2020-07-13_14-11-10 4600
2020-07-13_14-11-10 4570
2020-07-13_14-11-10 4590
2020-07-13_14-11-10 4580
2020-07-13_14-11-10 4580
2020-07-13_14-11-10 4590
2020-07-13_14-11-10 4590
2020-07-13_14-11-10 4590
2020-07-13_14-11-10 4580
2020-07-13_14-11-10 4600
2020-07-13_14-11-10 4600
2020-07-13_14-11-10 4600
2020-07-13_14-11-10 4600
2020-07-13_14-11-10 4600
2020-07-13_14-11-10 4600
2020-07-13_14-11-10 4580
2020-07-13_14-11-10 4600
2020-07-13_14-11-10 4600
2020-07-13_14-11-10 4600
2020-07-13_14-11-10 4600
2020-07-13_14-11-10 4610
2020-07-13_14-11-10 4590
2020-07-13_14-11-10 4520
2020-07-13_14-11-10 4530
2020-07-13_14-11-10 4550
2020-07-13_14-11-10 4470
2020-07-13_14-11-10 4460
2020-07-13_14-11-10 4470
2020-07-13_14-11-10 4460
2020-07-13_14-11-10 4460
2020-07-13_14-11-10 4460
2020-07-13_14-11-10 4460
2020-07-13_14-11-10 4460
2020-07-13_14-11-10 4450
2020-07-13_14-11-10 4450
2020-07-13_14-11-10 4440
2020-07-13_14-11-10 4440
2020-07-13_14-11-10 4440
2020-07-13_14-11-10 4450
2020-07-13_14-11-10 4460
2020-07-13_14-11-10 4470
2020-07-13_14-11-10 4470
2020-07-13_14-11-10 4460
2020-07-13_14-11-10 4450
2020-07-13_14-11-10 4450
2020-07-13_14-11-10 4450
2020-07-13_14-11-10 4450
2020-07-13_14-11-10 4450
2020-07-13_14-11-10 4460
2020-07-13_14-11-10 4460
2020-07-13_14-11-10 4460
2020-07-13_14-11-10 4460
2020-07-13_14-11-10 4460
2020-07-13_14-11-10 4460
2020-07-13_14-11-10 4460
2020-07-13_14-11-10 4450
2020-07-13_14-11-10 4460
2020-07-13_14-11-10 4460
2020-07-13_14-11-10 4450
2020-07-13_14-11-10 4460
2020-07-13_14-11-10 4460
2020-07-13_14-11-10 4460
2020-07-13_14-11-10 4460
2020-07-13_14-11-10 4460
2020-07-13_14-11-10 4460
2020-07-13_14-11-10 4460
2020-07-13_14-11-10 4450
2020-07-13_14-11-10 4450
2020-07-13_14-11-10 4450
2020-07-13_14-11-10 4450
2020-07-13_14-11-10 4450
2020-07-13_14-11-10 4450
2020-07-13_14-11-10 4450
2020-07-13_14-11-10 4450
2020-07-13_14-11-10 4450
2020-07-13_14-11-10 4450
2020-07-13_14-11-10 4460
2020-07-13_14-11-10 4450
2020-07-13_14-11-10 4450
2020-07-13_14-11-10 4450
2020-07-13_14-11-10 4450
2020-07-13_14-11-10 4450
2020-07-13_14-11-10 4450
2020-07-13_14-11-10 4450
2020-07-13_14-11-10 4450
2020-07-13_14-11-10 4450
2020-07-13_14-11-10 4450
2020-07-13_14-11-10 4450
2020-07-13_14-11-10 4530
2020-07-13_14-11-10 4530
2020-07-13_14-11-10 4550
2020-07-13_14-11-10 4570
2020-07-13_14-11-10 4570
2020-07-13_14-11-10 4620
2020-07-13_14-11-10 4610
2020-07-13_14-11-10 4590
2020-07-13_14-11-10 4610
2020-07-13_14-11-10 4610
2020-07-13_14-11-10 4590
2020-07-13_14-11-10 4590
2020-07-13_14-11-10 4620
2020-07-13_14-11-10 4610
2020-07-13_14-11-10 4600
2020-07-13_14-11-10 4590
2020-07-13_14-11-10 4580
2020-07-13_14-11-10 4600
2020-07-13_14-11-10 4590
2020-07-13_14-11-10 4610
2020-07-13_14-11-10 4590
2020-07-13_14-11-10 4590
2020-07-13_14-11-10 4590
2020-07-13_14-11-10 4600
2020-07-13_14-11-10 4590
2020-07-13_14-11-10 4600
2020-07-13_14-11-10 4600
2020-07-13_14-11-10 4590
2020-07-13_14-11-10 4590
2020-07-13_14-11-10 4590
2020-07-13_14-11-10 4590
2020-07-13_14-11-10 4590
2020-07-13_14-11-10 4590
2020-07-13_14-11-10 4590
2020-07-13_14-11-10 4560
2020-07-13_14-11-10 4570
2020-07-13_14-11-10 4570
2020-07-13_14-11-10 4590
2020-07-13_14-11-10 4580
2020-07-13_14-11-10 4610
2020-07-13_14-11-10 4610
2020-07-13_14-11-10 4610
2020-07-13_14-11-10 4600
2020-07-13_14-11-10 4610
2020-07-13_14-11-10 4590
2020-07-13_14-11-10 4560
2020-07-13_14-11-10 4530
2020-07-13_14-11-10 3520
2020-07-13_14-11-10 2510
2020-07-13_14-11-10 2500
2020-07-13_14-11-10 2450
2020-07-13_14-11-10 2440
2020-07-13_14-11-10 2440
2020-07-13_14-11-10 2460
2020-07-13_14-11-10 2460
2020-07-13_14-11-10 2460
2020-07-13_14-11-10 1600
