2020-07-13_14-11-15 6990
2020-07-13_14-11-15 6990
2020-07-13_14-11-15 6980
2020-07-13_14-11-15 6980
2020-07-13_14-11-15 6970
2020-07-13_14-11-15 6980
2020-07-13_14-11-15 6940
2020-07-13_14-11-15 6970
2020-07-13_14-11-15 6980
2020-07-13_14-11-15 6970
2020-07-13_14-11-15 6960
2020-07-13_14-11-15 6970
2020-07-13_14-11-15 6990
2020-07-13_14-11-15 7000
2020-07-13_14-11-15 6980
2020-07-13_14-11-15 6990
2020-07-13_14-11-15 7010
2020-07-13_14-11-15 6940
2020-07-13_14-11-15 6910
2020-07-13_14-11-15 6990
2020-07-13_14-11-15 7000
2020-07-13_14-11-15 6980
2020-07-13_14-11-15 6730
2020-07-13_14-11-15 6040
2020-07-13_14-11-15 5380
2020-07-13_14-11-15 5030
2020-07-13_14-11-15 5030
2020-07-13_14-11-15 4950
2020-07-13_14-11-15 4920
2020-07-13_14-11-15 4990
2020-07-13_14-11-15 5000
2020-07-13_14-11-15 4950
2020-07-13_14-11-15 4940
2020-07-13_14-11-15 4960
2020-07-13_14-11-15 4710
2020-07-13_14-11-15 1860
