2020-07-13_14-11-30 820
2020-07-13_14-11-30 5550
2020-07-13_14-11-30 5160
2020-07-13_14-11-30 5270
2020-07-13_14-11-30 5270
2020-07-13_14-11-30 5280
2020-07-13_14-11-30 5330
2020-07-13_14-11-30 7340
2020-07-13_14-11-30 9840
2020-07-13_14-11-30 12690
2020-07-13_14-11-30 20740
2020-07-13_14-11-30 20710
2020-07-13_14-11-30 20730
2020-07-13_14-11-30 20750
2020-07-13_14-11-30 20690
2020-07-13_14-11-30 20670
2020-07-13_14-11-30 20730
2020-07-13_14-11-30 20750
2020-07-13_14-11-30 20720
2020-07-13_14-11-30 20720
2020-07-13_14-11-30 20720
2020-07-13_14-11-30 20690
2020-07-13_14-11-30 20700
2020-07-13_14-11-30 20730
2020-07-13_14-11-30 20740
2020-07-13_14-11-30 20720
2020-07-13_14-11-30 20720
2020-07-13_14-11-30 20700
2020-07-13_14-11-30 20690
2020-07-13_14-11-30 20710
