2020-07-13_14-09-52 1280
2020-07-13_14-09-52 1770
2020-07-13_14-09-52 1580
2020-07-13_14-09-52 1580
2020-07-13_14-09-52 1710
2020-07-13_14-09-52 1760
2020-07-13_14-09-52 1680
2020-07-13_14-09-52 1630
2020-07-13_14-09-52 1680
2020-07-13_14-09-52 1710
2020-07-13_14-09-52 1680
2020-07-13_14-09-52 1680
2020-07-13_14-09-52 1700
2020-07-13_14-09-52 1700
2020-07-13_14-09-52 2360
2020-07-13_14-09-52 4590
2020-07-13_14-09-52 6890
2020-07-13_14-09-52 8050
2020-07-13_14-09-52 7780
2020-07-13_14-09-52 7720
2020-07-13_14-09-52 7950
2020-07-13_14-09-52 7890
2020-07-13_14-09-52 7770
2020-07-13_14-09-52 7840
2020-07-13_14-09-52 7890
2020-07-13_14-09-52 7830
2020-07-13_14-09-52 7860
2020-07-13_14-09-52 7900
2020-07-13_14-09-52 7860
2020-07-13_14-09-52 7840
2020-07-13_14-09-52 7890
2020-07-13_14-09-52 7870
2020-07-13_14-09-52 7840
2020-07-13_14-09-52 7870
2020-07-13_14-09-52 7870
2020-07-13_14-09-52 7840
2020-07-13_14-09-52 7860
2020-07-13_14-09-52 7880
2020-07-13_14-09-52 7840
2020-07-13_14-09-52 7850
2020-07-13_14-09-52 7890
2020-07-13_14-09-52 7860
2020-07-13_14-09-52 7840
2020-07-13_14-09-52 7870
2020-07-13_14-09-52 7870
2020-07-13_14-09-52 7850
2020-07-13_14-09-52 7880
2020-07-13_14-09-52 7880
2020-07-13_14-09-52 7850
2020-07-13_14-09-52 7840
2020-07-13_14-09-52 7860
2020-07-13_14-09-52 7870
2020-07-13_14-09-52 7860
2020-07-13_14-09-52 7870
2020-07-13_14-09-52 7870
2020-07-13_14-09-52 7870
2020-07-13_14-09-52 7870
2020-07-13_14-09-52 7870
2020-07-13_14-09-52 7860
2020-07-13_14-09-52 7870
2020-07-13_14-09-52 7870
2020-07-13_14-09-52 7870
2020-07-13_14-09-52 7870
2020-07-13_14-09-52 7870
2020-07-13_14-09-52 7870
2020-07-13_14-09-52 7870
2020-07-13_14-09-52 7870
2020-07-13_14-09-52 7860
2020-07-13_14-09-52 7860
2020-07-13_14-09-52 7860
2020-07-13_14-09-52 7870
2020-07-13_14-09-52 7860
2020-07-13_14-09-52 7860
2020-07-13_14-09-52 7860
2020-07-13_14-09-52 7860
2020-07-13_14-09-52 7860
2020-07-13_14-09-52 7870
2020-07-13_14-09-52 7870
2020-07-13_14-09-52 7870
2020-07-13_14-09-52 7870
2020-07-13_14-09-52 7870
2020-07-13_14-09-52 7870
2020-07-13_14-09-52 7870
2020-07-13_14-09-52 7870
2020-07-13_14-09-52 7870
2020-07-13_14-09-52 7870
2020-07-13_14-09-52 7870
2020-07-13_14-09-52 7860
2020-07-13_14-09-52 7860
2020-07-13_14-09-52 7860
2020-07-13_14-09-52 7860
2020-07-13_14-09-52 7860
2020-07-13_14-09-52 7860
2020-07-13_14-09-52 7860
2020-07-13_14-09-52 7860
2020-07-13_14-09-52 7860
2020-07-13_14-09-52 7870
2020-07-13_14-09-52 7860
2020-07-13_14-09-52 7860
2020-07-13_14-09-52 7860
2020-07-13_14-09-52 7860
2020-07-13_14-09-52 7860
2020-07-13_14-09-52 7860
2020-07-13_14-09-52 7860
2020-07-13_14-09-52 7860
2020-07-13_14-09-52 7860
2020-07-13_14-09-52 7860
2020-07-13_14-09-52 7860
2020-07-13_14-09-52 7860
2020-07-13_14-09-52 7860
2020-07-13_14-09-52 7860
2020-07-13_14-09-52 7860
2020-07-13_14-09-52 7860
2020-07-13_14-09-52 7860
2020-07-13_14-09-52 7860
2020-07-13_14-09-52 7860
2020-07-13_14-09-52 7860
2020-07-13_14-09-52 7860
2020-07-13_14-09-52 7860
2020-07-13_14-09-52 7860
2020-07-13_14-09-52 7860
2020-07-13_14-09-52 7860
2020-07-13_14-09-52 7860
2020-07-13_14-09-52 7860
2020-07-13_14-09-52 7860
2020-07-13_14-09-52 7860
2020-07-13_14-09-52 7860
2020-07-13_14-09-52 7860
2020-07-13_14-09-52 7860
2020-07-13_14-09-52 7860
2020-07-13_14-09-52 7860
2020-07-13_14-09-52 7870
2020-07-13_14-09-52 7870
2020-07-13_14-09-52 7870
2020-07-13_14-09-52 7860
2020-07-13_14-09-52 7860
2020-07-13_14-09-52 7860
2020-07-13_14-09-52 7870
2020-07-13_14-09-52 7870
2020-07-13_14-09-52 7870
2020-07-13_14-09-52 7860
2020-07-13_14-09-52 7860
2020-07-13_14-09-52 7860
2020-07-13_14-09-52 7870
2020-07-13_14-09-52 7870
2020-07-13_14-09-52 7870
2020-07-13_14-09-52 7860
2020-07-13_14-09-52 7850
2020-07-13_14-09-52 7860
2020-07-13_14-09-52 7860
2020-07-13_14-09-52 7860
2020-07-13_14-09-52 7860
2020-07-13_14-09-52 7860
2020-07-13_14-09-52 7860
2020-07-13_14-09-52 7860
2020-07-13_14-09-52 7860
2020-07-13_14-09-52 7860
2020-07-13_14-09-52 7860
2020-07-13_14-09-52 7860
2020-07-13_14-09-52 7870
2020-07-13_14-09-52 7870
2020-07-13_14-09-52 7870
2020-07-13_14-09-52 7860
2020-07-13_14-09-52 7860
2020-07-13_14-09-52 7860
2020-07-13_14-09-52 7860
2020-07-13_14-09-52 7860
2020-07-13_14-09-52 7860
2020-07-13_14-09-52 7860
2020-07-13_14-09-52 7870
2020-07-13_14-09-52 7870
2020-07-13_14-09-52 7870
2020-07-13_14-09-52 7870
2020-07-13_14-09-52 7860
2020-07-13_14-09-52 7860
2020-07-13_14-09-52 7850
2020-07-13_14-09-52 7860
2020-07-13_14-09-52 7860
2020-07-13_14-09-52 7850
2020-07-13_14-09-52 7860
2020-07-13_14-09-52 7870
2020-07-13_14-09-52 7870
2020-07-13_14-09-52 7870
2020-07-13_14-09-52 7870
2020-07-13_14-09-52 7870
2020-07-13_14-09-52 7860
2020-07-13_14-09-52 7860
2020-07-13_14-09-52 7860
2020-07-13_14-09-52 7870
2020-07-13_14-09-52 7870
2020-07-13_14-09-52 7870
2020-07-13_14-09-52 7860
2020-07-13_14-09-52 7860
2020-07-13_14-09-52 7860
2020-07-13_14-09-53 7860
2020-07-13_14-09-53 7860
2020-07-13_14-09-53 7860
2020-07-13_14-09-53 7860
2020-07-13_14-09-53 7860
2020-07-13_14-09-53 7860
2020-07-13_14-09-53 7860
2020-07-13_14-09-53 7860
2020-07-13_14-09-53 7860
2020-07-13_14-09-53 7860
2020-07-13_14-09-53 7860
2020-07-13_14-09-53 7860
2020-07-13_14-09-53 7860
2020-07-13_14-09-53 7870
2020-07-13_14-09-53 7860
2020-07-13_14-09-53 7860
2020-07-13_14-09-53 7860
2020-07-13_14-09-53 7870
2020-07-13_14-09-53 7870
2020-07-13_14-09-53 7870
2020-07-13_14-09-53 7870
2020-07-13_14-09-53 7870
2020-07-13_14-09-53 7860
2020-07-13_14-09-53 7860
2020-07-13_14-09-53 7870
2020-07-13_14-09-53 7870
2020-07-13_14-09-53 7870
2020-07-13_14-09-53 7870
2020-07-13_14-09-53 7870
2020-07-13_14-09-53 7870
2020-07-13_14-09-53 7870
2020-07-13_14-09-53 7870
2020-07-13_14-09-53 7870
2020-07-13_14-09-53 7860
2020-07-13_14-09-53 7860
2020-07-13_14-09-53 7860
2020-07-13_14-09-53 7860
2020-07-13_14-09-53 7860
2020-07-13_14-09-53 7860
2020-07-13_14-09-53 7870
2020-07-13_14-09-53 7870
2020-07-13_14-09-53 7870
2020-07-13_14-09-53 7870
2020-07-13_14-09-53 7870
2020-07-13_14-09-53 7870
2020-07-13_14-09-53 7870
2020-07-13_14-09-53 7870
2020-07-13_14-09-53 7870
2020-07-13_14-09-53 7870
2020-07-13_14-09-53 7870
2020-07-13_14-09-53 7870
2020-07-13_14-09-53 7870
2020-07-13_14-09-53 7870
2020-07-13_14-09-53 7870
2020-07-13_14-09-53 7870
2020-07-13_14-09-53 7870
2020-07-13_14-09-53 7880
2020-07-13_14-09-53 7880
2020-07-13_14-09-53 7880
2020-07-13_14-09-53 7880
2020-07-13_14-09-53 7870
2020-07-13_14-09-53 7870
2020-07-13_14-09-53 7870
2020-07-13_14-09-53 7870
2020-07-13_14-09-53 7870
2020-07-13_14-09-53 7870
2020-07-13_14-09-53 7870
2020-07-13_14-09-53 7870
2020-07-13_14-09-53 7870
2020-07-13_14-09-53 7870
2020-07-13_14-09-53 7870
2020-07-13_14-09-53 7870
2020-07-13_14-09-53 7870
2020-07-13_14-09-53 7870
2020-07-13_14-09-53 7870
2020-07-13_14-09-53 7870
2020-07-13_14-09-53 7870
2020-07-13_14-09-53 7870
2020-07-13_14-09-53 7870
2020-07-13_14-09-53 7870
2020-07-13_14-09-53 7870
2020-07-13_14-09-53 7870
2020-07-13_14-09-53 7870
2020-07-13_14-09-53 7870
2020-07-13_14-09-53 7870
2020-07-13_14-09-53 7870
2020-07-13_14-09-53 7870
2020-07-13_14-09-53 7870
2020-07-13_14-09-53 7870
2020-07-13_14-09-53 7870
2020-07-13_14-09-53 7870
2020-07-13_14-09-53 7870
2020-07-13_14-09-53 7870
2020-07-13_14-09-53 7870
2020-07-13_14-09-53 7870
2020-07-13_14-09-53 7860
2020-07-13_14-09-53 7850
2020-07-13_14-09-53 7840
2020-07-13_14-09-53 7850
2020-07-13_14-09-53 7860
2020-07-13_14-09-53 7850
2020-07-13_14-09-53 7860
2020-07-13_14-09-53 7860
2020-07-13_14-09-53 7860
2020-07-13_14-09-53 7850
2020-07-13_14-09-53 7870
2020-07-13_14-09-53 7860
2020-07-13_14-09-53 7840
2020-07-13_14-09-53 7850
2020-07-13_14-09-53 7870
2020-07-13_14-09-53 7860
2020-07-13_14-09-53 7840
2020-07-13_14-09-53 7860
2020-07-13_14-09-53 7870
2020-07-13_14-09-53 7840
2020-07-13_14-09-53 7830
2020-07-13_14-09-53 7850
2020-07-13_14-09-53 7860
2020-07-13_14-09-53 7820
2020-07-13_14-09-53 7820
2020-07-13_14-09-53 7840
2020-07-13_14-09-53 7850
2020-07-13_14-09-53 7850
2020-07-13_14-09-53 7830
2020-07-13_14-09-53 7840
2020-07-13_14-09-53 7860
2020-07-13_14-09-53 7890
2020-07-13_14-09-53 7870
2020-07-13_14-09-53 7810
2020-07-13_14-09-53 7830
2020-07-13_14-09-53 7880
2020-07-13_14-09-53 7870
2020-07-13_14-09-53 7840
2020-07-13_14-09-53 7860
2020-07-13_14-09-53 7890
2020-07-13_14-09-53 7840
2020-07-13_14-09-53 7820
2020-07-13_14-09-53 7860
2020-07-13_14-09-53 7880
2020-07-13_14-09-53 7770
2020-07-13_14-09-53 7390
2020-07-13_14-09-53 6940
2020-07-13_14-09-53 6540
2020-07-13_14-09-53 6350
2020-07-13_14-09-53 6250
2020-07-13_14-09-53 6250
2020-07-13_14-09-53 6290
2020-07-13_14-09-53 6280
2020-07-13_14-09-53 6220
2020-07-13_14-09-53 6230
2020-07-13_14-09-53 6270
2020-07-13_14-09-53 6220
2020-07-13_14-09-53 6150
2020-07-13_14-09-53 6190
2020-07-13_14-09-53 6280
2020-07-13_14-09-53 6240
2020-07-13_14-09-53 5530
2020-07-13_14-09-53 3900
2020-07-13_14-09-53 1920
