2020-07-13_14-11-30 2530
2020-07-13_14-11-30 4440
2020-07-13_14-11-30 5520
2020-07-13_14-11-30 5200
2020-07-13_14-11-30 5350
2020-07-13_14-11-30 5430
2020-07-13_14-11-30 5100
2020-07-13_14-11-30 5140
2020-07-13_14-11-30 5200
2020-07-13_14-11-30 5200
2020-07-13_14-11-30 5450
2020-07-13_14-11-30 5440
2020-07-13_14-11-30 5640
2020-07-13_14-11-30 11890
2020-07-13_14-11-30 12610
2020-07-13_14-11-30 12750
2020-07-13_14-11-30 12670
2020-07-13_14-11-30 12710
2020-07-13_14-11-30 13530
2020-07-13_14-11-30 15770
2020-07-13_14-11-30 18360
2020-07-13_14-11-30 20240
2020-07-13_14-11-30 20750
2020-07-13_14-11-30 20770
2020-07-13_14-11-30 20780
2020-07-13_14-11-30 20680
2020-07-13_14-11-30 20660
2020-07-13_14-11-30 20770
2020-07-13_14-11-30 20760
2020-07-13_14-11-30 20660
2020-07-13_14-11-30 20670
2020-07-13_14-11-30 20760
2020-07-13_14-11-30 20750
2020-07-13_14-11-30 20720
2020-07-13_14-11-30 20710
2020-07-13_14-11-30 20670
2020-07-13_14-11-30 20690
2020-07-13_14-11-30 20750
2020-07-13_14-11-30 20750
2020-07-13_14-11-30 20680
2020-07-13_14-11-30 20710
2020-07-13_14-11-30 20760
2020-07-13_14-11-30 20720
2020-07-13_14-11-30 20690
2020-07-13_14-11-30 20720
2020-07-13_14-11-30 20720
2020-07-13_14-11-30 20700
2020-07-13_14-11-30 20740
2020-07-13_14-11-30 20770
2020-07-13_14-11-30 20690
2020-07-13_14-11-30 20650
2020-07-13_14-11-30 20750
2020-07-13_14-11-31 20770
2020-07-13_14-11-31 20680
2020-07-13_14-11-31 20700
2020-07-13_14-11-31 20800
2020-07-13_14-11-31 20710
2020-07-13_14-11-31 20560
2020-07-13_14-11-31 20610
2020-07-13_14-11-31 20740
2020-07-13_14-11-31 20750
2020-07-13_14-11-31 20730
2020-07-13_14-11-31 20730
2020-07-13_14-11-31 20690
2020-07-13_14-11-31 20650
2020-07-13_14-11-31 20710
2020-07-13_14-11-31 20700
2020-07-13_14-11-31 20700
2020-07-13_14-11-31 20700
2020-07-13_14-11-31 20680
2020-07-13_14-11-31 20690
2020-07-13_14-11-31 20710
2020-07-13_14-11-31 20700
2020-07-13_14-11-31 20710
2020-07-13_14-11-31 20710
2020-07-13_14-11-31 20710
2020-07-13_14-11-31 20700
2020-07-13_14-11-31 20690
2020-07-13_14-11-31 20700
2020-07-13_14-11-31 20720
2020-07-13_14-11-31 20720
2020-07-13_14-11-31 20720
2020-07-13_14-11-31 20710
2020-07-13_14-11-31 20720
2020-07-13_14-11-31 20700
2020-07-13_14-11-31 20710
2020-07-13_14-11-31 20710
2020-07-13_14-11-31 20700
2020-07-13_14-11-31 20720
2020-07-13_14-11-31 20710
2020-07-13_14-11-31 20710
2020-07-13_14-11-31 20720
2020-07-13_14-11-31 20710
2020-07-13_14-11-31 20710
2020-07-13_14-11-31 20720
2020-07-13_14-11-31 20720
2020-07-13_14-11-31 20710
2020-07-13_14-11-31 20720
2020-07-13_14-11-31 20720
2020-07-13_14-11-31 20710
2020-07-13_14-11-31 20710
2020-07-13_14-11-31 20710
2020-07-13_14-11-31 20710
2020-07-13_14-11-31 20720
2020-07-13_14-11-31 20710
2020-07-13_14-11-31 20700
2020-07-13_14-11-31 20710
2020-07-13_14-11-31 20710
2020-07-13_14-11-31 20710
2020-07-13_14-11-31 20710
2020-07-13_14-11-31 20710
2020-07-13_14-11-31 20710
2020-07-13_14-11-31 20710
2020-07-13_14-11-31 20710
2020-07-13_14-11-31 20710
2020-07-13_14-11-31 20710
2020-07-13_14-11-31 20710
2020-07-13_14-11-31 20700
2020-07-13_14-11-31 20700
2020-07-13_14-11-31 20710
2020-07-13_14-11-31 20710
2020-07-13_14-11-31 20710
2020-07-13_14-11-31 20710
2020-07-13_14-11-31 20710
2020-07-13_14-11-31 20710
2020-07-13_14-11-31 20710
2020-07-13_14-11-31 20710
2020-07-13_14-11-31 20710
2020-07-13_14-11-31 20710
2020-07-13_14-11-31 20710
2020-07-13_14-11-31 20710
2020-07-13_14-11-31 20710
2020-07-13_14-11-31 20710
2020-07-13_14-11-31 20710
2020-07-13_14-11-31 20710
2020-07-13_14-11-31 20710
2020-07-13_14-11-31 20710
2020-07-13_14-11-31 20710
2020-07-13_14-11-31 20710
2020-07-13_14-11-31 20710
2020-07-13_14-11-31 20700
2020-07-13_14-11-31 20710
2020-07-13_14-11-31 20720
2020-07-13_14-11-31 20720
2020-07-13_14-11-31 20720
2020-07-13_14-11-31 20710
2020-07-13_14-11-31 20700
2020-07-13_14-11-31 20720
2020-07-13_14-11-31 20700
2020-07-13_14-11-31 20710
2020-07-13_14-11-31 20710
2020-07-13_14-11-31 20710
2020-07-13_14-11-31 20710
2020-07-13_14-11-31 20720
2020-07-13_14-11-31 20710
2020-07-13_14-11-31 20710
2020-07-13_14-11-31 20720
2020-07-13_14-11-31 20710
2020-07-13_14-11-31 20710
2020-07-13_14-11-31 20720
2020-07-13_14-11-31 20710
2020-07-13_14-11-31 20710
2020-07-13_14-11-31 20710
2020-07-13_14-11-31 20700
2020-07-13_14-11-31 20720
2020-07-13_14-11-31 20720
2020-07-13_14-11-31 20710
2020-07-13_14-11-31 20710
2020-07-13_14-11-31 20710
2020-07-13_14-11-31 20710
2020-07-13_14-11-31 20710
2020-07-13_14-11-31 20710
2020-07-13_14-11-31 20710
2020-07-13_14-11-31 20710
2020-07-13_14-11-31 20710
2020-07-13_14-11-31 20710
2020-07-13_14-11-31 20710
2020-07-13_14-11-31 20710
2020-07-13_14-11-31 20710
2020-07-13_14-11-31 20710
2020-07-13_14-11-31 20710
2020-07-13_14-11-31 20710
2020-07-13_14-11-31 20710
2020-07-13_14-11-31 20710
2020-07-13_14-11-31 20700
2020-07-13_14-11-31 20710
2020-07-13_14-11-31 20710
2020-07-13_14-11-31 20710
2020-07-13_14-11-31 20710
2020-07-13_14-11-31 20710
2020-07-13_14-11-31 20710
2020-07-13_14-11-31 20710
2020-07-13_14-11-31 20710
2020-07-13_14-11-31 20710
2020-07-13_14-11-31 20710
2020-07-13_14-11-31 20710
2020-07-13_14-11-31 20710
2020-07-13_14-11-31 20710
2020-07-13_14-11-31 20710
2020-07-13_14-11-31 20710
2020-07-13_14-11-31 20710
2020-07-13_14-11-31 20710
2020-07-13_14-11-31 20710
2020-07-13_14-11-31 20710
2020-07-13_14-11-31 20710
2020-07-13_14-11-31 20710
2020-07-13_14-11-31 20710
2020-07-13_14-11-31 20710
2020-07-13_14-11-31 20710
2020-07-13_14-11-31 20710
2020-07-13_14-11-31 20730
2020-07-13_14-11-31 20720
2020-07-13_14-11-31 20720
2020-07-13_14-11-31 20720
2020-07-13_14-11-31 20720
2020-07-13_14-11-31 20720
2020-07-13_14-11-31 20720
2020-07-13_14-11-31 20720
2020-07-13_14-11-31 20710
2020-07-13_14-11-31 20700
2020-07-13_14-11-31 20700
2020-07-13_14-11-31 20720
2020-07-13_14-11-31 20720
2020-07-13_14-11-31 20720
2020-07-13_14-11-31 20720
2020-07-13_14-11-31 20720
2020-07-13_14-11-31 20720
2020-07-13_14-11-31 20720
2020-07-13_14-11-31 20720
2020-07-13_14-11-31 20720
2020-07-13_14-11-31 20720
2020-07-13_14-11-31 20720
2020-07-13_14-11-31 20720
2020-07-13_14-11-31 20720
2020-07-13_14-11-31 20720
2020-07-13_14-11-31 20720
2020-07-13_14-11-31 20720
2020-07-13_14-11-31 20720
2020-07-13_14-11-31 20710
2020-07-13_14-11-31 20710
2020-07-13_14-11-31 20720
2020-07-13_14-11-31 20720
2020-07-13_14-11-31 20720
2020-07-13_14-11-31 20730
2020-07-13_14-11-31 20720
2020-07-13_14-11-31 20650
2020-07-13_14-11-31 20680
2020-07-13_14-11-31 20720
2020-07-13_14-11-31 20730
2020-07-13_14-11-31 20750
2020-07-13_14-11-31 20510
2020-07-13_14-11-31 20630
2020-07-13_14-11-31 20570
2020-07-13_14-11-31 20440
2020-07-13_14-11-31 20520
2020-07-13_14-11-31 20700
2020-07-13_14-11-31 20660
2020-07-13_14-11-31 20580
2020-07-13_14-11-31 20700
2020-07-13_14-11-31 20620
2020-07-13_14-11-31 20740
2020-07-13_14-11-31 20710
2020-07-13_14-11-31 23040
2020-07-13_14-11-31 25620
2020-07-13_14-11-31 29210
2020-07-13_14-11-31 29210
2020-07-13_14-11-31 29170
2020-07-13_14-11-31 29070
2020-07-13_14-11-31 29240
2020-07-13_14-11-31 29150
2020-07-13_14-11-31 29330
2020-07-13_14-11-31 29210
2020-07-13_14-11-31 29330
2020-07-13_14-11-31 29260
2020-07-13_14-11-31 29330
2020-07-13_14-11-31 29300
2020-07-13_14-11-31 29310
2020-07-13_14-11-31 29300
2020-07-13_14-11-31 29190
2020-07-13_14-11-31 27020
2020-07-13_14-11-31 25480
2020-07-13_14-11-31 24090
2020-07-13_14-11-31 24070
2020-07-13_14-11-31 27610
2020-07-13_14-11-31 32380
2020-07-13_14-11-31 33110
2020-07-13_14-11-31 33000
2020-07-13_14-11-31 33140
2020-07-13_14-11-31 33030
2020-07-13_14-11-31 33170
2020-07-13_14-11-31 33170
2020-07-13_14-11-31 33090
2020-07-13_14-11-31 33110
2020-07-13_14-11-31 33080
2020-07-13_14-11-31 33110
2020-07-13_14-11-31 33090
2020-07-13_14-11-31 31380
2020-07-13_14-11-31 28950
2020-07-13_14-11-31 26410
2020-07-13_14-11-31 25000
2020-07-13_14-11-31 24910
2020-07-13_14-11-31 25120
2020-07-13_14-11-31 25110
2020-07-13_14-11-31 25190
2020-07-13_14-11-31 25220
2020-07-13_14-11-31 25320
2020-07-13_14-11-31 25220
2020-07-13_14-11-31 19880
2020-07-13_14-11-31 18310
2020-07-13_14-11-31 17730
2020-07-13_14-11-31 17630
2020-07-13_14-11-31 17660
2020-07-13_14-11-31 17670
2020-07-13_14-11-31 17710
2020-07-13_14-11-31 17650
2020-07-13_14-11-31 17680
2020-07-13_14-11-31 17700
2020-07-13_14-11-31 17680
2020-07-13_14-11-31 17680
2020-07-13_14-11-31 17700
2020-07-13_14-11-31 17690
2020-07-13_14-11-31 17680
2020-07-13_14-11-31 17700
2020-07-13_14-11-31 17710
2020-07-13_14-11-31 17710
2020-07-13_14-11-31 17670
2020-07-13_14-11-31 17740
2020-07-13_14-11-31 17700
2020-07-13_14-11-31 17700
2020-07-13_14-11-31 17690
2020-07-13_14-11-31 17630
2020-07-13_14-11-31 17650
2020-07-13_14-11-31 17680
2020-07-13_14-11-31 17680
2020-07-13_14-11-31 17660
2020-07-13_14-11-31 17680
2020-07-13_14-11-31 17750
2020-07-13_14-11-31 17770
2020-07-13_14-11-31 17730
2020-07-13_14-11-31 17700
2020-07-13_14-11-31 17700
2020-07-13_14-11-31 17660
2020-07-13_14-11-31 17720
2020-07-13_14-11-31 17680
2020-07-13_14-11-31 17700
2020-07-13_14-11-31 17680
2020-07-13_14-11-31 17700
2020-07-13_14-11-31 17720
2020-07-13_14-11-31 17690
2020-07-13_14-11-31 17720
2020-07-13_14-11-31 17710
2020-07-13_14-11-31 17680
2020-07-13_14-11-31 17690
2020-07-13_14-11-31 17710
2020-07-13_14-11-31 17700
2020-07-13_14-11-31 17710
2020-07-13_14-11-31 17680
2020-07-13_14-11-31 17690
2020-07-13_14-11-31 17700
2020-07-13_14-11-31 17690
2020-07-13_14-11-31 17700
2020-07-13_14-11-31 17700
2020-07-13_14-11-31 17700
2020-07-13_14-11-31 17710
2020-07-13_14-11-31 17700
2020-07-13_14-11-31 17700
2020-07-13_14-11-31 17690
2020-07-13_14-11-31 17700
2020-07-13_14-11-31 17690
2020-07-13_14-11-31 17710
2020-07-13_14-11-31 17700
2020-07-13_14-11-31 17700
2020-07-13_14-11-31 17710
2020-07-13_14-11-31 17700
2020-07-13_14-11-31 17690
2020-07-13_14-11-31 17690
2020-07-13_14-11-31 20710
2020-07-13_14-11-31 20720
2020-07-13_14-11-31 20720
2020-07-13_14-11-31 20720
2020-07-13_14-11-31 20720
2020-07-13_14-11-31 20710
2020-07-13_14-11-31 20720
2020-07-13_14-11-31 20720
2020-07-13_14-11-31 20720
2020-07-13_14-11-31 20720
2020-07-13_14-11-31 20720
2020-07-13_14-11-31 20720
2020-07-13_14-11-31 20710
2020-07-13_14-11-31 20710
2020-07-13_14-11-31 20710
2020-07-13_14-11-31 20700
2020-07-13_14-11-31 20710
2020-07-13_14-11-31 20710
2020-07-13_14-11-31 20720
2020-07-13_14-11-31 20720
2020-07-13_14-11-31 20720
2020-07-13_14-11-31 20720
2020-07-13_14-11-31 20720
2020-07-13_14-11-31 20720
2020-07-13_14-11-31 20720
2020-07-13_14-11-31 20720
2020-07-13_14-11-31 20720
2020-07-13_14-11-31 20720
2020-07-13_14-11-31 20720
2020-07-13_14-11-31 20720
2020-07-13_14-11-31 20720
2020-07-13_14-11-31 20710
2020-07-13_14-11-31 20710
2020-07-13_14-11-31 20720
2020-07-13_14-11-31 20710
2020-07-13_14-11-31 20730
2020-07-13_14-11-31 20730
2020-07-13_14-11-31 20730
2020-07-13_14-11-31 20740
2020-07-13_14-11-31 20700
2020-07-13_14-11-31 20690
2020-07-13_14-11-31 20760
2020-07-13_14-11-31 20730
2020-07-13_14-11-31 20770
2020-07-13_14-11-31 20660
2020-07-13_14-11-31 20680
2020-07-13_14-11-31 20760
2020-07-13_14-11-31 20640
2020-07-13_14-11-31 20460
2020-07-13_14-11-31 20650
2020-07-13_14-11-31 20460
2020-07-13_14-11-31 20500
2020-07-13_14-11-31 20630
2020-07-13_14-11-31 20740
2020-07-13_14-11-31 20580
2020-07-13_14-11-31 20800
2020-07-13_14-11-31 20710
2020-07-13_14-11-31 20690
2020-07-13_14-11-31 20790
2020-07-13_14-11-31 20660
2020-07-13_14-11-31 20750
2020-07-13_14-11-31 20740
2020-07-13_14-11-31 21270
2020-07-13_14-11-31 27840
2020-07-13_14-11-31 29010
2020-07-13_14-11-31 29280
2020-07-13_14-11-31 29110
2020-07-13_14-11-31 29270
2020-07-13_14-11-31 29190
2020-07-13_14-11-31 29170
2020-07-13_14-11-31 29320
2020-07-13_14-11-31 29230
2020-07-13_14-11-31 29310
2020-07-13_14-11-31 29290
2020-07-13_14-11-31 29300
2020-07-13_14-11-31 29330
2020-07-13_14-11-31 29280
2020-07-13_14-11-31 28460
2020-07-13_14-11-31 24450
2020-07-13_14-11-31 24000
2020-07-13_14-11-31 25120
2020-07-13_14-11-31 30460
2020-07-13_14-11-31 33010
2020-07-13_14-11-31 33150
2020-07-13_14-11-31 33040
2020-07-13_14-11-31 33160
2020-07-13_14-11-31 33060
2020-07-13_14-11-31 33080
2020-07-13_14-11-31 33060
2020-07-13_14-11-31 32750
2020-07-13_14-11-31 25080
2020-07-13_14-11-31 25150
2020-07-13_14-11-31 24250
2020-07-13_14-11-31 22180
2020-07-13_14-11-31 17710
2020-07-13_14-11-31 17680
2020-07-13_14-11-31 17640
2020-07-13_14-11-31 17680
2020-07-13_14-11-31 17680
2020-07-13_14-11-31 17680
2020-07-13_14-11-31 17640
2020-07-13_14-11-31 17670
2020-07-13_14-11-31 17730
2020-07-13_14-11-31 17690
2020-07-13_14-11-31 17650
2020-07-13_14-11-31 17660
2020-07-13_14-11-31 17700
2020-07-13_14-11-31 17680
2020-07-13_14-11-31 17660
2020-07-13_14-11-31 17720
2020-07-13_14-11-31 17720
2020-07-13_14-11-31 17680
2020-07-13_14-11-31 17680
2020-07-13_14-11-31 17730
2020-07-13_14-11-31 17720
2020-07-13_14-11-31 17690
2020-07-13_14-11-31 17700
2020-07-13_14-11-31 17700
2020-07-13_14-11-31 17700
2020-07-13_14-11-31 17700
2020-07-13_14-11-31 17710
2020-07-13_14-11-31 17710
2020-07-13_14-11-31 17710
2020-07-13_14-11-31 17690
2020-07-13_14-11-31 17690
2020-07-13_14-11-31 17690
2020-07-13_14-11-31 17700
2020-07-13_14-11-31 17690
2020-07-13_14-11-31 17700
2020-07-13_14-11-31 17700
2020-07-13_14-11-31 17700
2020-07-13_14-11-31 17700
2020-07-13_14-11-31 17700
2020-07-13_14-11-31 17700
2020-07-13_14-11-31 17710
2020-07-13_14-11-31 17740
2020-07-13_14-11-31 17720
2020-07-13_14-11-31 17700
2020-07-13_14-11-31 17700
2020-07-13_14-11-31 17690
2020-07-13_14-11-31 17690
2020-07-13_14-11-31 17680
2020-07-13_14-11-31 17690
2020-07-13_14-11-31 17670
2020-07-13_14-11-31 17690
2020-07-13_14-11-31 17720
2020-07-13_14-11-31 17810
2020-07-13_14-11-31 17850
2020-07-13_14-11-31 17750
2020-07-13_14-11-31 17720
2020-07-13_14-11-31 17710
2020-07-13_14-11-31 17800
2020-07-13_14-11-31 17780
2020-07-13_14-11-31 17680
2020-07-13_14-11-31 17780
2020-07-13_14-11-31 17620
2020-07-13_14-11-31 17740
2020-07-13_14-11-31 16940
2020-07-13_14-11-31 15150
2020-07-13_14-11-31 10570
2020-07-13_14-11-31 9480
2020-07-13_14-11-31 9320
2020-07-13_14-11-31 9200
2020-07-13_14-11-31 9190
2020-07-13_14-11-31 9140
2020-07-13_14-11-31 9150
2020-07-13_14-11-31 8990
2020-07-13_14-11-31 9090
2020-07-13_14-11-31 9030
2020-07-13_14-11-31 9090
2020-07-13_14-11-31 9140
2020-07-13_14-11-31 9130
2020-07-13_14-11-31 9100
2020-07-13_14-11-31 9140
2020-07-13_14-11-31 9080
2020-07-13_14-11-31 9120
2020-07-13_14-11-31 8420
2020-07-13_14-11-31 3230
