2020-07-13_14-11-28 1790
2020-07-13_14-11-28 2220
2020-07-13_14-11-28 2150
2020-07-13_14-11-28 2210
2020-07-13_14-11-28 2170
2020-07-13_14-11-28 3140
2020-07-13_14-11-28 4580
2020-07-13_14-11-28 4430
2020-07-13_14-11-28 4530
2020-07-13_14-11-28 4540
2020-07-13_14-11-28 4510
2020-07-13_14-11-28 4510
2020-07-13_14-11-28 4480
2020-07-13_14-11-28 4500
2020-07-13_14-11-28 4490
2020-07-13_14-11-28 4500
2020-07-13_14-11-28 4490
2020-07-13_14-11-28 4490
2020-07-13_14-11-28 4490
2020-07-13_14-11-28 4510
2020-07-13_14-11-28 4480
2020-07-13_14-11-28 4500
2020-07-13_14-11-28 4500
2020-07-13_14-11-28 4490
2020-07-13_14-11-28 4490
2020-07-13_14-11-28 4490
2020-07-13_14-11-28 4510
2020-07-13_14-11-28 4510
2020-07-13_14-11-28 4510
2020-07-13_14-11-28 4510
2020-07-13_14-11-28 4510
2020-07-13_14-11-28 4500
2020-07-13_14-11-28 4500
2020-07-13_14-11-28 4510
2020-07-13_14-11-28 4510
2020-07-13_14-11-28 4500
2020-07-13_14-11-28 4510
2020-07-13_14-11-28 4510
2020-07-13_14-11-28 4510
2020-07-13_14-11-28 4510
2020-07-13_14-11-28 4510
2020-07-13_14-11-28 4510
2020-07-13_14-11-28 4510
2020-07-13_14-11-28 4510
2020-07-13_14-11-28 4520
2020-07-13_14-11-28 4500
2020-07-13_14-11-28 4510
2020-07-13_14-11-28 4510
2020-07-13_14-11-28 4510
2020-07-13_14-11-28 4510
2020-07-13_14-11-28 4510
2020-07-13_14-11-28 4510
2020-07-13_14-11-28 4500
2020-07-13_14-11-28 4480
2020-07-13_14-11-28 4480
2020-07-13_14-11-28 4540
2020-07-13_14-11-28 4510
2020-07-13_14-11-28 4480
2020-07-13_14-11-28 4430
2020-07-13_14-11-28 4430
2020-07-13_14-11-28 4470
2020-07-13_14-11-28 4500
2020-07-13_14-11-28 4500
2020-07-13_14-11-28 4490
2020-07-13_14-11-28 4490
2020-07-13_14-11-28 4480
2020-07-13_14-11-28 4470
2020-07-13_14-11-28 4470
2020-07-13_14-11-28 4470
2020-07-13_14-11-28 4470
2020-07-13_14-11-28 4470
2020-07-13_14-11-28 4470
2020-07-13_14-11-28 4470
2020-07-13_14-11-28 4470
2020-07-13_14-11-28 4470
2020-07-13_14-11-28 4470
2020-07-13_14-11-28 4470
2020-07-13_14-11-28 4470
2020-07-13_14-11-28 4470
2020-07-13_14-11-28 4460
2020-07-13_14-11-28 4460
2020-07-13_14-11-28 4480
2020-07-13_14-11-28 4490
2020-07-13_14-11-28 4500
2020-07-13_14-11-28 4490
2020-07-13_14-11-28 4470
2020-07-13_14-11-28 4450
2020-07-13_14-11-28 4440
2020-07-13_14-11-28 4430
2020-07-13_14-11-28 4430
2020-07-13_14-11-28 4430
2020-07-13_14-11-28 4430
2020-07-13_14-11-28 4430
2020-07-13_14-11-28 4430
2020-07-13_14-11-28 4430
2020-07-13_14-11-28 4430
2020-07-13_14-11-28 4430
2020-07-13_14-11-28 4430
2020-07-13_14-11-28 4430
2020-07-13_14-11-28 4430
2020-07-13_14-11-28 4430
2020-07-13_14-11-28 4430
2020-07-13_14-11-28 4430
2020-07-13_14-11-28 4430
2020-07-13_14-11-28 4430
2020-07-13_14-11-28 4450
2020-07-13_14-11-28 4510
2020-07-13_14-11-28 4510
2020-07-13_14-11-28 4510
2020-07-13_14-11-28 4500
2020-07-13_14-11-28 4500
2020-07-13_14-11-28 4510
2020-07-13_14-11-28 4510
2020-07-13_14-11-28 4510
2020-07-13_14-11-28 4510
2020-07-13_14-11-28 4500
2020-07-13_14-11-28 4500
2020-07-13_14-11-28 4500
2020-07-13_14-11-28 4510
2020-07-13_14-11-28 4500
2020-07-13_14-11-28 4500
2020-07-13_14-11-28 4500
2020-07-13_14-11-28 4500
2020-07-13_14-11-28 4500
2020-07-13_14-11-28 4500
2020-07-13_14-11-28 4500
2020-07-13_14-11-28 4500
2020-07-13_14-11-28 4510
2020-07-13_14-11-28 4510
2020-07-13_14-11-28 4510
2020-07-13_14-11-28 4510
2020-07-13_14-11-28 4500
2020-07-13_14-11-28 4500
2020-07-13_14-11-28 4500
2020-07-13_14-11-28 4510
2020-07-13_14-11-28 4510
2020-07-13_14-11-28 4510
2020-07-13_14-11-28 4510
2020-07-13_14-11-28 4510
2020-07-13_14-11-28 4500
2020-07-13_14-11-28 4500
2020-07-13_14-11-28 4500
2020-07-13_14-11-28 4500
2020-07-13_14-11-28 4510
2020-07-13_14-11-28 4500
2020-07-13_14-11-28 4510
2020-07-13_14-11-28 4500
2020-07-13_14-11-28 4510
2020-07-13_14-11-28 4510
2020-07-13_14-11-28 4510
2020-07-13_14-11-28 4500
2020-07-13_14-11-28 4500
2020-07-13_14-11-28 4500
2020-07-13_14-11-28 4510
2020-07-13_14-11-28 4500
2020-07-13_14-11-28 4500
2020-07-13_14-11-28 4500
2020-07-13_14-11-28 4500
2020-07-13_14-11-28 4500
2020-07-13_14-11-28 4500
2020-07-13_14-11-28 4500
2020-07-13_14-11-28 4500
2020-07-13_14-11-28 4500
2020-07-13_14-11-28 4500
2020-07-13_14-11-28 4500
2020-07-13_14-11-28 4500
2020-07-13_14-11-28 4500
2020-07-13_14-11-28 900
2020-07-13_14-11-28 4500
2020-07-13_14-11-28 2290
2020-07-13_14-11-28 4500
2020-07-13_14-11-28 2070
2020-07-13_14-11-28 4500
2020-07-13_14-11-28 2240
2020-07-13_14-11-28 4500
2020-07-13_14-11-28 2170
2020-07-13_14-11-28 4500
2020-07-13_14-11-28 2310
2020-07-13_14-11-28 4500
2020-07-13_14-11-28 4040
2020-07-13_14-11-28 4500
2020-07-13_14-11-28 4520
2020-07-13_14-11-28 4500
2020-07-13_14-11-28 4520
2020-07-13_14-11-28 4480
2020-07-13_14-11-28 4500
2020-07-13_14-11-28 4490
2020-07-13_14-11-28 4500
2020-07-13_14-11-28 4500
2020-07-13_14-11-28 4470
2020-07-13_14-11-28 4500
2020-07-13_14-11-28 4500
2020-07-13_14-11-28 4500
2020-07-13_14-11-28 4490
2020-07-13_14-11-28 4500
2020-07-13_14-11-28 4510
2020-07-13_14-11-28 4500
2020-07-13_14-11-28 4490
2020-07-13_14-11-28 4500
2020-07-13_14-11-28 4500
2020-07-13_14-11-28 4520
2020-07-13_14-11-28 4510
2020-07-13_14-11-28 4520
2020-07-13_14-11-28 4480
2020-07-13_14-11-28 4500
2020-07-13_14-11-28 4500
2020-07-13_14-11-28 4500
2020-07-13_14-11-28 4500
2020-07-13_14-11-28 4490
2020-07-13_14-11-28 4510
2020-07-13_14-11-28 4500
2020-07-13_14-11-28 4500
2020-07-13_14-11-28 4510
2020-07-13_14-11-28 4500
2020-07-13_14-11-28 4500
2020-07-13_14-11-28 4510
2020-07-13_14-11-28 4510
2020-07-13_14-11-28 4500
2020-07-13_14-11-28 4510
2020-07-13_14-11-28 4510
2020-07-13_14-11-28 4510
2020-07-13_14-11-28 4510
2020-07-13_14-11-28 4510
2020-07-13_14-11-28 4510
2020-07-13_14-11-28 4500
2020-07-13_14-11-28 4510
2020-07-13_14-11-28 4500
2020-07-13_14-11-28 4510
2020-07-13_14-11-28 4500
2020-07-13_14-11-28 4510
2020-07-13_14-11-28 4510
2020-07-13_14-11-28 4510
2020-07-13_14-11-28 4510
2020-07-13_14-11-28 4500
2020-07-13_14-11-28 4510
2020-07-13_14-11-28 4510
2020-07-13_14-11-28 4500
2020-07-13_14-11-28 4510
2020-07-13_14-11-28 4500
2020-07-13_14-11-28 4490
2020-07-13_14-11-28 4500
2020-07-13_14-11-28 4470
2020-07-13_14-11-28 4500
2020-07-13_14-11-28 4510
2020-07-13_14-11-28 4500
2020-07-13_14-11-28 4540
2020-07-13_14-11-28 4500
2020-07-13_14-11-28 4500
2020-07-13_14-11-28 4460
2020-07-13_14-11-28 4430
2020-07-13_14-11-28 4440
2020-07-13_14-11-28 4490
2020-07-13_14-11-28 4500
2020-07-13_14-11-28 4490
2020-07-13_14-11-28 4490
2020-07-13_14-11-28 4490
2020-07-13_14-11-28 4480
2020-07-13_14-11-28 4470
2020-07-13_14-11-28 4470
2020-07-13_14-11-28 4470
2020-07-13_14-11-28 4460
2020-07-13_14-11-28 4470
2020-07-13_14-11-28 4470
2020-07-13_14-11-28 4470
2020-07-13_14-11-28 4470
2020-07-13_14-11-28 4470
2020-07-13_14-11-28 4470
2020-07-13_14-11-28 4470
2020-07-13_14-11-28 4460
2020-07-13_14-11-28 4500
2020-07-13_14-11-28 4430
2020-07-13_14-11-28 4430
2020-07-13_14-11-28 4430
2020-07-13_14-11-28 4430
2020-07-13_14-11-28 4430
2020-07-13_14-11-28 4430
2020-07-13_14-11-28 4430
2020-07-13_14-11-28 4430
2020-07-13_14-11-28 4430
2020-07-13_14-11-28 4430
2020-07-13_14-11-28 4430
2020-07-13_14-11-28 4480
2020-07-13_14-11-28 4510
2020-07-13_14-11-28 4510
2020-07-13_14-11-28 4500
2020-07-13_14-11-28 4500
2020-07-13_14-11-28 4510
2020-07-13_14-11-28 4510
2020-07-13_14-11-28 4510
2020-07-13_14-11-28 4510
2020-07-13_14-11-28 4510
2020-07-13_14-11-28 4500
2020-07-13_14-11-28 4500
2020-07-13_14-11-28 4510
2020-07-13_14-11-28 4490
2020-07-13_14-11-28 4510
2020-07-13_14-11-28 4510
2020-07-13_14-11-28 4510
2020-07-13_14-11-28 4500
2020-07-13_14-11-28 4500
2020-07-13_14-11-28 4510
2020-07-13_14-11-28 4510
2020-07-13_14-11-28 4500
2020-07-13_14-11-28 4510
2020-07-13_14-11-28 4500
2020-07-13_14-11-28 4510
2020-07-13_14-11-28 4500
2020-07-13_14-11-28 4500
2020-07-13_14-11-28 4500
2020-07-13_14-11-28 4500
2020-07-13_14-11-28 4500
2020-07-13_14-11-28 4500
2020-07-13_14-11-28 4500
2020-07-13_14-11-28 4500
2020-07-13_14-11-28 4500
2020-07-13_14-11-28 4500
2020-07-13_14-11-28 4500
2020-07-13_14-11-28 4500
2020-07-13_14-11-28 4500
2020-07-13_14-11-28 4500
2020-07-13_14-11-28 4510
2020-07-13_14-11-28 4500
2020-07-13_14-11-28 4500
2020-07-13_14-11-28 4500
2020-07-13_14-11-28 4510
2020-07-13_14-11-28 4510
2020-07-13_14-11-28 4510
2020-07-13_14-11-28 4500
2020-07-13_14-11-28 4500
2020-07-13_14-11-28 4500
2020-07-13_14-11-28 4510
2020-07-13_14-11-28 4500
2020-07-13_14-11-28 4500
2020-07-13_14-11-28 4500
2020-07-13_14-11-28 4500
2020-07-13_14-11-28 4500
2020-07-13_14-11-28 4510
2020-07-13_14-11-28 4510
2020-07-13_14-11-28 4500
2020-07-13_14-11-28 4510
2020-07-13_14-11-28 4510
2020-07-13_14-11-28 4510
2020-07-13_14-11-28 4510
2020-07-13_14-11-28 4510
2020-07-13_14-11-28 4510
2020-07-13_14-11-28 4510
2020-07-13_14-11-28 4510
2020-07-13_14-11-28 4500
2020-07-13_14-11-28 4500
2020-07-13_14-11-28 4500
2020-07-13_14-11-28 4500
2020-07-13_14-11-28 4500
2020-07-13_14-11-28 4510
2020-07-13_14-11-28 4510
2020-07-13_14-11-28 4510
2020-07-13_14-11-28 4510
2020-07-13_14-11-28 4500
2020-07-13_14-11-28 4500
2020-07-13_14-11-28 4500
2020-07-13_14-11-28 4500
2020-07-13_14-11-28 4500
2020-07-13_14-11-28 4500
2020-07-13_14-11-28 4500
2020-07-13_14-11-28 4510
2020-07-13_14-11-28 4510
2020-07-13_14-11-28 4500
2020-07-13_14-11-28 4500
2020-07-13_14-11-28 4500
2020-07-13_14-11-28 4500
2020-07-13_14-11-28 4500
2020-07-13_14-11-28 4500
2020-07-13_14-11-28 4500
2020-07-13_14-11-28 4500
2020-07-13_14-11-28 4500
2020-07-13_14-11-28 4500
2020-07-13_14-11-28 4500
2020-07-13_14-11-28 4500
2020-07-13_14-11-28 4500
2020-07-13_14-11-28 4500
2020-07-13_14-11-28 4500
2020-07-13_14-11-28 4500
2020-07-13_14-11-28 4510
2020-07-13_14-11-28 4530
2020-07-13_14-11-28 4540
2020-07-13_14-11-28 4530
2020-07-13_14-11-28 4520
2020-07-13_14-11-28 4500
2020-07-13_14-11-28 4510
2020-07-13_14-11-28 4500
2020-07-13_14-11-28 4490
2020-07-13_14-11-28 4500
2020-07-13_14-11-28 4490
2020-07-13_14-11-28 4480
2020-07-13_14-11-28 4500
2020-07-13_14-11-28 4500
2020-07-13_14-11-28 4500
2020-07-13_14-11-28 4510
2020-07-13_14-11-28 4500
2020-07-13_14-11-28 4500
2020-07-13_14-11-28 4500
2020-07-13_14-11-28 4500
2020-07-13_14-11-28 4490
2020-07-13_14-11-28 4510
2020-07-13_14-11-28 4500
2020-07-13_14-11-28 4500
2020-07-13_14-11-28 4500
2020-07-13_14-11-28 4500
2020-07-13_14-11-28 4500
2020-07-13_14-11-28 4500
2020-07-13_14-11-28 4490
2020-07-13_14-11-28 4510
2020-07-13_14-11-28 4490
2020-07-13_14-11-28 4480
2020-07-13_14-11-28 4480
2020-07-13_14-11-28 4490
2020-07-13_14-11-28 4490
2020-07-13_14-11-28 4490
2020-07-13_14-11-28 4510
2020-07-13_14-11-28 4500
2020-07-13_14-11-28 4510
2020-07-13_14-11-28 3360
2020-07-13_14-11-28 2520
2020-07-13_14-11-28 2470
2020-07-13_14-11-28 2440
2020-07-13_14-11-28 2470
2020-07-13_14-11-28 2490
2020-07-13_14-11-28 1620
