2020-07-13_14-11-27 1510
2020-07-13_14-11-27 2460
2020-07-13_14-11-27 2290
2020-07-13_14-11-27 2250
2020-07-13_14-11-27 2190
2020-07-13_14-11-27 2280
2020-07-13_14-11-27 2370
2020-07-13_14-11-27 3410
2020-07-13_14-11-27 4500
2020-07-13_14-11-27 4520
2020-07-13_14-11-27 4550
2020-07-13_14-11-27 4570
2020-07-13_14-11-27 4490
2020-07-13_14-11-27 4580
2020-07-13_14-11-27 4520
2020-07-13_14-11-27 4520
2020-07-13_14-11-27 4500
2020-07-13_14-11-27 4540
2020-07-13_14-11-27 5260
2020-07-13_14-11-27 7800
2020-07-13_14-11-27 8880
2020-07-13_14-11-27 8900
2020-07-13_14-11-27 8890
2020-07-13_14-11-27 8880
2020-07-13_14-11-27 8920
2020-07-13_14-11-27 8900
2020-07-13_14-11-27 8900
2020-07-13_14-11-27 8960
2020-07-13_14-11-27 8900
2020-07-13_14-11-27 8940
2020-07-13_14-11-27 8950
2020-07-13_14-11-27 10260
2020-07-13_14-11-27 12630
2020-07-13_14-11-27 13220
2020-07-13_14-11-27 13230
2020-07-13_14-11-27 13230
2020-07-13_14-11-27 13210
2020-07-13_14-11-27 13220
2020-07-13_14-11-27 13230
2020-07-13_14-11-27 13230
2020-07-13_14-11-27 13230
2020-07-13_14-11-27 13200
2020-07-13_14-11-27 13210
2020-07-13_14-11-27 13250
2020-07-13_14-11-27 13190
2020-07-13_14-11-27 13260
2020-07-13_14-11-27 13240
2020-07-13_14-11-27 13220
2020-07-13_14-11-27 13240
2020-07-13_14-11-27 13210
2020-07-13_14-11-27 13220
2020-07-13_14-11-27 13240
2020-07-13_14-11-27 13210
2020-07-13_14-11-27 13220
2020-07-13_14-11-27 13220
2020-07-13_14-11-27 13220
2020-07-13_14-11-27 13220
2020-07-13_14-11-27 13220
2020-07-13_14-11-27 13220
2020-07-13_14-11-27 13220
2020-07-13_14-11-27 13220
2020-07-13_14-11-27 13220
2020-07-13_14-11-27 13220
2020-07-13_14-11-27 13220
2020-07-13_14-11-27 13220
2020-07-13_14-11-27 13220
2020-07-13_14-11-27 13220
2020-07-13_14-11-27 13190
2020-07-13_14-11-27 13120
2020-07-13_14-11-27 13110
2020-07-13_14-11-27 13110
2020-07-13_14-11-27 13110
2020-07-13_14-11-27 13110
2020-07-13_14-11-27 13110
2020-07-13_14-11-27 13110
2020-07-13_14-11-27 8860
2020-07-13_14-11-27 8980
2020-07-13_14-11-27 13110
2020-07-13_14-11-27 8960
2020-07-13_14-11-27 13110
2020-07-13_14-11-27 8960
2020-07-13_14-11-27 13110
2020-07-13_14-11-27 8890
2020-07-13_14-11-27 13100
2020-07-13_14-11-27 8950
2020-07-13_14-11-27 13100
2020-07-13_14-11-27 8890
2020-07-13_14-11-27 13100
2020-07-13_14-11-27 9370
2020-07-13_14-11-27 13100
2020-07-13_14-11-27 13110
2020-07-13_14-11-27 11530
2020-07-13_14-11-27 13100
2020-07-13_14-11-27 13170
2020-07-13_14-11-27 13210
2020-07-13_14-11-27 13110
2020-07-13_14-11-27 13110
2020-07-13_14-11-27 13250
2020-07-13_14-11-27 13210
2020-07-13_14-11-27 13100
2020-07-13_14-11-27 13220
2020-07-13_14-11-27 13100
2020-07-13_14-11-27 13100
2020-07-13_14-11-27 13230
2020-07-13_14-11-27 13240
2020-07-13_14-11-27 13110
2020-07-13_14-11-27 13230
2020-07-13_14-11-27 13100
2020-07-13_14-11-27 13260
2020-07-13_14-11-27 13110
2020-07-13_14-11-27 13190
2020-07-13_14-11-27 13110
2020-07-13_14-11-27 13250
2020-07-13_14-11-27 13100
2020-07-13_14-11-27 13200
2020-07-13_14-11-27 13100
2020-07-13_14-11-27 13190
2020-07-13_14-11-27 13110
2020-07-13_14-11-27 13240
2020-07-13_14-11-27 13110
2020-07-13_14-11-27 13220
2020-07-13_14-11-27 13100
2020-07-13_14-11-27 13230
2020-07-13_14-11-27 13100
2020-07-13_14-11-27 13210
2020-07-13_14-11-27 13110
2020-07-13_14-11-27 13240
2020-07-13_14-11-27 13110
2020-07-13_14-11-27 13230
2020-07-13_14-11-27 13100
2020-07-13_14-11-27 13210
2020-07-13_14-11-27 13100
2020-07-13_14-11-27 13230
2020-07-13_14-11-27 13100
2020-07-13_14-11-27 13220
2020-07-13_14-11-27 13100
2020-07-13_14-11-27 13220
2020-07-13_14-11-27 13100
2020-07-13_14-11-27 13220
2020-07-13_14-11-27 13100
2020-07-13_14-11-27 13220
2020-07-13_14-11-27 13100
2020-07-13_14-11-27 13220
2020-07-13_14-11-27 13110
2020-07-13_14-11-27 13220
2020-07-13_14-11-27 13110
2020-07-13_14-11-27 13220
2020-07-13_14-11-27 13220
2020-07-13_14-11-27 13110
2020-07-13_14-11-27 13100
2020-07-13_14-11-27 13220
2020-07-13_14-11-27 13100
2020-07-13_14-11-27 13220
2020-07-13_14-11-27 13220
2020-07-13_14-11-27 13100
2020-07-13_14-11-27 13220
2020-07-13_14-11-27 13110
2020-07-13_14-11-27 13210
2020-07-13_14-11-27 13110
2020-07-13_14-11-27 13220
2020-07-13_14-11-27 13110
2020-07-13_14-11-27 13210
2020-07-13_14-11-27 13110
2020-07-13_14-11-27 13150
2020-07-13_14-11-27 13110
2020-07-13_14-11-27 13100
2020-07-13_14-11-27 13110
2020-07-13_14-11-27 13110
2020-07-13_14-11-27 13110
2020-07-13_14-11-27 13110
2020-07-13_14-11-27 13110
2020-07-13_14-11-27 13110
2020-07-13_14-11-27 13110
2020-07-13_14-11-27 13110
2020-07-13_14-11-27 13100
2020-07-13_14-11-27 13110
2020-07-13_14-11-27 13100
2020-07-13_14-11-27 13110
2020-07-13_14-11-27 13100
2020-07-13_14-11-27 13110
2020-07-13_14-11-27 13100
2020-07-13_14-11-27 13110
2020-07-13_14-11-27 13100
2020-07-13_14-11-27 13110
2020-07-13_14-11-27 13100
2020-07-13_14-11-27 13100
2020-07-13_14-11-27 13110
2020-07-13_14-11-27 13100
2020-07-13_14-11-27 13110
2020-07-13_14-11-27 13100
2020-07-13_14-11-27 13100
2020-07-13_14-11-27 13100
2020-07-13_14-11-27 13110
2020-07-13_14-11-27 13100
2020-07-13_14-11-27 13110
2020-07-13_14-11-27 13100
2020-07-13_14-11-27 13100
2020-07-13_14-11-27 13100
2020-07-13_14-11-27 13100
2020-07-13_14-11-27 13100
2020-07-13_14-11-27 13100
2020-07-13_14-11-27 13100
2020-07-13_14-11-27 13100
2020-07-13_14-11-27 13100
2020-07-13_14-11-27 13100
2020-07-13_14-11-27 13100
2020-07-13_14-11-27 13100
2020-07-13_14-11-27 13100
2020-07-13_14-11-27 13100
2020-07-13_14-11-27 13100
2020-07-13_14-11-27 13100
2020-07-13_14-11-27 13110
2020-07-13_14-11-27 13100
2020-07-13_14-11-27 13110
2020-07-13_14-11-27 13100
2020-07-13_14-11-27 13110
2020-07-13_14-11-27 13100
2020-07-13_14-11-27 13110
2020-07-13_14-11-27 13100
2020-07-13_14-11-27 13100
2020-07-13_14-11-27 13100
2020-07-13_14-11-27 13100
2020-07-13_14-11-27 13100
2020-07-13_14-11-27 13110
2020-07-13_14-11-27 13100
2020-07-13_14-11-27 13110
2020-07-13_14-11-27 13100
2020-07-13_14-11-27 13110
2020-07-13_14-11-27 13100
2020-07-13_14-11-27 13110
2020-07-13_14-11-27 13100
2020-07-13_14-11-27 13100
2020-07-13_14-11-27 13100
2020-07-13_14-11-27 13100
2020-07-13_14-11-27 13100
2020-07-13_14-11-27 13100
2020-07-13_14-11-27 13110
2020-07-13_14-11-27 13100
2020-07-13_14-11-27 13110
2020-07-13_14-11-27 13100
2020-07-13_14-11-27 13100
2020-07-13_14-11-27 13100
2020-07-13_14-11-27 13100
2020-07-13_14-11-27 13100
2020-07-13_14-11-27 13100
2020-07-13_14-11-27 13100
2020-07-13_14-11-27 13100
2020-07-13_14-11-27 13110
2020-07-13_14-11-27 13100
2020-07-13_14-11-27 13110
2020-07-13_14-11-27 13110
2020-07-13_14-11-27 13100
2020-07-13_14-11-27 13110
2020-07-13_14-11-27 13110
2020-07-13_14-11-27 13100
2020-07-13_14-11-27 13100
2020-07-13_14-11-27 13100
2020-07-13_14-11-27 13100
2020-07-13_14-11-27 13100
2020-07-13_14-11-27 13100
2020-07-13_14-11-27 13110
2020-07-13_14-11-27 13110
2020-07-13_14-11-27 13110
2020-07-13_14-11-27 13110
2020-07-13_14-11-27 13100
2020-07-13_14-11-27 13100
2020-07-13_14-11-27 13100
2020-07-13_14-11-27 13100
2020-07-13_14-11-27 13110
2020-07-13_14-11-27 13110
2020-07-13_14-11-27 13110
2020-07-13_14-11-27 13110
2020-07-13_14-11-27 13100
2020-07-13_14-11-27 13100
2020-07-13_14-11-27 13100
2020-07-13_14-11-27 13100
2020-07-13_14-11-27 13100
2020-07-13_14-11-27 13100
2020-07-13_14-11-27 13100
2020-07-13_14-11-27 13100
2020-07-13_14-11-27 13100
2020-07-13_14-11-27 13100
2020-07-13_14-11-27 13100
2020-07-13_14-11-27 13100
2020-07-13_14-11-27 13100
2020-07-13_14-11-27 13100
2020-07-13_14-11-27 13110
2020-07-13_14-11-27 13110
2020-07-13_14-11-27 13110
2020-07-13_14-11-27 13110
2020-07-13_14-11-27 13110
2020-07-13_14-11-27 13100
2020-07-13_14-11-27 13100
2020-07-13_14-11-27 13100
2020-07-13_14-11-27 13100
2020-07-13_14-11-27 13100
2020-07-13_14-11-27 13110
2020-07-13_14-11-27 13110
2020-07-13_14-11-27 13110
2020-07-13_14-11-27 13110
2020-07-13_14-11-27 13100
2020-07-13_14-11-27 13100
2020-07-13_14-11-27 13110
2020-07-13_14-11-27 13110
2020-07-13_14-11-27 13110
2020-07-13_14-11-27 13110
2020-07-13_14-11-27 13110
2020-07-13_14-11-27 13110
2020-07-13_14-11-27 13110
2020-07-13_14-11-27 13110
2020-07-13_14-11-27 13110
2020-07-13_14-11-27 13110
2020-07-13_14-11-27 13110
2020-07-13_14-11-27 13100
2020-07-13_14-11-27 13100
2020-07-13_14-11-27 13100
2020-07-13_14-11-27 13100
2020-07-13_14-11-27 13100
2020-07-13_14-11-27 13100
2020-07-13_14-11-27 13100
2020-07-13_14-11-27 13100
2020-07-13_14-11-27 13100
2020-07-13_14-11-27 13100
2020-07-13_14-11-27 13100
2020-07-13_14-11-27 13100
2020-07-13_14-11-27 13100
2020-07-13_14-11-27 13100
2020-07-13_14-11-27 13100
2020-07-13_14-11-27 13100
2020-07-13_14-11-27 13100
2020-07-13_14-11-27 13100
2020-07-13_14-11-27 13100
2020-07-13_14-11-27 13100
2020-07-13_14-11-27 13110
2020-07-13_14-11-27 13100
2020-07-13_14-11-27 13100
2020-07-13_14-11-27 13100
2020-07-13_14-11-27 13100
2020-07-13_14-11-27 13100
2020-07-13_14-11-27 13100
2020-07-13_14-11-27 13100
2020-07-13_14-11-27 13100
2020-07-13_14-11-27 13100
2020-07-13_14-11-27 13100
2020-07-13_14-11-27 13100
2020-07-13_14-11-27 13100
2020-07-13_14-11-27 13100
2020-07-13_14-11-27 13110
2020-07-13_14-11-27 13100
2020-07-13_14-11-27 13100
2020-07-13_14-11-27 13100
2020-07-13_14-11-27 13100
2020-07-13_14-11-27 13100
2020-07-13_14-11-27 13100
2020-07-13_14-11-27 13100
2020-07-13_14-11-27 13100
2020-07-13_14-11-27 13100
2020-07-13_14-11-27 13100
2020-07-13_14-11-27 13100
2020-07-13_14-11-27 13100
2020-07-13_14-11-27 13100
2020-07-13_14-11-27 13100
2020-07-13_14-11-27 13100
2020-07-13_14-11-27 13100
2020-07-13_14-11-27 13100
2020-07-13_14-11-27 13100
2020-07-13_14-11-27 13100
2020-07-13_14-11-27 13100
2020-07-13_14-11-27 13100
2020-07-13_14-11-27 13100
2020-07-13_14-11-27 13100
2020-07-13_14-11-27 13100
2020-07-13_14-11-27 13100
2020-07-13_14-11-27 13100
2020-07-13_14-11-27 13100
2020-07-13_14-11-27 13100
2020-07-13_14-11-27 13100
2020-07-13_14-11-27 13100
2020-07-13_14-11-27 13110
2020-07-13_14-11-27 13110
2020-07-13_14-11-27 13100
2020-07-13_14-11-27 13100
2020-07-13_14-11-27 13090
2020-07-13_14-11-27 13090
2020-07-13_14-11-27 13100
2020-07-13_14-11-27 13100
2020-07-13_14-11-27 13100
2020-07-13_14-11-27 13100
2020-07-13_14-11-27 13100
2020-07-13_14-11-27 13090
2020-07-13_14-11-27 13100
2020-07-13_14-11-27 13100
2020-07-13_14-11-27 13100
2020-07-13_14-11-27 13100
2020-07-13_14-11-27 13110
2020-07-13_14-11-27 13100
2020-07-13_14-11-27 13100
2020-07-13_14-11-27 13100
2020-07-13_14-11-27 13100
2020-07-13_14-11-27 13100
2020-07-13_14-11-27 13100
2020-07-13_14-11-27 13100
2020-07-13_14-11-27 13110
2020-07-13_14-11-27 13120
2020-07-13_14-11-27 13110
2020-07-13_14-11-27 13100
2020-07-13_14-11-27 13100
2020-07-13_14-11-27 13100
2020-07-13_14-11-27 13100
2020-07-13_14-11-27 13110
2020-07-13_14-11-27 13110
2020-07-13_14-11-27 13110
2020-07-13_14-11-27 13100
2020-07-13_14-11-27 13100
2020-07-13_14-11-27 13100
2020-07-13_14-11-27 13110
2020-07-13_14-11-27 13110
2020-07-13_14-11-27 13110
2020-07-13_14-11-27 13110
2020-07-13_14-11-27 13110
2020-07-13_14-11-27 13110
2020-07-13_14-11-27 13110
2020-07-13_14-11-27 13100
2020-07-13_14-11-27 13100
2020-07-13_14-11-27 13100
2020-07-13_14-11-27 13100
2020-07-13_14-11-27 13100
2020-07-13_14-11-27 13100
2020-07-13_14-11-27 13100
2020-07-13_14-11-27 13100
2020-07-13_14-11-27 13100
2020-07-13_14-11-27 13100
2020-07-13_14-11-27 13100
2020-07-13_14-11-27 13100
2020-07-13_14-11-27 13100
2020-07-13_14-11-27 13100
2020-07-13_14-11-27 13100
2020-07-13_14-11-27 13100
2020-07-13_14-11-27 13100
2020-07-13_14-11-27 13100
2020-07-13_14-11-27 13100
2020-07-13_14-11-27 13100
2020-07-13_14-11-27 13090
2020-07-13_14-11-27 13090
2020-07-13_14-11-27 13100
2020-07-13_14-11-27 13100
2020-07-13_14-11-27 13100
2020-07-13_14-11-27 13100
2020-07-13_14-11-27 13100
2020-07-13_14-11-27 13110
2020-07-13_14-11-27 13100
2020-07-13_14-11-27 13100
2020-07-13_14-11-27 13110
2020-07-13_14-11-27 13110
2020-07-13_14-11-27 13110
2020-07-13_14-11-27 13110
2020-07-13_14-11-27 13110
2020-07-13_14-11-27 13110
2020-07-13_14-11-27 13110
2020-07-13_14-11-27 13110
2020-07-13_14-11-27 13110
2020-07-13_14-11-27 13100
2020-07-13_14-11-27 13100
2020-07-13_14-11-27 13100
2020-07-13_14-11-27 13100
2020-07-13_14-11-27 13100
2020-07-13_14-11-27 13100
2020-07-13_14-11-27 13100
2020-07-13_14-11-27 13100
2020-07-13_14-11-27 13100
2020-07-13_14-11-27 13100
2020-07-13_14-11-27 13100
2020-07-13_14-11-27 13100
2020-07-13_14-11-27 13100
2020-07-13_14-11-27 13100
2020-07-13_14-11-27 13100
2020-07-13_14-11-27 13100
2020-07-13_14-11-27 13100
2020-07-13_14-11-27 13100
2020-07-13_14-11-27 13100
2020-07-13_14-11-27 13100
2020-07-13_14-11-27 13100
2020-07-13_14-11-27 13100
2020-07-13_14-11-27 13100
2020-07-13_14-11-27 13100
2020-07-13_14-11-27 13100
2020-07-13_14-11-28 13100
2020-07-13_14-11-28 13110
2020-07-13_14-11-28 13110
2020-07-13_14-11-28 13110
2020-07-13_14-11-28 13110
2020-07-13_14-11-28 13110
2020-07-13_14-11-28 13110
2020-07-13_14-11-28 13100
2020-07-13_14-11-28 13100
2020-07-13_14-11-28 13100
2020-07-13_14-11-28 13100
2020-07-13_14-11-28 13100
2020-07-13_14-11-28 13110
2020-07-13_14-11-28 13110
2020-07-13_14-11-28 13110
2020-07-13_14-11-28 13110
2020-07-13_14-11-28 13110
2020-07-13_14-11-28 13110
2020-07-13_14-11-28 13110
2020-07-13_14-11-28 13110
2020-07-13_14-11-28 13110
2020-07-13_14-11-28 13110
2020-07-13_14-11-28 13110
2020-07-13_14-11-28 13110
2020-07-13_14-11-28 13110
2020-07-13_14-11-28 13110
2020-07-13_14-11-28 13110
2020-07-13_14-11-28 13100
2020-07-13_14-11-28 13100
2020-07-13_14-11-28 13100
2020-07-13_14-11-28 13110
2020-07-13_14-11-28 13110
2020-07-13_14-11-28 13100
2020-07-13_14-11-28 13100
2020-07-13_14-11-28 13100
2020-07-13_14-11-28 13110
2020-07-13_14-11-28 13110
2020-07-13_14-11-28 13110
2020-07-13_14-11-28 13110
2020-07-13_14-11-28 13110
2020-07-13_14-11-28 13110
2020-07-13_14-11-28 13100
2020-07-13_14-11-28 13100
2020-07-13_14-11-28 13100
2020-07-13_14-11-28 13100
2020-07-13_14-11-28 13100
2020-07-13_14-11-28 13100
2020-07-13_14-11-28 13100
2020-07-13_14-11-28 13110
2020-07-13_14-11-28 13110
2020-07-13_14-11-28 13110
2020-07-13_14-11-28 13110
2020-07-13_14-11-28 13110
2020-07-13_14-11-28 13110
2020-07-13_14-11-28 13110
2020-07-13_14-11-28 13110
2020-07-13_14-11-28 13110
2020-07-13_14-11-28 13110
2020-07-13_14-11-28 13110
2020-07-13_14-11-28 13110
2020-07-13_14-11-28 13110
2020-07-13_14-11-28 13110
2020-07-13_14-11-28 13110
2020-07-13_14-11-28 13100
2020-07-13_14-11-28 13090
2020-07-13_14-11-28 13100
2020-07-13_14-11-28 13100
2020-07-13_14-11-28 13110
2020-07-13_14-11-28 13100
2020-07-13_14-11-28 13100
2020-07-13_14-11-28 13100
2020-07-13_14-11-28 13100
2020-07-13_14-11-28 13100
2020-07-13_14-11-28 13100
2020-07-13_14-11-28 13100
2020-07-13_14-11-28 13100
2020-07-13_14-11-28 13100
2020-07-13_14-11-28 13100
2020-07-13_14-11-28 13100
2020-07-13_14-11-28 13100
2020-07-13_14-11-28 13100
2020-07-13_14-11-28 13100
2020-07-13_14-11-28 13100
2020-07-13_14-11-28 13100
2020-07-13_14-11-28 13100
2020-07-13_14-11-28 13100
2020-07-13_14-11-28 13110
2020-07-13_14-11-28 13100
2020-07-13_14-11-28 13100
2020-07-13_14-11-28 13110
2020-07-13_14-11-28 13110
2020-07-13_14-11-28 13110
2020-07-13_14-11-28 13110
2020-07-13_14-11-28 13100
2020-07-13_14-11-28 13100
2020-07-13_14-11-28 13100
2020-07-13_14-11-28 13100
2020-07-13_14-11-28 13100
2020-07-13_14-11-28 13100
2020-07-13_14-11-28 13100
2020-07-13_14-11-28 13100
2020-07-13_14-11-28 13100
2020-07-13_14-11-28 13110
2020-07-13_14-11-28 13110
2020-07-13_14-11-28 13110
2020-07-13_14-11-28 13110
2020-07-13_14-11-28 13110
2020-07-13_14-11-28 13110
2020-07-13_14-11-28 13100
2020-07-13_14-11-28 13100
2020-07-13_14-11-28 13100
2020-07-13_14-11-28 13100
2020-07-13_14-11-28 13100
2020-07-13_14-11-28 13100
2020-07-13_14-11-28 13100
2020-07-13_14-11-28 13100
2020-07-13_14-11-28 13100
2020-07-13_14-11-28 13100
2020-07-13_14-11-28 13100
2020-07-13_14-11-28 13100
2020-07-13_14-11-28 13110
2020-07-13_14-11-28 13100
2020-07-13_14-11-28 13110
2020-07-13_14-11-28 13100
2020-07-13_14-11-28 13110
2020-07-13_14-11-28 13100
2020-07-13_14-11-28 13110
2020-07-13_14-11-28 13100
2020-07-13_14-11-28 13110
2020-07-13_14-11-28 13100
2020-07-13_14-11-28 13110
2020-07-13_14-11-28 13100
2020-07-13_14-11-28 13100
2020-07-13_14-11-28 13100
2020-07-13_14-11-28 13100
2020-07-13_14-11-28 13100
2020-07-13_14-11-28 13100
2020-07-13_14-11-28 13100
2020-07-13_14-11-28 13100
2020-07-13_14-11-28 13100
2020-07-13_14-11-28 13100
2020-07-13_14-11-28 13100
2020-07-13_14-11-28 13100
2020-07-13_14-11-28 13100
2020-07-13_14-11-28 13110
2020-07-13_14-11-28 13110
2020-07-13_14-11-28 13110
2020-07-13_14-11-28 13110
2020-07-13_14-11-28 13110
2020-07-13_14-11-28 13110
2020-07-13_14-11-28 13100
2020-07-13_14-11-28 13110
2020-07-13_14-11-28 13100
2020-07-13_14-11-28 13110
2020-07-13_14-11-28 13100
2020-07-13_14-11-28 13100
2020-07-13_14-11-28 13100
2020-07-13_14-11-28 13100
2020-07-13_14-11-28 13100
2020-07-13_14-11-28 13100
2020-07-13_14-11-28 13110
2020-07-13_14-11-28 13100
2020-07-13_14-11-28 13090
2020-07-13_14-11-28 13110
2020-07-13_14-11-28 13100
2020-07-13_14-11-28 13100
2020-07-13_14-11-28 13100
2020-07-13_14-11-28 13100
2020-07-13_14-11-28 13100
2020-07-13_14-11-28 13100
2020-07-13_14-11-28 13100
2020-07-13_14-11-28 13100
2020-07-13_14-11-28 13100
2020-07-13_14-11-28 13100
2020-07-13_14-11-28 13100
2020-07-13_14-11-28 13100
2020-07-13_14-11-28 13100
2020-07-13_14-11-28 13100
2020-07-13_14-11-28 13100
2020-07-13_14-11-28 13100
2020-07-13_14-11-28 13100
2020-07-13_14-11-28 13100
2020-07-13_14-11-28 13100
2020-07-13_14-11-28 13100
2020-07-13_14-11-28 13100
2020-07-13_14-11-28 13100
2020-07-13_14-11-28 13100
2020-07-13_14-11-28 13100
2020-07-13_14-11-28 13100
2020-07-13_14-11-28 13100
2020-07-13_14-11-28 13100
2020-07-13_14-11-28 13100
2020-07-13_14-11-28 13100
2020-07-13_14-11-28 13100
2020-07-13_14-11-28 13100
2020-07-13_14-11-28 13100
2020-07-13_14-11-28 13100
2020-07-13_14-11-28 13100
2020-07-13_14-11-28 13100
2020-07-13_14-11-28 13100
2020-07-13_14-11-28 13100
2020-07-13_14-11-28 13100
2020-07-13_14-11-28 13100
2020-07-13_14-11-28 13100
2020-07-13_14-11-28 13100
2020-07-13_14-11-28 13110
2020-07-13_14-11-28 13100
2020-07-13_14-11-28 13110
2020-07-13_14-11-28 13100
2020-07-13_14-11-28 13100
2020-07-13_14-11-28 13100
2020-07-13_14-11-28 13100
2020-07-13_14-11-28 13100
2020-07-13_14-11-28 13100
2020-07-13_14-11-28 13100
2020-07-13_14-11-28 13110
2020-07-13_14-11-28 13100
2020-07-13_14-11-28 13100
2020-07-13_14-11-28 13100
2020-07-13_14-11-28 13090
2020-07-13_14-11-28 13100
2020-07-13_14-11-28 13100
2020-07-13_14-11-28 13100
2020-07-13_14-11-28 13100
2020-07-13_14-11-28 13110
2020-07-13_14-11-28 13100
2020-07-13_14-11-28 13100
2020-07-13_14-11-28 13100
2020-07-13_14-11-28 13100
2020-07-13_14-11-28 13100
2020-07-13_14-11-28 13100
2020-07-13_14-11-28 13100
2020-07-13_14-11-28 13100
2020-07-13_14-11-28 13100
2020-07-13_14-11-28 13100
2020-07-13_14-11-28 13100
2020-07-13_14-11-28 13100
2020-07-13_14-11-28 13110
2020-07-13_14-11-28 13110
2020-07-13_14-11-28 13110
2020-07-13_14-11-28 13100
2020-07-13_14-11-28 13110
2020-07-13_14-11-28 13100
2020-07-13_14-11-28 13110
2020-07-13_14-11-28 13100
2020-07-13_14-11-28 13110
2020-07-13_14-11-28 13100
2020-07-13_14-11-28 13110
2020-07-13_14-11-28 13100
2020-07-13_14-11-28 13110
2020-07-13_14-11-28 13100
2020-07-13_14-11-28 13110
2020-07-13_14-11-28 13100
2020-07-13_14-11-28 13110
2020-07-13_14-11-28 13100
2020-07-13_14-11-28 13110
2020-07-13_14-11-28 13100
2020-07-13_14-11-28 13110
2020-07-13_14-11-28 13100
2020-07-13_14-11-28 13110
2020-07-13_14-11-28 13100
2020-07-13_14-11-28 13110
2020-07-13_14-11-28 13100
2020-07-13_14-11-28 13110
2020-07-13_14-11-28 13110
2020-07-13_14-11-28 13100
2020-07-13_14-11-28 13110
2020-07-13_14-11-28 13100
2020-07-13_14-11-28 13110
2020-07-13_14-11-28 13100
2020-07-13_14-11-28 13110
2020-07-13_14-11-28 13100
2020-07-13_14-11-28 13090
2020-07-13_14-11-28 13110
2020-07-13_14-11-28 13100
2020-07-13_14-11-28 13110
2020-07-13_14-11-28 13110
2020-07-13_14-11-28 13110
2020-07-13_14-11-28 13110
2020-07-13_14-11-28 13100
2020-07-13_14-11-28 13110
2020-07-13_14-11-28 13100
2020-07-13_14-11-28 13110
2020-07-13_14-11-28 13100
2020-07-13_14-11-28 13100
2020-07-13_14-11-28 13100
2020-07-13_14-11-28 13100
2020-07-13_14-11-28 13100
2020-07-13_14-11-28 13090
2020-07-13_14-11-28 13100
2020-07-13_14-11-28 13100
2020-07-13_14-11-28 13100
2020-07-13_14-11-28 13100
2020-07-13_14-11-28 13100
2020-07-13_14-11-28 13100
2020-07-13_14-11-28 13100
2020-07-13_14-11-28 13100
2020-07-13_14-11-28 13100
2020-07-13_14-11-28 13100
2020-07-13_14-11-28 13100
2020-07-13_14-11-28 13110
2020-07-13_14-11-28 13100
2020-07-13_14-11-28 13110
2020-07-13_14-11-28 13100
2020-07-13_14-11-28 13120
2020-07-13_14-11-28 13100
2020-07-13_14-11-28 13120
2020-07-13_14-11-28 13100
2020-07-13_14-11-28 13120
2020-07-13_14-11-28 13100
2020-07-13_14-11-28 13110
2020-07-13_14-11-28 13100
2020-07-13_14-11-28 13210
2020-07-13_14-11-28 13100
2020-07-13_14-11-28 13180
2020-07-13_14-11-28 13100
2020-07-13_14-11-28 13180
2020-07-13_14-11-28 13100
2020-07-13_14-11-28 13100
2020-07-13_14-11-28 13200
2020-07-13_14-11-28 13100
2020-07-13_14-11-28 13230
2020-07-13_14-11-28 13270
2020-07-13_14-11-28 13100
2020-07-13_14-11-28 13250
2020-07-13_14-11-28 13100
2020-07-13_14-11-28 13100
2020-07-13_14-11-28 13220
2020-07-13_14-11-28 13200
2020-07-13_14-11-28 13100
2020-07-13_14-11-28 13200
2020-07-13_14-11-28 13100
2020-07-13_14-11-28 13200
2020-07-13_14-11-28 13100
2020-07-13_14-11-28 13100
2020-07-13_14-11-28 13190
2020-07-13_14-11-28 13210
2020-07-13_14-11-28 13100
2020-07-13_14-11-28 13210
2020-07-13_14-11-28 13100
2020-07-13_14-11-28 13200
2020-07-13_14-11-28 13100
2020-07-13_14-11-28 13200
2020-07-13_14-11-28 13100
2020-07-13_14-11-28 13200
2020-07-13_14-11-28 13100
2020-07-13_14-11-28 13230
2020-07-13_14-11-28 13100
2020-07-13_14-11-28 13250
2020-07-13_14-11-28 13100
2020-07-13_14-11-28 13250
2020-07-13_14-11-28 13100
2020-07-13_14-11-28 13210
2020-07-13_14-11-28 13100
2020-07-13_14-11-28 13210
2020-07-13_14-11-28 13100
2020-07-13_14-11-28 13210
2020-07-13_14-11-28 13110
2020-07-13_14-11-28 13210
2020-07-13_14-11-28 13110
2020-07-13_14-11-28 13210
2020-07-13_14-11-28 13100
2020-07-13_14-11-28 13220
2020-07-13_14-11-28 13100
2020-07-13_14-11-28 13220
2020-07-13_14-11-28 13100
2020-07-13_14-11-28 13220
2020-07-13_14-11-28 13100
2020-07-13_14-11-28 13210
2020-07-13_14-11-28 13110
2020-07-13_14-11-28 13110
2020-07-13_14-11-28 13210
2020-07-13_14-11-28 13100
2020-07-13_14-11-28 13210
2020-07-13_14-11-28 13100
2020-07-13_14-11-28 13210
2020-07-13_14-11-28 13100
2020-07-13_14-11-28 13220
2020-07-13_14-11-28 13100
2020-07-13_14-11-28 13210
2020-07-13_14-11-28 13100
2020-07-13_14-11-28 13210
2020-07-13_14-11-28 13210
2020-07-13_14-11-28 13100
2020-07-13_14-11-28 13220
2020-07-13_14-11-28 13100
2020-07-13_14-11-28 13100
2020-07-13_14-11-28 13100
2020-07-13_14-11-28 13100
2020-07-13_14-11-28 13100
2020-07-13_14-11-28 13100
2020-07-13_14-11-28 13100
2020-07-13_14-11-28 13100
2020-07-13_14-11-28 13100
2020-07-13_14-11-28 13100
2020-07-13_14-11-28 13100
2020-07-13_14-11-28 13100
2020-07-13_14-11-28 13100
2020-07-13_14-11-28 13110
2020-07-13_14-11-28 13110
2020-07-13_14-11-28 13100
2020-07-13_14-11-28 13100
2020-07-13_14-11-28 13100
2020-07-13_14-11-28 13110
2020-07-13_14-11-28 13110
2020-07-13_14-11-28 13110
2020-07-13_14-11-28 13120
2020-07-13_14-11-28 13110
2020-07-13_14-11-28 13110
2020-07-13_14-11-28 13110
2020-07-13_14-11-28 13110
2020-07-13_14-11-28 13100
2020-07-13_14-11-28 13110
2020-07-13_14-11-28 13110
2020-07-13_14-11-28 13110
2020-07-13_14-11-28 13110
2020-07-13_14-11-28 13110
2020-07-13_14-11-28 13100
2020-07-13_14-11-28 13100
2020-07-13_14-11-28 13100
2020-07-13_14-11-28 13110
2020-07-13_14-11-28 13110
2020-07-13_14-11-28 13100
2020-07-13_14-11-28 13100
2020-07-13_14-11-28 13100
2020-07-13_14-11-28 13100
2020-07-13_14-11-28 13100
2020-07-13_14-11-28 13100
2020-07-13_14-11-28 13100
2020-07-13_14-11-28 13100
2020-07-13_14-11-28 13100
2020-07-13_14-11-28 13100
2020-07-13_14-11-28 13100
2020-07-13_14-11-28 13100
2020-07-13_14-11-28 13110
2020-07-13_14-11-28 13140
2020-07-13_14-11-28 13190
2020-07-13_14-11-28 13220
2020-07-13_14-11-28 13230
2020-07-13_14-11-28 13220
2020-07-13_14-11-28 13220
2020-07-13_14-11-28 13220
2020-07-13_14-11-28 13230
2020-07-13_14-11-28 13240
2020-07-13_14-11-28 13240
2020-07-13_14-11-28 13230
2020-07-13_14-11-28 13220
2020-07-13_14-11-28 13210
2020-07-13_14-11-28 13210
2020-07-13_14-11-28 13220
2020-07-13_14-11-28 13220
2020-07-13_14-11-28 13220
2020-07-13_14-11-28 13210
2020-07-13_14-11-28 13210
2020-07-13_14-11-28 13230
2020-07-13_14-11-28 13230
2020-07-13_14-11-28 13230
2020-07-13_14-11-28 13220
2020-07-13_14-11-28 13210
2020-07-13_14-11-28 13220
2020-07-13_14-11-28 13220
2020-07-13_14-11-28 13220
2020-07-13_14-11-28 13220
2020-07-13_14-11-28 13220
2020-07-13_14-11-28 13220
2020-07-13_14-11-28 13220
2020-07-13_14-11-28 13220
2020-07-13_14-11-28 13220
2020-07-13_14-11-28 13220
2020-07-13_14-11-28 13220
2020-07-13_14-11-28 13220
2020-07-13_14-11-28 13220
2020-07-13_14-11-28 13220
2020-07-13_14-11-28 13220
2020-07-13_14-11-28 13220
2020-07-13_14-11-28 13220
2020-07-13_14-11-28 13220
2020-07-13_14-11-28 13220
2020-07-13_14-11-28 13220
2020-07-13_14-11-28 13220
2020-07-13_14-11-28 13220
2020-07-13_14-11-28 13220
2020-07-13_14-11-28 13220
2020-07-13_14-11-28 13220
2020-07-13_14-11-28 13220
2020-07-13_14-11-28 13220
2020-07-13_14-11-28 13200
2020-07-13_14-11-28 13210
2020-07-13_14-11-28 13220
2020-07-13_14-11-28 13220
2020-07-13_14-11-28 13210
2020-07-13_14-11-28 13200
2020-07-13_14-11-28 13200
2020-07-13_14-11-28 13200
2020-07-13_14-11-28 13190
2020-07-13_14-11-28 13180
2020-07-13_14-11-28 13170
2020-07-13_14-11-28 13180
2020-07-13_14-11-28 13180
2020-07-13_14-11-28 13200
2020-07-13_14-11-28 13180
2020-07-13_14-11-28 13190
2020-07-13_14-11-28 13200
2020-07-13_14-11-28 13220
2020-07-13_14-11-28 13170
2020-07-13_14-11-28 12870
2020-07-13_14-11-28 12310
2020-07-13_14-11-28 11740
2020-07-13_14-11-28 11390
2020-07-13_14-11-28 11260
2020-07-13_14-11-28 11150
2020-07-13_14-11-28 11080
2020-07-13_14-11-28 11020
2020-07-13_14-11-28 11120
2020-07-13_14-11-28 10910
2020-07-13_14-11-28 10510
2020-07-13_14-11-28 9300
2020-07-13_14-11-28 8640
2020-07-13_14-11-28 8630
2020-07-13_14-11-28 8760
2020-07-13_14-11-28 8680
2020-07-13_14-11-28 8690
2020-07-13_14-11-28 8680
2020-07-13_14-11-28 8780
2020-07-13_14-11-28 8410
2020-07-13_14-11-28 11090
2020-07-13_14-11-28 11080
2020-07-13_14-11-28 11020
2020-07-13_14-11-28 10980
2020-07-13_14-11-28 11100
2020-07-13_14-11-28 11070
2020-07-13_14-11-28 9920
2020-07-13_14-11-28 8870
2020-07-13_14-11-28 8710
2020-07-13_14-11-28 8720
2020-07-13_14-11-28 8670
2020-07-13_14-11-28 8720
2020-07-13_14-11-28 8750
2020-07-13_14-11-28 8630
2020-07-13_14-11-28 8580
2020-07-13_14-11-28 7500
2020-07-13_14-11-28 6050
2020-07-13_14-11-28 4810
2020-07-13_14-11-28 4410
2020-07-13_14-11-28 4240
2020-07-13_14-11-28 4300
2020-07-13_14-11-28 4340
2020-07-13_14-11-28 4270
2020-07-13_14-11-28 4220
2020-07-13_14-11-28 2580
2020-07-13_14-11-28 1250
