2020-07-13_14-11-22 4330
2020-07-13_14-11-22 5610
2020-07-13_14-11-22 5390
2020-07-13_14-11-22 5450
2020-07-13_14-11-22 5680
2020-07-13_14-11-22 11210
2020-07-13_14-11-22 12890
2020-07-13_14-11-22 20360
2020-07-13_14-11-22 20340
2020-07-13_14-11-22 20340
2020-07-13_14-11-22 20350
2020-07-13_14-11-22 20350
2020-07-13_14-11-22 20350
2020-07-13_14-11-22 20350
2020-07-13_14-11-22 20360
2020-07-13_14-11-22 20350
2020-07-13_14-11-22 20350
2020-07-13_14-11-22 20350
2020-07-13_14-11-22 20350
2020-07-13_14-11-22 20340
2020-07-13_14-11-22 20340
2020-07-13_14-11-22 20330
2020-07-13_14-11-22 20330
2020-07-13_14-11-22 20330
2020-07-13_14-11-22 20330
2020-07-13_14-11-22 20330
2020-07-13_14-11-22 20340
2020-07-13_14-11-22 20340
2020-07-13_14-11-22 20340
2020-07-13_14-11-22 20340
2020-07-13_14-11-22 20350
2020-07-13_14-11-22 20350
2020-07-13_14-11-22 20340
2020-07-13_14-11-22 20340
2020-07-13_14-11-22 20350
2020-07-13_14-11-22 20350
2020-07-13_14-11-22 20350
2020-07-13_14-11-22 20340
2020-07-13_14-11-22 20340
2020-07-13_14-11-22 20340
2020-07-13_14-11-22 20340
2020-07-13_14-11-22 20340
2020-07-13_14-11-22 20350
2020-07-13_14-11-22 20350
2020-07-13_14-11-22 20360
2020-07-13_14-11-22 20350
