2020-07-13_14-10-54 1570
2020-07-13_14-10-54 3650
2020-07-13_14-10-54 5670
2020-07-13_14-10-54 5950
2020-07-13_14-10-54 5690
2020-07-13_14-10-54 5550
2020-07-13_14-10-54 5640
2020-07-13_14-10-54 5750
2020-07-13_14-10-54 5790
2020-07-13_14-10-54 5800
2020-07-13_14-10-54 5820
2020-07-13_14-10-54 5810
2020-07-13_14-10-54 5740
2020-07-13_14-10-54 5680
2020-07-13_14-10-54 5800
2020-07-13_14-10-54 6670
2020-07-13_14-10-54 8140
2020-07-13_14-10-54 9320
2020-07-13_14-10-54 9680
2020-07-13_14-10-54 9560
2020-07-13_14-10-54 9570
2020-07-13_14-10-54 9640
2020-07-13_14-10-54 9570
2020-07-13_14-10-54 9540
2020-07-13_14-10-54 9590
2020-07-13_14-10-54 9620
2020-07-13_14-10-54 9580
2020-07-13_14-10-54 9510
2020-07-13_14-10-54 9500
2020-07-13_14-10-54 9550
2020-07-13_14-10-54 9590
2020-07-13_14-10-54 9560
2020-07-13_14-10-54 9560
2020-07-13_14-10-54 9550
2020-07-13_14-10-54 9570
2020-07-13_14-10-54 9580
2020-07-13_14-10-54 9640
2020-07-13_14-10-54 9720
2020-07-13_14-10-54 9810
2020-07-13_14-10-54 9860
2020-07-13_14-10-54 9860
2020-07-13_14-10-54 9860
2020-07-13_14-10-54 9870
2020-07-13_14-10-54 9850
2020-07-13_14-10-54 9760
2020-07-13_14-10-54 9670
2020-07-13_14-10-54 9620
2020-07-13_14-10-54 9630
2020-07-13_14-10-54 9640
2020-07-13_14-10-54 9640
2020-07-13_14-10-54 9650
2020-07-13_14-10-54 9660
2020-07-13_14-10-54 9740
2020-07-13_14-10-54 10080
2020-07-13_14-10-54 10620
2020-07-13_14-10-54 11120
2020-07-13_14-10-54 11390
2020-07-13_14-10-54 11470
2020-07-13_14-10-54 11550
2020-07-13_14-10-54 11630
2020-07-13_14-10-54 11710
2020-07-13_14-10-54 11780
2020-07-13_14-10-54 11840
2020-07-13_14-10-54 11900
2020-07-13_14-10-54 11940
2020-07-13_14-10-54 12000
2020-07-13_14-10-54 12040
2020-07-13_14-10-54 12170
2020-07-13_14-10-54 12340
2020-07-13_14-10-54 12450
2020-07-13_14-10-54 12470
2020-07-13_14-10-54 12450
2020-07-13_14-10-54 12460
2020-07-13_14-10-54 12390
2020-07-13_14-10-54 12240
2020-07-13_14-10-54 12120
2020-07-13_14-10-54 12100
2020-07-13_14-10-54 12100
2020-07-13_14-10-54 12120
2020-07-13_14-10-54 12130
2020-07-13_14-10-54 12190
2020-07-13_14-10-54 12270
2020-07-13_14-10-54 12350
2020-07-13_14-10-54 12480
2020-07-13_14-10-54 12640
2020-07-13_14-10-54 12890
2020-07-13_14-10-54 13260
2020-07-13_14-10-54 13740
2020-07-13_14-10-54 14230
2020-07-13_14-10-54 14590
2020-07-13_14-10-54 14790
2020-07-13_14-10-54 14850
2020-07-13_14-10-54 14840
2020-07-13_14-10-54 14850
2020-07-13_14-10-54 14860
2020-07-13_14-10-54 14860
2020-07-13_14-10-54 14860
2020-07-13_14-10-54 14860
2020-07-13_14-10-54 14860
2020-07-13_14-10-54 14820
2020-07-13_14-10-54 14730
2020-07-13_14-10-54 14730
2020-07-13_14-10-54 14930
2020-07-13_14-10-54 15010
2020-07-13_14-10-54 15000
2020-07-13_14-10-54 14850
2020-07-13_14-10-54 14760
2020-07-13_14-10-54 14810
2020-07-13_14-10-54 14780
2020-07-13_14-10-54 14900
2020-07-13_14-10-54 14900
2020-07-13_14-10-54 14870
2020-07-13_14-10-54 14840
2020-07-13_14-10-54 14780
2020-07-13_14-10-54 14830
2020-07-13_14-10-54 14880
2020-07-13_14-10-54 14910
2020-07-13_14-10-54 14890
2020-07-13_14-10-54 14830
2020-07-13_14-10-54 14820
2020-07-13_14-10-54 14840
2020-07-13_14-10-54 14880
2020-07-13_14-10-54 14890
2020-07-13_14-10-54 14870
2020-07-13_14-10-54 14830
2020-07-13_14-10-54 14830
2020-07-13_14-10-54 14850
2020-07-13_14-10-54 14870
2020-07-13_14-10-54 14880
2020-07-13_14-10-54 14870
2020-07-13_14-10-54 14860
2020-07-13_14-10-54 14880
2020-07-13_14-10-54 14830
2020-07-13_14-10-54 14830
2020-07-13_14-10-54 14840
2020-07-13_14-10-54 14900
2020-07-13_14-10-54 14890
2020-07-13_14-10-54 14890
2020-07-13_14-10-54 14890
2020-07-13_14-10-54 14910
2020-07-13_14-10-54 14880
2020-07-13_14-10-54 14870
2020-07-13_14-10-54 14860
2020-07-13_14-10-54 14850
2020-07-13_14-10-54 14850
2020-07-13_14-10-54 14850
2020-07-13_14-10-54 14870
2020-07-13_14-10-54 14870
2020-07-13_14-10-54 14860
2020-07-13_14-10-54 14850
2020-07-13_14-10-54 14850
2020-07-13_14-10-54 14850
2020-07-13_14-10-54 14860
2020-07-13_14-10-54 14860
2020-07-13_14-10-54 14850
2020-07-13_14-10-54 14850
2020-07-13_14-10-54 14850
2020-07-13_14-10-54 14860
2020-07-13_14-10-54 14860
2020-07-13_14-10-54 14860
2020-07-13_14-10-54 14860
2020-07-13_14-10-54 14860
2020-07-13_14-10-54 14860
2020-07-13_14-10-54 14860
2020-07-13_14-10-54 14860
2020-07-13_14-10-54 14860
2020-07-13_14-10-54 14860
2020-07-13_14-10-54 14850
2020-07-13_14-10-54 14850
2020-07-13_14-10-54 14860
2020-07-13_14-10-54 14870
2020-07-13_14-10-54 14870
2020-07-13_14-10-54 14870
2020-07-13_14-10-54 14870
2020-07-13_14-10-54 14860
2020-07-13_14-10-54 14860
2020-07-13_14-10-54 14860
2020-07-13_14-10-54 14860
2020-07-13_14-10-54 14860
2020-07-13_14-10-54 14850
2020-07-13_14-10-54 14850
2020-07-13_14-10-54 14850
2020-07-13_14-10-54 14860
2020-07-13_14-10-54 14860
2020-07-13_14-10-54 14860
2020-07-13_14-10-54 14850
2020-07-13_14-10-54 14850
2020-07-13_14-10-54 14850
2020-07-13_14-10-54 14850
2020-07-13_14-10-54 14850
2020-07-13_14-10-54 14860
2020-07-13_14-10-54 14860
2020-07-13_14-10-54 14860
2020-07-13_14-10-54 14860
2020-07-13_14-10-54 14860
2020-07-13_14-10-54 14860
2020-07-13_14-10-54 14860
2020-07-13_14-10-54 14860
2020-07-13_14-10-54 14860
2020-07-13_14-10-54 14860
2020-07-13_14-10-54 14860
2020-07-13_14-10-54 14860
2020-07-13_14-10-54 14860
2020-07-13_14-10-54 14860
2020-07-13_14-10-54 14860
2020-07-13_14-10-54 14860
2020-07-13_14-10-54 14860
2020-07-13_14-10-54 14860
2020-07-13_14-10-54 14850
2020-07-13_14-10-54 14850
2020-07-13_14-10-54 14850
2020-07-13_14-10-54 14860
2020-07-13_14-10-54 14860
2020-07-13_14-10-54 14860
2020-07-13_14-10-54 14860
2020-07-13_14-10-54 14860
2020-07-13_14-10-54 14870
2020-07-13_14-10-54 14860
2020-07-13_14-10-54 14860
2020-07-13_14-10-54 14860
2020-07-13_14-10-54 14860
2020-07-13_14-10-54 14870
2020-07-13_14-10-54 14860
2020-07-13_14-10-54 14870
2020-07-13_14-10-54 14860
2020-07-13_14-10-54 14860
2020-07-13_14-10-54 14850
2020-07-13_14-10-54 14850
2020-07-13_14-10-54 14860
2020-07-13_14-10-54 14870
2020-07-13_14-10-54 14860
2020-07-13_14-10-54 14850
2020-07-13_14-10-54 14840
2020-07-13_14-10-54 14850
2020-07-13_14-10-54 14860
2020-07-13_14-10-54 14850
2020-07-13_14-10-54 14840
2020-07-13_14-10-54 14840
2020-07-13_14-10-54 14850
2020-07-13_14-10-54 14850
2020-07-13_14-10-54 14860
2020-07-13_14-10-54 14870
2020-07-13_14-10-54 14860
2020-07-13_14-10-54 14840
2020-07-13_14-10-54 14840
2020-07-13_14-10-54 14860
2020-07-13_14-10-54 14880
2020-07-13_14-10-54 14890
2020-07-13_14-10-54 14880
2020-07-13_14-10-54 14860
2020-07-13_14-10-54 14840
2020-07-13_14-10-54 14830
2020-07-13_14-10-54 14830
2020-07-13_14-10-54 14820
2020-07-13_14-10-54 14810
2020-07-13_14-10-54 14790
2020-07-13_14-10-54 14770
2020-07-13_14-10-54 14750
2020-07-13_14-10-54 14750
2020-07-13_14-10-54 14760
2020-07-13_14-10-54 14770
2020-07-13_14-10-54 14770
2020-07-13_14-10-54 14770
2020-07-13_14-10-54 14760
2020-07-13_14-10-54 14750
2020-07-13_14-10-54 14760
2020-07-13_14-10-54 14760
2020-07-13_14-10-54 14750
2020-07-13_14-10-54 14750
2020-07-13_14-10-54 14750
2020-07-13_14-10-54 14760
2020-07-13_14-10-54 14760
2020-07-13_14-10-54 14750
2020-07-13_14-10-54 14750
2020-07-13_14-10-54 14750
2020-07-13_14-10-54 14760
2020-07-13_14-10-54 14760
2020-07-13_14-10-54 14760
2020-07-13_14-10-54 14760
2020-07-13_14-10-54 14760
2020-07-13_14-10-54 14770
2020-07-13_14-10-54 14770
2020-07-13_14-10-54 14760
2020-07-13_14-10-54 14760
2020-07-13_14-10-54 14760
2020-07-13_14-10-54 14760
2020-07-13_14-10-54 14760
2020-07-13_14-10-54 14760
2020-07-13_14-10-54 14770
2020-07-13_14-10-54 14770
2020-07-13_14-10-54 14760
2020-07-13_14-10-54 14760
2020-07-13_14-10-54 14760
2020-07-13_14-10-54 14770
2020-07-13_14-10-54 14770
2020-07-13_14-10-54 14770
2020-07-13_14-10-54 14770
2020-07-13_14-10-54 14770
2020-07-13_14-10-54 14770
2020-07-13_14-10-54 14760
2020-07-13_14-10-54 14760
2020-07-13_14-10-54 14760
2020-07-13_14-10-54 14760
2020-07-13_14-10-54 14760
2020-07-13_14-10-54 14760
2020-07-13_14-10-54 14760
2020-07-13_14-10-54 14760
2020-07-13_14-10-54 14760
2020-07-13_14-10-54 14770
2020-07-13_14-10-54 14770
2020-07-13_14-10-54 14770
2020-07-13_14-10-54 14770
2020-07-13_14-10-54 14770
2020-07-13_14-10-54 14770
2020-07-13_14-10-54 14770
2020-07-13_14-10-54 14760
2020-07-13_14-10-54 14760
2020-07-13_14-10-54 14750
2020-07-13_14-10-54 14750
2020-07-13_14-10-54 14750
2020-07-13_14-10-54 14760
2020-07-13_14-10-54 14760
2020-07-13_14-10-54 14760
2020-07-13_14-10-54 14760
2020-07-13_14-10-54 14760
2020-07-13_14-10-54 14760
2020-07-13_14-10-54 14760
2020-07-13_14-10-54 14760
2020-07-13_14-10-54 14760
2020-07-13_14-10-54 14760
2020-07-13_14-10-54 14760
2020-07-13_14-10-54 14760
2020-07-13_14-10-54 14760
2020-07-13_14-10-54 14760
2020-07-13_14-10-54 14760
2020-07-13_14-10-54 14760
2020-07-13_14-10-54 14760
2020-07-13_14-10-54 14760
2020-07-13_14-10-54 14760
2020-07-13_14-10-54 14760
2020-07-13_14-10-54 14760
2020-07-13_14-10-54 14760
2020-07-13_14-10-54 14760
2020-07-13_14-10-54 14760
2020-07-13_14-10-54 14760
2020-07-13_14-10-54 14760
2020-07-13_14-10-54 14760
2020-07-13_14-10-54 14760
2020-07-13_14-10-54 14760
2020-07-13_14-10-54 14760
2020-07-13_14-10-54 14760
2020-07-13_14-10-54 14760
2020-07-13_14-10-54 14760
2020-07-13_14-10-54 14760
2020-07-13_14-10-54 14760
2020-07-13_14-10-54 14760
2020-07-13_14-10-54 14760
2020-07-13_14-10-54 14760
2020-07-13_14-10-54 14760
2020-07-13_14-10-54 14760
2020-07-13_14-10-54 14760
2020-07-13_14-10-54 14760
2020-07-13_14-10-54 14760
2020-07-13_14-10-54 14760
2020-07-13_14-10-54 14760
2020-07-13_14-10-54 14760
2020-07-13_14-10-54 14750
2020-07-13_14-10-54 14750
2020-07-13_14-10-54 14750
2020-07-13_14-10-54 14760
2020-07-13_14-10-54 14750
2020-07-13_14-10-54 14760
2020-07-13_14-10-54 14760
2020-07-13_14-10-54 14760
2020-07-13_14-10-54 14760
2020-07-13_14-10-54 14760
2020-07-13_14-10-54 14760
2020-07-13_14-10-54 14760
2020-07-13_14-10-54 14760
2020-07-13_14-10-54 14760
2020-07-13_14-10-54 14760
2020-07-13_14-10-54 14760
2020-07-13_14-10-54 14760
2020-07-13_14-10-54 14760
2020-07-13_14-10-54 14760
2020-07-13_14-10-54 14770
2020-07-13_14-10-54 14770
2020-07-13_14-10-54 14770
2020-07-13_14-10-54 14770
2020-07-13_14-10-54 14770
2020-07-13_14-10-54 14760
2020-07-13_14-10-54 14760
2020-07-13_14-10-54 14760
2020-07-13_14-10-54 14760
2020-07-13_14-10-54 14770
2020-07-13_14-10-54 14770
2020-07-13_14-10-54 14770
2020-07-13_14-10-54 14770
2020-07-13_14-10-54 14770
2020-07-13_14-10-54 14770
2020-07-13_14-10-54 14760
2020-07-13_14-10-54 14760
2020-07-13_14-10-54 14760
2020-07-13_14-10-54 14760
2020-07-13_14-10-54 14770
2020-07-13_14-10-54 14770
2020-07-13_14-10-54 14770
2020-07-13_14-10-54 14770
2020-07-13_14-10-54 14770
2020-07-13_14-10-54 14770
2020-07-13_14-10-54 14770
2020-07-13_14-10-54 14760
2020-07-13_14-10-54 14760
2020-07-13_14-10-54 14760
2020-07-13_14-10-54 14760
2020-07-13_14-10-54 14760
2020-07-13_14-10-54 14760
2020-07-13_14-10-54 14760
2020-07-13_14-10-54 14760
2020-07-13_14-10-54 14760
2020-07-13_14-10-54 14760
2020-07-13_14-10-54 14770
2020-07-13_14-10-54 14770
2020-07-13_14-10-54 14760
2020-07-13_14-10-54 14760
2020-07-13_14-10-54 14760
2020-07-13_14-10-54 14770
2020-07-13_14-10-54 14770
2020-07-13_14-10-54 14770
2020-07-13_14-10-54 14770
2020-07-13_14-10-54 14770
2020-07-13_14-10-54 14770
2020-07-13_14-10-54 14760
2020-07-13_14-10-54 14760
2020-07-13_14-10-54 14760
2020-07-13_14-10-54 14760
2020-07-13_14-10-54 14760
2020-07-13_14-10-54 14760
2020-07-13_14-10-54 14760
2020-07-13_14-10-54 14760
2020-07-13_14-10-54 14760
2020-07-13_14-10-55 14760
2020-07-13_14-10-55 14760
2020-07-13_14-10-55 14760
2020-07-13_14-10-55 14760
2020-07-13_14-10-55 14750
2020-07-13_14-10-55 14760
2020-07-13_14-10-55 14760
2020-07-13_14-10-55 14760
2020-07-13_14-10-55 14760
2020-07-13_14-10-55 14760
2020-07-13_14-10-55 14760
2020-07-13_14-10-55 14760
2020-07-13_14-10-55 14760
2020-07-13_14-10-55 14760
2020-07-13_14-10-55 14760
2020-07-13_14-10-55 14760
2020-07-13_14-10-55 14770
2020-07-13_14-10-55 14770
2020-07-13_14-10-55 14770
2020-07-13_14-10-55 14760
2020-07-13_14-10-55 14760
2020-07-13_14-10-55 14760
2020-07-13_14-10-55 14760
2020-07-13_14-10-55 14750
2020-07-13_14-10-55 14750
2020-07-13_14-10-55 14750
2020-07-13_14-10-55 14760
2020-07-13_14-10-55 14760
2020-07-13_14-10-55 14760
2020-07-13_14-10-55 14760
2020-07-13_14-10-55 14760
2020-07-13_14-10-55 14760
2020-07-13_14-10-55 14760
2020-07-13_14-10-55 14760
2020-07-13_14-10-55 14760
2020-07-13_14-10-55 14760
2020-07-13_14-10-55 14760
2020-07-13_14-10-55 14760
2020-07-13_14-10-55 14760
2020-07-13_14-10-55 14760
2020-07-13_14-10-55 14760
2020-07-13_14-10-55 14760
2020-07-13_14-10-55 14760
2020-07-13_14-10-55 14760
2020-07-13_14-10-55 14760
2020-07-13_14-10-55 14760
2020-07-13_14-10-55 14760
2020-07-13_14-10-55 14760
2020-07-13_14-10-55 14760
2020-07-13_14-10-55 14760
2020-07-13_14-10-55 14760
2020-07-13_14-10-55 14760
2020-07-13_14-10-55 14760
2020-07-13_14-10-55 14760
2020-07-13_14-10-55 14770
2020-07-13_14-10-55 14770
2020-07-13_14-10-55 14760
2020-07-13_14-10-55 14760
2020-07-13_14-10-55 14760
2020-07-13_14-10-55 14760
2020-07-13_14-10-55 14760
2020-07-13_14-10-55 14760
2020-07-13_14-10-55 14760
2020-07-13_14-10-55 14760
2020-07-13_14-10-55 14760
2020-07-13_14-10-55 14760
2020-07-13_14-10-55 14760
2020-07-13_14-10-55 14760
2020-07-13_14-10-55 14760
2020-07-13_14-10-55 14760
2020-07-13_14-10-55 14760
2020-07-13_14-10-55 14760
2020-07-13_14-10-55 14760
2020-07-13_14-10-55 14760
2020-07-13_14-10-55 14760
2020-07-13_14-10-55 14760
2020-07-13_14-10-55 14760
2020-07-13_14-10-55 14760
2020-07-13_14-10-55 14760
2020-07-13_14-10-55 14760
2020-07-13_14-10-55 14760
2020-07-13_14-10-55 14760
2020-07-13_14-10-55 14760
2020-07-13_14-10-55 14760
2020-07-13_14-10-55 14760
2020-07-13_14-10-55 14760
2020-07-13_14-10-55 14760
2020-07-13_14-10-55 14760
2020-07-13_14-10-55 14760
2020-07-13_14-10-55 14760
2020-07-13_14-10-55 14760
2020-07-13_14-10-55 14760
2020-07-13_14-10-55 14760
2020-07-13_14-10-55 14760
2020-07-13_14-10-55 14760
2020-07-13_14-10-55 14760
2020-07-13_14-10-55 14760
2020-07-13_14-10-55 14760
2020-07-13_14-10-55 14760
2020-07-13_14-10-55 14760
2020-07-13_14-10-55 14760
2020-07-13_14-10-55 14760
2020-07-13_14-10-55 14760
2020-07-13_14-10-55 14760
2020-07-13_14-10-55 14760
2020-07-13_14-10-55 14760
2020-07-13_14-10-55 14760
2020-07-13_14-10-55 14760
2020-07-13_14-10-55 14760
2020-07-13_14-10-55 14760
2020-07-13_14-10-55 14760
2020-07-13_14-10-55 14760
2020-07-13_14-10-55 14760
2020-07-13_14-10-55 14760
2020-07-13_14-10-55 14760
2020-07-13_14-10-55 14760
2020-07-13_14-10-55 14760
2020-07-13_14-10-55 14760
2020-07-13_14-10-55 14760
2020-07-13_14-10-55 14760
2020-07-13_14-10-55 14760
2020-07-13_14-10-55 14760
2020-07-13_14-10-55 14760
2020-07-13_14-10-55 14760
2020-07-13_14-10-55 14760
2020-07-13_14-10-55 14760
2020-07-13_14-10-55 14760
2020-07-13_14-10-55 14760
2020-07-13_14-10-55 14760
2020-07-13_14-10-55 14760
2020-07-13_14-10-55 14760
2020-07-13_14-10-55 14760
2020-07-13_14-10-55 14760
2020-07-13_14-10-55 14760
2020-07-13_14-10-55 14760
2020-07-13_14-10-55 14760
2020-07-13_14-10-55 14760
2020-07-13_14-10-55 14760
2020-07-13_14-10-55 14760
2020-07-13_14-10-55 14760
2020-07-13_14-10-55 14760
2020-07-13_14-10-55 14760
2020-07-13_14-10-55 14760
2020-07-13_14-10-55 14760
2020-07-13_14-10-55 14760
2020-07-13_14-10-55 14760
2020-07-13_14-10-55 14760
2020-07-13_14-10-55 14760
2020-07-13_14-10-55 14760
2020-07-13_14-10-55 14760
2020-07-13_14-10-55 14760
2020-07-13_14-10-55 14760
2020-07-13_14-10-55 14760
2020-07-13_14-10-55 14760
2020-07-13_14-10-55 14760
2020-07-13_14-10-55 14760
2020-07-13_14-10-55 14760
2020-07-13_14-10-55 14760
2020-07-13_14-10-55 14760
2020-07-13_14-10-55 14760
2020-07-13_14-10-55 14760
2020-07-13_14-10-55 14760
2020-07-13_14-10-55 14760
2020-07-13_14-10-55 14760
2020-07-13_14-10-55 14760
2020-07-13_14-10-55 14760
2020-07-13_14-10-55 14760
2020-07-13_14-10-55 14760
2020-07-13_14-10-55 14760
2020-07-13_14-10-55 14760
2020-07-13_14-10-55 14760
2020-07-13_14-10-55 14760
2020-07-13_14-10-55 14760
2020-07-13_14-10-55 14760
2020-07-13_14-10-55 14760
2020-07-13_14-10-55 14760
2020-07-13_14-10-55 14760
2020-07-13_14-10-55 14760
2020-07-13_14-10-55 14760
2020-07-13_14-10-55 14760
2020-07-13_14-10-55 14760
2020-07-13_14-10-55 14760
2020-07-13_14-10-55 14760
2020-07-13_14-10-55 14760
2020-07-13_14-10-55 14760
2020-07-13_14-10-55 14760
2020-07-13_14-10-55 14760
2020-07-13_14-10-55 14760
2020-07-13_14-10-55 14760
2020-07-13_14-10-55 14760
2020-07-13_14-10-55 14760
2020-07-13_14-10-55 14760
2020-07-13_14-10-55 14760
2020-07-13_14-10-55 14760
2020-07-13_14-10-55 14760
2020-07-13_14-10-55 14760
2020-07-13_14-10-55 14760
2020-07-13_14-10-55 14760
2020-07-13_14-10-55 14760
2020-07-13_14-10-55 14760
2020-07-13_14-10-55 14760
2020-07-13_14-10-55 14760
2020-07-13_14-10-55 14760
2020-07-13_14-10-55 14760
2020-07-13_14-10-55 14760
2020-07-13_14-10-55 14760
2020-07-13_14-10-55 14760
2020-07-13_14-10-55 14760
2020-07-13_14-10-55 14760
2020-07-13_14-10-55 14760
2020-07-13_14-10-55 14760
2020-07-13_14-10-55 14760
2020-07-13_14-10-55 14760
2020-07-13_14-10-55 14760
2020-07-13_14-10-55 14760
2020-07-13_14-10-55 14760
2020-07-13_14-10-55 14760
2020-07-13_14-10-55 14760
2020-07-13_14-10-55 14760
2020-07-13_14-10-55 14760
2020-07-13_14-10-55 14760
2020-07-13_14-10-55 14760
2020-07-13_14-10-55 14760
2020-07-13_14-10-55 14760
2020-07-13_14-10-55 14760
2020-07-13_14-10-55 14760
2020-07-13_14-10-55 14760
2020-07-13_14-10-55 14760
2020-07-13_14-10-55 14760
2020-07-13_14-10-55 14760
2020-07-13_14-10-55 14760
2020-07-13_14-10-55 14760
2020-07-13_14-10-55 14760
2020-07-13_14-10-55 14760
2020-07-13_14-10-55 14760
2020-07-13_14-10-55 14760
2020-07-13_14-10-55 14760
2020-07-13_14-10-55 14760
2020-07-13_14-10-55 14760
2020-07-13_14-10-55 14760
2020-07-13_14-10-55 14760
2020-07-13_14-10-55 14760
2020-07-13_14-10-55 14770
2020-07-13_14-10-55 14770
2020-07-13_14-10-55 14770
2020-07-13_14-10-55 14770
2020-07-13_14-10-55 14770
2020-07-13_14-10-55 14770
2020-07-13_14-10-55 14760
2020-07-13_14-10-55 14760
2020-07-13_14-10-55 14760
2020-07-13_14-10-55 14760
2020-07-13_14-10-55 14760
2020-07-13_14-10-55 14760
2020-07-13_14-10-55 14760
2020-07-13_14-10-55 14760
2020-07-13_14-10-55 14760
2020-07-13_14-10-55 14760
2020-07-13_14-10-55 14760
2020-07-13_14-10-55 14760
2020-07-13_14-10-55 14760
2020-07-13_14-10-55 14760
2020-07-13_14-10-55 14760
2020-07-13_14-10-55 14760
2020-07-13_14-10-55 14760
2020-07-13_14-10-55 14760
2020-07-13_14-10-55 14760
2020-07-13_14-10-55 14760
2020-07-13_14-10-55 14760
2020-07-13_14-10-55 14760
2020-07-13_14-10-55 14760
2020-07-13_14-10-55 14760
2020-07-13_14-10-55 14760
2020-07-13_14-10-55 14760
2020-07-13_14-10-55 14760
2020-07-13_14-10-55 14760
2020-07-13_14-10-55 14760
2020-07-13_14-10-55 14760
2020-07-13_14-10-55 14760
2020-07-13_14-10-55 14760
2020-07-13_14-10-55 14760
2020-07-13_14-10-55 14760
2020-07-13_14-10-55 14760
2020-07-13_14-10-55 14760
2020-07-13_14-10-55 14760
2020-07-13_14-10-55 14760
2020-07-13_14-10-55 14760
2020-07-13_14-10-55 14760
2020-07-13_14-10-55 14760
2020-07-13_14-10-55 14760
2020-07-13_14-10-55 14760
2020-07-13_14-10-55 14760
2020-07-13_14-10-55 14760
2020-07-13_14-10-55 14760
2020-07-13_14-10-55 14760
2020-07-13_14-10-55 14760
2020-07-13_14-10-55 14760
2020-07-13_14-10-55 14760
2020-07-13_14-10-55 14760
2020-07-13_14-10-55 14760
2020-07-13_14-10-55 14760
2020-07-13_14-10-55 14760
2020-07-13_14-10-55 14760
2020-07-13_14-10-55 14760
2020-07-13_14-10-55 14760
2020-07-13_14-10-55 14760
2020-07-13_14-10-55 14760
2020-07-13_14-10-55 14760
2020-07-13_14-10-55 14760
2020-07-13_14-10-55 14760
2020-07-13_14-10-55 14760
2020-07-13_14-10-55 14760
2020-07-13_14-10-55 14760
2020-07-13_14-10-55 14760
2020-07-13_14-10-55 14760
2020-07-13_14-10-55 14760
2020-07-13_14-10-55 14760
2020-07-13_14-10-55 14760
2020-07-13_14-10-55 14760
2020-07-13_14-10-55 14760
2020-07-13_14-10-55 14760
2020-07-13_14-10-55 14760
2020-07-13_14-10-55 14760
2020-07-13_14-10-55 14760
2020-07-13_14-10-55 14760
2020-07-13_14-10-55 14760
2020-07-13_14-10-55 14760
2020-07-13_14-10-55 14760
2020-07-13_14-10-55 14760
2020-07-13_14-10-55 14760
2020-07-13_14-10-55 14760
2020-07-13_14-10-55 14760
2020-07-13_14-10-55 14760
2020-07-13_14-10-55 14760
2020-07-13_14-10-55 14760
2020-07-13_14-10-55 14760
2020-07-13_14-10-55 14760
2020-07-13_14-10-55 14760
2020-07-13_14-10-55 14760
2020-07-13_14-10-55 14760
2020-07-13_14-10-55 14760
2020-07-13_14-10-55 14760
2020-07-13_14-10-55 14760
2020-07-13_14-10-55 14760
2020-07-13_14-10-55 14760
2020-07-13_14-10-55 14760
2020-07-13_14-10-55 14760
2020-07-13_14-10-55 14760
2020-07-13_14-10-55 14760
2020-07-13_14-10-55 14760
2020-07-13_14-10-55 14760
2020-07-13_14-10-55 14760
2020-07-13_14-10-55 14760
2020-07-13_14-10-55 14760
2020-07-13_14-10-55 14760
2020-07-13_14-10-55 14760
2020-07-13_14-10-55 14760
2020-07-13_14-10-55 14760
2020-07-13_14-10-55 14760
2020-07-13_14-10-55 14760
2020-07-13_14-10-55 14760
2020-07-13_14-10-55 14760
2020-07-13_14-10-55 14760
2020-07-13_14-10-55 14760
2020-07-13_14-10-55 14760
2020-07-13_14-10-55 14760
2020-07-13_14-10-55 14760
2020-07-13_14-10-55 14760
2020-07-13_14-10-55 14760
2020-07-13_14-10-55 14760
2020-07-13_14-10-55 14760
2020-07-13_14-10-55 14760
2020-07-13_14-10-55 14760
2020-07-13_14-10-55 14760
2020-07-13_14-10-55 14770
2020-07-13_14-10-55 14760
2020-07-13_14-10-55 14760
2020-07-13_14-10-55 14760
2020-07-13_14-10-55 14760
2020-07-13_14-10-55 14760
2020-07-13_14-10-55 14760
2020-07-13_14-10-55 14760
2020-07-13_14-10-55 14760
2020-07-13_14-10-55 14760
2020-07-13_14-10-55 14760
2020-07-13_14-10-55 14760
2020-07-13_14-10-55 14760
2020-07-13_14-10-55 14760
2020-07-13_14-10-55 14760
2020-07-13_14-10-55 14760
2020-07-13_14-10-55 14760
2020-07-13_14-10-55 14760
2020-07-13_14-10-55 14760
2020-07-13_14-10-55 14760
2020-07-13_14-10-55 14760
2020-07-13_14-10-55 14760
2020-07-13_14-10-55 14760
2020-07-13_14-10-55 14760
2020-07-13_14-10-55 14760
2020-07-13_14-10-55 14760
2020-07-13_14-10-55 14760
2020-07-13_14-10-55 14760
2020-07-13_14-10-55 14760
2020-07-13_14-10-55 14760
2020-07-13_14-10-55 14760
2020-07-13_14-10-55 14760
2020-07-13_14-10-55 14760
2020-07-13_14-10-55 14760
2020-07-13_14-10-55 14760
2020-07-13_14-10-55 14760
2020-07-13_14-10-55 14760
2020-07-13_14-10-55 14760
2020-07-13_14-10-55 14760
2020-07-13_14-10-55 14760
2020-07-13_14-10-55 14760
2020-07-13_14-10-55 14760
2020-07-13_14-10-55 14760
2020-07-13_14-10-55 14760
2020-07-13_14-10-55 14760
2020-07-13_14-10-55 14760
2020-07-13_14-10-55 14760
2020-07-13_14-10-55 14760
2020-07-13_14-10-55 14760
2020-07-13_14-10-55 14760
2020-07-13_14-10-55 14760
2020-07-13_14-10-55 14760
2020-07-13_14-10-55 14760
2020-07-13_14-10-55 14760
2020-07-13_14-10-55 14760
2020-07-13_14-10-55 14760
2020-07-13_14-10-55 14760
2020-07-13_14-10-55 14760
2020-07-13_14-10-55 14760
2020-07-13_14-10-55 14760
2020-07-13_14-10-55 14760
2020-07-13_14-10-55 14760
2020-07-13_14-10-55 14760
2020-07-13_14-10-55 14760
2020-07-13_14-10-55 14760
2020-07-13_14-10-55 14760
2020-07-13_14-10-55 14760
2020-07-13_14-10-55 14760
2020-07-13_14-10-55 14760
2020-07-13_14-10-55 14760
2020-07-13_14-10-55 14760
2020-07-13_14-10-55 14760
2020-07-13_14-10-55 14760
2020-07-13_14-10-55 14760
2020-07-13_14-10-55 14760
2020-07-13_14-10-55 14760
2020-07-13_14-10-55 14760
2020-07-13_14-10-55 14760
2020-07-13_14-10-55 14760
2020-07-13_14-10-55 14760
2020-07-13_14-10-55 14760
2020-07-13_14-10-55 14760
2020-07-13_14-10-55 14760
2020-07-13_14-10-55 14760
2020-07-13_14-10-55 14760
2020-07-13_14-10-55 14760
2020-07-13_14-10-55 14760
2020-07-13_14-10-55 14760
2020-07-13_14-10-55 14760
2020-07-13_14-10-55 14760
2020-07-13_14-10-55 14760
2020-07-13_14-10-55 14760
2020-07-13_14-10-55 14760
2020-07-13_14-10-55 14760
2020-07-13_14-10-55 14760
2020-07-13_14-10-55 14760
2020-07-13_14-10-55 14760
2020-07-13_14-10-55 14760
2020-07-13_14-10-55 14760
2020-07-13_14-10-55 14760
2020-07-13_14-10-55 14760
2020-07-13_14-10-55 14760
2020-07-13_14-10-55 14760
2020-07-13_14-10-55 14760
2020-07-13_14-10-55 14760
2020-07-13_14-10-55 14760
2020-07-13_14-10-55 14760
2020-07-13_14-10-55 14760
2020-07-13_14-10-55 14760
2020-07-13_14-10-55 14760
2020-07-13_14-10-55 14760
2020-07-13_14-10-55 14760
2020-07-13_14-10-55 14760
2020-07-13_14-10-55 14760
2020-07-13_14-10-55 14760
2020-07-13_14-10-55 14760
2020-07-13_14-10-55 14760
2020-07-13_14-10-55 14760
2020-07-13_14-10-55 14760
2020-07-13_14-10-55 14760
2020-07-13_14-10-55 14760
2020-07-13_14-10-55 14760
2020-07-13_14-10-55 14760
2020-07-13_14-10-55 14760
2020-07-13_14-10-55 14760
2020-07-13_14-10-55 14760
2020-07-13_14-10-55 14760
2020-07-13_14-10-55 14760
2020-07-13_14-10-55 14760
2020-07-13_14-10-55 14760
2020-07-13_14-10-55 14760
2020-07-13_14-10-55 14760
2020-07-13_14-10-55 14760
2020-07-13_14-10-55 14760
2020-07-13_14-10-55 14760
2020-07-13_14-10-55 14770
2020-07-13_14-10-55 14770
2020-07-13_14-10-55 14770
2020-07-13_14-10-55 14760
2020-07-13_14-10-55 14760
2020-07-13_14-10-55 14760
2020-07-13_14-10-55 14770
2020-07-13_14-10-55 14770
2020-07-13_14-10-55 14760
2020-07-13_14-10-55 14760
2020-07-13_14-10-55 14760
2020-07-13_14-10-55 14770
2020-07-13_14-10-55 14760
2020-07-13_14-10-55 14760
2020-07-13_14-10-55 14760
2020-07-13_14-10-55 14760
2020-07-13_14-10-55 14760
2020-07-13_14-10-55 14760
2020-07-13_14-10-55 14760
2020-07-13_14-10-55 14760
2020-07-13_14-10-55 14760
2020-07-13_14-10-55 14760
2020-07-13_14-10-55 14760
2020-07-13_14-10-55 14760
2020-07-13_14-10-55 14760
2020-07-13_14-10-55 14760
2020-07-13_14-10-55 14770
2020-07-13_14-10-55 14770
2020-07-13_14-10-55 14770
2020-07-13_14-10-55 14770
2020-07-13_14-10-55 14760
2020-07-13_14-10-55 14760
2020-07-13_14-10-55 14760
2020-07-13_14-10-55 14760
2020-07-13_14-10-55 14760
2020-07-13_14-10-55 14760
2020-07-13_14-10-55 14760
2020-07-13_14-10-55 14760
2020-07-13_14-10-55 14760
2020-07-13_14-10-55 14760
2020-07-13_14-10-55 14760
2020-07-13_14-10-55 14760
2020-07-13_14-10-55 14760
2020-07-13_14-10-55 14760
2020-07-13_14-10-55 14760
2020-07-13_14-10-55 14760
2020-07-13_14-10-55 14760
2020-07-13_14-10-55 14760
2020-07-13_14-10-55 14760
2020-07-13_14-10-55 14760
2020-07-13_14-10-55 14760
2020-07-13_14-10-55 14760
2020-07-13_14-10-55 14760
2020-07-13_14-10-55 14760
2020-07-13_14-10-55 14760
2020-07-13_14-10-55 14760
2020-07-13_14-10-55 14760
2020-07-13_14-10-55 14760
2020-07-13_14-10-55 14760
2020-07-13_14-10-55 14760
2020-07-13_14-10-55 14760
2020-07-13_14-10-55 14760
2020-07-13_14-10-55 14760
2020-07-13_14-10-55 14760
2020-07-13_14-10-55 14760
2020-07-13_14-10-55 14760
2020-07-13_14-10-55 14760
2020-07-13_14-10-55 14760
2020-07-13_14-10-55 14760
2020-07-13_14-10-55 14760
2020-07-13_14-10-55 14760
2020-07-13_14-10-55 14760
2020-07-13_14-10-55 14760
2020-07-13_14-10-55 14760
2020-07-13_14-10-55 14760
2020-07-13_14-10-55 14760
2020-07-13_14-10-55 14760
2020-07-13_14-10-55 14760
2020-07-13_14-10-55 14760
2020-07-13_14-10-55 14760
2020-07-13_14-10-55 14760
2020-07-13_14-10-55 14760
2020-07-13_14-10-55 14760
2020-07-13_14-10-55 14760
2020-07-13_14-10-55 14760
2020-07-13_14-10-55 14760
2020-07-13_14-10-55 14760
2020-07-13_14-10-55 14760
2020-07-13_14-10-55 14760
2020-07-13_14-10-55 14760
2020-07-13_14-10-55 14760
2020-07-13_14-10-55 14760
2020-07-13_14-10-55 14760
2020-07-13_14-10-55 14760
2020-07-13_14-10-55 14760
2020-07-13_14-10-55 14760
2020-07-13_14-10-55 14760
2020-07-13_14-10-55 14760
2020-07-13_14-10-55 14760
2020-07-13_14-10-55 14760
2020-07-13_14-10-55 14760
2020-07-13_14-10-55 14760
2020-07-13_14-10-55 14760
2020-07-13_14-10-55 14760
2020-07-13_14-10-55 14760
2020-07-13_14-10-55 14760
2020-07-13_14-10-55 14760
2020-07-13_14-10-55 14760
2020-07-13_14-10-55 14760
2020-07-13_14-10-55 14760
2020-07-13_14-10-55 14760
2020-07-13_14-10-55 14760
2020-07-13_14-10-55 14760
2020-07-13_14-10-55 14760
2020-07-13_14-10-55 14760
2020-07-13_14-10-55 14760
2020-07-13_14-10-55 14760
2020-07-13_14-10-55 14760
2020-07-13_14-10-55 14760
2020-07-13_14-10-55 14760
2020-07-13_14-10-55 14760
2020-07-13_14-10-55 14760
2020-07-13_14-10-55 14760
2020-07-13_14-10-55 14760
2020-07-13_14-10-55 14760
2020-07-13_14-10-55 14760
2020-07-13_14-10-55 14760
2020-07-13_14-10-55 14760
2020-07-13_14-10-55 14760
2020-07-13_14-10-55 14760
2020-07-13_14-10-55 14760
2020-07-13_14-10-55 14760
2020-07-13_14-10-55 14760
2020-07-13_14-10-55 14760
2020-07-13_14-10-55 14760
2020-07-13_14-10-55 14760
2020-07-13_14-10-55 14770
2020-07-13_14-10-55 14770
2020-07-13_14-10-55 14770
2020-07-13_14-10-55 14770
2020-07-13_14-10-55 14770
2020-07-13_14-10-55 14770
2020-07-13_14-10-55 14760
2020-07-13_14-10-55 14760
2020-07-13_14-10-55 14760
2020-07-13_14-10-55 14760
2020-07-13_14-10-55 14760
2020-07-13_14-10-55 14760
2020-07-13_14-10-55 14760
2020-07-13_14-10-55 14750
2020-07-13_14-10-55 14750
2020-07-13_14-10-55 14760
2020-07-13_14-10-55 14760
2020-07-13_14-10-55 14770
2020-07-13_14-10-55 14770
2020-07-13_14-10-55 14770
2020-07-13_14-10-55 14770
2020-07-13_14-10-55 14760
2020-07-13_14-10-55 14760
2020-07-13_14-10-55 14760
2020-07-13_14-10-55 14760
2020-07-13_14-10-55 14770
2020-07-13_14-10-55 14770
2020-07-13_14-10-55 14770
2020-07-13_14-10-55 14770
2020-07-13_14-10-55 14770
2020-07-13_14-10-55 14760
2020-07-13_14-10-55 14760
2020-07-13_14-10-55 14760
2020-07-13_14-10-55 14760
2020-07-13_14-10-55 14760
2020-07-13_14-10-55 14760
2020-07-13_14-10-55 14760
2020-07-13_14-10-55 14750
2020-07-13_14-10-55 14750
2020-07-13_14-10-55 14760
2020-07-13_14-10-55 14760
2020-07-13_14-10-55 14760
2020-07-13_14-10-55 14760
2020-07-13_14-10-55 14770
2020-07-13_14-10-55 14770
2020-07-13_14-10-55 14770
2020-07-13_14-10-55 14760
2020-07-13_14-10-55 14760
2020-07-13_14-10-55 14760
2020-07-13_14-10-55 14760
2020-07-13_14-10-55 14760
2020-07-13_14-10-55 14760
2020-07-13_14-10-55 14760
2020-07-13_14-10-55 14760
2020-07-13_14-10-55 14760
2020-07-13_14-10-55 14760
2020-07-13_14-10-55 14760
2020-07-13_14-10-55 14760
2020-07-13_14-10-55 14760
2020-07-13_14-10-55 14770
2020-07-13_14-10-55 14770
2020-07-13_14-10-55 14770
2020-07-13_14-10-55 14770
2020-07-13_14-10-55 14770
2020-07-13_14-10-55 14770
2020-07-13_14-10-55 14770
2020-07-13_14-10-55 14770
2020-07-13_14-10-55 14770
2020-07-13_14-10-55 14760
2020-07-13_14-10-55 14770
2020-07-13_14-10-55 14770
2020-07-13_14-10-55 14760
2020-07-13_14-10-55 14760
2020-07-13_14-10-55 14760
2020-07-13_14-10-55 14760
2020-07-13_14-10-55 14760
2020-07-13_14-10-55 14760
2020-07-13_14-10-55 14760
2020-07-13_14-10-55 14760
2020-07-13_14-10-55 14760
2020-07-13_14-10-55 14760
2020-07-13_14-10-55 14760
2020-07-13_14-10-55 14760
2020-07-13_14-10-55 14760
2020-07-13_14-10-55 14760
2020-07-13_14-10-55 14760
2020-07-13_14-10-55 14760
2020-07-13_14-10-55 14760
2020-07-13_14-10-55 14760
2020-07-13_14-10-55 14760
2020-07-13_14-10-55 14760
2020-07-13_14-10-55 14760
2020-07-13_14-10-55 14760
2020-07-13_14-10-55 14760
2020-07-13_14-10-55 14760
2020-07-13_14-10-55 14760
2020-07-13_14-10-55 14760
2020-07-13_14-10-55 14760
2020-07-13_14-10-55 14760
2020-07-13_14-10-55 14760
2020-07-13_14-10-55 14760
2020-07-13_14-10-55 14760
2020-07-13_14-10-55 14760
2020-07-13_14-10-55 14760
2020-07-13_14-10-55 14760
2020-07-13_14-10-55 14760
2020-07-13_14-10-55 14760
2020-07-13_14-10-55 14760
2020-07-13_14-10-55 14760
2020-07-13_14-10-55 14760
2020-07-13_14-10-55 14760
2020-07-13_14-10-55 14760
2020-07-13_14-10-55 14760
2020-07-13_14-10-55 14760
2020-07-13_14-10-55 14760
2020-07-13_14-10-55 14760
2020-07-13_14-10-55 14760
2020-07-13_14-10-55 14760
2020-07-13_14-10-55 14760
2020-07-13_14-10-55 14760
2020-07-13_14-10-55 14760
2020-07-13_14-10-55 14760
2020-07-13_14-10-55 14760
2020-07-13_14-10-55 14760
2020-07-13_14-10-55 14760
2020-07-13_14-10-55 14760
2020-07-13_14-10-55 14760
2020-07-13_14-10-55 14760
2020-07-13_14-10-55 14760
2020-07-13_14-10-55 14760
2020-07-13_14-10-55 14760
2020-07-13_14-10-55 14760
2020-07-13_14-10-55 14770
2020-07-13_14-10-55 14770
2020-07-13_14-10-55 14770
2020-07-13_14-10-55 14760
2020-07-13_14-10-55 14760
2020-07-13_14-10-55 14750
2020-07-13_14-10-55 14750
2020-07-13_14-10-55 14760
2020-07-13_14-10-55 14760
2020-07-13_14-10-55 14770
2020-07-13_14-10-55 14770
2020-07-13_14-10-55 14770
2020-07-13_14-10-55 14770
2020-07-13_14-10-55 14760
2020-07-13_14-10-55 14760
2020-07-13_14-10-55 14760
2020-07-13_14-10-55 14760
2020-07-13_14-10-55 14760
2020-07-13_14-10-55 14760
2020-07-13_14-10-55 14760
2020-07-13_14-10-55 14760
2020-07-13_14-10-55 14760
2020-07-13_14-10-55 14760
2020-07-13_14-10-55 14760
2020-07-13_14-10-55 14760
2020-07-13_14-10-55 14760
2020-07-13_14-10-55 14760
2020-07-13_14-10-55 14760
2020-07-13_14-10-55 14760
2020-07-13_14-10-55 14760
2020-07-13_14-10-55 14760
2020-07-13_14-10-55 14760
2020-07-13_14-10-55 14760
2020-07-13_14-10-55 14760
2020-07-13_14-10-55 14760
2020-07-13_14-10-55 14760
2020-07-13_14-10-55 14760
2020-07-13_14-10-55 14760
2020-07-13_14-10-55 14760
2020-07-13_14-10-55 14760
2020-07-13_14-10-55 14760
2020-07-13_14-10-55 14760
2020-07-13_14-10-55 14760
2020-07-13_14-10-55 14760
2020-07-13_14-10-55 14760
2020-07-13_14-10-55 14760
2020-07-13_14-10-55 14760
2020-07-13_14-10-55 14760
2020-07-13_14-10-55 14760
2020-07-13_14-10-55 14760
2020-07-13_14-10-55 14770
2020-07-13_14-10-55 14770
2020-07-13_14-10-55 14770
2020-07-13_14-10-55 14770
2020-07-13_14-10-55 14760
2020-07-13_14-10-55 14760
2020-07-13_14-10-55 14760
2020-07-13_14-10-55 14760
2020-07-13_14-10-55 14760
2020-07-13_14-10-55 14760
2020-07-13_14-10-55 14760
2020-07-13_14-10-55 14760
2020-07-13_14-10-55 14760
2020-07-13_14-10-55 14760
2020-07-13_14-10-55 14760
2020-07-13_14-10-55 14770
2020-07-13_14-10-55 14770
2020-07-13_14-10-55 14780
2020-07-13_14-10-55 14800
2020-07-13_14-10-55 14840
2020-07-13_14-10-55 14860
2020-07-13_14-10-55 14860
2020-07-13_14-10-55 14850
2020-07-13_14-10-55 14860
2020-07-13_14-10-55 14870
2020-07-13_14-10-55 14870
2020-07-13_14-10-55 14870
2020-07-13_14-10-55 14880
2020-07-13_14-10-55 14840
2020-07-13_14-10-55 14820
2020-07-13_14-10-55 14830
2020-07-13_14-10-55 14850
2020-07-13_14-10-55 14840
2020-07-13_14-10-55 14830
2020-07-13_14-10-55 14860
2020-07-13_14-10-55 14900
2020-07-13_14-10-55 14880
2020-07-13_14-10-55 14840
2020-07-13_14-10-55 14830
2020-07-13_14-10-55 14840
2020-07-13_14-10-55 14850
2020-07-13_14-10-55 14870
2020-07-13_14-10-55 14900
2020-07-13_14-10-55 14880
2020-07-13_14-10-55 14860
2020-07-13_14-10-55 14850
2020-07-13_14-10-55 14880
2020-07-13_14-10-55 14870
2020-07-13_14-10-55 14860
2020-07-13_14-10-55 14860
2020-07-13_14-10-55 14860
2020-07-13_14-10-55 14860
2020-07-13_14-10-55 14860
2020-07-13_14-10-55 14870
2020-07-13_14-10-55 14880
2020-07-13_14-10-55 14870
2020-07-13_14-10-55 14870
2020-07-13_14-10-55 14860
2020-07-13_14-10-55 14860
2020-07-13_14-10-55 14860
2020-07-13_14-10-55 14860
2020-07-13_14-10-55 14860
2020-07-13_14-10-55 14860
2020-07-13_14-10-55 14860
2020-07-13_14-10-55 14870
2020-07-13_14-10-55 14860
2020-07-13_14-10-55 14860
2020-07-13_14-10-55 14860
2020-07-13_14-10-55 14870
2020-07-13_14-10-55 14880
2020-07-13_14-10-55 14870
2020-07-13_14-10-55 14860
2020-07-13_14-10-55 14860
2020-07-13_14-10-55 14860
2020-07-13_14-10-55 14860
2020-07-13_14-10-55 14860
2020-07-13_14-10-55 14860
2020-07-13_14-10-55 14860
2020-07-13_14-10-55 14860
2020-07-13_14-10-55 14870
2020-07-13_14-10-55 14880
2020-07-13_14-10-55 14890
2020-07-13_14-10-55 14880
2020-07-13_14-10-55 14830
2020-07-13_14-10-55 14850
2020-07-13_14-10-55 14840
2020-07-13_14-10-55 14890
2020-07-13_14-10-55 14840
2020-07-13_14-10-55 14820
2020-07-13_14-10-55 14830
2020-07-13_14-10-55 14830
2020-07-13_14-10-55 14830
2020-07-13_14-10-55 14800
2020-07-13_14-10-55 14840
2020-07-13_14-10-55 14810
2020-07-13_14-10-55 14560
2020-07-13_14-10-55 13780
2020-07-13_14-10-55 12360
2020-07-13_14-10-55 10850
2020-07-13_14-10-55 9830
2020-07-13_14-10-55 9460
2020-07-13_14-10-55 9340
2020-07-13_14-10-55 9250
2020-07-13_14-10-55 9160
2020-07-13_14-10-55 9110
2020-07-13_14-10-55 9090
2020-07-13_14-10-55 9120
2020-07-13_14-10-55 9170
2020-07-13_14-10-55 9250
2020-07-13_14-10-55 9310
2020-07-13_14-10-55 9370
2020-07-13_14-10-55 9390
2020-07-13_14-10-55 9350
2020-07-13_14-10-55 9260
2020-07-13_14-10-55 9160
2020-07-13_14-10-55 9150
2020-07-13_14-10-55 9160
2020-07-13_14-10-55 9140
2020-07-13_14-10-55 9130
2020-07-13_14-10-55 9150
2020-07-13_14-10-55 9210
2020-07-13_14-10-55 9230
2020-07-13_14-10-55 9250
2020-07-13_14-10-55 9270
2020-07-13_14-10-55 8970
2020-07-13_14-10-55 7840
2020-07-13_14-10-55 6500
2020-07-13_14-10-55 5490
2020-07-13_14-10-55 5300
2020-07-13_14-10-55 5300
2020-07-13_14-10-55 5300
2020-07-13_14-10-55 5300
2020-07-13_14-10-55 5290
2020-07-13_14-10-55 5300
2020-07-13_14-10-55 5280
2020-07-13_14-10-55 5280
2020-07-13_14-10-55 5300
2020-07-13_14-10-55 5300
2020-07-13_14-10-55 5310
2020-07-13_14-10-55 5310
2020-07-13_14-10-55 5310
2020-07-13_14-10-55 5300
2020-07-13_14-10-55 5290
2020-07-13_14-10-55 5300
2020-07-13_14-10-55 5300
2020-07-13_14-10-55 5300
2020-07-13_14-10-55 5310
2020-07-13_14-10-55 5310
2020-07-13_14-10-55 5300
2020-07-13_14-10-55 5310
2020-07-13_14-10-55 5310
2020-07-13_14-10-55 5310
2020-07-13_14-10-55 5310
2020-07-13_14-10-55 5310
2020-07-13_14-10-55 5310
2020-07-13_14-10-55 5300
2020-07-13_14-10-55 5280
2020-07-13_14-10-55 5280
2020-07-13_14-10-55 5260
2020-07-13_14-10-55 5290
2020-07-13_14-10-55 5170
2020-07-13_14-10-55 4490
2020-07-13_14-10-55 3630
2020-07-13_14-10-55 3040
2020-07-13_14-10-55 3120
2020-07-13_14-10-55 3330
2020-07-13_14-10-55 3430
2020-07-13_14-10-55 3480
2020-07-13_14-10-55 3070
2020-07-13_14-10-55 2000
2020-07-13_14-10-55 790
