2020-07-13_14-11-29 2000
2020-07-13_14-11-29 4680
2020-07-13_14-11-29 5750
2020-07-13_14-11-29 5690
2020-07-13_14-11-29 5620
2020-07-13_14-11-29 5660
2020-07-13_14-11-29 5670
2020-07-13_14-11-29 5620
2020-07-13_14-11-29 5590
2020-07-13_14-11-29 5480
2020-07-13_14-11-29 5430
2020-07-13_14-11-29 5470
2020-07-13_14-11-29 5380
2020-07-13_14-11-29 5330
2020-07-13_14-11-29 5490
2020-07-13_14-11-29 5420
2020-07-13_14-11-29 5380
2020-07-13_14-11-29 5400
2020-07-13_14-11-29 5440
2020-07-13_14-11-29 5480
2020-07-13_14-11-29 5500
2020-07-13_14-11-29 5530
2020-07-13_14-11-29 5550
2020-07-13_14-11-29 5570
2020-07-13_14-11-29 5750
2020-07-13_14-11-29 6560
2020-07-13_14-11-29 10690
2020-07-13_14-11-29 12520
2020-07-13_14-11-29 13450
2020-07-13_14-11-29 13420
2020-07-13_14-11-29 13470
2020-07-13_14-11-29 13500
2020-07-13_14-11-29 13500
2020-07-13_14-11-29 13990
2020-07-13_14-11-29 15360
2020-07-13_14-11-29 20220
2020-07-13_14-11-29 21740
2020-07-13_14-11-29 22070
2020-07-13_14-11-29 22030
2020-07-13_14-11-29 22050
2020-07-13_14-11-29 22070
2020-07-13_14-11-29 22050
2020-07-13_14-11-29 22040
2020-07-13_14-11-29 22060
2020-07-13_14-11-29 22100
2020-07-13_14-11-29 22070
2020-07-13_14-11-29 22040
2020-07-13_14-11-29 22040
2020-07-13_14-11-29 21900
2020-07-13_14-11-29 21920
2020-07-13_14-11-29 22100
2020-07-13_14-11-29 22260
2020-07-13_14-11-29 21960
2020-07-13_14-11-29 22050
2020-07-13_14-11-29 22060
2020-07-13_14-11-29 21830
2020-07-13_14-11-29 21930
2020-07-13_14-11-29 22160
2020-07-13_14-11-29 22210
2020-07-13_14-11-29 21970
2020-07-13_14-11-29 22010
2020-07-13_14-11-29 22180
2020-07-13_14-11-29 22110
2020-07-13_14-11-29 22030
2020-07-13_14-11-29 22040
2020-07-13_14-11-29 22090
2020-07-13_14-11-29 22150
2020-07-13_14-11-29 22000
2020-07-13_14-11-29 22010
2020-07-13_14-11-29 22140
2020-07-13_14-11-29 22140
2020-07-13_14-11-29 22030
2020-07-13_14-11-29 22040
2020-07-13_14-11-29 22100
2020-07-13_14-11-29 22100
2020-07-13_14-11-29 22070
2020-07-13_14-11-29 22040
2020-07-13_14-11-29 22030
2020-07-13_14-11-29 22060
2020-07-13_14-11-29 22100
2020-07-13_14-11-29 22080
2020-07-13_14-11-29 22050
2020-07-13_14-11-29 22040
2020-07-13_14-11-29 22070
2020-07-13_14-11-29 22100
2020-07-13_14-11-29 22080
2020-07-13_14-11-29 22060
2020-07-13_14-11-29 22070
2020-07-13_14-11-29 22090
2020-07-13_14-11-29 22080
2020-07-13_14-11-29 22060
2020-07-13_14-11-29 22070
2020-07-13_14-11-29 22080
2020-07-13_14-11-29 22070
2020-07-13_14-11-29 22070
2020-07-13_14-11-29 22080
2020-07-13_14-11-29 22090
2020-07-13_14-11-29 22090
2020-07-13_14-11-29 22090
2020-07-13_14-11-29 22080
2020-07-13_14-11-29 22080
2020-07-13_14-11-29 22080
2020-07-13_14-11-29 22080
2020-07-13_14-11-29 22070
2020-07-13_14-11-29 22080
2020-07-13_14-11-29 22080
2020-07-13_14-11-29 22060
2020-07-13_14-11-29 22070
2020-07-13_14-11-29 22070
2020-07-13_14-11-29 22060
2020-07-13_14-11-29 22060
2020-07-13_14-11-29 22070
2020-07-13_14-11-29 22070
2020-07-13_14-11-29 22070
2020-07-13_14-11-29 22070
2020-07-13_14-11-29 22070
2020-07-13_14-11-29 22080
2020-07-13_14-11-29 22080
2020-07-13_14-11-29 22070
2020-07-13_14-11-29 22070
2020-07-13_14-11-29 22080
2020-07-13_14-11-29 22080
2020-07-13_14-11-29 22080
2020-07-13_14-11-29 22080
2020-07-13_14-11-29 22070
2020-07-13_14-11-29 22080
2020-07-13_14-11-29 22080
2020-07-13_14-11-29 22080
2020-07-13_14-11-29 22080
2020-07-13_14-11-29 22070
2020-07-13_14-11-29 22080
2020-07-13_14-11-29 22080
2020-07-13_14-11-29 22070
2020-07-13_14-11-29 22070
2020-07-13_14-11-29 22070
2020-07-13_14-11-29 22080
2020-07-13_14-11-29 22070
2020-07-13_14-11-29 22070
2020-07-13_14-11-29 22070
2020-07-13_14-11-29 22070
2020-07-13_14-11-29 22070
2020-07-13_14-11-29 22070
2020-07-13_14-11-29 22070
2020-07-13_14-11-29 22070
2020-07-13_14-11-29 22070
2020-07-13_14-11-29 22070
2020-07-13_14-11-29 22070
2020-07-13_14-11-29 22070
2020-07-13_14-11-29 22070
2020-07-13_14-11-29 22070
2020-07-13_14-11-29 22080
2020-07-13_14-11-29 22080
2020-07-13_14-11-29 22070
2020-07-13_14-11-29 22070
2020-07-13_14-11-29 22070
2020-07-13_14-11-29 22070
2020-07-13_14-11-29 22070
2020-07-13_14-11-29 22070
2020-07-13_14-11-29 22070
2020-07-13_14-11-29 22070
2020-07-13_14-11-29 22070
2020-07-13_14-11-29 22070
2020-07-13_14-11-29 22080
2020-07-13_14-11-29 22080
2020-07-13_14-11-29 22070
2020-07-13_14-11-29 22070
2020-07-13_14-11-29 22070
2020-07-13_14-11-29 22070
2020-07-13_14-11-29 22070
2020-07-13_14-11-29 22080
2020-07-13_14-11-29 22130
2020-07-13_14-11-29 22030
2020-07-13_14-11-29 22020
2020-07-13_14-11-29 22080
2020-07-13_14-11-29 22080
2020-07-13_14-11-29 22070
2020-07-13_14-11-29 22060
2020-07-13_14-11-29 22090
