2020-07-13_14-11-15 9370
2020-07-13_14-11-15 9360
2020-07-13_14-11-15 9370
2020-07-13_14-11-15 9360
2020-07-13_14-11-15 9370
2020-07-13_14-11-15 9370
2020-07-13_14-11-15 9380
2020-07-13_14-11-15 9370
2020-07-13_14-11-15 9370
2020-07-13_14-11-15 9370
2020-07-13_14-11-15 9380
2020-07-13_14-11-15 9380
2020-07-13_14-11-15 9380
2020-07-13_14-11-15 9380
2020-07-13_14-11-15 9380
2020-07-13_14-11-15 9330
2020-07-13_14-11-15 9360
2020-07-13_14-11-15 9330
2020-07-13_14-11-15 9330
2020-07-13_14-11-15 9320
2020-07-13_14-11-15 9400
2020-07-13_14-11-15 9340
2020-07-13_14-11-15 9330
2020-07-13_14-11-15 9370
2020-07-13_14-11-15 8140
2020-07-13_14-11-15 6900
2020-07-13_14-11-15 6840
2020-07-13_14-11-15 6670
2020-07-13_14-11-15 4160
