2020-07-13_14-09-52 810
2020-07-13_14-09-52 1020
2020-07-13_14-09-52 1210
2020-07-13_14-09-52 1260
2020-07-13_14-09-52 1220
2020-07-13_14-09-52 1180
2020-07-13_14-09-52 1170
2020-07-13_14-09-52 1190
2020-07-13_14-09-52 1200
2020-07-13_14-09-52 1210
2020-07-13_14-09-52 1210
2020-07-13_14-09-52 1200
2020-07-13_14-09-52 1200
2020-07-13_14-09-52 1190
2020-07-13_14-09-52 1200
2020-07-13_14-09-52 1200
2020-07-13_14-09-52 1200
2020-07-13_14-09-52 1200
2020-07-13_14-09-52 1190
2020-07-13_14-09-52 1200
2020-07-13_14-09-52 1190
2020-07-13_14-09-52 1190
2020-07-13_14-09-52 1190
2020-07-13_14-09-52 1190
2020-07-13_14-09-52 1200
2020-07-13_14-09-52 1160
2020-07-13_14-09-52 980
2020-07-13_14-09-52 760
