2020-07-13_14-11-04 1930
2020-07-13_14-11-04 4340
2020-07-13_14-11-04 6920
2020-07-13_14-11-04 6470
2020-07-13_14-11-04 6000
2020-07-13_14-11-04 6480
2020-07-13_14-11-04 6180
2020-07-13_14-11-04 6160
2020-07-13_14-11-04 6440
2020-07-13_14-11-04 6570
2020-07-13_14-11-04 8290
2020-07-13_14-11-04 12890
2020-07-13_14-11-04 13720
2020-07-13_14-11-04 13610
2020-07-13_14-11-04 13590
2020-07-13_14-11-04 14280
2020-07-13_14-11-04 16330
2020-07-13_14-11-04 20690
2020-07-13_14-11-04 21220
2020-07-13_14-11-04 21240
2020-07-13_14-11-04 21220
2020-07-13_14-11-04 21260
2020-07-13_14-11-04 21280
2020-07-13_14-11-04 21190
2020-07-13_14-11-04 21300
2020-07-13_14-11-04 21300
2020-07-13_14-11-04 21230
2020-07-13_14-11-04 21310
2020-07-13_14-11-04 21250
2020-07-13_14-11-04 21260
2020-07-13_14-11-04 21290
2020-07-13_14-11-04 21270
2020-07-13_14-11-04 21290
2020-07-13_14-11-04 21280
2020-07-13_14-11-04 21280
2020-07-13_14-11-04 21270
2020-07-13_14-11-04 21290
2020-07-13_14-11-04 21290
2020-07-13_14-11-04 21290
2020-07-13_14-11-04 21280
2020-07-13_14-11-04 21290
2020-07-13_14-11-04 21290
2020-07-13_14-11-04 21290
2020-07-13_14-11-04 21290
2020-07-13_14-11-04 21290
2020-07-13_14-11-04 21290
2020-07-13_14-11-04 21290
2020-07-13_14-11-04 21290
2020-07-13_14-11-04 21290
2020-07-13_14-11-04 21290
2020-07-13_14-11-04 21280
2020-07-13_14-11-04 21280
2020-07-13_14-11-04 21290
2020-07-13_14-11-04 21290
2020-07-13_14-11-04 21300
2020-07-13_14-11-04 21300
2020-07-13_14-11-04 21280
2020-07-13_14-11-04 21280
2020-07-13_14-11-04 21280
2020-07-13_14-11-04 21290
2020-07-13_14-11-04 21280
2020-07-13_14-11-04 21280
2020-07-13_14-11-04 21280
2020-07-13_14-11-04 21280
2020-07-13_14-11-04 21280
2020-07-13_14-11-04 21290
2020-07-13_14-11-04 21290
2020-07-13_14-11-04 21280
2020-07-13_14-11-04 21290
2020-07-13_14-11-04 21280
2020-07-13_14-11-04 21290
2020-07-13_14-11-04 21280
2020-07-13_14-11-04 21280
2020-07-13_14-11-04 21280
2020-07-13_14-11-04 21280
2020-07-13_14-11-04 21280
2020-07-13_14-11-04 21280
2020-07-13_14-11-04 21280
2020-07-13_14-11-04 21280
2020-07-13_14-11-04 21280
2020-07-13_14-11-04 21280
2020-07-13_14-11-04 21280
2020-07-13_14-11-04 21280
2020-07-13_14-11-04 21290
2020-07-13_14-11-04 21290
2020-07-13_14-11-04 21290
2020-07-13_14-11-04 21290
2020-07-13_14-11-04 21280
2020-07-13_14-11-04 21280
2020-07-13_14-11-04 21290
2020-07-13_14-11-04 21290
2020-07-13_14-11-04 21290
2020-07-13_14-11-04 21300
2020-07-13_14-11-04 21290
2020-07-13_14-11-04 21290
2020-07-13_14-11-04 21290
2020-07-13_14-11-04 21270
2020-07-13_14-11-04 21270
2020-07-13_14-11-04 21290
2020-07-13_14-11-04 21290
2020-07-13_14-11-04 21290
2020-07-13_14-11-04 21290
2020-07-13_14-11-04 21290
2020-07-13_14-11-04 21300
2020-07-13_14-11-04 21300
2020-07-13_14-11-04 21300
2020-07-13_14-11-04 21280
2020-07-13_14-11-04 21280
2020-07-13_14-11-04 21280
2020-07-13_14-11-04 21280
2020-07-13_14-11-04 21290
2020-07-13_14-11-04 21290
2020-07-13_14-11-04 21290
2020-07-13_14-11-04 21290
2020-07-13_14-11-04 21290
2020-07-13_14-11-04 21290
2020-07-13_14-11-04 21290
2020-07-13_14-11-04 21290
2020-07-13_14-11-04 21290
2020-07-13_14-11-04 21280
2020-07-13_14-11-04 21280
2020-07-13_14-11-04 21280
2020-07-13_14-11-04 21280
2020-07-13_14-11-04 21280
2020-07-13_14-11-04 21280
2020-07-13_14-11-04 21280
2020-07-13_14-11-04 21280
2020-07-13_14-11-04 21290
2020-07-13_14-11-04 21280
2020-07-13_14-11-04 21280
2020-07-13_14-11-04 21280
2020-07-13_14-11-04 21280
2020-07-13_14-11-04 21290
2020-07-13_14-11-04 21280
2020-07-13_14-11-04 21280
2020-07-13_14-11-04 21300
2020-07-13_14-11-04 21300
2020-07-13_14-11-04 21290
2020-07-13_14-11-04 21290
2020-07-13_14-11-04 21290
2020-07-13_14-11-04 21270
2020-07-13_14-11-04 21260
2020-07-13_14-11-04 21280
2020-07-13_14-11-04 21290
2020-07-13_14-11-04 21290
2020-07-13_14-11-04 21310
2020-07-13_14-11-04 21300
2020-07-13_14-11-04 21290
2020-07-13_14-11-04 21290
2020-07-13_14-11-04 21290
2020-07-13_14-11-04 21290
2020-07-13_14-11-04 21270
2020-07-13_14-11-04 21270
2020-07-13_14-11-04 21260
2020-07-13_14-11-04 21280
2020-07-13_14-11-04 21290
2020-07-13_14-11-04 21300
2020-07-13_14-11-04 21300
2020-07-13_14-11-04 21290
2020-07-13_14-11-04 21280
2020-07-13_14-11-04 21280
2020-07-13_14-11-04 21290
2020-07-13_14-11-04 21300
2020-07-13_14-11-04 21310
2020-07-13_14-11-04 21300
2020-07-13_14-11-04 21290
2020-07-13_14-11-04 21290
2020-07-13_14-11-04 21300
2020-07-13_14-11-04 21300
2020-07-13_14-11-04 21290
2020-07-13_14-11-04 21290
2020-07-13_14-11-04 21300
2020-07-13_14-11-04 21300
2020-07-13_14-11-04 21300
2020-07-13_14-11-04 21320
2020-07-13_14-11-04 21310
2020-07-13_14-11-04 21290
2020-07-13_14-11-04 21290
2020-07-13_14-11-04 21290
2020-07-13_14-11-04 21280
2020-07-13_14-11-04 21270
2020-07-13_14-11-04 21270
2020-07-13_14-11-04 21270
2020-07-13_14-11-04 21280
2020-07-13_14-11-04 21300
2020-07-13_14-11-04 21310
2020-07-13_14-11-04 21310
2020-07-13_14-11-04 21290
2020-07-13_14-11-04 21280
2020-07-13_14-11-04 21300
2020-07-13_14-11-04 21300
2020-07-13_14-11-04 21300
2020-07-13_14-11-04 21340
2020-07-13_14-11-04 21240
2020-07-13_14-11-04 21280
2020-07-13_14-11-04 21330
2020-07-13_14-11-04 21160
2020-07-13_14-11-04 21160
2020-07-13_14-11-04 21110
2020-07-13_14-11-04 21070
2020-07-13_14-11-04 21100
2020-07-13_14-11-04 21030
2020-07-13_14-11-04 21060
2020-07-13_14-11-04 21130
2020-07-13_14-11-04 21250
2020-07-13_14-11-04 21210
2020-07-13_14-11-04 21230
2020-07-13_14-11-04 21340
2020-07-13_14-11-04 21350
2020-07-13_14-11-04 21260
2020-07-13_14-11-04 21210
2020-07-13_14-11-04 21200
2020-07-13_14-11-04 21240
2020-07-13_14-11-04 21290
2020-07-13_14-11-04 21480
2020-07-13_14-11-04 22850
2020-07-13_14-11-04 28210
2020-07-13_14-11-04 29520
2020-07-13_14-11-04 6710
2020-07-13_14-11-04 29800
2020-07-13_14-11-04 6040
2020-07-13_14-11-04 29880
2020-07-13_14-11-04 6280
2020-07-13_14-11-04 29850
2020-07-13_14-11-04 30000
2020-07-13_14-11-04 6380
2020-07-13_14-11-04 6300
2020-07-13_14-11-04 29860
2020-07-13_14-11-04 29860
2020-07-13_14-11-04 6870
2020-07-13_14-11-04 29910
2020-07-13_14-11-04 10780
2020-07-13_14-11-04 13830
2020-07-13_14-11-04 29900
2020-07-13_14-11-04 13650
2020-07-13_14-11-04 29810
2020-07-13_14-11-04 18850
2020-07-13_14-11-04 26740
2020-07-13_14-11-04 21220
2020-07-13_14-11-04 24030
2020-07-13_14-11-04 21330
2020-07-13_14-11-04 23810
2020-07-13_14-11-04 21230
2020-07-13_14-11-04 28420
2020-07-13_14-11-04 21300
2020-07-13_14-11-04 33000
2020-07-13_14-11-04 21270
2020-07-13_14-11-04 32620
2020-07-13_14-11-04 21260
2020-07-13_14-11-04 33020
2020-07-13_14-11-04 21360
2020-07-13_14-11-04 32610
2020-07-13_14-11-04 21350
2020-07-13_14-11-04 32480
2020-07-13_14-11-04 21190
2020-07-13_14-11-04 32570
2020-07-13_14-11-04 21260
2020-07-13_14-11-04 32330
2020-07-13_14-11-04 21310
2020-07-13_14-11-04 32850
2020-07-13_14-11-04 21270
2020-07-13_14-11-04 32910
2020-07-13_14-11-04 21270
2020-07-13_14-11-04 30190
2020-07-13_14-11-04 21280
2020-07-13_14-11-04 27190
2020-07-13_14-11-04 21290
2020-07-13_14-11-04 25040
2020-07-13_14-11-04 21320
2020-07-13_14-11-04 21270
2020-07-13_14-11-04 25200
2020-07-13_14-11-04 21260
2020-07-13_14-11-04 25230
2020-07-13_14-11-04 21290
2020-07-13_14-11-04 25620
2020-07-13_14-11-04 21290
2020-07-13_14-11-04 24230
2020-07-13_14-11-04 21300
2020-07-13_14-11-04 22090
2020-07-13_14-11-04 21310
2020-07-13_14-11-04 18290
2020-07-13_14-11-04 21270
2020-07-13_14-11-04 17840
2020-07-13_14-11-04 21280
2020-07-13_14-11-04 17890
2020-07-13_14-11-04 21300
2020-07-13_14-11-04 17940
2020-07-13_14-11-04 21300
2020-07-13_14-11-04 17840
2020-07-13_14-11-04 21290
2020-07-13_14-11-04 18030
2020-07-13_14-11-04 21290
2020-07-13_14-11-04 17870
2020-07-13_14-11-04 21270
2020-07-13_14-11-04 18000
2020-07-13_14-11-04 21280
2020-07-13_14-11-04 17920
2020-07-13_14-11-04 21290
2020-07-13_14-11-04 17980
2020-07-13_14-11-04 21290
2020-07-13_14-11-04 17910
2020-07-13_14-11-04 21290
2020-07-13_14-11-04 17980
2020-07-13_14-11-04 21270
2020-07-13_14-11-04 17890
2020-07-13_14-11-04 21280
2020-07-13_14-11-04 17920
2020-07-13_14-11-04 21300
2020-07-13_14-11-04 17940
2020-07-13_14-11-04 21300
2020-07-13_14-11-04 17900
2020-07-13_14-11-04 21280
2020-07-13_14-11-04 17910
2020-07-13_14-11-04 21280
2020-07-13_14-11-04 18030
2020-07-13_14-11-04 21280
2020-07-13_14-11-04 21290
2020-07-13_14-11-04 21290
2020-07-13_14-11-04 21290
2020-07-13_14-11-04 21290
2020-07-13_14-11-04 21290
2020-07-13_14-11-04 21290
2020-07-13_14-11-04 21290
2020-07-13_14-11-04 21290
2020-07-13_14-11-04 21290
2020-07-13_14-11-04 21290
2020-07-13_14-11-04 21290
2020-07-13_14-11-04 21290
2020-07-13_14-11-04 21290
2020-07-13_14-11-04 21280
2020-07-13_14-11-04 21280
2020-07-13_14-11-04 21290
2020-07-13_14-11-04 21300
2020-07-13_14-11-04 21300
2020-07-13_14-11-04 21300
2020-07-13_14-11-04 21290
2020-07-13_14-11-04 21290
2020-07-13_14-11-04 21280
2020-07-13_14-11-04 21280
2020-07-13_14-11-04 21280
2020-07-13_14-11-04 21280
2020-07-13_14-11-04 21280
2020-07-13_14-11-04 21280
2020-07-13_14-11-04 21280
2020-07-13_14-11-04 21280
2020-07-13_14-11-04 21280
2020-07-13_14-11-04 21280
2020-07-13_14-11-04 21280
2020-07-13_14-11-04 21280
2020-07-13_14-11-04 21290
2020-07-13_14-11-04 21290
2020-07-13_14-11-04 21290
2020-07-13_14-11-04 21290
2020-07-13_14-11-04 21280
2020-07-13_14-11-04 21290
2020-07-13_14-11-04 21300
2020-07-13_14-11-04 21300
2020-07-13_14-11-04 21290
2020-07-13_14-11-04 21280
2020-07-13_14-11-04 21280
2020-07-13_14-11-04 21280
2020-07-13_14-11-04 21280
2020-07-13_14-11-04 21280
2020-07-13_14-11-04 21280
2020-07-13_14-11-04 21280
2020-07-13_14-11-04 21280
2020-07-13_14-11-04 21280
2020-07-13_14-11-04 21280
2020-07-13_14-11-04 21290
2020-07-13_14-11-04 21280
2020-07-13_14-11-04 21290
2020-07-13_14-11-04 21290
2020-07-13_14-11-04 21280
2020-07-13_14-11-04 21300
2020-07-13_14-11-04 21290
2020-07-13_14-11-04 21280
2020-07-13_14-11-04 21280
2020-07-13_14-11-04 21290
2020-07-13_14-11-04 21300
2020-07-13_14-11-04 21300
2020-07-13_14-11-04 21290
2020-07-13_14-11-04 21280
2020-07-13_14-11-04 21280
2020-07-13_14-11-04 21290
2020-07-13_14-11-04 21290
2020-07-13_14-11-04 21290
2020-07-13_14-11-04 21290
2020-07-13_14-11-04 21290
2020-07-13_14-11-04 21290
2020-07-13_14-11-04 21290
2020-07-13_14-11-04 21290
2020-07-13_14-11-04 21290
2020-07-13_14-11-04 21290
2020-07-13_14-11-04 21290
2020-07-13_14-11-04 21290
2020-07-13_14-11-04 21290
2020-07-13_14-11-04 21280
2020-07-13_14-11-04 21280
2020-07-13_14-11-04 21280
2020-07-13_14-11-04 21280
2020-07-13_14-11-04 21280
2020-07-13_14-11-04 21280
2020-07-13_14-11-04 21280
2020-07-13_14-11-04 21280
2020-07-13_14-11-04 21290
2020-07-13_14-11-04 21300
2020-07-13_14-11-04 21290
2020-07-13_14-11-04 21290
2020-07-13_14-11-04 21270
2020-07-13_14-11-04 21270
2020-07-13_14-11-04 21280
2020-07-13_14-11-04 21310
2020-07-13_14-11-04 21290
2020-07-13_14-11-04 21290
2020-07-13_14-11-04 21300
2020-07-13_14-11-04 21270
2020-07-13_14-11-04 21260
2020-07-13_14-11-04 21270
2020-07-13_14-11-04 21300
2020-07-13_14-11-04 21310
2020-07-13_14-11-04 21300
2020-07-13_14-11-04 21290
2020-07-13_14-11-04 21270
2020-07-13_14-11-04 21280
2020-07-13_14-11-04 21310
2020-07-13_14-11-04 21290
2020-07-13_14-11-04 21300
2020-07-13_14-11-04 21290
2020-07-13_14-11-04 21290
2020-07-13_14-11-04 21300
2020-07-13_14-11-04 21310
2020-07-13_14-11-04 21300
2020-07-13_14-11-04 21300
2020-07-13_14-11-04 21270
2020-07-13_14-11-04 21280
2020-07-13_14-11-04 21320
2020-07-13_14-11-04 21270
2020-07-13_14-11-04 21310
2020-07-13_14-11-04 21330
2020-07-13_14-11-04 21380
2020-07-13_14-11-04 21120
2020-07-13_14-11-04 21100
2020-07-13_14-11-04 21030
2020-07-13_14-11-04 21230
2020-07-13_14-11-04 21310
2020-07-13_14-11-04 21340
2020-07-13_14-11-04 21200
2020-07-13_14-11-04 21170
2020-07-13_14-11-04 21200
2020-07-13_14-11-04 21240
2020-07-13_14-11-04 25650
2020-07-13_14-11-04 29620
2020-07-13_14-11-04 29790
2020-07-13_14-11-04 29950
2020-07-13_14-11-04 29890
2020-07-13_14-11-04 28720
2020-07-13_14-11-04 24960
2020-07-13_14-11-04 24990
2020-07-13_14-11-04 31650
2020-07-13_14-11-04 32800
2020-07-13_14-11-04 32300
2020-07-13_14-11-04 32430
2020-07-13_14-11-04 32780
2020-07-13_14-11-04 32290
2020-07-13_14-11-04 25100
2020-07-13_14-11-04 25030
2020-07-13_14-11-04 25510
2020-07-13_14-11-04 19900
2020-07-13_14-11-04 18020
2020-07-13_14-11-04 17960
2020-07-13_14-11-04 17910
2020-07-13_14-11-04 18020
2020-07-13_14-11-04 17910
2020-07-13_14-11-04 17940
2020-07-13_14-11-04 17970
2020-07-13_14-11-04 17990
2020-07-13_14-11-04 17870
2020-07-13_14-11-04 17900
2020-07-13_14-11-04 18010
2020-07-13_14-11-04 17750
2020-07-13_14-11-04 18020
2020-07-13_14-11-04 17980
2020-07-13_14-11-04 17880
2020-07-13_14-11-04 17930
2020-07-13_14-11-04 17890
2020-07-13_14-11-04 17900
2020-07-13_14-11-04 17960
2020-07-13_14-11-04 17890
2020-07-13_14-11-04 17950
2020-07-13_14-11-04 17950
2020-07-13_14-11-04 17910
2020-07-13_14-11-04 17950
2020-07-13_14-11-04 17930
2020-07-13_14-11-04 17970
2020-07-13_14-11-04 17940
2020-07-13_14-11-04 17970
2020-07-13_14-11-04 17950
2020-07-13_14-11-04 17960
2020-07-13_14-11-04 17920
2020-07-13_14-11-04 17940
2020-07-13_14-11-04 17850
2020-07-13_14-11-04 17920
2020-07-13_14-11-04 18000
2020-07-13_14-11-04 17890
2020-07-13_14-11-04 17880
2020-07-13_14-11-04 17960
2020-07-13_14-11-04 18000
2020-07-13_14-11-04 17890
2020-07-13_14-11-04 17940
2020-07-13_14-11-04 17970
2020-07-13_14-11-04 17910
2020-07-13_14-11-04 17910
2020-07-13_14-11-04 17970
2020-07-13_14-11-04 17950
2020-07-13_14-11-04 17920
2020-07-13_14-11-04 17910
2020-07-13_14-11-04 17970
2020-07-13_14-11-04 17950
2020-07-13_14-11-04 17940
2020-07-13_14-11-04 17950
2020-07-13_14-11-04 17950
2020-07-13_14-11-04 17940
2020-07-13_14-11-04 17940
2020-07-13_14-11-04 17940
2020-07-13_14-11-04 17950
2020-07-13_14-11-04 17940
2020-07-13_14-11-04 17940
2020-07-13_14-11-04 17920
2020-07-13_14-11-04 17920
2020-07-13_14-11-04 17950
2020-07-13_14-11-04 17940
2020-07-13_14-11-04 17940
2020-07-13_14-11-04 17930
2020-07-13_14-11-04 17930
2020-07-13_14-11-04 17950
2020-07-13_14-11-04 17940
2020-07-13_14-11-04 17940
2020-07-13_14-11-04 17930
2020-07-13_14-11-04 17940
2020-07-13_14-11-04 17940
2020-07-13_14-11-04 17930
2020-07-13_14-11-04 17940
2020-07-13_14-11-04 17940
2020-07-13_14-11-04 17930
2020-07-13_14-11-04 17950
2020-07-13_14-11-04 17950
2020-07-13_14-11-04 17950
2020-07-13_14-11-04 17940
2020-07-13_14-11-04 17950
2020-07-13_14-11-04 17950
2020-07-13_14-11-04 17960
2020-07-13_14-11-04 17960
2020-07-13_14-11-04 17960
2020-07-13_14-11-04 17950
2020-07-13_14-11-04 17950
2020-07-13_14-11-04 17950
2020-07-13_14-11-04 17940
2020-07-13_14-11-04 17940
2020-07-13_14-11-04 17940
2020-07-13_14-11-04 17940
2020-07-13_14-11-04 17940
2020-07-13_14-11-04 17940
2020-07-13_14-11-04 17930
2020-07-13_14-11-04 17940
2020-07-13_14-11-04 17940
2020-07-13_14-11-04 17940
2020-07-13_14-11-04 17930
2020-07-13_14-11-04 17940
2020-07-13_14-11-04 17950
2020-07-13_14-11-04 17940
2020-07-13_14-11-04 17940
2020-07-13_14-11-04 17940
2020-07-13_14-11-04 17940
2020-07-13_14-11-04 17940
2020-07-13_14-11-04 17950
2020-07-13_14-11-04 17940
2020-07-13_14-11-04 17940
2020-07-13_14-11-04 17940
2020-07-13_14-11-04 17940
2020-07-13_14-11-04 17940
2020-07-13_14-11-04 17940
2020-07-13_14-11-04 17940
2020-07-13_14-11-04 17940
2020-07-13_14-11-04 17940
2020-07-13_14-11-04 17940
2020-07-13_14-11-04 17940
2020-07-13_14-11-04 17940
2020-07-13_14-11-04 17940
2020-07-13_14-11-04 17940
2020-07-13_14-11-04 17930
2020-07-13_14-11-04 17930
2020-07-13_14-11-04 17930
2020-07-13_14-11-04 17930
2020-07-13_14-11-04 17940
2020-07-13_14-11-04 17940
2020-07-13_14-11-04 17940
2020-07-13_14-11-04 17940
2020-07-13_14-11-04 17930
2020-07-13_14-11-04 17930
2020-07-13_14-11-04 17770
2020-07-13_14-11-04 17770
2020-07-13_14-11-04 17820
2020-07-13_14-11-04 17950
2020-07-13_14-11-04 17900
2020-07-13_14-11-04 17890
2020-07-13_14-11-04 17930
2020-07-13_14-11-04 17930
2020-07-13_14-11-04 17960
2020-07-13_14-11-04 17970
2020-07-13_14-11-04 17970
2020-07-13_14-11-04 17960
2020-07-13_14-11-04 18030
2020-07-13_14-11-04 18010
2020-07-13_14-11-04 17990
2020-07-13_14-11-04 17990
2020-07-13_14-11-04 18000
2020-07-13_14-11-04 18080
2020-07-13_14-11-04 18020
2020-07-13_14-11-04 17930
2020-07-13_14-11-04 18030
2020-07-13_14-11-04 17950
2020-07-13_14-11-04 17480
2020-07-13_14-11-04 15590
2020-07-13_14-11-04 12770
2020-07-13_14-11-04 9700
2020-07-13_14-11-04 9660
2020-07-13_14-11-04 9620
2020-07-13_14-11-04 9540
2020-07-13_14-11-04 9480
2020-07-13_14-11-04 9480
2020-07-13_14-11-04 9340
2020-07-13_14-11-04 9400
2020-07-13_14-11-04 9500
2020-07-13_14-11-04 9520
2020-07-13_14-11-04 9500
2020-07-13_14-11-04 9430
2020-07-13_14-11-04 9420
2020-07-13_14-11-04 9030
2020-07-13_14-11-04 7530
2020-07-13_14-11-04 1920
