2020-07-13_14-11-03 1590
2020-07-13_14-11-03 3540
2020-07-13_14-11-03 5410
2020-07-13_14-11-03 4970
2020-07-13_14-11-03 5210
2020-07-13_14-11-03 5200
2020-07-13_14-11-03 5280
2020-07-13_14-11-03 5200
2020-07-13_14-11-03 5440
2020-07-13_14-11-03 8720
2020-07-13_14-11-03 12390
2020-07-13_14-11-03 12480
2020-07-13_14-11-03 12430
2020-07-13_14-11-03 12370
2020-07-13_14-11-03 12420
2020-07-13_14-11-03 12450
2020-07-13_14-11-03 14630
2020-07-13_14-11-03 16810
2020-07-13_14-11-03 20190
2020-07-13_14-11-03 20120
2020-07-13_14-11-03 20180
2020-07-13_14-11-03 20140
2020-07-13_14-11-03 20150
2020-07-13_14-11-03 20180
2020-07-13_14-11-03 20180
2020-07-13_14-11-03 20170
2020-07-13_14-11-03 20140
2020-07-13_14-11-03 20160
2020-07-13_14-11-03 20150
2020-07-13_14-11-03 20150
2020-07-13_14-11-03 20180
2020-07-13_14-11-03 20150
2020-07-13_14-11-03 20160
2020-07-13_14-11-03 20130
2020-07-13_14-11-03 20150
2020-07-13_14-11-03 20180
2020-07-13_14-11-03 20140
2020-07-13_14-11-03 20190
2020-07-13_14-11-03 20160
2020-07-13_14-11-03 20170
2020-07-13_14-11-03 20190
2020-07-13_14-11-03 20160
2020-07-13_14-11-03 20170
2020-07-13_14-11-03 20180
2020-07-13_14-11-03 20180
2020-07-13_14-11-03 20170
2020-07-13_14-11-03 20170
2020-07-13_14-11-03 20170
2020-07-13_14-11-03 20190
2020-07-13_14-11-03 20190
2020-07-13_14-11-03 20180
2020-07-13_14-11-03 20170
2020-07-13_14-11-03 20170
2020-07-13_14-11-03 20170
2020-07-13_14-11-03 20170
2020-07-13_14-11-03 20170
2020-07-13_14-11-03 20170
2020-07-13_14-11-03 20180
2020-07-13_14-11-03 20180
2020-07-13_14-11-03 20170
2020-07-13_14-11-03 20180
2020-07-13_14-11-03 20170
2020-07-13_14-11-03 20160
2020-07-13_14-11-03 20160
2020-07-13_14-11-03 20180
2020-07-13_14-11-03 20170
2020-07-13_14-11-03 20180
2020-07-13_14-11-03 20180
2020-07-13_14-11-03 20180
2020-07-13_14-11-03 20170
2020-07-13_14-11-03 20170
2020-07-13_14-11-03 20170
2020-07-13_14-11-03 20180
2020-07-13_14-11-03 20170
2020-07-13_14-11-03 20170
2020-07-13_14-11-03 20170
2020-07-13_14-11-03 20180
2020-07-13_14-11-03 20180
2020-07-13_14-11-03 20180
2020-07-13_14-11-03 20180
2020-07-13_14-11-03 20180
2020-07-13_14-11-03 20180
2020-07-13_14-11-03 20180
2020-07-13_14-11-03 20180
2020-07-13_14-11-03 20180
2020-07-13_14-11-03 20180
2020-07-13_14-11-03 20170
2020-07-13_14-11-03 20170
2020-07-13_14-11-03 20180
2020-07-13_14-11-03 20170
2020-07-13_14-11-03 20180
2020-07-13_14-11-03 20180
2020-07-13_14-11-03 20180
2020-07-13_14-11-03 20170
2020-07-13_14-11-03 20170
2020-07-13_14-11-03 20170
2020-07-13_14-11-03 20170
2020-07-13_14-11-03 20170
2020-07-13_14-11-03 20170
2020-07-13_14-11-03 20180
2020-07-13_14-11-03 20170
2020-07-13_14-11-03 20180
2020-07-13_14-11-03 20180
2020-07-13_14-11-03 20180
2020-07-13_14-11-03 20180
2020-07-13_14-11-03 20170
2020-07-13_14-11-03 20170
2020-07-13_14-11-03 20170
2020-07-13_14-11-03 20180
2020-07-13_14-11-03 20180
2020-07-13_14-11-03 20180
2020-07-13_14-11-03 20180
2020-07-13_14-11-03 20180
2020-07-13_14-11-03 20170
2020-07-13_14-11-03 20170
2020-07-13_14-11-03 20170
2020-07-13_14-11-03 20170
2020-07-13_14-11-03 20180
2020-07-13_14-11-03 20180
2020-07-13_14-11-03 20180
2020-07-13_14-11-03 20180
2020-07-13_14-11-03 20180
2020-07-13_14-11-03 20180
2020-07-13_14-11-03 20180
2020-07-13_14-11-03 20180
2020-07-13_14-11-03 20180
2020-07-13_14-11-03 20180
2020-07-13_14-11-03 20180
2020-07-13_14-11-03 20170
2020-07-13_14-11-03 20170
2020-07-13_14-11-03 20170
2020-07-13_14-11-03 20170
2020-07-13_14-11-03 20170
2020-07-13_14-11-03 20170
2020-07-13_14-11-03 20170
2020-07-13_14-11-03 20170
2020-07-13_14-11-03 20170
2020-07-13_14-11-03 20170
2020-07-13_14-11-03 20170
2020-07-13_14-11-03 20170
2020-07-13_14-11-03 20170
2020-07-13_14-11-03 20170
2020-07-13_14-11-03 20170
2020-07-13_14-11-03 20170
2020-07-13_14-11-03 20180
2020-07-13_14-11-03 20180
2020-07-13_14-11-03 20180
2020-07-13_14-11-03 20180
2020-07-13_14-11-03 20180
2020-07-13_14-11-03 20180
2020-07-13_14-11-03 20180
2020-07-13_14-11-03 20180
2020-07-13_14-11-03 20180
2020-07-13_14-11-03 20180
2020-07-13_14-11-03 20180
2020-07-13_14-11-03 20180
2020-07-13_14-11-03 20180
2020-07-13_14-11-03 20180
2020-07-13_14-11-03 20180
2020-07-13_14-11-03 20180
2020-07-13_14-11-03 20180
2020-07-13_14-11-03 20180
2020-07-13_14-11-03 20180
2020-07-13_14-11-03 20170
2020-07-13_14-11-03 20170
2020-07-13_14-11-03 20180
2020-07-13_14-11-03 20160
2020-07-13_14-11-03 20160
2020-07-13_14-11-03 20170
2020-07-13_14-11-03 20170
2020-07-13_14-11-03 20170
2020-07-13_14-11-03 20180
2020-07-13_14-11-03 20180
2020-07-13_14-11-03 20170
2020-07-13_14-11-03 20170
2020-07-13_14-11-03 20170
2020-07-13_14-11-03 20170
2020-07-13_14-11-03 20170
2020-07-13_14-11-03 20170
2020-07-13_14-11-03 20170
2020-07-13_14-11-03 20170
2020-07-13_14-11-03 20170
2020-07-13_14-11-03 20170
2020-07-13_14-11-03 20170
2020-07-13_14-11-03 20170
2020-07-13_14-11-03 20170
2020-07-13_14-11-03 20170
2020-07-13_14-11-03 20170
2020-07-13_14-11-03 20180
2020-07-13_14-11-03 20180
2020-07-13_14-11-03 5370
2020-07-13_14-11-03 5070
2020-07-13_14-11-03 5150
2020-07-13_14-11-03 5290
2020-07-13_14-11-03 5060
2020-07-13_14-11-03 5070
2020-07-13_14-11-03 5230
2020-07-13_14-11-03 5160
2020-07-13_14-11-03 5280
2020-07-13_14-11-03 5300
2020-07-13_14-11-03 6570
2020-07-13_14-11-03 10830
2020-07-13_14-11-03 12060
2020-07-13_14-11-03 12520
2020-07-13_14-11-03 13100
2020-07-13_14-11-03 18840
2020-07-13_14-11-03 19980
2020-07-13_14-11-03 20130
2020-07-13_14-11-03 20120
2020-07-13_14-11-03 20160
2020-07-13_14-11-03 20140
2020-07-13_14-11-03 20140
2020-07-13_14-11-03 20190
2020-07-13_14-11-03 20160
2020-07-13_14-11-03 20170
2020-07-13_14-11-03 20170
2020-07-13_14-11-03 20140
2020-07-13_14-11-03 20160
2020-07-13_14-11-03 20160
2020-07-13_14-11-03 20150
2020-07-13_14-11-03 20180
2020-07-13_14-11-03 20160
2020-07-13_14-11-03 20160
2020-07-13_14-11-03 20130
2020-07-13_14-11-03 20160
2020-07-13_14-11-03 20180
2020-07-13_14-11-03 20180
2020-07-13_14-11-03 20170
2020-07-13_14-11-03 20190
2020-07-13_14-11-03 20180
2020-07-13_14-11-03 20180
2020-07-13_14-11-03 20180
2020-07-13_14-11-03 20180
2020-07-13_14-11-03 20180
2020-07-13_14-11-03 20170
2020-07-13_14-11-03 20170
2020-07-13_14-11-03 20180
2020-07-13_14-11-03 20180
2020-07-13_14-11-03 20170
2020-07-13_14-11-03 20180
2020-07-13_14-11-03 20180
2020-07-13_14-11-03 20180
2020-07-13_14-11-03 20180
2020-07-13_14-11-03 20160
2020-07-13_14-11-03 20170
2020-07-13_14-11-03 20180
2020-07-13_14-11-03 20170
2020-07-13_14-11-03 20190
2020-07-13_14-11-03 20180
2020-07-13_14-11-03 20170
2020-07-13_14-11-03 20180
2020-07-13_14-11-03 20180
2020-07-13_14-11-03 20180
2020-07-13_14-11-03 20190
2020-07-13_14-11-03 20180
2020-07-13_14-11-03 20180
2020-07-13_14-11-03 20180
2020-07-13_14-11-03 20190
2020-07-13_14-11-03 20180
2020-07-13_14-11-03 20180
2020-07-13_14-11-03 20180
2020-07-13_14-11-03 20180
2020-07-13_14-11-03 20180
2020-07-13_14-11-03 20170
2020-07-13_14-11-03 20180
2020-07-13_14-11-03 20180
2020-07-13_14-11-03 20180
2020-07-13_14-11-03 20180
2020-07-13_14-11-03 20180
2020-07-13_14-11-03 20180
2020-07-13_14-11-03 20170
2020-07-13_14-11-03 20170
2020-07-13_14-11-03 20180
2020-07-13_14-11-03 20180
2020-07-13_14-11-03 20170
2020-07-13_14-11-03 20180
2020-07-13_14-11-03 20180
2020-07-13_14-11-03 20180
2020-07-13_14-11-03 20180
2020-07-13_14-11-03 20180
2020-07-13_14-11-03 20170
2020-07-13_14-11-03 20170
2020-07-13_14-11-03 20170
2020-07-13_14-11-03 20180
2020-07-13_14-11-03 20180
2020-07-13_14-11-03 20180
2020-07-13_14-11-03 20180
2020-07-13_14-11-03 20180
2020-07-13_14-11-03 20180
2020-07-13_14-11-03 20170
2020-07-13_14-11-03 20170
2020-07-13_14-11-03 20170
2020-07-13_14-11-03 20170
2020-07-13_14-11-03 20170
2020-07-13_14-11-03 20180
2020-07-13_14-11-03 20180
2020-07-13_14-11-03 20180
2020-07-13_14-11-03 20180
2020-07-13_14-11-03 20180
2020-07-13_14-11-03 20180
2020-07-13_14-11-03 20180
2020-07-13_14-11-03 20180
2020-07-13_14-11-03 20180
2020-07-13_14-11-03 20180
2020-07-13_14-11-03 20180
2020-07-13_14-11-03 20180
2020-07-13_14-11-03 20180
2020-07-13_14-11-03 20180
2020-07-13_14-11-03 20170
2020-07-13_14-11-03 20170
2020-07-13_14-11-03 20180
2020-07-13_14-11-03 20170
2020-07-13_14-11-03 20170
2020-07-13_14-11-03 20170
2020-07-13_14-11-03 20170
2020-07-13_14-11-03 20170
2020-07-13_14-11-03 20170
2020-07-13_14-11-03 20180
2020-07-13_14-11-03 20180
2020-07-13_14-11-03 20180
2020-07-13_14-11-03 20170
2020-07-13_14-11-03 20170
2020-07-13_14-11-03 20180
2020-07-13_14-11-03 20170
2020-07-13_14-11-03 20170
2020-07-13_14-11-03 20170
2020-07-13_14-11-03 20170
2020-07-13_14-11-03 20170
2020-07-13_14-11-03 20170
2020-07-13_14-11-03 20170
2020-07-13_14-11-03 20170
2020-07-13_14-11-03 20170
2020-07-13_14-11-03 20180
2020-07-13_14-11-03 20180
2020-07-13_14-11-03 20180
2020-07-13_14-11-03 20180
2020-07-13_14-11-03 20180
2020-07-13_14-11-03 20180
2020-07-13_14-11-03 20180
2020-07-13_14-11-03 20180
2020-07-13_14-11-03 20180
2020-07-13_14-11-03 20180
2020-07-13_14-11-03 20180
2020-07-13_14-11-03 20180
2020-07-13_14-11-03 20180
2020-07-13_14-11-03 20180
2020-07-13_14-11-03 20180
2020-07-13_14-11-03 20180
2020-07-13_14-11-03 20180
2020-07-13_14-11-03 20180
2020-07-13_14-11-03 20180
2020-07-13_14-11-03 20180
2020-07-13_14-11-03 20180
2020-07-13_14-11-03 20180
2020-07-13_14-11-03 20180
2020-07-13_14-11-03 20180
2020-07-13_14-11-03 20180
2020-07-13_14-11-03 20180
2020-07-13_14-11-03 20170
2020-07-13_14-11-03 20180
2020-07-13_14-11-03 20180
2020-07-13_14-11-03 20180
2020-07-13_14-11-03 20180
2020-07-13_14-11-03 20180
2020-07-13_14-11-03 20180
2020-07-13_14-11-03 20180
2020-07-13_14-11-03 20170
2020-07-13_14-11-03 20170
2020-07-13_14-11-03 20170
2020-07-13_14-11-03 20170
2020-07-13_14-11-03 20180
2020-07-13_14-11-03 20170
2020-07-13_14-11-03 20170
2020-07-13_14-11-03 20170
2020-07-13_14-11-03 20180
2020-07-13_14-11-03 20170
2020-07-13_14-11-03 20170
2020-07-13_14-11-03 20170
2020-07-13_14-11-03 20170
2020-07-13_14-11-03 20170
2020-07-13_14-11-03 20170
2020-07-13_14-11-03 20170
2020-07-13_14-11-03 20170
2020-07-13_14-11-03 20170
2020-07-13_14-11-03 20170
2020-07-13_14-11-03 20170
2020-07-13_14-11-03 20170
2020-07-13_14-11-03 20170
2020-07-13_14-11-03 20170
2020-07-13_14-11-03 20170
2020-07-13_14-11-03 20180
2020-07-13_14-11-03 20180
2020-07-13_14-11-03 20180
2020-07-13_14-11-03 20180
2020-07-13_14-11-03 20180
2020-07-13_14-11-03 20180
2020-07-13_14-11-03 20180
2020-07-13_14-11-03 20180
2020-07-13_14-11-03 20180
2020-07-13_14-11-03 20180
2020-07-13_14-11-03 20180
2020-07-13_14-11-03 20180
2020-07-13_14-11-03 20180
2020-07-13_14-11-03 20180
2020-07-13_14-11-03 20170
2020-07-13_14-11-03 20180
2020-07-13_14-11-03 20180
2020-07-13_14-11-03 20180
2020-07-13_14-11-03 20180
2020-07-13_14-11-03 20180
2020-07-13_14-11-03 20180
2020-07-13_14-11-03 20170
2020-07-13_14-11-03 20170
2020-07-13_14-11-03 20170
2020-07-13_14-11-03 20170
2020-07-13_14-11-03 20170
2020-07-13_14-11-03 20170
2020-07-13_14-11-03 20170
2020-07-13_14-11-03 20170
2020-07-13_14-11-03 20170
2020-07-13_14-11-03 20180
2020-07-13_14-11-03 20180
2020-07-13_14-11-03 20180
2020-07-13_14-11-03 20180
2020-07-13_14-11-03 20180
2020-07-13_14-11-03 20170
2020-07-13_14-11-03 20170
2020-07-13_14-11-03 20170
2020-07-13_14-11-03 20180
2020-07-13_14-11-03 20180
2020-07-13_14-11-03 20180
2020-07-13_14-11-03 20170
2020-07-13_14-11-03 20170
2020-07-13_14-11-03 20170
2020-07-13_14-11-03 20180
2020-07-13_14-11-03 20180
2020-07-13_14-11-03 20170
2020-07-13_14-11-03 20170
2020-07-13_14-11-03 20160
2020-07-13_14-11-03 20170
2020-07-13_14-11-03 20180
2020-07-13_14-11-03 20180
2020-07-13_14-11-03 20170
2020-07-13_14-11-03 20170
2020-07-13_14-11-03 20170
2020-07-13_14-11-03 20180
2020-07-13_14-11-03 20180
2020-07-13_14-11-03 20180
2020-07-13_14-11-03 20170
2020-07-13_14-11-03 20170
2020-07-13_14-11-03 20170
2020-07-13_14-11-03 20180
2020-07-13_14-11-03 20180
2020-07-13_14-11-03 20180
2020-07-13_14-11-03 20180
2020-07-13_14-11-03 20180
2020-07-13_14-11-03 20180
2020-07-13_14-11-03 20180
2020-07-13_14-11-03 20170
2020-07-13_14-11-03 20180
2020-07-13_14-11-03 20180
2020-07-13_14-11-03 20180
2020-07-13_14-11-03 20180
2020-07-13_14-11-03 20180
2020-07-13_14-11-03 20180
2020-07-13_14-11-03 20180
2020-07-13_14-11-03 20180
2020-07-13_14-11-03 20180
2020-07-13_14-11-03 20180
2020-07-13_14-11-03 20180
2020-07-13_14-11-03 20180
2020-07-13_14-11-03 20180
2020-07-13_14-11-03 20180
2020-07-13_14-11-03 20180
2020-07-13_14-11-03 20180
2020-07-13_14-11-03 20180
2020-07-13_14-11-03 20180
2020-07-13_14-11-03 20160
2020-07-13_14-11-03 20120
2020-07-13_14-11-03 20130
2020-07-13_14-11-03 20090
2020-07-13_14-11-03 20070
2020-07-13_14-11-03 20090
2020-07-13_14-11-03 20050
2020-07-13_14-11-03 20050
2020-07-13_14-11-03 20050
2020-07-13_14-11-03 20080
2020-07-13_14-11-03 20020
2020-07-13_14-11-03 20060
2020-07-13_14-11-03 20000
2020-07-13_14-11-03 20030
2020-07-13_14-11-03 19980
2020-07-13_14-11-03 19990
2020-07-13_14-11-03 20010
2020-07-13_14-11-03 19960
2020-07-13_14-11-03 20040
2020-07-13_14-11-03 20040
2020-07-13_14-11-03 20130
2020-07-13_14-11-03 26970
2020-07-13_14-11-03 28190
2020-07-13_14-11-03 28410
2020-07-13_14-11-03 28520
2020-07-13_14-11-03 28390
2020-07-13_14-11-03 28670
2020-07-13_14-11-03 28550
2020-07-13_14-11-03 28500
2020-07-13_14-11-03 28520
2020-07-13_14-11-03 28540
2020-07-13_14-11-03 28560
2020-07-13_14-11-03 28570
2020-07-13_14-11-03 27640
2020-07-13_14-11-03 24570
2020-07-13_14-11-03 23620
2020-07-13_14-11-03 24090
2020-07-13_14-11-03 29870
2020-07-13_14-11-03 32050
2020-07-13_14-11-03 32520
2020-07-13_14-11-03 32650
2020-07-13_14-11-03 32860
2020-07-13_14-11-03 32730
2020-07-13_14-11-03 32670
2020-07-13_14-11-03 32850
2020-07-13_14-11-03 32840
2020-07-13_14-11-03 32640
2020-07-13_14-11-03 32650
2020-07-13_14-11-03 32750
2020-07-13_14-11-03 32510
2020-07-13_14-11-03 32270
2020-07-13_14-11-03 32350
2020-07-13_14-11-03 32420
2020-07-13_14-11-03 32230
2020-07-13_14-11-03 32050
2020-07-13_14-11-03 31380
2020-07-13_14-11-03 29460
2020-07-13_14-11-03 26880
2020-07-13_14-11-03 25120
2020-07-13_14-11-03 24700
2020-07-13_14-11-03 24810
2020-07-13_14-11-03 24900
2020-07-13_14-11-03 25040
2020-07-13_14-11-03 25140
2020-07-13_14-11-03 25110
2020-07-13_14-11-03 25110
2020-07-13_14-11-03 25180
2020-07-13_14-11-03 25220
2020-07-13_14-11-03 25190
2020-07-13_14-11-03 25230
2020-07-13_14-11-03 25060
2020-07-13_14-11-03 24200
2020-07-13_14-11-03 22470
2020-07-13_14-11-03 20570
2020-07-13_14-11-03 19040
2020-07-13_14-11-03 18100
2020-07-13_14-11-03 17660
2020-07-13_14-11-03 17620
2020-07-13_14-11-03 17700
2020-07-13_14-11-03 17580
2020-07-13_14-11-03 17680
2020-07-13_14-11-03 17630
2020-07-13_14-11-03 17660
2020-07-13_14-11-03 17650
2020-07-13_14-11-03 17630
2020-07-13_14-11-03 17650
2020-07-13_14-11-03 17590
2020-07-13_14-11-03 17620
2020-07-13_14-11-03 17610
2020-07-13_14-11-03 17610
2020-07-13_14-11-03 17650
2020-07-13_14-11-03 17610
2020-07-13_14-11-03 17650
2020-07-13_14-11-03 17610
2020-07-13_14-11-03 17640
2020-07-13_14-11-03 17620
2020-07-13_14-11-03 17640
2020-07-13_14-11-03 17620
2020-07-13_14-11-03 17620
2020-07-13_14-11-03 17640
2020-07-13_14-11-03 17610
2020-07-13_14-11-03 20170
2020-07-13_14-11-03 17640
2020-07-13_14-11-03 20170
2020-07-13_14-11-03 17620
2020-07-13_14-11-03 20180
2020-07-13_14-11-03 17640
2020-07-13_14-11-03 20180
2020-07-13_14-11-03 17630
2020-07-13_14-11-03 17630
2020-07-13_14-11-03 20180
2020-07-13_14-11-03 17620
2020-07-13_14-11-03 20180
2020-07-13_14-11-03 17630
2020-07-13_14-11-03 20180
2020-07-13_14-11-03 17630
2020-07-13_14-11-03 20170
2020-07-13_14-11-03 17640
2020-07-13_14-11-03 20170
2020-07-13_14-11-03 17630
2020-07-13_14-11-03 20170
2020-07-13_14-11-03 17630
2020-07-13_14-11-03 20180
2020-07-13_14-11-03 17630
2020-07-13_14-11-03 20180
2020-07-13_14-11-03 17630
2020-07-13_14-11-03 20180
2020-07-13_14-11-03 17640
2020-07-13_14-11-03 20180
2020-07-13_14-11-03 17640
2020-07-13_14-11-03 20180
2020-07-13_14-11-03 17630
2020-07-13_14-11-03 20180
2020-07-13_14-11-03 17630
2020-07-13_14-11-03 20170
2020-07-13_14-11-03 17630
2020-07-13_14-11-03 20170
2020-07-13_14-11-03 17630
2020-07-13_14-11-03 20170
2020-07-13_14-11-03 17640
2020-07-13_14-11-03 20170
2020-07-13_14-11-03 17640
2020-07-13_14-11-03 20170
2020-07-13_14-11-03 17640
2020-07-13_14-11-03 20170
2020-07-13_14-11-03 17640
2020-07-13_14-11-03 20170
2020-07-13_14-11-03 17640
2020-07-13_14-11-03 20170
2020-07-13_14-11-03 17640
2020-07-13_14-11-03 20170
2020-07-13_14-11-03 17640
2020-07-13_14-11-03 20170
2020-07-13_14-11-03 17640
2020-07-13_14-11-03 20170
2020-07-13_14-11-03 20170
2020-07-13_14-11-03 17640
2020-07-13_14-11-03 17640
2020-07-13_14-11-03 20170
2020-07-13_14-11-03 17630
2020-07-13_14-11-03 20170
2020-07-13_14-11-03 17630
2020-07-13_14-11-03 20170
2020-07-13_14-11-03 17640
2020-07-13_14-11-03 20170
2020-07-13_14-11-03 17630
2020-07-13_14-11-03 20180
2020-07-13_14-11-03 17630
2020-07-13_14-11-03 20180
2020-07-13_14-11-03 17630
2020-07-13_14-11-03 20180
2020-07-13_14-11-03 17630
2020-07-13_14-11-03 20180
2020-07-13_14-11-03 17640
2020-07-13_14-11-03 20180
2020-07-13_14-11-03 17640
2020-07-13_14-11-03 20180
2020-07-13_14-11-03 17640
2020-07-13_14-11-03 20170
2020-07-13_14-11-03 17630
2020-07-13_14-11-03 20170
2020-07-13_14-11-03 17630
2020-07-13_14-11-03 20170
2020-07-13_14-11-03 17630
2020-07-13_14-11-03 20180
2020-07-13_14-11-03 17630
2020-07-13_14-11-03 20170
2020-07-13_14-11-03 17630
2020-07-13_14-11-03 20170
2020-07-13_14-11-03 17630
2020-07-13_14-11-03 20170
2020-07-13_14-11-03 17630
2020-07-13_14-11-03 20180
2020-07-13_14-11-03 17630
2020-07-13_14-11-03 20180
2020-07-13_14-11-03 17630
2020-07-13_14-11-03 20180
2020-07-13_14-11-03 17640
2020-07-13_14-11-03 20170
2020-07-13_14-11-03 17610
2020-07-13_14-11-03 20170
2020-07-13_14-11-03 17600
2020-07-13_14-11-03 20170
2020-07-13_14-11-03 17640
2020-07-13_14-11-03 20170
2020-07-13_14-11-03 17640
2020-07-13_14-11-03 20160
2020-07-13_14-11-03 17630
2020-07-13_14-11-03 20170
2020-07-13_14-11-03 17630
2020-07-13_14-11-03 20170
2020-07-13_14-11-03 17640
2020-07-13_14-11-03 20170
2020-07-13_14-11-03 17640
2020-07-13_14-11-03 20170
2020-07-13_14-11-03 17640
2020-07-13_14-11-03 20170
2020-07-13_14-11-03 17640
2020-07-13_14-11-03 20180
2020-07-13_14-11-03 17630
2020-07-13_14-11-03 20180
2020-07-13_14-11-03 17630
2020-07-13_14-11-03 20180
2020-07-13_14-11-03 17630
2020-07-13_14-11-03 20180
2020-07-13_14-11-03 17630
2020-07-13_14-11-03 20170
2020-07-13_14-11-03 17630
2020-07-13_14-11-03 20170
2020-07-13_14-11-03 17640
2020-07-13_14-11-03 20170
2020-07-13_14-11-03 17650
2020-07-13_14-11-03 20170
2020-07-13_14-11-03 17640
2020-07-13_14-11-03 20180
2020-07-13_14-11-03 17620
2020-07-13_14-11-03 20170
2020-07-13_14-11-03 17630
2020-07-13_14-11-03 20170
2020-07-13_14-11-03 17640
2020-07-13_14-11-03 20180
2020-07-13_14-11-03 17630
2020-07-13_14-11-03 20180
2020-07-13_14-11-03 17620
2020-07-13_14-11-03 20180
2020-07-13_14-11-03 17620
2020-07-13_14-11-03 17650
2020-07-13_14-11-03 20180
2020-07-13_14-11-03 20180
2020-07-13_14-11-03 17630
2020-07-13_14-11-03 17640
2020-07-13_14-11-03 20180
2020-07-13_14-11-03 17640
2020-07-13_14-11-03 20170
2020-07-13_14-11-03 17660
2020-07-13_14-11-03 20170
2020-07-13_14-11-03 17680
2020-07-13_14-11-03 20180
2020-07-13_14-11-03 17660
2020-07-13_14-11-03 20170
2020-07-13_14-11-03 17660
2020-07-13_14-11-03 20170
2020-07-13_14-11-03 17700
2020-07-13_14-11-03 20180
2020-07-13_14-11-03 17670
2020-07-13_14-11-03 20180
2020-07-13_14-11-03 17680
2020-07-13_14-11-03 20180
2020-07-13_14-11-03 17680
2020-07-13_14-11-03 20180
2020-07-13_14-11-03 17710
2020-07-13_14-11-03 20180
2020-07-13_14-11-03 17700
2020-07-13_14-11-03 20180
2020-07-13_14-11-03 17690
2020-07-13_14-11-03 20180
2020-07-13_14-11-03 17740
2020-07-13_14-11-03 20180
2020-07-13_14-11-03 17730
2020-07-13_14-11-03 20180
2020-07-13_14-11-03 17690
2020-07-13_14-11-03 20180
2020-07-13_14-11-03 17690
2020-07-13_14-11-03 20180
2020-07-13_14-11-03 17660
2020-07-13_14-11-03 20180
2020-07-13_14-11-03 17690
2020-07-13_14-11-03 20180
2020-07-13_14-11-03 17700
2020-07-13_14-11-03 20180
2020-07-13_14-11-03 16750
2020-07-13_14-11-03 20180
2020-07-13_14-11-03 11890
2020-07-13_14-11-03 20180
2020-07-13_14-11-03 9960
2020-07-13_14-11-03 9240
2020-07-13_14-11-03 20180
2020-07-13_14-11-03 9230
2020-07-13_14-11-03 20180
2020-07-13_14-11-03 9310
2020-07-13_14-11-03 20180
2020-07-13_14-11-03 9300
2020-07-13_14-11-03 20180
2020-07-13_14-11-03 9380
2020-07-13_14-11-03 20180
2020-07-13_14-11-03 9280
2020-07-13_14-11-03 20180
2020-07-13_14-11-03 9210
2020-07-13_14-11-03 20180
2020-07-13_14-11-03 9330
2020-07-13_14-11-03 20180
2020-07-13_14-11-03 9030
2020-07-13_14-11-03 20180
2020-07-13_14-11-03 9180
2020-07-13_14-11-03 9170
2020-07-13_14-11-03 20180
2020-07-13_14-11-03 20180
2020-07-13_14-11-03 6830
2020-07-13_14-11-03 2860
2020-07-13_14-11-03 20180
2020-07-13_14-11-03 20180
2020-07-13_14-11-03 1360
2020-07-13_14-11-03 20180
2020-07-13_14-11-03 20180
2020-07-13_14-11-03 20180
2020-07-13_14-11-03 20180
2020-07-13_14-11-03 20180
2020-07-13_14-11-03 20180
2020-07-13_14-11-03 20180
2020-07-13_14-11-03 20180
2020-07-13_14-11-03 20180
2020-07-13_14-11-03 20180
2020-07-13_14-11-03 20180
2020-07-13_14-11-03 20180
2020-07-13_14-11-03 20180
2020-07-13_14-11-03 20150
2020-07-13_14-11-03 20130
2020-07-13_14-11-03 20120
2020-07-13_14-11-03 20050
2020-07-13_14-11-03 20070
2020-07-13_14-11-03 20060
2020-07-13_14-11-03 20080
2020-07-13_14-11-03 20020
2020-07-13_14-11-03 20040
2020-07-13_14-11-03 20040
2020-07-13_14-11-03 20040
2020-07-13_14-11-03 20000
2020-07-13_14-11-03 20070
2020-07-13_14-11-03 20290
2020-07-13_14-11-03 21660
2020-07-13_14-11-03 24470
2020-07-13_14-11-03 28570
2020-07-13_14-11-03 28530
2020-07-13_14-11-03 28440
2020-07-13_14-11-03 28510
2020-07-13_14-11-03 28560
2020-07-13_14-11-03 28520
2020-07-13_14-11-03 28420
2020-07-13_14-11-03 26130
2020-07-13_14-11-03 23430
2020-07-13_14-11-03 26680
2020-07-13_14-11-03 17640
2020-07-13_14-11-03 17640
2020-07-13_14-11-03 17610
2020-07-13_14-11-03 17610
2020-07-13_14-11-03 17610
2020-07-13_14-11-03 17620
2020-07-13_14-11-03 17590
2020-07-13_14-11-03 17630
2020-07-13_14-11-03 17620
2020-07-13_14-11-03 17640
2020-07-13_14-11-03 17640
2020-07-13_14-11-03 17620
2020-07-13_14-11-03 17640
2020-07-13_14-11-03 17640
2020-07-13_14-11-03 17650
2020-07-13_14-11-03 17620
2020-07-13_14-11-03 17630
2020-07-13_14-11-03 17640
2020-07-13_14-11-03 17620
2020-07-13_14-11-03 17640
2020-07-13_14-11-03 17610
2020-07-13_14-11-03 17630
2020-07-13_14-11-03 17630
2020-07-13_14-11-03 17630
2020-07-13_14-11-03 17630
2020-07-13_14-11-03 17640
2020-07-13_14-11-03 17640
2020-07-13_14-11-03 17620
2020-07-13_14-11-03 17630
2020-07-13_14-11-03 17630
2020-07-13_14-11-03 17640
2020-07-13_14-11-03 17640
2020-07-13_14-11-03 17640
2020-07-13_14-11-03 17640
2020-07-13_14-11-03 17640
2020-07-13_14-11-03 17640
2020-07-13_14-11-03 17640
2020-07-13_14-11-03 17630
2020-07-13_14-11-03 17640
2020-07-13_14-11-03 17630
2020-07-13_14-11-03 17630
2020-07-13_14-11-03 17630
2020-07-13_14-11-03 17640
2020-07-13_14-11-03 17640
2020-07-13_14-11-03 17630
2020-07-13_14-11-03 17630
2020-07-13_14-11-03 17630
2020-07-13_14-11-03 17630
2020-07-13_14-11-03 17630
2020-07-13_14-11-03 17630
2020-07-13_14-11-03 17630
2020-07-13_14-11-03 17630
2020-07-13_14-11-03 17630
2020-07-13_14-11-03 17640
2020-07-13_14-11-03 17640
2020-07-13_14-11-03 17600
2020-07-13_14-11-03 17620
2020-07-13_14-11-03 17640
2020-07-13_14-11-03 17630
2020-07-13_14-11-03 17630
2020-07-13_14-11-03 17640
2020-07-13_14-11-03 17640
2020-07-13_14-11-03 17630
2020-07-13_14-11-03 17630
2020-07-13_14-11-03 17630
2020-07-13_14-11-03 17640
2020-07-13_14-11-03 17620
2020-07-13_14-11-03 17640
2020-07-13_14-11-03 17640
2020-07-13_14-11-03 17660
2020-07-13_14-11-03 17630
2020-07-13_14-11-03 17630
2020-07-13_14-11-03 17640
2020-07-13_14-11-03 17720
2020-07-13_14-11-03 17670
2020-07-13_14-11-03 17660
2020-07-13_14-11-03 17760
2020-07-13_14-11-03 17710
2020-07-13_14-11-03 17730
2020-07-13_14-11-03 17690
2020-07-13_14-11-03 17650
2020-07-13_14-11-03 17640
2020-07-13_14-11-03 14550
2020-07-13_14-11-03 9350
2020-07-13_14-11-03 9230
2020-07-13_14-11-03 9290
2020-07-13_14-11-03 9290
2020-07-13_14-11-03 9380
2020-07-13_14-11-03 9300
2020-07-13_14-11-03 9290
2020-07-13_14-11-03 9230
2020-07-13_14-11-03 9350
2020-07-13_14-11-03 9110
2020-07-13_14-11-03 8410
2020-07-13_14-11-04 4870
