2020-07-13_14-11-27 1950
2020-07-13_14-11-27 2360
2020-07-13_14-11-27 2110
2020-07-13_14-11-27 2300
2020-07-13_14-11-27 2220
2020-07-13_14-11-27 2650
2020-07-13_14-11-27 4050
2020-07-13_14-11-27 4520
2020-07-13_14-11-27 4540
2020-07-13_14-11-27 4540
2020-07-13_14-11-27 4530
2020-07-13_14-11-27 4570
2020-07-13_14-11-27 4530
2020-07-13_14-11-27 4510
2020-07-13_14-11-27 4580
2020-07-13_14-11-27 4750
2020-07-13_14-11-27 5620
2020-07-13_14-11-27 6030
2020-07-13_14-11-27 6090
2020-07-13_14-11-27 6070
2020-07-13_14-11-27 6070
2020-07-13_14-11-27 6080
2020-07-13_14-11-27 6080
2020-07-13_14-11-27 6050
2020-07-13_14-11-27 6080
2020-07-13_14-11-27 6090
2020-07-13_14-11-27 6050
2020-07-13_14-11-27 6220
2020-07-13_14-11-27 6550
2020-07-13_14-11-27 7030
2020-07-13_14-11-27 7260
2020-07-13_14-11-27 7270
2020-07-13_14-11-27 7250
2020-07-13_14-11-27 7270
2020-07-13_14-11-27 7270
2020-07-13_14-11-27 7270
2020-07-13_14-11-27 7260
2020-07-13_14-11-27 7280
2020-07-13_14-11-27 7270
2020-07-13_14-11-27 7270
2020-07-13_14-11-27 7250
2020-07-13_14-11-27 7280
2020-07-13_14-11-27 7270
2020-07-13_14-11-27 7270
2020-07-13_14-11-27 7270
2020-07-13_14-11-27 7280
2020-07-13_14-11-27 7280
2020-07-13_14-11-27 7280
2020-07-13_14-11-27 7280
2020-07-13_14-11-27 7260
2020-07-13_14-11-27 7280
2020-07-13_14-11-27 7280
2020-07-13_14-11-27 7270
2020-07-13_14-11-27 7270
2020-07-13_14-11-27 7270
2020-07-13_14-11-27 7280
2020-07-13_14-11-27 7280
2020-07-13_14-11-27 7260
2020-07-13_14-11-27 7260
2020-07-13_14-11-27 7250
2020-07-13_14-11-27 7290
2020-07-13_14-11-27 7280
2020-07-13_14-11-27 7270
2020-07-13_14-11-27 7260
2020-07-13_14-11-27 7280
2020-07-13_14-11-27 7270
2020-07-13_14-11-27 7210
2020-07-13_14-11-27 7160
2020-07-13_14-11-27 7160
2020-07-13_14-11-27 7160
2020-07-13_14-11-27 7160
2020-07-13_14-11-27 7160
2020-07-13_14-11-27 7160
2020-07-13_14-11-27 7160
2020-07-13_14-11-27 7160
2020-07-13_14-11-27 7160
2020-07-13_14-11-27 7160
2020-07-13_14-11-27 7160
2020-07-13_14-11-27 7160
2020-07-13_14-11-27 7160
2020-07-13_14-11-27 7160
2020-07-13_14-11-27 7160
2020-07-13_14-11-27 7160
2020-07-13_14-11-27 7160
2020-07-13_14-11-27 7160
2020-07-13_14-11-27 7160
2020-07-13_14-11-27 7160
2020-07-13_14-11-27 7160
2020-07-13_14-11-27 7150
2020-07-13_14-11-27 7160
2020-07-13_14-11-27 7160
2020-07-13_14-11-27 7160
2020-07-13_14-11-27 7160
2020-07-13_14-11-27 7160
2020-07-13_14-11-27 7160
2020-07-13_14-11-27 7160
2020-07-13_14-11-27 7160
2020-07-13_14-11-27 7160
2020-07-13_14-11-27 7160
2020-07-13_14-11-27 7160
2020-07-13_14-11-27 7280
2020-07-13_14-11-27 7270
2020-07-13_14-11-27 7280
2020-07-13_14-11-27 7270
2020-07-13_14-11-27 7270
2020-07-13_14-11-27 7250
2020-07-13_14-11-27 7280
2020-07-13_14-11-27 7290
2020-07-13_14-11-27 7250
2020-07-13_14-11-27 7250
2020-07-13_14-11-27 7300
2020-07-13_14-11-27 7280
2020-07-13_14-11-27 7270
2020-07-13_14-11-27 7270
2020-07-13_14-11-27 7270
2020-07-13_14-11-27 7270
2020-07-13_14-11-27 7270
2020-07-13_14-11-27 7270
2020-07-13_14-11-27 7270
2020-07-13_14-11-27 7280
2020-07-13_14-11-27 7270
2020-07-13_14-11-27 7270
2020-07-13_14-11-27 7270
2020-07-13_14-11-27 7270
2020-07-13_14-11-27 7270
2020-07-13_14-11-27 7270
2020-07-13_14-11-27 7270
2020-07-13_14-11-27 7270
2020-07-13_14-11-27 7270
2020-07-13_14-11-27 7270
2020-07-13_14-11-27 7270
2020-07-13_14-11-27 7270
2020-07-13_14-11-27 7280
2020-07-13_14-11-27 7280
2020-07-13_14-11-27 7260
2020-07-13_14-11-27 2740
2020-07-13_14-11-27 2750
2020-07-13_14-11-27 2730
2020-07-13_14-11-27 2740
2020-07-13_14-11-27 2740
2020-07-13_14-11-27 2730
2020-07-13_14-11-27 2650
2020-07-13_14-11-27 2230
2020-07-13_14-11-27 1700
2020-07-13_14-11-27 1300
2020-07-13_14-11-27 1200
2020-07-13_14-11-27 1220
2020-07-13_14-11-27 1220
2020-07-13_14-11-27 1210
2020-07-13_14-11-27 880
