2020-07-13_14-10-58 1450
2020-07-13_14-10-58 2990
2020-07-13_14-10-58 4060
2020-07-13_14-10-58 4110
2020-07-13_14-10-58 3920
2020-07-13_14-10-58 4010
2020-07-13_14-10-58 4100
2020-07-13_14-10-58 4030
2020-07-13_14-10-58 3960
2020-07-13_14-10-58 4020
2020-07-13_14-10-58 4060
2020-07-13_14-10-58 4000
2020-07-13_14-10-58 3980
2020-07-13_14-10-58 4060
2020-07-13_14-10-58 4090
2020-07-13_14-10-58 4050
2020-07-13_14-10-58 4110
2020-07-13_14-10-58 4680
2020-07-13_14-10-58 5560
2020-07-13_14-10-58 6340
2020-07-13_14-10-58 6810
2020-07-13_14-10-58 6860
2020-07-13_14-10-58 6890
2020-07-13_14-10-58 6810
2020-07-13_14-10-58 6990
2020-07-13_14-10-58 7850
2020-07-13_14-10-58 8820
2020-07-13_14-10-58 9630
2020-07-13_14-10-58 9970
2020-07-13_14-10-58 9930
2020-07-13_14-10-58 9980
2020-07-13_14-10-58 9850
2020-07-13_14-10-58 9940
2020-07-13_14-10-58 9980
2020-07-13_14-10-58 9890
2020-07-13_14-10-58 9910
2020-07-13_14-10-58 9910
2020-07-13_14-10-58 9960
2020-07-13_14-10-58 9920
2020-07-13_14-10-58 9870
2020-07-13_14-10-58 9900
2020-07-13_14-10-58 9920
2020-07-13_14-10-58 9920
2020-07-13_14-10-58 9860
2020-07-13_14-10-58 9890
2020-07-13_14-10-58 9940
2020-07-13_14-10-58 9920
2020-07-13_14-10-58 9920
2020-07-13_14-10-58 9920
2020-07-13_14-10-58 9920
2020-07-13_14-10-58 9920
2020-07-13_14-10-58 9920
2020-07-13_14-10-58 9920
2020-07-13_14-10-58 9920
2020-07-13_14-10-58 9920
2020-07-13_14-10-58 9920
2020-07-13_14-10-58 9920
2020-07-13_14-10-58 9920
2020-07-13_14-10-58 9920
2020-07-13_14-10-58 9920
2020-07-13_14-10-58 9920
2020-07-13_14-10-58 9920
2020-07-13_14-10-58 9920
2020-07-13_14-10-58 9920
2020-07-13_14-10-58 9920
2020-07-13_14-10-58 9930
2020-07-13_14-10-58 9930
2020-07-13_14-10-58 9930
2020-07-13_14-10-58 9910
2020-07-13_14-10-58 9910
2020-07-13_14-10-58 9930
2020-07-13_14-10-58 9950
2020-07-13_14-10-58 9930
2020-07-13_14-10-58 9930
2020-07-13_14-10-58 9940
2020-07-13_14-10-58 9920
2020-07-13_14-10-58 9930
2020-07-13_14-10-58 9940
2020-07-13_14-10-58 9950
2020-07-13_14-10-58 9940
2020-07-13_14-10-58 9940
2020-07-13_14-10-58 9940
2020-07-13_14-10-58 9940
2020-07-13_14-10-58 9950
2020-07-13_14-10-58 9940
2020-07-13_14-10-58 9940
2020-07-13_14-10-58 9930
2020-07-13_14-10-58 9930
2020-07-13_14-10-58 9940
2020-07-13_14-10-58 9930
2020-07-13_14-10-58 9930
2020-07-13_14-10-58 9930
2020-07-13_14-10-58 9940
2020-07-13_14-10-58 9930
2020-07-13_14-10-58 9940
2020-07-13_14-10-58 9940
2020-07-13_14-10-58 9940
2020-07-13_14-10-58 9940
2020-07-13_14-10-58 9930
2020-07-13_14-10-58 9920
2020-07-13_14-10-58 9920
2020-07-13_14-10-58 9930
2020-07-13_14-10-58 9930
2020-07-13_14-10-58 9940
2020-07-13_14-10-58 9940
2020-07-13_14-10-58 9930
2020-07-13_14-10-58 9930
2020-07-13_14-10-58 9930
2020-07-13_14-10-58 9940
2020-07-13_14-10-58 9940
2020-07-13_14-10-58 9940
2020-07-13_14-10-58 9940
2020-07-13_14-10-58 9930
2020-07-13_14-10-58 9930
2020-07-13_14-10-58 9930
2020-07-13_14-10-58 9940
2020-07-13_14-10-58 9940
2020-07-13_14-10-58 9940
2020-07-13_14-10-58 9930
2020-07-13_14-10-58 9930
2020-07-13_14-10-58 9930
2020-07-13_14-10-58 9930
2020-07-13_14-10-58 9930
2020-07-13_14-10-58 9930
2020-07-13_14-10-58 9930
2020-07-13_14-10-58 9930
2020-07-13_14-10-58 9930
2020-07-13_14-10-58 9930
2020-07-13_14-10-58 9930
2020-07-13_14-10-58 9920
2020-07-13_14-10-58 9930
2020-07-13_14-10-58 9930
2020-07-13_14-10-58 9940
2020-07-13_14-10-58 9940
2020-07-13_14-10-58 9930
2020-07-13_14-10-58 9930
2020-07-13_14-10-58 9930
2020-07-13_14-10-58 9940
2020-07-13_14-10-58 9940
2020-07-13_14-10-58 9940
2020-07-13_14-10-58 9930
2020-07-13_14-10-58 9930
2020-07-13_14-10-58 9930
2020-07-13_14-10-58 9930
2020-07-13_14-10-58 9930
2020-07-13_14-10-58 9930
2020-07-13_14-10-58 9930
2020-07-13_14-10-58 9930
2020-07-13_14-10-58 9930
2020-07-13_14-10-58 9930
2020-07-13_14-10-58 9930
2020-07-13_14-10-58 9930
2020-07-13_14-10-58 9930
2020-07-13_14-10-58 9930
2020-07-13_14-10-58 9930
2020-07-13_14-10-58 9930
2020-07-13_14-10-58 9930
2020-07-13_14-10-58 9940
2020-07-13_14-10-58 9940
2020-07-13_14-10-58 9940
2020-07-13_14-10-58 9930
2020-07-13_14-10-58 9930
2020-07-13_14-10-58 9930
2020-07-13_14-10-58 9930
2020-07-13_14-10-58 9930
2020-07-13_14-10-58 9940
2020-07-13_14-10-58 9940
2020-07-13_14-10-58 9940
2020-07-13_14-10-58 9940
2020-07-13_14-10-58 9940
2020-07-13_14-10-58 9940
2020-07-13_14-10-58 9940
2020-07-13_14-10-58 9940
2020-07-13_14-10-58 9930
2020-07-13_14-10-58 9930
2020-07-13_14-10-58 9940
2020-07-13_14-10-58 9940
2020-07-13_14-10-58 9940
2020-07-13_14-10-58 9940
2020-07-13_14-10-58 9940
2020-07-13_14-10-58 9940
2020-07-13_14-10-58 9940
2020-07-13_14-10-58 9940
2020-07-13_14-10-58 9930
2020-07-13_14-10-58 9930
2020-07-13_14-10-58 9930
2020-07-13_14-10-58 9930
2020-07-13_14-10-58 9930
2020-07-13_14-10-58 9940
2020-07-13_14-10-58 9940
2020-07-13_14-10-58 9930
2020-07-13_14-10-58 9930
2020-07-13_14-10-58 9930
2020-07-13_14-10-58 9930
2020-07-13_14-10-58 9930
2020-07-13_14-10-58 9930
2020-07-13_14-10-58 9930
2020-07-13_14-10-58 9930
2020-07-13_14-10-58 9930
2020-07-13_14-10-58 9930
2020-07-13_14-10-58 9930
2020-07-13_14-10-58 9930
2020-07-13_14-10-58 9930
2020-07-13_14-10-58 9930
2020-07-13_14-10-58 9930
2020-07-13_14-10-58 9930
2020-07-13_14-10-58 9930
2020-07-13_14-10-58 9930
2020-07-13_14-10-58 9930
2020-07-13_14-10-58 9930
2020-07-13_14-10-58 9930
2020-07-13_14-10-58 9930
2020-07-13_14-10-58 9930
2020-07-13_14-10-58 9930
2020-07-13_14-10-58 9930
2020-07-13_14-10-58 9930
2020-07-13_14-10-58 9940
2020-07-13_14-10-58 9940
2020-07-13_14-10-58 9940
2020-07-13_14-10-58 9940
2020-07-13_14-10-58 9940
2020-07-13_14-10-58 9940
2020-07-13_14-10-58 9940
2020-07-13_14-10-58 9930
2020-07-13_14-10-58 9930
2020-07-13_14-10-58 9930
2020-07-13_14-10-58 9930
2020-07-13_14-10-58 9930
2020-07-13_14-10-58 9930
2020-07-13_14-10-58 9940
2020-07-13_14-10-58 9940
2020-07-13_14-10-58 9940
2020-07-13_14-10-58 9950
2020-07-13_14-10-58 9940
2020-07-13_14-10-58 9940
2020-07-13_14-10-58 9930
2020-07-13_14-10-58 9930
2020-07-13_14-10-58 9930
2020-07-13_14-10-58 9930
2020-07-13_14-10-58 9930
2020-07-13_14-10-58 9930
2020-07-13_14-10-58 9930
2020-07-13_14-10-58 9930
2020-07-13_14-10-58 9930
2020-07-13_14-10-58 9930
2020-07-13_14-10-58 9930
2020-07-13_14-10-58 9930
2020-07-13_14-10-58 9930
2020-07-13_14-10-58 9930
2020-07-13_14-10-58 9940
2020-07-13_14-10-58 9940
2020-07-13_14-10-58 9940
2020-07-13_14-10-58 9940
2020-07-13_14-10-58 9930
2020-07-13_14-10-58 9930
2020-07-13_14-10-58 9930
2020-07-13_14-10-58 9930
2020-07-13_14-10-58 9930
2020-07-13_14-10-58 9930
2020-07-13_14-10-58 9930
2020-07-13_14-10-58 9930
2020-07-13_14-10-58 9930
2020-07-13_14-10-58 9930
2020-07-13_14-10-58 9930
2020-07-13_14-10-58 9930
2020-07-13_14-10-58 9930
2020-07-13_14-10-58 9930
2020-07-13_14-10-58 9930
2020-07-13_14-10-58 9930
2020-07-13_14-10-58 9930
2020-07-13_14-10-58 9930
2020-07-13_14-10-58 9930
2020-07-13_14-10-58 9930
2020-07-13_14-10-58 9930
2020-07-13_14-10-58 9940
2020-07-13_14-10-58 9940
2020-07-13_14-10-58 9920
2020-07-13_14-10-58 9910
2020-07-13_14-10-58 9910
2020-07-13_14-10-58 9920
2020-07-13_14-10-58 9920
2020-07-13_14-10-58 9890
2020-07-13_14-10-58 9870
2020-07-13_14-10-58 9860
2020-07-13_14-10-58 9850
2020-07-13_14-10-58 9840
2020-07-13_14-10-58 9840
2020-07-13_14-10-58 9850
2020-07-13_14-10-58 9840
2020-07-13_14-10-58 9840
2020-07-13_14-10-58 9840
2020-07-13_14-10-58 9850
2020-07-13_14-10-58 9840
2020-07-13_14-10-58 9850
2020-07-13_14-10-58 9850
2020-07-13_14-10-58 9830
2020-07-13_14-10-58 9840
2020-07-13_14-10-58 9850
2020-07-13_14-10-58 9850
2020-07-13_14-10-58 9840
2020-07-13_14-10-58 9840
2020-07-13_14-10-59 9840
2020-07-13_14-10-59 9840
2020-07-13_14-10-59 9850
2020-07-13_14-10-59 9850
2020-07-13_14-10-59 9850
2020-07-13_14-10-59 9850
2020-07-13_14-10-59 9840
2020-07-13_14-10-59 9840
2020-07-13_14-10-59 9840
2020-07-13_14-10-59 9850
2020-07-13_14-10-59 9860
2020-07-13_14-10-59 9870
2020-07-13_14-10-59 9880
2020-07-13_14-10-59 9890
2020-07-13_14-10-59 9890
2020-07-13_14-10-59 9890
2020-07-13_14-10-59 9870
2020-07-13_14-10-59 9860
2020-07-13_14-10-59 9860
2020-07-13_14-10-59 9850
2020-07-13_14-10-59 9850
2020-07-13_14-10-59 9850
2020-07-13_14-10-59 9860
2020-07-13_14-10-59 9860
2020-07-13_14-10-59 9850
2020-07-13_14-10-59 9850
2020-07-13_14-10-59 9850
2020-07-13_14-10-59 9840
2020-07-13_14-10-59 9840
2020-07-13_14-10-59 9850
2020-07-13_14-10-59 9850
2020-07-13_14-10-59 9850
2020-07-13_14-10-59 9850
2020-07-13_14-10-59 9850
2020-07-13_14-10-59 9840
2020-07-13_14-10-59 9850
2020-07-13_14-10-59 9850
2020-07-13_14-10-59 9850
2020-07-13_14-10-59 9850
2020-07-13_14-10-59 9850
2020-07-13_14-10-59 9850
2020-07-13_14-10-59 9850
2020-07-13_14-10-59 9850
2020-07-13_14-10-59 9850
2020-07-13_14-10-59 9850
2020-07-13_14-10-59 9850
2020-07-13_14-10-59 9850
2020-07-13_14-10-59 9850
2020-07-13_14-10-59 9850
2020-07-13_14-10-59 9850
2020-07-13_14-10-59 9850
2020-07-13_14-10-59 9850
2020-07-13_14-10-59 9860
2020-07-13_14-10-59 9870
2020-07-13_14-10-59 9880
2020-07-13_14-10-59 9880
2020-07-13_14-10-59 9880
2020-07-13_14-10-59 9870
2020-07-13_14-10-59 9880
2020-07-13_14-10-59 9890
2020-07-13_14-10-59 9900
2020-07-13_14-10-59 9920
2020-07-13_14-10-59 9940
2020-07-13_14-10-59 9960
2020-07-13_14-10-59 9950
2020-07-13_14-10-59 9940
2020-07-13_14-10-59 9910
2020-07-13_14-10-59 9890
2020-07-13_14-10-59 9930
2020-07-13_14-10-59 9990
2020-07-13_14-10-59 9970
2020-07-13_14-10-59 9910
2020-07-13_14-10-59 9890
2020-07-13_14-10-59 9920
2020-07-13_14-10-59 9930
2020-07-13_14-10-59 9930
2020-07-13_14-10-59 9950
2020-07-13_14-10-59 9960
2020-07-13_14-10-59 9950
2020-07-13_14-10-59 9940
2020-07-13_14-10-59 9930
2020-07-13_14-10-59 9930
2020-07-13_14-10-59 9940
2020-07-13_14-10-59 9940
2020-07-13_14-10-59 9930
2020-07-13_14-10-59 9930
2020-07-13_14-10-59 9940
2020-07-13_14-10-59 9940
2020-07-13_14-10-59 9930
2020-07-13_14-10-59 9930
2020-07-13_14-10-59 9920
2020-07-13_14-10-59 9920
2020-07-13_14-10-59 9940
2020-07-13_14-10-59 9950
2020-07-13_14-10-59 9940
2020-07-13_14-10-59 9930
2020-07-13_14-10-59 9940
2020-07-13_14-10-59 9930
2020-07-13_14-10-59 9930
2020-07-13_14-10-59 9940
2020-07-13_14-10-59 9940
2020-07-13_14-10-59 9920
2020-07-13_14-10-59 9930
2020-07-13_14-10-59 9940
2020-07-13_14-10-59 9930
2020-07-13_14-10-59 9930
2020-07-13_14-10-59 9940
2020-07-13_14-10-59 9940
2020-07-13_14-10-59 9940
2020-07-13_14-10-59 9940
2020-07-13_14-10-59 9940
2020-07-13_14-10-59 9930
2020-07-13_14-10-59 9930
2020-07-13_14-10-59 9930
2020-07-13_14-10-59 9930
2020-07-13_14-10-59 9930
2020-07-13_14-10-59 9930
2020-07-13_14-10-59 9930
2020-07-13_14-10-59 9930
2020-07-13_14-10-59 9930
2020-07-13_14-10-59 9930
2020-07-13_14-10-59 9940
2020-07-13_14-10-59 9940
2020-07-13_14-10-59 9940
2020-07-13_14-10-59 9940
2020-07-13_14-10-59 9940
2020-07-13_14-10-59 9940
2020-07-13_14-10-59 9940
2020-07-13_14-10-59 9940
2020-07-13_14-10-59 9940
2020-07-13_14-10-59 9940
2020-07-13_14-10-59 9940
2020-07-13_14-10-59 9940
2020-07-13_14-10-59 9940
2020-07-13_14-10-59 9940
2020-07-13_14-10-59 9940
2020-07-13_14-10-59 9940
2020-07-13_14-10-59 9940
2020-07-13_14-10-59 9940
2020-07-13_14-10-59 9940
2020-07-13_14-10-59 9940
2020-07-13_14-10-59 9940
2020-07-13_14-10-59 9940
2020-07-13_14-10-59 9940
2020-07-13_14-10-59 9940
2020-07-13_14-10-59 9940
2020-07-13_14-10-59 9930
2020-07-13_14-10-59 9930
2020-07-13_14-10-59 9930
2020-07-13_14-10-59 9940
2020-07-13_14-10-59 9940
2020-07-13_14-10-59 9940
2020-07-13_14-10-59 9940
2020-07-13_14-10-59 9940
2020-07-13_14-10-59 9940
2020-07-13_14-10-59 9940
2020-07-13_14-10-59 9940
2020-07-13_14-10-59 9940
2020-07-13_14-10-59 9940
2020-07-13_14-10-59 9940
2020-07-13_14-10-59 9940
2020-07-13_14-10-59 9940
2020-07-13_14-10-59 9940
2020-07-13_14-10-59 9940
2020-07-13_14-10-59 9940
2020-07-13_14-10-59 9940
2020-07-13_14-10-59 9940
2020-07-13_14-10-59 9940
2020-07-13_14-10-59 9940
2020-07-13_14-10-59 9940
2020-07-13_14-10-59 9940
2020-07-13_14-10-59 9940
2020-07-13_14-10-59 9940
2020-07-13_14-10-59 9940
2020-07-13_14-10-59 9940
2020-07-13_14-10-59 9940
2020-07-13_14-10-59 9940
2020-07-13_14-10-59 9940
2020-07-13_14-10-59 9940
2020-07-13_14-10-59 9940
2020-07-13_14-10-59 9940
2020-07-13_14-10-59 9940
2020-07-13_14-10-59 9940
2020-07-13_14-10-59 9940
2020-07-13_14-10-59 9940
2020-07-13_14-10-59 9940
2020-07-13_14-10-59 9940
2020-07-13_14-10-59 9940
2020-07-13_14-10-59 9940
2020-07-13_14-10-59 9930
2020-07-13_14-10-59 9930
2020-07-13_14-10-59 9930
2020-07-13_14-10-59 9940
2020-07-13_14-10-59 9930
2020-07-13_14-10-59 9920
2020-07-13_14-10-59 9940
2020-07-13_14-10-59 9940
2020-07-13_14-10-59 9940
2020-07-13_14-10-59 9940
2020-07-13_14-10-59 9940
2020-07-13_14-10-59 9940
2020-07-13_14-10-59 9940
2020-07-13_14-10-59 9940
2020-07-13_14-10-59 9930
2020-07-13_14-10-59 9960
2020-07-13_14-10-59 9940
2020-07-13_14-10-59 9830
2020-07-13_14-10-59 9860
2020-07-13_14-10-59 9860
2020-07-13_14-10-59 9870
2020-07-13_14-10-59 9840
2020-07-13_14-10-59 9740
2020-07-13_14-10-59 9920
2020-07-13_14-10-59 9810
2020-07-13_14-10-59 9750
2020-07-13_14-10-59 9670
2020-07-13_14-10-59 9770
2020-07-13_14-10-59 10030
2020-07-13_14-10-59 10000
2020-07-13_14-10-59 9970
2020-07-13_14-10-59 9890
2020-07-13_14-10-59 9930
2020-07-13_14-10-59 9990
2020-07-13_14-10-59 9910
2020-07-13_14-10-59 9910
2020-07-13_14-10-59 9960
2020-07-13_14-10-59 9940
2020-07-13_14-10-59 9960
2020-07-13_14-10-59 9940
2020-07-13_14-10-59 9970
2020-07-13_14-10-59 9960
2020-07-13_14-10-59 9880
2020-07-13_14-10-59 9980
2020-07-13_14-10-59 9950
2020-07-13_14-10-59 9980
2020-07-13_14-10-59 9810
2020-07-13_14-10-59 9780
2020-07-13_14-10-59 9530
2020-07-13_14-10-59 8490
2020-07-13_14-10-59 7350
2020-07-13_14-10-59 6270
2020-07-13_14-10-59 6070
2020-07-13_14-10-59 5950
2020-07-13_14-10-59 5910
2020-07-13_14-10-59 5980
2020-07-13_14-10-59 6020
2020-07-13_14-10-59 6070
2020-07-13_14-10-59 6070
2020-07-13_14-10-59 6100
2020-07-13_14-10-59 6090
2020-07-13_14-10-59 5650
2020-07-13_14-10-59 4580
2020-07-13_14-10-59 3640
2020-07-13_14-10-59 3030
2020-07-13_14-10-59 2900
2020-07-13_14-10-59 2080
2020-07-13_14-10-59 1090
