2020-07-13_14-09-52 1040
2020-07-13_14-09-52 2180
2020-07-13_14-09-52 3140
2020-07-13_14-09-52 3270
2020-07-13_14-09-52 3010
2020-07-13_14-09-52 2830
2020-07-13_14-09-52 2900
2020-07-13_14-09-52 3030
2020-07-13_14-09-52 3000
2020-07-13_14-09-52 2860
2020-07-13_14-09-52 2680
2020-07-13_14-09-52 2570
2020-07-13_14-09-52 2530
2020-07-13_14-09-52 2620
2020-07-13_14-09-52 3890
2020-07-13_14-09-52 7520
2020-07-13_14-09-52 11790
2020-07-13_14-09-52 14260
2020-07-13_14-09-52 13760
2020-07-13_14-09-52 12820
2020-07-13_14-09-52 13010
2020-07-13_14-09-52 13690
2020-07-13_14-09-52 13700
2020-07-13_14-09-52 13190
2020-07-13_14-09-52 13100
2020-07-13_14-09-52 13480
2020-07-13_14-09-52 13580
2020-07-13_14-09-52 13280
2020-07-13_14-09-52 13200
2020-07-13_14-09-52 13470
2020-07-13_14-09-52 13550
2020-07-13_14-09-52 13320
2020-07-13_14-09-52 13230
2020-07-13_14-09-52 13420
2020-07-13_14-09-52 13480
2020-07-13_14-09-52 13330
2020-07-13_14-09-52 13290
2020-07-13_14-09-52 13430
2020-07-13_14-09-52 13460
2020-07-13_14-09-52 13330
2020-07-13_14-09-52 13310
2020-07-13_14-09-52 13420
2020-07-13_14-09-52 13430
2020-07-13_14-09-52 13360
2020-07-13_14-09-52 13360
2020-07-13_14-09-52 13410
2020-07-13_14-09-52 13400
2020-07-13_14-09-52 13390
2020-07-13_14-09-52 13450
2020-07-13_14-09-52 13460
2020-07-13_14-09-52 13370
2020-07-13_14-09-52 13330
2020-07-13_14-09-52 13410
2020-07-13_14-09-52 13460
2020-07-13_14-09-52 13420
2020-07-13_14-09-52 13380
2020-07-13_14-09-52 13420
2020-07-13_14-09-52 13430
2020-07-13_14-09-52 13380
2020-07-13_14-09-52 13390
2020-07-13_14-09-52 13430
2020-07-13_14-09-52 13420
2020-07-13_14-09-52 13380
2020-07-13_14-09-52 13400
2020-07-13_14-09-52 13430
2020-07-13_14-09-52 13400
2020-07-13_14-09-52 13380
2020-07-13_14-09-52 13400
2020-07-13_14-09-52 13420
2020-07-13_14-09-52 13400
2020-07-13_14-09-52 13390
2020-07-13_14-09-52 13420
2020-07-13_14-09-52 13420
2020-07-13_14-09-52 13410
2020-07-13_14-09-52 13400
2020-07-13_14-09-52 13410
2020-07-13_14-09-52 13410
2020-07-13_14-09-52 13410
2020-07-13_14-09-52 13410
2020-07-13_14-09-52 13410
2020-07-13_14-09-52 13410
2020-07-13_14-09-52 13410
2020-07-13_14-09-52 13410
2020-07-13_14-09-52 13400
2020-07-13_14-09-52 13410
2020-07-13_14-09-52 13410
2020-07-13_14-09-52 13410
2020-07-13_14-09-52 13400
2020-07-13_14-09-52 13410
2020-07-13_14-09-52 13410
2020-07-13_14-09-52 13390
2020-07-13_14-09-52 13370
2020-07-13_14-09-52 13400
2020-07-13_14-09-52 13410
2020-07-13_14-09-52 13340
2020-07-13_14-09-52 13310
2020-07-13_14-09-52 13360
2020-07-13_14-09-52 13400
2020-07-13_14-09-52 13390
2020-07-13_14-09-52 13310
2020-07-13_14-09-52 13270
2020-07-13_14-09-52 13330
2020-07-13_14-09-52 13400
2020-07-13_14-09-52 13390
2020-07-13_14-09-52 13290
2020-07-13_14-09-52 13310
2020-07-13_14-09-52 13390
2020-07-13_14-09-52 13370
2020-07-13_14-09-52 13290
2020-07-13_14-09-52 13310
2020-07-13_14-09-52 13400
2020-07-13_14-09-52 13410
2020-07-13_14-09-52 13400
2020-07-13_14-09-52 13460
2020-07-13_14-09-52 13450
2020-07-13_14-09-52 13350
2020-07-13_14-09-52 13310
2020-07-13_14-09-52 13430
2020-07-13_14-09-52 13500
2020-07-13_14-09-52 13410
2020-07-13_14-09-52 13330
2020-07-13_14-09-52 13380
2020-07-13_14-09-52 13460
2020-07-13_14-09-52 13440
2020-07-13_14-09-52 13340
2020-07-13_14-09-52 12900
2020-07-13_14-09-52 12190
2020-07-13_14-09-52 11530
2020-07-13_14-09-52 11240
2020-07-13_14-09-52 11170
2020-07-13_14-09-52 11000
2020-07-13_14-09-52 10940
2020-07-13_14-09-52 11000
2020-07-13_14-09-52 11000
2020-07-13_14-09-52 10890
2020-07-13_14-09-52 10870
2020-07-13_14-09-52 11010
2020-07-13_14-09-52 11100
2020-07-13_14-09-52 11020
2020-07-13_14-09-52 10940
2020-07-13_14-09-52 10940
2020-07-13_14-09-52 10910
2020-07-13_14-09-52 9990
2020-07-13_14-09-52 7470
2020-07-13_14-09-52 4040
2020-07-13_14-09-52 1310
