2020-07-13_14-10-52 900
2020-07-13_14-10-52 2810
2020-07-13_14-10-52 5050
2020-07-13_14-10-52 6520
2020-07-13_14-10-52 6680
2020-07-13_14-10-52 6370
2020-07-13_14-10-52 6230
2020-07-13_14-10-52 6360
2020-07-13_14-10-52 6510
2020-07-13_14-10-52 6510
2020-07-13_14-10-52 6430
2020-07-13_14-10-52 6440
2020-07-13_14-10-52 6520
2020-07-13_14-10-52 6560
2020-07-13_14-10-52 6520
2020-07-13_14-10-52 6450
2020-07-13_14-10-52 6400
2020-07-13_14-10-52 6410
2020-07-13_14-10-52 6420
2020-07-13_14-10-52 6400
2020-07-13_14-10-52 6390
2020-07-13_14-10-52 6410
2020-07-13_14-10-52 6480
2020-07-13_14-10-52 6550
2020-07-13_14-10-52 6600
2020-07-13_14-10-52 7060
2020-07-13_14-10-52 8760
2020-07-13_14-10-52 11110
2020-07-13_14-10-52 13110
2020-07-13_14-10-52 13830
2020-07-13_14-10-52 13700
2020-07-13_14-10-52 13520
2020-07-13_14-10-52 13580
2020-07-13_14-10-52 13790
2020-07-13_14-10-52 13930
2020-07-13_14-10-52 13920
2020-07-13_14-10-52 14220
2020-07-13_14-10-52 15760
2020-07-13_14-10-52 18260
2020-07-13_14-10-52 20620
2020-07-13_14-10-52 21750
2020-07-13_14-10-52 21800
2020-07-13_14-10-52 21620
2020-07-13_14-10-52 21530
2020-07-13_14-10-52 21620
2020-07-13_14-10-52 21750
2020-07-13_14-10-52 21750
2020-07-13_14-10-52 21670
2020-07-13_14-10-52 21650
2020-07-13_14-10-52 21700
2020-07-13_14-10-52 21740
2020-07-13_14-10-52 21720
2020-07-13_14-10-52 21690
2020-07-13_14-10-52 21680
2020-07-13_14-10-52 21710
2020-07-13_14-10-52 21750
2020-07-13_14-10-52 21720
2020-07-13_14-10-52 21680
2020-07-13_14-10-52 21680
2020-07-13_14-10-52 21720
2020-07-13_14-10-52 21730
2020-07-13_14-10-52 21710
2020-07-13_14-10-52 21710
2020-07-13_14-10-52 21730
2020-07-13_14-10-52 21710
2020-07-13_14-10-52 21700
2020-07-13_14-10-52 21760
2020-07-13_14-10-52 21780
2020-07-13_14-10-52 21650
2020-07-13_14-10-52 21550
2020-07-13_14-10-52 21600
2020-07-13_14-10-52 21760
2020-07-13_14-10-52 21830
2020-07-13_14-10-52 21780
2020-07-13_14-10-52 21710
2020-07-13_14-10-52 21670
2020-07-13_14-10-52 21640
2020-07-13_14-10-52 21650
2020-07-13_14-10-52 21720
2020-07-13_14-10-52 21790
2020-07-13_14-10-52 21790
2020-07-13_14-10-52 21720
2020-07-13_14-10-52 21660
2020-07-13_14-10-52 21650
2020-07-13_14-10-52 21680
2020-07-13_14-10-52 21730
2020-07-13_14-10-52 21760
2020-07-13_14-10-52 21740
2020-07-13_14-10-52 21700
2020-07-13_14-10-52 21680
2020-07-13_14-10-52 21690
2020-07-13_14-10-52 21710
2020-07-13_14-10-52 21730
2020-07-13_14-10-52 21740
2020-07-13_14-10-52 21740
2020-07-13_14-10-52 21710
2020-07-13_14-10-52 21690
2020-07-13_14-10-52 21690
2020-07-13_14-10-52 21700
2020-07-13_14-10-52 21720
2020-07-13_14-10-52 21730
2020-07-13_14-10-52 21730
2020-07-13_14-10-52 21720
2020-07-13_14-10-52 21710
2020-07-13_14-10-52 21700
2020-07-13_14-10-52 21710
2020-07-13_14-10-52 21720
2020-07-13_14-10-52 21730
2020-07-13_14-10-52 21720
2020-07-13_14-10-52 21710
2020-07-13_14-10-52 21700
2020-07-13_14-10-52 21710
2020-07-13_14-10-52 21720
2020-07-13_14-10-52 21720
2020-07-13_14-10-52 21730
2020-07-13_14-10-52 21720
2020-07-13_14-10-52 21720
2020-07-13_14-10-52 21710
2020-07-13_14-10-52 21710
2020-07-13_14-10-52 21720
2020-07-13_14-10-52 21720
2020-07-13_14-10-52 21720
2020-07-13_14-10-52 21710
2020-07-13_14-10-52 21720
2020-07-13_14-10-52 21710
2020-07-13_14-10-52 21710
2020-07-13_14-10-52 21720
2020-07-13_14-10-52 21710
2020-07-13_14-10-52 21710
2020-07-13_14-10-52 21710
2020-07-13_14-10-52 21710
2020-07-13_14-10-52 21710
2020-07-13_14-10-52 21710
2020-07-13_14-10-52 21720
2020-07-13_14-10-52 21720
2020-07-13_14-10-52 21720
2020-07-13_14-10-52 21720
2020-07-13_14-10-52 21720
2020-07-13_14-10-52 21720
2020-07-13_14-10-52 21720
2020-07-13_14-10-52 21720
2020-07-13_14-10-52 21720
2020-07-13_14-10-52 21720
2020-07-13_14-10-52 21720
2020-07-13_14-10-52 21720
2020-07-13_14-10-52 21720
2020-07-13_14-10-52 21720
2020-07-13_14-10-52 21720
2020-07-13_14-10-52 21720
2020-07-13_14-10-52 21720
2020-07-13_14-10-52 21720
2020-07-13_14-10-52 21720
2020-07-13_14-10-52 21720
2020-07-13_14-10-52 21720
2020-07-13_14-10-52 21720
2020-07-13_14-10-52 21720
2020-07-13_14-10-52 21720
2020-07-13_14-10-52 21720
2020-07-13_14-10-52 21720
2020-07-13_14-10-52 21710
2020-07-13_14-10-52 21720
2020-07-13_14-10-52 21710
2020-07-13_14-10-52 21710
2020-07-13_14-10-52 21710
2020-07-13_14-10-52 21720
2020-07-13_14-10-52 21720
2020-07-13_14-10-52 21720
2020-07-13_14-10-52 21720
2020-07-13_14-10-52 21720
2020-07-13_14-10-52 21720
2020-07-13_14-10-52 21720
2020-07-13_14-10-52 21720
2020-07-13_14-10-52 21720
2020-07-13_14-10-52 21720
2020-07-13_14-10-52 21720
2020-07-13_14-10-52 21720
2020-07-13_14-10-52 21720
2020-07-13_14-10-52 21720
2020-07-13_14-10-52 21720
2020-07-13_14-10-52 21720
2020-07-13_14-10-52 21710
2020-07-13_14-10-52 21710
2020-07-13_14-10-52 21710
2020-07-13_14-10-52 21710
2020-07-13_14-10-52 21710
2020-07-13_14-10-52 21710
2020-07-13_14-10-52 21710
2020-07-13_14-10-52 21710
2020-07-13_14-10-52 21700
2020-07-13_14-10-52 21710
2020-07-13_14-10-52 21710
2020-07-13_14-10-52 21710
2020-07-13_14-10-52 21710
2020-07-13_14-10-52 21710
2020-07-13_14-10-52 21710
2020-07-13_14-10-52 21710
2020-07-13_14-10-52 21710
2020-07-13_14-10-52 21710
2020-07-13_14-10-52 21720
2020-07-13_14-10-52 21720
2020-07-13_14-10-52 21720
2020-07-13_14-10-52 21720
2020-07-13_14-10-52 21720
2020-07-13_14-10-52 21720
2020-07-13_14-10-52 21720
2020-07-13_14-10-52 21720
2020-07-13_14-10-52 21720
2020-07-13_14-10-52 21720
2020-07-13_14-10-52 21720
2020-07-13_14-10-52 21710
2020-07-13_14-10-52 21710
2020-07-13_14-10-52 21710
2020-07-13_14-10-52 21700
2020-07-13_14-10-52 21710
2020-07-13_14-10-52 21710
2020-07-13_14-10-52 21710
2020-07-13_14-10-52 21710
2020-07-13_14-10-52 21710
2020-07-13_14-10-52 21710
2020-07-13_14-10-52 21710
2020-07-13_14-10-52 21710
2020-07-13_14-10-52 21710
2020-07-13_14-10-52 21710
2020-07-13_14-10-52 21710
2020-07-13_14-10-52 21710
2020-07-13_14-10-52 21710
2020-07-13_14-10-52 21710
2020-07-13_14-10-52 21710
2020-07-13_14-10-52 21710
2020-07-13_14-10-52 21710
2020-07-13_14-10-52 21710
2020-07-13_14-10-52 21710
2020-07-13_14-10-52 21710
2020-07-13_14-10-52 21710
2020-07-13_14-10-52 21710
2020-07-13_14-10-52 21710
2020-07-13_14-10-52 21710
2020-07-13_14-10-52 21710
2020-07-13_14-10-52 21720
2020-07-13_14-10-52 21720
2020-07-13_14-10-52 21720
2020-07-13_14-10-52 21720
2020-07-13_14-10-52 21710
2020-07-13_14-10-52 21710
2020-07-13_14-10-52 21710
2020-07-13_14-10-52 21720
2020-07-13_14-10-52 21720
2020-07-13_14-10-52 21720
2020-07-13_14-10-52 21720
2020-07-13_14-10-52 21720
2020-07-13_14-10-52 21710
2020-07-13_14-10-52 21700
2020-07-13_14-10-52 21700
2020-07-13_14-10-52 21710
2020-07-13_14-10-52 21720
2020-07-13_14-10-52 21720
2020-07-13_14-10-52 21720
2020-07-13_14-10-52 21720
2020-07-13_14-10-52 21720
2020-07-13_14-10-52 21710
2020-07-13_14-10-52 21710
2020-07-13_14-10-52 21710
2020-07-13_14-10-52 21720
2020-07-13_14-10-52 21720
2020-07-13_14-10-52 21710
2020-07-13_14-10-52 21710
2020-07-13_14-10-52 21710
2020-07-13_14-10-52 21710
2020-07-13_14-10-52 21710
2020-07-13_14-10-52 21710
2020-07-13_14-10-52 21720
2020-07-13_14-10-52 21710
2020-07-13_14-10-52 21710
2020-07-13_14-10-52 21710
2020-07-13_14-10-52 21710
2020-07-13_14-10-52 21730
2020-07-13_14-10-52 21700
2020-07-13_14-10-52 21700
2020-07-13_14-10-52 21760
2020-07-13_14-10-52 21780
2020-07-13_14-10-52 21700
2020-07-13_14-10-52 21600
2020-07-13_14-10-52 21610
2020-07-13_14-10-52 21660
2020-07-13_14-10-52 21640
2020-07-13_14-10-52 21600
2020-07-13_14-10-52 21600
2020-07-13_14-10-52 21590
2020-07-13_14-10-52 21570
2020-07-13_14-10-52 21550
2020-07-13_14-10-52 21530
2020-07-13_14-10-52 21470
2020-07-13_14-10-52 21430
2020-07-13_14-10-52 21460
2020-07-13_14-10-52 21540
2020-07-13_14-10-52 21640
2020-07-13_14-10-52 21710
2020-07-13_14-10-52 21700
2020-07-13_14-10-52 21680
2020-07-13_14-10-52 21700
2020-07-13_14-10-52 21750
2020-07-13_14-10-52 21780
2020-07-13_14-10-52 21780
2020-07-13_14-10-52 21740
2020-07-13_14-10-52 21690
2020-07-13_14-10-52 21710
2020-07-13_14-10-52 21780
2020-07-13_14-10-52 21770
2020-07-13_14-10-52 21660
2020-07-13_14-10-52 21620
2020-07-13_14-10-52 21680
2020-07-13_14-10-53 21760
2020-07-13_14-10-53 22170
2020-07-13_14-10-53 23840
2020-07-13_14-10-53 26550
2020-07-13_14-10-53 29110
2020-07-13_14-10-53 30470
2020-07-13_14-10-53 30690
2020-07-13_14-10-53 30630
2020-07-13_14-10-53 30490
2020-07-13_14-10-53 30540
2020-07-13_14-10-53 30570
2020-07-13_14-10-53 30550
2020-07-13_14-10-53 30540
2020-07-13_14-10-53 30600
2020-07-13_14-10-53 30680
2020-07-13_14-10-53 30630
2020-07-13_14-10-53 30590
2020-07-13_14-10-53 30630
2020-07-13_14-10-53 30670
2020-07-13_14-10-53 30610
2020-07-13_14-10-53 30570
2020-07-13_14-10-53 30600
2020-07-13_14-10-53 30640
2020-07-13_14-10-53 30610
2020-07-13_14-10-53 30620
2020-07-13_14-10-53 30660
2020-07-13_14-10-53 30590
2020-07-13_14-10-53 29950
2020-07-13_14-10-53 28410
2020-07-13_14-10-53 26460
2020-07-13_14-10-53 24970
2020-07-13_14-10-53 24390
2020-07-13_14-10-53 24280
2020-07-13_14-10-53 24270
2020-07-13_14-10-53 24350
2020-07-13_14-10-53 25290
2020-07-13_14-10-53 27910
2020-07-13_14-10-53 30950
2020-07-13_14-10-53 32990
2020-07-13_14-10-53 33460
2020-07-13_14-10-53 33570
2020-07-13_14-10-53 33640
2020-07-13_14-10-53 33500
2020-07-13_14-10-53 33520
2020-07-13_14-10-53 33690
2020-07-13_14-10-53 33650
2020-07-13_14-10-53 33510
2020-07-13_14-10-53 33590
2020-07-13_14-10-53 33640
2020-07-13_14-10-53 33470
2020-07-13_14-10-53 33350
2020-07-13_14-10-53 33460
2020-07-13_14-10-53 33470
2020-07-13_14-10-53 33330
2020-07-13_14-10-53 33350
2020-07-13_14-10-53 33520
2020-07-13_14-10-53 33630
2020-07-13_14-10-53 33530
2020-07-13_14-10-53 32620
2020-07-13_14-10-53 30360
2020-07-13_14-10-53 27700
2020-07-13_14-10-53 25940
2020-07-13_14-10-53 25590
2020-07-13_14-10-53 25680
2020-07-13_14-10-53 25740
2020-07-13_14-10-53 25840
2020-07-13_14-10-53 25940
2020-07-13_14-10-53 25960
2020-07-13_14-10-53 25980
2020-07-13_14-10-53 25990
2020-07-13_14-10-53 25240
2020-07-13_14-10-53 23250
2020-07-13_14-10-53 20860
2020-07-13_14-10-53 19140
2020-07-13_14-10-53 18410
2020-07-13_14-10-53 18180
2020-07-13_14-10-53 18170
2020-07-13_14-10-53 18270
2020-07-13_14-10-53 18270
2020-07-13_14-10-53 18180
2020-07-13_14-10-53 18210
2020-07-13_14-10-53 18290
2020-07-13_14-10-53 18260
2020-07-13_14-10-53 18190
2020-07-13_14-10-53 18230
2020-07-13_14-10-53 18300
2020-07-13_14-10-53 18250
2020-07-13_14-10-53 18190
2020-07-13_14-10-53 18240
2020-07-13_14-10-53 18280
2020-07-13_14-10-53 18240
2020-07-13_14-10-53 18210
2020-07-13_14-10-53 18260
2020-07-13_14-10-53 18280
2020-07-13_14-10-53 18230
2020-07-13_14-10-53 18230
2020-07-13_14-10-53 18280
2020-07-13_14-10-53 18270
2020-07-13_14-10-53 18210
2020-07-13_14-10-53 18210
2020-07-13_14-10-53 18270
2020-07-13_14-10-53 18260
2020-07-13_14-10-53 18200
2020-07-13_14-10-53 18220
2020-07-13_14-10-53 18270
2020-07-13_14-10-53 18260
2020-07-13_14-10-53 18230
2020-07-13_14-10-53 18250
2020-07-13_14-10-53 18280
2020-07-13_14-10-53 18250
2020-07-13_14-10-53 18210
2020-07-13_14-10-53 18240
2020-07-13_14-10-53 18250
2020-07-13_14-10-53 18210
2020-07-13_14-10-53 18210
2020-07-13_14-10-53 18260
2020-07-13_14-10-53 18250
2020-07-13_14-10-53 18210
2020-07-13_14-10-53 18240
2020-07-13_14-10-53 18290
2020-07-13_14-10-53 18240
2020-07-13_14-10-53 18200
2020-07-13_14-10-53 18250
2020-07-13_14-10-53 18270
2020-07-13_14-10-53 18220
2020-07-13_14-10-53 18220
2020-07-13_14-10-53 18280
2020-07-13_14-10-53 18260
2020-07-13_14-10-53 18210
2020-07-13_14-10-53 18250
2020-07-13_14-10-53 18270
2020-07-13_14-10-53 18220
2020-07-13_14-10-53 18210
2020-07-13_14-10-53 18260
2020-07-13_14-10-53 18250
2020-07-13_14-10-53 18210
2020-07-13_14-10-53 18240
2020-07-13_14-10-53 18260
2020-07-13_14-10-53 18230
2020-07-13_14-10-53 18220
2020-07-13_14-10-53 18250
2020-07-13_14-10-53 18250
2020-07-13_14-10-53 18230
2020-07-13_14-10-53 18240
2020-07-13_14-10-53 18260
2020-07-13_14-10-53 18230
2020-07-13_14-10-53 18230
2020-07-13_14-10-53 18260
2020-07-13_14-10-53 18260
2020-07-13_14-10-53 18240
2020-07-13_14-10-53 18240
2020-07-13_14-10-53 18250
2020-07-13_14-10-53 18220
2020-07-13_14-10-53 18220
2020-07-13_14-10-53 18240
2020-07-13_14-10-53 18240
2020-07-13_14-10-53 18230
2020-07-13_14-10-53 18240
2020-07-13_14-10-53 18260
2020-07-13_14-10-53 18240
2020-07-13_14-10-53 18240
2020-07-13_14-10-53 18250
2020-07-13_14-10-53 18250
2020-07-13_14-10-53 18240
2020-07-13_14-10-53 18250
2020-07-13_14-10-53 18250
2020-07-13_14-10-53 18240
2020-07-13_14-10-53 18240
2020-07-13_14-10-53 18250
2020-07-13_14-10-53 18250
2020-07-13_14-10-53 18240
2020-07-13_14-10-53 18240
2020-07-13_14-10-53 18240
2020-07-13_14-10-53 18230
2020-07-13_14-10-53 18230
2020-07-13_14-10-53 18240
2020-07-13_14-10-53 18230
2020-07-13_14-10-53 18230
2020-07-13_14-10-53 18240
2020-07-13_14-10-53 18250
2020-07-13_14-10-53 18240
2020-07-13_14-10-53 18240
2020-07-13_14-10-53 18250
2020-07-13_14-10-53 18240
2020-07-13_14-10-53 18240
2020-07-13_14-10-53 18250
2020-07-13_14-10-53 18250
2020-07-13_14-10-53 18240
2020-07-13_14-10-53 18240
2020-07-13_14-10-53 18240
2020-07-13_14-10-53 18230
2020-07-13_14-10-53 18230
2020-07-13_14-10-53 18240
2020-07-13_14-10-53 18240
2020-07-13_14-10-53 18240
2020-07-13_14-10-53 18240
2020-07-13_14-10-53 18240
2020-07-13_14-10-53 18230
2020-07-13_14-10-53 18230
2020-07-13_14-10-53 18240
2020-07-13_14-10-53 18240
2020-07-13_14-10-53 18240
2020-07-13_14-10-53 18250
2020-07-13_14-10-53 18240
2020-07-13_14-10-53 18240
2020-07-13_14-10-53 18240
2020-07-13_14-10-53 18250
2020-07-13_14-10-53 18250
2020-07-13_14-10-53 18240
2020-07-13_14-10-53 18240
2020-07-13_14-10-53 18240
2020-07-13_14-10-53 18230
2020-07-13_14-10-53 18230
2020-07-13_14-10-53 18240
2020-07-13_14-10-53 18240
2020-07-13_14-10-53 18230
2020-07-13_14-10-53 18230
2020-07-13_14-10-53 18240
2020-07-13_14-10-53 18240
2020-07-13_14-10-53 18250
2020-07-13_14-10-53 18250
2020-07-13_14-10-53 18240
2020-07-13_14-10-53 18240
2020-07-13_14-10-53 18240
2020-07-13_14-10-53 18240
2020-07-13_14-10-53 18240
2020-07-13_14-10-53 18240
2020-07-13_14-10-53 18240
2020-07-13_14-10-53 18240
2020-07-13_14-10-53 18240
2020-07-13_14-10-53 18240
2020-07-13_14-10-53 18240
2020-07-13_14-10-53 18240
2020-07-13_14-10-53 18240
2020-07-13_14-10-53 18240
2020-07-13_14-10-53 18240
2020-07-13_14-10-53 18240
2020-07-13_14-10-53 18240
2020-07-13_14-10-53 18240
2020-07-13_14-10-53 18250
2020-07-13_14-10-53 18250
2020-07-13_14-10-53 18250
2020-07-13_14-10-53 18250
2020-07-13_14-10-53 18250
2020-07-13_14-10-53 18250
2020-07-13_14-10-53 18240
2020-07-13_14-10-53 18240
2020-07-13_14-10-53 18240
2020-07-13_14-10-53 18240
2020-07-13_14-10-53 18240
2020-07-13_14-10-53 18240
2020-07-13_14-10-53 18240
2020-07-13_14-10-53 18240
2020-07-13_14-10-53 18240
2020-07-13_14-10-53 18240
2020-07-13_14-10-53 18240
2020-07-13_14-10-53 18240
2020-07-13_14-10-53 18240
2020-07-13_14-10-53 18240
2020-07-13_14-10-53 18240
2020-07-13_14-10-53 18240
2020-07-13_14-10-53 18240
2020-07-13_14-10-53 18240
2020-07-13_14-10-53 18240
2020-07-13_14-10-53 18240
2020-07-13_14-10-53 18240
2020-07-13_14-10-53 18240
2020-07-13_14-10-53 18140
2020-07-13_14-10-53 18140
2020-07-13_14-10-53 18130
2020-07-13_14-10-53 18240
2020-07-13_14-10-53 18240
2020-07-13_14-10-53 18240
2020-07-13_14-10-53 18240
2020-07-13_14-10-53 18240
2020-07-13_14-10-53 18240
2020-07-13_14-10-53 18240
2020-07-13_14-10-53 18250
2020-07-13_14-10-53 18250
2020-07-13_14-10-53 18240
2020-07-13_14-10-53 18250
2020-07-13_14-10-53 18260
2020-07-13_14-10-53 18250
2020-07-13_14-10-53 18240
2020-07-13_14-10-53 18260
2020-07-13_14-10-53 18270
2020-07-13_14-10-53 18260
2020-07-13_14-10-53 18260
2020-07-13_14-10-53 18280
2020-07-13_14-10-53 18280
2020-07-13_14-10-53 18270
2020-07-13_14-10-53 18280
2020-07-13_14-10-53 18290
2020-07-13_14-10-53 18280
2020-07-13_14-10-53 18270
2020-07-13_14-10-53 18290
2020-07-13_14-10-53 18300
2020-07-13_14-10-53 18300
2020-07-13_14-10-53 18290
2020-07-13_14-10-53 18280
2020-07-13_14-10-53 18270
2020-07-13_14-10-53 18280
2020-07-13_14-10-53 18290
2020-07-13_14-10-53 18260
2020-07-13_14-10-53 18240
2020-07-13_14-10-53 18250
2020-07-13_14-10-53 18230
2020-07-13_14-10-53 17790
2020-07-13_14-10-53 16400
2020-07-13_14-10-53 14030
2020-07-13_14-10-53 11640
2020-07-13_14-10-53 10140
2020-07-13_14-10-53 9640
2020-07-13_14-10-53 9560
2020-07-13_14-10-53 9500
2020-07-13_14-10-53 9420
2020-07-13_14-10-53 9390
2020-07-13_14-10-53 9430
2020-07-13_14-10-53 9450
2020-07-13_14-10-53 9390
2020-07-13_14-10-53 9380
2020-07-13_14-10-53 9420
2020-07-13_14-10-53 9470
2020-07-13_14-10-53 9470
2020-07-13_14-10-53 9440
2020-07-13_14-10-53 9440
2020-07-13_14-10-53 9460
2020-07-13_14-10-53 9450
2020-07-13_14-10-53 9370
2020-07-13_14-10-53 9300
2020-07-13_14-10-53 9320
2020-07-13_14-10-53 9290
2020-07-13_14-10-53 9210
2020-07-13_14-10-53 9240
2020-07-13_14-10-53 9330
2020-07-13_14-10-53 9180
2020-07-13_14-10-53 7880
2020-07-13_14-10-53 5260
2020-07-13_14-10-53 2400
