2020-07-13_14-11-29 16880
2020-07-13_14-11-29 16870
2020-07-13_14-11-29 16820
2020-07-13_14-11-29 16830
2020-07-13_14-11-29 16860
2020-07-13_14-11-29 16860
2020-07-13_14-11-29 16860
2020-07-13_14-11-29 16860
2020-07-13_14-11-29 16860
2020-07-13_14-11-29 16870
2020-07-13_14-11-29 16870
2020-07-13_14-11-29 16870
2020-07-13_14-11-29 16870
2020-07-13_14-11-29 16870
2020-07-13_14-11-29 16870
2020-07-13_14-11-29 16880
2020-07-13_14-11-29 16870
2020-07-13_14-11-29 16880
2020-07-13_14-11-29 16880
2020-07-13_14-11-29 16870
2020-07-13_14-11-29 16870
2020-07-13_14-11-29 16880
2020-07-13_14-11-29 16870
2020-07-13_14-11-29 16860
2020-07-13_14-11-29 16890
2020-07-13_14-11-29 16890
2020-07-13_14-11-29 16880
2020-07-13_14-11-29 16880
2020-07-13_14-11-29 16900
2020-07-13_14-11-29 16900
2020-07-13_14-11-29 16900
2020-07-13_14-11-29 16880
2020-07-13_14-11-29 16880
2020-07-13_14-11-29 16890
2020-07-13_14-11-29 16870
2020-07-13_14-11-29 16770
2020-07-13_14-11-29 15840
2020-07-13_14-11-29 9150
2020-07-13_14-11-29 8980
2020-07-13_14-11-29 8920
2020-07-13_14-11-29 8960
2020-07-13_14-11-29 8920
2020-07-13_14-11-29 8940
2020-07-13_14-11-29 9050
2020-07-13_14-11-29 8940
2020-07-13_14-11-29 8940
2020-07-13_14-11-29 8850
2020-07-13_14-11-29 8930
2020-07-13_14-11-29 8920
2020-07-13_14-11-29 8900
2020-07-13_14-11-29 8900
2020-07-13_14-11-29 8400
2020-07-13_14-11-29 3890
