2020-07-13_14-11-34 1800
2020-07-13_14-11-34 5840
2020-07-13_14-11-34 6380
2020-07-13_14-11-34 5990
2020-07-13_14-11-34 5840
2020-07-13_14-11-34 5830
2020-07-13_14-11-34 5810
2020-07-13_14-11-34 5810
2020-07-13_14-11-34 5810
2020-07-13_14-11-34 5820
2020-07-13_14-11-34 5840
2020-07-13_14-11-34 8120
2020-07-13_14-11-34 10770
2020-07-13_14-11-34 12930
2020-07-13_14-11-34 13700
2020-07-13_14-11-34 13810
2020-07-13_14-11-34 13950
2020-07-13_14-11-34 15210
2020-07-13_14-11-34 17850
2020-07-13_14-11-34 22010
2020-07-13_14-11-34 22510
2020-07-13_14-11-34 22420
2020-07-13_14-11-34 22440
2020-07-13_14-11-34 22440
2020-07-13_14-11-34 22420
2020-07-13_14-11-34 22380
2020-07-13_14-11-34 22460
2020-07-13_14-11-34 22410
2020-07-13_14-11-34 22440
2020-07-13_14-11-34 22410
2020-07-13_14-11-34 22390
2020-07-13_14-11-34 3980
2020-07-13_14-11-34 5620
2020-07-13_14-11-34 5610
2020-07-13_14-11-34 5980
2020-07-13_14-11-34 5940
2020-07-13_14-11-34 5770
2020-07-13_14-11-34 5780
2020-07-13_14-11-34 5810
2020-07-13_14-11-34 5870
2020-07-13_14-11-34 6260
2020-07-13_14-11-34 13720
2020-07-13_14-11-34 13930
2020-07-13_14-11-34 14020
2020-07-13_14-11-34 20450
2020-07-13_14-11-34 22410
2020-07-13_14-11-34 22370
2020-07-13_14-11-34 22400
2020-07-13_14-11-34 22390
2020-07-13_14-11-34 22450
2020-07-13_14-11-34 22410
2020-07-13_14-11-34 22420
2020-07-13_14-11-34 22410
2020-07-13_14-11-34 22410
2020-07-13_14-11-34 22390
2020-07-13_14-11-34 22470
2020-07-13_14-11-34 22390
2020-07-13_14-11-34 22260
2020-07-13_14-11-34 22250
2020-07-13_14-11-34 22370
2020-07-13_14-11-34 22470
2020-07-13_14-11-34 22490
2020-07-13_14-11-34 22380
2020-07-13_14-11-34 22350
2020-07-13_14-11-34 22430
2020-07-13_14-11-34 22440
2020-07-13_14-11-34 22440
2020-07-13_14-11-34 22370
2020-07-13_14-11-34 22390
2020-07-13_14-11-34 22460
2020-07-13_14-11-34 22440
2020-07-13_14-11-34 22440
2020-07-13_14-11-34 22440
2020-07-13_14-11-34 22380
2020-07-13_14-11-34 22380
2020-07-13_14-11-34 22440
2020-07-13_14-11-34 22430
2020-07-13_14-11-34 22400
2020-07-13_14-11-34 22400
2020-07-13_14-11-34 22410
2020-07-13_14-11-34 22430
2020-07-13_14-11-34 22390
2020-07-13_14-11-34 22400
2020-07-13_14-11-34 22410
2020-07-13_14-11-34 22430
2020-07-13_14-11-34 22420
2020-07-13_14-11-34 22410
2020-07-13_14-11-34 22420
2020-07-13_14-11-34 22410
2020-07-13_14-11-34 22410
2020-07-13_14-11-34 22420
2020-07-13_14-11-34 22410
2020-07-13_14-11-34 22400
2020-07-13_14-11-34 22410
2020-07-13_14-11-34 22410
2020-07-13_14-11-34 22420
2020-07-13_14-11-34 22410
2020-07-13_14-11-34 22410
2020-07-13_14-11-34 22410
2020-07-13_14-11-34 22410
2020-07-13_14-11-34 22410
2020-07-13_14-11-34 22410
2020-07-13_14-11-34 22410
2020-07-13_14-11-34 22410
2020-07-13_14-11-34 22410
2020-07-13_14-11-34 22410
2020-07-13_14-11-34 22410
2020-07-13_14-11-34 22410
2020-07-13_14-11-34 22400
2020-07-13_14-11-34 22400
2020-07-13_14-11-34 22400
2020-07-13_14-11-34 22400
2020-07-13_14-11-34 22400
2020-07-13_14-11-34 22400
2020-07-13_14-11-34 22400
2020-07-13_14-11-34 22400
2020-07-13_14-11-34 22400
2020-07-13_14-11-34 22400
2020-07-13_14-11-34 22400
2020-07-13_14-11-34 22400
2020-07-13_14-11-34 22400
2020-07-13_14-11-34 22400
2020-07-13_14-11-34 22400
2020-07-13_14-11-34 22380
2020-07-13_14-11-34 22430
2020-07-13_14-11-34 22390
2020-07-13_14-11-34 22420
2020-07-13_14-11-34 22410
2020-07-13_14-11-34 22410
2020-07-13_14-11-35 22400
2020-07-13_14-11-35 22430
2020-07-13_14-11-35 22340
2020-07-13_14-11-35 22400
2020-07-13_14-11-35 22350
2020-07-13_14-11-35 22330
2020-07-13_14-11-35 22340
2020-07-13_14-11-35 22330
2020-07-13_14-11-35 22300
2020-07-13_14-11-35 23590
2020-07-13_14-11-35 28080
2020-07-13_14-11-35 30270
2020-07-13_14-11-35 30180
2020-07-13_14-11-35 30220
2020-07-13_14-11-35 30240
2020-07-13_14-11-35 30290
2020-07-13_14-11-35 30270
2020-07-13_14-11-35 30330
2020-07-13_14-11-35 30140
2020-07-13_14-11-35 28360
2020-07-13_14-11-35 24600
2020-07-13_14-11-35 24470
2020-07-13_14-11-35 24670
2020-07-13_14-11-35 31270
2020-07-13_14-11-35 33640
2020-07-13_14-11-35 33700
2020-07-13_14-11-35 33560
2020-07-13_14-11-35 33440
2020-07-13_14-11-35 33510
2020-07-13_14-11-35 33650
2020-07-13_14-11-35 33450
2020-07-13_14-11-35 33290
2020-07-13_14-11-35 33440
2020-07-13_14-11-35 33160
2020-07-13_14-11-35 31230
2020-07-13_14-11-35 25780
2020-07-13_14-11-35 24940
2020-07-13_14-11-35 25120
2020-07-13_14-11-35 24710
2020-07-13_14-11-35 22840
2020-07-13_14-11-35 16770
2020-07-13_14-11-35 16740
2020-07-13_14-11-35 16780
2020-07-13_14-11-35 16780
2020-07-13_14-11-35 16800
2020-07-13_14-11-35 16790
2020-07-13_14-11-35 16730
2020-07-13_14-11-35 16790
2020-07-13_14-11-35 16740
2020-07-13_14-11-35 16760
2020-07-13_14-11-35 16810
2020-07-13_14-11-35 16780
2020-07-13_14-11-35 16730
2020-07-13_14-11-35 16790
2020-07-13_14-11-35 16840
2020-07-13_14-11-35 16810
2020-07-13_14-11-35 16790
2020-07-13_14-11-35 16810
2020-07-13_14-11-35 16800
2020-07-13_14-11-35 16790
2020-07-13_14-11-35 16800
2020-07-13_14-11-35 16800
2020-07-13_14-11-35 16790
2020-07-13_14-11-35 16790
2020-07-13_14-11-35 16790
2020-07-13_14-11-35 16790
2020-07-13_14-11-35 16790
2020-07-13_14-11-35 16810
2020-07-13_14-11-35 16800
2020-07-13_14-11-35 16790
2020-07-13_14-11-35 16800
2020-07-13_14-11-35 16800
2020-07-13_14-11-35 16780
2020-07-13_14-11-35 16790
2020-07-13_14-11-35 16800
2020-07-13_14-11-35 16800
2020-07-13_14-11-35 22400
2020-07-13_14-11-35 22430
2020-07-13_14-11-35 22410
2020-07-13_14-11-35 22460
2020-07-13_14-11-35 22510
2020-07-13_14-11-35 22290
2020-07-13_14-11-35 22420
2020-07-13_14-11-35 22430
2020-07-13_14-11-35 22350
2020-07-13_14-11-35 22440
2020-07-13_14-11-35 22440
2020-07-13_14-11-35 22420
2020-07-13_14-11-35 22410
2020-07-13_14-11-35 22430
2020-07-13_14-11-35 22420
2020-07-13_14-11-35 22400
2020-07-13_14-11-35 22390
2020-07-13_14-11-35 22410
2020-07-13_14-11-35 22450
2020-07-13_14-11-35 22390
2020-07-13_14-11-35 22430
2020-07-13_14-11-35 22420
2020-07-13_14-11-35 22400
2020-07-13_14-11-35 22410
2020-07-13_14-11-35 22430
2020-07-13_14-11-35 22400
2020-07-13_14-11-35 22400
2020-07-13_14-11-35 22420
2020-07-13_14-11-35 22420
2020-07-13_14-11-35 22420
2020-07-13_14-11-35 22410
2020-07-13_14-11-35 22410
2020-07-13_14-11-35 22410
2020-07-13_14-11-35 22410
2020-07-13_14-11-35 22400
2020-07-13_14-11-35 22410
2020-07-13_14-11-35 22400
2020-07-13_14-11-35 22400
2020-07-13_14-11-35 22400
2020-07-13_14-11-35 22410
2020-07-13_14-11-35 22420
2020-07-13_14-11-35 22410
2020-07-13_14-11-35 22410
2020-07-13_14-11-35 22410
2020-07-13_14-11-35 22410
2020-07-13_14-11-35 22410
2020-07-13_14-11-35 22410
2020-07-13_14-11-35 22410
2020-07-13_14-11-35 22410
2020-07-13_14-11-35 22410
2020-07-13_14-11-35 22410
2020-07-13_14-11-35 22410
2020-07-13_14-11-35 22410
2020-07-13_14-11-35 22410
2020-07-13_14-11-35 22410
2020-07-13_14-11-35 22410
2020-07-13_14-11-35 22410
2020-07-13_14-11-35 22410
2020-07-13_14-11-35 22410
2020-07-13_14-11-35 22410
2020-07-13_14-11-35 22400
2020-07-13_14-11-35 22400
2020-07-13_14-11-35 22400
2020-07-13_14-11-35 22400
2020-07-13_14-11-35 22400
2020-07-13_14-11-35 22400
2020-07-13_14-11-35 22400
2020-07-13_14-11-35 22400
2020-07-13_14-11-35 22400
2020-07-13_14-11-35 22400
2020-07-13_14-11-35 22400
2020-07-13_14-11-35 22400
2020-07-13_14-11-35 22400
2020-07-13_14-11-35 22390
2020-07-13_14-11-35 22410
2020-07-13_14-11-35 22450
2020-07-13_14-11-35 22390
2020-07-13_14-11-35 22430
2020-07-13_14-11-35 22410
2020-07-13_14-11-35 22400
2020-07-13_14-11-35 22430
2020-07-13_14-11-35 22370
2020-07-13_14-11-35 22370
2020-07-13_14-11-35 22360
2020-07-13_14-11-35 22350
2020-07-13_14-11-35 22340
2020-07-13_14-11-35 22350
2020-07-13_14-11-35 22340
2020-07-13_14-11-35 22320
2020-07-13_14-11-35 22340
2020-07-13_14-11-35 22310
2020-07-13_14-11-35 22330
2020-07-13_14-11-35 22320
2020-07-13_14-11-35 22330
2020-07-13_14-11-35 22330
2020-07-13_14-11-35 22490
2020-07-13_14-11-35 25820
2020-07-13_14-11-35 29600
2020-07-13_14-11-35 30140
2020-07-13_14-11-35 30130
2020-07-13_14-11-35 30040
2020-07-13_14-11-35 30320
2020-07-13_14-11-35 30300
2020-07-13_14-11-35 30210
2020-07-13_14-11-35 30280
2020-07-13_14-11-35 30300
2020-07-13_14-11-35 30280
2020-07-13_14-11-35 30290
2020-07-13_14-11-35 30290
2020-07-13_14-11-35 30230
2020-07-13_14-11-35 30020
2020-07-13_14-11-35 30010
2020-07-13_14-11-35 29780
2020-07-13_14-11-35 26520
2020-07-13_14-11-35 25180
2020-07-13_14-11-35 24470
2020-07-13_14-11-35 25860
2020-07-13_14-11-35 28500
2020-07-13_14-11-35 33140
2020-07-13_14-11-35 33510
2020-07-13_14-11-35 33440
2020-07-13_14-11-35 33550
2020-07-13_14-11-35 33530
2020-07-13_14-11-35 33410
2020-07-13_14-11-35 33440
2020-07-13_14-11-35 33340
2020-07-13_14-11-35 33540
2020-07-13_14-11-35 28310
2020-07-13_14-11-35 24840
2020-07-13_14-11-35 25030
2020-07-13_14-11-35 25080
2020-07-13_14-11-35 25150
2020-07-13_14-11-35 20220
2020-07-13_14-11-35 17950
2020-07-13_14-11-35 16970
2020-07-13_14-11-35 16780
2020-07-13_14-11-35 16740
2020-07-13_14-11-35 16760
2020-07-13_14-11-35 16750
2020-07-13_14-11-35 16760
2020-07-13_14-11-35 16790
2020-07-13_14-11-35 16760
2020-07-13_14-11-35 16760
2020-07-13_14-11-35 16720
2020-07-13_14-11-35 16800
2020-07-13_14-11-35 16800
2020-07-13_14-11-35 16800
2020-07-13_14-11-35 16800
2020-07-13_14-11-35 16790
2020-07-13_14-11-35 16790
2020-07-13_14-11-35 16790
2020-07-13_14-11-35 16790
2020-07-13_14-11-35 16790
2020-07-13_14-11-35 16790
2020-07-13_14-11-35 16790
2020-07-13_14-11-35 16800
2020-07-13_14-11-35 16790
2020-07-13_14-11-35 16790
2020-07-13_14-11-35 16790
2020-07-13_14-11-35 16790
2020-07-13_14-11-35 16790
2020-07-13_14-11-35 16790
2020-07-13_14-11-35 16800
2020-07-13_14-11-35 16800
2020-07-13_14-11-35 16800
2020-07-13_14-11-35 16800
2020-07-13_14-11-35 16790
2020-07-13_14-11-35 16800
2020-07-13_14-11-35 16800
2020-07-13_14-11-35 16800
2020-07-13_14-11-35 16800
2020-07-13_14-11-35 16800
2020-07-13_14-11-35 16790
2020-07-13_14-11-35 16800
2020-07-13_14-11-35 16800
2020-07-13_14-11-35 16800
2020-07-13_14-11-35 16800
2020-07-13_14-11-35 16800
2020-07-13_14-11-35 16810
2020-07-13_14-11-35 16810
2020-07-13_14-11-35 16800
2020-07-13_14-11-35 16820
2020-07-13_14-11-35 16820
2020-07-13_14-11-35 16820
2020-07-13_14-11-35 16830
2020-07-13_14-11-35 16820
2020-07-13_14-11-35 9880
2020-07-13_14-11-35 9180
2020-07-13_14-11-35 9120
2020-07-13_14-11-35 9030
2020-07-13_14-11-35 8910
2020-07-13_14-11-35 9040
2020-07-13_14-11-35 9000
2020-07-13_14-11-35 8950
2020-07-13_14-11-35 8990
2020-07-13_14-11-35 9010
2020-07-13_14-11-35 8820
2020-07-13_14-11-35 8920
2020-07-13_14-11-35 8970
2020-07-13_14-11-35 8850
2020-07-13_14-11-35 8910
2020-07-13_14-11-35 8420
2020-07-13_14-11-35 7170
2020-07-13_14-11-35 2750
