2020-07-13_14-09-55 1050
2020-07-13_14-09-55 2970
2020-07-13_14-09-55 4990
2020-07-13_14-09-55 6040
2020-07-13_14-09-55 5960
2020-07-13_14-09-55 5720
2020-07-13_14-09-55 5700
2020-07-13_14-09-55 5720
2020-07-13_14-09-55 5580
2020-07-13_14-09-55 5330
2020-07-13_14-09-55 5200
2020-07-13_14-09-55 5190
2020-07-13_14-09-55 5220
2020-07-13_14-09-55 5200
2020-07-13_14-09-55 5130
2020-07-13_14-09-55 5110
2020-07-13_14-09-55 5160
2020-07-13_14-09-55 5210
2020-07-13_14-09-55 5180
2020-07-13_14-09-55 5130
2020-07-13_14-09-55 5130
2020-07-13_14-09-55 5160
2020-07-13_14-09-55 5190
2020-07-13_14-09-55 5180
2020-07-13_14-09-55 5190
2020-07-13_14-09-55 5220
2020-07-13_14-09-55 5250
2020-07-13_14-09-55 5250
2020-07-13_14-09-55 5260
2020-07-13_14-09-55 5480
2020-07-13_14-09-55 6430
2020-07-13_14-09-55 8250
2020-07-13_14-09-55 10290
2020-07-13_14-09-55 11700
2020-07-13_14-09-55 12230
2020-07-13_14-09-55 12290
2020-07-13_14-09-55 12290
2020-07-13_14-09-55 12290
2020-07-13_14-09-55 12290
2020-07-13_14-09-55 12300
2020-07-13_14-09-55 12310
2020-07-13_14-09-55 12320
2020-07-13_14-09-55 12330
2020-07-13_14-09-55 12360
2020-07-13_14-09-55 12440
2020-07-13_14-09-55 12730
2020-07-13_14-09-55 13740
2020-07-13_14-09-55 15650
2020-07-13_14-09-55 17830
2020-07-13_14-09-55 19310
2020-07-13_14-09-55 19810
2020-07-13_14-09-55 19870
2020-07-13_14-09-55 19890
2020-07-13_14-09-55 19900
2020-07-13_14-09-55 19860
2020-07-13_14-09-55 19860
2020-07-13_14-09-55 19880
2020-07-13_14-09-55 19870
2020-07-13_14-09-55 19870
2020-07-13_14-09-55 19890
2020-07-13_14-09-55 19890
2020-07-13_14-09-55 19870
2020-07-13_14-09-55 19880
2020-07-13_14-09-55 19900
2020-07-13_14-09-55 19900
2020-07-13_14-09-55 19900
2020-07-13_14-09-55 19890
2020-07-13_14-09-55 19880
2020-07-13_14-09-55 19870
2020-07-13_14-09-55 19870
2020-07-13_14-09-55 19860
2020-07-13_14-09-55 19880
2020-07-13_14-09-55 19900
2020-07-13_14-09-55 19880
2020-07-13_14-09-55 19860
2020-07-13_14-09-55 19910
2020-07-13_14-09-55 19950
2020-07-13_14-09-55 19880
2020-07-13_14-09-55 19810
2020-07-13_14-09-55 19870
2020-07-13_14-09-55 19910
2020-07-13_14-09-55 19890
2020-07-13_14-09-55 19880
2020-07-13_14-09-55 19910
2020-07-13_14-09-55 19900
2020-07-13_14-09-55 19870
2020-07-13_14-09-55 19870
2020-07-13_14-09-55 19890
2020-07-13_14-09-55 19890
2020-07-13_14-09-55 19910
2020-07-13_14-09-55 19900
2020-07-13_14-09-55 19870
2020-07-13_14-09-55 19880
2020-07-13_14-09-55 19900
2020-07-13_14-09-55 19890
2020-07-13_14-09-55 19870
2020-07-13_14-09-55 19880
2020-07-13_14-09-55 19880
2020-07-13_14-09-55 19860
2020-07-13_14-09-55 19870
2020-07-13_14-09-55 19880
2020-07-13_14-09-55 19860
2020-07-13_14-09-55 19830
2020-07-13_14-09-55 19810
2020-07-13_14-09-55 19800
2020-07-13_14-09-55 19810
2020-07-13_14-09-55 19810
2020-07-13_14-09-55 19810
2020-07-13_14-09-55 19810
2020-07-13_14-09-55 19810
2020-07-13_14-09-55 19800
2020-07-13_14-09-55 19800
2020-07-13_14-09-55 19810
2020-07-13_14-09-55 19810
2020-07-13_14-09-55 19800
2020-07-13_14-09-55 19800
2020-07-13_14-09-55 19800
2020-07-13_14-09-55 19800
2020-07-13_14-09-55 19800
2020-07-13_14-09-55 19800
2020-07-13_14-09-55 19800
2020-07-13_14-09-55 19800
2020-07-13_14-09-55 19810
2020-07-13_14-09-55 19810
2020-07-13_14-09-55 19820
2020-07-13_14-09-55 19810
2020-07-13_14-09-55 19800
2020-07-13_14-09-55 19790
2020-07-13_14-09-55 19790
2020-07-13_14-09-55 19800
2020-07-13_14-09-55 19790
2020-07-13_14-09-55 19800
2020-07-13_14-09-55 19790
2020-07-13_14-09-55 19790
2020-07-13_14-09-55 19790
2020-07-13_14-09-55 19800
2020-07-13_14-09-55 19800
2020-07-13_14-09-55 19790
2020-07-13_14-09-55 19790
2020-07-13_14-09-55 19790
2020-07-13_14-09-55 19800
2020-07-13_14-09-55 19800
2020-07-13_14-09-55 19800
2020-07-13_14-09-55 19800
2020-07-13_14-09-55 19800
2020-07-13_14-09-55 19800
2020-07-13_14-09-55 19800
2020-07-13_14-09-55 19800
2020-07-13_14-09-55 19800
2020-07-13_14-09-55 19790
2020-07-13_14-09-55 19790
2020-07-13_14-09-55 19800
2020-07-13_14-09-55 19800
2020-07-13_14-09-55 19800
2020-07-13_14-09-55 19790
2020-07-13_14-09-55 19790
2020-07-13_14-09-55 19790
2020-07-13_14-09-55 19800
2020-07-13_14-09-55 19800
2020-07-13_14-09-55 19800
2020-07-13_14-09-55 19800
2020-07-13_14-09-55 19800
2020-07-13_14-09-55 19800
2020-07-13_14-09-55 19810
2020-07-13_14-09-55 19800
2020-07-13_14-09-55 19800
2020-07-13_14-09-55 19800
2020-07-13_14-09-55 19800
2020-07-13_14-09-55 19800
2020-07-13_14-09-55 19800
2020-07-13_14-09-55 19800
2020-07-13_14-09-55 19800
2020-07-13_14-09-55 19800
2020-07-13_14-09-55 19800
2020-07-13_14-09-55 19800
2020-07-13_14-09-55 19800
2020-07-13_14-09-55 19800
2020-07-13_14-09-55 19800
2020-07-13_14-09-55 19800
2020-07-13_14-09-55 19800
2020-07-13_14-09-55 19800
2020-07-13_14-09-55 19800
2020-07-13_14-09-55 19800
2020-07-13_14-09-55 19800
2020-07-13_14-09-55 19800
2020-07-13_14-09-55 19800
2020-07-13_14-09-55 19800
2020-07-13_14-09-55 19800
2020-07-13_14-09-55 19800
2020-07-13_14-09-55 19800
2020-07-13_14-09-55 19800
2020-07-13_14-09-55 19800
2020-07-13_14-09-55 19800
2020-07-13_14-09-55 19800
2020-07-13_14-09-55 19800
2020-07-13_14-09-55 19800
2020-07-13_14-09-55 19800
2020-07-13_14-09-55 19800
2020-07-13_14-09-55 19800
2020-07-13_14-09-55 19800
2020-07-13_14-09-55 19800
2020-07-13_14-09-55 19800
2020-07-13_14-09-55 19800
2020-07-13_14-09-55 19800
2020-07-13_14-09-55 19800
2020-07-13_14-09-55 19800
2020-07-13_14-09-55 19800
2020-07-13_14-09-55 19800
2020-07-13_14-09-55 19810
2020-07-13_14-09-55 19810
2020-07-13_14-09-55 19810
2020-07-13_14-09-55 19810
2020-07-13_14-09-55 19810
2020-07-13_14-09-55 19810
2020-07-13_14-09-55 19800
2020-07-13_14-09-55 19800
2020-07-13_14-09-55 19810
2020-07-13_14-09-55 19810
2020-07-13_14-09-55 19800
2020-07-13_14-09-55 19800
2020-07-13_14-09-55 19800
2020-07-13_14-09-55 19800
2020-07-13_14-09-55 19800
2020-07-13_14-09-55 19800
2020-07-13_14-09-55 19800
2020-07-13_14-09-55 19800
2020-07-13_14-09-55 19790
2020-07-13_14-09-55 19800
2020-07-13_14-09-55 19790
2020-07-13_14-09-55 19790
2020-07-13_14-09-55 19790
2020-07-13_14-09-55 19800
2020-07-13_14-09-55 19800
2020-07-13_14-09-55 19800
2020-07-13_14-09-55 19810
2020-07-13_14-09-55 19810
2020-07-13_14-09-55 19800
2020-07-13_14-09-55 19800
2020-07-13_14-09-55 19790
2020-07-13_14-09-55 19800
2020-07-13_14-09-55 19800
2020-07-13_14-09-55 19800
2020-07-13_14-09-55 19810
2020-07-13_14-09-55 19830
2020-07-13_14-09-55 19860
2020-07-13_14-09-55 19870
2020-07-13_14-09-55 19880
2020-07-13_14-09-55 19880
2020-07-13_14-09-55 19890
2020-07-13_14-09-55 19890
2020-07-13_14-09-55 19890
2020-07-13_14-09-55 19890
2020-07-13_14-09-55 19880
2020-07-13_14-09-55 19880
2020-07-13_14-09-55 19880
2020-07-13_14-09-55 19880
2020-07-13_14-09-55 19880
2020-07-13_14-09-55 19890
2020-07-13_14-09-55 19890
2020-07-13_14-09-55 19890
2020-07-13_14-09-55 19890
2020-07-13_14-09-55 19890
2020-07-13_14-09-55 19890
2020-07-13_14-09-55 19890
2020-07-13_14-09-55 19890
2020-07-13_14-09-55 19890
2020-07-13_14-09-55 19890
2020-07-13_14-09-55 19890
2020-07-13_14-09-55 19890
2020-07-13_14-09-55 19890
2020-07-13_14-09-55 19890
2020-07-13_14-09-55 19890
2020-07-13_14-09-55 19890
2020-07-13_14-09-55 19890
2020-07-13_14-09-55 19890
2020-07-13_14-09-55 19890
2020-07-13_14-09-55 19890
2020-07-13_14-09-55 19890
2020-07-13_14-09-55 19880
2020-07-13_14-09-55 19880
2020-07-13_14-09-55 19880
2020-07-13_14-09-55 19880
2020-07-13_14-09-55 19890
2020-07-13_14-09-55 19890
2020-07-13_14-09-55 19880
2020-07-13_14-09-55 19880
2020-07-13_14-09-55 19880
2020-07-13_14-09-55 19880
2020-07-13_14-09-55 19880
2020-07-13_14-09-55 19880
2020-07-13_14-09-55 19890
2020-07-13_14-09-55 19890
2020-07-13_14-09-55 19890
2020-07-13_14-09-55 19890
2020-07-13_14-09-55 19880
2020-07-13_14-09-55 19880
2020-07-13_14-09-55 19880
2020-07-13_14-09-55 19880
2020-07-13_14-09-55 19890
2020-07-13_14-09-55 19890
2020-07-13_14-09-55 19890
2020-07-13_14-09-55 19890
2020-07-13_14-09-55 19890
2020-07-13_14-09-55 19890
2020-07-13_14-09-55 19890
2020-07-13_14-09-55 19890
2020-07-13_14-09-55 19890
2020-07-13_14-09-55 19890
2020-07-13_14-09-55 19890
2020-07-13_14-09-55 19880
2020-07-13_14-09-55 19880
2020-07-13_14-09-55 19890
2020-07-13_14-09-55 19890
2020-07-13_14-09-55 19890
2020-07-13_14-09-55 19890
2020-07-13_14-09-55 19890
2020-07-13_14-09-55 19890
2020-07-13_14-09-55 19890
2020-07-13_14-09-55 19880
2020-07-13_14-09-55 19890
2020-07-13_14-09-55 19890
2020-07-13_14-09-55 19890
2020-07-13_14-09-55 19890
2020-07-13_14-09-55 19890
2020-07-13_14-09-55 19890
2020-07-13_14-09-55 19890
2020-07-13_14-09-55 19890
2020-07-13_14-09-55 19880
2020-07-13_14-09-55 19880
2020-07-13_14-09-55 19880
2020-07-13_14-09-55 19880
2020-07-13_14-09-55 19880
2020-07-13_14-09-55 19880
2020-07-13_14-09-55 19890
2020-07-13_14-09-55 19900
2020-07-13_14-09-55 19890
2020-07-13_14-09-55 19890
2020-07-13_14-09-55 19880
2020-07-13_14-09-55 19880
2020-07-13_14-09-55 19880
2020-07-13_14-09-55 19880
2020-07-13_14-09-55 19880
2020-07-13_14-09-55 19890
2020-07-13_14-09-55 19890
2020-07-13_14-09-55 19890
2020-07-13_14-09-55 19880
2020-07-13_14-09-55 19880
2020-07-13_14-09-55 19880
2020-07-13_14-09-55 19880
2020-07-13_14-09-55 19880
2020-07-13_14-09-55 19890
2020-07-13_14-09-55 19890
2020-07-13_14-09-55 19890
2020-07-13_14-09-55 19890
2020-07-13_14-09-55 19890
2020-07-13_14-09-55 19890
2020-07-13_14-09-55 19890
2020-07-13_14-09-55 19890
2020-07-13_14-09-55 19890
2020-07-13_14-09-55 19890
2020-07-13_14-09-55 19890
2020-07-13_14-09-55 19890
2020-07-13_14-09-55 19890
2020-07-13_14-09-55 19890
2020-07-13_14-09-55 19890
2020-07-13_14-09-55 19890
2020-07-13_14-09-55 19890
2020-07-13_14-09-55 19890
2020-07-13_14-09-55 19890
2020-07-13_14-09-55 19890
2020-07-13_14-09-55 19890
2020-07-13_14-09-55 19890
2020-07-13_14-09-55 19900
2020-07-13_14-09-55 19920
2020-07-13_14-09-55 19930
2020-07-13_14-09-55 19910
2020-07-13_14-09-55 19880
2020-07-13_14-09-55 19850
2020-07-13_14-09-55 19840
2020-07-13_14-09-55 19860
2020-07-13_14-09-55 19910
2020-07-13_14-09-55 19920
2020-07-13_14-09-55 19880
2020-07-13_14-09-55 19850
2020-07-13_14-09-55 19860
2020-07-13_14-09-55 19870
2020-07-13_14-09-55 19870
2020-07-13_14-09-55 19890
2020-07-13_14-09-55 19900
2020-07-13_14-09-55 19910
2020-07-13_14-09-55 19910
2020-07-13_14-09-55 19890
2020-07-13_14-09-55 19870
2020-07-13_14-09-55 19890
2020-07-13_14-09-55 19910
2020-07-13_14-09-55 19890
2020-07-13_14-09-55 19870
2020-07-13_14-09-55 19890
2020-07-13_14-09-55 19900
2020-07-13_14-09-55 19890
2020-07-13_14-09-55 19900
2020-07-13_14-09-55 19920
2020-07-13_14-09-55 19880
2020-07-13_14-09-55 19820
2020-07-13_14-09-55 19860
2020-07-13_14-09-55 19940
2020-07-13_14-09-55 19900
2020-07-13_14-09-55 19790
2020-07-13_14-09-55 19830
2020-07-13_14-09-55 19940
2020-07-13_14-09-55 19910
2020-07-13_14-09-55 19770
2020-07-13_14-09-55 19830
2020-07-13_14-09-55 19970
2020-07-13_14-09-55 19900
2020-07-13_14-09-55 19790
2020-07-13_14-09-55 19800
2020-07-13_14-09-55 19840
2020-07-13_14-09-55 19800
2020-07-13_14-09-55 19840
2020-07-13_14-09-55 19890
2020-07-13_14-09-55 19730
2020-07-13_14-09-55 19540
2020-07-13_14-09-55 19720
2020-07-13_14-09-55 19880
2020-07-13_14-09-55 19700
2020-07-13_14-09-55 19530
2020-07-13_14-09-55 19760
2020-07-13_14-09-55 19850
2020-07-13_14-09-55 19620
2020-07-13_14-09-55 19570
2020-07-13_14-09-55 19810
2020-07-13_14-09-55 19830
2020-07-13_14-09-55 19640
2020-07-13_14-09-55 19580
2020-07-13_14-09-55 19660
2020-07-13_14-09-55 19710
2020-07-13_14-09-55 19850
2020-07-13_14-09-55 19950
2020-07-13_14-09-55 19830
2020-07-13_14-09-55 20170
2020-07-13_14-09-55 22460
2020-07-13_14-09-55 25140
2020-07-13_14-09-55 26680
2020-07-13_14-09-55 26910
2020-07-13_14-09-55 27040
2020-07-13_14-09-55 27160
2020-07-13_14-09-55 26910
2020-07-13_14-09-55 26950
2020-07-13_14-09-55 27230
2020-07-13_14-09-55 27030
2020-07-13_14-09-55 26880
2020-07-13_14-09-55 27170
2020-07-13_14-09-55 27240
2020-07-13_14-09-55 26940
2020-07-13_14-09-55 26960
2020-07-13_14-09-55 27160
2020-07-13_14-09-55 26460
2020-07-13_14-09-55 24880
2020-07-13_14-09-55 23550
2020-07-13_14-09-55 22490
2020-07-13_14-09-55 22420
2020-07-13_14-09-55 24660
2020-07-13_14-09-55 27630
2020-07-13_14-09-55 29380
2020-07-13_14-09-55 29460
2020-07-13_14-09-55 29560
2020-07-13_14-09-55 29730
2020-07-13_14-09-55 29490
2020-07-13_14-09-55 29410
2020-07-13_14-09-55 29540
2020-07-13_14-09-55 29430
2020-07-13_14-09-55 29320
2020-07-13_14-09-55 29450
2020-07-13_14-09-55 29360
2020-07-13_14-09-55 29150
2020-07-13_14-09-55 29310
2020-07-13_14-09-55 29490
2020-07-13_14-09-55 29300
2020-07-13_14-09-55 28620
2020-07-13_14-09-55 27030
2020-07-13_14-09-55 24650
2020-07-13_14-09-55 22640
2020-07-13_14-09-55 22030
2020-07-13_14-09-55 22160
2020-07-13_14-09-55 22190
2020-07-13_14-09-55 22230
2020-07-13_14-09-55 22310
2020-07-13_14-09-55 22310
2020-07-13_14-09-55 22330
2020-07-13_14-09-55 22440
2020-07-13_14-09-55 22510
2020-07-13_14-09-55 22280
2020-07-13_14-09-55 21110
2020-07-13_14-09-55 18960
2020-07-13_14-09-55 16660
2020-07-13_14-09-55 15300
2020-07-13_14-09-55 15010
2020-07-13_14-09-55 15010
2020-07-13_14-09-55 15020
2020-07-13_14-09-55 15040
2020-07-13_14-09-55 15030
2020-07-13_14-09-55 15020
2020-07-13_14-09-55 15030
2020-07-13_14-09-55 15040
2020-07-13_14-09-55 15030
2020-07-13_14-09-55 15010
2020-07-13_14-09-55 15030
2020-07-13_14-09-55 15040
2020-07-13_14-09-55 15020
2020-07-13_14-09-55 15030
2020-07-13_14-09-55 15040
2020-07-13_14-09-55 15020
2020-07-13_14-09-55 15020
2020-07-13_14-09-55 15030
2020-07-13_14-09-55 15040
2020-07-13_14-09-55 15030
2020-07-13_14-09-55 15030
2020-07-13_14-09-55 15040
2020-07-13_14-09-55 15030
2020-07-13_14-09-55 15030
2020-07-13_14-09-55 15040
2020-07-13_14-09-55 15050
2020-07-13_14-09-55 15020
2020-07-13_14-09-55 15010
2020-07-13_14-09-55 15010
2020-07-13_14-09-55 15010
2020-07-13_14-09-55 14990
2020-07-13_14-09-55 15030
2020-07-13_14-09-55 15040
2020-07-13_14-09-55 15020
2020-07-13_14-09-55 15000
2020-07-13_14-09-55 15030
2020-07-13_14-09-55 15030
2020-07-13_14-09-55 15020
2020-07-13_14-09-55 15030
2020-07-13_14-09-55 15040
2020-07-13_14-09-55 15020
2020-07-13_14-09-55 15020
2020-07-13_14-09-55 15040
2020-07-13_14-09-55 15030
2020-07-13_14-09-55 15030
2020-07-13_14-09-55 15030
2020-07-13_14-09-55 15020
2020-07-13_14-09-55 15010
2020-07-13_14-09-55 15030
2020-07-13_14-09-55 15030
2020-07-13_14-09-55 15020
2020-07-13_14-09-55 15030
2020-07-13_14-09-55 15020
2020-07-13_14-09-55 15020
2020-07-13_14-09-55 15020
2020-07-13_14-09-55 15030
2020-07-13_14-09-55 15020
2020-07-13_14-09-55 15020
2020-07-13_14-09-55 15030
2020-07-13_14-09-55 15030
2020-07-13_14-09-55 15030
2020-07-13_14-09-55 15030
2020-07-13_14-09-55 15030
2020-07-13_14-09-55 15020
2020-07-13_14-09-55 15030
2020-07-13_14-09-55 15030
2020-07-13_14-09-55 15020
2020-07-13_14-09-55 15020
2020-07-13_14-09-55 15030
2020-07-13_14-09-55 15020
2020-07-13_14-09-55 15020
2020-07-13_14-09-55 15030
2020-07-13_14-09-55 15030
2020-07-13_14-09-55 15020
2020-07-13_14-09-55 15030
2020-07-13_14-09-55 15030
2020-07-13_14-09-55 15030
2020-07-13_14-09-55 15030
2020-07-13_14-09-55 15030
2020-07-13_14-09-55 15020
2020-07-13_14-09-55 15030
2020-07-13_14-09-55 15030
2020-07-13_14-09-55 15040
2020-07-13_14-09-55 15040
2020-07-13_14-09-55 15040
2020-07-13_14-09-55 15030
2020-07-13_14-09-55 15030
2020-07-13_14-09-55 15030
2020-07-13_14-09-55 15030
2020-07-13_14-09-55 15030
2020-07-13_14-09-55 15030
2020-07-13_14-09-55 15030
2020-07-13_14-09-55 15030
2020-07-13_14-09-55 15030
2020-07-13_14-09-55 15030
2020-07-13_14-09-55 15030
2020-07-13_14-09-55 15030
2020-07-13_14-09-55 15030
2020-07-13_14-09-55 15030
2020-07-13_14-09-55 15030
2020-07-13_14-09-55 15030
2020-07-13_14-09-55 15030
2020-07-13_14-09-55 15030
2020-07-13_14-09-55 15030
2020-07-13_14-09-55 15030
2020-07-13_14-09-55 15030
2020-07-13_14-09-55 15030
2020-07-13_14-09-55 15030
2020-07-13_14-09-55 15030
2020-07-13_14-09-55 15030
2020-07-13_14-09-55 15030
2020-07-13_14-09-55 15020
2020-07-13_14-09-55 15020
2020-07-13_14-09-55 15020
2020-07-13_14-09-55 15020
2020-07-13_14-09-55 15020
2020-07-13_14-09-55 15030
2020-07-13_14-09-55 15030
2020-07-13_14-09-55 15030
2020-07-13_14-09-55 15030
2020-07-13_14-09-55 15020
2020-07-13_14-09-55 15020
2020-07-13_14-09-55 15030
2020-07-13_14-09-55 15030
2020-07-13_14-09-55 15030
2020-07-13_14-09-55 15030
2020-07-13_14-09-55 15030
2020-07-13_14-09-55 15030
2020-07-13_14-09-55 15020
2020-07-13_14-09-55 15030
2020-07-13_14-09-55 15030
2020-07-13_14-09-55 15030
2020-07-13_14-09-55 15030
2020-07-13_14-09-55 15040
2020-07-13_14-09-55 15030
2020-07-13_14-09-55 15030
2020-07-13_14-09-55 15040
2020-07-13_14-09-55 15040
2020-07-13_14-09-55 15030
2020-07-13_14-09-55 15040
2020-07-13_14-09-55 15040
2020-07-13_14-09-55 15030
2020-07-13_14-09-55 15030
2020-07-13_14-09-55 15030
2020-07-13_14-09-55 15030
2020-07-13_14-09-55 15030
2020-07-13_14-09-55 15040
2020-07-13_14-09-55 15040
2020-07-13_14-09-55 15030
2020-07-13_14-09-55 15040
2020-07-13_14-09-55 15030
2020-07-13_14-09-55 15030
2020-07-13_14-09-55 15060
2020-07-13_14-09-55 15050
2020-07-13_14-09-55 15020
2020-07-13_14-09-55 15040
2020-07-13_14-09-55 15090
2020-07-13_14-09-55 15040
2020-07-13_14-09-55 15020
2020-07-13_14-09-55 15120
2020-07-13_14-09-55 15130
2020-07-13_14-09-55 15030
2020-07-13_14-09-55 15070
2020-07-13_14-09-55 15190
2020-07-13_14-09-55 15110
2020-07-13_14-09-55 15030
2020-07-13_14-09-55 15130
2020-07-13_14-09-55 15160
2020-07-13_14-09-55 15050
2020-07-13_14-09-55 15040
2020-07-13_14-09-55 15080
2020-07-13_14-09-55 15040
2020-07-13_14-09-55 15030
2020-07-13_14-09-55 15040
2020-07-13_14-09-55 13900
2020-07-13_14-09-55 11570
2020-07-13_14-09-55 9290
2020-07-13_14-09-55 8110
2020-07-13_14-09-55 7960
2020-07-13_14-09-55 7900
2020-07-13_14-09-55 8030
2020-07-13_14-09-55 8090
2020-07-13_14-09-55 7960
2020-07-13_14-09-55 7870
2020-07-13_14-09-55 7910
2020-07-13_14-09-55 7910
2020-07-13_14-09-55 7820
2020-07-13_14-09-55 7900
2020-07-13_14-09-55 7970
2020-07-13_14-09-55 7810
2020-07-13_14-09-55 7600
2020-07-13_14-09-55 7670
2020-07-13_14-09-55 6680
2020-07-13_14-09-55 4180
2020-07-13_14-09-55 1540
