2020-07-13_14-09-53 1720
2020-07-13_14-09-53 3110
2020-07-13_14-09-53 3980
2020-07-13_14-09-53 4060
2020-07-13_14-09-53 3970
2020-07-13_14-09-53 4010
2020-07-13_14-09-53 4080
2020-07-13_14-09-53 4060
2020-07-13_14-09-53 4040
2020-07-13_14-09-53 4100
2020-07-13_14-09-53 4110
2020-07-13_14-09-53 4050
2020-07-13_14-09-53 4000
2020-07-13_14-09-53 4010
2020-07-13_14-09-53 4010
2020-07-13_14-09-53 3990
2020-07-13_14-09-53 3990
2020-07-13_14-09-53 4000
2020-07-13_14-09-53 3990
2020-07-13_14-09-53 4000
2020-07-13_14-09-53 4000
2020-07-13_14-09-53 3970
2020-07-13_14-09-53 3940
2020-07-13_14-09-53 3970
2020-07-13_14-09-53 4070
2020-07-13_14-09-53 4650
2020-07-13_14-09-53 5680
2020-07-13_14-09-53 6670
2020-07-13_14-09-53 7140
2020-07-13_14-09-53 7100
2020-07-13_14-09-53 7060
2020-07-13_14-09-53 7040
2020-07-13_14-09-53 6990
2020-07-13_14-09-53 6970
2020-07-13_14-09-53 6950
2020-07-13_14-09-53 6960
2020-07-13_14-09-53 6940
2020-07-13_14-09-53 6930
2020-07-13_14-09-53 6930
2020-07-13_14-09-53 7270
2020-07-13_14-09-53 8140
2020-07-13_14-09-53 9130
2020-07-13_14-09-53 9770
2020-07-13_14-09-53 9900
2020-07-13_14-09-53 9910
2020-07-13_14-09-53 9890
2020-07-13_14-09-53 9880
2020-07-13_14-09-53 9870
2020-07-13_14-09-53 9900
2020-07-13_14-09-53 9900
2020-07-13_14-09-53 9890
2020-07-13_14-09-53 9900
2020-07-13_14-09-53 9910
2020-07-13_14-09-53 9900
2020-07-13_14-09-53 9890
2020-07-13_14-09-53 9900
2020-07-13_14-09-53 9900
2020-07-13_14-09-53 9900
2020-07-13_14-09-53 9910
2020-07-13_14-09-53 9900
2020-07-13_14-09-53 9890
2020-07-13_14-09-53 9870
2020-07-13_14-09-53 9870
2020-07-13_14-09-53 9880
2020-07-13_14-09-53 9890
2020-07-13_14-09-53 9900
2020-07-13_14-09-53 9900
2020-07-13_14-09-53 9910
2020-07-13_14-09-53 9900
2020-07-13_14-09-53 9900
2020-07-13_14-09-53 9900
2020-07-13_14-09-53 9910
2020-07-13_14-09-53 9880
2020-07-13_14-09-53 9880
2020-07-13_14-09-53 9880
2020-07-13_14-09-53 9920
2020-07-13_14-09-53 9900
2020-07-13_14-09-53 9870
2020-07-13_14-09-53 9880
2020-07-13_14-09-53 9890
2020-07-13_14-09-53 9910
2020-07-13_14-09-53 9880
2020-07-13_14-09-53 9880
2020-07-13_14-09-53 9890
2020-07-13_14-09-53 9900
2020-07-13_14-09-53 9900
2020-07-13_14-09-53 9880
2020-07-13_14-09-53 9890
2020-07-13_14-09-53 9890
2020-07-13_14-09-53 9910
2020-07-13_14-09-53 9900
2020-07-13_14-09-53 9900
2020-07-13_14-09-53 9900
2020-07-13_14-09-53 9900
2020-07-13_14-09-53 9900
2020-07-13_14-09-53 9890
2020-07-13_14-09-53 9890
2020-07-13_14-09-53 9880
2020-07-13_14-09-53 9890
2020-07-13_14-09-53 9890
2020-07-13_14-09-53 9890
2020-07-13_14-09-53 9900
2020-07-13_14-09-53 9910
2020-07-13_14-09-53 9910
2020-07-13_14-09-53 9910
2020-07-13_14-09-53 9900
2020-07-13_14-09-53 9900
2020-07-13_14-09-53 9910
2020-07-13_14-09-53 9910
2020-07-13_14-09-53 9900
2020-07-13_14-09-53 9900
2020-07-13_14-09-53 9900
2020-07-13_14-09-53 9900
2020-07-13_14-09-53 9900
2020-07-13_14-09-53 9900
2020-07-13_14-09-53 9900
2020-07-13_14-09-53 9910
2020-07-13_14-09-53 9900
2020-07-13_14-09-53 9890
2020-07-13_14-09-53 9900
2020-07-13_14-09-53 9900
2020-07-13_14-09-53 9900
2020-07-13_14-09-53 9900
2020-07-13_14-09-53 9900
2020-07-13_14-09-53 9900
2020-07-13_14-09-53 9900
2020-07-13_14-09-53 9900
2020-07-13_14-09-53 9900
2020-07-13_14-09-53 9900
2020-07-13_14-09-53 9900
2020-07-13_14-09-53 9900
2020-07-13_14-09-53 9900
2020-07-13_14-09-53 9900
2020-07-13_14-09-53 9900
2020-07-13_14-09-53 9900
2020-07-13_14-09-53 9900
2020-07-13_14-09-53 9910
2020-07-13_14-09-53 9910
2020-07-13_14-09-53 9900
2020-07-13_14-09-53 9900
2020-07-13_14-09-53 9900
2020-07-13_14-09-53 9910
2020-07-13_14-09-53 9900
2020-07-13_14-09-53 9900
2020-07-13_14-09-53 9900
2020-07-13_14-09-53 9900
2020-07-13_14-09-53 9900
2020-07-13_14-09-53 9900
2020-07-13_14-09-53 9900
2020-07-13_14-09-53 9900
2020-07-13_14-09-53 9900
2020-07-13_14-09-53 9900
2020-07-13_14-09-53 9890
2020-07-13_14-09-53 9900
2020-07-13_14-09-53 9900
2020-07-13_14-09-53 9900
2020-07-13_14-09-53 9890
2020-07-13_14-09-53 9890
2020-07-13_14-09-53 9890
2020-07-13_14-09-53 9900
2020-07-13_14-09-53 9900
2020-07-13_14-09-53 9900
2020-07-13_14-09-53 9900
2020-07-13_14-09-53 9900
2020-07-13_14-09-53 9900
2020-07-13_14-09-53 9900
2020-07-13_14-09-53 9900
2020-07-13_14-09-53 9900
2020-07-13_14-09-53 9900
2020-07-13_14-09-53 9900
2020-07-13_14-09-53 9900
2020-07-13_14-09-53 9900
2020-07-13_14-09-53 9900
2020-07-13_14-09-53 9900
2020-07-13_14-09-53 9900
2020-07-13_14-09-53 9900
2020-07-13_14-09-53 9900
2020-07-13_14-09-53 9900
2020-07-13_14-09-53 9900
2020-07-13_14-09-53 9900
2020-07-13_14-09-53 9900
2020-07-13_14-09-53 9900
2020-07-13_14-09-53 9900
2020-07-13_14-09-53 9900
2020-07-13_14-09-53 9900
2020-07-13_14-09-53 9900
2020-07-13_14-09-53 9900
2020-07-13_14-09-53 9900
2020-07-13_14-09-53 9900
2020-07-13_14-09-53 9900
2020-07-13_14-09-53 9900
2020-07-13_14-09-53 9900
2020-07-13_14-09-53 9900
2020-07-13_14-09-53 9900
2020-07-13_14-09-53 9900
2020-07-13_14-09-53 9900
2020-07-13_14-09-53 9900
2020-07-13_14-09-53 9900
2020-07-13_14-09-53 9890
2020-07-13_14-09-53 9900
2020-07-13_14-09-53 9900
2020-07-13_14-09-53 9900
2020-07-13_14-09-53 9900
2020-07-13_14-09-53 9900
2020-07-13_14-09-53 9900
2020-07-13_14-09-53 9900
2020-07-13_14-09-53 9900
2020-07-13_14-09-53 9900
2020-07-13_14-09-53 9900
2020-07-13_14-09-53 9900
2020-07-13_14-09-53 9900
2020-07-13_14-09-53 9900
2020-07-13_14-09-53 9900
2020-07-13_14-09-53 9900
2020-07-13_14-09-53 9900
2020-07-13_14-09-53 9900
2020-07-13_14-09-53 9900
2020-07-13_14-09-53 9900
2020-07-13_14-09-53 9900
2020-07-13_14-09-53 9900
2020-07-13_14-09-53 9900
2020-07-13_14-09-53 9900
2020-07-13_14-09-53 9900
2020-07-13_14-09-53 9900
2020-07-13_14-09-53 9900
2020-07-13_14-09-53 9900
2020-07-13_14-09-53 9900
2020-07-13_14-09-53 9900
2020-07-13_14-09-53 9900
2020-07-13_14-09-53 9900
2020-07-13_14-09-53 9900
2020-07-13_14-09-53 9900
2020-07-13_14-09-53 9900
2020-07-13_14-09-53 9900
2020-07-13_14-09-53 9900
2020-07-13_14-09-53 9900
2020-07-13_14-09-53 9900
2020-07-13_14-09-53 9890
2020-07-13_14-09-53 9870
2020-07-13_14-09-53 9870
2020-07-13_14-09-53 9880
2020-07-13_14-09-53 9870
2020-07-13_14-09-53 9830
2020-07-13_14-09-53 9810
2020-07-13_14-09-53 9800
2020-07-13_14-09-53 9800
2020-07-13_14-09-53 9790
2020-07-13_14-09-53 9810
2020-07-13_14-09-53 9810
2020-07-13_14-09-53 9800
2020-07-13_14-09-53 9800
2020-07-13_14-09-53 9800
2020-07-13_14-09-53 9800
2020-07-13_14-09-53 9800
2020-07-13_14-09-53 9840
2020-07-13_14-09-53 9870
2020-07-13_14-09-53 9890
2020-07-13_14-09-53 9890
2020-07-13_14-09-53 9860
2020-07-13_14-09-53 9860
2020-07-13_14-09-53 9850
2020-07-13_14-09-53 9840
2020-07-13_14-09-53 9820
2020-07-13_14-09-53 9820
2020-07-13_14-09-53 9850
2020-07-13_14-09-53 9880
2020-07-13_14-09-53 9890
2020-07-13_14-09-53 9900
2020-07-13_14-09-53 9910
2020-07-13_14-09-53 9920
2020-07-13_14-09-53 9930
2020-07-13_14-09-53 9930
2020-07-13_14-09-53 9910
2020-07-13_14-09-53 9900
2020-07-13_14-09-53 9920
2020-07-13_14-09-53 9920
2020-07-13_14-09-53 9930
2020-07-13_14-09-53 9910
2020-07-13_14-09-53 9910
2020-07-13_14-09-53 9910
2020-07-13_14-09-53 9950
2020-07-13_14-09-53 9980
2020-07-13_14-09-53 9990
2020-07-13_14-09-53 9990
2020-07-13_14-09-53 10000
2020-07-13_14-09-53 10010
2020-07-13_14-09-53 10010
2020-07-13_14-09-53 10000
2020-07-13_14-09-53 9990
2020-07-13_14-09-53 9980
2020-07-13_14-09-53 9990
2020-07-13_14-09-53 10020
2020-07-13_14-09-53 10020
2020-07-13_14-09-53 10010
2020-07-13_14-09-53 9990
2020-07-13_14-09-53 10000
2020-07-13_14-09-53 9990
2020-07-13_14-09-53 9960
2020-07-13_14-09-53 9920
2020-07-13_14-09-53 9900
2020-07-13_14-09-53 9900
2020-07-13_14-09-53 9900
2020-07-13_14-09-53 9890
2020-07-13_14-09-53 9890
2020-07-13_14-09-53 9900
2020-07-13_14-09-53 9890
2020-07-13_14-09-53 9890
2020-07-13_14-09-53 9890
2020-07-13_14-09-53 9890
2020-07-13_14-09-53 9900
2020-07-13_14-09-53 9900
2020-07-13_14-09-53 9900
2020-07-13_14-09-53 9900
2020-07-13_14-09-53 9900
2020-07-13_14-09-53 9890
2020-07-13_14-09-53 9890
2020-07-13_14-09-53 9890
2020-07-13_14-09-53 9890
2020-07-13_14-09-53 9890
2020-07-13_14-09-53 9890
2020-07-13_14-09-53 9890
2020-07-13_14-09-53 9890
2020-07-13_14-09-53 9900
2020-07-13_14-09-53 9900
2020-07-13_14-09-53 9890
2020-07-13_14-09-53 9890
2020-07-13_14-09-53 9890
2020-07-13_14-09-53 9890
2020-07-13_14-09-53 9890
2020-07-13_14-09-53 9890
2020-07-13_14-09-53 9900
2020-07-13_14-09-53 9900
2020-07-13_14-09-53 9890
2020-07-13_14-09-53 9890
2020-07-13_14-09-53 9890
2020-07-13_14-09-53 9890
2020-07-13_14-09-53 9890
2020-07-13_14-09-53 9890
2020-07-13_14-09-53 9890
2020-07-13_14-09-53 9900
2020-07-13_14-09-53 9900
2020-07-13_14-09-53 9900
2020-07-13_14-09-53 9900
2020-07-13_14-09-53 9900
2020-07-13_14-09-53 9900
2020-07-13_14-09-53 9900
2020-07-13_14-09-53 9900
2020-07-13_14-09-53 9900
2020-07-13_14-09-53 9900
2020-07-13_14-09-53 9900
2020-07-13_14-09-53 9900
2020-07-13_14-09-53 9900
2020-07-13_14-09-53 9900
2020-07-13_14-09-53 9900
2020-07-13_14-09-53 9900
2020-07-13_14-09-53 9900
2020-07-13_14-09-53 9900
2020-07-13_14-09-53 9900
2020-07-13_14-09-53 9900
2020-07-13_14-09-53 9890
2020-07-13_14-09-53 9890
2020-07-13_14-09-53 9890
2020-07-13_14-09-53 9890
2020-07-13_14-09-53 9890
2020-07-13_14-09-53 9900
2020-07-13_14-09-53 9890
2020-07-13_14-09-53 9900
2020-07-13_14-09-53 9890
2020-07-13_14-09-53 9890
2020-07-13_14-09-53 9880
2020-07-13_14-09-53 9890
2020-07-13_14-09-53 9870
2020-07-13_14-09-53 9890
2020-07-13_14-09-53 9920
2020-07-13_14-09-53 9940
2020-07-13_14-09-53 9910
2020-07-13_14-09-53 9880
2020-07-13_14-09-53 9880
2020-07-13_14-09-53 9880
2020-07-13_14-09-53 9880
2020-07-13_14-09-53 9880
2020-07-13_14-09-53 9890
2020-07-13_14-09-53 9880
2020-07-13_14-09-53 9870
2020-07-13_14-09-53 9910
2020-07-13_14-09-53 9930
2020-07-13_14-09-53 9900
2020-07-13_14-09-53 9880
2020-07-13_14-09-53 9920
2020-07-13_14-09-53 9940
2020-07-13_14-09-53 9930
2020-07-13_14-09-53 9960
2020-07-13_14-09-53 9980
2020-07-13_14-09-53 10000
2020-07-13_14-09-53 10010
2020-07-13_14-09-53 10030
2020-07-13_14-09-53 10000
2020-07-13_14-09-53 9980
2020-07-13_14-09-53 10010
2020-07-13_14-09-53 10030
2020-07-13_14-09-53 10020
2020-07-13_14-09-53 10010
2020-07-13_14-09-53 10000
2020-07-13_14-09-53 9990
2020-07-13_14-09-53 10010
2020-07-13_14-09-53 10030
2020-07-13_14-09-53 10020
2020-07-13_14-09-53 10000
2020-07-13_14-09-53 10000
2020-07-13_14-09-53 10010
2020-07-13_14-09-53 10020
2020-07-13_14-09-53 10020
2020-07-13_14-09-53 10030
2020-07-13_14-09-53 9990
2020-07-13_14-09-53 9970
2020-07-13_14-09-53 10030
2020-07-13_14-09-53 10010
2020-07-13_14-09-53 10010
2020-07-13_14-09-53 9960
2020-07-13_14-09-53 10010
2020-07-13_14-09-53 10050
2020-07-13_14-09-53 9970
2020-07-13_14-09-53 9980
2020-07-13_14-09-53 10040
2020-07-13_14-09-53 9970
2020-07-13_14-09-53 9930
2020-07-13_14-09-53 9820
2020-07-13_14-09-53 10020
2020-07-13_14-09-53 9890
2020-07-13_14-09-53 9710
2020-07-13_14-09-53 9730
2020-07-13_14-09-53 9820
2020-07-13_14-09-53 9940
2020-07-13_14-09-53 9780
2020-07-13_14-09-53 9830
2020-07-13_14-09-53 9940
2020-07-13_14-09-53 9900
2020-07-13_14-09-53 9910
2020-07-13_14-09-53 9840
2020-07-13_14-09-53 9890
2020-07-13_14-09-53 9870
2020-07-13_14-09-53 9840
2020-07-13_14-09-53 9910
2020-07-13_14-09-53 9900
2020-07-13_14-09-53 10140
2020-07-13_14-09-53 10870
2020-07-13_14-09-53 11680
2020-07-13_14-09-53 12360
2020-07-13_14-09-53 12400
2020-07-13_14-09-53 12390
2020-07-13_14-09-53 12390
2020-07-13_14-09-53 12350
2020-07-13_14-09-53 12370
2020-07-13_14-09-53 12360
2020-07-13_14-09-53 12390
2020-07-13_14-09-53 12420
2020-07-13_14-09-53 12340
2020-07-13_14-09-53 12410
2020-07-13_14-09-53 12380
2020-07-13_14-09-53 12360
2020-07-13_14-09-53 12390
2020-07-13_14-09-53 12130
2020-07-13_14-09-53 11140
2020-07-13_14-09-53 9700
2020-07-13_14-09-53 8600
2020-07-13_14-09-53 8360
2020-07-13_14-09-53 8730
2020-07-13_14-09-53 9580
2020-07-13_14-09-53 10350
2020-07-13_14-09-53 10830
2020-07-13_14-09-53 10770
2020-07-13_14-09-53 10820
2020-07-13_14-09-53 10700
2020-07-13_14-09-53 10570
2020-07-13_14-09-53 10420
2020-07-13_14-09-53 10450
2020-07-13_14-09-53 10530
2020-07-13_14-09-53 10560
2020-07-13_14-09-53 10380
2020-07-13_14-09-53 9720
2020-07-13_14-09-53 8570
2020-07-13_14-09-53 7580
2020-07-13_14-09-53 7130
2020-07-13_14-09-53 7090
2020-07-13_14-09-53 7190
2020-07-13_14-09-53 7110
2020-07-13_14-09-53 7050
2020-07-13_14-09-53 6350
2020-07-13_14-09-53 5620
2020-07-13_14-09-53 4910
2020-07-13_14-09-53 4720
2020-07-13_14-09-53 4740
2020-07-13_14-09-53 4710
2020-07-13_14-09-53 4740
2020-07-13_14-09-53 4710
2020-07-13_14-09-53 4740
2020-07-13_14-09-53 4700
2020-07-13_14-09-53 4730
2020-07-13_14-09-53 4720
2020-07-13_14-09-53 4740
2020-07-13_14-09-53 4720
2020-07-13_14-09-53 4710
2020-07-13_14-09-53 4720
2020-07-13_14-09-53 4690
2020-07-13_14-09-53 4690
2020-07-13_14-09-53 4700
2020-07-13_14-09-53 4700
2020-07-13_14-09-53 4660
2020-07-13_14-09-53 4670
2020-07-13_14-09-53 4710
2020-07-13_14-09-53 4690
2020-07-13_14-09-53 4670
2020-07-13_14-09-53 4700
2020-07-13_14-09-53 4720
2020-07-13_14-09-53 4750
2020-07-13_14-09-53 4710
2020-07-13_14-09-53 4750
2020-07-13_14-09-53 4720
2020-07-13_14-09-53 4750
2020-07-13_14-09-53 4720
2020-07-13_14-09-53 4750
2020-07-13_14-09-53 4730
2020-07-13_14-09-53 4750
2020-07-13_14-09-53 4730
2020-07-13_14-09-53 4740
2020-07-13_14-09-53 4730
2020-07-13_14-09-53 4750
2020-07-13_14-09-53 4730
2020-07-13_14-09-53 4740
2020-07-13_14-09-53 4720
2020-07-13_14-09-53 4740
2020-07-13_14-09-53 4740
2020-07-13_14-09-53 4750
2020-07-13_14-09-53 4750
2020-07-13_14-09-53 4750
2020-07-13_14-09-53 4740
2020-07-13_14-09-53 4740
2020-07-13_14-09-53 4730
2020-07-13_14-09-53 4740
2020-07-13_14-09-53 4730
2020-07-13_14-09-53 4730
2020-07-13_14-09-53 4730
2020-07-13_14-09-53 4740
2020-07-13_14-09-53 4740
2020-07-13_14-09-53 4740
2020-07-13_14-09-53 4740
2020-07-13_14-09-53 4750
2020-07-13_14-09-53 4740
2020-07-13_14-09-53 4740
2020-07-13_14-09-53 4730
2020-07-13_14-09-53 4740
2020-07-13_14-09-53 4730
2020-07-13_14-09-53 4730
2020-07-13_14-09-53 4730
2020-07-13_14-09-53 4740
2020-07-13_14-09-53 4740
2020-07-13_14-09-53 4740
2020-07-13_14-09-53 4740
2020-07-13_14-09-53 4740
2020-07-13_14-09-53 4740
2020-07-13_14-09-53 4740
2020-07-13_14-09-53 4740
2020-07-13_14-09-53 4750
2020-07-13_14-09-53 4750
2020-07-13_14-09-53 4750
2020-07-13_14-09-53 4740
2020-07-13_14-09-53 4740
2020-07-13_14-09-53 4740
2020-07-13_14-09-53 4740
2020-07-13_14-09-53 4750
2020-07-13_14-09-53 4750
2020-07-13_14-09-53 4750
2020-07-13_14-09-53 4750
2020-07-13_14-09-53 4750
2020-07-13_14-09-53 4750
2020-07-13_14-09-53 4740
2020-07-13_14-09-53 4740
2020-07-13_14-09-53 4740
2020-07-13_14-09-53 4740
2020-07-13_14-09-53 4740
2020-07-13_14-09-53 4740
2020-07-13_14-09-53 4740
2020-07-13_14-09-53 4740
2020-07-13_14-09-53 4740
2020-07-13_14-09-53 4740
2020-07-13_14-09-53 4740
2020-07-13_14-09-53 4750
2020-07-13_14-09-53 4740
2020-07-13_14-09-53 4750
2020-07-13_14-09-53 4750
2020-07-13_14-09-53 4750
2020-07-13_14-09-53 4750
2020-07-13_14-09-53 4750
2020-07-13_14-09-53 4740
2020-07-13_14-09-53 4740
2020-07-13_14-09-53 4740
2020-07-13_14-09-53 4740
2020-07-13_14-09-53 4740
2020-07-13_14-09-53 4740
2020-07-13_14-09-53 4740
2020-07-13_14-09-53 4740
2020-07-13_14-09-53 4740
2020-07-13_14-09-53 4740
2020-07-13_14-09-53 4740
2020-07-13_14-09-53 4740
2020-07-13_14-09-53 4740
2020-07-13_14-09-53 4740
2020-07-13_14-09-53 4740
2020-07-13_14-09-53 4750
2020-07-13_14-09-53 4750
2020-07-13_14-09-53 4750
2020-07-13_14-09-53 4740
2020-07-13_14-09-53 4750
2020-07-13_14-09-53 4750
2020-07-13_14-09-53 4750
2020-07-13_14-09-53 4750
2020-07-13_14-09-53 4750
2020-07-13_14-09-53 4750
2020-07-13_14-09-53 4750
2020-07-13_14-09-53 4750
2020-07-13_14-09-53 4750
2020-07-13_14-09-53 4750
2020-07-13_14-09-53 4750
2020-07-13_14-09-53 4750
2020-07-13_14-09-53 4750
2020-07-13_14-09-53 4750
2020-07-13_14-09-53 4750
2020-07-13_14-09-53 4750
2020-07-13_14-09-53 4750
2020-07-13_14-09-53 4750
2020-07-13_14-09-53 4750
2020-07-13_14-09-53 4750
2020-07-13_14-09-53 4750
2020-07-13_14-09-53 4750
2020-07-13_14-09-53 4750
2020-07-13_14-09-53 4750
2020-07-13_14-09-53 4740
2020-07-13_14-09-53 4740
2020-07-13_14-09-53 4740
2020-07-13_14-09-53 4740
2020-07-13_14-09-53 4740
2020-07-13_14-09-53 4740
2020-07-13_14-09-53 4740
2020-07-13_14-09-53 4740
2020-07-13_14-09-53 4740
2020-07-13_14-09-53 4740
2020-07-13_14-09-53 4740
2020-07-13_14-09-53 4740
2020-07-13_14-09-53 4740
2020-07-13_14-09-53 4740
2020-07-13_14-09-53 4740
2020-07-13_14-09-53 4740
2020-07-13_14-09-53 4740
2020-07-13_14-09-53 4740
2020-07-13_14-09-53 4740
2020-07-13_14-09-53 4740
2020-07-13_14-09-53 4750
2020-07-13_14-09-53 4740
2020-07-13_14-09-53 4740
2020-07-13_14-09-53 4740
2020-07-13_14-09-53 4740
2020-07-13_14-09-53 4740
2020-07-13_14-09-53 4740
2020-07-13_14-09-53 4690
2020-07-13_14-09-53 4690
2020-07-13_14-09-53 4690
2020-07-13_14-09-53 4750
2020-07-13_14-09-53 4740
2020-07-13_14-09-53 4740
2020-07-13_14-09-53 4730
2020-07-13_14-09-53 4730
2020-07-13_14-09-53 4730
2020-07-13_14-09-53 4740
2020-07-13_14-09-53 4750
2020-07-13_14-09-53 4740
2020-07-13_14-09-53 4740
2020-07-13_14-09-53 4740
2020-07-13_14-09-53 4750
2020-07-13_14-09-53 4740
2020-07-13_14-09-53 4750
2020-07-13_14-09-53 4740
2020-07-13_14-09-53 4750
2020-07-13_14-09-53 4740
2020-07-13_14-09-53 4740
2020-07-13_14-09-53 4730
2020-07-13_14-09-53 4730
2020-07-13_14-09-53 4730
2020-07-13_14-09-53 4740
2020-07-13_14-09-53 4740
2020-07-13_14-09-53 4740
2020-07-13_14-09-53 4740
2020-07-13_14-09-53 4740
2020-07-13_14-09-53 4740
2020-07-13_14-09-53 4750
2020-07-13_14-09-53 4740
2020-07-13_14-09-53 4750
2020-07-13_14-09-53 4740
2020-07-13_14-09-53 4700
2020-07-13_14-09-53 4150
2020-07-13_14-09-53 3300
2020-07-13_14-09-53 2540
2020-07-13_14-09-53 2240
2020-07-13_14-09-53 2230
2020-07-13_14-09-53 2230
2020-07-13_14-09-53 2220
2020-07-13_14-09-53 2260
2020-07-13_14-09-53 2220
2020-07-13_14-09-53 2260
2020-07-13_14-09-53 2230
2020-07-13_14-09-53 2250
2020-07-13_14-09-53 2240
2020-07-13_14-09-53 2230
2020-07-13_14-09-53 2240
2020-07-13_14-09-53 2230
2020-07-13_14-09-53 2240
2020-07-13_14-09-53 2230
2020-07-13_14-09-53 2270
2020-07-13_14-09-53 2110
2020-07-13_14-09-53 1460
