2020-07-13_14-09-53 1770
2020-07-13_14-09-53 3230
2020-07-13_14-09-53 4480
2020-07-13_14-09-53 5280
2020-07-13_14-09-53 5530
2020-07-13_14-09-53 5410
2020-07-13_14-09-53 5210
2020-07-13_14-09-53 5190
2020-07-13_14-09-53 5340
2020-07-13_14-09-53 5490
2020-07-13_14-09-53 5460
2020-07-13_14-09-53 5290
2020-07-13_14-09-53 5160
2020-07-13_14-09-53 5220
2020-07-13_14-09-53 5330
2020-07-13_14-09-53 5320
2020-07-13_14-09-53 5230
2020-07-13_14-09-53 5290
2020-07-13_14-09-53 5540
2020-07-13_14-09-53 5720
2020-07-13_14-09-53 6000
2020-07-13_14-09-53 7260
2020-07-13_14-09-53 9690
2020-07-13_14-09-53 12130
2020-07-13_14-09-53 13260
2020-07-13_14-09-53 13230
2020-07-13_14-09-53 13110
2020-07-13_14-09-53 13110
2020-07-13_14-09-53 13030
2020-07-13_14-09-53 12890
2020-07-13_14-09-53 13010
2020-07-13_14-09-53 14090
2020-07-13_14-09-53 16320
2020-07-13_14-09-53 18890
2020-07-13_14-09-53 20390
2020-07-13_14-09-53 20530
2020-07-13_14-09-53 20510
2020-07-13_14-09-53 20640
2020-07-13_14-09-53 20590
2020-07-13_14-09-53 20450
2020-07-13_14-09-53 20520
2020-07-13_14-09-53 20610
2020-07-13_14-09-53 20490
2020-07-13_14-09-53 20470
2020-07-13_14-09-53 20550
2020-07-13_14-09-53 20530
2020-07-13_14-09-53 20490
2020-07-13_14-09-53 20520
2020-07-13_14-09-53 20490
2020-07-13_14-09-53 20450
2020-07-13_14-09-53 20510
2020-07-13_14-09-53 20520
2020-07-13_14-09-53 20440
2020-07-13_14-09-53 20490
2020-07-13_14-09-53 20580
2020-07-13_14-09-53 20530
2020-07-13_14-09-53 20480
2020-07-13_14-09-53 20500
2020-07-13_14-09-53 20520
2020-07-13_14-09-53 20510
2020-07-13_14-09-53 20520
2020-07-13_14-09-53 20500
2020-07-13_14-09-53 20480
2020-07-13_14-09-53 20530
2020-07-13_14-09-53 20560
2020-07-13_14-09-53 20510
2020-07-13_14-09-53 20440
2020-07-13_14-09-53 20450
2020-07-13_14-09-53 20490
2020-07-13_14-09-53 20530
2020-07-13_14-09-53 20550
2020-07-13_14-09-53 20530
2020-07-13_14-09-53 20490
2020-07-13_14-09-53 20470
2020-07-13_14-09-53 20480
2020-07-13_14-09-53 20520
2020-07-13_14-09-53 20550
2020-07-13_14-09-53 20540
2020-07-13_14-09-53 20500
2020-07-13_14-09-53 20480
2020-07-13_14-09-53 20500
2020-07-13_14-09-53 20510
2020-07-13_14-09-53 20530
2020-07-13_14-09-53 20530
2020-07-13_14-09-53 20500
2020-07-13_14-09-53 20480
2020-07-13_14-09-53 20490
2020-07-13_14-09-53 20510
2020-07-13_14-09-53 20520
2020-07-13_14-09-53 20520
2020-07-13_14-09-53 20490
2020-07-13_14-09-53 20480
2020-07-13_14-09-53 20500
2020-07-13_14-09-53 20510
2020-07-13_14-09-53 20530
2020-07-13_14-09-53 20530
2020-07-13_14-09-53 20510
2020-07-13_14-09-53 20480
2020-07-13_14-09-53 20490
2020-07-13_14-09-53 20510
2020-07-13_14-09-53 20510
2020-07-13_14-09-53 20490
2020-07-13_14-09-53 20480
2020-07-13_14-09-53 20480
2020-07-13_14-09-53 20490
2020-07-13_14-09-53 20490
2020-07-13_14-09-53 20490
2020-07-13_14-09-53 20500
2020-07-13_14-09-53 20500
2020-07-13_14-09-53 20500
2020-07-13_14-09-53 20500
2020-07-13_14-09-53 20490
2020-07-13_14-09-53 20490
2020-07-13_14-09-53 20490
2020-07-13_14-09-53 20490
2020-07-13_14-09-54 20490
2020-07-13_14-09-54 20490
2020-07-13_14-09-54 20490
2020-07-13_14-09-54 20490
2020-07-13_14-09-54 20490
2020-07-13_14-09-54 20500
2020-07-13_14-09-54 20490
2020-07-13_14-09-54 20490
2020-07-13_14-09-54 20490
2020-07-13_14-09-54 20490
2020-07-13_14-09-54 20490
2020-07-13_14-09-54 20490
2020-07-13_14-09-54 20490
2020-07-13_14-09-54 20490
2020-07-13_14-09-54 20490
2020-07-13_14-09-54 20480
2020-07-13_14-09-54 20490
2020-07-13_14-09-54 20490
2020-07-13_14-09-54 20500
2020-07-13_14-09-54 20500
2020-07-13_14-09-54 20500
2020-07-13_14-09-54 20490
2020-07-13_14-09-54 20490
2020-07-13_14-09-54 20490
2020-07-13_14-09-54 20490
2020-07-13_14-09-54 20490
2020-07-13_14-09-54 20490
2020-07-13_14-09-54 20490
2020-07-13_14-09-54 20500
2020-07-13_14-09-54 20500
2020-07-13_14-09-54 20490
2020-07-13_14-09-54 20490
2020-07-13_14-09-54 20490
2020-07-13_14-09-54 20490
2020-07-13_14-09-54 20490
2020-07-13_14-09-54 20490
2020-07-13_14-09-54 20490
2020-07-13_14-09-54 20490
2020-07-13_14-09-54 20490
2020-07-13_14-09-54 20490
2020-07-13_14-09-54 20490
2020-07-13_14-09-54 20490
2020-07-13_14-09-54 20490
2020-07-13_14-09-54 20490
2020-07-13_14-09-54 20490
2020-07-13_14-09-54 20490
2020-07-13_14-09-54 20490
2020-07-13_14-09-54 20490
2020-07-13_14-09-54 20490
2020-07-13_14-09-54 20490
2020-07-13_14-09-54 20490
2020-07-13_14-09-54 20490
2020-07-13_14-09-54 20490
2020-07-13_14-09-54 20490
2020-07-13_14-09-54 20490
2020-07-13_14-09-54 20490
2020-07-13_14-09-54 20490
2020-07-13_14-09-54 20490
2020-07-13_14-09-54 20490
2020-07-13_14-09-54 20490
2020-07-13_14-09-54 20490
2020-07-13_14-09-54 20490
2020-07-13_14-09-54 20490
2020-07-13_14-09-54 20490
2020-07-13_14-09-54 20490
2020-07-13_14-09-54 20490
2020-07-13_14-09-54 20490
2020-07-13_14-09-54 20490
2020-07-13_14-09-54 20490
2020-07-13_14-09-54 20490
2020-07-13_14-09-54 20490
2020-07-13_14-09-54 20490
2020-07-13_14-09-54 20490
2020-07-13_14-09-54 20490
2020-07-13_14-09-54 20490
2020-07-13_14-09-54 20490
2020-07-13_14-09-54 20490
2020-07-13_14-09-54 20490
2020-07-13_14-09-54 20490
2020-07-13_14-09-54 20500
2020-07-13_14-09-54 20500
2020-07-13_14-09-54 20500
2020-07-13_14-09-54 20500
2020-07-13_14-09-54 20490
2020-07-13_14-09-54 20480
2020-07-13_14-09-54 20480
2020-07-13_14-09-54 20490
2020-07-13_14-09-54 20490
2020-07-13_14-09-54 20490
2020-07-13_14-09-54 20490
2020-07-13_14-09-54 20490
2020-07-13_14-09-54 20490
2020-07-13_14-09-54 20490
2020-07-13_14-09-54 20500
2020-07-13_14-09-54 20490
2020-07-13_14-09-54 20490
2020-07-13_14-09-54 20490
2020-07-13_14-09-54 20490
2020-07-13_14-09-54 20490
2020-07-13_14-09-54 20490
2020-07-13_14-09-54 20490
2020-07-13_14-09-54 20500
2020-07-13_14-09-54 20500
2020-07-13_14-09-54 20500
2020-07-13_14-09-54 20490
2020-07-13_14-09-54 20490
2020-07-13_14-09-54 20490
2020-07-13_14-09-54 20490
2020-07-13_14-09-54 20490
2020-07-13_14-09-54 20490
2020-07-13_14-09-54 20490
2020-07-13_14-09-54 20490
2020-07-13_14-09-54 20490
2020-07-13_14-09-54 20500
2020-07-13_14-09-54 20500
2020-07-13_14-09-54 20490
2020-07-13_14-09-54 20490
2020-07-13_14-09-54 20490
2020-07-13_14-09-54 20490
2020-07-13_14-09-54 20490
2020-07-13_14-09-54 20490
2020-07-13_14-09-54 20470
2020-07-13_14-09-54 20400
2020-07-13_14-09-54 20390
2020-07-13_14-09-54 20420
2020-07-13_14-09-54 20490
2020-07-13_14-09-54 20490
2020-07-13_14-09-54 20500
2020-07-13_14-09-54 20520
2020-07-13_14-09-54 20520
2020-07-13_14-09-54 20500
2020-07-13_14-09-54 20480
2020-07-13_14-09-54 20490
2020-07-13_14-09-54 20500
2020-07-13_14-09-54 20490
2020-07-13_14-09-54 20490
2020-07-13_14-09-54 20500
2020-07-13_14-09-54 20500
2020-07-13_14-09-54 20500
2020-07-13_14-09-54 20490
2020-07-13_14-09-54 20500
2020-07-13_14-09-54 20500
2020-07-13_14-09-54 20510
2020-07-13_14-09-54 20500
2020-07-13_14-09-54 20490
2020-07-13_14-09-54 20500
2020-07-13_14-09-54 20510
2020-07-13_14-09-54 20500
2020-07-13_14-09-54 20490
2020-07-13_14-09-54 20490
2020-07-13_14-09-54 20500
2020-07-13_14-09-54 20490
2020-07-13_14-09-54 20480
2020-07-13_14-09-54 20480
2020-07-13_14-09-54 20510
2020-07-13_14-09-54 20510
2020-07-13_14-09-54 20510
2020-07-13_14-09-54 20510
2020-07-13_14-09-54 20510
2020-07-13_14-09-54 20510
2020-07-13_14-09-54 20510
2020-07-13_14-09-54 20510
2020-07-13_14-09-54 20500
2020-07-13_14-09-54 20470
2020-07-13_14-09-54 20430
2020-07-13_14-09-54 20420
2020-07-13_14-09-54 20510
2020-07-13_14-09-54 20550
2020-07-13_14-09-54 20410
2020-07-13_14-09-54 20330
2020-07-13_14-09-54 20510
2020-07-13_14-09-54 20630
2020-07-13_14-09-54 20450
2020-07-13_14-09-54 20320
2020-07-13_14-09-54 20460
2020-07-13_14-09-54 20630
2020-07-13_14-09-54 20540
2020-07-13_14-09-54 20450
2020-07-13_14-09-54 20460
2020-07-13_14-09-54 20490
2020-07-13_14-09-54 20530
2020-07-13_14-09-54 20520
2020-07-13_14-09-54 20460
2020-07-13_14-09-54 20430
2020-07-13_14-09-54 20500
2020-07-13_14-09-54 20520
2020-07-13_14-09-54 20450
2020-07-13_14-09-54 20450
2020-07-13_14-09-54 20530
2020-07-13_14-09-54 20520
2020-07-13_14-09-54 20450
2020-07-13_14-09-54 20460
2020-07-13_14-09-54 20490
2020-07-13_14-09-54 20740
2020-07-13_14-09-54 21930
2020-07-13_14-09-54 24090
2020-07-13_14-09-54 26320
2020-07-13_14-09-54 27740
2020-07-13_14-09-54 28270
2020-07-13_14-09-54 28380
2020-07-13_14-09-54 28310
2020-07-13_14-09-54 28280
2020-07-13_14-09-54 28300
2020-07-13_14-09-54 28280
2020-07-13_14-09-54 28240
2020-07-13_14-09-54 28260
2020-07-13_14-09-54 28300
2020-07-13_14-09-54 28300
2020-07-13_14-09-54 28290
2020-07-13_14-09-54 28290
2020-07-13_14-09-54 28240
2020-07-13_14-09-54 28210
2020-07-13_14-09-54 28270
2020-07-13_14-09-54 28350
2020-07-13_14-09-54 28350
2020-07-13_14-09-54 28330
2020-07-13_14-09-54 28340
2020-07-13_14-09-54 28340
2020-07-13_14-09-54 28310
2020-07-13_14-09-54 28300
2020-07-13_14-09-54 28310
2020-07-13_14-09-54 28330
2020-07-13_14-09-54 28390
2020-07-13_14-09-54 28420
2020-07-13_14-09-54 28040
2020-07-13_14-09-54 26840
2020-07-13_14-09-54 25120
2020-07-13_14-09-54 23630
2020-07-13_14-09-54 22880
2020-07-13_14-09-54 22720
2020-07-13_14-09-54 22790
2020-07-13_14-09-54 22850
2020-07-13_14-09-54 23200
2020-07-13_14-09-54 24730
2020-07-13_14-09-54 27220
2020-07-13_14-09-54 29500
2020-07-13_14-09-54 30580
2020-07-13_14-09-54 30770
2020-07-13_14-09-54 30790
2020-07-13_14-09-54 30730
2020-07-13_14-09-54 30700
2020-07-13_14-09-54 30710
2020-07-13_14-09-54 30710
2020-07-13_14-09-54 30700
2020-07-13_14-09-54 30730
2020-07-13_14-09-54 30710
2020-07-13_14-09-54 30680
2020-07-13_14-09-54 30710
2020-07-13_14-09-54 30730
2020-07-13_14-09-54 30710
2020-07-13_14-09-54 30680
2020-07-13_14-09-54 30710
2020-07-13_14-09-54 30760
2020-07-13_14-09-54 30780
2020-07-13_14-09-54 30760
2020-07-13_14-09-54 30710
2020-07-13_14-09-54 30650
2020-07-13_14-09-54 30270
2020-07-13_14-09-54 28720
2020-07-13_14-09-54 26270
2020-07-13_14-09-54 24010
2020-07-13_14-09-54 22940
2020-07-13_14-09-54 22770
2020-07-13_14-09-54 22750
2020-07-13_14-09-54 22720
2020-07-13_14-09-54 22710
2020-07-13_14-09-54 22730
2020-07-13_14-09-54 22750
2020-07-13_14-09-54 22750
2020-07-13_14-09-54 22760
2020-07-13_14-09-54 22800
2020-07-13_14-09-54 22660
2020-07-13_14-09-54 21700
2020-07-13_14-09-54 19820
2020-07-13_14-09-54 17790
2020-07-13_14-09-54 16470
2020-07-13_14-09-54 15970
2020-07-13_14-09-54 15870
2020-07-13_14-09-54 15900
2020-07-13_14-09-54 15940
2020-07-13_14-09-54 15890
2020-07-13_14-09-54 15880
2020-07-13_14-09-54 15940
2020-07-13_14-09-54 15930
2020-07-13_14-09-54 15880
2020-07-13_14-09-54 15890
2020-07-13_14-09-54 15930
2020-07-13_14-09-54 15900
2020-07-13_14-09-54 15860
2020-07-13_14-09-54 15920
2020-07-13_14-09-54 15940
2020-07-13_14-09-54 15900
2020-07-13_14-09-54 15890
2020-07-13_14-09-54 15920
2020-07-13_14-09-54 15910
2020-07-13_14-09-54 15850
2020-07-13_14-09-54 15850
2020-07-13_14-09-54 15880
2020-07-13_14-09-54 15850
2020-07-13_14-09-54 15790
2020-07-13_14-09-54 15760
2020-07-13_14-09-54 15800
2020-07-13_14-09-54 15820
2020-07-13_14-09-54 15800
2020-07-13_14-09-54 15780
2020-07-13_14-09-54 15800
2020-07-13_14-09-54 15820
2020-07-13_14-09-54 15820
2020-07-13_14-09-54 15860
2020-07-13_14-09-54 15940
2020-07-13_14-09-54 15940
2020-07-13_14-09-54 15890
2020-07-13_14-09-54 15900
2020-07-13_14-09-54 15910
2020-07-13_14-09-54 15880
2020-07-13_14-09-54 15890
2020-07-13_14-09-54 15920
2020-07-13_14-09-54 15910
2020-07-13_14-09-54 15890
2020-07-13_14-09-54 15900
2020-07-13_14-09-54 15900
2020-07-13_14-09-54 15880
2020-07-13_14-09-54 15900
2020-07-13_14-09-54 15920
2020-07-13_14-09-54 15900
2020-07-13_14-09-54 15880
2020-07-13_14-09-54 15900
2020-07-13_14-09-54 15890
2020-07-13_14-09-54 15890
2020-07-13_14-09-54 15910
2020-07-13_14-09-54 15910
2020-07-13_14-09-54 15890
2020-07-13_14-09-54 15890
2020-07-13_14-09-54 15900
2020-07-13_14-09-54 15890
2020-07-13_14-09-54 15890
2020-07-13_14-09-54 15900
2020-07-13_14-09-54 15890
2020-07-13_14-09-54 15880
2020-07-13_14-09-54 15890
2020-07-13_14-09-54 15890
2020-07-13_14-09-54 15890
2020-07-13_14-09-54 15890
2020-07-13_14-09-54 15900
2020-07-13_14-09-54 15890
2020-07-13_14-09-54 15890
2020-07-13_14-09-54 15900
2020-07-13_14-09-54 15900
2020-07-13_14-09-54 15890
2020-07-13_14-09-54 15900
2020-07-13_14-09-54 15900
2020-07-13_14-09-54 15890
2020-07-13_14-09-54 15900
2020-07-13_14-09-54 15910
2020-07-13_14-09-54 15900
2020-07-13_14-09-54 15900
2020-07-13_14-09-54 15900
2020-07-13_14-09-54 15900
2020-07-13_14-09-54 15900
2020-07-13_14-09-54 15910
2020-07-13_14-09-54 15910
2020-07-13_14-09-54 15910
2020-07-13_14-09-54 15910
2020-07-13_14-09-54 15900
2020-07-13_14-09-54 15900
2020-07-13_14-09-54 15900
2020-07-13_14-09-54 15900
2020-07-13_14-09-54 15890
2020-07-13_14-09-54 15890
2020-07-13_14-09-54 15890
2020-07-13_14-09-54 15890
2020-07-13_14-09-54 15890
2020-07-13_14-09-54 15900
2020-07-13_14-09-54 15900
2020-07-13_14-09-54 15900
2020-07-13_14-09-54 15910
2020-07-13_14-09-54 15900
2020-07-13_14-09-54 15910
2020-07-13_14-09-54 15910
2020-07-13_14-09-54 15910
2020-07-13_14-09-54 15900
2020-07-13_14-09-54 15900
2020-07-13_14-09-54 15900
2020-07-13_14-09-54 15900
2020-07-13_14-09-54 15900
2020-07-13_14-09-54 15910
2020-07-13_14-09-54 15910
2020-07-13_14-09-54 15910
2020-07-13_14-09-54 15910
2020-07-13_14-09-54 15910
2020-07-13_14-09-54 15910
2020-07-13_14-09-54 15910
2020-07-13_14-09-54 15910
2020-07-13_14-09-54 15910
2020-07-13_14-09-54 15900
2020-07-13_14-09-54 15900
2020-07-13_14-09-54 15900
2020-07-13_14-09-54 15890
2020-07-13_14-09-54 15890
2020-07-13_14-09-54 15890
2020-07-13_14-09-54 15890
2020-07-13_14-09-54 15900
2020-07-13_14-09-54 15900
2020-07-13_14-09-54 15900
2020-07-13_14-09-54 15900
2020-07-13_14-09-54 15900
2020-07-13_14-09-54 15900
2020-07-13_14-09-54 15900
2020-07-13_14-09-54 15890
2020-07-13_14-09-54 15890
2020-07-13_14-09-54 15890
2020-07-13_14-09-54 15900
2020-07-13_14-09-54 15900
2020-07-13_14-09-54 15900
2020-07-13_14-09-54 15900
2020-07-13_14-09-54 15900
2020-07-13_14-09-54 15900
2020-07-13_14-09-54 15900
2020-07-13_14-09-54 15900
2020-07-13_14-09-54 15900
2020-07-13_14-09-54 15900
2020-07-13_14-09-54 15910
2020-07-13_14-09-54 15900
2020-07-13_14-09-54 15900
2020-07-13_14-09-54 15900
2020-07-13_14-09-54 15900
2020-07-13_14-09-54 15900
2020-07-13_14-09-54 15900
2020-07-13_14-09-54 15900
2020-07-13_14-09-54 15900
2020-07-13_14-09-54 15900
2020-07-13_14-09-54 15900
2020-07-13_14-09-54 15900
2020-07-13_14-09-54 15900
2020-07-13_14-09-54 15900
2020-07-13_14-09-54 15900
2020-07-13_14-09-54 15900
2020-07-13_14-09-54 15900
2020-07-13_14-09-54 15900
2020-07-13_14-09-54 15900
2020-07-13_14-09-54 15900
2020-07-13_14-09-54 15900
2020-07-13_14-09-54 15900
2020-07-13_14-09-54 15900
2020-07-13_14-09-54 15900
2020-07-13_14-09-54 15900
2020-07-13_14-09-54 15900
2020-07-13_14-09-54 15900
2020-07-13_14-09-54 15900
2020-07-13_14-09-54 15900
2020-07-13_14-09-54 15900
2020-07-13_14-09-54 15900
2020-07-13_14-09-54 15900
2020-07-13_14-09-54 15900
2020-07-13_14-09-54 15900
2020-07-13_14-09-54 15910
2020-07-13_14-09-54 15910
2020-07-13_14-09-54 15890
2020-07-13_14-09-54 15900
2020-07-13_14-09-54 15930
2020-07-13_14-09-54 15930
2020-07-13_14-09-54 15890
2020-07-13_14-09-54 15910
2020-07-13_14-09-54 15950
2020-07-13_14-09-54 15910
2020-07-13_14-09-54 15870
2020-07-13_14-09-54 15920
2020-07-13_14-09-54 15950
2020-07-13_14-09-54 15880
2020-07-13_14-09-54 15880
2020-07-13_14-09-54 15960
2020-07-13_14-09-54 15920
2020-07-13_14-09-54 15850
2020-07-13_14-09-54 15910
2020-07-13_14-09-54 15960
2020-07-13_14-09-54 15880
2020-07-13_14-09-54 15850
2020-07-13_14-09-54 15930
2020-07-13_14-09-54 15920
2020-07-13_14-09-54 15870
2020-07-13_14-09-54 15910
2020-07-13_14-09-54 15930
2020-07-13_14-09-54 15850
2020-07-13_14-09-54 15870
2020-07-13_14-09-54 15960
2020-07-13_14-09-54 15930
2020-07-13_14-09-54 15870
2020-07-13_14-09-54 15730
2020-07-13_14-09-54 14600
2020-07-13_14-09-54 12290
2020-07-13_14-09-54 9870
2020-07-13_14-09-54 8460
2020-07-13_14-09-54 8070
2020-07-13_14-09-54 8060
2020-07-13_14-09-54 8130
2020-07-13_14-09-54 8140
2020-07-13_14-09-54 8090
2020-07-13_14-09-54 8100
2020-07-13_14-09-54 8120
2020-07-13_14-09-54 8060
2020-07-13_14-09-54 8050
2020-07-13_14-09-54 8100
2020-07-13_14-09-54 8100
2020-07-13_14-09-54 8050
2020-07-13_14-09-54 8050
2020-07-13_14-09-54 8080
2020-07-13_14-09-54 8050
2020-07-13_14-09-54 8050
2020-07-13_14-09-54 8050
2020-07-13_14-09-54 8040
2020-07-13_14-09-54 8050
2020-07-13_14-09-54 8080
2020-07-13_14-09-54 8070
2020-07-13_14-09-54 8040
2020-07-13_14-09-54 8070
2020-07-13_14-09-54 8090
2020-07-13_14-09-54 8040
2020-07-13_14-09-54 8030
2020-07-13_14-09-54 8070
2020-07-13_14-09-54 8100
2020-07-13_14-09-54 7900
2020-07-13_14-09-54 6590
2020-07-13_14-09-54 4140
2020-07-13_14-09-54 1610
