2020-07-13_14-11-33 2960
2020-07-13_14-11-33 3920
2020-07-13_14-11-33 3970
2020-07-13_14-11-33 3920
2020-07-13_14-11-33 4090
2020-07-13_14-11-33 4080
2020-07-13_14-11-33 4110
2020-07-13_14-11-33 4050
2020-07-13_14-11-33 4120
2020-07-13_14-11-33 4200
2020-07-13_14-11-33 4600
2020-07-13_14-11-33 6680
2020-07-13_14-11-33 7590
2020-07-13_14-11-33 7390
2020-07-13_14-11-33 8590
2020-07-13_14-11-33 10870
2020-07-13_14-11-33 10800
2020-07-13_14-11-33 10880
2020-07-13_14-11-33 10820
2020-07-13_14-11-33 10900
2020-07-13_14-11-34 10830
2020-07-13_14-11-34 10820
2020-07-13_14-11-34 10850
2020-07-13_14-11-34 10760
2020-07-13_14-11-34 10810
2020-07-13_14-11-34 10780
2020-07-13_14-11-34 10750
2020-07-13_14-11-34 10790
2020-07-13_14-11-34 10850
2020-07-13_14-11-34 10810
2020-07-13_14-11-34 10820
2020-07-13_14-11-34 10850
2020-07-13_14-11-34 10820
2020-07-13_14-11-34 10840
2020-07-13_14-11-34 10830
2020-07-13_14-11-34 10830
2020-07-13_14-11-34 10820
2020-07-13_14-11-34 10840
2020-07-13_14-11-34 10830
2020-07-13_14-11-34 10830
2020-07-13_14-11-34 10830
2020-07-13_14-11-34 10830
2020-07-13_14-11-34 10840
2020-07-13_14-11-34 10840
2020-07-13_14-11-34 10840
2020-07-13_14-11-34 10840
2020-07-13_14-11-34 10830
2020-07-13_14-11-34 10830
2020-07-13_14-11-34 10830
2020-07-13_14-11-34 10830
2020-07-13_14-11-34 10830
2020-07-13_14-11-34 10830
2020-07-13_14-11-34 10830
2020-07-13_14-11-34 10830
2020-07-13_14-11-34 10840
2020-07-13_14-11-34 10820
2020-07-13_14-11-34 10840
2020-07-13_14-11-34 10840
2020-07-13_14-11-34 10830
2020-07-13_14-11-34 10820
2020-07-13_14-11-34 10830
2020-07-13_14-11-34 10830
2020-07-13_14-11-34 10830
2020-07-13_14-11-34 10830
2020-07-13_14-11-34 10830
2020-07-13_14-11-34 10830
2020-07-13_14-11-34 10830
2020-07-13_14-11-34 10830
2020-07-13_14-11-34 10830
2020-07-13_14-11-34 10830
2020-07-13_14-11-34 10840
2020-07-13_14-11-34 10820
2020-07-13_14-11-34 10750
2020-07-13_14-11-34 10850
2020-07-13_14-11-34 10830
2020-07-13_14-11-34 10820
2020-07-13_14-11-34 10820
2020-07-13_14-11-34 10820
2020-07-13_14-11-34 10820
2020-07-13_14-11-34 10830
2020-07-13_14-11-34 10820
2020-07-13_14-11-34 10810
2020-07-13_14-11-34 10810
2020-07-13_14-11-34 10810
2020-07-13_14-11-34 10790
2020-07-13_14-11-34 10800
2020-07-13_14-11-34 11380
2020-07-13_14-11-34 13430
2020-07-13_14-11-34 13480
2020-07-13_14-11-34 13470
2020-07-13_14-11-34 13500
2020-07-13_14-11-34 13500
2020-07-13_14-11-34 13500
2020-07-13_14-11-34 13500
2020-07-13_14-11-34 13460
2020-07-13_14-11-34 13470
2020-07-13_14-11-34 13350
2020-07-13_14-11-34 10190
2020-07-13_14-11-34 9400
2020-07-13_14-11-34 9400
2020-07-13_14-11-34 10560
2020-07-13_14-11-34 11830
2020-07-13_14-11-34 11830
2020-07-13_14-11-34 11820
2020-07-13_14-11-34 11810
2020-07-13_14-11-34 11800
2020-07-13_14-11-34 11800
2020-07-13_14-11-34 11820
2020-07-13_14-11-34 11790
2020-07-13_14-11-34 11870
2020-07-13_14-11-34 11630
2020-07-13_14-11-34 8470
2020-07-13_14-11-34 8490
2020-07-13_14-11-34 8520
2020-07-13_14-11-34 8560
2020-07-13_14-11-34 8580
2020-07-13_14-11-34 8060
2020-07-13_14-11-34 5870
2020-07-13_14-11-34 5130
2020-07-13_14-11-34 5140
2020-07-13_14-11-34 5130
2020-07-13_14-11-34 5140
2020-07-13_14-11-34 5130
2020-07-13_14-11-34 5140
2020-07-13_14-11-34 5130
2020-07-13_14-11-34 5140
2020-07-13_14-11-34 5110
2020-07-13_14-11-34 5130
2020-07-13_14-11-34 5140
2020-07-13_14-11-34 5120
2020-07-13_14-11-34 5130
2020-07-13_14-11-34 5120
2020-07-13_14-11-34 5130
2020-07-13_14-11-34 5130
2020-07-13_14-11-34 5130
2020-07-13_14-11-34 5130
2020-07-13_14-11-34 5130
2020-07-13_14-11-34 5130
2020-07-13_14-11-34 5130
2020-07-13_14-11-34 5130
2020-07-13_14-11-34 5130
2020-07-13_14-11-34 5130
2020-07-13_14-11-34 5130
2020-07-13_14-11-34 5130
2020-07-13_14-11-34 5130
2020-07-13_14-11-34 5130
2020-07-13_14-11-34 5130
2020-07-13_14-11-34 5130
2020-07-13_14-11-34 5120
2020-07-13_14-11-34 5130
2020-07-13_14-11-34 5130
2020-07-13_14-11-34 5130
2020-07-13_14-11-34 5130
2020-07-13_14-11-34 5120
2020-07-13_14-11-34 5120
2020-07-13_14-11-34 5110
2020-07-13_14-11-34 5120
2020-07-13_14-11-34 5130
2020-07-13_14-11-34 5120
2020-07-13_14-11-34 5130
2020-07-13_14-11-34 5130
2020-07-13_14-11-34 5130
2020-07-13_14-11-34 5130
2020-07-13_14-11-34 5130
2020-07-13_14-11-34 5130
2020-07-13_14-11-34 5130
2020-07-13_14-11-34 5130
2020-07-13_14-11-34 5130
2020-07-13_14-11-34 5130
2020-07-13_14-11-34 5130
2020-07-13_14-11-34 5130
2020-07-13_14-11-34 5130
2020-07-13_14-11-34 5130
2020-07-13_14-11-34 5130
2020-07-13_14-11-34 5130
2020-07-13_14-11-34 5130
2020-07-13_14-11-34 5130
2020-07-13_14-11-34 5130
2020-07-13_14-11-34 5130
2020-07-13_14-11-34 5130
2020-07-13_14-11-34 5130
2020-07-13_14-11-34 5130
2020-07-13_14-11-34 5150
2020-07-13_14-11-34 5150
2020-07-13_14-11-34 5150
2020-07-13_14-11-34 5150
2020-07-13_14-11-34 5160
2020-07-13_14-11-34 5150
2020-07-13_14-11-34 5140
2020-07-13_14-11-34 5140
2020-07-13_14-11-34 4280
2020-07-13_14-11-34 2510
2020-07-13_14-11-34 2490
2020-07-13_14-11-34 2490
2020-07-13_14-11-34 2480
2020-07-13_14-11-34 2470
2020-07-13_14-11-34 2470
2020-07-13_14-11-34 2470
2020-07-13_14-11-34 2460
2020-07-13_14-11-34 2460
2020-07-13_14-11-34 2480
2020-07-13_14-11-34 2500
2020-07-13_14-11-34 1770
