2020-07-13_14-10-36 820
2020-07-13_14-10-36 1080
2020-07-13_14-10-36 1250
2020-07-13_14-10-36 1310
2020-07-13_14-10-36 1340
2020-07-13_14-10-36 1360
2020-07-13_14-10-36 1490
2020-07-13_14-10-36 1780
2020-07-13_14-10-36 2110
2020-07-13_14-10-36 2340
2020-07-13_14-10-36 2440
2020-07-13_14-10-36 2480
2020-07-13_14-10-36 2480
2020-07-13_14-10-36 2450
2020-07-13_14-10-36 2430
2020-07-13_14-10-36 2430
2020-07-13_14-10-36 2430
2020-07-13_14-10-36 2440
2020-07-13_14-10-36 2440
2020-07-13_14-10-36 2440
2020-07-13_14-10-36 2440
2020-07-13_14-10-36 2440
2020-07-13_14-10-36 2440
2020-07-13_14-10-36 2440
2020-07-13_14-10-36 2430
2020-07-13_14-10-36 2430
2020-07-13_14-10-36 2430
2020-07-13_14-10-36 2430
2020-07-13_14-10-36 2440
2020-07-13_14-10-36 2440
2020-07-13_14-10-36 2440
2020-07-13_14-10-36 2430
2020-07-13_14-10-36 2430
2020-07-13_14-10-36 2430
2020-07-13_14-10-36 2410
2020-07-13_14-10-36 2180
2020-07-13_14-10-36 1750
2020-07-13_14-10-36 1320
2020-07-13_14-10-36 1100
2020-07-13_14-10-36 1080
2020-07-13_14-10-36 1070
2020-07-13_14-10-36 1080
2020-07-13_14-10-36 1090
2020-07-13_14-10-36 1110
2020-07-13_14-10-36 1100
2020-07-13_14-10-36 1110
2020-07-13_14-10-36 1110
2020-07-13_14-10-36 1110
2020-07-13_14-10-36 1110
2020-07-13_14-10-36 1100
2020-07-13_14-10-36 1100
2020-07-13_14-10-36 1100
2020-07-13_14-10-36 1110
2020-07-13_14-10-36 1120
2020-07-13_14-10-36 1120
2020-07-13_14-10-36 1120
2020-07-13_14-10-36 1120
2020-07-13_14-10-36 1120
2020-07-13_14-10-36 1130
2020-07-13_14-10-36 1160
2020-07-13_14-10-36 1180
2020-07-13_14-10-36 1190
2020-07-13_14-10-36 1180
2020-07-13_14-10-36 1170
2020-07-13_14-10-36 1170
2020-07-13_14-10-36 1180
2020-07-13_14-10-36 1180
2020-07-13_14-10-36 1180
2020-07-13_14-10-36 1170
2020-07-13_14-10-36 1170
2020-07-13_14-10-36 1180
2020-07-13_14-10-36 1180
2020-07-13_14-10-36 1180
2020-07-13_14-10-36 1170
2020-07-13_14-10-36 1170
2020-07-13_14-10-36 1170
2020-07-13_14-10-36 1160
2020-07-13_14-10-36 1160
2020-07-13_14-10-36 1160
2020-07-13_14-10-36 1160
2020-07-13_14-10-36 1170
2020-07-13_14-10-36 1170
2020-07-13_14-10-36 1170
2020-07-13_14-10-36 1170
2020-07-13_14-10-36 1170
2020-07-13_14-10-36 1170
2020-07-13_14-10-36 1170
2020-07-13_14-10-36 1170
2020-07-13_14-10-36 1160
2020-07-13_14-10-36 1150
2020-07-13_14-10-36 1140
2020-07-13_14-10-36 1120
2020-07-13_14-10-36 1100
2020-07-13_14-10-36 1070
2020-07-13_14-10-36 1050
2020-07-13_14-10-36 1050
2020-07-13_14-10-36 1060
2020-07-13_14-10-36 1070
2020-07-13_14-10-36 1080
2020-07-13_14-10-36 1080
2020-07-13_14-10-36 1100
2020-07-13_14-10-36 1110
2020-07-13_14-10-36 1100
2020-07-13_14-10-36 1080
2020-07-13_14-10-36 1060
2020-07-13_14-10-36 1060
2020-07-13_14-10-36 1080
2020-07-13_14-10-36 1090
2020-07-13_14-10-36 1100
2020-07-13_14-10-36 1090
2020-07-13_14-10-36 1090
2020-07-13_14-10-36 1090
2020-07-13_14-10-36 1090
2020-07-13_14-10-36 1090
2020-07-13_14-10-36 1090
2020-07-13_14-10-36 1090
2020-07-13_14-10-36 1090
2020-07-13_14-10-36 1090
2020-07-13_14-10-36 1090
2020-07-13_14-10-36 1080
2020-07-13_14-10-36 1080
2020-07-13_14-10-36 1080
2020-07-13_14-10-36 1080
2020-07-13_14-10-36 1090
2020-07-13_14-10-36 1100
2020-07-13_14-10-36 1090
2020-07-13_14-10-36 1090
2020-07-13_14-10-36 1080
2020-07-13_14-10-36 1060
2020-07-13_14-10-36 1060
2020-07-13_14-10-36 1060
2020-07-13_14-10-36 1070
2020-07-13_14-10-36 1070
2020-07-13_14-10-36 1070
2020-07-13_14-10-36 1060
2020-07-13_14-10-36 1070
2020-07-13_14-10-36 1070
2020-07-13_14-10-36 1070
2020-07-13_14-10-36 1060
2020-07-13_14-10-36 1060
2020-07-13_14-10-36 1060
2020-07-13_14-10-36 1060
2020-07-13_14-10-36 1060
2020-07-13_14-10-36 1060
2020-07-13_14-10-36 1060
2020-07-13_14-10-36 1060
2020-07-13_14-10-36 1060
2020-07-13_14-10-36 1060
2020-07-13_14-10-36 1060
2020-07-13_14-10-36 1060
2020-07-13_14-10-36 1060
2020-07-13_14-10-36 1080
2020-07-13_14-10-36 1110
2020-07-13_14-10-36 1150
2020-07-13_14-10-36 1160
2020-07-13_14-10-36 1180
2020-07-13_14-10-36 1180
2020-07-13_14-10-36 1170
2020-07-13_14-10-36 1170
2020-07-13_14-10-36 1160
2020-07-13_14-10-36 1150
2020-07-13_14-10-36 1140
2020-07-13_14-10-36 1140
2020-07-13_14-10-36 1150
2020-07-13_14-10-36 1140
2020-07-13_14-10-36 1140
2020-07-13_14-10-36 1140
2020-07-13_14-10-36 1140
2020-07-13_14-10-36 1140
2020-07-13_14-10-36 1160
2020-07-13_14-10-36 1170
2020-07-13_14-10-36 1170
2020-07-13_14-10-36 1160
2020-07-13_14-10-36 1150
2020-07-13_14-10-36 1150
2020-07-13_14-10-36 1150
2020-07-13_14-10-36 1140
2020-07-13_14-10-36 1140
2020-07-13_14-10-36 1120
2020-07-13_14-10-36 1100
2020-07-13_14-10-36 1080
2020-07-13_14-10-36 1060
2020-07-13_14-10-36 1050
2020-07-13_14-10-36 1050
2020-07-13_14-10-36 1050
2020-07-13_14-10-36 1050
2020-07-13_14-10-36 1040
2020-07-13_14-10-36 1050
2020-07-13_14-10-36 1060
2020-07-13_14-10-36 1060
2020-07-13_14-10-36 1060
2020-07-13_14-10-36 1060
2020-07-13_14-10-36 1060
2020-07-13_14-10-36 1060
2020-07-13_14-10-36 1070
2020-07-13_14-10-36 1070
2020-07-13_14-10-36 1090
2020-07-13_14-10-36 1100
2020-07-13_14-10-36 1100
2020-07-13_14-10-36 1100
2020-07-13_14-10-36 1120
2020-07-13_14-10-36 1140
2020-07-13_14-10-36 1120
2020-07-13_14-10-36 990
