2020-07-13_14-11-35 1720
2020-07-13_14-11-35 1530
2020-07-13_14-11-35 1650
2020-07-13_14-11-35 1610
2020-07-13_14-11-35 1890
2020-07-13_14-11-35 3580
2020-07-13_14-11-35 3870
2020-07-13_14-11-35 3850
2020-07-13_14-11-35 3830
2020-07-13_14-11-35 3860
2020-07-13_14-11-35 3840
2020-07-13_14-11-35 3860
2020-07-13_14-11-35 3810
2020-07-13_14-11-35 3870
2020-07-13_14-11-35 3850
2020-07-13_14-11-35 3870
2020-07-13_14-11-35 3860
2020-07-13_14-11-35 3860
2020-07-13_14-11-35 3860
2020-07-13_14-11-35 3860
2020-07-13_14-11-35 3860
2020-07-13_14-11-35 3860
2020-07-13_14-11-35 3860
2020-07-13_14-11-35 3870
2020-07-13_14-11-35 3860
2020-07-13_14-11-35 3870
2020-07-13_14-11-35 3870
2020-07-13_14-11-35 3870
2020-07-13_14-11-35 3870
2020-07-13_14-11-35 3870
2020-07-13_14-11-35 3870
2020-07-13_14-11-35 3870
2020-07-13_14-11-35 3870
2020-07-13_14-11-35 3870
2020-07-13_14-11-35 3870
2020-07-13_14-11-35 3870
2020-07-13_14-11-35 3870
2020-07-13_14-11-35 3870
2020-07-13_14-11-35 3870
2020-07-13_14-11-35 3870
2020-07-13_14-11-35 3870
2020-07-13_14-11-35 3870
2020-07-13_14-11-35 3870
2020-07-13_14-11-35 3870
2020-07-13_14-11-35 3870
2020-07-13_14-11-35 3870
2020-07-13_14-11-35 3870
2020-07-13_14-11-35 3870
2020-07-13_14-11-35 3870
2020-07-13_14-11-35 3870
2020-07-13_14-11-35 3870
2020-07-13_14-11-35 3870
2020-07-13_14-11-35 3870
2020-07-13_14-11-35 3870
2020-07-13_14-11-35 3870
2020-07-13_14-11-35 3870
2020-07-13_14-11-35 3870
2020-07-13_14-11-35 3870
2020-07-13_14-11-35 3870
2020-07-13_14-11-35 3870
2020-07-13_14-11-35 3870
2020-07-13_14-11-35 3870
2020-07-13_14-11-35 3870
2020-07-13_14-11-35 3870
2020-07-13_14-11-35 3870
2020-07-13_14-11-35 3860
2020-07-13_14-11-35 3870
2020-07-13_14-11-35 3870
2020-07-13_14-11-35 3870
2020-07-13_14-11-35 3870
2020-07-13_14-11-35 3870
2020-07-13_14-11-35 3870
2020-07-13_14-11-35 3870
2020-07-13_14-11-35 3870
2020-07-13_14-11-35 3870
2020-07-13_14-11-35 3870
2020-07-13_14-11-35 3870
2020-07-13_14-11-35 3880
2020-07-13_14-11-35 3880
2020-07-13_14-11-35 3880
2020-07-13_14-11-35 3870
2020-07-13_14-11-35 3870
2020-07-13_14-11-35 3860
2020-07-13_14-11-35 3860
2020-07-13_14-11-35 3860
2020-07-13_14-11-35 3860
2020-07-13_14-11-35 3860
2020-07-13_14-11-35 3860
2020-07-13_14-11-35 3870
2020-07-13_14-11-35 3860
2020-07-13_14-11-35 3860
2020-07-13_14-11-35 3860
2020-07-13_14-11-35 3860
2020-07-13_14-11-35 3860
2020-07-13_14-11-35 3860
2020-07-13_14-11-35 3860
2020-07-13_14-11-35 3860
2020-07-13_14-11-35 3860
2020-07-13_14-11-35 3860
2020-07-13_14-11-35 3860
2020-07-13_14-11-35 3860
2020-07-13_14-11-35 3860
2020-07-13_14-11-35 3850
2020-07-13_14-11-35 3840
2020-07-13_14-11-35 3870
2020-07-13_14-11-35 3840
2020-07-13_14-11-35 3860
2020-07-13_14-11-35 3870
2020-07-13_14-11-35 3870
2020-07-13_14-11-35 3860
2020-07-13_14-11-35 3850
2020-07-13_14-11-35 3860
2020-07-13_14-11-35 3790
2020-07-13_14-11-35 3430
2020-07-13_14-11-35 2310
2020-07-13_14-11-35 2310
2020-07-13_14-11-35 2340
2020-07-13_14-11-35 2340
2020-07-13_14-11-35 2370
2020-07-13_14-11-35 2380
2020-07-13_14-11-35 2360
2020-07-13_14-11-35 2320
2020-07-13_14-11-35 1930
