2020-07-13_14-11-01 880
2020-07-13_14-11-01 1110
2020-07-13_14-11-01 1220
2020-07-13_14-11-01 1280
2020-07-13_14-11-01 1310
2020-07-13_14-11-01 1420
2020-07-13_14-11-01 1660
2020-07-13_14-11-01 1950
2020-07-13_14-11-01 2150
2020-07-13_14-11-01 2240
2020-07-13_14-11-01 2270
2020-07-13_14-11-01 2280
2020-07-13_14-11-01 2260
2020-07-13_14-11-01 2240
2020-07-13_14-11-01 2230
2020-07-13_14-11-01 2230
2020-07-13_14-11-01 2240
2020-07-13_14-11-01 2240
2020-07-13_14-11-01 2250
2020-07-13_14-11-01 2250
2020-07-13_14-11-01 2250
2020-07-13_14-11-01 2250
2020-07-13_14-11-01 2250
2020-07-13_14-11-01 2260
2020-07-13_14-11-01 2250
2020-07-13_14-11-01 2250
2020-07-13_14-11-01 2250
2020-07-13_14-11-01 2250
2020-07-13_14-11-01 2250
2020-07-13_14-11-01 2250
2020-07-13_14-11-01 2250
2020-07-13_14-11-01 2250
2020-07-13_14-11-01 2250
2020-07-13_14-11-01 2250
2020-07-13_14-11-01 2250
2020-07-13_14-11-01 2250
2020-07-13_14-11-01 2260
2020-07-13_14-11-01 2260
2020-07-13_14-11-01 2260
2020-07-13_14-11-01 2250
2020-07-13_14-11-01 2250
2020-07-13_14-11-01 2250
2020-07-13_14-11-01 2250
2020-07-13_14-11-01 2250
2020-07-13_14-11-01 2250
2020-07-13_14-11-01 2240
2020-07-13_14-11-01 2230
2020-07-13_14-11-01 2230
2020-07-13_14-11-01 2230
2020-07-13_14-11-01 2240
2020-07-13_14-11-01 2250
2020-07-13_14-11-01 2250
2020-07-13_14-11-01 2250
2020-07-13_14-11-01 2250
2020-07-13_14-11-01 2250
2020-07-13_14-11-01 2240
2020-07-13_14-11-01 2240
2020-07-13_14-11-01 2260
2020-07-13_14-11-01 2280
2020-07-13_14-11-01 2280
2020-07-13_14-11-01 2260
2020-07-13_14-11-01 2250
2020-07-13_14-11-01 2240
2020-07-13_14-11-01 2240
2020-07-13_14-11-01 2250
2020-07-13_14-11-01 2250
2020-07-13_14-11-01 2260
2020-07-13_14-11-01 2250
2020-07-13_14-11-01 2250
2020-07-13_14-11-01 2250
2020-07-13_14-11-01 2250
2020-07-13_14-11-01 2260
2020-07-13_14-11-01 2260
2020-07-13_14-11-01 2260
2020-07-13_14-11-01 2260
2020-07-13_14-11-01 2250
2020-07-13_14-11-01 2250
2020-07-13_14-11-01 2250
2020-07-13_14-11-01 2250
2020-07-13_14-11-01 2260
2020-07-13_14-11-01 2260
2020-07-13_14-11-01 2260
2020-07-13_14-11-01 2250
2020-07-13_14-11-01 2250
2020-07-13_14-11-01 2250
2020-07-13_14-11-01 2250
2020-07-13_14-11-01 2260
2020-07-13_14-11-01 2260
2020-07-13_14-11-01 2270
2020-07-13_14-11-01 2260
2020-07-13_14-11-01 2260
2020-07-13_14-11-01 2260
2020-07-13_14-11-01 2260
2020-07-13_14-11-01 2260
2020-07-13_14-11-01 2260
2020-07-13_14-11-01 2260
2020-07-13_14-11-01 2250
2020-07-13_14-11-01 2250
2020-07-13_14-11-01 2250
2020-07-13_14-11-01 2250
2020-07-13_14-11-01 2260
2020-07-13_14-11-01 2260
2020-07-13_14-11-01 2260
2020-07-13_14-11-01 2260
2020-07-13_14-11-01 2260
2020-07-13_14-11-01 2260
2020-07-13_14-11-01 2260
2020-07-13_14-11-01 2260
2020-07-13_14-11-01 2260
2020-07-13_14-11-01 2260
2020-07-13_14-11-01 2250
2020-07-13_14-11-01 2250
2020-07-13_14-11-01 2250
2020-07-13_14-11-01 2250
2020-07-13_14-11-01 2260
2020-07-13_14-11-01 2260
2020-07-13_14-11-01 2260
2020-07-13_14-11-01 2260
2020-07-13_14-11-01 2260
2020-07-13_14-11-01 2260
2020-07-13_14-11-01 2260
2020-07-13_14-11-01 2260
2020-07-13_14-11-01 2250
2020-07-13_14-11-01 2260
2020-07-13_14-11-01 2260
2020-07-13_14-11-01 2260
2020-07-13_14-11-01 2260
2020-07-13_14-11-01 2260
2020-07-13_14-11-01 2260
2020-07-13_14-11-01 2260
2020-07-13_14-11-01 2260
2020-07-13_14-11-01 2260
2020-07-13_14-11-01 2260
2020-07-13_14-11-01 2260
2020-07-13_14-11-01 2260
2020-07-13_14-11-01 2260
2020-07-13_14-11-01 2260
2020-07-13_14-11-01 2260
2020-07-13_14-11-01 2260
2020-07-13_14-11-01 2260
2020-07-13_14-11-01 2260
2020-07-13_14-11-01 2260
2020-07-13_14-11-01 2260
2020-07-13_14-11-01 2260
2020-07-13_14-11-01 2250
2020-07-13_14-11-01 2250
2020-07-13_14-11-01 2250
2020-07-13_14-11-01 2250
2020-07-13_14-11-01 2260
2020-07-13_14-11-01 2260
2020-07-13_14-11-01 2260
2020-07-13_14-11-01 2260
2020-07-13_14-11-01 2260
2020-07-13_14-11-01 2260
2020-07-13_14-11-01 2250
2020-07-13_14-11-01 2260
2020-07-13_14-11-01 2260
2020-07-13_14-11-01 2260
2020-07-13_14-11-01 2270
2020-07-13_14-11-01 2260
2020-07-13_14-11-01 2250
2020-07-13_14-11-01 2240
2020-07-13_14-11-01 2250
2020-07-13_14-11-01 2250
2020-07-13_14-11-01 2250
2020-07-13_14-11-01 2250
2020-07-13_14-11-01 2260
2020-07-13_14-11-01 2260
2020-07-13_14-11-01 2270
2020-07-13_14-11-01 2270
2020-07-13_14-11-01 2270
2020-07-13_14-11-02 2270
2020-07-13_14-11-02 2270
2020-07-13_14-11-02 2270
2020-07-13_14-11-02 2260
2020-07-13_14-11-02 2260
2020-07-13_14-11-02 2250
2020-07-13_14-11-02 2250
2020-07-13_14-11-02 2260
2020-07-13_14-11-02 2260
2020-07-13_14-11-02 2250
2020-07-13_14-11-02 2250
2020-07-13_14-11-02 2250
2020-07-13_14-11-02 2250
2020-07-13_14-11-02 2250
2020-07-13_14-11-02 2250
2020-07-13_14-11-02 2250
2020-07-13_14-11-02 2250
2020-07-13_14-11-02 2250
2020-07-13_14-11-02 2250
2020-07-13_14-11-02 2250
2020-07-13_14-11-02 2250
2020-07-13_14-11-02 2250
2020-07-13_14-11-02 2250
2020-07-13_14-11-02 2250
2020-07-13_14-11-02 2250
2020-07-13_14-11-02 2250
2020-07-13_14-11-02 2250
2020-07-13_14-11-02 2250
2020-07-13_14-11-02 2250
2020-07-13_14-11-02 2250
2020-07-13_14-11-02 2250
2020-07-13_14-11-02 2250
2020-07-13_14-11-02 2250
2020-07-13_14-11-02 2250
2020-07-13_14-11-02 2250
2020-07-13_14-11-02 2250
2020-07-13_14-11-02 2260
2020-07-13_14-11-02 2260
2020-07-13_14-11-02 2260
2020-07-13_14-11-02 2260
2020-07-13_14-11-02 2260
2020-07-13_14-11-02 2260
2020-07-13_14-11-02 2260
2020-07-13_14-11-02 2260
2020-07-13_14-11-02 2260
2020-07-13_14-11-02 2260
2020-07-13_14-11-02 2260
2020-07-13_14-11-02 2260
2020-07-13_14-11-02 2260
2020-07-13_14-11-02 2260
2020-07-13_14-11-02 2260
2020-07-13_14-11-02 2260
2020-07-13_14-11-02 2260
2020-07-13_14-11-02 2260
2020-07-13_14-11-02 2260
2020-07-13_14-11-02 2260
2020-07-13_14-11-02 2260
2020-07-13_14-11-02 2260
2020-07-13_14-11-02 2260
2020-07-13_14-11-02 2260
2020-07-13_14-11-02 2260
2020-07-13_14-11-02 2260
2020-07-13_14-11-02 2260
2020-07-13_14-11-02 2260
2020-07-13_14-11-02 2260
2020-07-13_14-11-02 2260
2020-07-13_14-11-02 2260
2020-07-13_14-11-02 2260
2020-07-13_14-11-02 2260
2020-07-13_14-11-02 2260
2020-07-13_14-11-02 2260
2020-07-13_14-11-02 2260
2020-07-13_14-11-02 2260
2020-07-13_14-11-02 2260
2020-07-13_14-11-02 2260
2020-07-13_14-11-02 2260
2020-07-13_14-11-02 2260
2020-07-13_14-11-02 2260
2020-07-13_14-11-02 2260
2020-07-13_14-11-02 2260
2020-07-13_14-11-02 2260
2020-07-13_14-11-02 2260
2020-07-13_14-11-02 2260
2020-07-13_14-11-02 2260
2020-07-13_14-11-02 2250
2020-07-13_14-11-02 2250
2020-07-13_14-11-02 2250
2020-07-13_14-11-02 2260
2020-07-13_14-11-02 2260
2020-07-13_14-11-02 2260
2020-07-13_14-11-02 2260
2020-07-13_14-11-02 2260
2020-07-13_14-11-02 2260
2020-07-13_14-11-02 2260
2020-07-13_14-11-02 2260
2020-07-13_14-11-02 2260
2020-07-13_14-11-02 2260
2020-07-13_14-11-02 2260
2020-07-13_14-11-02 2260
2020-07-13_14-11-02 2280
2020-07-13_14-11-02 2310
2020-07-13_14-11-02 2340
2020-07-13_14-11-02 2360
2020-07-13_14-11-02 2360
2020-07-13_14-11-02 2370
2020-07-13_14-11-02 2380
2020-07-13_14-11-02 2380
2020-07-13_14-11-02 2380
2020-07-13_14-11-02 2360
2020-07-13_14-11-02 2360
2020-07-13_14-11-02 2370
2020-07-13_14-11-02 2380
2020-07-13_14-11-02 2380
2020-07-13_14-11-02 2380
2020-07-13_14-11-02 2380
2020-07-13_14-11-02 2380
2020-07-13_14-11-02 2380
2020-07-13_14-11-02 2370
2020-07-13_14-11-02 2370
2020-07-13_14-11-02 2370
2020-07-13_14-11-02 2370
2020-07-13_14-11-02 2380
2020-07-13_14-11-02 2370
2020-07-13_14-11-02 2370
2020-07-13_14-11-02 2370
2020-07-13_14-11-02 2370
2020-07-13_14-11-02 2370
2020-07-13_14-11-02 2370
2020-07-13_14-11-02 2370
2020-07-13_14-11-02 2370
2020-07-13_14-11-02 2370
2020-07-13_14-11-02 2380
2020-07-13_14-11-02 2380
2020-07-13_14-11-02 2380
2020-07-13_14-11-02 2380
2020-07-13_14-11-02 2380
2020-07-13_14-11-02 2370
2020-07-13_14-11-02 2370
2020-07-13_14-11-02 2380
2020-07-13_14-11-02 2380
2020-07-13_14-11-02 2380
2020-07-13_14-11-02 2380
2020-07-13_14-11-02 2370
2020-07-13_14-11-02 2370
2020-07-13_14-11-02 2370
2020-07-13_14-11-02 2380
2020-07-13_14-11-02 2380
2020-07-13_14-11-02 2380
2020-07-13_14-11-02 2370
2020-07-13_14-11-02 2370
2020-07-13_14-11-02 2370
2020-07-13_14-11-02 2370
2020-07-13_14-11-02 2370
2020-07-13_14-11-02 2370
2020-07-13_14-11-02 2370
2020-07-13_14-11-02 2370
2020-07-13_14-11-02 2370
2020-07-13_14-11-02 2370
2020-07-13_14-11-02 2370
2020-07-13_14-11-02 2370
2020-07-13_14-11-02 2370
2020-07-13_14-11-02 2370
2020-07-13_14-11-02 2370
2020-07-13_14-11-02 2370
2020-07-13_14-11-02 2370
2020-07-13_14-11-02 2370
2020-07-13_14-11-02 2380
2020-07-13_14-11-02 2380
2020-07-13_14-11-02 2380
2020-07-13_14-11-02 2380
2020-07-13_14-11-02 2370
2020-07-13_14-11-02 2370
2020-07-13_14-11-02 2370
2020-07-13_14-11-02 2370
2020-07-13_14-11-02 2370
2020-07-13_14-11-02 2370
2020-07-13_14-11-02 2370
2020-07-13_14-11-02 2370
2020-07-13_14-11-02 2370
2020-07-13_14-11-02 2370
2020-07-13_14-11-02 2370
2020-07-13_14-11-02 2370
2020-07-13_14-11-02 2380
2020-07-13_14-11-02 2380
2020-07-13_14-11-02 2380
2020-07-13_14-11-02 2360
2020-07-13_14-11-02 2350
2020-07-13_14-11-02 2350
2020-07-13_14-11-02 2370
2020-07-13_14-11-02 2370
2020-07-13_14-11-02 2380
2020-07-13_14-11-02 2380
2020-07-13_14-11-02 2380
2020-07-13_14-11-02 2380
2020-07-13_14-11-02 2380
2020-07-13_14-11-02 2370
2020-07-13_14-11-02 2370
2020-07-13_14-11-02 2360
2020-07-13_14-11-02 2360
2020-07-13_14-11-02 2360
2020-07-13_14-11-02 2370
2020-07-13_14-11-02 2370
2020-07-13_14-11-02 2370
2020-07-13_14-11-02 2370
2020-07-13_14-11-02 2380
2020-07-13_14-11-02 2380
2020-07-13_14-11-02 2370
2020-07-13_14-11-02 2360
2020-07-13_14-11-02 2360
2020-07-13_14-11-02 2360
2020-07-13_14-11-02 2370
2020-07-13_14-11-02 2380
2020-07-13_14-11-02 2380
2020-07-13_14-11-02 2380
2020-07-13_14-11-02 2380
2020-07-13_14-11-02 2380
2020-07-13_14-11-02 2380
2020-07-13_14-11-02 2380
2020-07-13_14-11-02 2370
2020-07-13_14-11-02 2360
2020-07-13_14-11-02 2360
2020-07-13_14-11-02 2360
2020-07-13_14-11-02 2360
2020-07-13_14-11-02 2360
2020-07-13_14-11-02 2370
2020-07-13_14-11-02 2370
2020-07-13_14-11-02 2370
2020-07-13_14-11-02 2370
2020-07-13_14-11-02 2370
2020-07-13_14-11-02 2380
2020-07-13_14-11-02 2380
2020-07-13_14-11-02 2370
2020-07-13_14-11-02 2370
2020-07-13_14-11-02 2370
2020-07-13_14-11-02 2370
2020-07-13_14-11-02 2370
2020-07-13_14-11-02 2360
2020-07-13_14-11-02 2360
2020-07-13_14-11-02 2370
2020-07-13_14-11-02 2380
2020-07-13_14-11-02 2380
2020-07-13_14-11-02 2390
2020-07-13_14-11-02 2390
2020-07-13_14-11-02 2370
2020-07-13_14-11-02 2340
2020-07-13_14-11-02 2330
2020-07-13_14-11-02 2340
2020-07-13_14-11-02 2360
2020-07-13_14-11-02 2360
2020-07-13_14-11-02 2360
2020-07-13_14-11-02 2350
2020-07-13_14-11-02 2330
2020-07-13_14-11-02 2130
2020-07-13_14-11-02 1770
2020-07-13_14-11-02 1410
2020-07-13_14-11-02 1230
2020-07-13_14-11-02 1180
2020-07-13_14-11-02 1160
2020-07-13_14-11-02 1150
2020-07-13_14-11-02 1150
2020-07-13_14-11-02 1140
2020-07-13_14-11-02 920
