2020-07-13_14-10-54 870
2020-07-13_14-10-54 1080
2020-07-13_14-10-54 1240
2020-07-13_14-10-54 1240
2020-07-13_14-10-54 1200
2020-07-13_14-10-54 1180
2020-07-13_14-10-54 1190
2020-07-13_14-10-54 1200
2020-07-13_14-10-54 1200
2020-07-13_14-10-54 1200
2020-07-13_14-10-54 1200
2020-07-13_14-10-54 1200
2020-07-13_14-10-54 1200
2020-07-13_14-10-54 1200
2020-07-13_14-10-54 1200
2020-07-13_14-10-54 1200
2020-07-13_14-10-54 1200
2020-07-13_14-10-54 1200
2020-07-13_14-10-54 1200
2020-07-13_14-10-54 1200
2020-07-13_14-10-54 1200
2020-07-13_14-10-54 1200
2020-07-13_14-10-54 1210
2020-07-13_14-10-54 1200
2020-07-13_14-10-54 1200
2020-07-13_14-10-54 1200
2020-07-13_14-10-54 1200
2020-07-13_14-10-54 1180
2020-07-13_14-10-54 1050
2020-07-13_14-10-54 840
