2020-07-13_14-10-21 1050
2020-07-13_14-10-21 2100
2020-07-13_14-10-21 2890
2020-07-13_14-10-21 2950
2020-07-13_14-10-21 2720
2020-07-13_14-10-21 2600
2020-07-13_14-10-21 2690
2020-07-13_14-10-21 2790
2020-07-13_14-10-21 2750
2020-07-13_14-10-21 2670
2020-07-13_14-10-21 2690
2020-07-13_14-10-21 2740
2020-07-13_14-10-21 2690
2020-07-13_14-10-21 2660
2020-07-13_14-10-21 3860
2020-07-13_14-10-21 6920
2020-07-13_14-10-21 10070
2020-07-13_14-10-21 11400
2020-07-13_14-10-21 10810
2020-07-13_14-10-21 10460
2020-07-13_14-10-21 10890
2020-07-13_14-10-21 11100
2020-07-13_14-10-21 10820
2020-07-13_14-10-21 10700
2020-07-13_14-10-21 10960
2020-07-13_14-10-21 11030
2020-07-13_14-10-21 10790
2020-07-13_14-10-21 10750
2020-07-13_14-10-21 10950
2020-07-13_14-10-21 10960
2020-07-13_14-10-21 10810
2020-07-13_14-10-21 10850
2020-07-13_14-10-21 10970
2020-07-13_14-10-21 10900
2020-07-13_14-10-21 10810
2020-07-13_14-10-21 10890
2020-07-13_14-10-21 10940
2020-07-13_14-10-21 10850
2020-07-13_14-10-21 10840
2020-07-13_14-10-21 10920
2020-07-13_14-10-21 10890
2020-07-13_14-10-21 10810
2020-07-13_14-10-21 10870
2020-07-13_14-10-21 10940
2020-07-13_14-10-21 10880
2020-07-13_14-10-21 10830
2020-07-13_14-10-21 10880
2020-07-13_14-10-21 10910
2020-07-13_14-10-21 10850
2020-07-13_14-10-21 10850
2020-07-13_14-10-21 10890
2020-07-13_14-10-21 10890
2020-07-13_14-10-21 10860
2020-07-13_14-10-21 10910
2020-07-13_14-10-21 10930
2020-07-13_14-10-21 10860
2020-07-13_14-10-21 10830
2020-07-13_14-10-21 10890
2020-07-13_14-10-21 10910
2020-07-13_14-10-21 10870
2020-07-13_14-10-21 10860
2020-07-13_14-10-21 10900
2020-07-13_14-10-21 10880
2020-07-13_14-10-21 10860
2020-07-13_14-10-21 10880
2020-07-13_14-10-21 10890
2020-07-13_14-10-21 10870
2020-07-13_14-10-21 10880
2020-07-13_14-10-21 10890
2020-07-13_14-10-21 10880
2020-07-13_14-10-21 10870
2020-07-13_14-10-21 10880
2020-07-13_14-10-21 10880
2020-07-13_14-10-21 10880
2020-07-13_14-10-21 10890
2020-07-13_14-10-21 10890
2020-07-13_14-10-21 10880
2020-07-13_14-10-21 10880
2020-07-13_14-10-21 10890
2020-07-13_14-10-21 10880
2020-07-13_14-10-21 10870
2020-07-13_14-10-21 10880
2020-07-13_14-10-21 10880
2020-07-13_14-10-21 10880
2020-07-13_14-10-21 10880
2020-07-13_14-10-21 10890
2020-07-13_14-10-21 10880
2020-07-13_14-10-21 10880
2020-07-13_14-10-21 10890
2020-07-13_14-10-21 10890
2020-07-13_14-10-21 10880
2020-07-13_14-10-21 10880
2020-07-13_14-10-21 10890
2020-07-13_14-10-21 10880
2020-07-13_14-10-21 10880
2020-07-13_14-10-21 10890
2020-07-13_14-10-21 10890
2020-07-13_14-10-21 10880
2020-07-13_14-10-21 10880
2020-07-13_14-10-21 10880
2020-07-13_14-10-21 10880
2020-07-13_14-10-21 10880
2020-07-13_14-10-21 10890
2020-07-13_14-10-21 10880
2020-07-13_14-10-21 10870
2020-07-13_14-10-21 10880
2020-07-13_14-10-21 10880
2020-07-13_14-10-21 10860
2020-07-13_14-10-21 10850
2020-07-13_14-10-21 10850
2020-07-13_14-10-21 10850
2020-07-13_14-10-21 10850
2020-07-13_14-10-21 10850
2020-07-13_14-10-21 10840
2020-07-13_14-10-21 10850
2020-07-13_14-10-21 10850
2020-07-13_14-10-21 10830
2020-07-13_14-10-21 10790
2020-07-13_14-10-21 10800
2020-07-13_14-10-21 10850
2020-07-13_14-10-21 10820
2020-07-13_14-10-21 10800
2020-07-13_14-10-21 10830
2020-07-13_14-10-21 10880
2020-07-13_14-10-21 10890
2020-07-13_14-10-21 10890
2020-07-13_14-10-21 10860
2020-07-13_14-10-21 10830
2020-07-13_14-10-21 10850
2020-07-13_14-10-21 10920
2020-07-13_14-10-21 10900
2020-07-13_14-10-21 10830
2020-07-13_14-10-21 10880
2020-07-13_14-10-21 10950
2020-07-13_14-10-21 10890
2020-07-13_14-10-21 10810
2020-07-13_14-10-21 10850
2020-07-13_14-10-21 10920
2020-07-13_14-10-21 10870
2020-07-13_14-10-21 10460
2020-07-13_14-10-21 9790
2020-07-13_14-10-21 9150
2020-07-13_14-10-21 8780
2020-07-13_14-10-21 8670
2020-07-13_14-10-21 8600
2020-07-13_14-10-21 8660
2020-07-13_14-10-21 8710
2020-07-13_14-10-21 8640
2020-07-13_14-10-21 8520
2020-07-13_14-10-21 8550
2020-07-13_14-10-21 8610
2020-07-13_14-10-21 8560
2020-07-13_14-10-21 8460
2020-07-13_14-10-21 8450
2020-07-13_14-10-21 8500
2020-07-13_14-10-21 8470
2020-07-13_14-10-21 8440
2020-07-13_14-10-21 8450
2020-07-13_14-10-21 7940
2020-07-13_14-10-21 6330
2020-07-13_14-10-21 3780
2020-07-13_14-10-21 1500
