2020-07-13_14-11-08 10350
2020-07-13_14-11-08 10350
2020-07-13_14-11-08 10350
2020-07-13_14-11-08 10350
2020-07-13_14-11-08 10350
2020-07-13_14-11-08 10350
2020-07-13_14-11-08 10350
2020-07-13_14-11-08 10350
2020-07-13_14-11-08 10350
2020-07-13_14-11-08 10350
2020-07-13_14-11-08 10350
2020-07-13_14-11-08 10350
2020-07-13_14-11-08 10330
2020-07-13_14-11-08 10340
2020-07-13_14-11-08 10340
2020-07-13_14-11-08 10300
2020-07-13_14-11-08 10330
2020-07-13_14-11-08 10310
2020-07-13_14-11-08 10300
2020-07-13_14-11-08 10300
2020-07-13_14-11-08 10310
2020-07-13_14-11-08 10310
2020-07-13_14-11-08 10300
2020-07-13_14-11-08 10270
2020-07-13_14-11-08 10310
2020-07-13_14-11-08 10300
2020-07-13_14-11-08 10350
2020-07-13_14-11-08 10330
2020-07-13_14-11-08 10220
2020-07-13_14-11-08 10360
2020-07-13_14-11-08 10280
2020-07-13_14-11-08 10190
2020-07-13_14-11-08 8800
2020-07-13_14-11-08 8020
2020-07-13_14-11-08 8010
2020-07-13_14-11-08 7950
2020-07-13_14-11-08 7830
2020-07-13_14-11-08 7760
2020-07-13_14-11-08 7720
2020-07-13_14-11-08 7090
2020-07-13_14-11-08 2770
2020-07-13_14-11-08 820
