2020-07-13_14-11-27 2720
2020-07-13_14-11-27 2550
2020-07-13_14-11-27 2700
2020-07-13_14-11-27 2620
2020-07-13_14-11-27 2630
2020-07-13_14-11-27 2640
2020-07-13_14-11-27 5720
2020-07-13_14-11-27 9780
2020-07-13_14-11-27 9080
2020-07-13_14-11-27 9490
2020-07-13_14-11-27 9300
2020-07-13_14-11-27 9430
2020-07-13_14-11-27 9340
2020-07-13_14-11-27 9330
2020-07-13_14-11-27 9360
2020-07-13_14-11-27 9310
2020-07-13_14-11-27 9350
2020-07-13_14-11-27 9320
2020-07-13_14-11-27 9370
2020-07-13_14-11-27 9400
2020-07-13_14-11-27 9440
2020-07-13_14-11-27 9320
2020-07-13_14-11-27 9410
2020-07-13_14-11-27 9380
2020-07-13_14-11-27 9380
2020-07-13_14-11-27 9380
2020-07-13_14-11-27 9370
2020-07-13_14-11-27 9390
2020-07-13_14-11-27 9370
2020-07-13_14-11-27 9380
2020-07-13_14-11-27 9370
2020-07-13_14-11-27 9390
2020-07-13_14-11-27 9360
2020-07-13_14-11-27 9370
2020-07-13_14-11-27 9420
2020-07-13_14-11-27 9370
2020-07-13_14-11-27 9310
2020-07-13_14-11-27 9300
2020-07-13_14-11-27 9310
2020-07-13_14-11-27 9310
2020-07-13_14-11-27 9310
2020-07-13_14-11-27 9310
2020-07-13_14-11-27 9310
2020-07-13_14-11-27 9310
2020-07-13_14-11-27 9310
2020-07-13_14-11-27 9300
2020-07-13_14-11-27 9300
2020-07-13_14-11-27 9310
2020-07-13_14-11-27 9310
2020-07-13_14-11-27 9310
2020-07-13_14-11-27 9310
2020-07-13_14-11-27 9310
2020-07-13_14-11-27 9310
2020-07-13_14-11-27 9300
2020-07-13_14-11-27 9300
2020-07-13_14-11-27 9310
2020-07-13_14-11-27 9310
2020-07-13_14-11-27 9320
2020-07-13_14-11-27 9330
2020-07-13_14-11-27 9350
2020-07-13_14-11-27 9370
2020-07-13_14-11-27 9380
2020-07-13_14-11-27 9380
2020-07-13_14-11-27 9390
2020-07-13_14-11-27 9380
2020-07-13_14-11-27 9380
2020-07-13_14-11-27 9380
2020-07-13_14-11-27 9380
2020-07-13_14-11-27 9380
2020-07-13_14-11-27 9380
2020-07-13_14-11-27 9380
2020-07-13_14-11-27 9380
2020-07-13_14-11-27 9380
2020-07-13_14-11-27 9380
2020-07-13_14-11-27 9380
2020-07-13_14-11-27 9380
2020-07-13_14-11-27 9380
2020-07-13_14-11-27 9370
2020-07-13_14-11-27 9370
2020-07-13_14-11-27 9370
2020-07-13_14-11-27 9370
2020-07-13_14-11-27 9370
2020-07-13_14-11-27 9370
2020-07-13_14-11-27 9370
2020-07-13_14-11-27 9370
2020-07-13_14-11-27 9370
2020-07-13_14-11-27 9370
2020-07-13_14-11-27 9370
2020-07-13_14-11-27 9370
2020-07-13_14-11-27 9370
2020-07-13_14-11-27 9370
2020-07-13_14-11-27 9370
2020-07-13_14-11-27 9370
2020-07-13_14-11-27 9370
2020-07-13_14-11-27 9380
2020-07-13_14-11-27 9370
2020-07-13_14-11-27 9370
2020-07-13_14-11-27 9370
2020-07-13_14-11-27 9370
2020-07-13_14-11-27 9380
2020-07-13_14-11-27 9380
2020-07-13_14-11-27 9380
2020-07-13_14-11-27 9380
2020-07-13_14-11-27 9390
2020-07-13_14-11-27 9370
2020-07-13_14-11-27 9380
2020-07-13_14-11-27 9380
2020-07-13_14-11-27 9380
2020-07-13_14-11-27 9370
2020-07-13_14-11-27 9370
2020-07-13_14-11-27 9360
2020-07-13_14-11-27 9360
2020-07-13_14-11-27 9380
2020-07-13_14-11-27 9410
2020-07-13_14-11-27 9410
2020-07-13_14-11-27 9380
2020-07-13_14-11-27 9380
2020-07-13_14-11-27 9380
2020-07-13_14-11-27 9370
2020-07-13_14-11-27 9380
2020-07-13_14-11-27 9370
2020-07-13_14-11-27 9370
2020-07-13_14-11-27 9380
2020-07-13_14-11-27 9380
2020-07-13_14-11-27 9390
2020-07-13_14-11-27 9370
2020-07-13_14-11-27 9400
2020-07-13_14-11-27 9390
2020-07-13_14-11-27 9380
2020-07-13_14-11-27 9380
2020-07-13_14-11-27 9390
2020-07-13_14-11-27 9380
2020-07-13_14-11-27 9390
2020-07-13_14-11-27 9380
2020-07-13_14-11-27 9380
2020-07-13_14-11-27 9380
2020-07-13_14-11-27 9390
2020-07-13_14-11-27 9380
2020-07-13_14-11-27 9390
2020-07-13_14-11-27 9390
2020-07-13_14-11-27 9390
2020-07-13_14-11-27 9390
2020-07-13_14-11-27 9380
2020-07-13_14-11-27 9370
2020-07-13_14-11-27 9370
2020-07-13_14-11-27 9370
2020-07-13_14-11-27 9340
2020-07-13_14-11-27 9360
2020-07-13_14-11-27 9310
2020-07-13_14-11-27 9330
2020-07-13_14-11-27 9300
2020-07-13_14-11-27 9350
2020-07-13_14-11-27 9380
2020-07-13_14-11-27 9340
2020-07-13_14-11-27 9350
2020-07-13_14-11-27 9360
