2020-07-13_14-09-55 890
2020-07-13_14-09-55 1120
2020-07-13_14-09-55 1290
2020-07-13_14-09-55 1320
2020-07-13_14-09-55 1280
2020-07-13_14-09-55 1260
2020-07-13_14-09-55 1260
2020-07-13_14-09-55 1270
2020-07-13_14-09-55 1280
2020-07-13_14-09-55 1280
2020-07-13_14-09-55 1280
2020-07-13_14-09-55 1280
2020-07-13_14-09-55 1280
2020-07-13_14-09-55 1290
2020-07-13_14-09-55 1290
2020-07-13_14-09-55 1290
2020-07-13_14-09-55 1290
2020-07-13_14-09-55 1290
2020-07-13_14-09-55 1280
2020-07-13_14-09-55 1280
2020-07-13_14-09-55 1280
2020-07-13_14-09-55 1280
2020-07-13_14-09-55 1280
2020-07-13_14-09-55 1270
2020-07-13_14-09-55 1170
2020-07-13_14-09-55 940
