2020-07-13_14-10-08 990
2020-07-13_14-10-08 2730
2020-07-13_14-10-08 4560
2020-07-13_14-10-08 5340
2020-07-13_14-10-08 5370
2020-07-13_14-10-08 5290
2020-07-13_14-10-08 5190
2020-07-13_14-10-08 5070
2020-07-13_14-10-08 5030
2020-07-13_14-10-08 5170
2020-07-13_14-10-08 5360
2020-07-13_14-10-08 5360
2020-07-13_14-10-08 5170
2020-07-13_14-10-08 5010
2020-07-13_14-10-08 5040
2020-07-13_14-10-08 5200
2020-07-13_14-10-08 5250
2020-07-13_14-10-08 5150
2020-07-13_14-10-08 5020
2020-07-13_14-10-08 4950
2020-07-13_14-10-08 4910
2020-07-13_14-10-08 4850
2020-07-13_14-10-08 4880
2020-07-13_14-10-08 5030
2020-07-13_14-10-08 5110
2020-07-13_14-10-08 5020
2020-07-13_14-10-08 4830
2020-07-13_14-10-08 4830
2020-07-13_14-10-08 5030
2020-07-13_14-10-08 5230
2020-07-13_14-10-08 5280
2020-07-13_14-10-08 5170
2020-07-13_14-10-08 5210
2020-07-13_14-10-08 5940
2020-07-13_14-10-08 7910
2020-07-13_14-10-08 10830
2020-07-13_14-10-08 13460
2020-07-13_14-10-08 14860
2020-07-13_14-10-08 15140
2020-07-13_14-10-08 15120
2020-07-13_14-10-08 15170
2020-07-13_14-10-08 15210
2020-07-13_14-10-08 15150
2020-07-13_14-10-08 15100
2020-07-13_14-10-08 15160
2020-07-13_14-10-08 15200
2020-07-13_14-10-08 15190
2020-07-13_14-10-08 15370
2020-07-13_14-10-08 16250
2020-07-13_14-10-08 18260
2020-07-13_14-10-08 21160
2020-07-13_14-10-08 23870
2020-07-13_14-10-08 25390
2020-07-13_14-10-08 25650
2020-07-13_14-10-08 25540
2020-07-13_14-10-08 25580
2020-07-13_14-10-08 25680
2020-07-13_14-10-08 25610
2020-07-13_14-10-08 25510
2020-07-13_14-10-08 25600
2020-07-13_14-10-08 25680
2020-07-13_14-10-08 25600
2020-07-13_14-10-08 25540
2020-07-13_14-10-08 25620
2020-07-13_14-10-08 25670
2020-07-13_14-10-08 25560
2020-07-13_14-10-08 25530
2020-07-13_14-10-08 25630
2020-07-13_14-10-08 25650
2020-07-13_14-10-08 25550
2020-07-13_14-10-08 25560
2020-07-13_14-10-08 25650
2020-07-13_14-10-08 25650
2020-07-13_14-10-08 25570
2020-07-13_14-10-08 25590
2020-07-13_14-10-08 25650
2020-07-13_14-10-08 25620
2020-07-13_14-10-08 25590
2020-07-13_14-10-08 25610
2020-07-13_14-10-08 25640
2020-07-13_14-10-08 25600
2020-07-13_14-10-08 25580
2020-07-13_14-10-08 25620
2020-07-13_14-10-08 25620
2020-07-13_14-10-08 25590
2020-07-13_14-10-08 25590
2020-07-13_14-10-08 25630
2020-07-13_14-10-08 25620
2020-07-13_14-10-08 25580
2020-07-13_14-10-08 25590
2020-07-13_14-10-08 25630
2020-07-13_14-10-08 25630
2020-07-13_14-10-08 25600
2020-07-13_14-10-08 25600
2020-07-13_14-10-08 25620
2020-07-13_14-10-08 25630
2020-07-13_14-10-08 25630
2020-07-13_14-10-08 25630
2020-07-13_14-10-08 25640
2020-07-13_14-10-08 25620
2020-07-13_14-10-08 25590
2020-07-13_14-10-08 25590
2020-07-13_14-10-08 25620
2020-07-13_14-10-08 25630
2020-07-13_14-10-08 25590
2020-07-13_14-10-08 25550
2020-07-13_14-10-08 25540
2020-07-13_14-10-08 25550
2020-07-13_14-10-08 25550
2020-07-13_14-10-08 25540
2020-07-13_14-10-08 25540
2020-07-13_14-10-08 25570
2020-07-13_14-10-08 25610
2020-07-13_14-10-08 25620
2020-07-13_14-10-08 25610
2020-07-13_14-10-08 25670
2020-07-13_14-10-08 25720
2020-07-13_14-10-08 25620
2020-07-13_14-10-08 25520
2020-07-13_14-10-08 25570
2020-07-13_14-10-08 25700
2020-07-13_14-10-08 25640
2020-07-13_14-10-08 25530
2020-07-13_14-10-08 25570
2020-07-13_14-10-08 25680
2020-07-13_14-10-08 25630
2020-07-13_14-10-08 25550
2020-07-13_14-10-08 25610
2020-07-13_14-10-08 25680
2020-07-13_14-10-08 25610
2020-07-13_14-10-08 25550
2020-07-13_14-10-08 25630
2020-07-13_14-10-08 25680
2020-07-13_14-10-08 25600
2020-07-13_14-10-08 25560
2020-07-13_14-10-08 25630
2020-07-13_14-10-08 25660
2020-07-13_14-10-08 25590
2020-07-13_14-10-08 25570
2020-07-13_14-10-08 25640
2020-07-13_14-10-08 25650
2020-07-13_14-10-08 25590
2020-07-13_14-10-08 25580
2020-07-13_14-10-08 25630
2020-07-13_14-10-08 25630
2020-07-13_14-10-08 25590
2020-07-13_14-10-08 25590
2020-07-13_14-10-08 25640
2020-07-13_14-10-08 25620
2020-07-13_14-10-08 25590
2020-07-13_14-10-08 25600
2020-07-13_14-10-08 25630
2020-07-13_14-10-08 25610
2020-07-13_14-10-08 25590
2020-07-13_14-10-08 25610
2020-07-13_14-10-08 25630
2020-07-13_14-10-08 25610
2020-07-13_14-10-08 25590
2020-07-13_14-10-08 25610
2020-07-13_14-10-08 25630
2020-07-13_14-10-08 25610
2020-07-13_14-10-08 25600
2020-07-13_14-10-08 25610
2020-07-13_14-10-08 25620
2020-07-13_14-10-08 25600
2020-07-13_14-10-08 25600
2020-07-13_14-10-08 25620
2020-07-13_14-10-08 25620
2020-07-13_14-10-08 25620
2020-07-13_14-10-08 25620
2020-07-13_14-10-08 25630
2020-07-13_14-10-08 25620
2020-07-13_14-10-08 25610
2020-07-13_14-10-08 25610
2020-07-13_14-10-08 25620
2020-07-13_14-10-08 25610
2020-07-13_14-10-08 25600
2020-07-13_14-10-08 25590
2020-07-13_14-10-08 25610
2020-07-13_14-10-08 25620
2020-07-13_14-10-08 25620
2020-07-13_14-10-08 25610
2020-07-13_14-10-08 25610
2020-07-13_14-10-08 25610
2020-07-13_14-10-08 25610
2020-07-13_14-10-08 25610
2020-07-13_14-10-08 25610
2020-07-13_14-10-08 25610
2020-07-13_14-10-08 25610
2020-07-13_14-10-08 25610
2020-07-13_14-10-08 25600
2020-07-13_14-10-08 25600
2020-07-13_14-10-08 25610
2020-07-13_14-10-08 25610
2020-07-13_14-10-08 25610
2020-07-13_14-10-08 25610
2020-07-13_14-10-08 25610
2020-07-13_14-10-08 25620
2020-07-13_14-10-08 25620
2020-07-13_14-10-08 25620
2020-07-13_14-10-08 25610
2020-07-13_14-10-08 25600
2020-07-13_14-10-08 25610
2020-07-13_14-10-08 25620
2020-07-13_14-10-08 25600
2020-07-13_14-10-08 25570
2020-07-13_14-10-08 25570
2020-07-13_14-10-08 25570
2020-07-13_14-10-08 25560
2020-07-13_14-10-08 25550
2020-07-13_14-10-08 25560
2020-07-13_14-10-08 25570
2020-07-13_14-10-08 25550
2020-07-13_14-10-08 25550
2020-07-13_14-10-08 25560
2020-07-13_14-10-08 25570
2020-07-13_14-10-08 25570
2020-07-13_14-10-08 25570
2020-07-13_14-10-08 25580
2020-07-13_14-10-08 25580
2020-07-13_14-10-08 25570
2020-07-13_14-10-08 25570
2020-07-13_14-10-08 25580
2020-07-13_14-10-08 25570
2020-07-13_14-10-08 25560
2020-07-13_14-10-08 25560
2020-07-13_14-10-08 25560
2020-07-13_14-10-08 25550
2020-07-13_14-10-08 25540
2020-07-13_14-10-08 25560
2020-07-13_14-10-08 25570
2020-07-13_14-10-08 25560
2020-07-13_14-10-08 25550
2020-07-13_14-10-08 25550
2020-07-13_14-10-08 25560
2020-07-13_14-10-08 25550
2020-07-13_14-10-08 25560
2020-07-13_14-10-08 25570
2020-07-13_14-10-08 25570
2020-07-13_14-10-08 25560
2020-07-13_14-10-08 25560
2020-07-13_14-10-08 25560
2020-07-13_14-10-08 25560
2020-07-13_14-10-08 25550
2020-07-13_14-10-08 25560
2020-07-13_14-10-08 25570
2020-07-13_14-10-08 25560
2020-07-13_14-10-08 25550
2020-07-13_14-10-08 25550
2020-07-13_14-10-08 25560
2020-07-13_14-10-08 25560
2020-07-13_14-10-08 25550
2020-07-13_14-10-08 25560
2020-07-13_14-10-08 25560
2020-07-13_14-10-08 25550
2020-07-13_14-10-08 25550
2020-07-13_14-10-08 25550
2020-07-13_14-10-08 25550
2020-07-13_14-10-08 25550
2020-07-13_14-10-08 25550
2020-07-13_14-10-08 25560
2020-07-13_14-10-08 25560
2020-07-13_14-10-08 25560
2020-07-13_14-10-08 25560
2020-07-13_14-10-08 25560
2020-07-13_14-10-08 25550
2020-07-13_14-10-08 25550
2020-07-13_14-10-08 25560
2020-07-13_14-10-08 25570
2020-07-13_14-10-08 25560
2020-07-13_14-10-08 25560
2020-07-13_14-10-08 25560
2020-07-13_14-10-08 25550
2020-07-13_14-10-08 25560
2020-07-13_14-10-08 25560
2020-07-13_14-10-08 25560
2020-07-13_14-10-08 25560
2020-07-13_14-10-08 25560
2020-07-13_14-10-08 25560
2020-07-13_14-10-08 25550
2020-07-13_14-10-08 25550
2020-07-13_14-10-08 25550
2020-07-13_14-10-08 25550
2020-07-13_14-10-08 25560
2020-07-13_14-10-08 25560
2020-07-13_14-10-08 25550
2020-07-13_14-10-08 25550
2020-07-13_14-10-08 25550
2020-07-13_14-10-08 25550
2020-07-13_14-10-08 25550
2020-07-13_14-10-08 25550
2020-07-13_14-10-08 25550
2020-07-13_14-10-08 25550
2020-07-13_14-10-08 25550
2020-07-13_14-10-08 25550
2020-07-13_14-10-08 25550
2020-07-13_14-10-08 25550
2020-07-13_14-10-08 25550
2020-07-13_14-10-08 25550
2020-07-13_14-10-08 25550
2020-07-13_14-10-08 25550
2020-07-13_14-10-08 25550
2020-07-13_14-10-08 25550
2020-07-13_14-10-08 25550
2020-07-13_14-10-08 25550
2020-07-13_14-10-08 25550
2020-07-13_14-10-08 25550
2020-07-13_14-10-08 25550
2020-07-13_14-10-08 25550
2020-07-13_14-10-08 25550
2020-07-13_14-10-08 25550
2020-07-13_14-10-08 25550
2020-07-13_14-10-08 25550
2020-07-13_14-10-08 25550
2020-07-13_14-10-08 25550
2020-07-13_14-10-08 25550
2020-07-13_14-10-08 25550
2020-07-13_14-10-08 25550
2020-07-13_14-10-08 25550
2020-07-13_14-10-08 25550
2020-07-13_14-10-08 25560
2020-07-13_14-10-08 25560
2020-07-13_14-10-08 25560
2020-07-13_14-10-08 25560
2020-07-13_14-10-08 25560
2020-07-13_14-10-08 25560
2020-07-13_14-10-08 25550
2020-07-13_14-10-08 25550
2020-07-13_14-10-08 25550
2020-07-13_14-10-08 25550
2020-07-13_14-10-08 25550
2020-07-13_14-10-08 25550
2020-07-13_14-10-08 25550
2020-07-13_14-10-08 25560
2020-07-13_14-10-08 25570
2020-07-13_14-10-08 25570
2020-07-13_14-10-08 25570
2020-07-13_14-10-08 25580
2020-07-13_14-10-08 25590
2020-07-13_14-10-08 25610
2020-07-13_14-10-08 25610
2020-07-13_14-10-08 25600
2020-07-13_14-10-08 25600
2020-07-13_14-10-08 25610
2020-07-13_14-10-08 25590
2020-07-13_14-10-08 25590
2020-07-13_14-10-08 25610
2020-07-13_14-10-08 25640
2020-07-13_14-10-08 25620
2020-07-13_14-10-08 25580
2020-07-13_14-10-09 25590
2020-07-13_14-10-09 25620
2020-07-13_14-10-09 25620
2020-07-13_14-10-09 25590
2020-07-13_14-10-09 25590
2020-07-13_14-10-09 25610
2020-07-13_14-10-09 25620
2020-07-13_14-10-09 25620
2020-07-13_14-10-09 25620
2020-07-13_14-10-09 25610
2020-07-13_14-10-09 25610
2020-07-13_14-10-09 25610
2020-07-13_14-10-09 25610
2020-07-13_14-10-09 25600
2020-07-13_14-10-09 25600
2020-07-13_14-10-09 25610
2020-07-13_14-10-09 25610
2020-07-13_14-10-09 25610
2020-07-13_14-10-09 25610
2020-07-13_14-10-09 25620
2020-07-13_14-10-09 25610
2020-07-13_14-10-09 25600
2020-07-13_14-10-09 25610
2020-07-13_14-10-09 25620
2020-07-13_14-10-09 25610
2020-07-13_14-10-09 25600
2020-07-13_14-10-09 25610
2020-07-13_14-10-09 25610
2020-07-13_14-10-09 25610
2020-07-13_14-10-09 25610
2020-07-13_14-10-09 25610
2020-07-13_14-10-09 25610
2020-07-13_14-10-09 25600
2020-07-13_14-10-09 25600
2020-07-13_14-10-09 25600
2020-07-13_14-10-09 25600
2020-07-13_14-10-09 25610
2020-07-13_14-10-09 25610
2020-07-13_14-10-09 25610
2020-07-13_14-10-09 25610
2020-07-13_14-10-09 25610
2020-07-13_14-10-09 25610
2020-07-13_14-10-09 25610
2020-07-13_14-10-09 25610
2020-07-13_14-10-09 25610
2020-07-13_14-10-09 25610
2020-07-13_14-10-09 25610
2020-07-13_14-10-09 25610
2020-07-13_14-10-09 25610
2020-07-13_14-10-09 25610
2020-07-13_14-10-09 25610
2020-07-13_14-10-09 25610
2020-07-13_14-10-09 25610
2020-07-13_14-10-09 25610
2020-07-13_14-10-09 25610
2020-07-13_14-10-09 25610
2020-07-13_14-10-09 25610
2020-07-13_14-10-09 25610
2020-07-13_14-10-09 25610
2020-07-13_14-10-09 25610
2020-07-13_14-10-09 25610
2020-07-13_14-10-09 25610
2020-07-13_14-10-09 25610
2020-07-13_14-10-09 25610
2020-07-13_14-10-09 25610
2020-07-13_14-10-09 25610
2020-07-13_14-10-09 25610
2020-07-13_14-10-09 25610
2020-07-13_14-10-09 25610
2020-07-13_14-10-09 25610
2020-07-13_14-10-09 25600
2020-07-13_14-10-09 25610
2020-07-13_14-10-09 25620
2020-07-13_14-10-09 25610
2020-07-13_14-10-09 25610
2020-07-13_14-10-09 25610
2020-07-13_14-10-09 25610
2020-07-13_14-10-09 25610
2020-07-13_14-10-09 25610
2020-07-13_14-10-09 25620
2020-07-13_14-10-09 25630
2020-07-13_14-10-09 25610
2020-07-13_14-10-09 25580
2020-07-13_14-10-09 25610
2020-07-13_14-10-09 25630
2020-07-13_14-10-09 25610
2020-07-13_14-10-09 25590
2020-07-13_14-10-09 25610
2020-07-13_14-10-09 25630
2020-07-13_14-10-09 25610
2020-07-13_14-10-09 25590
2020-07-13_14-10-09 25610
2020-07-13_14-10-09 25620
2020-07-13_14-10-09 25600
2020-07-13_14-10-09 25580
2020-07-13_14-10-09 25600
2020-07-13_14-10-09 25590
2020-07-13_14-10-09 25490
2020-07-13_14-10-09 25450
2020-07-13_14-10-09 25530
2020-07-13_14-10-09 25570
2020-07-13_14-10-09 25360
2020-07-13_14-10-09 25080
2020-07-13_14-10-09 25090
2020-07-13_14-10-09 25300
2020-07-13_14-10-09 25250
2020-07-13_14-10-09 25130
2020-07-13_14-10-09 25280
2020-07-13_14-10-09 25530
2020-07-13_14-10-09 25390
2020-07-13_14-10-09 25060
2020-07-13_14-10-09 25200
2020-07-13_14-10-09 26060
2020-07-13_14-10-09 28120
2020-07-13_14-10-09 31550
2020-07-13_14-10-09 35200
2020-07-13_14-10-09 37570
2020-07-13_14-10-09 38230
2020-07-13_14-10-09 38260
2020-07-13_14-10-09 38360
2020-07-13_14-10-09 38520
2020-07-13_14-10-09 38560
2020-07-13_14-10-09 38440
2020-07-13_14-10-09 38360
2020-07-13_14-10-09 38380
2020-07-13_14-10-09 38400
2020-07-13_14-10-09 38370
2020-07-13_14-10-09 38470
2020-07-13_14-10-09 38620
2020-07-13_14-10-09 38610
2020-07-13_14-10-09 38440
2020-07-13_14-10-09 38330
2020-07-13_14-10-09 38400
2020-07-13_14-10-09 38510
2020-07-13_14-10-09 38620
2020-07-13_14-10-09 38590
2020-07-13_14-10-09 38450
2020-07-13_14-10-09 38360
2020-07-13_14-10-09 38420
2020-07-13_14-10-09 38460
2020-07-13_14-10-09 38190
2020-07-13_14-10-09 37350
2020-07-13_14-10-09 35960
2020-07-13_14-10-09 34540
2020-07-13_14-10-09 33760
2020-07-13_14-10-09 33530
2020-07-13_14-10-09 33230
2020-07-13_14-10-09 33060
2020-07-13_14-10-09 33160
2020-07-13_14-10-09 33680
2020-07-13_14-10-09 33820
2020-07-13_14-10-09 33680
2020-07-13_14-10-09 33570
2020-07-13_14-10-09 33520
2020-07-13_14-10-09 33380
2020-07-13_14-10-09 33120
2020-07-13_14-10-09 33130
2020-07-13_14-10-09 33630
2020-07-13_14-10-09 35300
2020-07-13_14-10-09 38080
2020-07-13_14-10-09 40880
2020-07-13_14-10-09 42640
2020-07-13_14-10-09 43240
2020-07-13_14-10-09 43470
2020-07-13_14-10-09 43480
2020-07-13_14-10-09 43300
2020-07-13_14-10-09 43180
2020-07-13_14-10-09 43200
2020-07-13_14-10-09 43260
2020-07-13_14-10-09 43410
2020-07-13_14-10-09 44440
2020-07-13_14-10-09 46660
2020-07-13_14-10-09 48380
2020-07-13_14-10-09 48020
2020-07-13_14-10-09 45980
2020-07-13_14-10-09 44210
2020-07-13_14-10-09 43590
2020-07-13_14-10-09 43460
2020-07-13_14-10-09 43400
2020-07-13_14-10-09 43380
2020-07-13_14-10-09 43540
2020-07-13_14-10-09 43890
2020-07-13_14-10-09 44110
2020-07-13_14-10-09 43950
2020-07-13_14-10-09 43170
2020-07-13_14-10-09 41310
2020-07-13_14-10-09 38510
2020-07-13_14-10-09 35770
2020-07-13_14-10-09 34240
2020-07-13_14-10-09 33900
2020-07-13_14-10-09 33910
2020-07-13_14-10-09 33880
2020-07-13_14-10-09 33860
2020-07-13_14-10-09 33880
2020-07-13_14-10-09 33910
2020-07-13_14-10-09 33880
2020-07-13_14-10-09 33870
2020-07-13_14-10-09 33920
2020-07-13_14-10-09 33940
2020-07-13_14-10-09 33920
2020-07-13_14-10-09 33870
2020-07-13_14-10-09 33870
2020-07-13_14-10-09 33910
2020-07-13_14-10-09 33930
2020-07-13_14-10-09 33910
2020-07-13_14-10-09 33910
2020-07-13_14-10-09 33930
2020-07-13_14-10-09 33930
2020-07-13_14-10-09 33910
2020-07-13_14-10-09 33930
2020-07-13_14-10-09 33960
2020-07-13_14-10-09 33950
2020-07-13_14-10-09 33920
2020-07-13_14-10-09 33930
2020-07-13_14-10-09 33960
2020-07-13_14-10-09 33950
2020-07-13_14-10-09 33920
2020-07-13_14-10-09 33920
2020-07-13_14-10-09 33930
2020-07-13_14-10-09 33880
2020-07-13_14-10-09 33850
2020-07-13_14-10-09 33910
2020-07-13_14-10-09 33970
2020-07-13_14-10-09 33900
2020-07-13_14-10-09 33770
2020-07-13_14-10-09 33750
2020-07-13_14-10-09 33780
2020-07-13_14-10-09 33750
2020-07-13_14-10-09 33690
2020-07-13_14-10-09 33750
2020-07-13_14-10-09 33880
2020-07-13_14-10-09 34010
2020-07-13_14-10-09 34070
2020-07-13_14-10-09 33950
2020-07-13_14-10-09 33730
2020-07-13_14-10-09 33710
2020-07-13_14-10-09 33880
2020-07-13_14-10-09 33950
2020-07-13_14-10-09 33860
2020-07-13_14-10-09 33880
2020-07-13_14-10-09 34000
2020-07-13_14-10-09 33970
2020-07-13_14-10-09 33880
2020-07-13_14-10-09 33910
2020-07-13_14-10-09 33970
2020-07-13_14-10-09 33930
2020-07-13_14-10-09 33900
2020-07-13_14-10-09 33960
2020-07-13_14-10-09 33970
2020-07-13_14-10-09 33910
2020-07-13_14-10-09 33910
2020-07-13_14-10-09 33950
2020-07-13_14-10-09 33960
2020-07-13_14-10-09 33920
2020-07-13_14-10-09 33910
2020-07-13_14-10-09 33940
2020-07-13_14-10-09 33950
2020-07-13_14-10-09 33930
2020-07-13_14-10-09 33920
2020-07-13_14-10-09 33940
2020-07-13_14-10-09 33940
2020-07-13_14-10-09 33920
2020-07-13_14-10-09 33920
2020-07-13_14-10-09 33950
2020-07-13_14-10-09 33940
2020-07-13_14-10-09 33910
2020-07-13_14-10-09 33930
2020-07-13_14-10-09 33960
2020-07-13_14-10-09 33920
2020-07-13_14-10-09 33920
2020-07-13_14-10-09 33950
2020-07-13_14-10-09 33960
2020-07-13_14-10-09 33930
2020-07-13_14-10-09 33920
2020-07-13_14-10-09 33950
2020-07-13_14-10-09 33950
2020-07-13_14-10-09 33920
2020-07-13_14-10-09 33930
2020-07-13_14-10-09 33940
2020-07-13_14-10-09 33930
2020-07-13_14-10-09 33920
2020-07-13_14-10-09 33930
2020-07-13_14-10-09 33940
2020-07-13_14-10-09 33930
2020-07-13_14-10-09 33920
2020-07-13_14-10-09 33940
2020-07-13_14-10-09 33940
2020-07-13_14-10-09 33920
2020-07-13_14-10-09 33910
2020-07-13_14-10-09 33930
2020-07-13_14-10-09 33940
2020-07-13_14-10-09 33920
2020-07-13_14-10-09 33920
2020-07-13_14-10-09 33940
2020-07-13_14-10-09 33940
2020-07-13_14-10-09 33930
2020-07-13_14-10-09 33940
2020-07-13_14-10-09 33940
2020-07-13_14-10-09 33930
2020-07-13_14-10-09 33930
2020-07-13_14-10-09 33940
2020-07-13_14-10-09 33940
2020-07-13_14-10-09 33930
2020-07-13_14-10-09 33930
2020-07-13_14-10-09 33950
2020-07-13_14-10-09 33950
2020-07-13_14-10-09 33930
2020-07-13_14-10-09 33930
2020-07-13_14-10-09 33930
2020-07-13_14-10-09 33930
2020-07-13_14-10-09 33920
2020-07-13_14-10-09 33930
2020-07-13_14-10-09 33930
2020-07-13_14-10-09 33930
2020-07-13_14-10-09 33930
2020-07-13_14-10-09 33940
2020-07-13_14-10-09 33940
2020-07-13_14-10-09 33940
2020-07-13_14-10-09 33930
2020-07-13_14-10-09 33930
2020-07-13_14-10-09 33930
2020-07-13_14-10-09 33930
2020-07-13_14-10-09 33930
2020-07-13_14-10-09 33940
2020-07-13_14-10-09 33930
2020-07-13_14-10-09 33930
2020-07-13_14-10-09 33930
2020-07-13_14-10-09 33940
2020-07-13_14-10-09 33930
2020-07-13_14-10-09 33930
2020-07-13_14-10-09 33930
2020-07-13_14-10-09 33930
2020-07-13_14-10-09 33930
2020-07-13_14-10-09 33930
2020-07-13_14-10-09 33940
2020-07-13_14-10-09 33940
2020-07-13_14-10-09 33940
2020-07-13_14-10-09 33940
2020-07-13_14-10-09 33940
2020-07-13_14-10-09 33930
2020-07-13_14-10-09 33930
2020-07-13_14-10-09 33940
2020-07-13_14-10-09 33940
2020-07-13_14-10-09 33930
2020-07-13_14-10-09 33930
2020-07-13_14-10-09 33930
2020-07-13_14-10-09 33930
2020-07-13_14-10-09 33930
2020-07-13_14-10-09 33930
2020-07-13_14-10-09 33930
2020-07-13_14-10-09 33940
2020-07-13_14-10-09 33940
2020-07-13_14-10-09 33940
2020-07-13_14-10-09 33940
2020-07-13_14-10-09 33930
2020-07-13_14-10-09 33930
2020-07-13_14-10-09 33930
2020-07-13_14-10-09 33930
2020-07-13_14-10-09 33930
2020-07-13_14-10-09 33930
2020-07-13_14-10-09 33940
2020-07-13_14-10-09 33930
2020-07-13_14-10-09 33920
2020-07-13_14-10-09 33920
2020-07-13_14-10-09 33930
2020-07-13_14-10-09 33940
2020-07-13_14-10-09 33940
2020-07-13_14-10-09 33950
2020-07-13_14-10-09 33950
2020-07-13_14-10-09 33940
2020-07-13_14-10-09 33940
2020-07-13_14-10-09 33940
2020-07-13_14-10-09 33930
2020-07-13_14-10-09 33930
2020-07-13_14-10-09 33930
2020-07-13_14-10-09 33930
2020-07-13_14-10-09 33930
2020-07-13_14-10-09 33920
2020-07-13_14-10-09 33930
2020-07-13_14-10-09 33930
2020-07-13_14-10-09 33930
2020-07-13_14-10-09 33930
2020-07-13_14-10-09 33930
2020-07-13_14-10-09 33930
2020-07-13_14-10-09 33930
2020-07-13_14-10-09 33930
2020-07-13_14-10-09 33930
2020-07-13_14-10-09 33940
2020-07-13_14-10-09 33930
2020-07-13_14-10-09 33940
2020-07-13_14-10-09 33940
2020-07-13_14-10-09 33930
2020-07-13_14-10-09 33930
2020-07-13_14-10-09 33930
2020-07-13_14-10-09 33930
2020-07-13_14-10-09 33930
2020-07-13_14-10-09 33930
2020-07-13_14-10-09 33930
2020-07-13_14-10-09 33930
2020-07-13_14-10-09 33930
2020-07-13_14-10-09 33930
2020-07-13_14-10-09 33930
2020-07-13_14-10-09 33930
2020-07-13_14-10-09 33930
2020-07-13_14-10-09 33930
2020-07-13_14-10-09 33930
2020-07-13_14-10-09 33930
2020-07-13_14-10-09 33930
2020-07-13_14-10-09 33940
2020-07-13_14-10-09 33930
2020-07-13_14-10-09 33930
2020-07-13_14-10-09 33930
2020-07-13_14-10-09 33940
2020-07-13_14-10-09 33940
2020-07-13_14-10-09 33940
2020-07-13_14-10-09 33930
2020-07-13_14-10-09 33930
2020-07-13_14-10-09 33930
2020-07-13_14-10-09 33930
2020-07-13_14-10-09 33930
2020-07-13_14-10-09 33930
2020-07-13_14-10-09 33930
2020-07-13_14-10-09 33930
2020-07-13_14-10-09 33930
2020-07-13_14-10-09 33930
2020-07-13_14-10-09 33940
2020-07-13_14-10-09 33940
2020-07-13_14-10-09 33940
2020-07-13_14-10-09 33940
2020-07-13_14-10-09 33940
2020-07-13_14-10-09 33940
2020-07-13_14-10-09 33930
2020-07-13_14-10-09 33930
2020-07-13_14-10-09 33930
2020-07-13_14-10-09 33930
2020-07-13_14-10-09 33940
2020-07-13_14-10-09 33940
2020-07-13_14-10-09 33940
2020-07-13_14-10-09 33930
2020-07-13_14-10-09 33930
2020-07-13_14-10-09 33930
2020-07-13_14-10-09 33930
2020-07-13_14-10-09 33930
2020-07-13_14-10-09 33930
2020-07-13_14-10-09 33940
2020-07-13_14-10-09 33930
2020-07-13_14-10-09 33930
2020-07-13_14-10-09 33930
2020-07-13_14-10-09 33930
2020-07-13_14-10-09 33940
2020-07-13_14-10-09 33940
2020-07-13_14-10-09 33940
2020-07-13_14-10-09 33940
2020-07-13_14-10-09 33940
2020-07-13_14-10-09 33940
2020-07-13_14-10-09 33940
2020-07-13_14-10-09 33940
2020-07-13_14-10-09 33940
2020-07-13_14-10-09 33940
2020-07-13_14-10-09 33940
2020-07-13_14-10-09 33940
2020-07-13_14-10-09 33940
2020-07-13_14-10-09 33940
2020-07-13_14-10-09 33940
2020-07-13_14-10-09 33940
2020-07-13_14-10-09 33940
2020-07-13_14-10-09 33940
2020-07-13_14-10-09 33940
2020-07-13_14-10-09 33940
2020-07-13_14-10-09 33940
2020-07-13_14-10-09 33940
2020-07-13_14-10-09 33940
2020-07-13_14-10-09 33940
2020-07-13_14-10-09 33940
2020-07-13_14-10-09 33940
2020-07-13_14-10-09 33940
2020-07-13_14-10-09 33940
2020-07-13_14-10-09 33940
2020-07-13_14-10-09 33940
2020-07-13_14-10-09 33940
2020-07-13_14-10-09 33940
2020-07-13_14-10-09 33940
2020-07-13_14-10-09 33940
2020-07-13_14-10-09 33940
2020-07-13_14-10-09 33940
2020-07-13_14-10-09 33940
2020-07-13_14-10-09 33940
2020-07-13_14-10-09 33940
2020-07-13_14-10-09 33940
2020-07-13_14-10-09 33940
2020-07-13_14-10-09 33940
2020-07-13_14-10-09 33940
2020-07-13_14-10-09 33940
2020-07-13_14-10-09 33940
2020-07-13_14-10-09 33940
2020-07-13_14-10-09 33930
2020-07-13_14-10-09 33940
2020-07-13_14-10-09 33930
2020-07-13_14-10-09 33930
2020-07-13_14-10-09 33930
2020-07-13_14-10-09 33930
2020-07-13_14-10-09 33930
2020-07-13_14-10-09 33930
2020-07-13_14-10-09 33930
2020-07-13_14-10-09 33930
2020-07-13_14-10-09 33930
2020-07-13_14-10-09 33930
2020-07-13_14-10-09 33930
2020-07-13_14-10-09 33930
2020-07-13_14-10-09 33930
2020-07-13_14-10-09 33930
2020-07-13_14-10-09 33940
2020-07-13_14-10-09 33940
2020-07-13_14-10-09 33940
2020-07-13_14-10-09 33940
2020-07-13_14-10-09 33930
2020-07-13_14-10-09 33930
2020-07-13_14-10-09 33940
2020-07-13_14-10-09 33940
2020-07-13_14-10-09 33940
2020-07-13_14-10-09 33940
2020-07-13_14-10-09 33940
2020-07-13_14-10-09 33940
2020-07-13_14-10-09 33930
2020-07-13_14-10-09 33930
2020-07-13_14-10-09 33930
2020-07-13_14-10-09 33930
2020-07-13_14-10-09 33930
2020-07-13_14-10-09 33930
2020-07-13_14-10-09 33930
2020-07-13_14-10-09 33930
2020-07-13_14-10-09 33930
2020-07-13_14-10-09 33930
2020-07-13_14-10-09 33930
2020-07-13_14-10-09 33930
2020-07-13_14-10-09 33930
2020-07-13_14-10-09 33930
2020-07-13_14-10-09 33930
2020-07-13_14-10-09 33930
2020-07-13_14-10-09 33930
2020-07-13_14-10-09 33930
2020-07-13_14-10-09 33930
2020-07-13_14-10-09 33930
2020-07-13_14-10-09 33940
2020-07-13_14-10-09 33940
2020-07-13_14-10-09 33940
2020-07-13_14-10-09 33930
2020-07-13_14-10-09 33930
2020-07-13_14-10-09 33930
2020-07-13_14-10-09 33930
2020-07-13_14-10-09 33930
2020-07-13_14-10-09 33940
2020-07-13_14-10-09 33940
2020-07-13_14-10-09 33940
2020-07-13_14-10-09 33940
2020-07-13_14-10-09 33940
2020-07-13_14-10-09 33940
2020-07-13_14-10-09 33940
2020-07-13_14-10-09 33940
2020-07-13_14-10-09 33940
2020-07-13_14-10-09 33940
2020-07-13_14-10-09 33940
2020-07-13_14-10-09 33940
2020-07-13_14-10-09 33940
2020-07-13_14-10-09 33940
2020-07-13_14-10-09 33940
2020-07-13_14-10-09 33930
2020-07-13_14-10-09 33930
2020-07-13_14-10-09 33930
2020-07-13_14-10-09 33930
2020-07-13_14-10-09 33940
2020-07-13_14-10-09 33940
2020-07-13_14-10-09 33930
2020-07-13_14-10-09 33930
2020-07-13_14-10-09 33930
2020-07-13_14-10-09 33930
2020-07-13_14-10-09 33930
2020-07-13_14-10-09 33930
2020-07-13_14-10-09 33930
2020-07-13_14-10-09 33930
2020-07-13_14-10-09 33930
2020-07-13_14-10-09 33930
2020-07-13_14-10-09 33930
2020-07-13_14-10-09 33930
2020-07-13_14-10-09 33930
2020-07-13_14-10-09 33930
2020-07-13_14-10-09 33930
2020-07-13_14-10-09 33930
2020-07-13_14-10-09 33930
2020-07-13_14-10-09 33930
2020-07-13_14-10-09 33930
2020-07-13_14-10-09 33930
2020-07-13_14-10-09 33930
2020-07-13_14-10-09 33930
2020-07-13_14-10-09 33930
2020-07-13_14-10-09 33930
2020-07-13_14-10-09 33930
2020-07-13_14-10-09 33930
2020-07-13_14-10-09 33930
2020-07-13_14-10-09 33930
2020-07-13_14-10-09 33930
2020-07-13_14-10-09 33930
2020-07-13_14-10-09 33930
2020-07-13_14-10-09 33930
2020-07-13_14-10-09 33930
2020-07-13_14-10-09 33930
2020-07-13_14-10-09 33930
2020-07-13_14-10-09 33930
2020-07-13_14-10-09 33930
2020-07-13_14-10-09 33930
2020-07-13_14-10-09 33930
2020-07-13_14-10-09 33930
2020-07-13_14-10-09 33930
2020-07-13_14-10-09 33930
2020-07-13_14-10-09 33930
2020-07-13_14-10-09 33930
2020-07-13_14-10-09 33930
2020-07-13_14-10-09 33930
2020-07-13_14-10-09 33940
2020-07-13_14-10-09 33950
2020-07-13_14-10-09 33940
2020-07-13_14-10-09 33930
2020-07-13_14-10-09 33930
2020-07-13_14-10-09 33940
2020-07-13_14-10-09 33940
2020-07-13_14-10-09 33930
2020-07-13_14-10-09 33930
2020-07-13_14-10-09 33940
2020-07-13_14-10-09 33950
2020-07-13_14-10-09 33940
2020-07-13_14-10-09 33930
2020-07-13_14-10-09 33930
2020-07-13_14-10-09 33940
2020-07-13_14-10-09 33940
2020-07-13_14-10-09 33930
2020-07-13_14-10-09 33920
2020-07-13_14-10-09 33920
2020-07-13_14-10-09 33930
2020-07-13_14-10-09 33940
2020-07-13_14-10-09 33940
2020-07-13_14-10-09 33910
2020-07-13_14-10-09 33910
2020-07-13_14-10-09 33930
2020-07-13_14-10-09 33940
2020-07-13_14-10-09 33910
2020-07-13_14-10-09 33920
2020-07-13_14-10-09 33940
2020-07-13_14-10-09 33950
2020-07-13_14-10-09 33930
2020-07-13_14-10-09 33930
2020-07-13_14-10-09 33960
2020-07-13_14-10-09 33940
2020-07-13_14-10-09 33920
2020-07-13_14-10-09 33930
2020-07-13_14-10-09 33940
2020-07-13_14-10-09 33930
2020-07-13_14-10-09 33930
2020-07-13_14-10-09 33960
2020-07-13_14-10-09 33960
2020-07-13_14-10-09 33940
2020-07-13_14-10-09 33930
2020-07-13_14-10-09 33950
2020-07-13_14-10-09 33990
2020-07-13_14-10-09 33990
2020-07-13_14-10-09 33980
2020-07-13_14-10-09 34020
2020-07-13_14-10-09 34070
2020-07-13_14-10-09 34070
2020-07-13_14-10-09 34040
2020-07-13_14-10-09 34140
2020-07-13_14-10-09 34240
2020-07-13_14-10-09 34160
2020-07-13_14-10-09 34070
2020-07-13_14-10-09 34250
2020-07-13_14-10-09 34420
2020-07-13_14-10-09 34210
2020-07-13_14-10-09 34000
2020-07-13_14-10-09 34280
2020-07-13_14-10-09 34620
2020-07-13_14-10-09 34350
2020-07-13_14-10-09 33930
2020-07-13_14-10-09 33910
2020-07-13_14-10-09 32500
2020-07-13_14-10-09 28610
2020-07-13_14-10-09 24390
2020-07-13_14-10-09 22230
2020-07-13_14-10-09 21870
2020-07-13_14-10-09 21310
2020-07-13_14-10-09 20880
2020-07-13_14-10-09 21260
2020-07-13_14-10-09 21600
2020-07-13_14-10-09 21250
2020-07-13_14-10-09 20800
2020-07-13_14-10-09 20950
2020-07-13_14-10-09 21310
2020-07-13_14-10-09 21210
2020-07-13_14-10-09 20910
2020-07-13_14-10-09 21010
2020-07-13_14-10-09 21300
2020-07-13_14-10-09 21240
2020-07-13_14-10-09 20950
2020-07-13_14-10-09 20990
2020-07-13_14-10-09 21220
2020-07-13_14-10-09 21200
2020-07-13_14-10-09 21060
2020-07-13_14-10-09 21170
2020-07-13_14-10-09 21380
2020-07-13_14-10-09 21330
2020-07-13_14-10-09 21090
2020-07-13_14-10-09 21040
2020-07-13_14-10-09 21170
2020-07-13_14-10-09 21240
2020-07-13_14-10-09 20760
2020-07-13_14-10-09 18440
2020-07-13_14-10-09 14770
2020-07-13_14-10-09 11510
2020-07-13_14-10-09 10530
2020-07-13_14-10-09 10950
2020-07-13_14-10-09 11000
2020-07-13_14-10-09 10790
2020-07-13_14-10-09 10290
2020-07-13_14-10-09 8020
2020-07-13_14-10-09 4490
2020-07-13_14-10-09 1220
