2020-07-13_14-11-05 1370
2020-07-13_14-11-05 1920
2020-07-13_14-11-05 1980
2020-07-13_14-11-05 1920
2020-07-13_14-11-05 1920
2020-07-13_14-11-05 1960
2020-07-13_14-11-05 1960
2020-07-13_14-11-05 1990
2020-07-13_14-11-05 3300
2020-07-13_14-11-05 4410
2020-07-13_14-11-05 4350
2020-07-13_14-11-05 4350
2020-07-13_14-11-05 4360
2020-07-13_14-11-05 4360
2020-07-13_14-11-05 4380
2020-07-13_14-11-05 4360
2020-07-13_14-11-05 4340
2020-07-13_14-11-05 4330
2020-07-13_14-11-05 4350
2020-07-13_14-11-05 4360
2020-07-13_14-11-05 4360
2020-07-13_14-11-05 4310
2020-07-13_14-11-05 4350
2020-07-13_14-11-05 4330
2020-07-13_14-11-05 4370
2020-07-13_14-11-05 4340
2020-07-13_14-11-05 4390
2020-07-13_14-11-05 4370
2020-07-13_14-11-05 4360
2020-07-13_14-11-05 4380
2020-07-13_14-11-05 4360
2020-07-13_14-11-05 4380
2020-07-13_14-11-05 4380
2020-07-13_14-11-05 4370
2020-07-13_14-11-05 4390
2020-07-13_14-11-05 4380
2020-07-13_14-11-05 4370
2020-07-13_14-11-05 4370
2020-07-13_14-11-05 4380
2020-07-13_14-11-05 4380
2020-07-13_14-11-05 4380
2020-07-13_14-11-05 4380
2020-07-13_14-11-05 4370
2020-07-13_14-11-05 4380
2020-07-13_14-11-05 4380
2020-07-13_14-11-05 4380
2020-07-13_14-11-05 4380
2020-07-13_14-11-05 4380
2020-07-13_14-11-05 4390
2020-07-13_14-11-05 4390
2020-07-13_14-11-05 4390
2020-07-13_14-11-05 4380
2020-07-13_14-11-05 4380
2020-07-13_14-11-05 4380
2020-07-13_14-11-05 4380
2020-07-13_14-11-05 4380
2020-07-13_14-11-05 4380
2020-07-13_14-11-05 4380
2020-07-13_14-11-05 4380
2020-07-13_14-11-05 4380
2020-07-13_14-11-05 4380
2020-07-13_14-11-05 4380
2020-07-13_14-11-05 4380
2020-07-13_14-11-05 4380
2020-07-13_14-11-05 4380
2020-07-13_14-11-05 4380
2020-07-13_14-11-05 4380
2020-07-13_14-11-05 4380
2020-07-13_14-11-05 4370
2020-07-13_14-11-05 4370
2020-07-13_14-11-05 4370
2020-07-13_14-11-05 4380
2020-07-13_14-11-05 4390
2020-07-13_14-11-05 4380
2020-07-13_14-11-05 4370
2020-07-13_14-11-05 4380
2020-07-13_14-11-05 4380
2020-07-13_14-11-05 4380
2020-07-13_14-11-05 4380
2020-07-13_14-11-05 4380
2020-07-13_14-11-05 4380
2020-07-13_14-11-05 4380
2020-07-13_14-11-05 4380
2020-07-13_14-11-05 4380
2020-07-13_14-11-05 4380
2020-07-13_14-11-05 4390
2020-07-13_14-11-05 4380
2020-07-13_14-11-05 4380
2020-07-13_14-11-05 4380
2020-07-13_14-11-05 4380
2020-07-13_14-11-05 4370
2020-07-13_14-11-05 4370
2020-07-13_14-11-05 4380
2020-07-13_14-11-05 4380
2020-07-13_14-11-05 4380
2020-07-13_14-11-05 4380
2020-07-13_14-11-05 4380
2020-07-13_14-11-05 4380
2020-07-13_14-11-05 4380
2020-07-13_14-11-05 4380
2020-07-13_14-11-05 4380
2020-07-13_14-11-05 4380
2020-07-13_14-11-05 4380
2020-07-13_14-11-05 4380
2020-07-13_14-11-05 4380
2020-07-13_14-11-05 4380
2020-07-13_14-11-05 4380
2020-07-13_14-11-05 4380
2020-07-13_14-11-05 4380
2020-07-13_14-11-05 4380
2020-07-13_14-11-05 4380
2020-07-13_14-11-05 4380
2020-07-13_14-11-05 4380
2020-07-13_14-11-05 4380
2020-07-13_14-11-05 4380
2020-07-13_14-11-05 4380
2020-07-13_14-11-05 4380
2020-07-13_14-11-05 4380
2020-07-13_14-11-05 4380
2020-07-13_14-11-05 4380
2020-07-13_14-11-05 4380
2020-07-13_14-11-05 4320
2020-07-13_14-11-05 4300
2020-07-13_14-11-05 4290
2020-07-13_14-11-05 4290
2020-07-13_14-11-05 4290
2020-07-13_14-11-05 4300
2020-07-13_14-11-05 4300
2020-07-13_14-11-05 4280
2020-07-13_14-11-05 4280
2020-07-13_14-11-05 4280
2020-07-13_14-11-05 4280
2020-07-13_14-11-05 4290
2020-07-13_14-11-05 4290
2020-07-13_14-11-05 4290
2020-07-13_14-11-05 4290
2020-07-13_14-11-05 4280
2020-07-13_14-11-05 4280
2020-07-13_14-11-05 4280
2020-07-13_14-11-05 4280
2020-07-13_14-11-05 4280
2020-07-13_14-11-05 4280
2020-07-13_14-11-05 4290
2020-07-13_14-11-05 4280
2020-07-13_14-11-05 4280
2020-07-13_14-11-05 4290
2020-07-13_14-11-05 4290
2020-07-13_14-11-05 4290
2020-07-13_14-11-05 4290
2020-07-13_14-11-05 4290
2020-07-13_14-11-05 4290
2020-07-13_14-11-05 4290
2020-07-13_14-11-05 4290
2020-07-13_14-11-05 4290
2020-07-13_14-11-05 4290
2020-07-13_14-11-05 4290
2020-07-13_14-11-05 4280
2020-07-13_14-11-05 4280
2020-07-13_14-11-05 4280
2020-07-13_14-11-05 4280
2020-07-13_14-11-05 4280
2020-07-13_14-11-05 4290
2020-07-13_14-11-05 4290
2020-07-13_14-11-05 4290
2020-07-13_14-11-05 4290
2020-07-13_14-11-05 4290
2020-07-13_14-11-05 4290
2020-07-13_14-11-05 4290
2020-07-13_14-11-05 4300
2020-07-13_14-11-05 4300
2020-07-13_14-11-05 4290
2020-07-13_14-11-05 4290
2020-07-13_14-11-05 4280
2020-07-13_14-11-05 4280
2020-07-13_14-11-05 4290
2020-07-13_14-11-05 4300
2020-07-13_14-11-05 4290
2020-07-13_14-11-05 4290
2020-07-13_14-11-05 4290
2020-07-13_14-11-05 4290
2020-07-13_14-11-05 4290
2020-07-13_14-11-05 4290
2020-07-13_14-11-05 4290
2020-07-13_14-11-05 4290
2020-07-13_14-11-05 4290
2020-07-13_14-11-05 4290
2020-07-13_14-11-05 4290
2020-07-13_14-11-05 4290
2020-07-13_14-11-05 4290
2020-07-13_14-11-05 4290
2020-07-13_14-11-05 4290
2020-07-13_14-11-05 4290
2020-07-13_14-11-05 4290
2020-07-13_14-11-05 4290
2020-07-13_14-11-05 4300
2020-07-13_14-11-05 4300
2020-07-13_14-11-05 4290
2020-07-13_14-11-05 4290
2020-07-13_14-11-05 4290
2020-07-13_14-11-05 4290
2020-07-13_14-11-05 4290
2020-07-13_14-11-05 4290
2020-07-13_14-11-05 4290
2020-07-13_14-11-05 4290
2020-07-13_14-11-05 4290
2020-07-13_14-11-05 4290
2020-07-13_14-11-05 4290
2020-07-13_14-11-05 4290
2020-07-13_14-11-05 4290
2020-07-13_14-11-05 4290
2020-07-13_14-11-05 4290
2020-07-13_14-11-05 4300
2020-07-13_14-11-05 4290
2020-07-13_14-11-05 4280
2020-07-13_14-11-05 4290
2020-07-13_14-11-05 4290
2020-07-13_14-11-05 4280
2020-07-13_14-11-05 4290
2020-07-13_14-11-05 4290
2020-07-13_14-11-05 4290
2020-07-13_14-11-05 4290
2020-07-13_14-11-05 4290
2020-07-13_14-11-05 4300
2020-07-13_14-11-05 4300
2020-07-13_14-11-05 4290
2020-07-13_14-11-05 4290
2020-07-13_14-11-05 4290
2020-07-13_14-11-05 4290
2020-07-13_14-11-05 4290
2020-07-13_14-11-05 4290
2020-07-13_14-11-05 4290
2020-07-13_14-11-05 4290
2020-07-13_14-11-05 4290
2020-07-13_14-11-05 4290
2020-07-13_14-11-05 4290
2020-07-13_14-11-05 4290
2020-07-13_14-11-05 4290
2020-07-13_14-11-05 4290
2020-07-13_14-11-05 4280
2020-07-13_14-11-05 4280
2020-07-13_14-11-05 4290
2020-07-13_14-11-05 4290
2020-07-13_14-11-05 4290
2020-07-13_14-11-05 4290
2020-07-13_14-11-05 4290
2020-07-13_14-11-05 4280
2020-07-13_14-11-05 4290
2020-07-13_14-11-05 4290
2020-07-13_14-11-05 4290
2020-07-13_14-11-05 4290
2020-07-13_14-11-05 4290
2020-07-13_14-11-05 4290
2020-07-13_14-11-05 4290
2020-07-13_14-11-05 4290
2020-07-13_14-11-05 4290
2020-07-13_14-11-05 4290
2020-07-13_14-11-05 4290
2020-07-13_14-11-05 4290
2020-07-13_14-11-05 4290
2020-07-13_14-11-05 4290
2020-07-13_14-11-05 4290
2020-07-13_14-11-05 4290
2020-07-13_14-11-05 4290
2020-07-13_14-11-05 4280
2020-07-13_14-11-05 4280
2020-07-13_14-11-05 4280
2020-07-13_14-11-05 4290
2020-07-13_14-11-05 4290
2020-07-13_14-11-05 4290
2020-07-13_14-11-05 4290
2020-07-13_14-11-05 4290
2020-07-13_14-11-05 4290
2020-07-13_14-11-05 4290
2020-07-13_14-11-05 4290
2020-07-13_14-11-05 4290
2020-07-13_14-11-05 4290
2020-07-13_14-11-05 4290
2020-07-13_14-11-05 4290
2020-07-13_14-11-05 4290
2020-07-13_14-11-05 4290
2020-07-13_14-11-05 4290
2020-07-13_14-11-05 4290
2020-07-13_14-11-05 4290
2020-07-13_14-11-05 4290
2020-07-13_14-11-05 4290
2020-07-13_14-11-05 4290
2020-07-13_14-11-05 4320
2020-07-13_14-11-05 4340
2020-07-13_14-11-05 4360
2020-07-13_14-11-05 4370
2020-07-13_14-11-05 4380
2020-07-13_14-11-05 4370
2020-07-13_14-11-05 4380
2020-07-13_14-11-05 4380
2020-07-13_14-11-05 4390
2020-07-13_14-11-05 4390
2020-07-13_14-11-05 4380
2020-07-13_14-11-05 4380
2020-07-13_14-11-05 4380
2020-07-13_14-11-05 4380
2020-07-13_14-11-05 4380
2020-07-13_14-11-05 4370
2020-07-13_14-11-05 4380
2020-07-13_14-11-05 4380
2020-07-13_14-11-05 4380
2020-07-13_14-11-05 4380
2020-07-13_14-11-05 4380
2020-07-13_14-11-05 4380
2020-07-13_14-11-05 4380
2020-07-13_14-11-05 4380
2020-07-13_14-11-05 4380
2020-07-13_14-11-05 4380
2020-07-13_14-11-05 4380
2020-07-13_14-11-05 4380
2020-07-13_14-11-05 4370
2020-07-13_14-11-05 4380
2020-07-13_14-11-05 4380
2020-07-13_14-11-05 4380
2020-07-13_14-11-05 4380
2020-07-13_14-11-05 4380
2020-07-13_14-11-05 4380
2020-07-13_14-11-05 4380
2020-07-13_14-11-05 4380
2020-07-13_14-11-05 4380
2020-07-13_14-11-05 4380
2020-07-13_14-11-05 4370
2020-07-13_14-11-05 4370
2020-07-13_14-11-05 4380
2020-07-13_14-11-05 4380
2020-07-13_14-11-05 4380
2020-07-13_14-11-05 4380
2020-07-13_14-11-05 4380
2020-07-13_14-11-05 4380
2020-07-13_14-11-05 4370
2020-07-13_14-11-05 4380
2020-07-13_14-11-05 4380
2020-07-13_14-11-05 4380
2020-07-13_14-11-05 4380
2020-07-13_14-11-05 4380
2020-07-13_14-11-05 4380
2020-07-13_14-11-05 4380
2020-07-13_14-11-05 4380
2020-07-13_14-11-05 4380
2020-07-13_14-11-05 4380
2020-07-13_14-11-05 4380
2020-07-13_14-11-05 4380
2020-07-13_14-11-05 4380
2020-07-13_14-11-05 4380
2020-07-13_14-11-05 4380
2020-07-13_14-11-05 4380
2020-07-13_14-11-05 4380
2020-07-13_14-11-05 4380
2020-07-13_14-11-05 4380
2020-07-13_14-11-05 4380
2020-07-13_14-11-05 4380
2020-07-13_14-11-05 4380
2020-07-13_14-11-05 4380
2020-07-13_14-11-05 4380
2020-07-13_14-11-05 4380
2020-07-13_14-11-05 4380
2020-07-13_14-11-05 4380
2020-07-13_14-11-05 4380
2020-07-13_14-11-05 4380
2020-07-13_14-11-05 4380
2020-07-13_14-11-05 4380
2020-07-13_14-11-05 4380
2020-07-13_14-11-05 4380
2020-07-13_14-11-05 4380
2020-07-13_14-11-05 4380
2020-07-13_14-11-05 4380
2020-07-13_14-11-05 4380
2020-07-13_14-11-05 4380
2020-07-13_14-11-05 4380
2020-07-13_14-11-06 4380
2020-07-13_14-11-06 4380
2020-07-13_14-11-06 4380
2020-07-13_14-11-06 4380
2020-07-13_14-11-06 4380
2020-07-13_14-11-06 4380
2020-07-13_14-11-06 4380
2020-07-13_14-11-06 4380
2020-07-13_14-11-06 4380
2020-07-13_14-11-06 4380
2020-07-13_14-11-06 4380
2020-07-13_14-11-06 4380
2020-07-13_14-11-06 4380
2020-07-13_14-11-06 4380
2020-07-13_14-11-06 4390
2020-07-13_14-11-06 4390
2020-07-13_14-11-06 4370
2020-07-13_14-11-06 4360
2020-07-13_14-11-06 4390
2020-07-13_14-11-06 4410
2020-07-13_14-11-06 4390
2020-07-13_14-11-06 4390
2020-07-13_14-11-06 4360
2020-07-13_14-11-06 4370
2020-07-13_14-11-06 4390
2020-07-13_14-11-06 4370
2020-07-13_14-11-06 4380
2020-07-13_14-11-06 4390
2020-07-13_14-11-06 4390
2020-07-13_14-11-06 4390
2020-07-13_14-11-06 4400
2020-07-13_14-11-06 4390
2020-07-13_14-11-06 4380
2020-07-13_14-11-06 4380
2020-07-13_14-11-06 4370
2020-07-13_14-11-06 4370
2020-07-13_14-11-06 4370
2020-07-13_14-11-06 4380
2020-07-13_14-11-06 4380
2020-07-13_14-11-06 4370
2020-07-13_14-11-06 4370
2020-07-13_14-11-06 4380
2020-07-13_14-11-06 4380
2020-07-13_14-11-06 4380
2020-07-13_14-11-06 4390
2020-07-13_14-11-06 4390
2020-07-13_14-11-06 4390
2020-07-13_14-11-06 4390
2020-07-13_14-11-06 4380
2020-07-13_14-11-06 4380
2020-07-13_14-11-06 4380
2020-07-13_14-11-06 4380
2020-07-13_14-11-06 4380
2020-07-13_14-11-06 4380
2020-07-13_14-11-06 4370
2020-07-13_14-11-06 4360
2020-07-13_14-11-06 4320
2020-07-13_14-11-06 4340
2020-07-13_14-11-06 4340
2020-07-13_14-11-06 4390
2020-07-13_14-11-06 4390
2020-07-13_14-11-06 4380
2020-07-13_14-11-06 4360
2020-07-13_14-11-06 4330
2020-07-13_14-11-06 4350
2020-07-13_14-11-06 4380
2020-07-13_14-11-06 4380
2020-07-13_14-11-06 4360
2020-07-13_14-11-06 4380
2020-07-13_14-11-06 4390
2020-07-13_14-11-06 4350
2020-07-13_14-11-06 3900
2020-07-13_14-11-06 2640
2020-07-13_14-11-06 2420
2020-07-13_14-11-06 2420
2020-07-13_14-11-06 2410
2020-07-13_14-11-06 2390
2020-07-13_14-11-06 2410
2020-07-13_14-11-06 2410
2020-07-13_14-11-06 2390
2020-07-13_14-11-06 2400
2020-07-13_14-11-06 2340
2020-07-13_14-11-06 1700
