2020-07-13_14-10-07 1240
2020-07-13_14-10-07 1910
2020-07-13_14-10-07 2230
2020-07-13_14-10-07 2130
2020-07-13_14-10-07 2010
2020-07-13_14-10-07 2100
2020-07-13_14-10-07 2360
2020-07-13_14-10-07 2540
2020-07-13_14-10-07 2550
2020-07-13_14-10-07 2450
2020-07-13_14-10-07 2430
2020-07-13_14-10-07 3050
2020-07-13_14-10-07 5610
2020-07-13_14-10-07 9130
2020-07-13_14-10-07 11680
2020-07-13_14-10-07 11760
2020-07-13_14-10-07 10880
2020-07-13_14-10-07 10810
2020-07-13_14-10-07 11350
2020-07-13_14-10-07 11510
2020-07-13_14-10-07 11180
2020-07-13_14-10-07 11070
2020-07-13_14-10-07 11310
2020-07-13_14-10-07 11380
2020-07-13_14-10-07 11180
2020-07-13_14-10-07 11130
2020-07-13_14-10-07 11290
2020-07-13_14-10-07 11320
2020-07-13_14-10-07 11190
2020-07-13_14-10-07 11190
2020-07-13_14-10-07 11280
2020-07-13_14-10-07 11240
2020-07-13_14-10-07 11180
2020-07-13_14-10-07 11240
2020-07-13_14-10-07 11300
2020-07-13_14-10-07 11250
2020-07-13_14-10-07 11200
2020-07-13_14-10-07 11260
2020-07-13_14-10-07 11290
2020-07-13_14-10-07 11240
2020-07-13_14-10-07 11220
2020-07-13_14-10-07 11250
2020-07-13_14-10-07 11270
2020-07-13_14-10-07 11270
2020-07-13_14-10-07 11280
2020-07-13_14-10-07 11270
2020-07-13_14-10-07 11230
2020-07-13_14-10-07 11230
2020-07-13_14-10-07 11260
2020-07-13_14-10-07 11260
2020-07-13_14-10-07 11250
2020-07-13_14-10-07 11250
2020-07-13_14-10-07 11270
2020-07-13_14-10-07 11250
2020-07-13_14-10-07 11240
2020-07-13_14-10-07 11250
2020-07-13_14-10-07 11260
2020-07-13_14-10-07 11250
2020-07-13_14-10-07 11250
2020-07-13_14-10-07 11270
2020-07-13_14-10-07 11260
2020-07-13_14-10-07 11250
2020-07-13_14-10-07 11250
2020-07-13_14-10-07 11260
2020-07-13_14-10-07 11260
2020-07-13_14-10-07 11250
2020-07-13_14-10-07 11250
2020-07-13_14-10-07 11250
2020-07-13_14-10-07 11250
2020-07-13_14-10-07 11250
2020-07-13_14-10-07 11280
2020-07-13_14-10-07 11320
2020-07-13_14-10-07 11290
2020-07-13_14-10-07 11230
2020-07-13_14-10-07 11200
2020-07-13_14-10-07 11250
2020-07-13_14-10-07 11270
2020-07-13_14-10-07 11220
2020-07-13_14-10-07 11210
2020-07-13_14-10-07 11220
2020-07-13_14-10-07 11240
2020-07-13_14-10-07 11210
2020-07-13_14-10-07 11200
2020-07-13_14-10-07 11230
2020-07-13_14-10-07 11230
2020-07-13_14-10-07 11200
2020-07-13_14-10-07 11180
2020-07-13_14-10-07 11220
2020-07-13_14-10-07 11250
2020-07-13_14-10-07 11210
2020-07-13_14-10-07 11200
2020-07-13_14-10-07 11240
2020-07-13_14-10-07 11280
2020-07-13_14-10-07 11270
2020-07-13_14-10-07 11200
2020-07-13_14-10-07 11190
2020-07-13_14-10-07 11240
2020-07-13_14-10-07 11290
2020-07-13_14-10-07 11280
2020-07-13_14-10-07 11230
2020-07-13_14-10-07 11220
2020-07-13_14-10-07 11250
2020-07-13_14-10-07 11280
2020-07-13_14-10-07 11280
2020-07-13_14-10-07 11260
2020-07-13_14-10-07 11010
2020-07-13_14-10-07 10410
2020-07-13_14-10-07 9820
2020-07-13_14-10-07 9470
2020-07-13_14-10-07 9360
2020-07-13_14-10-07 9210
2020-07-13_14-10-07 9180
2020-07-13_14-10-07 9260
2020-07-13_14-10-07 9210
2020-07-13_14-10-07 9080
2020-07-13_14-10-07 9080
2020-07-13_14-10-07 9240
2020-07-13_14-10-07 9310
2020-07-13_14-10-07 9210
2020-07-13_14-10-07 9170
2020-07-13_14-10-07 9220
2020-07-13_14-10-07 9220
2020-07-13_14-10-07 8990
2020-07-13_14-10-07 7940
2020-07-13_14-10-07 5960
2020-07-13_14-10-07 3330
2020-07-13_14-10-07 1270
