2020-07-13_14-10-03 940
2020-07-13_14-10-03 2030
2020-07-13_14-10-03 2990
2020-07-13_14-10-03 3170
2020-07-13_14-10-03 2920
2020-07-13_14-10-03 2680
2020-07-13_14-10-03 2740
2020-07-13_14-10-03 2920
2020-07-13_14-10-03 2940
2020-07-13_14-10-03 2730
2020-07-13_14-10-03 2530
2020-07-13_14-10-03 2560
2020-07-13_14-10-03 2700
2020-07-13_14-10-03 2730
2020-07-13_14-10-03 2600
2020-07-13_14-10-03 2550
2020-07-13_14-10-03 3890
2020-07-13_14-10-03 7550
2020-07-13_14-10-03 11600
2020-07-13_14-10-03 13750
2020-07-13_14-10-03 13330
2020-07-13_14-10-03 12720
2020-07-13_14-10-03 13040
2020-07-13_14-10-03 13500
2020-07-13_14-10-03 13390
2020-07-13_14-10-03 13030
2020-07-13_14-10-03 13100
2020-07-13_14-10-03 13400
2020-07-13_14-10-03 13360
2020-07-13_14-10-03 13090
2020-07-13_14-10-03 13110
2020-07-13_14-10-03 13350
2020-07-13_14-10-03 13340
2020-07-13_14-10-03 13140
2020-07-13_14-10-03 13130
2020-07-13_14-10-03 13290
2020-07-13_14-10-03 13300
2020-07-13_14-10-03 13200
2020-07-13_14-10-03 13210
2020-07-13_14-10-03 13290
2020-07-13_14-10-03 13260
2020-07-13_14-10-03 13200
2020-07-13_14-10-03 13240
2020-07-13_14-10-03 13280
2020-07-13_14-10-03 13230
2020-07-13_14-10-03 13180
2020-07-13_14-10-03 13230
2020-07-13_14-10-03 13280
2020-07-13_14-10-03 13260
2020-07-13_14-10-03 13210
2020-07-13_14-10-03 13220
2020-07-13_14-10-03 13250
2020-07-13_14-10-03 13260
2020-07-13_14-10-03 13220
2020-07-13_14-10-03 13210
2020-07-13_14-10-03 13250
2020-07-13_14-10-03 13300
2020-07-13_14-10-03 13270
2020-07-13_14-10-03 13210
2020-07-13_14-10-03 13220
2020-07-13_14-10-03 13270
2020-07-13_14-10-03 13260
2020-07-13_14-10-03 13220
2020-07-13_14-10-03 13250
2020-07-13_14-10-03 13280
2020-07-13_14-10-03 13240
2020-07-13_14-10-03 13210
2020-07-13_14-10-03 13250
2020-07-13_14-10-03 13270
2020-07-13_14-10-03 13230
2020-07-13_14-10-03 13220
2020-07-13_14-10-03 13260
2020-07-13_14-10-03 13270
2020-07-13_14-10-03 13220
2020-07-13_14-10-03 13220
2020-07-13_14-10-03 13250
2020-07-13_14-10-03 13260
2020-07-13_14-10-03 13230
2020-07-13_14-10-03 13230
2020-07-13_14-10-03 13250
2020-07-13_14-10-03 13240
2020-07-13_14-10-03 13230
2020-07-13_14-10-03 13250
2020-07-13_14-10-03 13250
2020-07-13_14-10-03 13240
2020-07-13_14-10-03 13240
2020-07-13_14-10-03 13240
2020-07-13_14-10-03 13240
2020-07-13_14-10-03 13240
2020-07-13_14-10-03 13240
2020-07-13_14-10-03 13240
2020-07-13_14-10-03 13240
2020-07-13_14-10-03 13240
2020-07-13_14-10-03 13240
2020-07-13_14-10-03 13230
2020-07-13_14-10-03 13240
2020-07-13_14-10-03 13250
2020-07-13_14-10-03 13240
2020-07-13_14-10-03 13220
2020-07-13_14-10-03 13230
2020-07-13_14-10-03 13230
2020-07-13_14-10-03 13230
2020-07-13_14-10-03 13230
2020-07-13_14-10-03 13230
2020-07-13_14-10-03 13190
2020-07-13_14-10-03 13200
2020-07-13_14-10-03 13190
2020-07-13_14-10-03 13210
2020-07-13_14-10-03 13210
2020-07-13_14-10-03 13240
2020-07-13_14-10-03 13230
2020-07-13_14-10-03 13210
2020-07-13_14-10-03 13210
2020-07-13_14-10-03 13240
2020-07-13_14-10-03 13240
2020-07-13_14-10-03 13210
2020-07-13_14-10-03 13220
2020-07-13_14-10-03 13240
2020-07-13_14-10-03 13240
2020-07-13_14-10-03 13240
2020-07-13_14-10-03 13240
2020-07-13_14-10-03 13290
2020-07-13_14-10-03 13260
2020-07-13_14-10-03 13220
2020-07-13_14-10-03 13180
2020-07-13_14-10-03 13170
2020-07-13_14-10-03 13210
2020-07-13_14-10-03 13220
2020-07-13_14-10-03 13230
2020-07-13_14-10-03 13200
2020-07-13_14-10-03 13180
2020-07-13_14-10-03 13200
2020-07-13_14-10-03 13200
2020-07-13_14-10-03 13180
2020-07-13_14-10-03 13230
2020-07-13_14-10-03 13290
2020-07-13_14-10-03 13270
2020-07-13_14-10-03 13200
2020-07-13_14-10-03 13200
2020-07-13_14-10-03 13250
2020-07-13_14-10-03 13240
2020-07-13_14-10-03 13200
2020-07-13_14-10-03 13220
2020-07-13_14-10-03 13280
2020-07-13_14-10-03 13080
2020-07-13_14-10-03 12440
2020-07-13_14-10-03 11760
2020-07-13_14-10-03 11370
2020-07-13_14-10-03 11240
2020-07-13_14-10-03 11070
2020-07-13_14-10-03 10970
2020-07-13_14-10-03 11010
2020-07-13_14-10-03 11000
2020-07-13_14-10-03 10810
2020-07-13_14-10-03 10710
2020-07-13_14-10-03 10860
2020-07-13_14-10-03 10990
2020-07-13_14-10-03 10880
2020-07-13_14-10-03 10730
2020-07-13_14-10-03 10790
2020-07-13_14-10-03 10900
2020-07-13_14-10-03 10870
2020-07-13_14-10-03 10860
2020-07-13_14-10-03 10980
2020-07-13_14-10-03 11020
2020-07-13_14-10-03 10020
2020-07-13_14-10-03 7260
2020-07-13_14-10-03 3750
2020-07-13_14-10-03 1100
