2020-07-13_14-11-05 3930
2020-07-13_14-11-05 6740
2020-07-13_14-11-05 6210
2020-07-13_14-11-05 6180
2020-07-13_14-11-05 6320
2020-07-13_14-11-05 6310
2020-07-13_14-11-05 6300
2020-07-13_14-11-05 6380
2020-07-13_14-11-05 6250
2020-07-13_14-11-05 6170
2020-07-13_14-11-05 6290
2020-07-13_14-11-05 7220
2020-07-13_14-11-05 11610
2020-07-13_14-11-05 13630
2020-07-13_14-11-05 13570
2020-07-13_14-11-05 14010
2020-07-13_14-11-05 16710
2020-07-13_14-11-05 20780
2020-07-13_14-11-05 21670
2020-07-13_14-11-05 21570
2020-07-13_14-11-05 21610
2020-07-13_14-11-05 21550
2020-07-13_14-11-05 21590
2020-07-13_14-11-05 21570
2020-07-13_14-11-05 21620
2020-07-13_14-11-05 21620
2020-07-13_14-11-05 21580
2020-07-13_14-11-05 21570
2020-07-13_14-11-05 21620
2020-07-13_14-11-05 21600
2020-07-13_14-11-05 21600
2020-07-13_14-11-05 21600
2020-07-13_14-11-05 21620
2020-07-13_14-11-05 21600
2020-07-13_14-11-05 21610
2020-07-13_14-11-05 21590
2020-07-13_14-11-05 21590
2020-07-13_14-11-05 21600
2020-07-13_14-11-05 21600
2020-07-13_14-11-05 21600
2020-07-13_14-11-05 21600
2020-07-13_14-11-05 21600
2020-07-13_14-11-05 21610
2020-07-13_14-11-05 21610
2020-07-13_14-11-05 21610
2020-07-13_14-11-05 21580
2020-07-13_14-11-05 21590
2020-07-13_14-11-05 21600
2020-07-13_14-11-05 21620
2020-07-13_14-11-05 21600
2020-07-13_14-11-05 21600
2020-07-13_14-11-05 21600
2020-07-13_14-11-05 21600
2020-07-13_14-11-05 21600
2020-07-13_14-11-05 21600
2020-07-13_14-11-05 21600
2020-07-13_14-11-05 21590
2020-07-13_14-11-05 21600
2020-07-13_14-11-05 21600
2020-07-13_14-11-05 21590
2020-07-13_14-11-05 21600
2020-07-13_14-11-05 21600
2020-07-13_14-11-05 21590
2020-07-13_14-11-05 21590
2020-07-13_14-11-05 21590
2020-07-13_14-11-05 21600
2020-07-13_14-11-05 21600
2020-07-13_14-11-05 21600
2020-07-13_14-11-05 21600
2020-07-13_14-11-05 21600
2020-07-13_14-11-05 21600
2020-07-13_14-11-05 21600
2020-07-13_14-11-05 21590
2020-07-13_14-11-05 21600
2020-07-13_14-11-05 21600
2020-07-13_14-11-05 21600
2020-07-13_14-11-05 21600
2020-07-13_14-11-05 21600
2020-07-13_14-11-05 21600
2020-07-13_14-11-05 21600
2020-07-13_14-11-05 21600
2020-07-13_14-11-05 21600
2020-07-13_14-11-05 21490
2020-07-13_14-11-05 21490
2020-07-13_14-11-05 21530
2020-07-13_14-11-05 21610
2020-07-13_14-11-05 21620
2020-07-13_14-11-05 21580
2020-07-13_14-11-05 21670
2020-07-13_14-11-05 21470
2020-07-13_14-11-05 21650
2020-07-13_14-11-05 21440
2020-07-13_14-11-05 21530
2020-07-13_14-11-05 21310
2020-07-13_14-11-05 21360
2020-07-13_14-11-05 21430
2020-07-13_14-11-05 21510
2020-07-13_14-11-05 21450
2020-07-13_14-11-05 21680
2020-07-13_14-11-05 21680
2020-07-13_14-11-05 21610
2020-07-13_14-11-05 21530
2020-07-13_14-11-05 21500
2020-07-13_14-11-05 21590
2020-07-13_14-11-05 22870
2020-07-13_14-11-05 27980
2020-07-13_14-11-05 30320
2020-07-13_14-11-05 30320
2020-07-13_14-11-05 30110
2020-07-13_14-11-05 30260
2020-07-13_14-11-05 30230
2020-07-13_14-11-05 30310
2020-07-13_14-11-05 30240
2020-07-13_14-11-05 30340
2020-07-13_14-11-05 30260
2020-07-13_14-11-05 30360
2020-07-13_14-11-05 29150
2020-07-13_14-11-05 25530
2020-07-13_14-11-05 24010
2020-07-13_14-11-05 24270
2020-07-13_14-11-05 28590
2020-07-13_14-11-05 33130
2020-07-13_14-11-05 33260
2020-07-13_14-11-05 33340
2020-07-13_14-11-05 33380
2020-07-13_14-11-05 33500
2020-07-13_14-11-05 33250
2020-07-13_14-11-05 33380
2020-07-13_14-11-05 33270
2020-07-13_14-11-05 33310
2020-07-13_14-11-05 33170
2020-07-13_14-11-05 33050
2020-07-13_14-11-05 30240
2020-07-13_14-11-05 25700
2020-07-13_14-11-05 25300
2020-07-13_14-11-05 25340
2020-07-13_14-11-05 25690
2020-07-13_14-11-05 25620
2020-07-13_14-11-05 25740
2020-07-13_14-11-05 21980
2020-07-13_14-11-05 18390
2020-07-13_14-11-05 17800
2020-07-13_14-11-05 17960
2020-07-13_14-11-05 17870
2020-07-13_14-11-05 17990
2020-07-13_14-11-05 17820
2020-07-13_14-11-05 17900
2020-07-13_14-11-05 17940
2020-07-13_14-11-05 17960
2020-07-13_14-11-05 17900
2020-07-13_14-11-05 17950
2020-07-13_14-11-05 17920
2020-07-13_14-11-05 17910
2020-07-13_14-11-05 17960
2020-07-13_14-11-05 17930
2020-07-13_14-11-05 17940
2020-07-13_14-11-05 17940
2020-07-13_14-11-05 17930
2020-07-13_14-11-05 17930
2020-07-13_14-11-05 17930
2020-07-13_14-11-05 17930
2020-07-13_14-11-05 17930
2020-07-13_14-11-05 17930
2020-07-13_14-11-05 17930
2020-07-13_14-11-05 17930
2020-07-13_14-11-05 17940
2020-07-13_14-11-05 17940
2020-07-13_14-11-05 17930
2020-07-13_14-11-05 17930
2020-07-13_14-11-05 17940
2020-07-13_14-11-05 17940
2020-07-13_14-11-05 17950
2020-07-13_14-11-05 17940
2020-07-13_14-11-05 17930
2020-07-13_14-11-05 17940
2020-07-13_14-11-05 17940
2020-07-13_14-11-05 17930
2020-07-13_14-11-05 17930
2020-07-13_14-11-05 17930
2020-07-13_14-11-05 17940
2020-07-13_14-11-05 17930
2020-07-13_14-11-05 17930
2020-07-13_14-11-05 17930
2020-07-13_14-11-05 17930
2020-07-13_14-11-05 17930
2020-07-13_14-11-05 17940
2020-07-13_14-11-05 17940
2020-07-13_14-11-05 17930
2020-07-13_14-11-05 17930
2020-07-13_14-11-05 17930
2020-07-13_14-11-05 17940
2020-07-13_14-11-05 17940
2020-07-13_14-11-05 17940
2020-07-13_14-11-05 17940
2020-07-13_14-11-05 17940
2020-07-13_14-11-05 17940
2020-07-13_14-11-05 17940
2020-07-13_14-11-05 17940
2020-07-13_14-11-05 17940
2020-07-13_14-11-05 17930
2020-07-13_14-11-05 17910
2020-07-13_14-11-05 17960
2020-07-13_14-11-05 17950
2020-07-13_14-11-05 17920
2020-07-13_14-11-05 17920
2020-07-13_14-11-05 17930
2020-07-13_14-11-05 17930
2020-07-13_14-11-05 17930
2020-07-13_14-11-05 17930
2020-07-13_14-11-05 17930
2020-07-13_14-11-05 17930
2020-07-13_14-11-05 17930
2020-07-13_14-11-05 17930
2020-07-13_14-11-05 17930
2020-07-13_14-11-05 17930
2020-07-13_14-11-05 17930
2020-07-13_14-11-05 17930
2020-07-13_14-11-05 17940
2020-07-13_14-11-05 17940
2020-07-13_14-11-05 17940
2020-07-13_14-11-05 17930
2020-07-13_14-11-05 17930
2020-07-13_14-11-05 17940
2020-07-13_14-11-05 17940
2020-07-13_14-11-05 17950
2020-07-13_14-11-05 17930
2020-07-13_14-11-05 17930
2020-07-13_14-11-05 17930
2020-07-13_14-11-05 17930
2020-07-13_14-11-05 17930
2020-07-13_14-11-05 17930
2020-07-13_14-11-05 17930
2020-07-13_14-11-05 17930
2020-07-13_14-11-05 17940
2020-07-13_14-11-05 17940
2020-07-13_14-11-05 17930
2020-07-13_14-11-05 17930
2020-07-13_14-11-05 17930
2020-07-13_14-11-05 17930
2020-07-13_14-11-05 17930
2020-07-13_14-11-05 17930
2020-07-13_14-11-05 17930
2020-07-13_14-11-05 17930
2020-07-13_14-11-05 17930
2020-07-13_14-11-05 17930
2020-07-13_14-11-05 17940
2020-07-13_14-11-05 17930
2020-07-13_14-11-05 17930
2020-07-13_14-11-05 17930
2020-07-13_14-11-05 17940
2020-07-13_14-11-05 17940
2020-07-13_14-11-05 17940
2020-07-13_14-11-05 17940
2020-07-13_14-11-05 17940
2020-07-13_14-11-05 17940
2020-07-13_14-11-05 17940
2020-07-13_14-11-05 17940
2020-07-13_14-11-05 17930
2020-07-13_14-11-05 17940
2020-07-13_14-11-05 17940
2020-07-13_14-11-05 17930
2020-07-13_14-11-05 17930
2020-07-13_14-11-05 17930
2020-07-13_14-11-05 17930
2020-07-13_14-11-05 17930
2020-07-13_14-11-05 17930
2020-07-13_14-11-05 17930
2020-07-13_14-11-05 17930
2020-07-13_14-11-05 17930
2020-07-13_14-11-05 17930
2020-07-13_14-11-05 17930
2020-07-13_14-11-05 17930
2020-07-13_14-11-05 17930
2020-07-13_14-11-05 17930
2020-07-13_14-11-05 17930
2020-07-13_14-11-05 17930
2020-07-13_14-11-05 17930
2020-07-13_14-11-05 17930
2020-07-13_14-11-05 17930
2020-07-13_14-11-05 17920
2020-07-13_14-11-05 17940
2020-07-13_14-11-05 17940
2020-07-13_14-11-05 17940
2020-07-13_14-11-05 17940
2020-07-13_14-11-05 17940
2020-07-13_14-11-05 17940
2020-07-13_14-11-05 17940
2020-07-13_14-11-05 17940
2020-07-13_14-11-05 17940
2020-07-13_14-11-05 17940
2020-07-13_14-11-05 17940
2020-07-13_14-11-05 17940
2020-07-13_14-11-05 17940
2020-07-13_14-11-05 17940
2020-07-13_14-11-05 17940
2020-07-13_14-11-05 17940
2020-07-13_14-11-05 17940
2020-07-13_14-11-05 17940
2020-07-13_14-11-05 17940
2020-07-13_14-11-05 15370
2020-07-13_14-11-05 9810
2020-07-13_14-11-05 9380
2020-07-13_14-11-05 9490
2020-07-13_14-11-05 9420
2020-07-13_14-11-05 9350
2020-07-13_14-11-05 9360
2020-07-13_14-11-05 9340
2020-07-13_14-11-05 9290
2020-07-13_14-11-05 9200
2020-07-13_14-11-05 8770
2020-07-13_14-11-05 6600
2020-07-13_14-11-05 1000
