2020-07-13_14-11-28 4500
2020-07-13_14-11-28 4500
2020-07-13_14-11-28 4500
2020-07-13_14-11-28 4500
2020-07-13_14-11-28 4510
2020-07-13_14-11-28 4510
2020-07-13_14-11-28 4500
2020-07-13_14-11-28 4500
2020-07-13_14-11-28 4490
2020-07-13_14-11-28 4490
2020-07-13_14-11-28 4490
2020-07-13_14-11-28 4500
2020-07-13_14-11-28 4500
2020-07-13_14-11-28 4520
2020-07-13_14-11-28 4520
2020-07-13_14-11-28 4500
2020-07-13_14-11-28 4500
2020-07-13_14-11-28 4500
2020-07-13_14-11-28 4500
2020-07-13_14-11-28 4500
2020-07-13_14-11-28 4510
2020-07-13_14-11-28 4500
2020-07-13_14-11-28 4500
2020-07-13_14-11-28 4500
2020-07-13_14-11-28 4500
2020-07-13_14-11-28 4500
2020-07-13_14-11-28 4510
2020-07-13_14-11-28 4510
2020-07-13_14-11-28 4500
2020-07-13_14-11-28 4500
2020-07-13_14-11-28 4500
2020-07-13_14-11-28 4500
2020-07-13_14-11-28 4500
2020-07-13_14-11-28 4500
2020-07-13_14-11-28 4500
2020-07-13_14-11-28 4500
2020-07-13_14-11-28 4500
2020-07-13_14-11-28 4500
2020-07-13_14-11-28 4500
2020-07-13_14-11-28 4500
2020-07-13_14-11-28 4490
2020-07-13_14-11-28 4500
2020-07-13_14-11-28 4500
2020-07-13_14-11-28 4480
2020-07-13_14-11-28 4490
2020-07-13_14-11-28 4500
2020-07-13_14-11-28 4480
2020-07-13_14-11-28 4500
2020-07-13_14-11-28 4510
2020-07-13_14-11-28 4480
2020-07-13_14-11-28 4500
2020-07-13_14-11-28 4470
2020-07-13_14-11-28 4510
2020-07-13_14-11-28 4510
2020-07-13_14-11-28 4500
2020-07-13_14-11-28 4500
2020-07-13_14-11-28 4490
2020-07-13_14-11-28 4510
2020-07-13_14-11-28 4440
2020-07-13_14-11-28 4010
2020-07-13_14-11-28 2770
2020-07-13_14-11-28 2490
2020-07-13_14-11-28 2490
2020-07-13_14-11-28 2460
2020-07-13_14-11-28 2440
2020-07-13_14-11-28 2440
2020-07-13_14-11-28 2460
2020-07-13_14-11-28 2490
2020-07-13_14-11-28 2530
2020-07-13_14-11-28 2350
2020-07-13_14-11-28 770
