2020-07-13_14-11-01 1180
2020-07-13_14-11-01 1630
2020-07-13_14-11-01 1520
2020-07-13_14-11-01 1510
2020-07-13_14-11-01 1610
2020-07-13_14-11-01 1620
2020-07-13_14-11-01 1590
2020-07-13_14-11-01 1600
2020-07-13_14-11-01 1620
2020-07-13_14-11-01 1610
2020-07-13_14-11-01 1610
2020-07-13_14-11-01 1610
2020-07-13_14-11-01 1600
2020-07-13_14-11-01 1630
2020-07-13_14-11-01 2190
2020-07-13_14-11-01 3130
2020-07-13_14-11-01 3890
2020-07-13_14-11-01 4130
2020-07-13_14-11-01 4060
2020-07-13_14-11-01 4080
2020-07-13_14-11-01 4120
2020-07-13_14-11-01 4090
2020-07-13_14-11-01 4070
2020-07-13_14-11-01 4110
2020-07-13_14-11-01 4110
2020-07-13_14-11-01 4110
2020-07-13_14-11-01 4070
2020-07-13_14-11-01 4090
2020-07-13_14-11-01 4110
2020-07-13_14-11-01 4090
2020-07-13_14-11-01 4080
2020-07-13_14-11-01 4100
2020-07-13_14-11-01 4100
2020-07-13_14-11-01 4090
2020-07-13_14-11-01 4090
2020-07-13_14-11-01 4100
2020-07-13_14-11-01 4090
2020-07-13_14-11-01 4090
2020-07-13_14-11-01 4100
2020-07-13_14-11-01 4100
2020-07-13_14-11-01 4100
2020-07-13_14-11-01 4090
2020-07-13_14-11-01 4100
2020-07-13_14-11-01 4100
2020-07-13_14-11-01 4100
2020-07-13_14-11-01 4110
2020-07-13_14-11-01 4100
2020-07-13_14-11-01 4100
2020-07-13_14-11-01 4100
2020-07-13_14-11-01 4110
2020-07-13_14-11-01 4110
2020-07-13_14-11-01 4090
2020-07-13_14-11-01 4090
2020-07-13_14-11-01 4090
2020-07-13_14-11-01 4100
2020-07-13_14-11-01 4110
2020-07-13_14-11-01 4110
2020-07-13_14-11-01 4110
2020-07-13_14-11-01 4110
2020-07-13_14-11-01 4110
2020-07-13_14-11-01 4110
2020-07-13_14-11-01 4100
2020-07-13_14-11-01 4100
2020-07-13_14-11-01 4100
2020-07-13_14-11-01 4100
2020-07-13_14-11-01 4110
2020-07-13_14-11-01 4110
2020-07-13_14-11-01 4100
2020-07-13_14-11-01 4100
2020-07-13_14-11-01 4100
2020-07-13_14-11-01 4100
2020-07-13_14-11-01 4100
2020-07-13_14-11-01 4090
2020-07-13_14-11-01 4100
2020-07-13_14-11-01 4100
2020-07-13_14-11-01 4100
2020-07-13_14-11-01 4100
2020-07-13_14-11-01 4100
2020-07-13_14-11-01 4110
2020-07-13_14-11-01 4110
2020-07-13_14-11-01 4100
2020-07-13_14-11-01 4100
2020-07-13_14-11-01 4100
2020-07-13_14-11-01 4100
2020-07-13_14-11-01 4100
2020-07-13_14-11-01 4100
2020-07-13_14-11-01 4100
2020-07-13_14-11-01 4100
2020-07-13_14-11-01 4100
2020-07-13_14-11-01 4100
2020-07-13_14-11-01 4100
2020-07-13_14-11-01 4100
2020-07-13_14-11-01 4100
2020-07-13_14-11-01 4100
2020-07-13_14-11-01 4100
2020-07-13_14-11-01 4100
2020-07-13_14-11-01 4100
2020-07-13_14-11-01 4100
2020-07-13_14-11-01 4100
2020-07-13_14-11-01 4100
2020-07-13_14-11-01 4100
2020-07-13_14-11-01 4100
2020-07-13_14-11-01 4100
2020-07-13_14-11-01 4100
2020-07-13_14-11-01 4100
2020-07-13_14-11-01 4100
2020-07-13_14-11-01 4100
2020-07-13_14-11-01 4100
2020-07-13_14-11-01 4090
2020-07-13_14-11-01 4090
2020-07-13_14-11-01 4110
2020-07-13_14-11-01 4110
2020-07-13_14-11-01 4110
2020-07-13_14-11-01 4100
2020-07-13_14-11-01 4090
2020-07-13_14-11-01 4100
2020-07-13_14-11-01 4100
2020-07-13_14-11-01 4110
2020-07-13_14-11-01 4110
2020-07-13_14-11-01 4110
2020-07-13_14-11-01 4110
2020-07-13_14-11-01 4110
2020-07-13_14-11-01 4110
2020-07-13_14-11-01 4110
2020-07-13_14-11-01 4110
2020-07-13_14-11-01 4110
2020-07-13_14-11-01 4100
2020-07-13_14-11-01 4100
2020-07-13_14-11-01 4110
2020-07-13_14-11-01 4100
2020-07-13_14-11-01 4100
2020-07-13_14-11-01 4100
2020-07-13_14-11-01 4100
2020-07-13_14-11-01 4100
2020-07-13_14-11-01 4100
2020-07-13_14-11-01 4100
2020-07-13_14-11-01 4100
2020-07-13_14-11-01 4100
2020-07-13_14-11-01 4100
2020-07-13_14-11-01 4100
2020-07-13_14-11-01 4100
2020-07-13_14-11-01 4100
2020-07-13_14-11-01 4100
2020-07-13_14-11-01 4100
2020-07-13_14-11-01 4100
2020-07-13_14-11-01 4100
2020-07-13_14-11-01 4100
2020-07-13_14-11-01 4100
2020-07-13_14-11-01 4100
2020-07-13_14-11-01 4100
2020-07-13_14-11-01 4100
2020-07-13_14-11-01 4100
2020-07-13_14-11-01 4100
2020-07-13_14-11-01 4100
2020-07-13_14-11-01 4100
2020-07-13_14-11-01 4100
2020-07-13_14-11-01 4100
2020-07-13_14-11-01 4100
2020-07-13_14-11-01 4100
2020-07-13_14-11-01 4110
2020-07-13_14-11-01 4110
2020-07-13_14-11-01 4110
2020-07-13_14-11-01 4110
2020-07-13_14-11-01 4110
2020-07-13_14-11-01 4110
2020-07-13_14-11-01 4110
2020-07-13_14-11-01 4100
2020-07-13_14-11-01 4100
2020-07-13_14-11-01 4100
2020-07-13_14-11-01 4100
2020-07-13_14-11-01 4100
2020-07-13_14-11-01 4110
2020-07-13_14-11-01 4110
2020-07-13_14-11-01 4110
2020-07-13_14-11-01 4110
2020-07-13_14-11-01 4100
2020-07-13_14-11-01 4100
2020-07-13_14-11-01 4100
2020-07-13_14-11-01 4100
2020-07-13_14-11-01 4100
2020-07-13_14-11-01 4110
2020-07-13_14-11-01 4110
2020-07-13_14-11-01 4110
2020-07-13_14-11-01 4110
2020-07-13_14-11-01 4100
2020-07-13_14-11-01 4100
2020-07-13_14-11-01 4100
2020-07-13_14-11-01 4100
2020-07-13_14-11-01 4100
2020-07-13_14-11-01 4100
2020-07-13_14-11-01 4110
2020-07-13_14-11-01 4110
2020-07-13_14-11-01 4110
2020-07-13_14-11-01 4110
2020-07-13_14-11-01 4110
2020-07-13_14-11-01 4100
2020-07-13_14-11-01 4110
2020-07-13_14-11-01 4100
2020-07-13_14-11-01 4100
2020-07-13_14-11-01 4100
2020-07-13_14-11-01 4100
2020-07-13_14-11-01 4100
2020-07-13_14-11-01 4100
2020-07-13_14-11-01 4100
2020-07-13_14-11-01 4100
2020-07-13_14-11-01 4100
2020-07-13_14-11-01 4100
2020-07-13_14-11-01 4100
2020-07-13_14-11-01 4090
2020-07-13_14-11-01 4090
2020-07-13_14-11-01 4090
2020-07-13_14-11-01 4090
2020-07-13_14-11-01 4090
2020-07-13_14-11-01 4070
2020-07-13_14-11-01 4070
2020-07-13_14-11-01 4100
2020-07-13_14-11-01 4110
2020-07-13_14-11-01 4110
2020-07-13_14-11-01 4110
2020-07-13_14-11-01 4110
2020-07-13_14-11-01 4080
2020-07-13_14-11-01 4050
2020-07-13_14-11-01 4070
2020-07-13_14-11-01 4090
2020-07-13_14-11-01 4090
2020-07-13_14-11-01 4100
2020-07-13_14-11-01 4100
2020-07-13_14-11-01 4110
2020-07-13_14-11-01 4100
2020-07-13_14-11-01 4130
2020-07-13_14-11-01 4130
2020-07-13_14-11-01 4100
2020-07-13_14-11-01 4090
2020-07-13_14-11-01 4090
2020-07-13_14-11-01 4110
2020-07-13_14-11-01 4120
2020-07-13_14-11-01 4110
2020-07-13_14-11-01 4040
2020-07-13_14-11-01 3650
2020-07-13_14-11-01 3130
2020-07-13_14-11-01 2680
2020-07-13_14-11-01 2530
2020-07-13_14-11-01 2530
2020-07-13_14-11-01 2520
2020-07-13_14-11-01 2530
2020-07-13_14-11-01 2520
2020-07-13_14-11-01 2520
2020-07-13_14-11-01 2530
2020-07-13_14-11-01 2520
2020-07-13_14-11-01 2520
2020-07-13_14-11-01 2510
2020-07-13_14-11-01 2520
2020-07-13_14-11-01 2520
2020-07-13_14-11-01 2520
2020-07-13_14-11-01 2530
2020-07-13_14-11-01 2540
2020-07-13_14-11-01 2560
2020-07-13_14-11-01 2560
2020-07-13_14-11-01 2580
2020-07-13_14-11-01 2550
2020-07-13_14-11-01 2070
2020-07-13_14-11-01 1230
