2020-07-13_14-10-40 1600
2020-07-13_14-10-40 2700
2020-07-13_14-10-40 3190
2020-07-13_14-10-40 3010
2020-07-13_14-10-40 2700
2020-07-13_14-10-40 2620
2020-07-13_14-10-40 2720
2020-07-13_14-10-40 2760
2020-07-13_14-10-40 2620
2020-07-13_14-10-40 2520
2020-07-13_14-10-40 2550
2020-07-13_14-10-40 2670
2020-07-13_14-10-40 3620
2020-07-13_14-10-40 6590
2020-07-13_14-10-40 10130
2020-07-13_14-10-40 12240
2020-07-13_14-10-40 11850
2020-07-13_14-10-40 11100
2020-07-13_14-10-40 11280
2020-07-13_14-10-40 11770
2020-07-13_14-10-40 11760
2020-07-13_14-10-40 11410
2020-07-13_14-10-40 11430
2020-07-13_14-10-40 11690
2020-07-13_14-10-40 11680
2020-07-13_14-10-40 11470
2020-07-13_14-10-40 11450
2020-07-13_14-10-40 11630
2020-07-13_14-10-40 11630
2020-07-13_14-10-40 11510
2020-07-13_14-10-40 11530
2020-07-13_14-10-40 11630
2020-07-13_14-10-40 11600
2020-07-13_14-10-40 11520
2020-07-13_14-10-40 11540
2020-07-13_14-10-40 11610
2020-07-13_14-10-40 11600
2020-07-13_14-10-40 11540
2020-07-13_14-10-40 11550
2020-07-13_14-10-40 11590
2020-07-13_14-10-40 11590
2020-07-13_14-10-40 11560
2020-07-13_14-10-40 11560
2020-07-13_14-10-40 11570
2020-07-13_14-10-40 11580
2020-07-13_14-10-40 11590
2020-07-13_14-10-40 11570
2020-07-13_14-10-40 11570
2020-07-13_14-10-40 11590
2020-07-13_14-10-40 11590
2020-07-13_14-10-40 11560
2020-07-13_14-10-40 11560
2020-07-13_14-10-40 11610
2020-07-13_14-10-40 11600
2020-07-13_14-10-40 11540
2020-07-13_14-10-40 11540
2020-07-13_14-10-40 11600
2020-07-13_14-10-40 11600
2020-07-13_14-10-40 11560
2020-07-13_14-10-40 11570
2020-07-13_14-10-40 11600
2020-07-13_14-10-40 11580
2020-07-13_14-10-40 11560
2020-07-13_14-10-40 11580
2020-07-13_14-10-40 11590
2020-07-13_14-10-40 11570
2020-07-13_14-10-40 11560
2020-07-13_14-10-40 11580
2020-07-13_14-10-40 11570
2020-07-13_14-10-40 11570
2020-07-13_14-10-40 11590
2020-07-13_14-10-40 11600
2020-07-13_14-10-40 11580
2020-07-13_14-10-40 11580
2020-07-13_14-10-40 11580
2020-07-13_14-10-40 11580
2020-07-13_14-10-40 11580
2020-07-13_14-10-40 11570
2020-07-13_14-10-40 11570
2020-07-13_14-10-40 11580
2020-07-13_14-10-40 11590
2020-07-13_14-10-40 11580
2020-07-13_14-10-40 11570
2020-07-13_14-10-40 11560
2020-07-13_14-10-40 11560
2020-07-13_14-10-40 11560
2020-07-13_14-10-40 11560
2020-07-13_14-10-40 11560
2020-07-13_14-10-40 11560
2020-07-13_14-10-40 11550
2020-07-13_14-10-40 11540
2020-07-13_14-10-40 11520
2020-07-13_14-10-40 11500
2020-07-13_14-10-40 11510
2020-07-13_14-10-40 11510
2020-07-13_14-10-40 11500
2020-07-13_14-10-40 11500
2020-07-13_14-10-40 11500
2020-07-13_14-10-40 11500
2020-07-13_14-10-40 11500
2020-07-13_14-10-40 11510
2020-07-13_14-10-40 11510
2020-07-13_14-10-40 11500
2020-07-13_14-10-40 11500
2020-07-13_14-10-40 11500
2020-07-13_14-10-40 11500
2020-07-13_14-10-40 11500
2020-07-13_14-10-40 11500
2020-07-13_14-10-40 11500
2020-07-13_14-10-40 11500
2020-07-13_14-10-40 11500
2020-07-13_14-10-40 11500
2020-07-13_14-10-40 11510
2020-07-13_14-10-40 11510
2020-07-13_14-10-40 11510
2020-07-13_14-10-40 11510
2020-07-13_14-10-40 11510
2020-07-13_14-10-40 11510
2020-07-13_14-10-40 11500
2020-07-13_14-10-40 11500
2020-07-13_14-10-40 11500
2020-07-13_14-10-40 11500
2020-07-13_14-10-40 11500
2020-07-13_14-10-40 11510
2020-07-13_14-10-40 11500
2020-07-13_14-10-40 11500
2020-07-13_14-10-40 11500
2020-07-13_14-10-40 11500
2020-07-13_14-10-40 11500
2020-07-13_14-10-40 11500
2020-07-13_14-10-40 11500
2020-07-13_14-10-40 11500
2020-07-13_14-10-40 11500
2020-07-13_14-10-40 11510
2020-07-13_14-10-40 11510
2020-07-13_14-10-40 11510
2020-07-13_14-10-40 11500
2020-07-13_14-10-40 11500
2020-07-13_14-10-40 11500
2020-07-13_14-10-40 11500
2020-07-13_14-10-40 11500
2020-07-13_14-10-40 11490
2020-07-13_14-10-40 11500
2020-07-13_14-10-40 11500
2020-07-13_14-10-40 11510
2020-07-13_14-10-40 11510
2020-07-13_14-10-40 11500
2020-07-13_14-10-40 11500
2020-07-13_14-10-40 11490
2020-07-13_14-10-40 11500
2020-07-13_14-10-40 11500
2020-07-13_14-10-40 11510
2020-07-13_14-10-40 11500
2020-07-13_14-10-40 11500
2020-07-13_14-10-40 11500
2020-07-13_14-10-40 11500
2020-07-13_14-10-40 11500
2020-07-13_14-10-40 11500
2020-07-13_14-10-40 11500
2020-07-13_14-10-40 11500
2020-07-13_14-10-40 11500
2020-07-13_14-10-40 11500
2020-07-13_14-10-40 11500
2020-07-13_14-10-40 11500
2020-07-13_14-10-40 11500
2020-07-13_14-10-40 11500
2020-07-13_14-10-40 11500
2020-07-13_14-10-40 11500
2020-07-13_14-10-40 11500
2020-07-13_14-10-40 11500
2020-07-13_14-10-40 11500
2020-07-13_14-10-40 11510
2020-07-13_14-10-40 11510
2020-07-13_14-10-40 11510
2020-07-13_14-10-40 11500
2020-07-13_14-10-40 11500
2020-07-13_14-10-40 11500
2020-07-13_14-10-40 11500
2020-07-13_14-10-40 11510
2020-07-13_14-10-40 11500
2020-07-13_14-10-40 11500
2020-07-13_14-10-40 11510
2020-07-13_14-10-40 11510
2020-07-13_14-10-40 11510
2020-07-13_14-10-40 11510
2020-07-13_14-10-40 11510
2020-07-13_14-10-40 11510
2020-07-13_14-10-40 11510
2020-07-13_14-10-40 11510
2020-07-13_14-10-40 11510
2020-07-13_14-10-40 11510
2020-07-13_14-10-40 11510
2020-07-13_14-10-40 11500
2020-07-13_14-10-40 11500
2020-07-13_14-10-40 11500
2020-07-13_14-10-40 11500
2020-07-13_14-10-40 11500
2020-07-13_14-10-40 11490
2020-07-13_14-10-40 11490
2020-07-13_14-10-40 11500
2020-07-13_14-10-40 11500
2020-07-13_14-10-40 11500
2020-07-13_14-10-40 11510
2020-07-13_14-10-40 11500
2020-07-13_14-10-40 11510
2020-07-13_14-10-40 11510
2020-07-13_14-10-40 11530
2020-07-13_14-10-40 11550
2020-07-13_14-10-40 11570
2020-07-13_14-10-40 11580
2020-07-13_14-10-40 11580
2020-07-13_14-10-40 11580
2020-07-13_14-10-40 11570
2020-07-13_14-10-40 11570
2020-07-13_14-10-40 11580
2020-07-13_14-10-40 11590
2020-07-13_14-10-40 11580
2020-07-13_14-10-40 11580
2020-07-13_14-10-40 11580
2020-07-13_14-10-40 11580
2020-07-13_14-10-40 11580
2020-07-13_14-10-40 11580
2020-07-13_14-10-40 11580
2020-07-13_14-10-40 11580
2020-07-13_14-10-40 11590
2020-07-13_14-10-40 11600
2020-07-13_14-10-40 11600
2020-07-13_14-10-40 11580
2020-07-13_14-10-40 11570
2020-07-13_14-10-40 11580
2020-07-13_14-10-40 11580
2020-07-13_14-10-40 11570
2020-07-13_14-10-40 11580
2020-07-13_14-10-40 11590
2020-07-13_14-10-40 11590
2020-07-13_14-10-40 11590
2020-07-13_14-10-40 11580
2020-07-13_14-10-40 11580
2020-07-13_14-10-40 11580
2020-07-13_14-10-40 11590
2020-07-13_14-10-40 11580
2020-07-13_14-10-40 11570
2020-07-13_14-10-40 11570
2020-07-13_14-10-40 11580
2020-07-13_14-10-40 11580
2020-07-13_14-10-40 11580
2020-07-13_14-10-40 11580
2020-07-13_14-10-40 11580
2020-07-13_14-10-40 11580
2020-07-13_14-10-40 11580
2020-07-13_14-10-40 11580
2020-07-13_14-10-40 11580
2020-07-13_14-10-40 11580
2020-07-13_14-10-40 11580
2020-07-13_14-10-40 11580
2020-07-13_14-10-40 11570
2020-07-13_14-10-40 11580
2020-07-13_14-10-40 11580
2020-07-13_14-10-40 11580
2020-07-13_14-10-40 11590
2020-07-13_14-10-40 11590
2020-07-13_14-10-40 11580
2020-07-13_14-10-40 11580
2020-07-13_14-10-40 11590
2020-07-13_14-10-40 11580
2020-07-13_14-10-40 11580
2020-07-13_14-10-40 11580
2020-07-13_14-10-40 11580
2020-07-13_14-10-40 11580
2020-07-13_14-10-40 11580
2020-07-13_14-10-40 11590
2020-07-13_14-10-40 11580
2020-07-13_14-10-40 11590
2020-07-13_14-10-40 11590
2020-07-13_14-10-40 11590
2020-07-13_14-10-40 11590
2020-07-13_14-10-40 11590
2020-07-13_14-10-40 11590
2020-07-13_14-10-40 11580
2020-07-13_14-10-40 11580
2020-07-13_14-10-40 11580
2020-07-13_14-10-40 11580
2020-07-13_14-10-40 11580
2020-07-13_14-10-40 11580
2020-07-13_14-10-40 11570
2020-07-13_14-10-40 11580
2020-07-13_14-10-40 11580
2020-07-13_14-10-40 11580
2020-07-13_14-10-40 11580
2020-07-13_14-10-40 11590
2020-07-13_14-10-40 11590
2020-07-13_14-10-40 11580
2020-07-13_14-10-40 11580
2020-07-13_14-10-40 11580
2020-07-13_14-10-40 11580
2020-07-13_14-10-40 11580
2020-07-13_14-10-40 11590
2020-07-13_14-10-40 11590
2020-07-13_14-10-40 11580
2020-07-13_14-10-40 11580
2020-07-13_14-10-40 11580
2020-07-13_14-10-40 11580
2020-07-13_14-10-40 11570
2020-07-13_14-10-40 11580
2020-07-13_14-10-40 11580
2020-07-13_14-10-40 11570
2020-07-13_14-10-40 11540
2020-07-13_14-10-40 11540
2020-07-13_14-10-40 11570
2020-07-13_14-10-40 11580
2020-07-13_14-10-40 11550
2020-07-13_14-10-40 11520
2020-07-13_14-10-40 11540
2020-07-13_14-10-40 11570
2020-07-13_14-10-40 11550
2020-07-13_14-10-40 11520
2020-07-13_14-10-40 11510
2020-07-13_14-10-40 11560
2020-07-13_14-10-40 11600
2020-07-13_14-10-40 11550
2020-07-13_14-10-40 11500
2020-07-13_14-10-40 11520
2020-07-13_14-10-40 11540
2020-07-13_14-10-40 11520
2020-07-13_14-10-40 11510
2020-07-13_14-10-40 11550
2020-07-13_14-10-40 11500
2020-07-13_14-10-40 11440
2020-07-13_14-10-40 11550
2020-07-13_14-10-40 11680
2020-07-13_14-10-40 11590
2020-07-13_14-10-40 11490
2020-07-13_14-10-40 11560
2020-07-13_14-10-40 11630
2020-07-13_14-10-40 11540
2020-07-13_14-10-40 11470
2020-07-13_14-10-40 11520
2020-07-13_14-10-40 11250
2020-07-13_14-10-40 10550
2020-07-13_14-10-40 9830
2020-07-13_14-10-40 9470
2020-07-13_14-10-40 9380
2020-07-13_14-10-40 9330
2020-07-13_14-10-40 9280
2020-07-13_14-10-40 9270
2020-07-13_14-10-40 9270
2020-07-13_14-10-40 9320
2020-07-13_14-10-40 9410
2020-07-13_14-10-40 9410
2020-07-13_14-10-40 9380
2020-07-13_14-10-40 9400
2020-07-13_14-10-40 9430
2020-07-13_14-10-40 9360
2020-07-13_14-10-40 9320
2020-07-13_14-10-40 9020
2020-07-13_14-10-40 7090
2020-07-13_14-10-40 4020
2020-07-13_14-10-40 1200
