2020-07-13_14-11-10 8160
2020-07-13_14-11-10 9280
2020-07-13_14-11-10 8760
2020-07-13_14-11-10 8620
2020-07-13_14-11-10 8690
2020-07-13_14-11-10 8650
2020-07-13_14-11-10 8600
2020-07-13_14-11-10 8580
2020-07-13_14-11-10 8650
2020-07-13_14-11-10 8620
2020-07-13_14-11-10 8660
2020-07-13_14-11-10 8720
2020-07-13_14-11-10 8610
2020-07-13_14-11-10 8710
2020-07-13_14-11-10 8640
2020-07-13_14-11-10 8700
2020-07-13_14-11-10 8660
2020-07-13_14-11-10 8670
2020-07-13_14-11-10 8700
2020-07-13_14-11-10 8670
2020-07-13_14-11-10 8680
2020-07-13_14-11-10 8670
2020-07-13_14-11-10 8670
2020-07-13_14-11-10 8680
2020-07-13_14-11-10 8680
2020-07-13_14-11-10 8680
2020-07-13_14-11-10 8680
2020-07-13_14-11-10 8680
2020-07-13_14-11-10 8690
2020-07-13_14-11-10 8680
2020-07-13_14-11-10 8670
2020-07-13_14-11-10 8680
2020-07-13_14-11-10 8690
2020-07-13_14-11-10 8680
2020-07-13_14-11-10 8680
2020-07-13_14-11-10 8670
2020-07-13_14-11-10 8680
2020-07-13_14-11-10 8680
2020-07-13_14-11-10 8690
2020-07-13_14-11-10 8690
2020-07-13_14-11-10 8690
2020-07-13_14-11-10 8680
2020-07-13_14-11-10 8680
2020-07-13_14-11-10 8680
2020-07-13_14-11-10 8670
2020-07-13_14-11-10 8670
2020-07-13_14-11-10 8670
2020-07-13_14-11-10 8660
2020-07-13_14-11-10 8630
2020-07-13_14-11-10 8700
2020-07-13_14-11-10 8530
2020-07-13_14-11-10 8600
2020-07-13_14-11-10 8550
2020-07-13_14-11-10 8670
2020-07-13_14-11-10 8710
2020-07-13_14-11-10 8600
2020-07-13_14-11-10 8660
2020-07-13_14-11-10 8550
2020-07-13_14-11-10 8750
2020-07-13_14-11-10 7540
2020-07-13_14-11-10 6570
2020-07-13_14-11-10 6360
2020-07-13_14-11-10 6380
2020-07-13_14-11-10 6440
2020-07-13_14-11-10 6260
2020-07-13_14-11-10 5530
2020-07-13_14-11-10 1820
