2020-07-13_14-11-11 1290
2020-07-13_14-11-11 1990
2020-07-13_14-11-11 2050
2020-07-13_14-11-11 1960
2020-07-13_14-11-11 1900
2020-07-13_14-11-11 1920
2020-07-13_14-11-11 1950
2020-07-13_14-11-11 1960
2020-07-13_14-11-11 1940
2020-07-13_14-11-11 1960
2020-07-13_14-11-11 1980
2020-07-13_14-11-11 2000
2020-07-13_14-11-11 2390
2020-07-13_14-11-11 3590
2020-07-13_14-11-11 5200
2020-07-13_14-11-11 6280
2020-07-13_14-11-11 6430
2020-07-13_14-11-11 6350
2020-07-13_14-11-11 6330
2020-07-13_14-11-11 6370
2020-07-13_14-11-11 6360
2020-07-13_14-11-11 6350
2020-07-13_14-11-11 6360
2020-07-13_14-11-11 6300
2020-07-13_14-11-11 6340
2020-07-13_14-11-11 6400
2020-07-13_14-11-11 6340
2020-07-13_14-11-11 6290
2020-07-13_14-11-11 6330
2020-07-13_14-11-11 6360
2020-07-13_14-11-11 6330
2020-07-13_14-11-12 6320
2020-07-13_14-11-12 6330
2020-07-13_14-11-12 6320
2020-07-13_14-11-12 6290
2020-07-13_14-11-12 6310
2020-07-13_14-11-12 6330
2020-07-13_14-11-12 6290
2020-07-13_14-11-12 6290
2020-07-13_14-11-12 6310
2020-07-13_14-11-12 6320
2020-07-13_14-11-12 6330
2020-07-13_14-11-12 6380
2020-07-13_14-11-12 6380
2020-07-13_14-11-12 6320
2020-07-13_14-11-12 6320
2020-07-13_14-11-12 6360
2020-07-13_14-11-12 6350
2020-07-13_14-11-12 6350
2020-07-13_14-11-12 6350
2020-07-13_14-11-12 6360
2020-07-13_14-11-12 6360
2020-07-13_14-11-12 6360
2020-07-13_14-11-12 6360
2020-07-13_14-11-12 6360
2020-07-13_14-11-12 6360
2020-07-13_14-11-12 6360
2020-07-13_14-11-12 6350
2020-07-13_14-11-12 6350
2020-07-13_14-11-12 6370
2020-07-13_14-11-12 6370
2020-07-13_14-11-12 6370
2020-07-13_14-11-12 6370
2020-07-13_14-11-12 6350
2020-07-13_14-11-12 6340
2020-07-13_14-11-12 6340
2020-07-13_14-11-12 6340
2020-07-13_14-11-12 6360
2020-07-13_14-11-12 6390
2020-07-13_14-11-12 6400
2020-07-13_14-11-12 6380
2020-07-13_14-11-12 6310
2020-07-13_14-11-12 6290
2020-07-13_14-11-12 6270
2020-07-13_14-11-12 6260
2020-07-13_14-11-12 6270
2020-07-13_14-11-12 6270
2020-07-13_14-11-12 6270
2020-07-13_14-11-12 6280
2020-07-13_14-11-12 6300
2020-07-13_14-11-12 6320
2020-07-13_14-11-12 6340
2020-07-13_14-11-12 6360
2020-07-13_14-11-12 6370
2020-07-13_14-11-12 6370
2020-07-13_14-11-12 6360
2020-07-13_14-11-12 6350
2020-07-13_14-11-12 6360
2020-07-13_14-11-12 6340
2020-07-13_14-11-12 6350
2020-07-13_14-11-12 6370
2020-07-13_14-11-12 6340
2020-07-13_14-11-12 6340
2020-07-13_14-11-12 6360
2020-07-13_14-11-12 6360
2020-07-13_14-11-12 6350
2020-07-13_14-11-12 6350
2020-07-13_14-11-12 6350
2020-07-13_14-11-12 6340
2020-07-13_14-11-12 6350
2020-07-13_14-11-12 6350
2020-07-13_14-11-12 6370
2020-07-13_14-11-12 6340
2020-07-13_14-11-12 6350
2020-07-13_14-11-12 6360
2020-07-13_14-11-12 6360
2020-07-13_14-11-12 6360
2020-07-13_14-11-12 6370
2020-07-13_14-11-12 6340
2020-07-13_14-11-12 6300
2020-07-13_14-11-12 6260
2020-07-13_14-11-12 6260
2020-07-13_14-11-12 6270
2020-07-13_14-11-12 6270
2020-07-13_14-11-12 6270
2020-07-13_14-11-12 6270
2020-07-13_14-11-12 6260
2020-07-13_14-11-12 6270
2020-07-13_14-11-12 6270
2020-07-13_14-11-12 6270
2020-07-13_14-11-12 6270
2020-07-13_14-11-12 6270
2020-07-13_14-11-12 6270
2020-07-13_14-11-12 6270
2020-07-13_14-11-12 6270
2020-07-13_14-11-12 6270
2020-07-13_14-11-12 6270
2020-07-13_14-11-12 6270
2020-07-13_14-11-12 6270
2020-07-13_14-11-12 6270
2020-07-13_14-11-12 6270
2020-07-13_14-11-12 6270
2020-07-13_14-11-12 6270
2020-07-13_14-11-12 6270
2020-07-13_14-11-12 6270
2020-07-13_14-11-12 6260
2020-07-13_14-11-12 6260
2020-07-13_14-11-12 6260
2020-07-13_14-11-12 6270
2020-07-13_14-11-12 6260
2020-07-13_14-11-12 6260
2020-07-13_14-11-12 6260
2020-07-13_14-11-12 6270
2020-07-13_14-11-12 6270
2020-07-13_14-11-12 6260
2020-07-13_14-11-12 6260
2020-07-13_14-11-12 6270
2020-07-13_14-11-12 6260
2020-07-13_14-11-12 6260
2020-07-13_14-11-12 6250
2020-07-13_14-11-12 6260
2020-07-13_14-11-12 6270
2020-07-13_14-11-12 6270
2020-07-13_14-11-12 6270
2020-07-13_14-11-12 6280
2020-07-13_14-11-12 6260
2020-07-13_14-11-12 6260
2020-07-13_14-11-12 6270
2020-07-13_14-11-12 6280
2020-07-13_14-11-12 6270
2020-07-13_14-11-12 6260
2020-07-13_14-11-12 6260
2020-07-13_14-11-12 6260
2020-07-13_14-11-12 6260
2020-07-13_14-11-12 6260
2020-07-13_14-11-12 6260
2020-07-13_14-11-12 6270
2020-07-13_14-11-12 6270
2020-07-13_14-11-12 6270
2020-07-13_14-11-12 6280
2020-07-13_14-11-12 6270
2020-07-13_14-11-12 6260
2020-07-13_14-11-12 6260
2020-07-13_14-11-12 6260
2020-07-13_14-11-12 6260
2020-07-13_14-11-12 6270
2020-07-13_14-11-12 6270
2020-07-13_14-11-12 6270
2020-07-13_14-11-12 6270
2020-07-13_14-11-12 6270
2020-07-13_14-11-12 6260
2020-07-13_14-11-12 6270
2020-07-13_14-11-12 6270
2020-07-13_14-11-12 6270
2020-07-13_14-11-12 6270
2020-07-13_14-11-12 6260
2020-07-13_14-11-12 6260
2020-07-13_14-11-12 6260
2020-07-13_14-11-12 6260
2020-07-13_14-11-12 6270
2020-07-13_14-11-12 6360
2020-07-13_14-11-12 6350
2020-07-13_14-11-12 6360
2020-07-13_14-11-12 6360
2020-07-13_14-11-12 6340
2020-07-13_14-11-12 6360
2020-07-13_14-11-12 6350
2020-07-13_14-11-12 6340
2020-07-13_14-11-12 6350
2020-07-13_14-11-12 6360
2020-07-13_14-11-12 6360
2020-07-13_14-11-12 6360
2020-07-13_14-11-12 6350
2020-07-13_14-11-12 6360
2020-07-13_14-11-12 6370
2020-07-13_14-11-12 6360
2020-07-13_14-11-12 6340
2020-07-13_14-11-12 6330
2020-07-13_14-11-12 6330
2020-07-13_14-11-12 6270
2020-07-13_14-11-12 6270
2020-07-13_14-11-12 6270
2020-07-13_14-11-12 6350
2020-07-13_14-11-12 6340
2020-07-13_14-11-12 6360
2020-07-13_14-11-12 6360
2020-07-13_14-11-12 6350
2020-07-13_14-11-12 6360
2020-07-13_14-11-12 6350
2020-07-13_14-11-12 6350
2020-07-13_14-11-12 6370
2020-07-13_14-11-12 6350
2020-07-13_14-11-12 6360
2020-07-13_14-11-12 6270
2020-07-13_14-11-12 6270
2020-07-13_14-11-12 6270
2020-07-13_14-11-12 6260
2020-07-13_14-11-12 6270
2020-07-13_14-11-12 6270
2020-07-13_14-11-12 6270
2020-07-13_14-11-12 6270
2020-07-13_14-11-12 6270
2020-07-13_14-11-12 6270
2020-07-13_14-11-12 6270
2020-07-13_14-11-12 6270
2020-07-13_14-11-12 6270
2020-07-13_14-11-12 6270
2020-07-13_14-11-12 6260
2020-07-13_14-11-12 6260
2020-07-13_14-11-12 6260
2020-07-13_14-11-12 6260
2020-07-13_14-11-12 6270
2020-07-13_14-11-12 6260
2020-07-13_14-11-12 6260
2020-07-13_14-11-12 6250
2020-07-13_14-11-12 6270
2020-07-13_14-11-12 6270
2020-07-13_14-11-12 6270
2020-07-13_14-11-12 6270
2020-07-13_14-11-12 6270
2020-07-13_14-11-12 6260
2020-07-13_14-11-12 6260
2020-07-13_14-11-12 6280
2020-07-13_14-11-12 6260
2020-07-13_14-11-12 6260
2020-07-13_14-11-12 6270
2020-07-13_14-11-12 6270
2020-07-13_14-11-12 6270
2020-07-13_14-11-12 6260
2020-07-13_14-11-12 6260
2020-07-13_14-11-12 6260
2020-07-13_14-11-12 6260
2020-07-13_14-11-12 6270
2020-07-13_14-11-12 6270
2020-07-13_14-11-12 6270
2020-07-13_14-11-12 6270
2020-07-13_14-11-12 6270
2020-07-13_14-11-12 6270
2020-07-13_14-11-12 6270
2020-07-13_14-11-12 6270
2020-07-13_14-11-12 6270
2020-07-13_14-11-12 6270
2020-07-13_14-11-12 6270
2020-07-13_14-11-12 6270
2020-07-13_14-11-12 6270
2020-07-13_14-11-12 6270
2020-07-13_14-11-12 6270
2020-07-13_14-11-12 6270
2020-07-13_14-11-12 6270
2020-07-13_14-11-12 6270
2020-07-13_14-11-12 6270
2020-07-13_14-11-12 6270
2020-07-13_14-11-12 6270
2020-07-13_14-11-12 6270
2020-07-13_14-11-12 6270
2020-07-13_14-11-12 6270
2020-07-13_14-11-12 6270
2020-07-13_14-11-12 6270
2020-07-13_14-11-12 6270
2020-07-13_14-11-12 6270
2020-07-13_14-11-12 6270
2020-07-13_14-11-12 6270
2020-07-13_14-11-12 6270
2020-07-13_14-11-12 6270
2020-07-13_14-11-12 6270
2020-07-13_14-11-12 6270
2020-07-13_14-11-12 6270
2020-07-13_14-11-12 6270
2020-07-13_14-11-12 6270
2020-07-13_14-11-12 6270
2020-07-13_14-11-12 6270
2020-07-13_14-11-12 6270
2020-07-13_14-11-12 6270
2020-07-13_14-11-12 6270
2020-07-13_14-11-12 6270
2020-07-13_14-11-12 6270
2020-07-13_14-11-12 6270
2020-07-13_14-11-12 6270
2020-07-13_14-11-12 6270
2020-07-13_14-11-12 6260
2020-07-13_14-11-12 6260
2020-07-13_14-11-12 6270
2020-07-13_14-11-12 6270
2020-07-13_14-11-12 6270
2020-07-13_14-11-12 6270
2020-07-13_14-11-12 6270
2020-07-13_14-11-12 6270
2020-07-13_14-11-12 6270
2020-07-13_14-11-12 6270
2020-07-13_14-11-12 6270
2020-07-13_14-11-12 6270
2020-07-13_14-11-12 6270
2020-07-13_14-11-12 6270
2020-07-13_14-11-12 6270
2020-07-13_14-11-12 6270
2020-07-13_14-11-12 6270
2020-07-13_14-11-12 6270
2020-07-13_14-11-12 6270
2020-07-13_14-11-12 6270
2020-07-13_14-11-12 6270
2020-07-13_14-11-12 6270
2020-07-13_14-11-12 6270
2020-07-13_14-11-12 6270
2020-07-13_14-11-12 6270
2020-07-13_14-11-12 6270
2020-07-13_14-11-12 6270
2020-07-13_14-11-12 6270
2020-07-13_14-11-12 6270
2020-07-13_14-11-12 6270
2020-07-13_14-11-12 6270
2020-07-13_14-11-12 6270
2020-07-13_14-11-12 6270
2020-07-13_14-11-12 6270
2020-07-13_14-11-12 6260
2020-07-13_14-11-12 6270
2020-07-13_14-11-12 6270
2020-07-13_14-11-12 6270
2020-07-13_14-11-12 6270
2020-07-13_14-11-12 6250
2020-07-13_14-11-12 6260
2020-07-13_14-11-12 6260
2020-07-13_14-11-12 6260
2020-07-13_14-11-12 6260
2020-07-13_14-11-12 6260
2020-07-13_14-11-12 6260
2020-07-13_14-11-12 6260
2020-07-13_14-11-12 6260
2020-07-13_14-11-12 6270
2020-07-13_14-11-12 6270
2020-07-13_14-11-12 6270
2020-07-13_14-11-12 6270
2020-07-13_14-11-12 6270
2020-07-13_14-11-12 6270
2020-07-13_14-11-12 6270
2020-07-13_14-11-12 6270
2020-07-13_14-11-12 6270
2020-07-13_14-11-12 6270
2020-07-13_14-11-12 6270
2020-07-13_14-11-12 6270
2020-07-13_14-11-12 6270
2020-07-13_14-11-12 6270
2020-07-13_14-11-12 6270
2020-07-13_14-11-12 6270
2020-07-13_14-11-12 6270
2020-07-13_14-11-12 6260
2020-07-13_14-11-12 6260
2020-07-13_14-11-12 6260
2020-07-13_14-11-12 6260
2020-07-13_14-11-12 6260
2020-07-13_14-11-12 6260
2020-07-13_14-11-12 6260
2020-07-13_14-11-12 6260
2020-07-13_14-11-12 6260
2020-07-13_14-11-12 6270
2020-07-13_14-11-12 6260
2020-07-13_14-11-12 6260
2020-07-13_14-11-12 6270
2020-07-13_14-11-12 6270
2020-07-13_14-11-12 6270
2020-07-13_14-11-12 6270
2020-07-13_14-11-12 6270
2020-07-13_14-11-12 6270
2020-07-13_14-11-12 6270
2020-07-13_14-11-12 6270
2020-07-13_14-11-12 6270
2020-07-13_14-11-12 6270
2020-07-13_14-11-12 6270
2020-07-13_14-11-12 6270
2020-07-13_14-11-12 6270
2020-07-13_14-11-12 6270
2020-07-13_14-11-12 6270
2020-07-13_14-11-12 6270
2020-07-13_14-11-12 6270
2020-07-13_14-11-12 6260
2020-07-13_14-11-12 6270
2020-07-13_14-11-12 6260
2020-07-13_14-11-12 6260
2020-07-13_14-11-12 6260
2020-07-13_14-11-12 6260
2020-07-13_14-11-12 6260
2020-07-13_14-11-12 6270
2020-07-13_14-11-12 6260
2020-07-13_14-11-12 6260
2020-07-13_14-11-12 6270
2020-07-13_14-11-12 6270
2020-07-13_14-11-12 6270
2020-07-13_14-11-12 6270
2020-07-13_14-11-12 6270
2020-07-13_14-11-12 6270
2020-07-13_14-11-12 6270
2020-07-13_14-11-12 6270
2020-07-13_14-11-12 6270
2020-07-13_14-11-12 6270
2020-07-13_14-11-12 6270
2020-07-13_14-11-12 6260
2020-07-13_14-11-12 6270
2020-07-13_14-11-12 6260
2020-07-13_14-11-12 6270
2020-07-13_14-11-12 6270
2020-07-13_14-11-12 6260
2020-07-13_14-11-12 6270
2020-07-13_14-11-12 6260
2020-07-13_14-11-12 6270
2020-07-13_14-11-12 6270
2020-07-13_14-11-12 6270
2020-07-13_14-11-12 6270
2020-07-13_14-11-12 6270
2020-07-13_14-11-12 6270
2020-07-13_14-11-12 6270
2020-07-13_14-11-12 6270
2020-07-13_14-11-12 6270
2020-07-13_14-11-12 6270
2020-07-13_14-11-12 6270
2020-07-13_14-11-12 6270
2020-07-13_14-11-12 6270
2020-07-13_14-11-12 6270
2020-07-13_14-11-12 6270
2020-07-13_14-11-12 6270
2020-07-13_14-11-12 6270
2020-07-13_14-11-12 6270
2020-07-13_14-11-12 6270
2020-07-13_14-11-12 6270
2020-07-13_14-11-12 6270
2020-07-13_14-11-12 6270
2020-07-13_14-11-12 6260
2020-07-13_14-11-12 6270
2020-07-13_14-11-12 6270
2020-07-13_14-11-12 6270
2020-07-13_14-11-12 6270
2020-07-13_14-11-12 6270
2020-07-13_14-11-12 6270
2020-07-13_14-11-12 6270
2020-07-13_14-11-12 6270
2020-07-13_14-11-12 6270
2020-07-13_14-11-12 6270
2020-07-13_14-11-12 6270
2020-07-13_14-11-12 6270
2020-07-13_14-11-12 6270
2020-07-13_14-11-12 6270
2020-07-13_14-11-12 6270
2020-07-13_14-11-12 6270
2020-07-13_14-11-12 6270
2020-07-13_14-11-12 6270
2020-07-13_14-11-12 6270
2020-07-13_14-11-12 6270
2020-07-13_14-11-12 6270
2020-07-13_14-11-12 6270
2020-07-13_14-11-12 6270
2020-07-13_14-11-12 6270
2020-07-13_14-11-12 6270
2020-07-13_14-11-12 6270
2020-07-13_14-11-12 6270
2020-07-13_14-11-12 6270
2020-07-13_14-11-12 6270
2020-07-13_14-11-12 6270
2020-07-13_14-11-12 6270
2020-07-13_14-11-12 6270
2020-07-13_14-11-12 6270
2020-07-13_14-11-12 6270
2020-07-13_14-11-12 6270
2020-07-13_14-11-12 6270
2020-07-13_14-11-12 6270
2020-07-13_14-11-12 6270
2020-07-13_14-11-12 6260
2020-07-13_14-11-12 6270
2020-07-13_14-11-12 6260
2020-07-13_14-11-12 6270
2020-07-13_14-11-12 6260
2020-07-13_14-11-12 6270
2020-07-13_14-11-12 6270
2020-07-13_14-11-12 6260
2020-07-13_14-11-12 6270
2020-07-13_14-11-12 6270
2020-07-13_14-11-12 6270
2020-07-13_14-11-12 6270
2020-07-13_14-11-12 6270
2020-07-13_14-11-12 6270
2020-07-13_14-11-12 6270
2020-07-13_14-11-12 6270
2020-07-13_14-11-12 6270
2020-07-13_14-11-12 6270
2020-07-13_14-11-12 6270
2020-07-13_14-11-12 6270
2020-07-13_14-11-12 6270
2020-07-13_14-11-12 6270
2020-07-13_14-11-12 6270
2020-07-13_14-11-12 6260
2020-07-13_14-11-12 6270
2020-07-13_14-11-12 6270
2020-07-13_14-11-12 6270
2020-07-13_14-11-12 6320
2020-07-13_14-11-12 6270
2020-07-13_14-11-12 6350
2020-07-13_14-11-12 6360
2020-07-13_14-11-12 6270
2020-07-13_14-11-12 6370
2020-07-13_14-11-12 6270
2020-07-13_14-11-12 6360
2020-07-13_14-11-12 6270
2020-07-13_14-11-12 6270
2020-07-13_14-11-12 6340
2020-07-13_14-11-12 6270
2020-07-13_14-11-12 6360
2020-07-13_14-11-12 6270
2020-07-13_14-11-12 6360
2020-07-13_14-11-12 6260
2020-07-13_14-11-12 6340
2020-07-13_14-11-12 6260
2020-07-13_14-11-12 6350
2020-07-13_14-11-12 6260
2020-07-13_14-11-12 6360
2020-07-13_14-11-12 6270
2020-07-13_14-11-12 6370
2020-07-13_14-11-12 6260
2020-07-13_14-11-12 6360
2020-07-13_14-11-12 6260
2020-07-13_14-11-12 6350
2020-07-13_14-11-12 6260
2020-07-13_14-11-12 6370
2020-07-13_14-11-12 6260
2020-07-13_14-11-12 6370
2020-07-13_14-11-12 6260
2020-07-13_14-11-12 6350
2020-07-13_14-11-12 6260
2020-07-13_14-11-12 6340
2020-07-13_14-11-12 6260
2020-07-13_14-11-12 6330
2020-07-13_14-11-12 6260
2020-07-13_14-11-12 6300
2020-07-13_14-11-12 6260
2020-07-13_14-11-12 6270
2020-07-13_14-11-12 6260
2020-07-13_14-11-12 6270
2020-07-13_14-11-12 6260
2020-07-13_14-11-12 6270
2020-07-13_14-11-12 6270
2020-07-13_14-11-12 6270
2020-07-13_14-11-12 6270
2020-07-13_14-11-12 6270
2020-07-13_14-11-12 6270
2020-07-13_14-11-12 6270
2020-07-13_14-11-12 6270
2020-07-13_14-11-12 6270
2020-07-13_14-11-12 6270
2020-07-13_14-11-12 6270
2020-07-13_14-11-12 6290
2020-07-13_14-11-12 6270
2020-07-13_14-11-12 6310
2020-07-13_14-11-12 6270
2020-07-13_14-11-12 6330
2020-07-13_14-11-12 6270
2020-07-13_14-11-12 6270
2020-07-13_14-11-12 6350
2020-07-13_14-11-12 6260
2020-07-13_14-11-12 6350
2020-07-13_14-11-12 6350
2020-07-13_14-11-12 6260
2020-07-13_14-11-12 6260
2020-07-13_14-11-12 6350
2020-07-13_14-11-12 6350
2020-07-13_14-11-12 6270
2020-07-13_14-11-12 6270
2020-07-13_14-11-12 6350
2020-07-13_14-11-12 6350
2020-07-13_14-11-12 6260
2020-07-13_14-11-12 6350
2020-07-13_14-11-12 6270
2020-07-13_14-11-12 6350
2020-07-13_14-11-12 6270
2020-07-13_14-11-12 6340
2020-07-13_14-11-12 6270
2020-07-13_14-11-12 6300
2020-07-13_14-11-12 6270
2020-07-13_14-11-12 6310
2020-07-13_14-11-12 6270
2020-07-13_14-11-12 6340
2020-07-13_14-11-12 6270
2020-07-13_14-11-12 6360
2020-07-13_14-11-12 6270
2020-07-13_14-11-12 6360
2020-07-13_14-11-12 6270
2020-07-13_14-11-12 6340
2020-07-13_14-11-12 6270
2020-07-13_14-11-12 6360
2020-07-13_14-11-12 6360
2020-07-13_14-11-12 6270
2020-07-13_14-11-12 6340
2020-07-13_14-11-12 6270
2020-07-13_14-11-12 6360
2020-07-13_14-11-12 6270
2020-07-13_14-11-12 6350
2020-07-13_14-11-12 6260
2020-07-13_14-11-12 6360
2020-07-13_14-11-12 6270
2020-07-13_14-11-12 6380
2020-07-13_14-11-12 6270
2020-07-13_14-11-12 6360
2020-07-13_14-11-12 6270
2020-07-13_14-11-12 6360
2020-07-13_14-11-12 6270
2020-07-13_14-11-12 6360
2020-07-13_14-11-12 6270
2020-07-13_14-11-12 6360
2020-07-13_14-11-12 6270
2020-07-13_14-11-12 6360
2020-07-13_14-11-12 6270
2020-07-13_14-11-12 6360
2020-07-13_14-11-12 6270
2020-07-13_14-11-12 6350
2020-07-13_14-11-12 6270
2020-07-13_14-11-12 6360
2020-07-13_14-11-12 6270
2020-07-13_14-11-12 6360
2020-07-13_14-11-12 6270
2020-07-13_14-11-12 6270
2020-07-13_14-11-12 6360
2020-07-13_14-11-12 6350
2020-07-13_14-11-12 6270
2020-07-13_14-11-12 6350
2020-07-13_14-11-12 6270
2020-07-13_14-11-12 6270
2020-07-13_14-11-12 6350
2020-07-13_14-11-12 6350
2020-07-13_14-11-12 6260
2020-07-13_14-11-12 6260
2020-07-13_14-11-12 6360
2020-07-13_14-11-12 6360
2020-07-13_14-11-12 6270
2020-07-13_14-11-12 6380
2020-07-13_14-11-12 6270
2020-07-13_14-11-12 6360
2020-07-13_14-11-12 6270
2020-07-13_14-11-12 6330
2020-07-13_14-11-12 6270
2020-07-13_14-11-12 6270
2020-07-13_14-11-12 6340
2020-07-13_14-11-12 6270
2020-07-13_14-11-12 6330
2020-07-13_14-11-12 6270
2020-07-13_14-11-12 6300
2020-07-13_14-11-12 6360
2020-07-13_14-11-12 6270
2020-07-13_14-11-12 6330
2020-07-13_14-11-12 6270
2020-07-13_14-11-12 6340
2020-07-13_14-11-12 6290
2020-07-13_14-11-12 6320
2020-07-13_14-11-12 6370
2020-07-13_14-11-12 6400
2020-07-13_14-11-12 6340
2020-07-13_14-11-12 6040
2020-07-13_14-11-12 6350
2020-07-13_14-11-12 4810
2020-07-13_14-11-12 6350
2020-07-13_14-11-12 4410
2020-07-13_14-11-12 6360
2020-07-13_14-11-12 4420
2020-07-13_14-11-12 6270
2020-07-13_14-11-12 4420
2020-07-13_14-11-12 6270
2020-07-13_14-11-12 4420
2020-07-13_14-11-12 6270
2020-07-13_14-11-12 4330
2020-07-13_14-11-12 6270
2020-07-13_14-11-12 3470
2020-07-13_14-11-12 6270
