2020-07-13_14-09-58 1510
2020-07-13_14-09-58 2620
2020-07-13_14-09-58 3170
2020-07-13_14-09-58 3550
2020-07-13_14-09-58 3720
2020-07-13_14-09-58 3750
2020-07-13_14-09-58 3750
2020-07-13_14-09-58 3750
2020-07-13_14-09-58 3750
2020-07-13_14-09-58 3710
2020-07-13_14-09-58 3670
2020-07-13_14-09-58 3690
2020-07-13_14-09-58 3740
2020-07-13_14-09-58 3770
2020-07-13_14-09-58 3780
2020-07-13_14-09-58 3770
2020-07-13_14-09-58 3730
2020-07-13_14-09-58 3730
2020-07-13_14-09-58 3750
2020-07-13_14-09-58 3770
2020-07-13_14-09-58 3760
2020-07-13_14-09-58 3730
2020-07-13_14-09-58 3720
2020-07-13_14-09-58 3730
2020-07-13_14-09-58 3750
2020-07-13_14-09-58 3750
2020-07-13_14-09-58 3750
2020-07-13_14-09-58 3750
2020-07-13_14-09-58 3750
2020-07-13_14-09-58 3750
2020-07-13_14-09-58 3750
2020-07-13_14-09-58 3740
2020-07-13_14-09-58 3730
2020-07-13_14-09-58 3710
2020-07-13_14-09-58 3710
2020-07-13_14-09-58 3710
2020-07-13_14-09-58 3710
2020-07-13_14-09-58 3720
2020-07-13_14-09-58 3710
2020-07-13_14-09-58 3690
2020-07-13_14-09-58 3660
2020-07-13_14-09-58 3650
2020-07-13_14-09-58 3620
2020-07-13_14-09-58 3630
2020-07-13_14-09-58 3750
2020-07-13_14-09-58 4380
2020-07-13_14-09-58 5410
2020-07-13_14-09-58 6360
2020-07-13_14-09-58 6800
2020-07-13_14-09-58 6810
2020-07-13_14-09-58 6780
2020-07-13_14-09-58 6740
2020-07-13_14-09-58 6720
2020-07-13_14-09-58 6690
2020-07-13_14-09-58 6680
2020-07-13_14-09-58 6690
2020-07-13_14-09-58 6710
2020-07-13_14-09-58 6730
2020-07-13_14-09-58 6720
2020-07-13_14-09-58 6700
2020-07-13_14-09-58 6650
2020-07-13_14-09-58 6600
2020-07-13_14-09-58 6680
2020-07-13_14-09-58 7210
2020-07-13_14-09-58 8170
2020-07-13_14-09-58 9040
2020-07-13_14-09-58 9510
2020-07-13_14-09-58 9550
2020-07-13_14-09-58 9560
2020-07-13_14-09-58 9540
2020-07-13_14-09-58 9550
2020-07-13_14-09-58 9560
2020-07-13_14-09-58 9560
2020-07-13_14-09-58 9550
2020-07-13_14-09-58 9540
2020-07-13_14-09-58 9560
2020-07-13_14-09-58 9550
2020-07-13_14-09-58 9550
2020-07-13_14-09-58 9550
2020-07-13_14-09-58 9550
2020-07-13_14-09-58 9550
2020-07-13_14-09-58 9550
2020-07-13_14-09-58 9580
2020-07-13_14-09-58 9550
2020-07-13_14-09-58 9550
2020-07-13_14-09-58 9540
2020-07-13_14-09-58 9560
2020-07-13_14-09-58 9550
2020-07-13_14-09-58 9540
2020-07-13_14-09-58 9550
2020-07-13_14-09-58 9530
2020-07-13_14-09-58 9530
2020-07-13_14-09-58 9540
2020-07-13_14-09-58 9550
2020-07-13_14-09-58 9540
2020-07-13_14-09-58 9540
2020-07-13_14-09-58 9550
2020-07-13_14-09-58 9540
2020-07-13_14-09-58 9540
2020-07-13_14-09-58 9550
2020-07-13_14-09-58 9550
2020-07-13_14-09-58 9530
2020-07-13_14-09-58 9540
2020-07-13_14-09-58 9550
2020-07-13_14-09-58 9550
2020-07-13_14-09-58 9560
2020-07-13_14-09-58 9570
2020-07-13_14-09-58 9570
2020-07-13_14-09-58 9590
2020-07-13_14-09-58 9590
2020-07-13_14-09-58 9610
2020-07-13_14-09-58 9530
2020-07-13_14-09-58 9570
2020-07-13_14-09-58 9550
2020-07-13_14-09-58 9560
2020-07-13_14-09-58 9490
2020-07-13_14-09-58 9520
2020-07-13_14-09-58 9550
2020-07-13_14-09-58 9530
2020-07-13_14-09-58 9540
2020-07-13_14-09-58 9550
2020-07-13_14-09-58 9560
2020-07-13_14-09-58 9520
2020-07-13_14-09-58 9570
2020-07-13_14-09-58 9550
2020-07-13_14-09-58 9550
2020-07-13_14-09-58 9540
2020-07-13_14-09-58 9560
2020-07-13_14-09-58 9550
2020-07-13_14-09-58 9540
2020-07-13_14-09-58 9560
2020-07-13_14-09-58 9550
2020-07-13_14-09-58 9550
2020-07-13_14-09-58 9540
2020-07-13_14-09-58 9550
2020-07-13_14-09-58 9540
2020-07-13_14-09-58 9550
2020-07-13_14-09-58 9550
2020-07-13_14-09-58 9540
2020-07-13_14-09-58 9540
2020-07-13_14-09-58 9550
2020-07-13_14-09-58 9550
2020-07-13_14-09-58 9550
2020-07-13_14-09-58 9550
2020-07-13_14-09-58 9550
2020-07-13_14-09-58 9550
2020-07-13_14-09-58 9550
2020-07-13_14-09-58 9550
2020-07-13_14-09-58 9550
2020-07-13_14-09-58 9550
2020-07-13_14-09-58 9550
2020-07-13_14-09-58 9550
2020-07-13_14-09-58 9550
2020-07-13_14-09-58 9550
2020-07-13_14-09-58 9540
2020-07-13_14-09-58 9540
2020-07-13_14-09-58 9550
2020-07-13_14-09-58 9550
2020-07-13_14-09-58 9550
2020-07-13_14-09-58 9550
2020-07-13_14-09-58 9550
2020-07-13_14-09-58 9550
2020-07-13_14-09-58 9550
2020-07-13_14-09-58 9550
2020-07-13_14-09-58 9550
2020-07-13_14-09-58 9550
2020-07-13_14-09-58 9550
2020-07-13_14-09-58 9550
2020-07-13_14-09-58 9550
2020-07-13_14-09-58 9550
2020-07-13_14-09-58 9560
2020-07-13_14-09-58 9550
2020-07-13_14-09-58 9550
2020-07-13_14-09-58 9540
2020-07-13_14-09-58 9540
2020-07-13_14-09-58 9540
2020-07-13_14-09-58 9530
2020-07-13_14-09-58 9530
2020-07-13_14-09-58 9530
2020-07-13_14-09-58 9530
2020-07-13_14-09-58 9510
2020-07-13_14-09-58 9500
2020-07-13_14-09-58 9490
2020-07-13_14-09-58 9500
2020-07-13_14-09-58 9490
2020-07-13_14-09-58 9480
2020-07-13_14-09-58 9480
2020-07-13_14-09-58 9480
2020-07-13_14-09-58 9470
2020-07-13_14-09-58 9470
2020-07-13_14-09-58 9470
2020-07-13_14-09-58 9470
2020-07-13_14-09-58 9470
2020-07-13_14-09-58 9470
2020-07-13_14-09-58 9470
2020-07-13_14-09-58 9470
2020-07-13_14-09-58 9470
2020-07-13_14-09-58 9470
2020-07-13_14-09-58 9470
2020-07-13_14-09-58 9470
2020-07-13_14-09-58 9470
2020-07-13_14-09-58 9470
2020-07-13_14-09-58 9470
2020-07-13_14-09-58 9470
2020-07-13_14-09-58 9470
2020-07-13_14-09-58 9470
2020-07-13_14-09-58 9490
2020-07-13_14-09-58 9520
2020-07-13_14-09-58 9540
2020-07-13_14-09-58 9540
2020-07-13_14-09-58 9560
2020-07-13_14-09-58 9560
2020-07-13_14-09-58 9560
2020-07-13_14-09-58 9550
2020-07-13_14-09-58 9540
2020-07-13_14-09-58 9550
2020-07-13_14-09-58 9550
2020-07-13_14-09-58 9560
2020-07-13_14-09-58 9550
2020-07-13_14-09-58 9540
2020-07-13_14-09-58 9540
2020-07-13_14-09-58 9550
2020-07-13_14-09-58 9550
2020-07-13_14-09-58 9550
2020-07-13_14-09-58 9540
2020-07-13_14-09-58 9530
2020-07-13_14-09-58 9530
2020-07-13_14-09-58 9520
2020-07-13_14-09-58 9500
2020-07-13_14-09-58 9480
2020-07-13_14-09-58 9460
2020-07-13_14-09-58 9470
2020-07-13_14-09-58 9470
2020-07-13_14-09-58 9480
2020-07-13_14-09-58 9480
2020-07-13_14-09-58 9470
2020-07-13_14-09-58 9470
2020-07-13_14-09-58 9470
2020-07-13_14-09-58 9470
2020-07-13_14-09-58 9470
2020-07-13_14-09-58 9470
2020-07-13_14-09-58 9470
2020-07-13_14-09-58 9470
2020-07-13_14-09-58 9470
2020-07-13_14-09-58 9470
2020-07-13_14-09-58 9470
2020-07-13_14-09-58 9470
2020-07-13_14-09-58 9480
2020-07-13_14-09-58 9480
2020-07-13_14-09-58 9480
2020-07-13_14-09-58 9470
2020-07-13_14-09-58 9470
2020-07-13_14-09-58 9470
2020-07-13_14-09-58 9470
2020-07-13_14-09-58 9470
2020-07-13_14-09-58 9470
2020-07-13_14-09-58 9470
2020-07-13_14-09-58 9470
2020-07-13_14-09-58 9470
2020-07-13_14-09-58 9470
2020-07-13_14-09-58 9470
2020-07-13_14-09-58 9470
2020-07-13_14-09-58 9470
2020-07-13_14-09-58 9470
2020-07-13_14-09-58 9470
2020-07-13_14-09-58 9470
2020-07-13_14-09-58 9470
2020-07-13_14-09-58 9470
2020-07-13_14-09-58 9470
2020-07-13_14-09-58 9470
2020-07-13_14-09-58 9470
2020-07-13_14-09-58 9470
2020-07-13_14-09-58 9470
2020-07-13_14-09-58 9470
2020-07-13_14-09-58 9470
2020-07-13_14-09-58 9470
2020-07-13_14-09-58 9470
2020-07-13_14-09-58 9470
2020-07-13_14-09-58 9470
2020-07-13_14-09-58 9470
2020-07-13_14-09-58 9470
2020-07-13_14-09-58 9470
2020-07-13_14-09-58 9470
2020-07-13_14-09-58 9470
2020-07-13_14-09-58 9470
2020-07-13_14-09-58 9470
2020-07-13_14-09-58 9470
2020-07-13_14-09-58 9470
2020-07-13_14-09-58 9470
2020-07-13_14-09-58 9470
2020-07-13_14-09-58 9470
2020-07-13_14-09-58 9470
2020-07-13_14-09-58 9470
2020-07-13_14-09-58 9470
2020-07-13_14-09-58 9470
2020-07-13_14-09-58 9470
2020-07-13_14-09-58 9470
2020-07-13_14-09-58 9460
2020-07-13_14-09-58 9460
2020-07-13_14-09-58 9460
2020-07-13_14-09-58 9460
2020-07-13_14-09-58 9470
2020-07-13_14-09-58 9470
2020-07-13_14-09-58 9470
2020-07-13_14-09-58 9470
2020-07-13_14-09-58 9470
2020-07-13_14-09-58 9470
2020-07-13_14-09-58 9470
2020-07-13_14-09-58 9470
2020-07-13_14-09-58 9470
2020-07-13_14-09-58 9470
2020-07-13_14-09-58 9470
2020-07-13_14-09-58 9460
2020-07-13_14-09-58 9460
2020-07-13_14-09-58 9470
2020-07-13_14-09-58 9470
2020-07-13_14-09-58 9470
2020-07-13_14-09-58 9470
2020-07-13_14-09-58 9470
2020-07-13_14-09-58 9470
2020-07-13_14-09-58 9470
2020-07-13_14-09-58 9470
2020-07-13_14-09-58 9470
2020-07-13_14-09-58 9470
2020-07-13_14-09-58 9470
2020-07-13_14-09-58 9470
2020-07-13_14-09-58 9470
2020-07-13_14-09-58 9470
2020-07-13_14-09-58 9480
2020-07-13_14-09-58 9480
2020-07-13_14-09-58 9480
2020-07-13_14-09-58 9480
2020-07-13_14-09-58 9480
2020-07-13_14-09-58 9470
2020-07-13_14-09-58 9470
2020-07-13_14-09-58 9470
2020-07-13_14-09-58 9470
2020-07-13_14-09-58 9470
2020-07-13_14-09-58 9470
2020-07-13_14-09-58 9470
2020-07-13_14-09-58 9470
2020-07-13_14-09-58 9470
2020-07-13_14-09-58 9470
2020-07-13_14-09-58 9470
2020-07-13_14-09-58 9460
2020-07-13_14-09-58 9460
2020-07-13_14-09-58 9470
2020-07-13_14-09-58 9470
2020-07-13_14-09-58 9470
2020-07-13_14-09-58 9470
2020-07-13_14-09-58 9470
2020-07-13_14-09-58 9470
2020-07-13_14-09-58 9470
2020-07-13_14-09-58 9470
2020-07-13_14-09-58 9470
2020-07-13_14-09-58 9470
2020-07-13_14-09-58 9470
2020-07-13_14-09-58 9470
2020-07-13_14-09-58 9470
2020-07-13_14-09-58 9470
2020-07-13_14-09-58 9480
2020-07-13_14-09-58 9470
2020-07-13_14-09-58 9470
2020-07-13_14-09-58 9470
2020-07-13_14-09-58 9470
2020-07-13_14-09-58 9470
2020-07-13_14-09-58 9470
2020-07-13_14-09-58 9470
2020-07-13_14-09-58 9470
2020-07-13_14-09-58 9470
2020-07-13_14-09-58 9470
2020-07-13_14-09-58 9470
2020-07-13_14-09-58 9470
2020-07-13_14-09-58 9470
2020-07-13_14-09-58 9470
2020-07-13_14-09-58 9470
2020-07-13_14-09-58 9470
2020-07-13_14-09-58 9470
2020-07-13_14-09-58 9470
2020-07-13_14-09-58 9470
2020-07-13_14-09-58 9470
2020-07-13_14-09-58 9470
2020-07-13_14-09-58 9470
2020-07-13_14-09-58 9470
2020-07-13_14-09-58 9470
2020-07-13_14-09-58 9470
2020-07-13_14-09-58 9470
2020-07-13_14-09-58 9470
2020-07-13_14-09-58 9470
2020-07-13_14-09-58 9470
2020-07-13_14-09-58 9470
2020-07-13_14-09-58 9470
2020-07-13_14-09-58 9470
2020-07-13_14-09-58 9470
2020-07-13_14-09-58 9470
2020-07-13_14-09-58 9470
2020-07-13_14-09-58 9470
2020-07-13_14-09-58 9470
2020-07-13_14-09-58 9470
2020-07-13_14-09-58 9470
2020-07-13_14-09-58 9470
2020-07-13_14-09-58 9470
2020-07-13_14-09-58 9460
2020-07-13_14-09-58 9460
2020-07-13_14-09-58 9470
2020-07-13_14-09-58 9470
2020-07-13_14-09-58 9470
2020-07-13_14-09-58 9470
2020-07-13_14-09-58 9470
2020-07-13_14-09-58 9470
2020-07-13_14-09-58 9470
2020-07-13_14-09-58 9470
2020-07-13_14-09-58 9470
2020-07-13_14-09-58 9470
2020-07-13_14-09-58 9470
2020-07-13_14-09-58 9470
2020-07-13_14-09-58 9470
2020-07-13_14-09-58 9470
2020-07-13_14-09-58 9470
2020-07-13_14-09-58 9470
2020-07-13_14-09-58 9470
2020-07-13_14-09-58 9470
2020-07-13_14-09-58 9470
2020-07-13_14-09-58 9470
2020-07-13_14-09-58 9470
2020-07-13_14-09-58 9470
2020-07-13_14-09-58 9470
2020-07-13_14-09-58 9470
2020-07-13_14-09-58 9470
2020-07-13_14-09-58 9470
2020-07-13_14-09-58 9470
2020-07-13_14-09-58 9470
2020-07-13_14-09-58 9470
2020-07-13_14-09-58 9470
2020-07-13_14-09-58 9470
2020-07-13_14-09-58 9470
2020-07-13_14-09-58 9470
2020-07-13_14-09-58 9470
2020-07-13_14-09-58 9470
2020-07-13_14-09-58 9470
2020-07-13_14-09-58 9470
2020-07-13_14-09-58 9470
2020-07-13_14-09-58 9470
2020-07-13_14-09-58 9470
2020-07-13_14-09-58 9470
2020-07-13_14-09-58 9470
2020-07-13_14-09-58 9470
2020-07-13_14-09-58 9470
2020-07-13_14-09-58 9460
2020-07-13_14-09-58 9460
2020-07-13_14-09-58 9460
2020-07-13_14-09-58 9470
2020-07-13_14-09-58 9470
2020-07-13_14-09-58 9470
2020-07-13_14-09-58 9470
2020-07-13_14-09-58 9470
2020-07-13_14-09-58 9470
2020-07-13_14-09-58 9470
2020-07-13_14-09-58 9470
2020-07-13_14-09-58 9470
2020-07-13_14-09-58 9470
2020-07-13_14-09-58 9470
2020-07-13_14-09-58 9470
2020-07-13_14-09-58 9470
2020-07-13_14-09-58 9470
2020-07-13_14-09-58 9470
2020-07-13_14-09-58 9470
2020-07-13_14-09-58 9470
2020-07-13_14-09-58 9470
2020-07-13_14-09-58 9470
2020-07-13_14-09-58 9470
2020-07-13_14-09-58 9470
2020-07-13_14-09-58 9470
2020-07-13_14-09-58 9470
2020-07-13_14-09-58 9470
2020-07-13_14-09-58 9470
2020-07-13_14-09-58 9470
2020-07-13_14-09-58 9470
2020-07-13_14-09-58 9470
2020-07-13_14-09-58 9470
2020-07-13_14-09-58 9470
2020-07-13_14-09-58 9470
2020-07-13_14-09-58 9470
2020-07-13_14-09-58 9470
2020-07-13_14-09-58 9470
2020-07-13_14-09-58 9470
2020-07-13_14-09-58 9470
2020-07-13_14-09-58 9470
2020-07-13_14-09-58 9470
2020-07-13_14-09-58 9470
2020-07-13_14-09-58 9460
2020-07-13_14-09-58 9460
2020-07-13_14-09-58 9470
2020-07-13_14-09-58 9470
2020-07-13_14-09-58 9470
2020-07-13_14-09-58 9470
2020-07-13_14-09-58 9470
2020-07-13_14-09-58 9470
2020-07-13_14-09-58 9460
2020-07-13_14-09-58 9470
2020-07-13_14-09-58 9470
2020-07-13_14-09-58 9470
2020-07-13_14-09-58 9470
2020-07-13_14-09-58 9470
2020-07-13_14-09-58 9470
2020-07-13_14-09-58 9470
2020-07-13_14-09-58 9470
2020-07-13_14-09-58 9470
2020-07-13_14-09-58 9470
2020-07-13_14-09-58 9470
2020-07-13_14-09-58 9470
2020-07-13_14-09-58 9470
2020-07-13_14-09-58 9470
2020-07-13_14-09-58 9470
2020-07-13_14-09-58 9460
2020-07-13_14-09-58 9460
2020-07-13_14-09-58 9460
2020-07-13_14-09-58 9460
2020-07-13_14-09-58 9460
2020-07-13_14-09-58 9470
2020-07-13_14-09-58 9470
2020-07-13_14-09-58 9470
2020-07-13_14-09-58 9480
2020-07-13_14-09-58 9470
2020-07-13_14-09-58 9470
2020-07-13_14-09-58 9470
2020-07-13_14-09-58 9470
2020-07-13_14-09-58 9470
2020-07-13_14-09-58 9470
2020-07-13_14-09-58 9470
2020-07-13_14-09-58 9470
2020-07-13_14-09-58 9470
2020-07-13_14-09-59 9470
2020-07-13_14-09-59 9470
2020-07-13_14-09-59 9470
2020-07-13_14-09-59 9470
2020-07-13_14-09-59 9470
2020-07-13_14-09-59 9470
2020-07-13_14-09-59 9470
2020-07-13_14-09-59 9470
2020-07-13_14-09-59 9470
2020-07-13_14-09-59 9470
2020-07-13_14-09-59 9470
2020-07-13_14-09-59 9470
2020-07-13_14-09-59 9470
2020-07-13_14-09-59 9470
2020-07-13_14-09-59 9470
2020-07-13_14-09-59 9470
2020-07-13_14-09-59 9470
2020-07-13_14-09-59 9470
2020-07-13_14-09-59 9470
2020-07-13_14-09-59 9470
2020-07-13_14-09-59 9470
2020-07-13_14-09-59 9470
2020-07-13_14-09-59 9470
2020-07-13_14-09-59 9470
2020-07-13_14-09-59 9470
2020-07-13_14-09-59 9470
2020-07-13_14-09-59 9470
2020-07-13_14-09-59 9470
2020-07-13_14-09-59 9470
2020-07-13_14-09-59 9470
2020-07-13_14-09-59 9470
2020-07-13_14-09-59 9470
2020-07-13_14-09-59 9470
2020-07-13_14-09-59 9470
2020-07-13_14-09-59 9470
2020-07-13_14-09-59 9470
2020-07-13_14-09-59 9470
2020-07-13_14-09-59 9490
2020-07-13_14-09-59 9510
2020-07-13_14-09-59 9540
2020-07-13_14-09-59 9540
2020-07-13_14-09-59 9550
2020-07-13_14-09-59 9550
2020-07-13_14-09-59 9540
2020-07-13_14-09-59 9540
2020-07-13_14-09-59 9540
2020-07-13_14-09-59 9560
2020-07-13_14-09-59 9560
2020-07-13_14-09-59 9540
2020-07-13_14-09-59 9520
2020-07-13_14-09-59 9530
2020-07-13_14-09-59 9550
2020-07-13_14-09-59 9560
2020-07-13_14-09-59 9550
2020-07-13_14-09-59 9540
2020-07-13_14-09-59 9530
2020-07-13_14-09-59 9510
2020-07-13_14-09-59 9490
2020-07-13_14-09-59 9480
2020-07-13_14-09-59 9480
2020-07-13_14-09-59 9480
2020-07-13_14-09-59 9470
2020-07-13_14-09-59 9470
2020-07-13_14-09-59 9460
2020-07-13_14-09-59 9470
2020-07-13_14-09-59 9470
2020-07-13_14-09-59 9470
2020-07-13_14-09-59 9470
2020-07-13_14-09-59 9470
2020-07-13_14-09-59 9470
2020-07-13_14-09-59 9470
2020-07-13_14-09-59 9470
2020-07-13_14-09-59 9470
2020-07-13_14-09-59 9470
2020-07-13_14-09-59 9470
2020-07-13_14-09-59 9470
2020-07-13_14-09-59 9460
2020-07-13_14-09-59 9470
2020-07-13_14-09-59 9470
2020-07-13_14-09-59 9470
2020-07-13_14-09-59 9480
2020-07-13_14-09-59 9490
2020-07-13_14-09-59 9520
2020-07-13_14-09-59 9540
2020-07-13_14-09-59 9560
2020-07-13_14-09-59 9570
2020-07-13_14-09-59 9570
2020-07-13_14-09-59 9550
2020-07-13_14-09-59 9530
2020-07-13_14-09-59 9520
2020-07-13_14-09-59 9550
2020-07-13_14-09-59 9580
2020-07-13_14-09-59 9560
2020-07-13_14-09-59 9520
2020-07-13_14-09-59 9520
2020-07-13_14-09-59 9550
2020-07-13_14-09-59 9550
2020-07-13_14-09-59 9560
2020-07-13_14-09-59 9550
2020-07-13_14-09-59 9560
2020-07-13_14-09-59 9550
2020-07-13_14-09-59 9560
2020-07-13_14-09-59 9550
2020-07-13_14-09-59 9540
2020-07-13_14-09-59 9550
2020-07-13_14-09-59 9550
2020-07-13_14-09-59 9540
2020-07-13_14-09-59 9540
2020-07-13_14-09-59 9550
2020-07-13_14-09-59 9560
2020-07-13_14-09-59 9570
2020-07-13_14-09-59 9560
2020-07-13_14-09-59 9550
2020-07-13_14-09-59 9550
2020-07-13_14-09-59 9550
2020-07-13_14-09-59 9540
2020-07-13_14-09-59 9540
2020-07-13_14-09-59 9550
2020-07-13_14-09-59 9550
2020-07-13_14-09-59 9540
2020-07-13_14-09-59 9540
2020-07-13_14-09-59 9540
2020-07-13_14-09-59 9540
2020-07-13_14-09-59 9550
2020-07-13_14-09-59 9550
2020-07-13_14-09-59 9540
2020-07-13_14-09-59 9550
2020-07-13_14-09-59 9550
2020-07-13_14-09-59 9550
2020-07-13_14-09-59 9550
2020-07-13_14-09-59 9550
2020-07-13_14-09-59 9550
2020-07-13_14-09-59 9550
2020-07-13_14-09-59 9550
2020-07-13_14-09-59 9550
2020-07-13_14-09-59 9550
2020-07-13_14-09-59 9550
2020-07-13_14-09-59 9540
2020-07-13_14-09-59 9540
2020-07-13_14-09-59 9550
2020-07-13_14-09-59 9550
2020-07-13_14-09-59 9540
2020-07-13_14-09-59 9540
2020-07-13_14-09-59 9550
2020-07-13_14-09-59 9550
2020-07-13_14-09-59 9550
2020-07-13_14-09-59 9550
2020-07-13_14-09-59 9550
2020-07-13_14-09-59 9550
2020-07-13_14-09-59 9550
2020-07-13_14-09-59 9560
2020-07-13_14-09-59 9550
2020-07-13_14-09-59 9550
2020-07-13_14-09-59 9540
2020-07-13_14-09-59 9540
2020-07-13_14-09-59 9540
2020-07-13_14-09-59 9550
2020-07-13_14-09-59 9550
2020-07-13_14-09-59 9540
2020-07-13_14-09-59 9550
2020-07-13_14-09-59 9550
2020-07-13_14-09-59 9550
2020-07-13_14-09-59 9550
2020-07-13_14-09-59 9550
2020-07-13_14-09-59 9560
2020-07-13_14-09-59 9560
2020-07-13_14-09-59 9560
2020-07-13_14-09-59 9560
2020-07-13_14-09-59 9550
2020-07-13_14-09-59 9550
2020-07-13_14-09-59 9550
2020-07-13_14-09-59 9550
2020-07-13_14-09-59 9550
2020-07-13_14-09-59 9550
2020-07-13_14-09-59 9550
2020-07-13_14-09-59 9550
2020-07-13_14-09-59 9550
2020-07-13_14-09-59 9550
2020-07-13_14-09-59 9550
2020-07-13_14-09-59 9550
2020-07-13_14-09-59 9550
2020-07-13_14-09-59 9550
2020-07-13_14-09-59 9550
2020-07-13_14-09-59 9550
2020-07-13_14-09-59 9550
2020-07-13_14-09-59 9550
2020-07-13_14-09-59 9550
2020-07-13_14-09-59 9550
2020-07-13_14-09-59 9550
2020-07-13_14-09-59 9550
2020-07-13_14-09-59 9550
2020-07-13_14-09-59 9550
2020-07-13_14-09-59 9550
2020-07-13_14-09-59 9550
2020-07-13_14-09-59 9550
2020-07-13_14-09-59 9550
2020-07-13_14-09-59 9550
2020-07-13_14-09-59 9550
2020-07-13_14-09-59 9550
2020-07-13_14-09-59 9550
2020-07-13_14-09-59 9550
2020-07-13_14-09-59 9550
2020-07-13_14-09-59 9550
2020-07-13_14-09-59 9550
2020-07-13_14-09-59 9550
2020-07-13_14-09-59 9550
2020-07-13_14-09-59 9550
2020-07-13_14-09-59 9550
2020-07-13_14-09-59 9550
2020-07-13_14-09-59 9550
2020-07-13_14-09-59 9550
2020-07-13_14-09-59 9560
2020-07-13_14-09-59 9560
2020-07-13_14-09-59 9560
2020-07-13_14-09-59 9560
2020-07-13_14-09-59 9560
2020-07-13_14-09-59 9550
2020-07-13_14-09-59 9550
2020-07-13_14-09-59 9560
2020-07-13_14-09-59 9570
2020-07-13_14-09-59 9560
2020-07-13_14-09-59 9550
2020-07-13_14-09-59 9570
2020-07-13_14-09-59 9560
2020-07-13_14-09-59 9560
2020-07-13_14-09-59 9570
2020-07-13_14-09-59 9550
2020-07-13_14-09-59 9560
2020-07-13_14-09-59 9530
2020-07-13_14-09-59 9570
2020-07-13_14-09-59 9530
2020-07-13_14-09-59 9540
2020-07-13_14-09-59 9540
2020-07-13_14-09-59 9530
2020-07-13_14-09-59 9570
2020-07-13_14-09-59 9550
2020-07-13_14-09-59 9550
2020-07-13_14-09-59 9510
2020-07-13_14-09-59 9550
2020-07-13_14-09-59 9580
2020-07-13_14-09-59 9550
2020-07-13_14-09-59 9530
2020-07-13_14-09-59 9550
2020-07-13_14-09-59 9550
2020-07-13_14-09-59 9540
2020-07-13_14-09-59 9550
2020-07-13_14-09-59 9570
2020-07-13_14-09-59 9560
2020-07-13_14-09-59 9560
2020-07-13_14-09-59 9550
2020-07-13_14-09-59 9550
2020-07-13_14-09-59 9530
2020-07-13_14-09-59 9550
2020-07-13_14-09-59 9550
2020-07-13_14-09-59 9530
2020-07-13_14-09-59 9610
2020-07-13_14-09-59 10160
2020-07-13_14-09-59 11040
2020-07-13_14-09-59 11900
2020-07-13_14-09-59 12270
2020-07-13_14-09-59 12330
2020-07-13_14-09-59 12340
2020-07-13_14-09-59 12330
2020-07-13_14-09-59 12350
2020-07-13_14-09-59 12300
2020-07-13_14-09-59 12320
2020-07-13_14-09-59 12290
2020-07-13_14-09-59 12290
2020-07-13_14-09-59 12300
2020-07-13_14-09-59 12300
2020-07-13_14-09-59 12300
2020-07-13_14-09-59 12280
2020-07-13_14-09-59 12270
2020-07-13_14-09-59 12260
2020-07-13_14-09-59 12240
2020-07-13_14-09-59 12270
2020-07-13_14-09-59 12260
2020-07-13_14-09-59 12270
2020-07-13_14-09-59 12270
2020-07-13_14-09-59 12250
2020-07-13_14-09-59 12260
2020-07-13_14-09-59 12230
2020-07-13_14-09-59 12270
2020-07-13_14-09-59 12260
2020-07-13_14-09-59 12260
2020-07-13_14-09-59 12270
2020-07-13_14-09-59 12230
2020-07-13_14-09-59 11870
2020-07-13_14-09-59 10960
2020-07-13_14-09-59 9800
2020-07-13_14-09-59 8860
2020-07-13_14-09-59 8480
2020-07-13_14-09-59 8440
2020-07-13_14-09-59 8480
2020-07-13_14-09-59 8520
2020-07-13_14-09-59 8520
2020-07-13_14-09-59 8520
2020-07-13_14-09-59 8470
2020-07-13_14-09-59 8450
2020-07-13_14-09-59 8450
2020-07-13_14-09-59 8450
2020-07-13_14-09-59 8480
2020-07-13_14-09-59 8470
2020-07-13_14-09-59 8470
2020-07-13_14-09-59 8440
2020-07-13_14-09-59 8440
2020-07-13_14-09-59 8430
2020-07-13_14-09-59 8420
2020-07-13_14-09-59 8410
2020-07-13_14-09-59 8410
2020-07-13_14-09-59 8420
2020-07-13_14-09-59 8430
2020-07-13_14-09-59 8440
2020-07-13_14-09-59 8430
2020-07-13_14-09-59 8400
2020-07-13_14-09-59 8410
2020-07-13_14-09-59 8450
2020-07-13_14-09-59 8480
2020-07-13_14-09-59 8490
2020-07-13_14-09-59 8480
2020-07-13_14-09-59 8460
2020-07-13_14-09-59 8540
2020-07-13_14-09-59 8860
2020-07-13_14-09-59 9450
2020-07-13_14-09-59 10140
2020-07-13_14-09-59 10620
2020-07-13_14-09-59 10830
2020-07-13_14-09-59 10830
2020-07-13_14-09-59 10780
2020-07-13_14-09-59 10750
2020-07-13_14-09-59 10730
2020-07-13_14-09-59 10720
2020-07-13_14-09-59 10730
2020-07-13_14-09-59 10750
2020-07-13_14-09-59 10770
2020-07-13_14-09-59 10730
2020-07-13_14-09-59 10690
2020-07-13_14-09-59 10530
2020-07-13_14-09-59 10000
2020-07-13_14-09-59 9270
2020-07-13_14-09-59 8770
2020-07-13_14-09-59 8860
2020-07-13_14-09-59 9390
2020-07-13_14-09-59 9790
2020-07-13_14-09-59 10000
2020-07-13_14-09-59 9990
2020-07-13_14-09-59 10000
2020-07-13_14-09-59 10010
2020-07-13_14-09-59 10030
2020-07-13_14-09-59 10000
2020-07-13_14-09-59 9970
2020-07-13_14-09-59 9970
2020-07-13_14-09-59 9990
2020-07-13_14-09-59 10010
2020-07-13_14-09-59 10030
2020-07-13_14-09-59 9970
2020-07-13_14-09-59 9570
2020-07-13_14-09-59 8780
2020-07-13_14-09-59 7950
2020-07-13_14-09-59 7460
2020-07-13_14-09-59 7320
2020-07-13_14-09-59 7310
2020-07-13_14-09-59 7310
2020-07-13_14-09-59 7300
2020-07-13_14-09-59 7320
2020-07-13_14-09-59 7320
2020-07-13_14-09-59 7330
2020-07-13_14-09-59 7320
2020-07-13_14-09-59 7320
2020-07-13_14-09-59 7320
2020-07-13_14-09-59 7330
2020-07-13_14-09-59 7340
2020-07-13_14-09-59 7340
2020-07-13_14-09-59 7330
2020-07-13_14-09-59 7330
2020-07-13_14-09-59 7320
2020-07-13_14-09-59 7310
2020-07-13_14-09-59 7310
2020-07-13_14-09-59 7320
2020-07-13_14-09-59 7330
2020-07-13_14-09-59 7330
2020-07-13_14-09-59 7330
2020-07-13_14-09-59 7330
2020-07-13_14-09-59 7340
2020-07-13_14-09-59 7330
2020-07-13_14-09-59 7330
2020-07-13_14-09-59 7320
2020-07-13_14-09-59 7320
2020-07-13_14-09-59 7320
2020-07-13_14-09-59 7320
2020-07-13_14-09-59 7320
2020-07-13_14-09-59 7310
2020-07-13_14-09-59 7320
2020-07-13_14-09-59 7320
2020-07-13_14-09-59 7330
2020-07-13_14-09-59 7330
2020-07-13_14-09-59 7330
2020-07-13_14-09-59 7320
2020-07-13_14-09-59 7250
2020-07-13_14-09-59 7220
2020-07-13_14-09-59 7180
2020-07-13_14-09-59 7200
2020-07-13_14-09-59 7170
2020-07-13_14-09-59 7250
2020-07-13_14-09-59 7280
2020-07-13_14-09-59 7310
2020-07-13_14-09-59 7300
2020-07-13_14-09-59 7280
2020-07-13_14-09-59 7340
2020-07-13_14-09-59 7290
2020-07-13_14-09-59 7330
2020-07-13_14-09-59 7300
2020-07-13_14-09-59 7330
2020-07-13_14-09-59 7310
2020-07-13_14-09-59 7320
2020-07-13_14-09-59 7300
2020-07-13_14-09-59 7310
2020-07-13_14-09-59 7320
2020-07-13_14-09-59 7320
2020-07-13_14-09-59 7330
2020-07-13_14-09-59 7320
2020-07-13_14-09-59 7330
2020-07-13_14-09-59 7320
2020-07-13_14-09-59 7330
2020-07-13_14-09-59 7310
2020-07-13_14-09-59 7330
2020-07-13_14-09-59 7320
2020-07-13_14-09-59 7330
2020-07-13_14-09-59 7310
2020-07-13_14-09-59 7320
2020-07-13_14-09-59 7310
2020-07-13_14-09-59 7320
2020-07-13_14-09-59 7320
2020-07-13_14-09-59 7320
2020-07-13_14-09-59 7310
2020-07-13_14-09-59 7310
2020-07-13_14-09-59 7310
2020-07-13_14-09-59 7310
2020-07-13_14-09-59 7310
2020-07-13_14-09-59 7310
2020-07-13_14-09-59 7310
2020-07-13_14-09-59 7320
2020-07-13_14-09-59 7330
2020-07-13_14-09-59 7330
2020-07-13_14-09-59 7330
2020-07-13_14-09-59 7310
2020-07-13_14-09-59 7320
2020-07-13_14-09-59 7310
2020-07-13_14-09-59 7320
2020-07-13_14-09-59 7310
2020-07-13_14-09-59 7320
2020-07-13_14-09-59 7320
2020-07-13_14-09-59 7320
2020-07-13_14-09-59 7320
2020-07-13_14-09-59 7320
2020-07-13_14-09-59 7320
2020-07-13_14-09-59 7320
2020-07-13_14-09-59 7320
2020-07-13_14-09-59 7320
2020-07-13_14-09-59 7320
2020-07-13_14-09-59 7320
2020-07-13_14-09-59 7320
2020-07-13_14-09-59 7320
2020-07-13_14-09-59 7320
2020-07-13_14-09-59 7320
2020-07-13_14-09-59 7320
2020-07-13_14-09-59 7330
2020-07-13_14-09-59 7330
2020-07-13_14-09-59 7330
2020-07-13_14-09-59 7340
2020-07-13_14-09-59 7340
2020-07-13_14-09-59 7330
2020-07-13_14-09-59 7320
2020-07-13_14-09-59 7320
2020-07-13_14-09-59 7320
2020-07-13_14-09-59 7320
2020-07-13_14-09-59 7320
2020-07-13_14-09-59 7320
2020-07-13_14-09-59 7320
2020-07-13_14-09-59 7320
2020-07-13_14-09-59 7310
2020-07-13_14-09-59 7310
2020-07-13_14-09-59 7320
2020-07-13_14-09-59 7320
2020-07-13_14-09-59 7320
2020-07-13_14-09-59 7320
2020-07-13_14-09-59 7320
2020-07-13_14-09-59 7320
2020-07-13_14-09-59 7320
2020-07-13_14-09-59 7320
2020-07-13_14-09-59 7320
2020-07-13_14-09-59 7320
2020-07-13_14-09-59 7320
2020-07-13_14-09-59 7320
2020-07-13_14-09-59 7320
2020-07-13_14-09-59 7320
2020-07-13_14-09-59 7320
2020-07-13_14-09-59 7320
2020-07-13_14-09-59 7320
2020-07-13_14-09-59 7320
2020-07-13_14-09-59 7320
2020-07-13_14-09-59 7320
2020-07-13_14-09-59 7320
2020-07-13_14-09-59 7320
2020-07-13_14-09-59 7320
2020-07-13_14-09-59 7320
2020-07-13_14-09-59 7320
2020-07-13_14-09-59 7320
2020-07-13_14-09-59 7320
2020-07-13_14-09-59 7320
2020-07-13_14-09-59 7320
2020-07-13_14-09-59 7320
2020-07-13_14-09-59 7320
2020-07-13_14-09-59 7320
2020-07-13_14-09-59 7320
2020-07-13_14-09-59 7320
2020-07-13_14-09-59 7320
2020-07-13_14-09-59 7320
2020-07-13_14-09-59 7320
2020-07-13_14-09-59 7320
2020-07-13_14-09-59 7320
2020-07-13_14-09-59 7320
2020-07-13_14-09-59 7320
2020-07-13_14-09-59 7320
2020-07-13_14-09-59 7320
2020-07-13_14-09-59 7320
2020-07-13_14-09-59 7320
2020-07-13_14-09-59 7320
2020-07-13_14-09-59 7320
2020-07-13_14-09-59 7320
2020-07-13_14-09-59 7320
2020-07-13_14-09-59 7320
2020-07-13_14-09-59 7320
2020-07-13_14-09-59 7320
2020-07-13_14-09-59 7320
2020-07-13_14-09-59 7320
2020-07-13_14-09-59 7320
2020-07-13_14-09-59 7320
2020-07-13_14-09-59 7320
2020-07-13_14-09-59 7320
2020-07-13_14-09-59 7320
2020-07-13_14-09-59 7320
2020-07-13_14-09-59 7320
2020-07-13_14-09-59 7320
2020-07-13_14-09-59 7320
2020-07-13_14-09-59 7320
2020-07-13_14-09-59 7320
2020-07-13_14-09-59 7320
2020-07-13_14-09-59 7320
2020-07-13_14-09-59 7320
2020-07-13_14-09-59 7320
2020-07-13_14-09-59 7320
2020-07-13_14-09-59 7320
2020-07-13_14-09-59 7320
2020-07-13_14-09-59 7320
2020-07-13_14-09-59 7320
2020-07-13_14-09-59 7320
2020-07-13_14-09-59 7320
2020-07-13_14-09-59 7320
2020-07-13_14-09-59 7320
2020-07-13_14-09-59 7320
2020-07-13_14-09-59 7320
2020-07-13_14-09-59 7320
2020-07-13_14-09-59 7320
2020-07-13_14-09-59 7320
2020-07-13_14-09-59 7320
2020-07-13_14-09-59 7320
2020-07-13_14-09-59 7320
2020-07-13_14-09-59 7320
2020-07-13_14-09-59 7320
2020-07-13_14-09-59 7320
2020-07-13_14-09-59 7320
2020-07-13_14-09-59 7320
2020-07-13_14-09-59 7320
2020-07-13_14-09-59 7320
2020-07-13_14-09-59 7320
2020-07-13_14-09-59 7320
2020-07-13_14-09-59 7320
2020-07-13_14-09-59 7320
2020-07-13_14-09-59 7320
2020-07-13_14-09-59 7320
2020-07-13_14-09-59 7320
2020-07-13_14-09-59 7320
2020-07-13_14-09-59 7320
2020-07-13_14-09-59 7320
2020-07-13_14-09-59 7320
2020-07-13_14-09-59 7320
2020-07-13_14-09-59 7320
2020-07-13_14-09-59 7320
2020-07-13_14-09-59 7320
2020-07-13_14-09-59 7320
2020-07-13_14-09-59 7320
2020-07-13_14-09-59 7320
2020-07-13_14-09-59 7320
2020-07-13_14-09-59 7320
2020-07-13_14-09-59 7320
2020-07-13_14-09-59 7320
2020-07-13_14-09-59 7320
2020-07-13_14-09-59 7320
2020-07-13_14-09-59 7320
2020-07-13_14-09-59 7320
2020-07-13_14-09-59 7320
2020-07-13_14-09-59 7320
2020-07-13_14-09-59 7320
2020-07-13_14-09-59 7320
2020-07-13_14-09-59 7320
2020-07-13_14-09-59 7320
2020-07-13_14-09-59 7320
2020-07-13_14-09-59 7320
2020-07-13_14-09-59 7320
2020-07-13_14-09-59 7320
2020-07-13_14-09-59 7320
2020-07-13_14-09-59 7320
2020-07-13_14-09-59 7320
2020-07-13_14-09-59 7320
2020-07-13_14-09-59 7320
2020-07-13_14-09-59 7320
2020-07-13_14-09-59 7320
2020-07-13_14-09-59 7320
2020-07-13_14-09-59 7320
2020-07-13_14-09-59 7320
2020-07-13_14-09-59 7320
2020-07-13_14-09-59 7320
2020-07-13_14-09-59 7320
2020-07-13_14-09-59 7320
2020-07-13_14-09-59 7320
2020-07-13_14-09-59 7320
2020-07-13_14-09-59 7320
2020-07-13_14-09-59 7320
2020-07-13_14-09-59 7320
2020-07-13_14-09-59 7320
2020-07-13_14-09-59 7320
2020-07-13_14-09-59 7320
2020-07-13_14-09-59 7320
2020-07-13_14-09-59 7320
2020-07-13_14-09-59 7320
2020-07-13_14-09-59 7320
2020-07-13_14-09-59 7320
2020-07-13_14-09-59 7320
2020-07-13_14-09-59 7320
2020-07-13_14-09-59 7320
2020-07-13_14-09-59 7320
2020-07-13_14-09-59 7320
2020-07-13_14-09-59 7320
2020-07-13_14-09-59 7320
2020-07-13_14-09-59 7320
2020-07-13_14-09-59 7320
2020-07-13_14-09-59 7320
2020-07-13_14-09-59 7320
2020-07-13_14-09-59 7320
2020-07-13_14-09-59 7320
2020-07-13_14-09-59 7320
2020-07-13_14-09-59 7320
2020-07-13_14-09-59 7320
2020-07-13_14-09-59 7320
2020-07-13_14-09-59 7320
2020-07-13_14-09-59 7320
2020-07-13_14-09-59 7330
2020-07-13_14-09-59 7330
2020-07-13_14-09-59 7320
2020-07-13_14-09-59 7320
2020-07-13_14-09-59 7320
2020-07-13_14-09-59 7320
2020-07-13_14-09-59 7320
2020-07-13_14-09-59 7320
2020-07-13_14-09-59 7320
2020-07-13_14-09-59 7320
2020-07-13_14-09-59 7320
2020-07-13_14-09-59 7320
2020-07-13_14-09-59 7320
2020-07-13_14-09-59 7320
2020-07-13_14-09-59 7320
2020-07-13_14-09-59 7310
2020-07-13_14-09-59 7320
2020-07-13_14-09-59 7330
2020-07-13_14-09-59 7330
2020-07-13_14-09-59 7330
2020-07-13_14-09-59 7320
2020-07-13_14-09-59 7320
2020-07-13_14-09-59 7320
2020-07-13_14-09-59 7320
2020-07-13_14-09-59 7320
2020-07-13_14-09-59 7320
2020-07-13_14-09-59 7320
2020-07-13_14-09-59 7320
2020-07-13_14-09-59 7320
2020-07-13_14-09-59 7330
2020-07-13_14-09-59 7330
2020-07-13_14-09-59 7330
2020-07-13_14-09-59 7330
2020-07-13_14-09-59 7320
2020-07-13_14-09-59 7320
2020-07-13_14-09-59 7320
2020-07-13_14-09-59 7320
2020-07-13_14-09-59 7330
2020-07-13_14-09-59 7320
2020-07-13_14-09-59 7320
2020-07-13_14-09-59 7320
2020-07-13_14-09-59 7320
2020-07-13_14-09-59 7320
2020-07-13_14-09-59 7320
2020-07-13_14-09-59 7320
2020-07-13_14-09-59 7320
2020-07-13_14-09-59 7320
2020-07-13_14-09-59 7320
2020-07-13_14-09-59 7320
2020-07-13_14-09-59 7320
2020-07-13_14-09-59 7320
2020-07-13_14-09-59 7320
2020-07-13_14-09-59 7330
2020-07-13_14-09-59 7330
2020-07-13_14-09-59 7330
2020-07-13_14-09-59 7330
2020-07-13_14-09-59 7320
2020-07-13_14-09-59 7320
2020-07-13_14-09-59 7320
2020-07-13_14-09-59 7320
2020-07-13_14-09-59 7320
2020-07-13_14-09-59 7320
2020-07-13_14-09-59 7320
2020-07-13_14-09-59 7320
2020-07-13_14-09-59 7320
2020-07-13_14-09-59 7320
2020-07-13_14-09-59 7320
2020-07-13_14-09-59 7320
2020-07-13_14-09-59 7320
2020-07-13_14-09-59 7320
2020-07-13_14-09-59 7320
2020-07-13_14-09-59 7320
2020-07-13_14-09-59 7320
2020-07-13_14-09-59 7320
2020-07-13_14-09-59 7320
2020-07-13_14-09-59 7320
2020-07-13_14-09-59 7320
2020-07-13_14-09-59 7320
2020-07-13_14-09-59 7320
2020-07-13_14-09-59 7320
2020-07-13_14-09-59 7320
2020-07-13_14-09-59 7320
2020-07-13_14-09-59 7320
2020-07-13_14-09-59 7320
2020-07-13_14-09-59 7320
2020-07-13_14-09-59 7320
2020-07-13_14-09-59 7320
2020-07-13_14-09-59 7320
2020-07-13_14-09-59 7320
2020-07-13_14-09-59 7320
2020-07-13_14-09-59 7320
2020-07-13_14-09-59 7320
2020-07-13_14-09-59 7320
2020-07-13_14-09-59 7320
2020-07-13_14-09-59 7320
2020-07-13_14-09-59 7320
2020-07-13_14-09-59 7320
2020-07-13_14-09-59 7320
2020-07-13_14-09-59 7320
2020-07-13_14-09-59 7320
2020-07-13_14-09-59 7320
2020-07-13_14-09-59 7320
2020-07-13_14-09-59 7310
2020-07-13_14-09-59 7310
2020-07-13_14-09-59 7310
2020-07-13_14-09-59 7320
2020-07-13_14-09-59 7320
2020-07-13_14-09-59 7320
2020-07-13_14-09-59 7320
2020-07-13_14-09-59 7320
2020-07-13_14-09-59 7320
2020-07-13_14-09-59 7320
2020-07-13_14-09-59 7320
2020-07-13_14-09-59 7320
2020-07-13_14-09-59 7320
2020-07-13_14-09-59 7320
2020-07-13_14-09-59 7330
2020-07-13_14-09-59 7330
2020-07-13_14-09-59 7320
2020-07-13_14-09-59 7320
2020-07-13_14-09-59 7320
2020-07-13_14-09-59 7320
2020-07-13_14-09-59 7320
2020-07-13_14-09-59 7320
2020-07-13_14-09-59 7310
2020-07-13_14-09-59 7310
2020-07-13_14-09-59 7310
2020-07-13_14-09-59 7320
2020-07-13_14-09-59 7320
2020-07-13_14-09-59 7320
2020-07-13_14-09-59 7320
2020-07-13_14-09-59 7320
2020-07-13_14-09-59 7320
2020-07-13_14-09-59 7320
2020-07-13_14-09-59 7320
2020-07-13_14-09-59 7320
2020-07-13_14-09-59 7320
2020-07-13_14-09-59 7310
2020-07-13_14-09-59 7310
2020-07-13_14-09-59 7310
2020-07-13_14-09-59 7310
2020-07-13_14-09-59 7310
2020-07-13_14-09-59 7310
2020-07-13_14-09-59 7310
2020-07-13_14-09-59 7310
2020-07-13_14-09-59 7310
2020-07-13_14-09-59 7310
2020-07-13_14-09-59 7310
2020-07-13_14-09-59 7320
2020-07-13_14-09-59 7320
2020-07-13_14-09-59 7330
2020-07-13_14-09-59 7320
2020-07-13_14-09-59 7320
2020-07-13_14-09-59 7320
2020-07-13_14-09-59 7320
2020-07-13_14-09-59 7320
2020-07-13_14-09-59 7320
2020-07-13_14-09-59 7320
2020-07-13_14-09-59 7320
2020-07-13_14-09-59 7320
2020-07-13_14-09-59 7320
2020-07-13_14-09-59 7320
2020-07-13_14-09-59 7320
2020-07-13_14-09-59 7320
2020-07-13_14-09-59 7320
2020-07-13_14-09-59 7320
2020-07-13_14-09-59 7320
2020-07-13_14-09-59 7320
2020-07-13_14-09-59 7320
2020-07-13_14-09-59 7320
2020-07-13_14-09-59 7320
2020-07-13_14-09-59 7320
2020-07-13_14-09-59 7320
2020-07-13_14-09-59 7320
2020-07-13_14-09-59 7320
2020-07-13_14-09-59 7320
2020-07-13_14-09-59 7320
2020-07-13_14-09-59 7320
2020-07-13_14-09-59 7320
2020-07-13_14-09-59 7320
2020-07-13_14-09-59 7320
2020-07-13_14-09-59 7320
2020-07-13_14-09-59 7320
2020-07-13_14-09-59 7320
2020-07-13_14-09-59 7320
2020-07-13_14-09-59 7320
2020-07-13_14-09-59 7320
2020-07-13_14-09-59 7320
2020-07-13_14-09-59 7320
2020-07-13_14-09-59 7320
2020-07-13_14-09-59 7320
2020-07-13_14-09-59 7320
2020-07-13_14-09-59 7320
2020-07-13_14-09-59 7320
2020-07-13_14-09-59 7320
2020-07-13_14-09-59 7320
2020-07-13_14-09-59 7320
2020-07-13_14-09-59 7320
2020-07-13_14-09-59 7320
2020-07-13_14-09-59 7320
2020-07-13_14-09-59 7320
2020-07-13_14-09-59 7320
2020-07-13_14-09-59 7320
2020-07-13_14-09-59 7320
2020-07-13_14-09-59 7320
2020-07-13_14-09-59 7320
2020-07-13_14-09-59 7320
2020-07-13_14-09-59 7320
2020-07-13_14-09-59 7320
2020-07-13_14-09-59 7320
2020-07-13_14-09-59 7320
2020-07-13_14-09-59 7320
2020-07-13_14-09-59 7320
2020-07-13_14-09-59 7320
2020-07-13_14-09-59 7320
2020-07-13_14-09-59 7320
2020-07-13_14-09-59 7320
2020-07-13_14-09-59 7320
2020-07-13_14-09-59 7320
2020-07-13_14-09-59 7320
2020-07-13_14-09-59 7320
2020-07-13_14-09-59 7320
2020-07-13_14-09-59 7320
2020-07-13_14-09-59 7320
2020-07-13_14-09-59 7320
2020-07-13_14-09-59 7320
2020-07-13_14-09-59 7320
2020-07-13_14-09-59 7320
2020-07-13_14-09-59 7320
2020-07-13_14-09-59 7320
2020-07-13_14-09-59 7320
2020-07-13_14-09-59 7320
2020-07-13_14-09-59 7320
2020-07-13_14-09-59 7320
2020-07-13_14-09-59 7320
2020-07-13_14-09-59 7320
2020-07-13_14-09-59 7320
2020-07-13_14-09-59 7320
2020-07-13_14-09-59 7320
2020-07-13_14-09-59 7320
2020-07-13_14-09-59 7310
2020-07-13_14-09-59 7310
2020-07-13_14-09-59 7310
2020-07-13_14-09-59 7320
2020-07-13_14-09-59 7320
2020-07-13_14-09-59 7320
2020-07-13_14-09-59 7320
2020-07-13_14-09-59 7320
2020-07-13_14-09-59 7320
2020-07-13_14-09-59 7320
2020-07-13_14-09-59 7320
2020-07-13_14-09-59 7320
2020-07-13_14-09-59 7320
2020-07-13_14-09-59 7310
2020-07-13_14-09-59 7320
2020-07-13_14-09-59 7310
2020-07-13_14-09-59 7320
2020-07-13_14-09-59 7320
2020-07-13_14-09-59 7320
2020-07-13_14-09-59 7320
2020-07-13_14-09-59 7320
2020-07-13_14-09-59 7320
2020-07-13_14-09-59 7320
2020-07-13_14-09-59 7310
2020-07-13_14-09-59 7310
2020-07-13_14-09-59 7310
2020-07-13_14-09-59 7320
2020-07-13_14-09-59 7330
2020-07-13_14-09-59 7330
2020-07-13_14-09-59 7320
2020-07-13_14-09-59 7320
2020-07-13_14-09-59 7320
2020-07-13_14-09-59 7320
2020-07-13_14-09-59 7320
2020-07-13_14-09-59 7320
2020-07-13_14-09-59 7330
2020-07-13_14-09-59 7330
2020-07-13_14-09-59 7320
2020-07-13_14-09-59 7330
2020-07-13_14-09-59 7330
2020-07-13_14-09-59 7330
2020-07-13_14-09-59 7330
2020-07-13_14-09-59 7320
2020-07-13_14-09-59 7320
2020-07-13_14-09-59 7320
2020-07-13_14-09-59 7330
2020-07-13_14-09-59 7330
2020-07-13_14-09-59 7330
2020-07-13_14-09-59 7330
2020-07-13_14-09-59 7330
2020-07-13_14-09-59 7300
2020-07-13_14-09-59 7330
2020-07-13_14-09-59 7320
2020-07-13_14-09-59 7350
2020-07-13_14-09-59 7320
2020-07-13_14-09-59 7330
2020-07-13_14-09-59 7330
2020-07-13_14-09-59 7350
2020-07-13_14-09-59 7170
2020-07-13_14-09-59 6430
2020-07-13_14-09-59 5510
2020-07-13_14-09-59 4750
2020-07-13_14-09-59 4590
2020-07-13_14-09-59 4550
2020-07-13_14-09-59 4590
2020-07-13_14-09-59 4540
2020-07-13_14-09-59 4580
2020-07-13_14-09-59 4560
2020-07-13_14-09-59 4570
2020-07-13_14-09-59 4590
2020-07-13_14-09-59 4570
2020-07-13_14-09-59 4610
2020-07-13_14-09-59 4580
2020-07-13_14-09-59 4590
2020-07-13_14-09-59 4580
2020-07-13_14-09-59 4590
2020-07-13_14-09-59 4600
2020-07-13_14-09-59 4590
2020-07-13_14-09-59 4590
2020-07-13_14-09-59 4600
2020-07-13_14-09-59 4590
2020-07-13_14-09-59 4580
2020-07-13_14-09-59 4580
2020-07-13_14-09-59 4580
2020-07-13_14-09-59 4590
2020-07-13_14-09-59 4580
2020-07-13_14-09-59 4580
2020-07-13_14-09-59 4580
2020-07-13_14-10-00 4580
2020-07-13_14-10-00 4540
2020-07-13_14-10-00 4020
2020-07-13_14-10-00 3260
2020-07-13_14-10-00 2460
2020-07-13_14-10-00 2180
2020-07-13_14-10-00 2120
2020-07-13_14-10-00 2180
2020-07-13_14-10-00 2160
2020-07-13_14-10-00 2200
2020-07-13_14-10-00 1930
2020-07-13_14-10-00 1290
