2020-07-13_14-11-14 1190
2020-07-13_14-11-14 2700
2020-07-13_14-11-14 2530
2020-07-13_14-11-14 2410
2020-07-13_14-11-14 2410
2020-07-13_14-11-14 2410
2020-07-13_14-11-14 2400
2020-07-13_14-11-14 7620
2020-07-13_14-11-14 12820
2020-07-13_14-11-14 12900
2020-07-13_14-11-14 12500
2020-07-13_14-11-14 12890
2020-07-13_14-11-14 12780
2020-07-13_14-11-14 12630
2020-07-13_14-11-14 12570
2020-07-13_14-11-14 12550
2020-07-13_14-11-14 12590
2020-07-13_14-11-14 12640
2020-07-13_14-11-14 12680
2020-07-13_14-11-14 12680
2020-07-13_14-11-14 12650
2020-07-13_14-11-14 12640
2020-07-13_14-11-14 12670
2020-07-13_14-11-14 12630
2020-07-13_14-11-14 12650
2020-07-13_14-11-14 12650
2020-07-13_14-11-14 12660
2020-07-13_14-11-14 12650
2020-07-13_14-11-14 12660
2020-07-13_14-11-14 12650
2020-07-13_14-11-14 12660
2020-07-13_14-11-14 12660
2020-07-13_14-11-14 12650
2020-07-13_14-11-14 12650
2020-07-13_14-11-14 12650
2020-07-13_14-11-14 12650
2020-07-13_14-11-14 12650
2020-07-13_14-11-14 12660
2020-07-13_14-11-14 12650
2020-07-13_14-11-14 12660
2020-07-13_14-11-14 12650
2020-07-13_14-11-14 12660
2020-07-13_14-11-14 12650
2020-07-13_14-11-14 12640
2020-07-13_14-11-14 12640
2020-07-13_14-11-14 12690
2020-07-13_14-11-14 12640
2020-07-13_14-11-14 12650
2020-07-13_14-11-14 12650
2020-07-13_14-11-14 12670
2020-07-13_14-11-14 12650
2020-07-13_14-11-14 12650
2020-07-13_14-11-14 12650
2020-07-13_14-11-14 12650
2020-07-13_14-11-14 12660
2020-07-13_14-11-14 12660
2020-07-13_14-11-14 12660
2020-07-13_14-11-14 12650
2020-07-13_14-11-14 12660
2020-07-13_14-11-14 12650
2020-07-13_14-11-14 12650
2020-07-13_14-11-14 12650
2020-07-13_14-11-14 12650
2020-07-13_14-11-14 12590
2020-07-13_14-11-14 12650
2020-07-13_14-11-14 12660
2020-07-13_14-11-14 12650
2020-07-13_14-11-14 12660
2020-07-13_14-11-14 12650
2020-07-13_14-11-14 12650
2020-07-13_14-11-14 12650
2020-07-13_14-11-14 12660
2020-07-13_14-11-14 12660
2020-07-13_14-11-14 12650
2020-07-13_14-11-14 12660
2020-07-13_14-11-14 12660
2020-07-13_14-11-14 12660
2020-07-13_14-11-14 12660
2020-07-13_14-11-14 12670
2020-07-13_14-11-14 12660
2020-07-13_14-11-14 12660
2020-07-13_14-11-14 12660
2020-07-13_14-11-14 12650
2020-07-13_14-11-14 12660
2020-07-13_14-11-14 12660
2020-07-13_14-11-14 12660
2020-07-13_14-11-14 12650
2020-07-13_14-11-14 12640
2020-07-13_14-11-14 12640
2020-07-13_14-11-14 12650
2020-07-13_14-11-14 12650
2020-07-13_14-11-14 12630
2020-07-13_14-11-14 12660
2020-07-13_14-11-14 12700
2020-07-13_14-11-14 12660
2020-07-13_14-11-14 12650
2020-07-13_14-11-14 12660
2020-07-13_14-11-14 12650
2020-07-13_14-11-14 12660
2020-07-13_14-11-14 12650
2020-07-13_14-11-14 12650
2020-07-13_14-11-14 12660
2020-07-13_14-11-14 12650
2020-07-13_14-11-14 12660
2020-07-13_14-11-14 12670
2020-07-13_14-11-14 12660
2020-07-13_14-11-14 12660
2020-07-13_14-11-14 12640
2020-07-13_14-11-14 12650
2020-07-13_14-11-14 12650
2020-07-13_14-11-14 12650
2020-07-13_14-11-14 12570
2020-07-13_14-11-14 12570
2020-07-13_14-11-14 12650
2020-07-13_14-11-14 12560
2020-07-13_14-11-14 12650
2020-07-13_14-11-14 12570
2020-07-13_14-11-14 12650
2020-07-13_14-11-14 12570
2020-07-13_14-11-14 12650
2020-07-13_14-11-14 12560
2020-07-13_14-11-14 12650
2020-07-13_14-11-14 12560
2020-07-13_14-11-14 12660
2020-07-13_14-11-14 12660
2020-07-13_14-11-14 12570
2020-07-13_14-11-14 12660
2020-07-13_14-11-14 12570
2020-07-13_14-11-14 12660
2020-07-13_14-11-14 12570
2020-07-13_14-11-14 12660
2020-07-13_14-11-14 12570
2020-07-13_14-11-14 12650
2020-07-13_14-11-14 12570
2020-07-13_14-11-14 12570
2020-07-13_14-11-14 12660
2020-07-13_14-11-14 12570
2020-07-13_14-11-14 12660
2020-07-13_14-11-14 12560
2020-07-13_14-11-14 12650
2020-07-13_14-11-14 12560
2020-07-13_14-11-14 12650
2020-07-13_14-11-14 12650
2020-07-13_14-11-14 12560
2020-07-13_14-11-14 12650
2020-07-13_14-11-14 12560
2020-07-13_14-11-14 12560
2020-07-13_14-11-14 12650
2020-07-13_14-11-14 12570
2020-07-13_14-11-14 12650
2020-07-13_14-11-14 12570
2020-07-13_14-11-14 12620
2020-07-13_14-11-14 12560
2020-07-13_14-11-14 12560
2020-07-13_14-11-14 12570
2020-07-13_14-11-14 12570
2020-07-13_14-11-14 12570
2020-07-13_14-11-14 12560
2020-07-13_14-11-14 12560
2020-07-13_14-11-14 12570
2020-07-13_14-11-14 12560
2020-07-13_14-11-14 12570
2020-07-13_14-11-14 12560
2020-07-13_14-11-14 12570
2020-07-13_14-11-14 12570
2020-07-13_14-11-14 12560
2020-07-13_14-11-14 12570
2020-07-13_14-11-14 12560
2020-07-13_14-11-14 12570
2020-07-13_14-11-14 12560
2020-07-13_14-11-14 12570
2020-07-13_14-11-14 12570
2020-07-13_14-11-14 12570
2020-07-13_14-11-14 12570
2020-07-13_14-11-14 12560
2020-07-13_14-11-14 12570
2020-07-13_14-11-14 12570
2020-07-13_14-11-14 12570
2020-07-13_14-11-14 12570
2020-07-13_14-11-14 12570
2020-07-13_14-11-14 12570
2020-07-13_14-11-14 12570
2020-07-13_14-11-14 12570
2020-07-13_14-11-14 12570
2020-07-13_14-11-14 12570
2020-07-13_14-11-14 12570
2020-07-13_14-11-14 12570
2020-07-13_14-11-14 12570
2020-07-13_14-11-14 12570
2020-07-13_14-11-14 12570
2020-07-13_14-11-14 12570
2020-07-13_14-11-14 12570
2020-07-13_14-11-14 12570
2020-07-13_14-11-14 12570
2020-07-13_14-11-14 12560
2020-07-13_14-11-14 12570
2020-07-13_14-11-14 12570
2020-07-13_14-11-14 12560
2020-07-13_14-11-14 12570
2020-07-13_14-11-14 12570
2020-07-13_14-11-14 12570
2020-07-13_14-11-14 12560
2020-07-13_14-11-14 12570
2020-07-13_14-11-14 12570
2020-07-13_14-11-14 12570
2020-07-13_14-11-14 12570
2020-07-13_14-11-14 12560
2020-07-13_14-11-14 12560
2020-07-13_14-11-14 12570
2020-07-13_14-11-14 12560
2020-07-13_14-11-14 12560
2020-07-13_14-11-14 12570
2020-07-13_14-11-14 12560
2020-07-13_14-11-14 12570
2020-07-13_14-11-14 12570
2020-07-13_14-11-14 12570
2020-07-13_14-11-14 12570
2020-07-13_14-11-14 12570
2020-07-13_14-11-14 12560
2020-07-13_14-11-14 12570
2020-07-13_14-11-14 12570
2020-07-13_14-11-14 12570
2020-07-13_14-11-14 12570
2020-07-13_14-11-14 12560
2020-07-13_14-11-14 12570
2020-07-13_14-11-14 12570
2020-07-13_14-11-14 12570
2020-07-13_14-11-14 12570
2020-07-13_14-11-14 12570
2020-07-13_14-11-14 12570
2020-07-13_14-11-14 12570
2020-07-13_14-11-14 12570
2020-07-13_14-11-14 12570
2020-07-13_14-11-14 12560
2020-07-13_14-11-14 12570
2020-07-13_14-11-14 12570
2020-07-13_14-11-14 12570
2020-07-13_14-11-14 12570
2020-07-13_14-11-14 12570
2020-07-13_14-11-14 12570
2020-07-13_14-11-14 12570
2020-07-13_14-11-14 12570
2020-07-13_14-11-14 12570
2020-07-13_14-11-14 12570
2020-07-13_14-11-14 12570
2020-07-13_14-11-14 12570
2020-07-13_14-11-14 12570
2020-07-13_14-11-14 12580
2020-07-13_14-11-14 12570
2020-07-13_14-11-14 12570
2020-07-13_14-11-14 12570
2020-07-13_14-11-14 12570
2020-07-13_14-11-14 12570
2020-07-13_14-11-14 12560
2020-07-13_14-11-14 12570
2020-07-13_14-11-14 12560
2020-07-13_14-11-14 12570
2020-07-13_14-11-14 12570
2020-07-13_14-11-14 12570
2020-07-13_14-11-14 12570
2020-07-13_14-11-14 12570
2020-07-13_14-11-14 12570
2020-07-13_14-11-14 12570
2020-07-13_14-11-14 12570
2020-07-13_14-11-14 12560
2020-07-13_14-11-14 12570
2020-07-13_14-11-14 12560
2020-07-13_14-11-14 12570
2020-07-13_14-11-14 12560
2020-07-13_14-11-14 12570
2020-07-13_14-11-14 12560
2020-07-13_14-11-14 12570
2020-07-13_14-11-14 12560
2020-07-13_14-11-14 12570
2020-07-13_14-11-14 12560
2020-07-13_14-11-14 12570
2020-07-13_14-11-14 12560
2020-07-13_14-11-14 12560
2020-07-13_14-11-14 12570
2020-07-13_14-11-14 12560
2020-07-13_14-11-14 12570
2020-07-13_14-11-14 12570
2020-07-13_14-11-14 12560
2020-07-13_14-11-14 12570
2020-07-13_14-11-14 12570
2020-07-13_14-11-14 12570
2020-07-13_14-11-14 12570
2020-07-13_14-11-14 12560
2020-07-13_14-11-14 12570
2020-07-13_14-11-14 12570
2020-07-13_14-11-14 12560
2020-07-13_14-11-14 12570
2020-07-13_14-11-14 12560
2020-07-13_14-11-14 12560
2020-07-13_14-11-14 12570
2020-07-13_14-11-14 12560
2020-07-13_14-11-14 12570
2020-07-13_14-11-14 12570
2020-07-13_14-11-14 12560
2020-07-13_14-11-14 12560
2020-07-13_14-11-14 12570
2020-07-13_14-11-14 12560
2020-07-13_14-11-14 12570
2020-07-13_14-11-14 12570
2020-07-13_14-11-14 12560
2020-07-13_14-11-14 12560
2020-07-13_14-11-14 12560
2020-07-13_14-11-14 12560
2020-07-13_14-11-14 12560
2020-07-13_14-11-14 12590
2020-07-13_14-11-14 12560
2020-07-13_14-11-14 12610
2020-07-13_14-11-14 12560
2020-07-13_14-11-14 12630
2020-07-13_14-11-14 12560
2020-07-13_14-11-14 12620
2020-07-13_14-11-14 12560
2020-07-13_14-11-14 12590
2020-07-13_14-11-14 12560
2020-07-13_14-11-14 12570
2020-07-13_14-11-14 12560
2020-07-13_14-11-14 12570
2020-07-13_14-11-14 12560
2020-07-13_14-11-14 12560
2020-07-13_14-11-14 12580
2020-07-13_14-11-14 12560
2020-07-13_14-11-14 12580
2020-07-13_14-11-14 12570
2020-07-13_14-11-14 12610
2020-07-13_14-11-14 12560
2020-07-13_14-11-14 12660
2020-07-13_14-11-14 12560
2020-07-13_14-11-14 12650
2020-07-13_14-11-14 12560
2020-07-13_14-11-14 12630
2020-07-13_14-11-14 12560
2020-07-13_14-11-14 12640
2020-07-13_14-11-14 12650
2020-07-13_14-11-14 12560
2020-07-13_14-11-14 12560
2020-07-13_14-11-14 12640
2020-07-13_14-11-14 12650
2020-07-13_14-11-14 12560
2020-07-13_14-11-14 12660
2020-07-13_14-11-14 12630
2020-07-13_14-11-14 12660
2020-07-13_14-11-14 12610
2020-07-13_14-11-14 12650
2020-07-13_14-11-14 12580
2020-07-13_14-11-14 12650
2020-07-13_14-11-14 12620
2020-07-13_14-11-14 12630
2020-07-13_14-11-14 12700
2020-07-13_14-11-14 12680
2020-07-13_14-11-14 12650
2020-07-13_14-11-14 12650
2020-07-13_14-11-14 12680
2020-07-13_14-11-14 12640
2020-07-13_14-11-14 12650
2020-07-13_14-11-14 12670
2020-07-13_14-11-14 12630
2020-07-13_14-11-14 12650
2020-07-13_14-11-14 12670
2020-07-13_14-11-14 12630
2020-07-13_14-11-14 12640
2020-07-13_14-11-14 12660
2020-07-13_14-11-14 12650
2020-07-13_14-11-14 12630
2020-07-13_14-11-14 12670
2020-07-13_14-11-14 12650
2020-07-13_14-11-14 12640
2020-07-13_14-11-14 12660
2020-07-13_14-11-14 12650
2020-07-13_14-11-14 12660
2020-07-13_14-11-14 12670
2020-07-13_14-11-14 12650
2020-07-13_14-11-14 12660
2020-07-13_14-11-14 12660
2020-07-13_14-11-14 12650
2020-07-13_14-11-14 12650
2020-07-13_14-11-14 12620
2020-07-13_14-11-14 12660
2020-07-13_14-11-14 12620
2020-07-13_14-11-14 12660
2020-07-13_14-11-14 12620
2020-07-13_14-11-14 12590
2020-07-13_14-11-14 12630
2020-07-13_14-11-14 12620
2020-07-13_14-11-14 12590
2020-07-13_14-11-14 12580
2020-07-13_14-11-14 12590
2020-07-13_14-11-14 12570
2020-07-13_14-11-14 12520
2020-07-13_14-11-14 12600
2020-07-13_14-11-14 12520
2020-07-13_14-11-14 12560
2020-07-13_14-11-14 12590
2020-07-13_14-11-14 12600
2020-07-13_14-11-14 12600
2020-07-13_14-11-14 12540
2020-07-13_14-11-14 12600
2020-07-13_14-11-14 11780
2020-07-13_14-11-14 12610
2020-07-13_14-11-14 10420
2020-07-13_14-11-14 12620
2020-07-13_14-11-14 10350
2020-07-13_14-11-14 12580
2020-07-13_14-11-14 10210
2020-07-13_14-11-14 12650
2020-07-13_14-11-14 10180
2020-07-13_14-11-14 12700
2020-07-13_14-11-14 12620
2020-07-13_14-11-14 10290
2020-07-13_14-11-14 10230
2020-07-13_14-11-14 12640
2020-07-13_14-11-14 1640
2020-07-13_14-11-14 12700
