2020-07-13_14-11-22 10730
2020-07-13_14-11-22 1160
2020-07-13_14-11-22 3920
2020-07-13_14-11-22 10700
2020-07-13_14-11-22 4040
2020-07-13_14-11-22 10750
2020-07-13_14-11-22 10710
2020-07-13_14-11-22 4010
2020-07-13_14-11-22 10240
2020-07-13_14-11-22 4070
2020-07-13_14-11-22 4030
2020-07-13_14-11-22 9150
2020-07-13_14-11-22 4070
2020-07-13_14-11-22 8160
2020-07-13_14-11-22 7670
2020-07-13_14-11-22 4070
2020-07-13_14-11-22 5790
2020-07-13_14-11-22 7730
2020-07-13_14-11-22 6820
2020-07-13_14-11-22 7780
2020-07-13_14-11-22 6870
2020-07-13_14-11-22 7800
2020-07-13_14-11-22 6870
2020-07-13_14-11-22 7840
2020-07-13_14-11-22 6830
2020-07-13_14-11-22 7820
2020-07-13_14-11-22 7780
2020-07-13_14-11-22 7200
2020-07-13_14-11-22 8760
2020-07-13_14-11-22 6210
2020-07-13_14-11-22 9990
2020-07-13_14-11-22 5230
2020-07-13_14-11-22 9980
2020-07-13_14-11-22 4810
2020-07-13_14-11-22 9990
2020-07-13_14-11-22 4780
2020-07-13_14-11-22 9960
2020-07-13_14-11-22 4770
2020-07-13_14-11-22 4760
2020-07-13_14-11-22 9970
2020-07-13_14-11-22 4750
2020-07-13_14-11-22 9960
2020-07-13_14-11-22 4760
2020-07-13_14-11-22 9960
2020-07-13_14-11-22 4740
2020-07-13_14-11-22 9940
2020-07-13_14-11-22 4760
2020-07-13_14-11-22 9960
2020-07-13_14-11-22 4780
2020-07-13_14-11-22 9950
2020-07-13_14-11-22 4800
2020-07-13_14-11-22 9950
2020-07-13_14-11-22 4800
2020-07-13_14-11-22 9950
2020-07-13_14-11-22 4780
2020-07-13_14-11-22 9950
2020-07-13_14-11-22 4800
2020-07-13_14-11-22 9950
2020-07-13_14-11-22 4780
2020-07-13_14-11-22 9960
2020-07-13_14-11-22 4800
2020-07-13_14-11-22 9960
2020-07-13_14-11-22 4780
2020-07-13_14-11-22 9960
2020-07-13_14-11-22 4790
2020-07-13_14-11-22 9950
2020-07-13_14-11-22 4790
2020-07-13_14-11-22 9960
2020-07-13_14-11-22 4790
2020-07-13_14-11-22 9950
2020-07-13_14-11-22 4810
2020-07-13_14-11-22 9960
2020-07-13_14-11-22 4810
2020-07-13_14-11-22 9960
2020-07-13_14-11-22 4810
2020-07-13_14-11-22 9950
2020-07-13_14-11-22 4810
2020-07-13_14-11-22 9950
2020-07-13_14-11-22 4810
2020-07-13_14-11-22 9950
2020-07-13_14-11-22 4810
2020-07-13_14-11-22 9950
2020-07-13_14-11-22 4800
2020-07-13_14-11-22 9950
2020-07-13_14-11-22 4800
2020-07-13_14-11-22 9950
2020-07-13_14-11-22 9960
2020-07-13_14-11-22 4800
2020-07-13_14-11-22 9960
2020-07-13_14-11-22 4800
2020-07-13_14-11-22 9960
2020-07-13_14-11-22 4800
2020-07-13_14-11-22 9960
2020-07-13_14-11-22 4800
2020-07-13_14-11-22 9960
2020-07-13_14-11-22 4800
2020-07-13_14-11-22 9960
2020-07-13_14-11-22 4800
2020-07-13_14-11-22 9960
2020-07-13_14-11-22 4800
2020-07-13_14-11-22 9960
2020-07-13_14-11-22 4800
2020-07-13_14-11-22 9960
2020-07-13_14-11-22 4800
2020-07-13_14-11-22 9960
2020-07-13_14-11-22 4800
2020-07-13_14-11-22 9960
2020-07-13_14-11-22 4800
2020-07-13_14-11-22 9950
2020-07-13_14-11-22 4800
2020-07-13_14-11-22 9950
2020-07-13_14-11-22 9950
2020-07-13_14-11-22 4800
2020-07-13_14-11-22 9960
2020-07-13_14-11-22 4800
2020-07-13_14-11-22 9960
2020-07-13_14-11-22 4790
2020-07-13_14-11-22 9950
2020-07-13_14-11-22 4710
2020-07-13_14-11-22 9950
2020-07-13_14-11-22 4680
2020-07-13_14-11-22 9950
2020-07-13_14-11-22 4680
2020-07-13_14-11-22 9950
2020-07-13_14-11-22 4750
2020-07-13_14-11-22 9950
2020-07-13_14-11-22 4780
2020-07-13_14-11-22 9950
2020-07-13_14-11-22 4780
2020-07-13_14-11-22 9950
2020-07-13_14-11-22 4780
2020-07-13_14-11-22 9950
2020-07-13_14-11-22 4780
2020-07-13_14-11-22 9960
2020-07-13_14-11-22 4780
2020-07-13_14-11-22 9960
2020-07-13_14-11-22 4780
2020-07-13_14-11-22 9960
2020-07-13_14-11-22 4780
2020-07-13_14-11-22 9960
2020-07-13_14-11-22 4780
2020-07-13_14-11-22 9960
2020-07-13_14-11-22 4780
2020-07-13_14-11-22 9960
2020-07-13_14-11-22 4780
2020-07-13_14-11-22 9960
2020-07-13_14-11-22 4780
2020-07-13_14-11-22 9960
2020-07-13_14-11-22 4780
2020-07-13_14-11-22 9960
2020-07-13_14-11-22 4790
2020-07-13_14-11-22 9960
2020-07-13_14-11-22 4790
2020-07-13_14-11-22 9950
2020-07-13_14-11-22 4780
2020-07-13_14-11-22 9950
2020-07-13_14-11-22 9950
2020-07-13_14-11-22 4780
2020-07-13_14-11-22 4780
2020-07-13_14-11-22 9950
2020-07-13_14-11-22 4790
2020-07-13_14-11-22 9950
2020-07-13_14-11-22 9950
2020-07-13_14-11-22 4800
2020-07-13_14-11-22 9950
2020-07-13_14-11-22 4810
2020-07-13_14-11-22 9950
2020-07-13_14-11-22 4810
2020-07-13_14-11-22 9950
2020-07-13_14-11-22 4810
2020-07-13_14-11-22 9950
2020-07-13_14-11-22 4810
2020-07-13_14-11-22 9960
2020-07-13_14-11-22 4800
2020-07-13_14-11-22 9950
2020-07-13_14-11-22 4790
2020-07-13_14-11-22 9950
2020-07-13_14-11-22 4800
2020-07-13_14-11-22 9950
2020-07-13_14-11-22 4800
2020-07-13_14-11-22 9950
2020-07-13_14-11-22 4820
2020-07-13_14-11-22 9950
2020-07-13_14-11-22 4790
2020-07-13_14-11-22 9960
2020-07-13_14-11-22 4810
2020-07-13_14-11-22 9960
2020-07-13_14-11-22 4790
2020-07-13_14-11-22 9960
2020-07-13_14-11-22 4800
2020-07-13_14-11-22 9950
2020-07-13_14-11-22 4790
2020-07-13_14-11-22 9950
2020-07-13_14-11-22 4790
2020-07-13_14-11-22 9950
2020-07-13_14-11-22 4800
2020-07-13_14-11-22 9950
2020-07-13_14-11-22 4790
2020-07-13_14-11-22 9950
2020-07-13_14-11-22 4380
2020-07-13_14-11-22 9960
2020-07-13_14-11-22 3560
2020-07-13_14-11-22 9950
2020-07-13_14-11-22 2730
2020-07-13_14-11-22 9950
2020-07-13_14-11-22 2300
2020-07-13_14-11-22 9950
2020-07-13_14-11-22 2260
2020-07-13_14-11-22 10000
2020-07-13_14-11-22 10040
2020-07-13_14-11-22 2260
2020-07-13_14-11-22 9980
2020-07-13_14-11-22 9960
2020-07-13_14-11-22 9950
2020-07-13_14-11-22 9950
2020-07-13_14-11-22 9960
2020-07-13_14-11-22 9960
2020-07-13_14-11-22 9960
2020-07-13_14-11-22 9950
2020-07-13_14-11-22 9950
2020-07-13_14-11-22 9960
2020-07-13_14-11-22 9960
2020-07-13_14-11-22 9960
2020-07-13_14-11-22 9960
2020-07-13_14-11-22 9960
2020-07-13_14-11-22 9960
2020-07-13_14-11-22 9960
2020-07-13_14-11-22 9960
2020-07-13_14-11-22 9960
2020-07-13_14-11-22 9960
2020-07-13_14-11-22 9960
2020-07-13_14-11-22 9970
2020-07-13_14-11-22 9960
2020-07-13_14-11-22 9950
2020-07-13_14-11-22 9950
2020-07-13_14-11-22 9950
2020-07-13_14-11-22 9950
2020-07-13_14-11-22 9950
2020-07-13_14-11-22 9960
2020-07-13_14-11-22 9960
2020-07-13_14-11-22 9960
2020-07-13_14-11-22 9960
2020-07-13_14-11-22 9970
2020-07-13_14-11-22 9870
2020-07-13_14-11-22 9830
2020-07-13_14-11-22 9890
2020-07-13_14-11-22 9920
2020-07-13_14-11-22 9890
2020-07-13_14-11-22 9770
2020-07-13_14-11-22 4800
2020-07-13_14-11-22 4790
2020-07-13_14-11-22 4810
2020-07-13_14-11-22 4790
2020-07-13_14-11-22 4800
2020-07-13_14-11-22 4780
2020-07-13_14-11-22 4780
2020-07-13_14-11-22 4790
2020-07-13_14-11-22 4790
2020-07-13_14-11-22 4790
2020-07-13_14-11-22 4800
2020-07-13_14-11-22 4810
2020-07-13_14-11-22 4790
2020-07-13_14-11-22 4800
2020-07-13_14-11-22 4800
2020-07-13_14-11-22 4800
2020-07-13_14-11-22 4800
2020-07-13_14-11-22 4800
2020-07-13_14-11-22 4790
2020-07-13_14-11-22 4800
2020-07-13_14-11-22 4800
2020-07-13_14-11-22 4810
2020-07-13_14-11-22 4800
2020-07-13_14-11-22 4800
2020-07-13_14-11-22 4800
2020-07-13_14-11-22 4800
2020-07-13_14-11-22 4800
2020-07-13_14-11-22 4800
2020-07-13_14-11-22 2240
2020-07-13_14-11-22 2270
2020-07-13_14-11-22 2220
2020-07-13_14-11-22 2210
2020-07-13_14-11-22 2190
2020-07-13_14-11-22 1670
2020-07-13_14-11-22 950
