2020-07-13_14-10-05 1170
2020-07-13_14-10-05 1900
2020-07-13_14-10-05 2130
2020-07-13_14-10-05 2090
2020-07-13_14-10-05 2130
2020-07-13_14-10-05 2230
2020-07-13_14-10-05 2260
2020-07-13_14-10-05 2230
2020-07-13_14-10-05 2220
2020-07-13_14-10-05 2250
2020-07-13_14-10-05 2240
2020-07-13_14-10-05 2230
2020-07-13_14-10-05 2250
2020-07-13_14-10-05 2320
2020-07-13_14-10-05 2400
2020-07-13_14-10-05 2440
2020-07-13_14-10-05 2440
2020-07-13_14-10-05 2400
2020-07-13_14-10-05 2390
2020-07-13_14-10-05 2410
2020-07-13_14-10-05 2420
2020-07-13_14-10-05 2930
2020-07-13_14-10-05 5520
2020-07-13_14-10-05 9520
2020-07-13_14-10-05 12670
2020-07-13_14-10-05 13290
2020-07-13_14-10-05 12780
2020-07-13_14-10-05 12970
2020-07-13_14-10-05 13420
2020-07-13_14-10-05 13310
2020-07-13_14-10-05 12940
2020-07-13_14-10-05 13000
2020-07-13_14-10-05 13300
2020-07-13_14-10-05 13260
2020-07-13_14-10-05 13020
2020-07-13_14-10-05 13070
2020-07-13_14-10-05 13290
2020-07-13_14-10-05 13250
2020-07-13_14-10-05 13050
2020-07-13_14-10-05 13080
2020-07-13_14-10-05 13250
2020-07-13_14-10-05 13210
2020-07-13_14-10-05 13070
2020-07-13_14-10-05 13080
2020-07-13_14-10-05 13200
2020-07-13_14-10-05 13180
2020-07-13_14-10-05 13100
2020-07-13_14-10-05 13140
2020-07-13_14-10-05 13210
2020-07-13_14-10-05 13170
2020-07-13_14-10-05 13070
2020-07-13_14-10-05 13090
2020-07-13_14-10-05 13180
2020-07-13_14-10-05 13180
2020-07-13_14-10-05 13100
2020-07-13_14-10-05 13100
2020-07-13_14-10-05 13170
2020-07-13_14-10-05 13170
2020-07-13_14-10-05 13100
2020-07-13_14-10-05 13130
2020-07-13_14-10-05 13220
2020-07-13_14-10-05 13210
2020-07-13_14-10-05 13100
2020-07-13_14-10-05 13080
2020-07-13_14-10-05 13160
2020-07-13_14-10-05 13180
2020-07-13_14-10-05 13130
2020-07-13_14-10-05 13140
2020-07-13_14-10-05 13180
2020-07-13_14-10-05 13170
2020-07-13_14-10-05 13120
2020-07-13_14-10-05 13150
2020-07-13_14-10-05 13190
2020-07-13_14-10-05 13160
2020-07-13_14-10-05 13130
2020-07-13_14-10-05 13170
2020-07-13_14-10-05 13180
2020-07-13_14-10-05 13150
2020-07-13_14-10-05 13140
2020-07-13_14-10-05 13170
2020-07-13_14-10-05 13170
2020-07-13_14-10-05 13140
2020-07-13_14-10-05 13140
2020-07-13_14-10-05 13170
2020-07-13_14-10-05 13170
2020-07-13_14-10-05 13140
2020-07-13_14-10-05 13150
2020-07-13_14-10-05 13170
2020-07-13_14-10-05 13150
2020-07-13_14-10-05 13140
2020-07-13_14-10-05 13150
2020-07-13_14-10-05 13160
2020-07-13_14-10-05 13150
2020-07-13_14-10-05 13140
2020-07-13_14-10-05 13150
2020-07-13_14-10-05 13160
2020-07-13_14-10-05 13160
2020-07-13_14-10-05 13160
2020-07-13_14-10-05 13160
2020-07-13_14-10-05 13140
2020-07-13_14-10-05 13140
2020-07-13_14-10-05 13140
2020-07-13_14-10-05 13150
2020-07-13_14-10-05 13140
2020-07-13_14-10-05 13140
2020-07-13_14-10-05 13150
2020-07-13_14-10-05 13130
2020-07-13_14-10-05 13130
2020-07-13_14-10-05 13100
2020-07-13_14-10-05 13090
2020-07-13_14-10-05 13100
2020-07-13_14-10-05 13080
2020-07-13_14-10-05 13080
2020-07-13_14-10-05 13090
2020-07-13_14-10-05 13120
2020-07-13_14-10-05 13120
2020-07-13_14-10-05 13060
2020-07-13_14-10-05 13080
2020-07-13_14-10-05 13170
2020-07-13_14-10-05 13190
2020-07-13_14-10-05 13070
2020-07-13_14-10-05 13010
2020-07-13_14-10-05 13110
2020-07-13_14-10-05 13230
2020-07-13_14-10-05 13170
2020-07-13_14-10-05 13060
2020-07-13_14-10-05 13110
2020-07-13_14-10-05 13230
2020-07-13_14-10-05 13200
2020-07-13_14-10-05 13050
2020-07-13_14-10-05 13050
2020-07-13_14-10-05 13190
2020-07-13_14-10-05 13160
2020-07-13_14-10-05 12570
2020-07-13_14-10-05 11850
2020-07-13_14-10-05 11360
2020-07-13_14-10-05 11200
2020-07-13_14-10-05 11030
2020-07-13_14-10-05 10870
2020-07-13_14-10-05 10940
2020-07-13_14-10-05 11040
2020-07-13_14-10-05 10940
2020-07-13_14-10-05 10790
2020-07-13_14-10-05 10870
2020-07-13_14-10-05 10990
2020-07-13_14-10-05 10890
2020-07-13_14-10-05 10720
2020-07-13_14-10-05 10730
2020-07-13_14-10-05 10650
2020-07-13_14-10-05 9420
2020-07-13_14-10-05 6660
2020-07-13_14-10-05 3340
2020-07-13_14-10-05 990
