2020-07-13_14-11-12 1160
2020-07-13_14-11-12 2110
2020-07-13_14-11-12 1860
2020-07-13_14-11-12 1940
2020-07-13_14-11-12 2000
2020-07-13_14-11-12 1970
2020-07-13_14-11-12 1990
2020-07-13_14-11-12 3700
2020-07-13_14-11-12 6570
2020-07-13_14-11-12 6510
2020-07-13_14-11-12 6240
2020-07-13_14-11-12 6340
2020-07-13_14-11-12 6370
2020-07-13_14-11-12 6390
2020-07-13_14-11-12 6420
2020-07-13_14-11-12 6360
2020-07-13_14-11-12 6420
2020-07-13_14-11-12 6390
2020-07-13_14-11-12 6370
2020-07-13_14-11-12 6400
2020-07-13_14-11-12 6400
2020-07-13_14-11-12 6380
2020-07-13_14-11-12 6410
2020-07-13_14-11-12 6380
2020-07-13_14-11-12 6390
2020-07-13_14-11-12 6380
2020-07-13_14-11-12 6370
2020-07-13_14-11-12 6420
2020-07-13_14-11-12 6360
2020-07-13_14-11-12 6390
2020-07-13_14-11-12 6400
2020-07-13_14-11-12 6400
2020-07-13_14-11-12 6400
2020-07-13_14-11-12 6400
2020-07-13_14-11-12 6400
2020-07-13_14-11-12 6400
2020-07-13_14-11-12 6400
2020-07-13_14-11-12 6400
2020-07-13_14-11-12 6400
2020-07-13_14-11-12 6410
2020-07-13_14-11-12 6410
2020-07-13_14-11-12 6400
2020-07-13_14-11-12 6400
2020-07-13_14-11-12 6400
2020-07-13_14-11-12 6400
2020-07-13_14-11-12 6400
2020-07-13_14-11-12 6410
2020-07-13_14-11-12 6410
2020-07-13_14-11-12 6400
2020-07-13_14-11-12 6400
2020-07-13_14-11-12 6400
2020-07-13_14-11-12 6390
2020-07-13_14-11-12 6350
2020-07-13_14-11-12 6430
2020-07-13_14-11-12 6400
2020-07-13_14-11-12 6370
2020-07-13_14-11-12 6400
2020-07-13_14-11-12 6320
2020-07-13_14-11-12 5880
2020-07-13_14-11-12 4480
2020-07-13_14-11-12 4490
2020-07-13_14-11-12 4470
