2020-07-13_14-11-23 17560
2020-07-13_14-11-23 17550
2020-07-13_14-11-23 17560
2020-07-13_14-11-23 17560
2020-07-13_14-11-23 17560
2020-07-13_14-11-23 17560
2020-07-13_14-11-23 17560
2020-07-13_14-11-23 17560
2020-07-13_14-11-23 17560
2020-07-13_14-11-23 17560
2020-07-13_14-11-23 17560
2020-07-13_14-11-23 17550
2020-07-13_14-11-23 17560
2020-07-13_14-11-23 17550
2020-07-13_14-11-23 17550
2020-07-13_14-11-23 17540
2020-07-13_14-11-23 17560
2020-07-13_14-11-23 17560
2020-07-13_14-11-23 17560
2020-07-13_14-11-23 17550
2020-07-13_14-11-23 17650
2020-07-13_14-11-23 17680
2020-07-13_14-11-23 17590
2020-07-13_14-11-23 17730
2020-07-13_14-11-23 17640
2020-07-13_14-11-23 17670
2020-07-13_14-11-23 17600
2020-07-13_14-11-23 17560
2020-07-13_14-11-23 13360
2020-07-13_14-11-23 9230
2020-07-13_14-11-23 8730
2020-07-13_14-11-23 8980
2020-07-13_14-11-23 8880
2020-07-13_14-11-23 8810
2020-07-13_14-11-23 8730
2020-07-13_14-11-23 8870
2020-07-13_14-11-23 8810
2020-07-13_14-11-23 8740
2020-07-13_14-11-23 8410
2020-07-13_14-11-23 3700
