2020-07-13_14-11-04 17930
2020-07-13_14-11-04 17930
2020-07-13_14-11-04 17960
2020-07-13_14-11-04 17950
2020-07-13_14-11-04 17910
2020-07-13_14-11-04 17920
2020-07-13_14-11-04 17940
2020-07-13_14-11-04 17950
2020-07-13_14-11-04 17920
2020-07-13_14-11-04 17930
2020-07-13_14-11-04 17930
2020-07-13_14-11-04 17940
2020-07-13_14-11-04 17950
2020-07-13_14-11-04 17940
2020-07-13_14-11-04 17930
2020-07-13_14-11-04 17940
2020-07-13_14-11-04 17940
2020-07-13_14-11-04 17950
2020-07-13_14-11-04 17940
2020-07-13_14-11-04 17950
2020-07-13_14-11-04 17930
2020-07-13_14-11-04 17940
2020-07-13_14-11-04 17930
2020-07-13_14-11-04 17940
2020-07-13_14-11-04 17940
2020-07-13_14-11-04 17940
2020-07-13_14-11-04 17930
2020-07-13_14-11-04 17930
2020-07-13_14-11-04 17940
2020-07-13_14-11-04 17940
2020-07-13_14-11-04 17940
2020-07-13_14-11-04 17950
2020-07-13_14-11-04 17950
2020-07-13_14-11-04 17940
2020-07-13_14-11-04 17940
2020-07-13_14-11-04 17940
2020-07-13_14-11-04 17950
2020-07-13_14-11-04 17950
2020-07-13_14-11-04 17940
2020-07-13_14-11-04 17940
2020-07-13_14-11-04 17940
2020-07-13_14-11-04 17940
2020-07-13_14-11-04 17940
2020-07-13_14-11-04 17940
2020-07-13_14-11-04 17940
2020-07-13_14-11-04 17940
2020-07-13_14-11-04 17940
2020-07-13_14-11-04 17940
2020-07-13_14-11-04 17940
2020-07-13_14-11-04 17940
2020-07-13_14-11-04 17930
2020-07-13_14-11-04 17940
2020-07-13_14-11-04 17940
2020-07-13_14-11-04 17940
2020-07-13_14-11-04 17880
2020-07-13_14-11-04 17940
2020-07-13_14-11-04 17890
2020-07-13_14-11-04 17930
2020-07-13_14-11-04 17940
2020-07-13_14-11-04 17990
2020-07-13_14-11-04 17980
2020-07-13_14-11-04 17990
2020-07-13_14-11-04 17920
2020-07-13_14-11-04 18000
2020-07-13_14-11-04 17910
2020-07-13_14-11-04 10520
2020-07-13_14-11-04 9480
2020-07-13_14-11-04 9410
2020-07-13_14-11-04 9490
2020-07-13_14-11-04 9390
2020-07-13_14-11-04 9360
2020-07-13_14-11-04 4790
