2020-07-13_14-11-26 12790
2020-07-13_14-11-26 12790
2020-07-13_14-11-26 12790
2020-07-13_14-11-26 12790
2020-07-13_14-11-26 12790
2020-07-13_14-11-26 12790
2020-07-13_14-11-26 12790
2020-07-13_14-11-26 12790
2020-07-13_14-11-26 12790
2020-07-13_14-11-26 12790
2020-07-13_14-11-26 12790
2020-07-13_14-11-26 12790
2020-07-13_14-11-26 12790
2020-07-13_14-11-26 12800
2020-07-13_14-11-26 12860
2020-07-13_14-11-26 12880
2020-07-13_14-11-26 12880
2020-07-13_14-11-26 12800
2020-07-13_14-11-26 12790
2020-07-13_14-11-26 12790
2020-07-13_14-11-26 12790
2020-07-13_14-11-26 12790
2020-07-13_14-11-26 12790
2020-07-13_14-11-26 12790
2020-07-13_14-11-26 12800
2020-07-13_14-11-26 12790
2020-07-13_14-11-26 12820
2020-07-13_14-11-26 12840
2020-07-13_14-11-26 12870
2020-07-13_14-11-26 12930
2020-07-13_14-11-26 12900
2020-07-13_14-11-26 12900
2020-07-13_14-11-26 12910
2020-07-13_14-11-26 12920
2020-07-13_14-11-26 12900
2020-07-13_14-11-26 12910
2020-07-13_14-11-26 12960
2020-07-13_14-11-26 12930
2020-07-13_14-11-26 12890
2020-07-13_14-11-26 12910
2020-07-13_14-11-26 12910
2020-07-13_14-11-26 12930
2020-07-13_14-11-26 12940
2020-07-13_14-11-26 12900
2020-07-13_14-11-26 12910
2020-07-13_14-11-26 12910
2020-07-13_14-11-26 12910
2020-07-13_14-11-26 12910
2020-07-13_14-11-26 12900
2020-07-13_14-11-26 12900
2020-07-13_14-11-26 12910
2020-07-13_14-11-26 12920
2020-07-13_14-11-26 12920
2020-07-13_14-11-26 12910
2020-07-13_14-11-26 12910
2020-07-13_14-11-26 12910
2020-07-13_14-11-26 12910
2020-07-13_14-11-26 12910
2020-07-13_14-11-26 12910
2020-07-13_14-11-26 12910
2020-07-13_14-11-26 12910
2020-07-13_14-11-26 12910
2020-07-13_14-11-26 12910
2020-07-13_14-11-26 12910
2020-07-13_14-11-26 12910
2020-07-13_14-11-26 12910
2020-07-13_14-11-26 12910
2020-07-13_14-11-26 12910
2020-07-13_14-11-26 12910
2020-07-13_14-11-26 12910
2020-07-13_14-11-26 12910
2020-07-13_14-11-26 12910
2020-07-13_14-11-26 12870
2020-07-13_14-11-26 12430
2020-07-13_14-11-26 11110
2020-07-13_14-11-26 10950
2020-07-13_14-11-26 11000
2020-07-13_14-11-26 10940
2020-07-13_14-11-26 10760
2020-07-13_14-11-26 10740
2020-07-13_14-11-26 10760
2020-07-13_14-11-26 10800
2020-07-13_14-11-26 10640
2020-07-13_14-11-26 10320
2020-07-13_14-11-26 9810
2020-07-13_14-11-26 8460
2020-07-13_14-11-26 8370
2020-07-13_14-11-26 8340
2020-07-13_14-11-26 8330
2020-07-13_14-11-26 8360
2020-07-13_14-11-26 8410
2020-07-13_14-11-26 7010
2020-07-13_14-11-26 4830
2020-07-13_14-11-27 4210
2020-07-13_14-11-27 4210
2020-07-13_14-11-27 4200
2020-07-13_14-11-27 4050
2020-07-13_14-11-27 1640
