2020-07-13_14-11-16 910
2020-07-13_14-11-16 1200
2020-07-13_14-11-16 1220
2020-07-13_14-11-16 1200
2020-07-13_14-11-16 1400
2020-07-13_14-11-16 1980
2020-07-13_14-11-16 2220
2020-07-13_14-11-16 2220
2020-07-13_14-11-16 2200
2020-07-13_14-11-16 2210
2020-07-13_14-11-16 2210
2020-07-13_14-11-16 2220
2020-07-13_14-11-16 2220
2020-07-13_14-11-16 2220
2020-07-13_14-11-16 2210
2020-07-13_14-11-16 2220
2020-07-13_14-11-16 2220
2020-07-13_14-11-16 2210
2020-07-13_14-11-16 2210
2020-07-13_14-11-16 2220
2020-07-13_14-11-16 2220
2020-07-13_14-11-16 2210
2020-07-13_14-11-16 2190
2020-07-13_14-11-16 2200
