2020-07-13_14-10-07 790
2020-07-13_14-10-07 1490
2020-07-13_14-10-07 2290
2020-07-13_14-10-07 3190
2020-07-13_14-10-07 4040
2020-07-13_14-10-07 4540
2020-07-13_14-10-07 4560
2020-07-13_14-10-07 4460
2020-07-13_14-10-07 4480
2020-07-13_14-10-07 4620
2020-07-13_14-10-07 4700
2020-07-13_14-10-07 4640
2020-07-13_14-10-07 4520
2020-07-13_14-10-07 4470
2020-07-13_14-10-07 4510
2020-07-13_14-10-07 4580
2020-07-13_14-10-07 4580
2020-07-13_14-10-07 4500
2020-07-13_14-10-07 4410
2020-07-13_14-10-07 4410
2020-07-13_14-10-07 4510
2020-07-13_14-10-07 4570
2020-07-13_14-10-07 4540
2020-07-13_14-10-07 4460
2020-07-13_14-10-07 4420
2020-07-13_14-10-07 4450
2020-07-13_14-10-07 4500
2020-07-13_14-10-07 4510
2020-07-13_14-10-07 4470
2020-07-13_14-10-07 4460
2020-07-13_14-10-07 4480
2020-07-13_14-10-07 4530
2020-07-13_14-10-07 4540
2020-07-13_14-10-07 4540
2020-07-13_14-10-07 4550
2020-07-13_14-10-07 4560
2020-07-13_14-10-07 4540
2020-07-13_14-10-07 4510
2020-07-13_14-10-07 4530
2020-07-13_14-10-07 4620
2020-07-13_14-10-07 4660
2020-07-13_14-10-07 4620
2020-07-13_14-10-07 4560
2020-07-13_14-10-07 4580
2020-07-13_14-10-07 4680
2020-07-13_14-10-07 4830
2020-07-13_14-10-07 5320
2020-07-13_14-10-07 6640
2020-07-13_14-10-07 9030
2020-07-13_14-10-07 11870
2020-07-13_14-10-07 14280
2020-07-13_14-10-07 15670
2020-07-13_14-10-07 16210
2020-07-13_14-10-07 16340
2020-07-13_14-10-07 16400
2020-07-13_14-10-07 16420
2020-07-13_14-10-07 16390
2020-07-13_14-10-07 16340
2020-07-13_14-10-07 16370
2020-07-13_14-10-07 16460
2020-07-13_14-10-07 16520
2020-07-13_14-10-07 16510
2020-07-13_14-10-07 16480
2020-07-13_14-10-07 16490
2020-07-13_14-10-07 16560
2020-07-13_14-10-07 16700
2020-07-13_14-10-07 17150
2020-07-13_14-10-07 18400
2020-07-13_14-10-07 20610
2020-07-13_14-10-07 23320
2020-07-13_14-10-07 25760
2020-07-13_14-10-07 27440
2020-07-13_14-10-07 28250
2020-07-13_14-10-07 28400
2020-07-13_14-10-07 28320
2020-07-13_14-10-07 28340
2020-07-13_14-10-07 28410
2020-07-13_14-10-07 28380
2020-07-13_14-10-07 28320
2020-07-13_14-10-07 28360
2020-07-13_14-10-07 28390
2020-07-13_14-10-07 28350
2020-07-13_14-10-07 28340
2020-07-13_14-10-07 28400
2020-07-13_14-10-07 28410
2020-07-13_14-10-07 28350
2020-07-13_14-10-07 28350
2020-07-13_14-10-07 28400
2020-07-13_14-10-07 28390
2020-07-13_14-10-07 28340
2020-07-13_14-10-07 28350
2020-07-13_14-10-07 28390
2020-07-13_14-10-07 28370
2020-07-13_14-10-07 28350
2020-07-13_14-10-07 28380
2020-07-13_14-10-07 28400
2020-07-13_14-10-07 28370
2020-07-13_14-10-07 28360
2020-07-13_14-10-07 28390
2020-07-13_14-10-07 28390
2020-07-13_14-10-07 28360
2020-07-13_14-10-07 28360
2020-07-13_14-10-07 28390
2020-07-13_14-10-07 28390
2020-07-13_14-10-07 28370
2020-07-13_14-10-07 28370
2020-07-13_14-10-07 28390
2020-07-13_14-10-07 28380
2020-07-13_14-10-07 28370
2020-07-13_14-10-07 28380
2020-07-13_14-10-07 28390
2020-07-13_14-10-07 28380
2020-07-13_14-10-07 28360
2020-07-13_14-10-07 28370
2020-07-13_14-10-07 28390
2020-07-13_14-10-07 28380
2020-07-13_14-10-07 28380
2020-07-13_14-10-07 28400
2020-07-13_14-10-07 28370
2020-07-13_14-10-07 28340
2020-07-13_14-10-07 28370
2020-07-13_14-10-07 28410
2020-07-13_14-10-07 28370
2020-07-13_14-10-07 28320
2020-07-13_14-10-07 28350
2020-07-13_14-10-07 28410
2020-07-13_14-10-07 28360
2020-07-13_14-10-07 28290
2020-07-13_14-10-07 28330
2020-07-13_14-10-07 28400
2020-07-13_14-10-07 28330
2020-07-13_14-10-07 28220
2020-07-13_14-10-07 28270
2020-07-13_14-10-07 28390
2020-07-13_14-10-07 28330
2020-07-13_14-10-07 28200
2020-07-13_14-10-07 28270
2020-07-13_14-10-07 28410
2020-07-13_14-10-07 28340
2020-07-13_14-10-07 28210
2020-07-13_14-10-07 28300
2020-07-13_14-10-07 28460
2020-07-13_14-10-07 28400
2020-07-13_14-10-07 28270
2020-07-13_14-10-07 28370
2020-07-13_14-10-07 28480
2020-07-13_14-10-07 28380
2020-07-13_14-10-07 28280
2020-07-13_14-10-07 28380
2020-07-13_14-10-07 28470
2020-07-13_14-10-07 28360
2020-07-13_14-10-07 28300
2020-07-13_14-10-07 28400
2020-07-13_14-10-07 28450
2020-07-13_14-10-07 28350
2020-07-13_14-10-07 28310
2020-07-13_14-10-07 28400
2020-07-13_14-10-07 28430
2020-07-13_14-10-07 28350
2020-07-13_14-10-07 28340
2020-07-13_14-10-07 28400
2020-07-13_14-10-07 28390
2020-07-13_14-10-07 28340
2020-07-13_14-10-07 28370
2020-07-13_14-10-07 28420
2020-07-13_14-10-07 28380
2020-07-13_14-10-07 28350
2020-07-13_14-10-07 28380
2020-07-13_14-10-07 28410
2020-07-13_14-10-07 28370
2020-07-13_14-10-07 28370
2020-07-13_14-10-07 28400
2020-07-13_14-10-07 28380
2020-07-13_14-10-07 28350
2020-07-13_14-10-07 28370
2020-07-13_14-10-07 28410
2020-07-13_14-10-07 28380
2020-07-13_14-10-07 28350
2020-07-13_14-10-07 28380
2020-07-13_14-10-07 28390
2020-07-13_14-10-07 28380
2020-07-13_14-10-07 28360
2020-07-13_14-10-07 28380
2020-07-13_14-10-07 28380
2020-07-13_14-10-07 28360
2020-07-13_14-10-07 28370
2020-07-13_14-10-07 28390
2020-07-13_14-10-07 28380
2020-07-13_14-10-07 28370
2020-07-13_14-10-07 28390
2020-07-13_14-10-07 28400
2020-07-13_14-10-07 28380
2020-07-13_14-10-07 28380
2020-07-13_14-10-07 28380
2020-07-13_14-10-07 28380
2020-07-13_14-10-07 28360
2020-07-13_14-10-07 28360
2020-07-13_14-10-07 28360
2020-07-13_14-10-07 28350
2020-07-13_14-10-07 28340
2020-07-13_14-10-07 28340
2020-07-13_14-10-07 28310
2020-07-13_14-10-07 28280
2020-07-13_14-10-07 28290
2020-07-13_14-10-07 28310
2020-07-13_14-10-07 28290
2020-07-13_14-10-07 28280
2020-07-13_14-10-07 28300
2020-07-13_14-10-07 28310
2020-07-13_14-10-07 28290
2020-07-13_14-10-07 28290
2020-07-13_14-10-07 28300
2020-07-13_14-10-07 28300
2020-07-13_14-10-07 28290
2020-07-13_14-10-07 28310
2020-07-13_14-10-07 28320
2020-07-13_14-10-07 28300
2020-07-13_14-10-07 28290
2020-07-13_14-10-07 28310
2020-07-13_14-10-07 28310
2020-07-13_14-10-07 28300
2020-07-13_14-10-07 28300
2020-07-13_14-10-07 28310
2020-07-13_14-10-07 28300
2020-07-13_14-10-07 28290
2020-07-13_14-10-07 28310
2020-07-13_14-10-07 28320
2020-07-13_14-10-07 28300
2020-07-13_14-10-07 28300
2020-07-13_14-10-07 28300
2020-07-13_14-10-07 28300
2020-07-13_14-10-07 28300
2020-07-13_14-10-07 28300
2020-07-13_14-10-07 28310
2020-07-13_14-10-07 28300
2020-07-13_14-10-07 28300
2020-07-13_14-10-07 28300
2020-07-13_14-10-07 28300
2020-07-13_14-10-07 28290
2020-07-13_14-10-07 28290
2020-07-13_14-10-07 28310
2020-07-13_14-10-07 28300
2020-07-13_14-10-07 28300
2020-07-13_14-10-07 28300
2020-07-13_14-10-07 28310
2020-07-13_14-10-07 28300
2020-07-13_14-10-07 28290
2020-07-13_14-10-07 28300
2020-07-13_14-10-07 28290
2020-07-13_14-10-07 28290
2020-07-13_14-10-07 28290
2020-07-13_14-10-07 28300
2020-07-13_14-10-07 28300
2020-07-13_14-10-07 28290
2020-07-13_14-10-07 28300
2020-07-13_14-10-07 28300
2020-07-13_14-10-07 28300
2020-07-13_14-10-07 28290
2020-07-13_14-10-07 28300
2020-07-13_14-10-07 28300
2020-07-13_14-10-07 28290
2020-07-13_14-10-07 28290
2020-07-13_14-10-07 28300
2020-07-13_14-10-07 28300
2020-07-13_14-10-07 28300
2020-07-13_14-10-07 28300
2020-07-13_14-10-07 28300
2020-07-13_14-10-07 28300
2020-07-13_14-10-07 28300
2020-07-13_14-10-07 28300
2020-07-13_14-10-07 28300
2020-07-13_14-10-07 28290
2020-07-13_14-10-07 28300
2020-07-13_14-10-07 28300
2020-07-13_14-10-07 28300
2020-07-13_14-10-07 28300
2020-07-13_14-10-07 28310
2020-07-13_14-10-07 28310
2020-07-13_14-10-07 28300
2020-07-13_14-10-07 28300
2020-07-13_14-10-07 28300
2020-07-13_14-10-07 28300
2020-07-13_14-10-07 28300
2020-07-13_14-10-07 28300
2020-07-13_14-10-07 28300
2020-07-13_14-10-07 28290
2020-07-13_14-10-07 28290
2020-07-13_14-10-07 28300
2020-07-13_14-10-07 28300
2020-07-13_14-10-07 28300
2020-07-13_14-10-07 28300
2020-07-13_14-10-07 28300
2020-07-13_14-10-07 28300
2020-07-13_14-10-07 28300
2020-07-13_14-10-07 28300
2020-07-13_14-10-07 28300
2020-07-13_14-10-07 28300
2020-07-13_14-10-07 28300
2020-07-13_14-10-07 28300
2020-07-13_14-10-07 28300
2020-07-13_14-10-07 28300
2020-07-13_14-10-07 28300
2020-07-13_14-10-07 28300
2020-07-13_14-10-07 28300
2020-07-13_14-10-07 28300
2020-07-13_14-10-07 28300
2020-07-13_14-10-07 28300
2020-07-13_14-10-07 28300
2020-07-13_14-10-07 28300
2020-07-13_14-10-07 28300
2020-07-13_14-10-07 28300
2020-07-13_14-10-07 28300
2020-07-13_14-10-07 28300
2020-07-13_14-10-07 28300
2020-07-13_14-10-07 28300
2020-07-13_14-10-07 28300
2020-07-13_14-10-07 28300
2020-07-13_14-10-07 28300
2020-07-13_14-10-07 28300
2020-07-13_14-10-07 28300
2020-07-13_14-10-07 28300
2020-07-13_14-10-07 28300
2020-07-13_14-10-07 28300
2020-07-13_14-10-07 28300
2020-07-13_14-10-07 28300
2020-07-13_14-10-07 28300
2020-07-13_14-10-07 28300
2020-07-13_14-10-07 28300
2020-07-13_14-10-07 28300
2020-07-13_14-10-07 28300
2020-07-13_14-10-07 28300
2020-07-13_14-10-07 28300
2020-07-13_14-10-07 28300
2020-07-13_14-10-07 28300
2020-07-13_14-10-07 28300
2020-07-13_14-10-07 28300
2020-07-13_14-10-07 28300
2020-07-13_14-10-07 28290
2020-07-13_14-10-07 28290
2020-07-13_14-10-07 28290
2020-07-13_14-10-07 28300
2020-07-13_14-10-07 28300
2020-07-13_14-10-07 28300
2020-07-13_14-10-07 28290
2020-07-13_14-10-07 28290
2020-07-13_14-10-07 28290
2020-07-13_14-10-07 28290
2020-07-13_14-10-07 28300
2020-07-13_14-10-07 28300
2020-07-13_14-10-07 28300
2020-07-13_14-10-07 28300
2020-07-13_14-10-07 28300
2020-07-13_14-10-07 28300
2020-07-13_14-10-07 28300
2020-07-13_14-10-07 28300
2020-07-13_14-10-07 28300
2020-07-13_14-10-07 28300
2020-07-13_14-10-07 28300
2020-07-13_14-10-07 28300
2020-07-13_14-10-07 28300
2020-07-13_14-10-07 28300
2020-07-13_14-10-07 28300
2020-07-13_14-10-07 28300
2020-07-13_14-10-07 28300
2020-07-13_14-10-07 28300
2020-07-13_14-10-07 28300
2020-07-13_14-10-07 28310
2020-07-13_14-10-07 28310
2020-07-13_14-10-07 28300
2020-07-13_14-10-07 28300
2020-07-13_14-10-07 28300
2020-07-13_14-10-07 28310
2020-07-13_14-10-07 28310
2020-07-13_14-10-07 28300
2020-07-13_14-10-07 28290
2020-07-13_14-10-07 28290
2020-07-13_14-10-07 28290
2020-07-13_14-10-07 28300
2020-07-13_14-10-07 28310
2020-07-13_14-10-07 28310
2020-07-13_14-10-07 28310
2020-07-13_14-10-07 28300
2020-07-13_14-10-07 28300
2020-07-13_14-10-07 28300
2020-07-13_14-10-07 28300
2020-07-13_14-10-07 28300
2020-07-13_14-10-07 28300
2020-07-13_14-10-07 28300
2020-07-13_14-10-07 28300
2020-07-13_14-10-07 28300
2020-07-13_14-10-07 28300
2020-07-13_14-10-07 28300
2020-07-13_14-10-07 28300
2020-07-13_14-10-07 28300
2020-07-13_14-10-07 28300
2020-07-13_14-10-07 28300
2020-07-13_14-10-07 28300
2020-07-13_14-10-07 28300
2020-07-13_14-10-07 28300
2020-07-13_14-10-07 28300
2020-07-13_14-10-07 28300
2020-07-13_14-10-07 28300
2020-07-13_14-10-07 28300
2020-07-13_14-10-07 28300
2020-07-13_14-10-07 28300
2020-07-13_14-10-07 28300
2020-07-13_14-10-07 28300
2020-07-13_14-10-07 28300
2020-07-13_14-10-07 28300
2020-07-13_14-10-07 28300
2020-07-13_14-10-07 28300
2020-07-13_14-10-07 28300
2020-07-13_14-10-07 28300
2020-07-13_14-10-07 28290
2020-07-13_14-10-07 28300
2020-07-13_14-10-07 28300
2020-07-13_14-10-07 28300
2020-07-13_14-10-07 28300
2020-07-13_14-10-07 28300
2020-07-13_14-10-07 28300
2020-07-13_14-10-07 28300
2020-07-13_14-10-07 28300
2020-07-13_14-10-07 28300
2020-07-13_14-10-07 28300
2020-07-13_14-10-07 28300
2020-07-13_14-10-07 28300
2020-07-13_14-10-07 28300
2020-07-13_14-10-07 28300
2020-07-13_14-10-07 28300
2020-07-13_14-10-07 28300
2020-07-13_14-10-07 28300
2020-07-13_14-10-07 28300
2020-07-13_14-10-07 28300
2020-07-13_14-10-07 28300
2020-07-13_14-10-07 28300
2020-07-13_14-10-07 28300
2020-07-13_14-10-07 28300
2020-07-13_14-10-07 28300
2020-07-13_14-10-07 28300
2020-07-13_14-10-07 28300
2020-07-13_14-10-07 28300
2020-07-13_14-10-07 28300
2020-07-13_14-10-07 28300
2020-07-13_14-10-07 28300
2020-07-13_14-10-07 28300
2020-07-13_14-10-07 28300
2020-07-13_14-10-07 28300
2020-07-13_14-10-07 28300
2020-07-13_14-10-07 28300
2020-07-13_14-10-07 28300
2020-07-13_14-10-07 28300
2020-07-13_14-10-07 28300
2020-07-13_14-10-07 28300
2020-07-13_14-10-07 28300
2020-07-13_14-10-07 28300
2020-07-13_14-10-07 28300
2020-07-13_14-10-07 28300
2020-07-13_14-10-07 28300
2020-07-13_14-10-07 28300
2020-07-13_14-10-07 28300
2020-07-13_14-10-07 28300
2020-07-13_14-10-07 28300
2020-07-13_14-10-07 28300
2020-07-13_14-10-07 28300
2020-07-13_14-10-07 28300
2020-07-13_14-10-07 28300
2020-07-13_14-10-07 28300
2020-07-13_14-10-07 28300
2020-07-13_14-10-07 28300
2020-07-13_14-10-07 28300
2020-07-13_14-10-07 28300
2020-07-13_14-10-07 28300
2020-07-13_14-10-07 28300
2020-07-13_14-10-07 28300
2020-07-13_14-10-07 28300
2020-07-13_14-10-07 28300
2020-07-13_14-10-07 28300
2020-07-13_14-10-07 28300
2020-07-13_14-10-07 28300
2020-07-13_14-10-07 28300
2020-07-13_14-10-07 28300
2020-07-13_14-10-07 28300
2020-07-13_14-10-07 28300
2020-07-13_14-10-07 28300
2020-07-13_14-10-07 28300
2020-07-13_14-10-07 28300
2020-07-13_14-10-07 28300
2020-07-13_14-10-07 28300
2020-07-13_14-10-07 28300
2020-07-13_14-10-07 28300
2020-07-13_14-10-07 28300
2020-07-13_14-10-07 28300
2020-07-13_14-10-07 28300
2020-07-13_14-10-07 28300
2020-07-13_14-10-07 28300
2020-07-13_14-10-07 28300
2020-07-13_14-10-07 28300
2020-07-13_14-10-07 28300
2020-07-13_14-10-07 28300
2020-07-13_14-10-07 28300
2020-07-13_14-10-07 28300
2020-07-13_14-10-07 28300
2020-07-13_14-10-07 28300
2020-07-13_14-10-07 28300
2020-07-13_14-10-07 28300
2020-07-13_14-10-07 28300
2020-07-13_14-10-07 28300
2020-07-13_14-10-07 28300
2020-07-13_14-10-07 28300
2020-07-13_14-10-07 28300
2020-07-13_14-10-07 28300
2020-07-13_14-10-07 28300
2020-07-13_14-10-07 28300
2020-07-13_14-10-07 28300
2020-07-13_14-10-07 28300
2020-07-13_14-10-07 28300
2020-07-13_14-10-07 28300
2020-07-13_14-10-07 28300
2020-07-13_14-10-07 28300
2020-07-13_14-10-07 28300
2020-07-13_14-10-07 28300
2020-07-13_14-10-07 28300
2020-07-13_14-10-07 28300
2020-07-13_14-10-07 28300
2020-07-13_14-10-07 28300
2020-07-13_14-10-07 28300
2020-07-13_14-10-07 28300
2020-07-13_14-10-07 28300
2020-07-13_14-10-07 28300
2020-07-13_14-10-07 28290
2020-07-13_14-10-07 28290
2020-07-13_14-10-07 28290
2020-07-13_14-10-07 28300
2020-07-13_14-10-07 28300
2020-07-13_14-10-07 28300
2020-07-13_14-10-07 28300
2020-07-13_14-10-07 28310
2020-07-13_14-10-07 28300
2020-07-13_14-10-07 28300
2020-07-13_14-10-07 28290
2020-07-13_14-10-07 28290
2020-07-13_14-10-07 28290
2020-07-13_14-10-07 28290
2020-07-13_14-10-07 28300
2020-07-13_14-10-07 28300
2020-07-13_14-10-07 28300
2020-07-13_14-10-07 28300
2020-07-13_14-10-07 28300
2020-07-13_14-10-07 28300
2020-07-13_14-10-07 28300
2020-07-13_14-10-07 28290
2020-07-13_14-10-07 28300
2020-07-13_14-10-07 28290
2020-07-13_14-10-07 28300
2020-07-13_14-10-07 28300
2020-07-13_14-10-07 28300
2020-07-13_14-10-07 28300
2020-07-13_14-10-07 28300
2020-07-13_14-10-07 28300
2020-07-13_14-10-07 28300
2020-07-13_14-10-07 28300
2020-07-13_14-10-07 28300
2020-07-13_14-10-07 28300
2020-07-13_14-10-07 28310
2020-07-13_14-10-07 28310
2020-07-13_14-10-07 28310
2020-07-13_14-10-07 28310
2020-07-13_14-10-07 28300
2020-07-13_14-10-07 28300
2020-07-13_14-10-07 28300
2020-07-13_14-10-07 28310
2020-07-13_14-10-07 28300
2020-07-13_14-10-07 28300
2020-07-13_14-10-07 28300
2020-07-13_14-10-07 28300
2020-07-13_14-10-07 28290
2020-07-13_14-10-07 28290
2020-07-13_14-10-07 28300
2020-07-13_14-10-07 28310
2020-07-13_14-10-07 28310
2020-07-13_14-10-07 28310
2020-07-13_14-10-07 28300
2020-07-13_14-10-07 28300
2020-07-13_14-10-07 28300
2020-07-13_14-10-07 28300
2020-07-13_14-10-07 28310
2020-07-13_14-10-07 28310
2020-07-13_14-10-07 28310
2020-07-13_14-10-07 28300
2020-07-13_14-10-07 28300
2020-07-13_14-10-07 28300
2020-07-13_14-10-07 28300
2020-07-13_14-10-07 28300
2020-07-13_14-10-07 28300
2020-07-13_14-10-07 28300
2020-07-13_14-10-07 28300
2020-07-13_14-10-07 28310
2020-07-13_14-10-07 28310
2020-07-13_14-10-07 28300
2020-07-13_14-10-07 28300
2020-07-13_14-10-07 28290
2020-07-13_14-10-07 28300
2020-07-13_14-10-07 28300
2020-07-13_14-10-07 28300
2020-07-13_14-10-07 28300
2020-07-13_14-10-07 28330
2020-07-13_14-10-07 28370
2020-07-13_14-10-07 28380
2020-07-13_14-10-07 28380
2020-07-13_14-10-07 28370
2020-07-13_14-10-07 28360
2020-07-13_14-10-07 28360
2020-07-13_14-10-07 28390
2020-07-13_14-10-07 28410
2020-07-13_14-10-07 28390
2020-07-13_14-10-07 28350
2020-07-13_14-10-07 28350
2020-07-13_14-10-07 28380
2020-07-13_14-10-07 28380
2020-07-13_14-10-07 28350
2020-07-13_14-10-07 28380
2020-07-13_14-10-07 28430
2020-07-13_14-10-07 28410
2020-07-13_14-10-07 28360
2020-07-13_14-10-07 28370
2020-07-13_14-10-07 28400
2020-07-13_14-10-07 28370
2020-07-13_14-10-07 28350
2020-07-13_14-10-07 28390
2020-07-13_14-10-07 28390
2020-07-13_14-10-07 28360
2020-07-13_14-10-07 28370
2020-07-13_14-10-07 28400
2020-07-13_14-10-07 28390
2020-07-13_14-10-07 28370
2020-07-13_14-10-07 28380
2020-07-13_14-10-07 28400
2020-07-13_14-10-07 28380
2020-07-13_14-10-07 28370
2020-07-13_14-10-07 28400
2020-07-13_14-10-07 28390
2020-07-13_14-10-07 28370
2020-07-13_14-10-07 28380
2020-07-13_14-10-07 28400
2020-07-13_14-10-07 28370
2020-07-13_14-10-07 28350
2020-07-13_14-10-07 28370
2020-07-13_14-10-07 28390
2020-07-13_14-10-07 28370
2020-07-13_14-10-07 28360
2020-07-13_14-10-07 28390
2020-07-13_14-10-07 28390
2020-07-13_14-10-07 28370
2020-07-13_14-10-08 28380
2020-07-13_14-10-08 28400
2020-07-13_14-10-08 28390
2020-07-13_14-10-08 28380
2020-07-13_14-10-08 28380
2020-07-13_14-10-08 28380
2020-07-13_14-10-08 28370
2020-07-13_14-10-08 28370
2020-07-13_14-10-08 28390
2020-07-13_14-10-08 28380
2020-07-13_14-10-08 28370
2020-07-13_14-10-08 28390
2020-07-13_14-10-08 28390
2020-07-13_14-10-08 28380
2020-07-13_14-10-08 28380
2020-07-13_14-10-08 28390
2020-07-13_14-10-08 28390
2020-07-13_14-10-08 28370
2020-07-13_14-10-08 28370
2020-07-13_14-10-08 28370
2020-07-13_14-10-08 28370
2020-07-13_14-10-08 28380
2020-07-13_14-10-08 28400
2020-07-13_14-10-08 28380
2020-07-13_14-10-08 28360
2020-07-13_14-10-08 28370
2020-07-13_14-10-08 28380
2020-07-13_14-10-08 28370
2020-07-13_14-10-08 28370
2020-07-13_14-10-08 28380
2020-07-13_14-10-08 28380
2020-07-13_14-10-08 28360
2020-07-13_14-10-08 28360
2020-07-13_14-10-08 28360
2020-07-13_14-10-08 28310
2020-07-13_14-10-08 28250
2020-07-13_14-10-08 28280
2020-07-13_14-10-08 28330
2020-07-13_14-10-08 28280
2020-07-13_14-10-08 28230
2020-07-13_14-10-08 28300
2020-07-13_14-10-08 28350
2020-07-13_14-10-08 28270
2020-07-13_14-10-08 28220
2020-07-13_14-10-08 28320
2020-07-13_14-10-08 28360
2020-07-13_14-10-08 28230
2020-07-13_14-10-08 28180
2020-07-13_14-10-08 28280
2020-07-13_14-10-08 28340
2020-07-13_14-10-08 28250
2020-07-13_14-10-08 28220
2020-07-13_14-10-08 28310
2020-07-13_14-10-08 28330
2020-07-13_14-10-08 28220
2020-07-13_14-10-08 28190
2020-07-13_14-10-08 28290
2020-07-13_14-10-08 28330
2020-07-13_14-10-08 28270
2020-07-13_14-10-08 28240
2020-07-13_14-10-08 28330
2020-07-13_14-10-08 28370
2020-07-13_14-10-08 28270
2020-07-13_14-10-08 28130
2020-07-13_14-10-08 27990
2020-07-13_14-10-08 27760
2020-07-13_14-10-08 27440
2020-07-13_14-10-08 27170
2020-07-13_14-10-08 26970
2020-07-13_14-10-08 26790
2020-07-13_14-10-08 26640
2020-07-13_14-10-08 26590
2020-07-13_14-10-08 27010
2020-07-13_14-10-08 28600
2020-07-13_14-10-08 31550
2020-07-13_14-10-08 34820
2020-07-13_14-10-08 36980
2020-07-13_14-10-08 37780
2020-07-13_14-10-08 37940
2020-07-13_14-10-08 38030
2020-07-13_14-10-08 38030
2020-07-13_14-10-08 37980
2020-07-13_14-10-08 37920
2020-07-13_14-10-08 37800
2020-07-13_14-10-08 37750
2020-07-13_14-10-08 37890
2020-07-13_14-10-08 38090
2020-07-13_14-10-08 38070
2020-07-13_14-10-08 37900
2020-07-13_14-10-08 37830
2020-07-13_14-10-08 37910
2020-07-13_14-10-08 38000
2020-07-13_14-10-08 38020
2020-07-13_14-10-08 37990
2020-07-13_14-10-08 38010
2020-07-13_14-10-08 38120
2020-07-13_14-10-08 38280
2020-07-13_14-10-08 38360
2020-07-13_14-10-08 38360
2020-07-13_14-10-08 38300
2020-07-13_14-10-08 38210
2020-07-13_14-10-08 38120
2020-07-13_14-10-08 38150
2020-07-13_14-10-08 38400
2020-07-13_14-10-08 38760
2020-07-13_14-10-08 38930
2020-07-13_14-10-08 38520
2020-07-13_14-10-08 37500
2020-07-13_14-10-08 36450
2020-07-13_14-10-08 35980
2020-07-13_14-10-08 35930
2020-07-13_14-10-08 35790
2020-07-13_14-10-08 35410
2020-07-13_14-10-08 35220
2020-07-13_14-10-08 35310
2020-07-13_14-10-08 35480
2020-07-13_14-10-08 35540
2020-07-13_14-10-08 35570
2020-07-13_14-10-08 35570
2020-07-13_14-10-08 35460
2020-07-13_14-10-08 35270
2020-07-13_14-10-08 35220
2020-07-13_14-10-08 35450
2020-07-13_14-10-08 35680
2020-07-13_14-10-08 35580
2020-07-13_14-10-08 35210
2020-07-13_14-10-08 35030
2020-07-13_14-10-08 35290
2020-07-13_14-10-08 35690
2020-07-13_14-10-08 35730
2020-07-13_14-10-08 35380
2020-07-13_14-10-08 35050
2020-07-13_14-10-08 35140
2020-07-13_14-10-08 35550
2020-07-13_14-10-08 35720
2020-07-13_14-10-08 35490
2020-07-13_14-10-08 35180
2020-07-13_14-10-08 35180
2020-07-13_14-10-08 35400
2020-07-13_14-10-08 35560
2020-07-13_14-10-08 35960
2020-07-13_14-10-08 37260
2020-07-13_14-10-08 39620
2020-07-13_14-10-08 42190
2020-07-13_14-10-08 43950
2020-07-13_14-10-08 44660
2020-07-13_14-10-08 44940
2020-07-13_14-10-08 45120
2020-07-13_14-10-08 45170
2020-07-13_14-10-08 45080
2020-07-13_14-10-08 45050
2020-07-13_14-10-08 45170
2020-07-13_14-10-08 45300
2020-07-13_14-10-08 45350
2020-07-13_14-10-08 45330
2020-07-13_14-10-08 45010
2020-07-13_14-10-08 44090
2020-07-13_14-10-08 42590
2020-07-13_14-10-08 41020
2020-07-13_14-10-08 40210
2020-07-13_14-10-08 40450
2020-07-13_14-10-08 41550
2020-07-13_14-10-08 42790
2020-07-13_14-10-08 43550
2020-07-13_14-10-08 43830
2020-07-13_14-10-08 43910
2020-07-13_14-10-08 43970
2020-07-13_14-10-08 43810
2020-07-13_14-10-08 43590
2020-07-13_14-10-08 43630
2020-07-13_14-10-08 43900
2020-07-13_14-10-08 44050
2020-07-13_14-10-08 44050
2020-07-13_14-10-08 43930
2020-07-13_14-10-08 43420
2020-07-13_14-10-08 42250
2020-07-13_14-10-08 40470
2020-07-13_14-10-08 38430
2020-07-13_14-10-08 36320
2020-07-13_14-10-08 34380
2020-07-13_14-10-08 33110
2020-07-13_14-10-08 32520
2020-07-13_14-10-08 32320
2020-07-13_14-10-08 32210
2020-07-13_14-10-08 32210
2020-07-13_14-10-08 32330
2020-07-13_14-10-08 32350
2020-07-13_14-10-08 32260
2020-07-13_14-10-08 32270
2020-07-13_14-10-08 32340
2020-07-13_14-10-08 32320
2020-07-13_14-10-08 32240
2020-07-13_14-10-08 32270
2020-07-13_14-10-08 32340
2020-07-13_14-10-08 32320
2020-07-13_14-10-08 32250
2020-07-13_14-10-08 32290
2020-07-13_14-10-08 32350
2020-07-13_14-10-08 32310
2020-07-13_14-10-08 32240
2020-07-13_14-10-08 32280
2020-07-13_14-10-08 32340
2020-07-13_14-10-08 32310
2020-07-13_14-10-08 32260
2020-07-13_14-10-08 32300
2020-07-13_14-10-08 32330
2020-07-13_14-10-08 32280
2020-07-13_14-10-08 32270
2020-07-13_14-10-08 32330
2020-07-13_14-10-08 32340
2020-07-13_14-10-08 32290
2020-07-13_14-10-08 32280
2020-07-13_14-10-08 32340
2020-07-13_14-10-08 32330
2020-07-13_14-10-08 32290
2020-07-13_14-10-08 32320
2020-07-13_14-10-08 32370
2020-07-13_14-10-08 32330
2020-07-13_14-10-08 32280
2020-07-13_14-10-08 32320
2020-07-13_14-10-08 32380
2020-07-13_14-10-08 32360
2020-07-13_14-10-08 32310
2020-07-13_14-10-08 32340
2020-07-13_14-10-08 32370
2020-07-13_14-10-08 32340
2020-07-13_14-10-08 32310
2020-07-13_14-10-08 32360
2020-07-13_14-10-08 32390
2020-07-13_14-10-08 32350
2020-07-13_14-10-08 32310
2020-07-13_14-10-08 32360
2020-07-13_14-10-08 32410
2020-07-13_14-10-08 32350
2020-07-13_14-10-08 32270
2020-07-13_14-10-08 32290
2020-07-13_14-10-08 32340
2020-07-13_14-10-08 32320
2020-07-13_14-10-08 32290
2020-07-13_14-10-08 32360
2020-07-13_14-10-08 32390
2020-07-13_14-10-08 32320
2020-07-13_14-10-08 32280
2020-07-13_14-10-08 32340
2020-07-13_14-10-08 32370
2020-07-13_14-10-08 32310
2020-07-13_14-10-08 32320
2020-07-13_14-10-08 32350
2020-07-13_14-10-08 32330
2020-07-13_14-10-08 32310
2020-07-13_14-10-08 32360
2020-07-13_14-10-08 32360
2020-07-13_14-10-08 32300
2020-07-13_14-10-08 32310
2020-07-13_14-10-08 32370
2020-07-13_14-10-08 32340
2020-07-13_14-10-08 32290
2020-07-13_14-10-08 32320
2020-07-13_14-10-08 32360
2020-07-13_14-10-08 32340
2020-07-13_14-10-08 32310
2020-07-13_14-10-08 32330
2020-07-13_14-10-08 32350
2020-07-13_14-10-08 32330
2020-07-13_14-10-08 32320
2020-07-13_14-10-08 32340
2020-07-13_14-10-08 32340
2020-07-13_14-10-08 32320
2020-07-13_14-10-08 32340
2020-07-13_14-10-08 32350
2020-07-13_14-10-08 32320
2020-07-13_14-10-08 32320
2020-07-13_14-10-08 32350
2020-07-13_14-10-08 32350
2020-07-13_14-10-08 32320
2020-07-13_14-10-08 32320
2020-07-13_14-10-08 32340
2020-07-13_14-10-08 32330
2020-07-13_14-10-08 32310
2020-07-13_14-10-08 32330
2020-07-13_14-10-08 32340
2020-07-13_14-10-08 32330
2020-07-13_14-10-08 32320
2020-07-13_14-10-08 32340
2020-07-13_14-10-08 32330
2020-07-13_14-10-08 32320
2020-07-13_14-10-08 32330
2020-07-13_14-10-08 32340
2020-07-13_14-10-08 32330
2020-07-13_14-10-08 32310
2020-07-13_14-10-08 32330
2020-07-13_14-10-08 32340
2020-07-13_14-10-08 32320
2020-07-13_14-10-08 32320
2020-07-13_14-10-08 32350
2020-07-13_14-10-08 32340
2020-07-13_14-10-08 32320
2020-07-13_14-10-08 32330
2020-07-13_14-10-08 32330
2020-07-13_14-10-08 32320
2020-07-13_14-10-08 32320
2020-07-13_14-10-08 32340
2020-07-13_14-10-08 32340
2020-07-13_14-10-08 32330
2020-07-13_14-10-08 32330
2020-07-13_14-10-08 32340
2020-07-13_14-10-08 32340
2020-07-13_14-10-08 32330
2020-07-13_14-10-08 32340
2020-07-13_14-10-08 32350
2020-07-13_14-10-08 32330
2020-07-13_14-10-08 32330
2020-07-13_14-10-08 32340
2020-07-13_14-10-08 32330
2020-07-13_14-10-08 32330
2020-07-13_14-10-08 32330
2020-07-13_14-10-08 32340
2020-07-13_14-10-08 32330
2020-07-13_14-10-08 32330
2020-07-13_14-10-08 32340
2020-07-13_14-10-08 32330
2020-07-13_14-10-08 32320
2020-07-13_14-10-08 32330
2020-07-13_14-10-08 32340
2020-07-13_14-10-08 32330
2020-07-13_14-10-08 32320
2020-07-13_14-10-08 32330
2020-07-13_14-10-08 32330
2020-07-13_14-10-08 32330
2020-07-13_14-10-08 32340
2020-07-13_14-10-08 32350
2020-07-13_14-10-08 32340
2020-07-13_14-10-08 32330
2020-07-13_14-10-08 32330
2020-07-13_14-10-08 32340
2020-07-13_14-10-08 32340
2020-07-13_14-10-08 32340
2020-07-13_14-10-08 32340
2020-07-13_14-10-08 32340
2020-07-13_14-10-08 32330
2020-07-13_14-10-08 32330
2020-07-13_14-10-08 32330
2020-07-13_14-10-08 32330
2020-07-13_14-10-08 32330
2020-07-13_14-10-08 32340
2020-07-13_14-10-08 32340
2020-07-13_14-10-08 32340
2020-07-13_14-10-08 32330
2020-07-13_14-10-08 32340
2020-07-13_14-10-08 32340
2020-07-13_14-10-08 32330
2020-07-13_14-10-08 32330
2020-07-13_14-10-08 32330
2020-07-13_14-10-08 32330
2020-07-13_14-10-08 32330
2020-07-13_14-10-08 32330
2020-07-13_14-10-08 32330
2020-07-13_14-10-08 32330
2020-07-13_14-10-08 32330
2020-07-13_14-10-08 32330
2020-07-13_14-10-08 32330
2020-07-13_14-10-08 32330
2020-07-13_14-10-08 32330
2020-07-13_14-10-08 32330
2020-07-13_14-10-08 32320
2020-07-13_14-10-08 32330
2020-07-13_14-10-08 32330
2020-07-13_14-10-08 32330
2020-07-13_14-10-08 32330
2020-07-13_14-10-08 32330
2020-07-13_14-10-08 32330
2020-07-13_14-10-08 32330
2020-07-13_14-10-08 32330
2020-07-13_14-10-08 32330
2020-07-13_14-10-08 32330
2020-07-13_14-10-08 32330
2020-07-13_14-10-08 32330
2020-07-13_14-10-08 32330
2020-07-13_14-10-08 32330
2020-07-13_14-10-08 32330
2020-07-13_14-10-08 32330
2020-07-13_14-10-08 32330
2020-07-13_14-10-08 32330
2020-07-13_14-10-08 32330
2020-07-13_14-10-08 32330
2020-07-13_14-10-08 32330
2020-07-13_14-10-08 32330
2020-07-13_14-10-08 32330
2020-07-13_14-10-08 32330
2020-07-13_14-10-08 32330
2020-07-13_14-10-08 32330
2020-07-13_14-10-08 32330
2020-07-13_14-10-08 32330
2020-07-13_14-10-08 32330
2020-07-13_14-10-08 32330
2020-07-13_14-10-08 32330
2020-07-13_14-10-08 32330
2020-07-13_14-10-08 32330
2020-07-13_14-10-08 32330
2020-07-13_14-10-08 32330
2020-07-13_14-10-08 32330
2020-07-13_14-10-08 32330
2020-07-13_14-10-08 32330
2020-07-13_14-10-08 32330
2020-07-13_14-10-08 32330
2020-07-13_14-10-08 32340
2020-07-13_14-10-08 32340
2020-07-13_14-10-08 32330
2020-07-13_14-10-08 32330
2020-07-13_14-10-08 32330
2020-07-13_14-10-08 32330
2020-07-13_14-10-08 32330
2020-07-13_14-10-08 32330
2020-07-13_14-10-08 32340
2020-07-13_14-10-08 32340
2020-07-13_14-10-08 32340
2020-07-13_14-10-08 32330
2020-07-13_14-10-08 32330
2020-07-13_14-10-08 32330
2020-07-13_14-10-08 32330
2020-07-13_14-10-08 32330
2020-07-13_14-10-08 32330
2020-07-13_14-10-08 32330
2020-07-13_14-10-08 32330
2020-07-13_14-10-08 32340
2020-07-13_14-10-08 32340
2020-07-13_14-10-08 32340
2020-07-13_14-10-08 32340
2020-07-13_14-10-08 32340
2020-07-13_14-10-08 32340
2020-07-13_14-10-08 32340
2020-07-13_14-10-08 32330
2020-07-13_14-10-08 32330
2020-07-13_14-10-08 32330
2020-07-13_14-10-08 32320
2020-07-13_14-10-08 32320
2020-07-13_14-10-08 32330
2020-07-13_14-10-08 32330
2020-07-13_14-10-08 32340
2020-07-13_14-10-08 32340
2020-07-13_14-10-08 32340
2020-07-13_14-10-08 32340
2020-07-13_14-10-08 32340
2020-07-13_14-10-08 32340
2020-07-13_14-10-08 32340
2020-07-13_14-10-08 32340
2020-07-13_14-10-08 32340
2020-07-13_14-10-08 32340
2020-07-13_14-10-08 32340
2020-07-13_14-10-08 32340
2020-07-13_14-10-08 32340
2020-07-13_14-10-08 32340
2020-07-13_14-10-08 32340
2020-07-13_14-10-08 32330
2020-07-13_14-10-08 32330
2020-07-13_14-10-08 32330
2020-07-13_14-10-08 32340
2020-07-13_14-10-08 32340
2020-07-13_14-10-08 32340
2020-07-13_14-10-08 32330
2020-07-13_14-10-08 32330
2020-07-13_14-10-08 32330
2020-07-13_14-10-08 32330
2020-07-13_14-10-08 32330
2020-07-13_14-10-08 32330
2020-07-13_14-10-08 32330
2020-07-13_14-10-08 32330
2020-07-13_14-10-08 32330
2020-07-13_14-10-08 32330
2020-07-13_14-10-08 32330
2020-07-13_14-10-08 32330
2020-07-13_14-10-08 32330
2020-07-13_14-10-08 32330
2020-07-13_14-10-08 32330
2020-07-13_14-10-08 32330
2020-07-13_14-10-08 32330
2020-07-13_14-10-08 32330
2020-07-13_14-10-08 32330
2020-07-13_14-10-08 32330
2020-07-13_14-10-08 32330
2020-07-13_14-10-08 32330
2020-07-13_14-10-08 32330
2020-07-13_14-10-08 32330
2020-07-13_14-10-08 32330
2020-07-13_14-10-08 32330
2020-07-13_14-10-08 32330
2020-07-13_14-10-08 32330
2020-07-13_14-10-08 32330
2020-07-13_14-10-08 32330
2020-07-13_14-10-08 32330
2020-07-13_14-10-08 32330
2020-07-13_14-10-08 32330
2020-07-13_14-10-08 32330
2020-07-13_14-10-08 32330
2020-07-13_14-10-08 32330
2020-07-13_14-10-08 32330
2020-07-13_14-10-08 32330
2020-07-13_14-10-08 32330
2020-07-13_14-10-08 32330
2020-07-13_14-10-08 32330
2020-07-13_14-10-08 32330
2020-07-13_14-10-08 32330
2020-07-13_14-10-08 32330
2020-07-13_14-10-08 32330
2020-07-13_14-10-08 32330
2020-07-13_14-10-08 32330
2020-07-13_14-10-08 32330
2020-07-13_14-10-08 32330
2020-07-13_14-10-08 32330
2020-07-13_14-10-08 32330
2020-07-13_14-10-08 32330
2020-07-13_14-10-08 32330
2020-07-13_14-10-08 32330
2020-07-13_14-10-08 32330
2020-07-13_14-10-08 32330
2020-07-13_14-10-08 32330
2020-07-13_14-10-08 32330
2020-07-13_14-10-08 32330
2020-07-13_14-10-08 32330
2020-07-13_14-10-08 32330
2020-07-13_14-10-08 32330
2020-07-13_14-10-08 32330
2020-07-13_14-10-08 32330
2020-07-13_14-10-08 32330
2020-07-13_14-10-08 32330
2020-07-13_14-10-08 32330
2020-07-13_14-10-08 32330
2020-07-13_14-10-08 32330
2020-07-13_14-10-08 32330
2020-07-13_14-10-08 32330
2020-07-13_14-10-08 32330
2020-07-13_14-10-08 32330
2020-07-13_14-10-08 32330
2020-07-13_14-10-08 32330
2020-07-13_14-10-08 32330
2020-07-13_14-10-08 32330
2020-07-13_14-10-08 32330
2020-07-13_14-10-08 32330
2020-07-13_14-10-08 32330
2020-07-13_14-10-08 32330
2020-07-13_14-10-08 32330
2020-07-13_14-10-08 32330
2020-07-13_14-10-08 32330
2020-07-13_14-10-08 32330
2020-07-13_14-10-08 32330
2020-07-13_14-10-08 32330
2020-07-13_14-10-08 32330
2020-07-13_14-10-08 32330
2020-07-13_14-10-08 32330
2020-07-13_14-10-08 32330
2020-07-13_14-10-08 32340
2020-07-13_14-10-08 32340
2020-07-13_14-10-08 32340
2020-07-13_14-10-08 32320
2020-07-13_14-10-08 32340
2020-07-13_14-10-08 32350
2020-07-13_14-10-08 32340
2020-07-13_14-10-08 32320
2020-07-13_14-10-08 32330
2020-07-13_14-10-08 32340
2020-07-13_14-10-08 32330
2020-07-13_14-10-08 32330
2020-07-13_14-10-08 32350
2020-07-13_14-10-08 32350
2020-07-13_14-10-08 32330
2020-07-13_14-10-08 32330
2020-07-13_14-10-08 32340
2020-07-13_14-10-08 32340
2020-07-13_14-10-08 32330
2020-07-13_14-10-08 32340
2020-07-13_14-10-08 32340
2020-07-13_14-10-08 32340
2020-07-13_14-10-08 32340
2020-07-13_14-10-08 32340
2020-07-13_14-10-08 32350
2020-07-13_14-10-08 32350
2020-07-13_14-10-08 32360
2020-07-13_14-10-08 32390
2020-07-13_14-10-08 32400
2020-07-13_14-10-08 32360
2020-07-13_14-10-08 32370
2020-07-13_14-10-08 32420
2020-07-13_14-10-08 32420
2020-07-13_14-10-08 32360
2020-07-13_14-10-08 32400
2020-07-13_14-10-08 32480
2020-07-13_14-10-08 32440
2020-07-13_14-10-08 32350
2020-07-13_14-10-08 32410
2020-07-13_14-10-08 32510
2020-07-13_14-10-08 32470
2020-07-13_14-10-08 32410
2020-07-13_14-10-08 32460
2020-07-13_14-10-08 32500
2020-07-13_14-10-08 32430
2020-07-13_14-10-08 32400
2020-07-13_14-10-08 32480
2020-07-13_14-10-08 32520
2020-07-13_14-10-08 32460
2020-07-13_14-10-08 32440
2020-07-13_14-10-08 32460
2020-07-13_14-10-08 32460
2020-07-13_14-10-08 32480
2020-07-13_14-10-08 32440
2020-07-13_14-10-08 31400
2020-07-13_14-10-08 28570
2020-07-13_14-10-08 24910
2020-07-13_14-10-08 22120
2020-07-13_14-10-08 20870
2020-07-13_14-10-08 20550
2020-07-13_14-10-08 20510
2020-07-13_14-10-08 20620
2020-07-13_14-10-08 20560
2020-07-13_14-10-08 20380
2020-07-13_14-10-08 20430
2020-07-13_14-10-08 20600
2020-07-13_14-10-08 20560
2020-07-13_14-10-08 20380
2020-07-13_14-10-08 20460
2020-07-13_14-10-08 20610
2020-07-13_14-10-08 20470
2020-07-13_14-10-08 20270
2020-07-13_14-10-08 20420
2020-07-13_14-10-08 20650
2020-07-13_14-10-08 20580
2020-07-13_14-10-08 20430
2020-07-13_14-10-08 20480
2020-07-13_14-10-08 20500
2020-07-13_14-10-08 20370
2020-07-13_14-10-08 20360
2020-07-13_14-10-08 20520
2020-07-13_14-10-08 20520
2020-07-13_14-10-08 20410
2020-07-13_14-10-08 20460
2020-07-13_14-10-08 20590
2020-07-13_14-10-08 20570
2020-07-13_14-10-08 20530
2020-07-13_14-10-08 20580
2020-07-13_14-10-08 20600
2020-07-13_14-10-08 20540
2020-07-13_14-10-08 20490
2020-07-13_14-10-08 20470
2020-07-13_14-10-08 20440
2020-07-13_14-10-08 20460
2020-07-13_14-10-08 20490
2020-07-13_14-10-08 20450
2020-07-13_14-10-08 20330
2020-07-13_14-10-08 19640
2020-07-13_14-10-08 17470
2020-07-13_14-10-08 14150
2020-07-13_14-10-08 11360
2020-07-13_14-10-08 10240
2020-07-13_14-10-08 10300
2020-07-13_14-10-08 10410
2020-07-13_14-10-08 10430
2020-07-13_14-10-08 10450
2020-07-13_14-10-08 10490
2020-07-13_14-10-08 10510
2020-07-13_14-10-08 9870
2020-07-13_14-10-08 7500
2020-07-13_14-10-08 4100
2020-07-13_14-10-08 1240
