2020-07-13_14-11-30 2910
2020-07-13_14-11-30 4160
2020-07-13_14-11-30 3830
2020-07-13_14-11-30 3990
2020-07-13_14-11-30 3940
2020-07-13_14-11-30 3880
2020-07-13_14-11-30 3990
2020-07-13_14-11-30 3940
2020-07-13_14-11-30 4020
2020-07-13_14-11-30 4020
2020-07-13_14-11-30 4520
2020-07-13_14-11-30 6260
2020-07-13_14-11-30 6750
2020-07-13_14-11-30 6840
2020-07-13_14-11-30 6920
2020-07-13_14-11-30 7720
2020-07-13_14-11-30 8690
2020-07-13_14-11-30 9840
2020-07-13_14-11-30 9830
2020-07-13_14-11-30 9790
2020-07-13_14-11-30 9840
2020-07-13_14-11-30 9810
2020-07-13_14-11-30 9850
2020-07-13_14-11-30 9870
2020-07-13_14-11-30 9820
2020-07-13_14-11-30 1480
2020-07-13_14-11-30 3900
2020-07-13_14-11-30 4040
2020-07-13_14-11-30 3960
2020-07-13_14-11-30 3950
2020-07-13_14-11-30 4020
2020-07-13_14-11-30 5450
2020-07-13_14-11-30 6790
2020-07-13_14-11-30 6790
2020-07-13_14-11-30 9480
2020-07-13_14-11-30 9900
2020-07-13_14-11-30 9880
2020-07-13_14-11-30 9830
2020-07-13_14-11-30 9810
2020-07-13_14-11-30 9820
2020-07-13_14-11-30 9850
2020-07-13_14-11-30 9850
2020-07-13_14-11-30 9850
2020-07-13_14-11-30 9830
2020-07-13_14-11-30 9860
2020-07-13_14-11-30 9810
2020-07-13_14-11-30 9820
2020-07-13_14-11-30 9830
2020-07-13_14-11-30 9830
2020-07-13_14-11-30 9830
2020-07-13_14-11-30 9830
2020-07-13_14-11-30 9830
2020-07-13_14-11-30 9840
2020-07-13_14-11-30 9830
2020-07-13_14-11-30 9830
2020-07-13_14-11-30 9840
2020-07-13_14-11-30 9840
2020-07-13_14-11-30 9830
2020-07-13_14-11-30 9830
2020-07-13_14-11-30 9840
2020-07-13_14-11-30 9840
2020-07-13_14-11-30 9840
2020-07-13_14-11-30 9830
2020-07-13_14-11-30 9830
2020-07-13_14-11-30 9830
2020-07-13_14-11-30 9840
2020-07-13_14-11-30 9840
2020-07-13_14-11-30 9830
2020-07-13_14-11-30 9830
2020-07-13_14-11-30 9830
2020-07-13_14-11-30 9840
2020-07-13_14-11-30 9830
2020-07-13_14-11-30 9830
2020-07-13_14-11-30 9830
2020-07-13_14-11-30 9830
2020-07-13_14-11-30 9840
2020-07-13_14-11-30 9830
2020-07-13_14-11-30 9830
2020-07-13_14-11-30 9830
2020-07-13_14-11-30 9840
2020-07-13_14-11-30 9830
2020-07-13_14-11-30 9830
2020-07-13_14-11-30 9830
2020-07-13_14-11-30 9830
2020-07-13_14-11-30 9830
2020-07-13_14-11-30 9720
2020-07-13_14-11-30 9700
2020-07-13_14-11-30 9690
2020-07-13_14-11-30 9810
2020-07-13_14-11-30 9860
2020-07-13_14-11-30 9850
2020-07-13_14-11-30 9820
2020-07-13_14-11-30 10060
2020-07-13_14-11-30 11620
2020-07-13_14-11-30 12240
2020-07-13_14-11-30 12400
2020-07-13_14-11-30 12400
2020-07-13_14-11-30 12380
2020-07-13_14-11-30 12370
2020-07-13_14-11-30 9280
2020-07-13_14-11-30 8540
2020-07-13_14-11-30 8570
2020-07-13_14-11-30 9230
2020-07-13_14-11-30 9910
2020-07-13_14-11-30 10580
2020-07-13_14-11-30 10620
2020-07-13_14-11-30 10690
2020-07-13_14-11-30 10670
2020-07-13_14-11-30 10680
2020-07-13_14-11-30 10660
2020-07-13_14-11-30 10640
2020-07-13_14-11-30 10720
2020-07-13_14-11-30 10690
2020-07-13_14-11-30 10680
2020-07-13_14-11-30 10690
2020-07-13_14-11-30 10590
2020-07-13_14-11-30 9990
2020-07-13_14-11-30 8860
2020-07-13_14-11-30 7870
2020-07-13_14-11-30 7410
2020-07-13_14-11-30 7460
2020-07-13_14-11-30 7540
2020-07-13_14-11-30 7610
2020-07-13_14-11-30 7680
2020-07-13_14-11-30 7710
2020-07-13_14-11-30 7770
2020-07-13_14-11-30 7750
2020-07-13_14-11-30 7810
2020-07-13_14-11-30 7590
2020-07-13_14-11-30 6830
2020-07-13_14-11-30 5800
2020-07-13_14-11-30 5010
2020-07-13_14-11-30 4780
2020-07-13_14-11-30 4760
2020-07-13_14-11-30 4770
2020-07-13_14-11-30 4750
2020-07-13_14-11-30 4770
2020-07-13_14-11-30 4760
2020-07-13_14-11-30 4770
2020-07-13_14-11-30 4750
2020-07-13_14-11-30 4750
2020-07-13_14-11-30 4760
2020-07-13_14-11-30 4750
2020-07-13_14-11-30 4740
2020-07-13_14-11-30 4750
2020-07-13_14-11-30 4750
2020-07-13_14-11-30 4750
2020-07-13_14-11-30 4740
2020-07-13_14-11-30 4750
2020-07-13_14-11-30 4740
2020-07-13_14-11-30 4750
2020-07-13_14-11-30 4760
2020-07-13_14-11-30 4770
2020-07-13_14-11-30 4770
2020-07-13_14-11-30 4760
2020-07-13_14-11-30 4780
2020-07-13_14-11-30 4750
2020-07-13_14-11-30 4770
2020-07-13_14-11-30 4750
2020-07-13_14-11-30 4770
2020-07-13_14-11-30 4760
2020-07-13_14-11-30 4770
2020-07-13_14-11-30 4760
2020-07-13_14-11-30 4770
2020-07-13_14-11-30 4760
2020-07-13_14-11-30 4770
2020-07-13_14-11-30 4760
2020-07-13_14-11-30 4770
2020-07-13_14-11-30 4770
2020-07-13_14-11-30 4780
2020-07-13_14-11-30 4770
2020-07-13_14-11-30 4780
2020-07-13_14-11-30 4770
2020-07-13_14-11-30 4770
2020-07-13_14-11-30 4750
2020-07-13_14-11-30 4760
2020-07-13_14-11-30 4760
2020-07-13_14-11-30 4770
2020-07-13_14-11-30 4770
2020-07-13_14-11-30 4770
2020-07-13_14-11-30 4770
2020-07-13_14-11-30 4770
2020-07-13_14-11-30 4770
2020-07-13_14-11-30 4770
2020-07-13_14-11-30 4760
2020-07-13_14-11-30 4760
2020-07-13_14-11-30 4770
2020-07-13_14-11-30 2230
2020-07-13_14-11-30 9850
2020-07-13_14-11-30 9870
2020-07-13_14-11-30 9820
2020-07-13_14-11-30 9850
2020-07-13_14-11-30 9850
2020-07-13_14-11-30 9840
2020-07-13_14-11-30 9870
2020-07-13_14-11-30 9800
2020-07-13_14-11-30 9800
2020-07-13_14-11-30 9850
2020-07-13_14-11-30 9850
2020-07-13_14-11-30 9820
2020-07-13_14-11-30 9850
2020-07-13_14-11-30 9830
2020-07-13_14-11-30 9850
2020-07-13_14-11-30 9840
2020-07-13_14-11-30 9840
2020-07-13_14-11-30 9840
2020-07-13_14-11-30 9830
2020-07-13_14-11-30 9820
2020-07-13_14-11-30 9830
2020-07-13_14-11-30 9830
2020-07-13_14-11-30 9830
2020-07-13_14-11-30 9840
2020-07-13_14-11-30 9830
2020-07-13_14-11-30 9830
2020-07-13_14-11-30 9830
2020-07-13_14-11-30 9830
2020-07-13_14-11-30 9840
2020-07-13_14-11-30 9840
2020-07-13_14-11-30 9840
2020-07-13_14-11-30 9840
2020-07-13_14-11-30 9840
2020-07-13_14-11-30 9840
2020-07-13_14-11-30 9830
2020-07-13_14-11-30 9830
2020-07-13_14-11-30 9830
2020-07-13_14-11-30 9830
2020-07-13_14-11-30 9840
2020-07-13_14-11-30 9840
2020-07-13_14-11-30 9840
2020-07-13_14-11-30 9830
2020-07-13_14-11-30 9830
2020-07-13_14-11-30 9830
2020-07-13_14-11-30 9830
2020-07-13_14-11-30 9830
2020-07-13_14-11-30 9830
2020-07-13_14-11-30 9830
2020-07-13_14-11-30 9830
2020-07-13_14-11-30 9840
2020-07-13_14-11-30 9840
2020-07-13_14-11-30 9840
2020-07-13_14-11-30 9830
2020-07-13_14-11-30 9840
2020-07-13_14-11-30 9830
2020-07-13_14-11-30 9830
2020-07-13_14-11-30 9830
2020-07-13_14-11-30 9830
2020-07-13_14-11-30 9830
2020-07-13_14-11-30 9830
2020-07-13_14-11-30 9830
2020-07-13_14-11-30 9830
2020-07-13_14-11-30 9830
2020-07-13_14-11-30 9840
2020-07-13_14-11-30 9830
2020-07-13_14-11-30 9830
2020-07-13_14-11-30 9830
2020-07-13_14-11-30 9840
2020-07-13_14-11-30 9840
2020-07-13_14-11-30 9830
2020-07-13_14-11-30 9840
2020-07-13_14-11-30 9830
2020-07-13_14-11-30 9830
2020-07-13_14-11-30 9830
2020-07-13_14-11-30 9830
2020-07-13_14-11-30 9800
2020-07-13_14-11-30 9750
2020-07-13_14-11-30 9690
2020-07-13_14-11-30 9690
2020-07-13_14-11-30 9760
2020-07-13_14-11-30 9830
2020-07-13_14-11-30 9820
2020-07-13_14-11-30 9840
2020-07-13_14-11-30 9840
2020-07-13_14-11-30 10850
2020-07-13_14-11-30 12320
2020-07-13_14-11-30 12360
2020-07-13_14-11-30 12390
2020-07-13_14-11-30 12390
2020-07-13_14-11-30 12360
2020-07-13_14-11-30 12370
2020-07-13_14-11-30 12400
2020-07-13_14-11-30 12370
2020-07-13_14-11-30 12370
2020-07-13_14-11-30 12390
2020-07-13_14-11-30 12310
2020-07-13_14-11-30 11750
2020-07-13_14-11-30 10540
2020-07-13_14-11-30 10600
2020-07-13_14-11-30 4770
2020-07-13_14-11-30 4770
2020-07-13_14-11-30 4770
2020-07-13_14-11-30 4770
2020-07-13_14-11-30 4770
2020-07-13_14-11-30 4770
2020-07-13_14-11-30 4770
2020-07-13_14-11-30 4770
2020-07-13_14-11-30 4770
2020-07-13_14-11-30 4770
2020-07-13_14-11-30 4770
2020-07-13_14-11-30 4770
2020-07-13_14-11-30 4770
2020-07-13_14-11-30 4770
2020-07-13_14-11-30 4770
2020-07-13_14-11-30 4770
2020-07-13_14-11-30 4770
2020-07-13_14-11-30 4770
2020-07-13_14-11-30 4770
2020-07-13_14-11-30 4770
2020-07-13_14-11-30 4770
2020-07-13_14-11-30 4770
2020-07-13_14-11-30 4770
2020-07-13_14-11-30 4770
2020-07-13_14-11-30 4770
2020-07-13_14-11-30 4770
2020-07-13_14-11-30 4770
2020-07-13_14-11-30 4770
2020-07-13_14-11-30 4770
2020-07-13_14-11-30 4770
2020-07-13_14-11-30 4770
2020-07-13_14-11-30 4770
2020-07-13_14-11-30 4770
2020-07-13_14-11-30 4770
2020-07-13_14-11-30 4770
2020-07-13_14-11-30 4770
2020-07-13_14-11-30 4770
2020-07-13_14-11-30 4770
2020-07-13_14-11-30 4770
2020-07-13_14-11-30 4770
2020-07-13_14-11-30 4770
2020-07-13_14-11-30 4770
2020-07-13_14-11-30 4770
2020-07-13_14-11-30 4770
2020-07-13_14-11-30 4770
2020-07-13_14-11-30 4770
2020-07-13_14-11-30 4770
2020-07-13_14-11-30 4770
2020-07-13_14-11-30 4770
2020-07-13_14-11-30 4770
2020-07-13_14-11-30 4770
2020-07-13_14-11-30 3940
2020-07-13_14-11-30 3080
2020-07-13_14-11-30 2240
2020-07-13_14-11-30 2230
2020-07-13_14-11-30 2250
2020-07-13_14-11-30 2250
2020-07-13_14-11-30 2230
2020-07-13_14-11-30 2230
2020-07-13_14-11-30 2200
2020-07-13_14-11-30 2220
2020-07-13_14-11-30 2210
2020-07-13_14-11-30 2220
2020-07-13_14-11-30 2220
2020-07-13_14-11-30 2220
2020-07-13_14-11-30 2230
2020-07-13_14-11-30 2220
2020-07-13_14-11-30 2250
2020-07-13_14-11-30 1940
2020-07-13_14-11-30 1250
