2020-07-13_14-11-12 1680
2020-07-13_14-11-12 2330
2020-07-13_14-11-12 2050
2020-07-13_14-11-12 2000
2020-07-13_14-11-12 2030
2020-07-13_14-11-12 2040
2020-07-13_14-11-12 2190
2020-07-13_14-11-12 3030
2020-07-13_14-11-12 4500
2020-07-13_14-11-12 4510
2020-07-13_14-11-12 4440
2020-07-13_14-11-12 4510
2020-07-13_14-11-12 4490
2020-07-13_14-11-12 4500
2020-07-13_14-11-12 4490
2020-07-13_14-11-12 4540
2020-07-13_14-11-12 4470
2020-07-13_14-11-12 4500
2020-07-13_14-11-12 4500
2020-07-13_14-11-12 4490
2020-07-13_14-11-12 4490
2020-07-13_14-11-12 4490
2020-07-13_14-11-12 4500
2020-07-13_14-11-12 4510
2020-07-13_14-11-12 4480
2020-07-13_14-11-12 4500
2020-07-13_14-11-12 4510
2020-07-13_14-11-12 4500
2020-07-13_14-11-12 4490
2020-07-13_14-11-12 4510
2020-07-13_14-11-12 4510
2020-07-13_14-11-12 4500
2020-07-13_14-11-12 4510
2020-07-13_14-11-12 4500
2020-07-13_14-11-12 4510
2020-07-13_14-11-12 4500
2020-07-13_14-11-12 4500
2020-07-13_14-11-12 4490
2020-07-13_14-11-12 4490
2020-07-13_14-11-12 4510
2020-07-13_14-11-12 4510
2020-07-13_14-11-12 4510
2020-07-13_14-11-12 4500
2020-07-13_14-11-12 4510
2020-07-13_14-11-12 4510
2020-07-13_14-11-12 4510
2020-07-13_14-11-12 4510
2020-07-13_14-11-12 4510
2020-07-13_14-11-12 4510
2020-07-13_14-11-12 4510
2020-07-13_14-11-12 4510
2020-07-13_14-11-12 4500
2020-07-13_14-11-12 4480
2020-07-13_14-11-12 4520
2020-07-13_14-11-12 4530
2020-07-13_14-11-12 4500
2020-07-13_14-11-12 4500
2020-07-13_14-11-12 4490
2020-07-13_14-11-12 4460
2020-07-13_14-11-12 4440
2020-07-13_14-11-12 4420
2020-07-13_14-11-12 4430
2020-07-13_14-11-12 4430
2020-07-13_14-11-12 4420
2020-07-13_14-11-12 4420
2020-07-13_14-11-12 4420
2020-07-13_14-11-12 4420
2020-07-13_14-11-12 4430
2020-07-13_14-11-12 4430
2020-07-13_14-11-12 4430
2020-07-13_14-11-12 4430
2020-07-13_14-11-12 4430
2020-07-13_14-11-12 4430
2020-07-13_14-11-12 4430
2020-07-13_14-11-12 4430
2020-07-13_14-11-12 4420
2020-07-13_14-11-12 4420
2020-07-13_14-11-12 4430
2020-07-13_14-11-12 4430
2020-07-13_14-11-12 4430
2020-07-13_14-11-12 4430
2020-07-13_14-11-12 4430
2020-07-13_14-11-12 4430
2020-07-13_14-11-12 4430
2020-07-13_14-11-13 4430
2020-07-13_14-11-13 4430
2020-07-13_14-11-13 4430
2020-07-13_14-11-13 4420
2020-07-13_14-11-13 4430
2020-07-13_14-11-13 4430
2020-07-13_14-11-13 4430
2020-07-13_14-11-13 4430
2020-07-13_14-11-13 4430
2020-07-13_14-11-13 4430
2020-07-13_14-11-13 4430
2020-07-13_14-11-13 4430
2020-07-13_14-11-13 4430
2020-07-13_14-11-13 4430
2020-07-13_14-11-13 4430
2020-07-13_14-11-13 4430
2020-07-13_14-11-13 4430
2020-07-13_14-11-13 4430
2020-07-13_14-11-13 4430
2020-07-13_14-11-13 4430
2020-07-13_14-11-13 4430
2020-07-13_14-11-13 4430
2020-07-13_14-11-13 4430
2020-07-13_14-11-13 4420
2020-07-13_14-11-13 4420
2020-07-13_14-11-13 4420
2020-07-13_14-11-13 4430
2020-07-13_14-11-13 4430
2020-07-13_14-11-13 4430
2020-07-13_14-11-13 4430
2020-07-13_14-11-13 4430
2020-07-13_14-11-13 4430
2020-07-13_14-11-13 4430
2020-07-13_14-11-13 4430
2020-07-13_14-11-13 4430
2020-07-13_14-11-13 4430
2020-07-13_14-11-13 4430
2020-07-13_14-11-13 4430
2020-07-13_14-11-13 4430
2020-07-13_14-11-13 4430
2020-07-13_14-11-13 4430
2020-07-13_14-11-13 4430
2020-07-13_14-11-13 4430
2020-07-13_14-11-13 4430
2020-07-13_14-11-13 4430
2020-07-13_14-11-13 4430
2020-07-13_14-11-13 4430
2020-07-13_14-11-13 4430
2020-07-13_14-11-13 4430
2020-07-13_14-11-13 4430
2020-07-13_14-11-13 4430
2020-07-13_14-11-13 4430
2020-07-13_14-11-13 4430
2020-07-13_14-11-13 4430
2020-07-13_14-11-13 4430
2020-07-13_14-11-13 4430
2020-07-13_14-11-13 920
2020-07-13_14-11-13 2120
2020-07-13_14-11-13 2090
2020-07-13_14-11-13 2120
2020-07-13_14-11-13 2060
2020-07-13_14-11-13 3920
2020-07-13_14-11-13 4520
2020-07-13_14-11-13 4510
2020-07-13_14-11-13 4520
2020-07-13_14-11-13 4500
2020-07-13_14-11-13 4500
2020-07-13_14-11-13 4520
2020-07-13_14-11-13 4510
2020-07-13_14-11-13 4510
2020-07-13_14-11-13 4490
2020-07-13_14-11-13 4490
2020-07-13_14-11-13 4500
2020-07-13_14-11-13 4510
2020-07-13_14-11-13 4510
2020-07-13_14-11-13 4500
2020-07-13_14-11-13 4510
2020-07-13_14-11-13 4510
2020-07-13_14-11-13 4510
2020-07-13_14-11-13 4510
2020-07-13_14-11-13 4510
2020-07-13_14-11-13 4510
2020-07-13_14-11-13 4510
2020-07-13_14-11-13 4470
2020-07-13_14-11-13 4490
2020-07-13_14-11-13 4510
2020-07-13_14-11-13 4420
2020-07-13_14-11-13 4430
2020-07-13_14-11-13 4430
2020-07-13_14-11-13 4430
2020-07-13_14-11-13 4430
2020-07-13_14-11-13 4430
2020-07-13_14-11-13 4420
2020-07-13_14-11-13 4420
2020-07-13_14-11-13 4430
2020-07-13_14-11-13 4420
2020-07-13_14-11-13 4430
2020-07-13_14-11-13 4430
2020-07-13_14-11-13 4430
2020-07-13_14-11-13 4430
2020-07-13_14-11-13 4430
2020-07-13_14-11-13 4430
2020-07-13_14-11-13 4430
2020-07-13_14-11-13 4430
2020-07-13_14-11-13 4430
2020-07-13_14-11-13 4430
2020-07-13_14-11-13 4420
2020-07-13_14-11-13 4430
2020-07-13_14-11-13 4430
2020-07-13_14-11-13 4430
2020-07-13_14-11-13 4430
2020-07-13_14-11-13 4430
2020-07-13_14-11-13 4430
2020-07-13_14-11-13 4430
2020-07-13_14-11-13 4430
2020-07-13_14-11-13 4430
2020-07-13_14-11-13 4430
2020-07-13_14-11-13 4430
2020-07-13_14-11-13 4430
2020-07-13_14-11-13 4430
2020-07-13_14-11-13 4430
2020-07-13_14-11-13 4430
2020-07-13_14-11-13 4430
2020-07-13_14-11-13 4430
2020-07-13_14-11-13 4430
2020-07-13_14-11-13 4420
2020-07-13_14-11-13 4420
2020-07-13_14-11-13 4430
2020-07-13_14-11-13 4420
2020-07-13_14-11-13 4420
2020-07-13_14-11-13 4430
2020-07-13_14-11-13 4430
2020-07-13_14-11-13 4430
2020-07-13_14-11-13 4430
2020-07-13_14-11-13 4430
2020-07-13_14-11-13 4430
2020-07-13_14-11-13 4420
2020-07-13_14-11-13 4420
2020-07-13_14-11-13 4430
2020-07-13_14-11-13 4430
2020-07-13_14-11-13 4430
2020-07-13_14-11-13 4430
2020-07-13_14-11-13 4430
2020-07-13_14-11-13 4420
2020-07-13_14-11-13 4420
2020-07-13_14-11-13 4420
2020-07-13_14-11-13 4430
2020-07-13_14-11-13 4430
2020-07-13_14-11-13 4420
2020-07-13_14-11-13 4420
2020-07-13_14-11-13 4420
2020-07-13_14-11-13 4420
2020-07-13_14-11-13 4420
2020-07-13_14-11-13 4420
2020-07-13_14-11-13 4420
2020-07-13_14-11-13 4420
2020-07-13_14-11-13 4430
2020-07-13_14-11-13 4430
2020-07-13_14-11-13 4420
2020-07-13_14-11-13 4420
2020-07-13_14-11-13 4420
2020-07-13_14-11-13 4430
2020-07-13_14-11-13 4430
2020-07-13_14-11-13 4430
2020-07-13_14-11-13 4440
2020-07-13_14-11-13 4440
2020-07-13_14-11-13 4430
2020-07-13_14-11-13 4430
2020-07-13_14-11-13 4420
2020-07-13_14-11-13 4420
2020-07-13_14-11-13 4420
2020-07-13_14-11-13 4430
2020-07-13_14-11-13 4430
2020-07-13_14-11-13 4430
2020-07-13_14-11-13 4420
2020-07-13_14-11-13 4430
2020-07-13_14-11-13 4430
2020-07-13_14-11-13 4430
2020-07-13_14-11-13 4430
2020-07-13_14-11-13 4430
2020-07-13_14-11-13 4430
2020-07-13_14-11-13 4430
2020-07-13_14-11-13 4430
2020-07-13_14-11-13 4430
2020-07-13_14-11-13 4430
2020-07-13_14-11-13 4430
2020-07-13_14-11-13 4430
2020-07-13_14-11-13 4430
2020-07-13_14-11-13 4430
2020-07-13_14-11-13 4430
2020-07-13_14-11-13 4430
2020-07-13_14-11-13 4440
2020-07-13_14-11-13 4450
2020-07-13_14-11-13 4460
2020-07-13_14-11-13 4480
2020-07-13_14-11-13 4500
2020-07-13_14-11-13 4490
2020-07-13_14-11-13 4500
2020-07-13_14-11-13 4510
2020-07-13_14-11-13 4510
2020-07-13_14-11-13 4500
2020-07-13_14-11-13 4500
2020-07-13_14-11-13 4500
2020-07-13_14-11-13 4500
2020-07-13_14-11-13 4500
2020-07-13_14-11-13 4490
2020-07-13_14-11-13 4480
2020-07-13_14-11-13 4460
2020-07-13_14-11-13 4440
2020-07-13_14-11-13 4430
2020-07-13_14-11-13 4430
2020-07-13_14-11-13 4430
2020-07-13_14-11-13 4430
2020-07-13_14-11-13 4440
2020-07-13_14-11-13 4440
2020-07-13_14-11-13 4440
2020-07-13_14-11-13 4450
2020-07-13_14-11-13 4480
2020-07-13_14-11-13 4500
2020-07-13_14-11-13 4490
2020-07-13_14-11-13 4500
2020-07-13_14-11-13 4500
2020-07-13_14-11-13 4510
2020-07-13_14-11-13 4510
2020-07-13_14-11-13 4500
2020-07-13_14-11-13 4510
2020-07-13_14-11-13 4510
2020-07-13_14-11-13 4510
2020-07-13_14-11-13 4510
2020-07-13_14-11-13 4510
2020-07-13_14-11-13 4510
2020-07-13_14-11-13 4510
2020-07-13_14-11-13 4510
2020-07-13_14-11-13 4510
2020-07-13_14-11-13 4510
2020-07-13_14-11-13 4510
2020-07-13_14-11-13 4510
2020-07-13_14-11-13 4510
2020-07-13_14-11-13 4510
2020-07-13_14-11-13 4510
2020-07-13_14-11-13 4510
2020-07-13_14-11-13 4510
2020-07-13_14-11-13 4510
2020-07-13_14-11-13 4510
2020-07-13_14-11-13 4510
2020-07-13_14-11-13 4500
2020-07-13_14-11-13 4500
2020-07-13_14-11-13 4500
2020-07-13_14-11-13 4510
2020-07-13_14-11-13 4500
2020-07-13_14-11-13 4500
2020-07-13_14-11-13 4500
2020-07-13_14-11-13 4500
2020-07-13_14-11-13 4500
2020-07-13_14-11-13 4500
2020-07-13_14-11-13 4500
2020-07-13_14-11-13 4500
2020-07-13_14-11-13 4500
2020-07-13_14-11-13 4500
2020-07-13_14-11-13 4500
2020-07-13_14-11-13 4510
2020-07-13_14-11-13 4500
2020-07-13_14-11-13 4500
2020-07-13_14-11-13 4500
2020-07-13_14-11-13 4500
2020-07-13_14-11-13 4500
2020-07-13_14-11-13 4500
2020-07-13_14-11-13 4500
2020-07-13_14-11-13 4500
2020-07-13_14-11-13 4500
2020-07-13_14-11-13 4510
2020-07-13_14-11-13 4500
2020-07-13_14-11-13 4500
2020-07-13_14-11-13 4500
2020-07-13_14-11-13 4490
2020-07-13_14-11-13 4500
2020-07-13_14-11-13 4510
2020-07-13_14-11-13 4510
2020-07-13_14-11-13 4510
2020-07-13_14-11-13 4510
2020-07-13_14-11-13 4510
2020-07-13_14-11-13 4510
2020-07-13_14-11-13 4510
2020-07-13_14-11-13 4510
2020-07-13_14-11-13 4510
2020-07-13_14-11-13 4510
2020-07-13_14-11-13 4510
2020-07-13_14-11-13 4510
2020-07-13_14-11-13 4510
2020-07-13_14-11-13 4510
2020-07-13_14-11-13 4510
2020-07-13_14-11-13 4510
2020-07-13_14-11-13 4510
2020-07-13_14-11-13 4500
2020-07-13_14-11-13 4510
2020-07-13_14-11-13 4510
2020-07-13_14-11-13 4510
2020-07-13_14-11-13 4510
2020-07-13_14-11-13 4510
2020-07-13_14-11-13 4510
2020-07-13_14-11-13 4500
2020-07-13_14-11-13 4500
2020-07-13_14-11-13 4500
2020-07-13_14-11-13 4500
2020-07-13_14-11-13 4500
2020-07-13_14-11-13 4500
2020-07-13_14-11-13 4500
2020-07-13_14-11-13 4490
2020-07-13_14-11-13 4490
2020-07-13_14-11-13 4500
2020-07-13_14-11-13 4480
2020-07-13_14-11-13 4500
2020-07-13_14-11-13 4510
2020-07-13_14-11-13 4530
2020-07-13_14-11-13 4510
2020-07-13_14-11-13 4500
2020-07-13_14-11-13 4520
2020-07-13_14-11-13 4390
2020-07-13_14-11-13 3900
2020-07-13_14-11-13 2680
2020-07-13_14-11-13 2520
2020-07-13_14-11-13 2500
2020-07-13_14-11-13 2480
2020-07-13_14-11-13 2490
2020-07-13_14-11-13 2520
2020-07-13_14-11-13 2520
2020-07-13_14-11-13 2520
2020-07-13_14-11-13 2520
2020-07-13_14-11-13 2310
2020-07-13_14-11-13 1750
