2020-07-13_14-11-23 1330
2020-07-13_14-11-23 2100
2020-07-13_14-11-23 2040
2020-07-13_14-11-23 2060
2020-07-13_14-11-23 2060
2020-07-13_14-11-23 1970
2020-07-13_14-11-23 2000
2020-07-13_14-11-23 1960
2020-07-13_14-11-23 1980
2020-07-13_14-11-23 3290
2020-07-13_14-11-23 4560
2020-07-13_14-11-23 4390
2020-07-13_14-11-23 4470
2020-07-13_14-11-23 4450
2020-07-13_14-11-23 4450
2020-07-13_14-11-23 4430
2020-07-13_14-11-23 4430
2020-07-13_14-11-23 4440
2020-07-13_14-11-23 4450
2020-07-13_14-11-23 4450
2020-07-13_14-11-23 4450
2020-07-13_14-11-23 4440
2020-07-13_14-11-23 4450
2020-07-13_14-11-23 4450
2020-07-13_14-11-23 4450
2020-07-13_14-11-23 4450
2020-07-13_14-11-23 4450
2020-07-13_14-11-23 4450
2020-07-13_14-11-23 4450
2020-07-13_14-11-23 4450
2020-07-13_14-11-23 4450
2020-07-13_14-11-23 4450
2020-07-13_14-11-23 4450
2020-07-13_14-11-23 4450
2020-07-13_14-11-23 4450
2020-07-13_14-11-23 4410
2020-07-13_14-11-23 4370
2020-07-13_14-11-23 4450
2020-07-13_14-11-23 4390
2020-07-13_14-11-23 4370
2020-07-13_14-11-23 4370
2020-07-13_14-11-23 4360
2020-07-13_14-11-23 4360
2020-07-13_14-11-23 4360
2020-07-13_14-11-23 4360
2020-07-13_14-11-23 4360
2020-07-13_14-11-23 4360
2020-07-13_14-11-23 4370
2020-07-13_14-11-23 4370
2020-07-13_14-11-23 4370
2020-07-13_14-11-23 4370
2020-07-13_14-11-23 4370
2020-07-13_14-11-23 4370
2020-07-13_14-11-23 4360
2020-07-13_14-11-23 4360
2020-07-13_14-11-23 4360
2020-07-13_14-11-23 4360
2020-07-13_14-11-23 4390
2020-07-13_14-11-23 4440
2020-07-13_14-11-23 4450
2020-07-13_14-11-23 4460
2020-07-13_14-11-23 4450
2020-07-13_14-11-23 4450
2020-07-13_14-11-23 4450
2020-07-13_14-11-23 4450
2020-07-13_14-11-23 4440
2020-07-13_14-11-23 4450
2020-07-13_14-11-23 4450
2020-07-13_14-11-23 4450
2020-07-13_14-11-23 4450
2020-07-13_14-11-23 4460
2020-07-13_14-11-23 4460
2020-07-13_14-11-23 4460
2020-07-13_14-11-23 4460
2020-07-13_14-11-23 4450
2020-07-13_14-11-23 4460
2020-07-13_14-11-23 4460
2020-07-13_14-11-23 4470
2020-07-13_14-11-23 4470
2020-07-13_14-11-23 4450
2020-07-13_14-11-23 4440
2020-07-13_14-11-23 4480
2020-07-13_14-11-23 4460
2020-07-13_14-11-23 4450
2020-07-13_14-11-23 4450
2020-07-13_14-11-23 4450
2020-07-13_14-11-23 2020
2020-07-13_14-11-23 4450
2020-07-13_14-11-23 1990
2020-07-13_14-11-23 4460
2020-07-13_14-11-23 1990
2020-07-13_14-11-23 4460
2020-07-13_14-11-23 2320
2020-07-13_14-11-23 4450
2020-07-13_14-11-23 4140
2020-07-13_14-11-23 4440
2020-07-13_14-11-23 4420
2020-07-13_14-11-23 4450
2020-07-13_14-11-23 4470
2020-07-13_14-11-23 4460
2020-07-13_14-11-23 4430
2020-07-13_14-11-23 4440
2020-07-13_14-11-23 4440
2020-07-13_14-11-23 4480
2020-07-13_14-11-23 4440
2020-07-13_14-11-23 4440
2020-07-13_14-11-23 4420
2020-07-13_14-11-23 4460
2020-07-13_14-11-23 4440
2020-07-13_14-11-23 4450
2020-07-13_14-11-23 4460
2020-07-13_14-11-23 4460
2020-07-13_14-11-23 4450
2020-07-13_14-11-23 4450
2020-07-13_14-11-23 4440
2020-07-13_14-11-23 4450
2020-07-13_14-11-23 4460
2020-07-13_14-11-23 4450
2020-07-13_14-11-23 4450
2020-07-13_14-11-23 4450
2020-07-13_14-11-23 4450
2020-07-13_14-11-23 4450
2020-07-13_14-11-23 4450
2020-07-13_14-11-23 4450
2020-07-13_14-11-23 4460
2020-07-13_14-11-23 4460
2020-07-13_14-11-23 4450
2020-07-13_14-11-23 4450
2020-07-13_14-11-23 4450
2020-07-13_14-11-23 4460
2020-07-13_14-11-23 4440
2020-07-13_14-11-23 4460
2020-07-13_14-11-23 4460
2020-07-13_14-11-23 4460
2020-07-13_14-11-23 4440
2020-07-13_14-11-23 4450
2020-07-13_14-11-23 4440
2020-07-13_14-11-23 4450
2020-07-13_14-11-23 4460
2020-07-13_14-11-23 4460
2020-07-13_14-11-23 4460
2020-07-13_14-11-23 4440
2020-07-13_14-11-23 4460
2020-07-13_14-11-23 4450
2020-07-13_14-11-23 4460
2020-07-13_14-11-23 4450
2020-07-13_14-11-23 4450
2020-07-13_14-11-23 4460
2020-07-13_14-11-23 4460
2020-07-13_14-11-23 4450
2020-07-13_14-11-23 4450
2020-07-13_14-11-23 4440
2020-07-13_14-11-23 4460
2020-07-13_14-11-23 4440
2020-07-13_14-11-23 4450
2020-07-13_14-11-23 4430
2020-07-13_14-11-23 4450
2020-07-13_14-11-23 4440
2020-07-13_14-11-23 4450
2020-07-13_14-11-23 4470
2020-07-13_14-11-23 4450
2020-07-13_14-11-23 4460
2020-07-13_14-11-23 4450
2020-07-13_14-11-23 4450
2020-07-13_14-11-23 4450
2020-07-13_14-11-23 4460
2020-07-13_14-11-23 4450
2020-07-13_14-11-23 4460
2020-07-13_14-11-23 4450
2020-07-13_14-11-23 4440
2020-07-13_14-11-23 4450
2020-07-13_14-11-23 4450
2020-07-13_14-11-23 4460
2020-07-13_14-11-23 4450
2020-07-13_14-11-23 4450
2020-07-13_14-11-23 4450
2020-07-13_14-11-23 4450
2020-07-13_14-11-23 4350
2020-07-13_14-11-23 4450
2020-07-13_14-11-23 3250
2020-07-13_14-11-23 4450
2020-07-13_14-11-23 2620
2020-07-13_14-11-23 4450
2020-07-13_14-11-23 2610
2020-07-13_14-11-23 4450
2020-07-13_14-11-23 2520
2020-07-13_14-11-23 4450
2020-07-13_14-11-23 2380
2020-07-13_14-11-23 4450
2020-07-13_14-11-23 2460
2020-07-13_14-11-23 4450
2020-07-13_14-11-23 2470
2020-07-13_14-11-23 4450
2020-07-13_14-11-23 2460
2020-07-13_14-11-23 4450
2020-07-13_14-11-23 2470
2020-07-13_14-11-23 1220
2020-07-13_14-11-23 4450
