2020-07-13_14-11-15 1030
2020-07-13_14-11-15 3180
2020-07-13_14-11-15 3260
2020-07-13_14-11-15 2860
2020-07-13_14-11-15 2900
2020-07-13_14-11-15 2760
2020-07-13_14-11-15 2610
2020-07-13_14-11-15 2640
2020-07-13_14-11-15 2600
2020-07-13_14-11-15 2740
2020-07-13_14-11-15 6930
2020-07-13_14-11-15 9710
2020-07-13_14-11-15 9190
2020-07-13_14-11-15 9440
2020-07-13_14-11-15 9330
2020-07-13_14-11-15 9330
2020-07-13_14-11-15 9320
2020-07-13_14-11-15 9390
2020-07-13_14-11-15 9320
2020-07-13_14-11-15 9370
2020-07-13_14-11-15 9330
2020-07-13_14-11-15 9360
2020-07-13_14-11-15 9350
2020-07-13_14-11-15 9340
2020-07-13_14-11-15 9350
2020-07-13_14-11-15 9360
2020-07-13_14-11-15 9380
2020-07-13_14-11-15 9400
2020-07-13_14-11-15 9330
2020-07-13_14-11-15 9340
2020-07-13_14-11-15 9390
2020-07-13_14-11-15 9350
2020-07-13_14-11-15 9370
2020-07-13_14-11-15 9370
2020-07-13_14-11-15 9370
2020-07-13_14-11-15 2590
2020-07-13_14-11-15 2650
2020-07-13_14-11-15 4250
2020-07-13_14-11-15 9200
2020-07-13_14-11-15 9180
2020-07-13_14-11-15 9460
2020-07-13_14-11-15 9280
2020-07-13_14-11-15 9400
2020-07-13_14-11-15 9360
2020-07-13_14-11-15 9360
2020-07-13_14-11-15 9320
2020-07-13_14-11-15 9330
2020-07-13_14-11-15 9350
2020-07-13_14-11-15 9370
2020-07-13_14-11-15 9370
2020-07-13_14-11-15 9380
2020-07-13_14-11-15 9390
2020-07-13_14-11-15 9380
2020-07-13_14-11-15 9370
2020-07-13_14-11-15 9370
2020-07-13_14-11-15 9380
2020-07-13_14-11-15 9370
2020-07-13_14-11-15 9370
2020-07-13_14-11-15 9370
2020-07-13_14-11-15 9380
2020-07-13_14-11-15 9370
2020-07-13_14-11-15 9370
2020-07-13_14-11-15 9380
2020-07-13_14-11-15 9380
2020-07-13_14-11-15 9370
2020-07-13_14-11-15 9370
2020-07-13_14-11-15 9370
2020-07-13_14-11-15 9370
2020-07-13_14-11-15 9370
2020-07-13_14-11-15 9370
2020-07-13_14-11-15 9370
2020-07-13_14-11-15 9380
2020-07-13_14-11-15 9380
2020-07-13_14-11-15 9370
2020-07-13_14-11-15 9370
2020-07-13_14-11-15 9370
2020-07-13_14-11-15 9380
2020-07-13_14-11-15 9380
2020-07-13_14-11-15 9370
2020-07-13_14-11-15 9380
2020-07-13_14-11-15 9380
2020-07-13_14-11-15 9370
2020-07-13_14-11-15 9360
2020-07-13_14-11-15 9330
2020-07-13_14-11-15 9350
2020-07-13_14-11-15 9350
2020-07-13_14-11-15 9330
2020-07-13_14-11-15 9310
2020-07-13_14-11-15 9300
2020-07-13_14-11-15 9360
2020-07-13_14-11-15 9340
2020-07-13_14-11-15 9320
2020-07-13_14-11-15 9320
2020-07-13_14-11-15 9330
2020-07-13_14-11-15 9360
2020-07-13_14-11-15 9400
2020-07-13_14-11-15 9400
2020-07-13_14-11-15 9360
2020-07-13_14-11-15 9330
2020-07-13_14-11-15 9380
2020-07-13_14-11-15 9360
2020-07-13_14-11-15 9340
2020-07-13_14-11-15 9380
2020-07-13_14-11-15 9330
2020-07-13_14-11-15 8930
2020-07-13_14-11-15 7370
2020-07-13_14-11-15 6960
2020-07-13_14-11-15 6890
2020-07-13_14-11-15 6860
2020-07-13_14-11-15 6810
2020-07-13_14-11-15 6790
2020-07-13_14-11-15 6800
2020-07-13_14-11-15 6790
2020-07-13_14-11-15 6780
2020-07-13_14-11-15 6750
2020-07-13_14-11-15 5870
2020-07-13_14-11-15 2010
