2020-07-13_14-10-06 1210
2020-07-13_14-10-06 1650
2020-07-13_14-10-06 2170
2020-07-13_14-10-06 2480
2020-07-13_14-10-06 2480
2020-07-13_14-10-06 2400
2020-07-13_14-10-06 2410
2020-07-13_14-10-06 2480
2020-07-13_14-10-06 2490
2020-07-13_14-10-06 2450
2020-07-13_14-10-06 2460
2020-07-13_14-10-06 2510
2020-07-13_14-10-06 2560
2020-07-13_14-10-06 3040
2020-07-13_14-10-06 4680
2020-07-13_14-10-06 7790
2020-07-13_14-10-06 11290
2020-07-13_14-10-06 13330
2020-07-13_14-10-06 13480
2020-07-13_14-10-06 12920
2020-07-13_14-10-06 13030
2020-07-13_14-10-06 13520
2020-07-13_14-10-06 13570
2020-07-13_14-10-06 13190
2020-07-13_14-10-06 13090
2020-07-13_14-10-06 13370
2020-07-13_14-10-06 13530
2020-07-13_14-10-06 13330
2020-07-13_14-10-06 13160
2020-07-13_14-10-06 13300
2020-07-13_14-10-06 13470
2020-07-13_14-10-06 13370
2020-07-13_14-10-06 13190
2020-07-13_14-10-06 13240
2020-07-13_14-10-06 13400
2020-07-13_14-10-06 13390
2020-07-13_14-10-06 13240
2020-07-13_14-10-06 13220
2020-07-13_14-10-06 13340
2020-07-13_14-10-06 13400
2020-07-13_14-10-06 13310
2020-07-13_14-10-06 13250
2020-07-13_14-10-06 13310
2020-07-13_14-10-06 13370
2020-07-13_14-10-06 13320
2020-07-13_14-10-06 13230
2020-07-13_14-10-06 13260
2020-07-13_14-10-06 13360
2020-07-13_14-10-06 13340
2020-07-13_14-10-06 13270
2020-07-13_14-10-06 13320
2020-07-13_14-10-06 13410
2020-07-13_14-10-06 13350
2020-07-13_14-10-06 13210
2020-07-13_14-10-06 13240
2020-07-13_14-10-06 13380
2020-07-13_14-10-06 13370
2020-07-13_14-10-06 13280
2020-07-13_14-10-06 13300
2020-07-13_14-10-06 13370
2020-07-13_14-10-06 13350
2020-07-13_14-10-06 13300
2020-07-13_14-10-06 13320
2020-07-13_14-10-06 13350
2020-07-13_14-10-06 13320
2020-07-13_14-10-06 13300
2020-07-13_14-10-06 13340
2020-07-13_14-10-06 13350
2020-07-13_14-10-06 13300
2020-07-13_14-10-06 13290
2020-07-13_14-10-06 13340
2020-07-13_14-10-06 13350
2020-07-13_14-10-06 13310
2020-07-13_14-10-06 13300
2020-07-13_14-10-06 13340
2020-07-13_14-10-06 13340
2020-07-13_14-10-06 13310
2020-07-13_14-10-06 13290
2020-07-13_14-10-06 13300
2020-07-13_14-10-06 13340
2020-07-13_14-10-06 13330
2020-07-13_14-10-06 13300
2020-07-13_14-10-06 13260
2020-07-13_14-10-06 13280
2020-07-13_14-10-06 13330
2020-07-13_14-10-06 13330
2020-07-13_14-10-06 13290
2020-07-13_14-10-06 13260
2020-07-13_14-10-06 13290
2020-07-13_14-10-06 13310
2020-07-13_14-10-06 13280
2020-07-13_14-10-06 13260
2020-07-13_14-10-07 13290
2020-07-13_14-10-07 13310
2020-07-13_14-10-07 13310
2020-07-13_14-10-07 13290
2020-07-13_14-10-07 13240
2020-07-13_14-10-07 13220
2020-07-13_14-10-07 13230
2020-07-13_14-10-07 13290
2020-07-13_14-10-07 13300
2020-07-13_14-10-07 13280
2020-07-13_14-10-07 13290
2020-07-13_14-10-07 13290
2020-07-13_14-10-07 13320
2020-07-13_14-10-07 13320
2020-07-13_14-10-07 13250
2020-07-13_14-10-07 13210
2020-07-13_14-10-07 13250
2020-07-13_14-10-07 13350
2020-07-13_14-10-07 13370
2020-07-13_14-10-07 13320
2020-07-13_14-10-07 13300
2020-07-13_14-10-07 13320
2020-07-13_14-10-07 13320
2020-07-13_14-10-07 13300
2020-07-13_14-10-07 13310
2020-07-13_14-10-07 13220
2020-07-13_14-10-07 12630
2020-07-13_14-10-07 11840
2020-07-13_14-10-07 11210
2020-07-13_14-10-07 11040
2020-07-13_14-10-07 10960
2020-07-13_14-10-07 10880
2020-07-13_14-10-07 10930
2020-07-13_14-10-07 11020
2020-07-13_14-10-07 10950
2020-07-13_14-10-07 10870
2020-07-13_14-10-07 10920
2020-07-13_14-10-07 11030
2020-07-13_14-10-07 11000
2020-07-13_14-10-07 10870
2020-07-13_14-10-07 10860
2020-07-13_14-10-07 10920
2020-07-13_14-10-07 10900
2020-07-13_14-10-07 10490
2020-07-13_14-10-07 8980
2020-07-13_14-10-07 6270
2020-07-13_14-10-07 3100
2020-07-13_14-10-07 950
