2020-07-13_14-10-02 830
2020-07-13_14-10-02 1530
2020-07-13_14-10-02 2160
2020-07-13_14-10-02 2070
2020-07-13_14-10-02 2130
2020-07-13_14-10-02 2190
2020-07-13_14-10-02 2150
2020-07-13_14-10-02 2120
2020-07-13_14-10-02 2130
2020-07-13_14-10-02 2160
2020-07-13_14-10-02 2200
2020-07-13_14-10-02 2690
2020-07-13_14-10-02 3630
2020-07-13_14-10-02 4350
2020-07-13_14-10-02 4690
2020-07-13_14-10-02 4570
2020-07-13_14-10-02 4590
2020-07-13_14-10-02 4640
2020-07-13_14-10-02 4600
2020-07-13_14-10-02 4640
2020-07-13_14-10-02 4580
2020-07-13_14-10-02 4620
2020-07-13_14-10-02 4620
2020-07-13_14-10-02 4630
2020-07-13_14-10-02 4610
2020-07-13_14-10-02 4600
2020-07-13_14-10-02 4610
2020-07-13_14-10-02 4610
2020-07-13_14-10-02 4610
2020-07-13_14-10-02 4600
2020-07-13_14-10-02 4610
2020-07-13_14-10-02 4600
2020-07-13_14-10-02 4610
2020-07-13_14-10-02 4610
2020-07-13_14-10-02 4610
2020-07-13_14-10-02 4610
2020-07-13_14-10-02 4610
2020-07-13_14-10-02 4620
2020-07-13_14-10-02 4620
2020-07-13_14-10-02 4620
2020-07-13_14-10-02 4620
2020-07-13_14-10-02 4610
2020-07-13_14-10-02 4580
2020-07-13_14-10-02 4620
2020-07-13_14-10-02 4630
2020-07-13_14-10-02 4630
2020-07-13_14-10-02 4610
2020-07-13_14-10-02 4610
2020-07-13_14-10-02 4620
2020-07-13_14-10-02 4620
2020-07-13_14-10-02 4630
2020-07-13_14-10-02 4630
2020-07-13_14-10-02 4620
2020-07-13_14-10-02 4620
2020-07-13_14-10-02 4620
2020-07-13_14-10-02 4620
2020-07-13_14-10-02 4620
2020-07-13_14-10-02 4610
2020-07-13_14-10-02 4610
2020-07-13_14-10-02 4610
2020-07-13_14-10-02 4620
2020-07-13_14-10-02 4620
2020-07-13_14-10-02 4620
2020-07-13_14-10-02 4620
2020-07-13_14-10-02 4620
2020-07-13_14-10-02 4620
2020-07-13_14-10-02 4620
2020-07-13_14-10-02 4620
2020-07-13_14-10-02 4620
2020-07-13_14-10-02 4620
2020-07-13_14-10-02 4620
2020-07-13_14-10-02 4620
2020-07-13_14-10-02 4620
2020-07-13_14-10-02 4620
2020-07-13_14-10-02 4620
2020-07-13_14-10-02 4620
2020-07-13_14-10-02 4610
2020-07-13_14-10-02 4610
2020-07-13_14-10-02 4620
2020-07-13_14-10-02 4620
2020-07-13_14-10-02 4620
2020-07-13_14-10-02 4610
2020-07-13_14-10-02 4610
2020-07-13_14-10-02 4610
2020-07-13_14-10-02 4610
2020-07-13_14-10-02 4610
2020-07-13_14-10-02 4610
2020-07-13_14-10-02 4610
2020-07-13_14-10-02 4610
2020-07-13_14-10-02 4610
2020-07-13_14-10-02 4620
2020-07-13_14-10-02 4620
2020-07-13_14-10-02 4620
2020-07-13_14-10-02 4610
2020-07-13_14-10-02 4620
2020-07-13_14-10-02 4620
2020-07-13_14-10-02 4610
2020-07-13_14-10-02 4600
2020-07-13_14-10-02 4620
2020-07-13_14-10-02 4620
2020-07-13_14-10-02 4620
2020-07-13_14-10-02 4620
2020-07-13_14-10-02 4620
2020-07-13_14-10-02 4620
2020-07-13_14-10-02 4610
2020-07-13_14-10-02 4620
2020-07-13_14-10-02 4620
2020-07-13_14-10-02 4620
2020-07-13_14-10-02 4620
2020-07-13_14-10-02 4620
2020-07-13_14-10-02 4610
2020-07-13_14-10-02 4620
2020-07-13_14-10-02 4620
2020-07-13_14-10-02 4620
2020-07-13_14-10-02 4620
2020-07-13_14-10-02 4620
2020-07-13_14-10-02 4620
2020-07-13_14-10-02 4610
2020-07-13_14-10-02 4620
2020-07-13_14-10-02 4620
2020-07-13_14-10-02 4620
2020-07-13_14-10-02 4620
2020-07-13_14-10-02 4610
2020-07-13_14-10-02 4620
2020-07-13_14-10-02 4620
2020-07-13_14-10-02 4620
2020-07-13_14-10-02 4620
2020-07-13_14-10-02 4620
2020-07-13_14-10-02 4620
2020-07-13_14-10-02 4620
2020-07-13_14-10-02 4620
2020-07-13_14-10-02 4620
2020-07-13_14-10-02 4620
2020-07-13_14-10-02 4620
2020-07-13_14-10-02 4620
2020-07-13_14-10-02 4620
2020-07-13_14-10-02 4620
2020-07-13_14-10-02 4620
2020-07-13_14-10-02 4620
2020-07-13_14-10-02 4620
2020-07-13_14-10-03 4620
2020-07-13_14-10-03 4620
2020-07-13_14-10-03 4620
2020-07-13_14-10-03 4620
2020-07-13_14-10-03 4620
2020-07-13_14-10-03 4620
2020-07-13_14-10-03 4620
2020-07-13_14-10-03 4620
2020-07-13_14-10-03 4620
2020-07-13_14-10-03 4620
2020-07-13_14-10-03 4620
2020-07-13_14-10-03 4620
2020-07-13_14-10-03 4620
2020-07-13_14-10-03 4620
2020-07-13_14-10-03 4620
2020-07-13_14-10-03 4620
2020-07-13_14-10-03 4620
2020-07-13_14-10-03 4620
2020-07-13_14-10-03 4620
2020-07-13_14-10-03 4620
2020-07-13_14-10-03 4620
2020-07-13_14-10-03 4620
2020-07-13_14-10-03 4620
2020-07-13_14-10-03 4620
2020-07-13_14-10-03 4620
2020-07-13_14-10-03 4620
2020-07-13_14-10-03 4620
2020-07-13_14-10-03 4620
2020-07-13_14-10-03 4620
2020-07-13_14-10-03 4620
2020-07-13_14-10-03 4620
2020-07-13_14-10-03 4620
2020-07-13_14-10-03 4620
2020-07-13_14-10-03 4620
2020-07-13_14-10-03 4620
2020-07-13_14-10-03 4620
2020-07-13_14-10-03 4620
2020-07-13_14-10-03 4620
2020-07-13_14-10-03 4620
2020-07-13_14-10-03 4620
2020-07-13_14-10-03 4620
2020-07-13_14-10-03 4620
2020-07-13_14-10-03 4620
2020-07-13_14-10-03 4620
2020-07-13_14-10-03 4620
2020-07-13_14-10-03 4620
2020-07-13_14-10-03 4620
2020-07-13_14-10-03 4620
2020-07-13_14-10-03 4620
2020-07-13_14-10-03 4620
2020-07-13_14-10-03 4620
2020-07-13_14-10-03 4620
2020-07-13_14-10-03 4620
2020-07-13_14-10-03 4620
2020-07-13_14-10-03 4620
2020-07-13_14-10-03 4620
2020-07-13_14-10-03 4620
2020-07-13_14-10-03 4620
2020-07-13_14-10-03 4620
2020-07-13_14-10-03 4620
2020-07-13_14-10-03 4620
2020-07-13_14-10-03 4620
2020-07-13_14-10-03 4620
2020-07-13_14-10-03 4620
2020-07-13_14-10-03 4620
2020-07-13_14-10-03 4620
2020-07-13_14-10-03 4620
2020-07-13_14-10-03 4610
2020-07-13_14-10-03 4620
2020-07-13_14-10-03 4620
2020-07-13_14-10-03 4620
2020-07-13_14-10-03 4620
2020-07-13_14-10-03 4620
2020-07-13_14-10-03 4620
2020-07-13_14-10-03 4620
2020-07-13_14-10-03 4620
2020-07-13_14-10-03 4620
2020-07-13_14-10-03 4620
2020-07-13_14-10-03 4620
2020-07-13_14-10-03 4620
2020-07-13_14-10-03 4620
2020-07-13_14-10-03 4620
2020-07-13_14-10-03 4620
2020-07-13_14-10-03 4620
2020-07-13_14-10-03 4620
2020-07-13_14-10-03 4620
2020-07-13_14-10-03 4620
2020-07-13_14-10-03 4620
2020-07-13_14-10-03 4620
2020-07-13_14-10-03 4620
2020-07-13_14-10-03 4620
2020-07-13_14-10-03 4620
2020-07-13_14-10-03 4620
2020-07-13_14-10-03 4620
2020-07-13_14-10-03 4620
2020-07-13_14-10-03 4620
2020-07-13_14-10-03 4620
2020-07-13_14-10-03 4620
2020-07-13_14-10-03 4620
2020-07-13_14-10-03 4620
2020-07-13_14-10-03 4620
2020-07-13_14-10-03 4620
2020-07-13_14-10-03 4620
2020-07-13_14-10-03 4620
2020-07-13_14-10-03 4620
2020-07-13_14-10-03 4620
2020-07-13_14-10-03 4620
2020-07-13_14-10-03 4620
2020-07-13_14-10-03 4620
2020-07-13_14-10-03 4620
2020-07-13_14-10-03 4620
2020-07-13_14-10-03 4620
2020-07-13_14-10-03 4620
2020-07-13_14-10-03 4620
2020-07-13_14-10-03 4620
2020-07-13_14-10-03 4620
2020-07-13_14-10-03 4620
2020-07-13_14-10-03 4620
2020-07-13_14-10-03 4620
2020-07-13_14-10-03 4620
2020-07-13_14-10-03 4620
2020-07-13_14-10-03 4620
2020-07-13_14-10-03 4620
2020-07-13_14-10-03 4620
2020-07-13_14-10-03 4620
2020-07-13_14-10-03 4620
2020-07-13_14-10-03 4620
2020-07-13_14-10-03 4620
2020-07-13_14-10-03 4620
2020-07-13_14-10-03 4620
2020-07-13_14-10-03 4620
2020-07-13_14-10-03 4620
2020-07-13_14-10-03 4620
2020-07-13_14-10-03 4620
2020-07-13_14-10-03 4620
2020-07-13_14-10-03 4620
2020-07-13_14-10-03 4620
2020-07-13_14-10-03 4620
2020-07-13_14-10-03 4620
2020-07-13_14-10-03 4620
2020-07-13_14-10-03 4620
2020-07-13_14-10-03 4620
2020-07-13_14-10-03 4620
2020-07-13_14-10-03 4620
2020-07-13_14-10-03 4620
2020-07-13_14-10-03 4620
2020-07-13_14-10-03 4620
2020-07-13_14-10-03 4620
2020-07-13_14-10-03 4620
2020-07-13_14-10-03 4620
2020-07-13_14-10-03 4620
2020-07-13_14-10-03 4620
2020-07-13_14-10-03 4620
2020-07-13_14-10-03 4620
2020-07-13_14-10-03 4620
2020-07-13_14-10-03 4620
2020-07-13_14-10-03 4620
2020-07-13_14-10-03 4620
2020-07-13_14-10-03 4620
2020-07-13_14-10-03 4620
2020-07-13_14-10-03 4620
2020-07-13_14-10-03 4620
2020-07-13_14-10-03 4620
2020-07-13_14-10-03 4620
2020-07-13_14-10-03 4620
2020-07-13_14-10-03 4620
2020-07-13_14-10-03 4620
2020-07-13_14-10-03 4620
2020-07-13_14-10-03 4620
2020-07-13_14-10-03 4620
2020-07-13_14-10-03 4620
2020-07-13_14-10-03 4620
2020-07-13_14-10-03 4620
2020-07-13_14-10-03 4620
2020-07-13_14-10-03 4620
2020-07-13_14-10-03 4620
2020-07-13_14-10-03 4620
2020-07-13_14-10-03 4610
2020-07-13_14-10-03 4610
2020-07-13_14-10-03 4610
2020-07-13_14-10-03 4610
2020-07-13_14-10-03 4610
2020-07-13_14-10-03 4610
2020-07-13_14-10-03 4610
2020-07-13_14-10-03 4610
2020-07-13_14-10-03 4610
2020-07-13_14-10-03 4610
2020-07-13_14-10-03 4610
2020-07-13_14-10-03 4610
2020-07-13_14-10-03 4610
2020-07-13_14-10-03 4620
2020-07-13_14-10-03 4620
2020-07-13_14-10-03 4620
2020-07-13_14-10-03 4620
2020-07-13_14-10-03 4620
2020-07-13_14-10-03 4620
2020-07-13_14-10-03 4620
2020-07-13_14-10-03 4620
2020-07-13_14-10-03 4620
2020-07-13_14-10-03 4630
2020-07-13_14-10-03 4630
2020-07-13_14-10-03 4630
2020-07-13_14-10-03 4630
2020-07-13_14-10-03 4630
2020-07-13_14-10-03 4620
2020-07-13_14-10-03 4620
2020-07-13_14-10-03 4610
2020-07-13_14-10-03 4610
2020-07-13_14-10-03 4610
2020-07-13_14-10-03 4610
2020-07-13_14-10-03 4620
2020-07-13_14-10-03 4610
2020-07-13_14-10-03 4610
2020-07-13_14-10-03 4610
2020-07-13_14-10-03 4610
2020-07-13_14-10-03 4610
2020-07-13_14-10-03 4610
2020-07-13_14-10-03 4610
2020-07-13_14-10-03 4610
2020-07-13_14-10-03 4610
2020-07-13_14-10-03 4620
2020-07-13_14-10-03 4620
2020-07-13_14-10-03 4630
2020-07-13_14-10-03 4620
2020-07-13_14-10-03 4620
2020-07-13_14-10-03 4610
2020-07-13_14-10-03 4600
2020-07-13_14-10-03 4610
2020-07-13_14-10-03 4620
2020-07-13_14-10-03 4620
2020-07-13_14-10-03 4620
2020-07-13_14-10-03 4620
2020-07-13_14-10-03 4610
2020-07-13_14-10-03 4610
2020-07-13_14-10-03 4610
2020-07-13_14-10-03 4610
2020-07-13_14-10-03 4610
2020-07-13_14-10-03 4610
2020-07-13_14-10-03 4610
2020-07-13_14-10-03 4610
2020-07-13_14-10-03 4610
2020-07-13_14-10-03 4620
2020-07-13_14-10-03 4620
2020-07-13_14-10-03 4620
2020-07-13_14-10-03 4620
2020-07-13_14-10-03 4620
2020-07-13_14-10-03 4620
2020-07-13_14-10-03 4630
2020-07-13_14-10-03 4620
2020-07-13_14-10-03 4620
2020-07-13_14-10-03 4610
2020-07-13_14-10-03 4620
2020-07-13_14-10-03 4620
2020-07-13_14-10-03 4620
2020-07-13_14-10-03 4620
2020-07-13_14-10-03 4620
2020-07-13_14-10-03 4620
2020-07-13_14-10-03 4620
2020-07-13_14-10-03 4620
2020-07-13_14-10-03 4620
2020-07-13_14-10-03 4620
2020-07-13_14-10-03 4620
2020-07-13_14-10-03 4620
2020-07-13_14-10-03 4620
2020-07-13_14-10-03 4620
2020-07-13_14-10-03 4620
2020-07-13_14-10-03 4620
2020-07-13_14-10-03 4620
2020-07-13_14-10-03 4620
2020-07-13_14-10-03 4620
2020-07-13_14-10-03 4620
2020-07-13_14-10-03 4620
2020-07-13_14-10-03 4620
2020-07-13_14-10-03 4620
2020-07-13_14-10-03 4620
2020-07-13_14-10-03 4620
2020-07-13_14-10-03 4610
2020-07-13_14-10-03 4610
2020-07-13_14-10-03 4610
2020-07-13_14-10-03 4620
2020-07-13_14-10-03 4620
2020-07-13_14-10-03 4610
2020-07-13_14-10-03 4610
2020-07-13_14-10-03 4620
2020-07-13_14-10-03 4620
2020-07-13_14-10-03 4620
2020-07-13_14-10-03 4620
2020-07-13_14-10-03 4620
2020-07-13_14-10-03 4620
2020-07-13_14-10-03 4620
2020-07-13_14-10-03 4620
2020-07-13_14-10-03 4620
2020-07-13_14-10-03 4620
2020-07-13_14-10-03 4620
2020-07-13_14-10-03 4620
2020-07-13_14-10-03 4620
2020-07-13_14-10-03 4610
2020-07-13_14-10-03 4610
2020-07-13_14-10-03 4610
2020-07-13_14-10-03 4610
2020-07-13_14-10-03 4620
2020-07-13_14-10-03 4620
2020-07-13_14-10-03 4620
2020-07-13_14-10-03 4620
2020-07-13_14-10-03 4620
2020-07-13_14-10-03 4620
2020-07-13_14-10-03 4620
2020-07-13_14-10-03 4620
2020-07-13_14-10-03 4610
2020-07-13_14-10-03 4610
2020-07-13_14-10-03 4620
2020-07-13_14-10-03 4620
2020-07-13_14-10-03 4620
2020-07-13_14-10-03 4620
2020-07-13_14-10-03 4620
2020-07-13_14-10-03 4620
2020-07-13_14-10-03 4620
2020-07-13_14-10-03 4620
2020-07-13_14-10-03 4620
2020-07-13_14-10-03 4620
2020-07-13_14-10-03 4620
2020-07-13_14-10-03 4620
2020-07-13_14-10-03 4620
2020-07-13_14-10-03 4620
2020-07-13_14-10-03 4620
2020-07-13_14-10-03 4620
2020-07-13_14-10-03 4620
2020-07-13_14-10-03 4620
2020-07-13_14-10-03 4620
2020-07-13_14-10-03 4620
2020-07-13_14-10-03 4620
2020-07-13_14-10-03 4620
2020-07-13_14-10-03 4620
2020-07-13_14-10-03 4620
2020-07-13_14-10-03 4620
2020-07-13_14-10-03 4620
2020-07-13_14-10-03 4620
2020-07-13_14-10-03 4620
2020-07-13_14-10-03 4620
2020-07-13_14-10-03 4620
2020-07-13_14-10-03 4620
2020-07-13_14-10-03 4620
2020-07-13_14-10-03 4620
2020-07-13_14-10-03 4620
2020-07-13_14-10-03 4620
2020-07-13_14-10-03 4620
2020-07-13_14-10-03 4620
2020-07-13_14-10-03 4620
2020-07-13_14-10-03 4620
2020-07-13_14-10-03 4620
2020-07-13_14-10-03 4620
2020-07-13_14-10-03 4620
2020-07-13_14-10-03 4620
2020-07-13_14-10-03 4620
2020-07-13_14-10-03 4620
2020-07-13_14-10-03 4620
2020-07-13_14-10-03 4620
2020-07-13_14-10-03 4610
2020-07-13_14-10-03 4610
2020-07-13_14-10-03 4610
2020-07-13_14-10-03 4620
2020-07-13_14-10-03 4620
2020-07-13_14-10-03 4620
2020-07-13_14-10-03 4620
2020-07-13_14-10-03 4610
2020-07-13_14-10-03 4610
2020-07-13_14-10-03 4610
2020-07-13_14-10-03 4610
2020-07-13_14-10-03 4620
2020-07-13_14-10-03 4620
2020-07-13_14-10-03 4620
2020-07-13_14-10-03 4620
2020-07-13_14-10-03 4610
2020-07-13_14-10-03 4610
2020-07-13_14-10-03 4620
2020-07-13_14-10-03 4620
2020-07-13_14-10-03 4620
2020-07-13_14-10-03 4620
2020-07-13_14-10-03 4620
2020-07-13_14-10-03 4620
2020-07-13_14-10-03 4620
2020-07-13_14-10-03 4620
2020-07-13_14-10-03 4620
2020-07-13_14-10-03 4620
2020-07-13_14-10-03 4620
2020-07-13_14-10-03 4620
2020-07-13_14-10-03 4620
2020-07-13_14-10-03 4620
2020-07-13_14-10-03 4610
2020-07-13_14-10-03 4610
2020-07-13_14-10-03 4610
2020-07-13_14-10-03 4600
2020-07-13_14-10-03 4610
2020-07-13_14-10-03 4480
2020-07-13_14-10-03 3950
2020-07-13_14-10-03 3290
2020-07-13_14-10-03 2740
2020-07-13_14-10-03 2620
2020-07-13_14-10-03 2610
2020-07-13_14-10-03 2590
2020-07-13_14-10-03 2580
2020-07-13_14-10-03 2590
2020-07-13_14-10-03 2600
2020-07-13_14-10-03 2620
2020-07-13_14-10-03 2630
2020-07-13_14-10-03 2660
2020-07-13_14-10-03 2670
2020-07-13_14-10-03 2670
2020-07-13_14-10-03 2680
2020-07-13_14-10-03 2670
2020-07-13_14-10-03 2630
2020-07-13_14-10-03 2270
2020-07-13_14-10-03 1510
