2020-07-13_14-11-29 9390
2020-07-13_14-11-29 9380
2020-07-13_14-11-29 9420
2020-07-13_14-11-29 10550
2020-07-13_14-11-29 11830
2020-07-13_14-11-29 11750
2020-07-13_14-11-29 11810
2020-07-13_14-11-29 11810
2020-07-13_14-11-29 11860
2020-07-13_14-11-29 11850
2020-07-13_14-11-29 11830
2020-07-13_14-11-29 11830
2020-07-13_14-11-29 11840
2020-07-13_14-11-29 11870
2020-07-13_14-11-29 11810
2020-07-13_14-11-29 8360
2020-07-13_14-11-29 8500
2020-07-13_14-11-29 8490
2020-07-13_14-11-29 8590
2020-07-13_14-11-29 7210
2020-07-13_14-11-29 5280
2020-07-13_14-11-29 5120
2020-07-13_14-11-29 5120
2020-07-13_14-11-29 5130
2020-07-13_14-11-29 5120
2020-07-13_14-11-29 5100
2020-07-13_14-11-29 5110
2020-07-13_14-11-29 5100
2020-07-13_14-11-29 5120
2020-07-13_14-11-29 5120
2020-07-13_14-11-29 5120
2020-07-13_14-11-29 5110
2020-07-13_14-11-29 5120
2020-07-13_14-11-29 5100
2020-07-13_14-11-29 5110
2020-07-13_14-11-29 5110
2020-07-13_14-11-29 5120
2020-07-13_14-11-29 5120
2020-07-13_14-11-29 5110
2020-07-13_14-11-29 5120
2020-07-13_14-11-29 5110
2020-07-13_14-11-29 5120
2020-07-13_14-11-29 5110
2020-07-13_14-11-29 5120
2020-07-13_14-11-29 5100
2020-07-13_14-11-29 5110
2020-07-13_14-11-29 5110
2020-07-13_14-11-29 5110
2020-07-13_14-11-29 5110
2020-07-13_14-11-29 5110
2020-07-13_14-11-29 5110
2020-07-13_14-11-29 5110
2020-07-13_14-11-29 5130
2020-07-13_14-11-29 5170
2020-07-13_14-11-29 5110
2020-07-13_14-11-29 5110
2020-07-13_14-11-29 5120
2020-07-13_14-11-29 5120
2020-07-13_14-11-29 5110
2020-07-13_14-11-29 5110
2020-07-13_14-11-29 5120
2020-07-13_14-11-29 5120
2020-07-13_14-11-29 5120
2020-07-13_14-11-29 5110
2020-07-13_14-11-29 5120
2020-07-13_14-11-29 5120
2020-07-13_14-11-29 5130
2020-07-13_14-11-29 5130
2020-07-13_14-11-29 5140
2020-07-13_14-11-29 5140
2020-07-13_14-11-29 5120
2020-07-13_14-11-29 5120
2020-07-13_14-11-29 5130
2020-07-13_14-11-29 5120
2020-07-13_14-11-29 5120
2020-07-13_14-11-29 5140
2020-07-13_14-11-29 5120
2020-07-13_14-11-29 5120
2020-07-13_14-11-29 4460
2020-07-13_14-11-29 2720
2020-07-13_14-11-29 2480
2020-07-13_14-11-29 2470
2020-07-13_14-11-29 2480
2020-07-13_14-11-29 2460
2020-07-13_14-11-29 2450
2020-07-13_14-11-29 2490
2020-07-13_14-11-29 2470
2020-07-13_14-11-29 2450
2020-07-13_14-11-29 2450
2020-07-13_14-11-29 2470
2020-07-13_14-11-29 1720
