2020-07-13_14-11-06 4290
2020-07-13_14-11-06 4290
2020-07-13_14-11-06 4290
2020-07-13_14-11-06 4280
2020-07-13_14-11-06 4290
2020-07-13_14-11-06 4290
2020-07-13_14-11-06 4290
2020-07-13_14-11-06 4280
2020-07-13_14-11-06 4290
2020-07-13_14-11-06 4290
2020-07-13_14-11-06 4290
2020-07-13_14-11-06 4290
2020-07-13_14-11-06 4290
2020-07-13_14-11-06 4290
2020-07-13_14-11-06 4290
2020-07-13_14-11-06 4290
2020-07-13_14-11-06 4290
2020-07-13_14-11-06 4290
2020-07-13_14-11-06 4290
2020-07-13_14-11-06 4310
2020-07-13_14-11-06 4350
2020-07-13_14-11-06 4390
2020-07-13_14-11-06 4380
2020-07-13_14-11-06 4380
2020-07-13_14-11-06 4370
2020-07-13_14-11-06 4370
2020-07-13_14-11-06 4370
2020-07-13_14-11-06 4380
2020-07-13_14-11-06 4380
2020-07-13_14-11-06 4380
2020-07-13_14-11-06 4380
2020-07-13_14-11-06 4380
2020-07-13_14-11-06 4380
2020-07-13_14-11-06 4380
2020-07-13_14-11-06 4380
2020-07-13_14-11-06 4380
2020-07-13_14-11-06 4380
2020-07-13_14-11-06 4380
2020-07-13_14-11-06 4380
2020-07-13_14-11-06 4380
2020-07-13_14-11-06 4380
2020-07-13_14-11-06 4380
2020-07-13_14-11-06 4380
2020-07-13_14-11-06 4380
2020-07-13_14-11-06 4380
2020-07-13_14-11-06 4380
2020-07-13_14-11-06 4380
2020-07-13_14-11-06 4380
2020-07-13_14-11-06 4390
2020-07-13_14-11-06 4390
2020-07-13_14-11-06 4380
2020-07-13_14-11-06 4380
2020-07-13_14-11-06 4380
2020-07-13_14-11-06 4380
2020-07-13_14-11-06 4370
2020-07-13_14-11-06 4380
2020-07-13_14-11-06 4380
2020-07-13_14-11-06 4380
2020-07-13_14-11-06 4380
2020-07-13_14-11-06 4380
2020-07-13_14-11-06 4380
2020-07-13_14-11-06 4380
2020-07-13_14-11-06 4380
2020-07-13_14-11-06 4380
2020-07-13_14-11-06 4380
2020-07-13_14-11-06 4380
2020-07-13_14-11-06 4380
2020-07-13_14-11-06 4380
2020-07-13_14-11-06 4380
2020-07-13_14-11-06 4380
2020-07-13_14-11-06 4380
2020-07-13_14-11-06 4380
2020-07-13_14-11-06 4380
2020-07-13_14-11-06 4380
2020-07-13_14-11-06 4380
2020-07-13_14-11-06 4380
2020-07-13_14-11-06 4390
2020-07-13_14-11-06 4410
2020-07-13_14-11-06 4380
2020-07-13_14-11-06 4380
2020-07-13_14-11-06 4380
2020-07-13_14-11-06 4390
2020-07-13_14-11-06 4390
2020-07-13_14-11-06 4400
2020-07-13_14-11-06 4380
2020-07-13_14-11-06 4370
2020-07-13_14-11-06 4380
2020-07-13_14-11-06 4370
2020-07-13_14-11-06 4380
2020-07-13_14-11-06 4380
2020-07-13_14-11-06 4390
2020-07-13_14-11-06 4390
2020-07-13_14-11-06 4380
2020-07-13_14-11-06 4380
2020-07-13_14-11-06 4380
2020-07-13_14-11-06 4380
2020-07-13_14-11-06 4360
2020-07-13_14-11-06 4320
2020-07-13_14-11-06 4360
2020-07-13_14-11-06 4370
2020-07-13_14-11-06 4400
2020-07-13_14-11-06 4320
2020-07-13_14-11-06 4390
2020-07-13_14-11-06 4370
2020-07-13_14-11-06 3290
2020-07-13_14-11-06 2410
2020-07-13_14-11-06 2410
2020-07-13_14-11-06 2400
2020-07-13_14-11-06 2390
2020-07-13_14-11-06 2410
2020-07-13_14-11-06 890
