2020-07-13_14-11-31 990
2020-07-13_14-11-31 1190
2020-07-13_14-11-31 1270
2020-07-13_14-11-31 1230
2020-07-13_14-11-31 1190
2020-07-13_14-11-31 1190
2020-07-13_14-11-31 1210
2020-07-13_14-11-31 1220
2020-07-13_14-11-31 1210
2020-07-13_14-11-31 1210
2020-07-13_14-11-31 1200
2020-07-13_14-11-31 1200
2020-07-13_14-11-31 1190
2020-07-13_14-11-31 1180
2020-07-13_14-11-31 1190
2020-07-13_14-11-31 1200
2020-07-13_14-11-31 1210
2020-07-13_14-11-31 1200
2020-07-13_14-11-31 1210
2020-07-13_14-11-31 1210
2020-07-13_14-11-31 1210
2020-07-13_14-11-31 1200
2020-07-13_14-11-31 1200
2020-07-13_14-11-31 1210
2020-07-13_14-11-31 1210
2020-07-13_14-11-31 1210
2020-07-13_14-11-31 1200
2020-07-13_14-11-31 1200
2020-07-13_14-11-31 1200
2020-07-13_14-11-31 1200
2020-07-13_14-11-31 1210
2020-07-13_14-11-31 1200
2020-07-13_14-11-31 1200
2020-07-13_14-11-31 1200
2020-07-13_14-11-31 1200
2020-07-13_14-11-31 1200
2020-07-13_14-11-31 1210
2020-07-13_14-11-31 1210
2020-07-13_14-11-31 1210
2020-07-13_14-11-31 1210
2020-07-13_14-11-31 1200
2020-07-13_14-11-31 1200
2020-07-13_14-11-31 1200
2020-07-13_14-11-31 1200
2020-07-13_14-11-31 1200
2020-07-13_14-11-31 1200
2020-07-13_14-11-31 1210
2020-07-13_14-11-31 1210
2020-07-13_14-11-31 1210
2020-07-13_14-11-31 1210
2020-07-13_14-11-31 1210
2020-07-13_14-11-31 1210
2020-07-13_14-11-31 1210
2020-07-13_14-11-31 1210
2020-07-13_14-11-31 1200
2020-07-13_14-11-31 1200
2020-07-13_14-11-31 1200
2020-07-13_14-11-31 1200
2020-07-13_14-11-31 1200
2020-07-13_14-11-31 1200
2020-07-13_14-11-31 1210
2020-07-13_14-11-31 1210
2020-07-13_14-11-31 1210
2020-07-13_14-11-31 1210
2020-07-13_14-11-31 1200
2020-07-13_14-11-31 1200
2020-07-13_14-11-31 1200
2020-07-13_14-11-31 1200
2020-07-13_14-11-31 1200
2020-07-13_14-11-31 1200
2020-07-13_14-11-31 1210
2020-07-13_14-11-32 1210
2020-07-13_14-11-32 1210
2020-07-13_14-11-32 1210
2020-07-13_14-11-32 1210
2020-07-13_14-11-32 1210
2020-07-13_14-11-32 1210
2020-07-13_14-11-32 1210
2020-07-13_14-11-32 1210
2020-07-13_14-11-32 1210
2020-07-13_14-11-32 1210
2020-07-13_14-11-32 1210
2020-07-13_14-11-32 1210
2020-07-13_14-11-32 1210
2020-07-13_14-11-32 1210
2020-07-13_14-11-32 1210
2020-07-13_14-11-32 1210
2020-07-13_14-11-32 1210
2020-07-13_14-11-32 1210
2020-07-13_14-11-32 1210
2020-07-13_14-11-32 1210
2020-07-13_14-11-32 1210
2020-07-13_14-11-32 1210
2020-07-13_14-11-32 1210
2020-07-13_14-11-32 1210
2020-07-13_14-11-32 1210
2020-07-13_14-11-32 1210
2020-07-13_14-11-32 1210
2020-07-13_14-11-32 1210
2020-07-13_14-11-32 1210
2020-07-13_14-11-32 1210
2020-07-13_14-11-32 1210
2020-07-13_14-11-32 1210
2020-07-13_14-11-32 1210
2020-07-13_14-11-32 1210
2020-07-13_14-11-32 1210
2020-07-13_14-11-32 1210
2020-07-13_14-11-32 1210
