2020-07-13_14-11-22 1360
2020-07-13_14-11-22 2020
2020-07-13_14-11-22 1920
2020-07-13_14-11-22 1900
2020-07-13_14-11-22 2030
2020-07-13_14-11-22 1980
2020-07-13_14-11-22 2330
2020-07-13_14-11-22 5050
2020-07-13_14-11-22 4920
2020-07-13_14-11-22 4870
2020-07-13_14-11-22 4900
2020-07-13_14-11-22 4900
2020-07-13_14-11-22 4880
2020-07-13_14-11-22 4880
2020-07-13_14-11-22 4890
2020-07-13_14-11-22 4900
2020-07-13_14-11-22 4880
2020-07-13_14-11-22 4910
2020-07-13_14-11-22 4900
2020-07-13_14-11-22 4900
2020-07-13_14-11-22 4910
2020-07-13_14-11-22 4910
2020-07-13_14-11-22 4900
2020-07-13_14-11-22 4910
2020-07-13_14-11-22 4910
2020-07-13_14-11-22 4900
2020-07-13_14-11-22 4900
2020-07-13_14-11-22 4890
2020-07-13_14-11-22 4910
2020-07-13_14-11-22 4910
2020-07-13_14-11-22 4900
2020-07-13_14-11-22 4900
2020-07-13_14-11-22 4900
2020-07-13_14-11-22 4900
2020-07-13_14-11-22 4910
2020-07-13_14-11-22 4900
2020-07-13_14-11-22 4900
2020-07-13_14-11-22 4900
2020-07-13_14-11-22 4900
2020-07-13_14-11-22 4910
2020-07-13_14-11-22 4910
2020-07-13_14-11-22 4900
2020-07-13_14-11-22 4900
2020-07-13_14-11-22 4910
2020-07-13_14-11-22 4920
2020-07-13_14-11-22 4910
2020-07-13_14-11-22 4900
2020-07-13_14-11-22 4900
2020-07-13_14-11-22 4900
2020-07-13_14-11-22 4900
2020-07-13_14-11-22 4900
2020-07-13_14-11-22 4900
2020-07-13_14-11-22 4900
2020-07-13_14-11-22 4910
2020-07-13_14-11-22 4910
2020-07-13_14-11-22 4900
2020-07-13_14-11-22 4890
2020-07-13_14-11-22 4900
2020-07-13_14-11-22 4910
2020-07-13_14-11-22 4900
2020-07-13_14-11-22 4890
2020-07-13_14-11-22 4900
2020-07-13_14-11-22 4900
2020-07-13_14-11-22 4900
2020-07-13_14-11-22 4900
2020-07-13_14-11-22 4900
2020-07-13_14-11-22 4900
2020-07-13_14-11-22 4900
2020-07-13_14-11-22 4900
2020-07-13_14-11-22 4810
2020-07-13_14-11-22 4810
2020-07-13_14-11-22 4810
2020-07-13_14-11-22 4810
2020-07-13_14-11-22 4810
2020-07-13_14-11-22 4810
2020-07-13_14-11-22 4810
2020-07-13_14-11-22 4810
2020-07-13_14-11-22 4810
2020-07-13_14-11-22 4810
2020-07-13_14-11-22 4810
2020-07-13_14-11-22 4810
2020-07-13_14-11-22 4820
2020-07-13_14-11-22 4820
2020-07-13_14-11-22 4810
2020-07-13_14-11-22 4810
2020-07-13_14-11-22 4810
2020-07-13_14-11-22 4810
2020-07-13_14-11-22 4810
