2020-07-13_14-11-09 1960
2020-07-13_14-11-09 2250
2020-07-13_14-11-09 2370
2020-07-13_14-11-09 2430
2020-07-13_14-11-09 2440
2020-07-13_14-11-09 2400
2020-07-13_14-11-09 2380
2020-07-13_14-11-09 2380
2020-07-13_14-11-10 2390
2020-07-13_14-11-10 2400
2020-07-13_14-11-10 2410
2020-07-13_14-11-10 2400
2020-07-13_14-11-10 2390
2020-07-13_14-11-10 2390
2020-07-13_14-11-10 2390
2020-07-13_14-11-10 2390
2020-07-13_14-11-10 2380
2020-07-13_14-11-10 2380
2020-07-13_14-11-10 2380
2020-07-13_14-11-10 2380
2020-07-13_14-11-10 2380
2020-07-13_14-11-10 2000
2020-07-13_14-11-10 1580
2020-07-13_14-11-10 1160
2020-07-13_14-11-10 1120
2020-07-13_14-11-10 1110
2020-07-13_14-11-10 1030
