2020-07-13_14-09-56 770
2020-07-13_14-09-56 910
2020-07-13_14-09-56 1060
2020-07-13_14-09-56 1160
2020-07-13_14-09-56 1210
2020-07-13_14-09-56 1220
2020-07-13_14-09-56 1210
2020-07-13_14-09-56 1200
2020-07-13_14-09-56 1190
2020-07-13_14-09-56 1190
2020-07-13_14-09-56 1190
2020-07-13_14-09-56 1200
2020-07-13_14-09-56 1190
2020-07-13_14-09-56 1190
2020-07-13_14-09-56 1180
2020-07-13_14-09-56 1190
2020-07-13_14-09-56 1190
2020-07-13_14-09-56 1190
2020-07-13_14-09-56 1190
2020-07-13_14-09-56 1200
2020-07-13_14-09-56 1200
2020-07-13_14-09-56 1190
2020-07-13_14-09-56 1190
2020-07-13_14-09-56 1190
2020-07-13_14-09-56 1190
2020-07-13_14-09-56 1160
2020-07-13_14-09-56 1020
2020-07-13_14-09-56 800
