2020-07-13_14-11-25 1510
2020-07-13_14-11-25 2260
2020-07-13_14-11-25 2280
2020-07-13_14-11-25 2200
2020-07-13_14-11-25 4630
2020-07-13_14-11-25 4500
2020-07-13_14-11-25 5040
2020-07-13_14-11-25 8520
2020-07-13_14-11-25 8780
2020-07-13_14-11-25 8850
2020-07-13_14-11-25 8750
2020-07-13_14-11-25 8880
2020-07-13_14-11-25 9010
2020-07-13_14-11-25 12120
2020-07-13_14-11-25 12890
2020-07-13_14-11-25 12880
2020-07-13_14-11-25 12900
2020-07-13_14-11-25 12910
2020-07-13_14-11-25 12910
2020-07-13_14-11-25 12910
2020-07-13_14-11-25 12900
2020-07-13_14-11-25 12940
2020-07-13_14-11-25 12940
2020-07-13_14-11-25 12960
2020-07-13_14-11-25 12900
2020-07-13_14-11-25 12880
2020-07-13_14-11-25 12920
2020-07-13_14-11-25 12900
2020-07-13_14-11-25 12920
2020-07-13_14-11-25 12910
2020-07-13_14-11-25 12910
2020-07-13_14-11-25 12910
2020-07-13_14-11-25 12910
2020-07-13_14-11-25 12900
2020-07-13_14-11-25 12910
2020-07-13_14-11-25 12910
2020-07-13_14-11-25 12920
2020-07-13_14-11-25 12920
2020-07-13_14-11-25 12920
2020-07-13_14-11-25 12920
2020-07-13_14-11-25 12910
2020-07-13_14-11-25 12910
2020-07-13_14-11-25 12900
2020-07-13_14-11-25 12910
2020-07-13_14-11-25 12910
2020-07-13_14-11-25 12900
2020-07-13_14-11-25 12910
2020-07-13_14-11-25 12920
2020-07-13_14-11-25 12900
2020-07-13_14-11-25 12880
2020-07-13_14-11-25 12900
2020-07-13_14-11-25 12920
2020-07-13_14-11-25 12880
2020-07-13_14-11-25 12830
2020-07-13_14-11-25 12800
2020-07-13_14-11-25 12790
2020-07-13_14-11-25 12790
2020-07-13_14-11-25 12800
2020-07-13_14-11-25 12800
2020-07-13_14-11-25 12800
2020-07-13_14-11-25 12790
2020-07-13_14-11-25 12800
2020-07-13_14-11-25 12800
2020-07-13_14-11-25 12800
2020-07-13_14-11-25 12800
2020-07-13_14-11-25 12800
2020-07-13_14-11-25 12800
2020-07-13_14-11-25 12790
2020-07-13_14-11-25 12790
2020-07-13_14-11-25 12790
2020-07-13_14-11-25 12800
2020-07-13_14-11-25 12800
2020-07-13_14-11-25 12800
2020-07-13_14-11-25 12800
2020-07-13_14-11-25 12800
2020-07-13_14-11-25 12800
2020-07-13_14-11-25 12800
2020-07-13_14-11-25 12790
2020-07-13_14-11-25 12800
2020-07-13_14-11-25 12800
2020-07-13_14-11-25 12800
2020-07-13_14-11-25 12790
2020-07-13_14-11-25 12790
2020-07-13_14-11-25 12790
2020-07-13_14-11-25 12790
2020-07-13_14-11-25 12790
2020-07-13_14-11-25 12790
2020-07-13_14-11-25 12800
2020-07-13_14-11-25 12810
2020-07-13_14-11-25 12800
2020-07-13_14-11-25 12800
2020-07-13_14-11-25 12790
2020-07-13_14-11-25 12800
2020-07-13_14-11-25 12800
2020-07-13_14-11-25 12800
2020-07-13_14-11-25 12790
2020-07-13_14-11-25 12800
2020-07-13_14-11-25 12790
2020-07-13_14-11-25 12790
2020-07-13_14-11-25 12790
2020-07-13_14-11-25 12790
2020-07-13_14-11-25 12800
2020-07-13_14-11-25 12810
2020-07-13_14-11-25 12800
2020-07-13_14-11-25 12780
2020-07-13_14-11-25 12790
2020-07-13_14-11-25 12790
2020-07-13_14-11-25 12790
2020-07-13_14-11-25 12790
2020-07-13_14-11-25 12790
2020-07-13_14-11-25 12790
2020-07-13_14-11-25 12800
2020-07-13_14-11-25 12800
2020-07-13_14-11-25 12790
2020-07-13_14-11-25 12790
2020-07-13_14-11-25 12800
2020-07-13_14-11-25 12800
2020-07-13_14-11-25 12800
2020-07-13_14-11-25 12800
2020-07-13_14-11-25 12800
2020-07-13_14-11-25 12790
2020-07-13_14-11-25 4580
2020-07-13_14-11-25 4580
2020-07-13_14-11-25 4550
2020-07-13_14-11-25 4490
2020-07-13_14-11-25 4580
2020-07-13_14-11-25 4620
2020-07-13_14-11-25 6200
2020-07-13_14-11-25 7630
2020-07-13_14-11-25 8720
2020-07-13_14-11-25 8750
2020-07-13_14-11-25 8830
2020-07-13_14-11-25 8680
2020-07-13_14-11-25 8720
2020-07-13_14-11-25 8830
2020-07-13_14-11-25 8740
2020-07-13_14-11-25 8760
2020-07-13_14-11-25 8840
2020-07-13_14-11-25 8800
2020-07-13_14-11-25 8790
2020-07-13_14-11-25 8880
2020-07-13_14-11-25 8800
2020-07-13_14-11-25 8780
2020-07-13_14-11-25 9740
2020-07-13_14-11-25 10950
2020-07-13_14-11-25 12790
2020-07-13_14-11-25 12920
2020-07-13_14-11-25 12910
2020-07-13_14-11-25 12920
2020-07-13_14-11-25 12860
2020-07-13_14-11-25 12950
2020-07-13_14-11-25 12930
2020-07-13_14-11-25 12910
2020-07-13_14-11-25 12910
2020-07-13_14-11-25 12890
2020-07-13_14-11-25 12900
2020-07-13_14-11-25 12920
2020-07-13_14-11-25 12860
2020-07-13_14-11-25 12920
2020-07-13_14-11-25 12890
2020-07-13_14-11-25 12880
2020-07-13_14-11-25 12950
2020-07-13_14-11-25 12890
2020-07-13_14-11-25 12870
2020-07-13_14-11-25 12940
2020-07-13_14-11-25 12920
2020-07-13_14-11-25 12880
2020-07-13_14-11-25 12960
2020-07-13_14-11-25 12940
2020-07-13_14-11-25 12890
2020-07-13_14-11-25 12930
2020-07-13_14-11-25 12900
2020-07-13_14-11-25 12910
2020-07-13_14-11-25 12910
2020-07-13_14-11-25 12910
2020-07-13_14-11-25 12910
2020-07-13_14-11-25 12900
2020-07-13_14-11-25 12910
2020-07-13_14-11-25 12910
2020-07-13_14-11-25 12910
2020-07-13_14-11-25 12920
2020-07-13_14-11-25 12920
2020-07-13_14-11-25 12920
2020-07-13_14-11-25 12910
2020-07-13_14-11-25 12910
2020-07-13_14-11-25 12900
2020-07-13_14-11-25 12910
2020-07-13_14-11-25 12910
2020-07-13_14-11-25 12910
2020-07-13_14-11-25 12910
2020-07-13_14-11-25 12900
2020-07-13_14-11-25 12910
2020-07-13_14-11-25 12890
2020-07-13_14-11-25 12900
2020-07-13_14-11-25 12910
2020-07-13_14-11-25 12920
2020-07-13_14-11-25 12900
2020-07-13_14-11-25 12890
2020-07-13_14-11-25 12920
2020-07-13_14-11-25 12900
2020-07-13_14-11-25 12850
2020-07-13_14-11-25 12800
2020-07-13_14-11-25 12790
2020-07-13_14-11-25 12790
2020-07-13_14-11-25 12790
2020-07-13_14-11-25 12790
2020-07-13_14-11-25 12790
2020-07-13_14-11-25 12800
2020-07-13_14-11-25 12800
2020-07-13_14-11-25 12800
2020-07-13_14-11-25 12790
2020-07-13_14-11-25 12790
2020-07-13_14-11-25 12790
2020-07-13_14-11-25 12790
2020-07-13_14-11-25 12800
2020-07-13_14-11-25 12800
2020-07-13_14-11-25 12800
2020-07-13_14-11-25 12800
2020-07-13_14-11-25 12800
2020-07-13_14-11-25 12800
2020-07-13_14-11-25 12790
2020-07-13_14-11-25 12790
2020-07-13_14-11-25 12800
2020-07-13_14-11-25 12800
2020-07-13_14-11-25 12800
2020-07-13_14-11-25 12790
2020-07-13_14-11-25 12790
2020-07-13_14-11-25 12790
2020-07-13_14-11-25 12790
2020-07-13_14-11-25 12790
2020-07-13_14-11-25 12790
2020-07-13_14-11-25 12790
2020-07-13_14-11-25 12800
2020-07-13_14-11-25 12800
2020-07-13_14-11-25 12800
2020-07-13_14-11-25 12790
2020-07-13_14-11-25 12790
2020-07-13_14-11-25 12800
2020-07-13_14-11-25 12800
2020-07-13_14-11-25 12800
2020-07-13_14-11-25 12790
2020-07-13_14-11-25 12790
2020-07-13_14-11-25 12800
2020-07-13_14-11-25 12800
2020-07-13_14-11-26 12790
2020-07-13_14-11-26 12790
2020-07-13_14-11-26 12790
2020-07-13_14-11-26 12800
2020-07-13_14-11-26 12800
2020-07-13_14-11-26 12800
2020-07-13_14-11-26 12790
2020-07-13_14-11-26 12790
2020-07-13_14-11-26 12790
2020-07-13_14-11-26 12790
2020-07-13_14-11-26 12790
2020-07-13_14-11-26 12790
2020-07-13_14-11-26 12790
2020-07-13_14-11-26 12800
2020-07-13_14-11-26 12790
2020-07-13_14-11-26 12790
2020-07-13_14-11-26 12790
2020-07-13_14-11-26 12800
2020-07-13_14-11-26 12800
2020-07-13_14-11-26 12800
2020-07-13_14-11-26 12790
2020-07-13_14-11-26 12800
2020-07-13_14-11-26 12800
2020-07-13_14-11-26 12800
2020-07-13_14-11-26 12800
2020-07-13_14-11-26 12800
2020-07-13_14-11-26 12800
2020-07-13_14-11-26 12800
2020-07-13_14-11-26 12800
2020-07-13_14-11-26 12800
2020-07-13_14-11-26 12800
2020-07-13_14-11-26 12800
2020-07-13_14-11-26 12800
2020-07-13_14-11-26 12800
2020-07-13_14-11-26 12800
2020-07-13_14-11-26 12800
2020-07-13_14-11-26 12800
2020-07-13_14-11-26 12800
2020-07-13_14-11-26 12800
2020-07-13_14-11-26 12800
2020-07-13_14-11-26 12800
2020-07-13_14-11-26 12790
2020-07-13_14-11-26 12790
2020-07-13_14-11-26 12790
2020-07-13_14-11-26 12790
2020-07-13_14-11-26 12790
2020-07-13_14-11-26 12790
2020-07-13_14-11-26 12790
2020-07-13_14-11-26 12790
2020-07-13_14-11-26 12790
2020-07-13_14-11-26 12790
2020-07-13_14-11-26 12790
2020-07-13_14-11-26 12790
2020-07-13_14-11-26 12800
2020-07-13_14-11-26 12800
2020-07-13_14-11-26 12800
2020-07-13_14-11-26 12800
2020-07-13_14-11-26 12790
2020-07-13_14-11-26 12790
2020-07-13_14-11-26 12790
2020-07-13_14-11-26 12790
2020-07-13_14-11-26 12790
2020-07-13_14-11-26 12790
2020-07-13_14-11-26 12790
2020-07-13_14-11-26 12790
2020-07-13_14-11-26 12790
2020-07-13_14-11-26 12790
2020-07-13_14-11-26 12790
2020-07-13_14-11-26 12800
2020-07-13_14-11-26 12800
2020-07-13_14-11-26 12790
2020-07-13_14-11-26 12800
2020-07-13_14-11-26 12790
2020-07-13_14-11-26 12790
2020-07-13_14-11-26 12800
2020-07-13_14-11-26 12800
2020-07-13_14-11-26 12790
2020-07-13_14-11-26 12790
2020-07-13_14-11-26 12800
2020-07-13_14-11-26 12800
2020-07-13_14-11-26 12800
2020-07-13_14-11-26 12800
2020-07-13_14-11-26 12800
2020-07-13_14-11-26 12800
2020-07-13_14-11-26 12800
2020-07-13_14-11-26 12790
2020-07-13_14-11-26 12790
2020-07-13_14-11-26 12790
2020-07-13_14-11-26 12790
2020-07-13_14-11-26 12790
2020-07-13_14-11-26 12790
2020-07-13_14-11-26 12790
2020-07-13_14-11-26 12790
2020-07-13_14-11-26 12790
2020-07-13_14-11-26 12790
2020-07-13_14-11-26 12790
2020-07-13_14-11-26 12790
2020-07-13_14-11-26 12790
2020-07-13_14-11-26 12790
2020-07-13_14-11-26 12790
2020-07-13_14-11-26 12790
2020-07-13_14-11-26 12790
2020-07-13_14-11-26 12790
2020-07-13_14-11-26 12790
2020-07-13_14-11-26 12790
2020-07-13_14-11-26 12790
2020-07-13_14-11-26 12790
2020-07-13_14-11-26 12790
2020-07-13_14-11-26 12790
2020-07-13_14-11-26 12800
2020-07-13_14-11-26 12800
2020-07-13_14-11-26 12800
2020-07-13_14-11-26 12800
2020-07-13_14-11-26 12800
2020-07-13_14-11-26 12790
2020-07-13_14-11-26 12780
2020-07-13_14-11-26 12790
2020-07-13_14-11-26 12800
2020-07-13_14-11-26 12800
2020-07-13_14-11-26 12800
2020-07-13_14-11-26 12790
2020-07-13_14-11-26 12790
2020-07-13_14-11-26 12790
2020-07-13_14-11-26 12800
2020-07-13_14-11-26 12800
2020-07-13_14-11-26 12800
2020-07-13_14-11-26 12790
2020-07-13_14-11-26 12790
2020-07-13_14-11-26 12790
2020-07-13_14-11-26 12790
2020-07-13_14-11-26 12790
2020-07-13_14-11-26 12790
2020-07-13_14-11-26 12790
2020-07-13_14-11-26 12790
2020-07-13_14-11-26 12790
2020-07-13_14-11-26 12790
2020-07-13_14-11-26 12790
2020-07-13_14-11-26 12800
2020-07-13_14-11-26 12800
2020-07-13_14-11-26 12780
2020-07-13_14-11-26 12780
2020-07-13_14-11-26 12780
2020-07-13_14-11-26 12780
2020-07-13_14-11-26 12790
2020-07-13_14-11-26 12790
2020-07-13_14-11-26 12790
2020-07-13_14-11-26 12790
2020-07-13_14-11-26 12790
2020-07-13_14-11-26 12790
2020-07-13_14-11-26 12790
2020-07-13_14-11-26 12790
2020-07-13_14-11-26 12790
2020-07-13_14-11-26 12790
2020-07-13_14-11-26 12790
2020-07-13_14-11-26 12790
2020-07-13_14-11-26 12790
2020-07-13_14-11-26 12790
2020-07-13_14-11-26 12790
2020-07-13_14-11-26 12790
2020-07-13_14-11-26 12790
2020-07-13_14-11-26 12790
2020-07-13_14-11-26 12790
2020-07-13_14-11-26 12790
2020-07-13_14-11-26 12790
2020-07-13_14-11-26 12790
2020-07-13_14-11-26 12790
2020-07-13_14-11-26 12790
2020-07-13_14-11-26 12790
2020-07-13_14-11-26 12790
2020-07-13_14-11-26 12790
2020-07-13_14-11-26 12790
2020-07-13_14-11-26 12790
2020-07-13_14-11-26 12790
2020-07-13_14-11-26 12790
2020-07-13_14-11-26 12790
2020-07-13_14-11-26 12790
2020-07-13_14-11-26 12790
2020-07-13_14-11-26 12790
2020-07-13_14-11-26 12790
2020-07-13_14-11-26 12790
2020-07-13_14-11-26 12790
2020-07-13_14-11-26 12800
2020-07-13_14-11-26 12800
2020-07-13_14-11-26 12800
2020-07-13_14-11-26 12800
2020-07-13_14-11-26 12800
2020-07-13_14-11-26 12800
2020-07-13_14-11-26 12800
2020-07-13_14-11-26 12800
2020-07-13_14-11-26 12800
2020-07-13_14-11-26 12800
2020-07-13_14-11-26 12800
2020-07-13_14-11-26 12800
2020-07-13_14-11-26 12800
2020-07-13_14-11-26 12790
2020-07-13_14-11-26 12790
2020-07-13_14-11-26 12800
2020-07-13_14-11-26 12800
2020-07-13_14-11-26 12790
2020-07-13_14-11-26 12790
2020-07-13_14-11-26 12790
2020-07-13_14-11-26 12800
2020-07-13_14-11-26 12800
2020-07-13_14-11-26 12800
2020-07-13_14-11-26 12790
2020-07-13_14-11-26 12790
2020-07-13_14-11-26 12800
2020-07-13_14-11-26 12800
2020-07-13_14-11-26 12800
2020-07-13_14-11-26 12800
2020-07-13_14-11-26 12800
2020-07-13_14-11-26 12800
2020-07-13_14-11-26 12800
2020-07-13_14-11-26 12800
2020-07-13_14-11-26 12790
2020-07-13_14-11-26 12780
2020-07-13_14-11-26 12790
2020-07-13_14-11-26 12790
2020-07-13_14-11-26 12780
2020-07-13_14-11-26 12790
2020-07-13_14-11-26 12800
2020-07-13_14-11-26 12790
2020-07-13_14-11-26 12800
2020-07-13_14-11-26 12790
2020-07-13_14-11-26 12790
2020-07-13_14-11-26 12790
2020-07-13_14-11-26 12800
2020-07-13_14-11-26 12800
2020-07-13_14-11-26 12800
2020-07-13_14-11-26 12800
2020-07-13_14-11-26 12800
2020-07-13_14-11-26 12800
2020-07-13_14-11-26 12800
2020-07-13_14-11-26 12790
2020-07-13_14-11-26 12790
2020-07-13_14-11-26 12790
2020-07-13_14-11-26 12790
2020-07-13_14-11-26 12800
2020-07-13_14-11-26 12790
2020-07-13_14-11-26 12790
2020-07-13_14-11-26 12800
2020-07-13_14-11-26 12790
2020-07-13_14-11-26 12790
2020-07-13_14-11-26 12790
2020-07-13_14-11-26 12790
2020-07-13_14-11-26 12790
2020-07-13_14-11-26 12800
2020-07-13_14-11-26 12790
2020-07-13_14-11-26 12790
2020-07-13_14-11-26 12790
2020-07-13_14-11-26 12790
2020-07-13_14-11-26 12790
2020-07-13_14-11-26 12790
2020-07-13_14-11-26 12790
2020-07-13_14-11-26 12790
2020-07-13_14-11-26 12790
2020-07-13_14-11-26 12790
2020-07-13_14-11-26 12790
2020-07-13_14-11-26 12790
2020-07-13_14-11-26 12790
2020-07-13_14-11-26 12790
2020-07-13_14-11-26 12790
2020-07-13_14-11-26 12790
2020-07-13_14-11-26 12790
2020-07-13_14-11-26 12790
2020-07-13_14-11-26 12800
2020-07-13_14-11-26 12800
2020-07-13_14-11-26 12800
2020-07-13_14-11-26 12800
2020-07-13_14-11-26 12810
2020-07-13_14-11-26 12800
2020-07-13_14-11-26 12790
2020-07-13_14-11-26 12790
2020-07-13_14-11-26 12790
2020-07-13_14-11-26 12790
2020-07-13_14-11-26 12790
2020-07-13_14-11-26 12800
2020-07-13_14-11-26 12790
2020-07-13_14-11-26 12800
2020-07-13_14-11-26 12800
2020-07-13_14-11-26 12800
2020-07-13_14-11-26 12800
2020-07-13_14-11-26 12790
2020-07-13_14-11-26 12790
2020-07-13_14-11-26 12790
2020-07-13_14-11-26 12790
2020-07-13_14-11-26 12790
2020-07-13_14-11-26 12790
2020-07-13_14-11-26 12800
2020-07-13_14-11-26 12800
2020-07-13_14-11-26 12800
2020-07-13_14-11-26 12800
2020-07-13_14-11-26 12790
2020-07-13_14-11-26 12790
2020-07-13_14-11-26 12790
2020-07-13_14-11-26 12790
2020-07-13_14-11-26 12790
2020-07-13_14-11-26 12800
2020-07-13_14-11-26 12800
2020-07-13_14-11-26 12800
2020-07-13_14-11-26 12800
2020-07-13_14-11-26 12800
2020-07-13_14-11-26 12790
2020-07-13_14-11-26 12790
2020-07-13_14-11-26 12790
2020-07-13_14-11-26 12790
2020-07-13_14-11-26 12790
2020-07-13_14-11-26 12790
2020-07-13_14-11-26 12790
2020-07-13_14-11-26 12790
2020-07-13_14-11-26 12790
2020-07-13_14-11-26 12790
2020-07-13_14-11-26 12790
2020-07-13_14-11-26 12790
2020-07-13_14-11-26 12800
2020-07-13_14-11-26 12800
2020-07-13_14-11-26 12790
2020-07-13_14-11-26 12790
2020-07-13_14-11-26 12790
2020-07-13_14-11-26 12790
2020-07-13_14-11-26 12800
2020-07-13_14-11-26 12800
2020-07-13_14-11-26 12800
2020-07-13_14-11-26 12800
2020-07-13_14-11-26 12800
2020-07-13_14-11-26 12800
2020-07-13_14-11-26 12790
2020-07-13_14-11-26 12790
2020-07-13_14-11-26 12790
2020-07-13_14-11-26 12790
2020-07-13_14-11-26 12790
2020-07-13_14-11-26 12790
2020-07-13_14-11-26 12790
2020-07-13_14-11-26 12790
2020-07-13_14-11-26 12800
2020-07-13_14-11-26 12800
2020-07-13_14-11-26 12790
2020-07-13_14-11-26 12790
2020-07-13_14-11-26 12790
2020-07-13_14-11-26 12790
2020-07-13_14-11-26 12790
2020-07-13_14-11-26 12790
2020-07-13_14-11-26 12800
2020-07-13_14-11-26 12800
2020-07-13_14-11-26 12800
2020-07-13_14-11-26 12790
2020-07-13_14-11-26 12790
2020-07-13_14-11-26 12790
2020-07-13_14-11-26 12790
2020-07-13_14-11-26 12790
2020-07-13_14-11-26 12800
2020-07-13_14-11-26 12800
2020-07-13_14-11-26 12790
2020-07-13_14-11-26 12780
2020-07-13_14-11-26 12790
2020-07-13_14-11-26 12790
2020-07-13_14-11-26 12790
2020-07-13_14-11-26 12800
2020-07-13_14-11-26 12800
2020-07-13_14-11-26 12800
2020-07-13_14-11-26 12800
2020-07-13_14-11-26 12800
2020-07-13_14-11-26 12800
2020-07-13_14-11-26 12800
2020-07-13_14-11-26 12790
2020-07-13_14-11-26 12800
2020-07-13_14-11-26 12800
2020-07-13_14-11-26 12800
2020-07-13_14-11-26 12800
2020-07-13_14-11-26 12800
2020-07-13_14-11-26 12800
2020-07-13_14-11-26 12800
2020-07-13_14-11-26 12800
2020-07-13_14-11-26 12790
2020-07-13_14-11-26 12790
2020-07-13_14-11-26 12790
2020-07-13_14-11-26 12790
2020-07-13_14-11-26 12800
2020-07-13_14-11-26 12800
2020-07-13_14-11-26 12800
2020-07-13_14-11-26 12800
2020-07-13_14-11-26 12790
2020-07-13_14-11-26 12790
2020-07-13_14-11-26 12790
2020-07-13_14-11-26 12790
2020-07-13_14-11-26 12790
2020-07-13_14-11-26 12790
2020-07-13_14-11-26 12790
2020-07-13_14-11-26 12800
2020-07-13_14-11-26 12790
2020-07-13_14-11-26 12790
2020-07-13_14-11-26 12800
2020-07-13_14-11-26 12800
2020-07-13_14-11-26 12800
2020-07-13_14-11-26 12800
2020-07-13_14-11-26 12800
2020-07-13_14-11-26 12800
2020-07-13_14-11-26 12800
2020-07-13_14-11-26 12800
2020-07-13_14-11-26 12800
2020-07-13_14-11-26 12800
2020-07-13_14-11-26 12800
2020-07-13_14-11-26 12800
2020-07-13_14-11-26 12800
2020-07-13_14-11-26 12800
2020-07-13_14-11-26 12800
2020-07-13_14-11-26 12800
2020-07-13_14-11-26 12800
2020-07-13_14-11-26 12800
2020-07-13_14-11-26 12800
2020-07-13_14-11-26 12800
2020-07-13_14-11-26 12800
2020-07-13_14-11-26 12800
2020-07-13_14-11-26 12800
2020-07-13_14-11-26 12800
2020-07-13_14-11-26 12800
2020-07-13_14-11-26 12800
2020-07-13_14-11-26 12800
2020-07-13_14-11-26 12800
2020-07-13_14-11-26 12800
2020-07-13_14-11-26 12800
2020-07-13_14-11-26 12800
2020-07-13_14-11-26 12800
2020-07-13_14-11-26 12800
2020-07-13_14-11-26 12800
2020-07-13_14-11-26 12800
2020-07-13_14-11-26 12800
2020-07-13_14-11-26 12800
2020-07-13_14-11-26 12800
2020-07-13_14-11-26 12800
2020-07-13_14-11-26 12800
2020-07-13_14-11-26 12800
2020-07-13_14-11-26 12800
2020-07-13_14-11-26 12790
2020-07-13_14-11-26 12790
2020-07-13_14-11-26 12790
2020-07-13_14-11-26 12800
2020-07-13_14-11-26 12800
2020-07-13_14-11-26 12800
2020-07-13_14-11-26 12800
2020-07-13_14-11-26 12800
2020-07-13_14-11-26 12800
2020-07-13_14-11-26 12800
2020-07-13_14-11-26 12800
2020-07-13_14-11-26 12800
2020-07-13_14-11-26 12800
2020-07-13_14-11-26 12800
2020-07-13_14-11-26 12800
2020-07-13_14-11-26 12800
2020-07-13_14-11-26 12800
2020-07-13_14-11-26 12800
2020-07-13_14-11-26 12800
2020-07-13_14-11-26 12800
2020-07-13_14-11-26 12800
2020-07-13_14-11-26 12800
2020-07-13_14-11-26 12800
2020-07-13_14-11-26 12800
2020-07-13_14-11-26 12800
2020-07-13_14-11-26 12790
2020-07-13_14-11-26 12790
2020-07-13_14-11-26 12790
2020-07-13_14-11-26 12790
2020-07-13_14-11-26 12790
2020-07-13_14-11-26 12790
2020-07-13_14-11-26 12790
2020-07-13_14-11-26 12790
2020-07-13_14-11-26 12790
2020-07-13_14-11-26 12790
2020-07-13_14-11-26 12790
2020-07-13_14-11-26 12790
2020-07-13_14-11-26 12800
2020-07-13_14-11-26 12790
2020-07-13_14-11-26 12790
2020-07-13_14-11-26 12790
2020-07-13_14-11-26 12790
2020-07-13_14-11-26 12790
2020-07-13_14-11-26 12790
2020-07-13_14-11-26 12790
2020-07-13_14-11-26 12790
2020-07-13_14-11-26 12800
2020-07-13_14-11-26 12790
2020-07-13_14-11-26 12790
2020-07-13_14-11-26 12800
2020-07-13_14-11-26 12790
2020-07-13_14-11-26 12800
2020-07-13_14-11-26 12800
2020-07-13_14-11-26 12800
2020-07-13_14-11-26 12800
2020-07-13_14-11-26 12790
2020-07-13_14-11-26 12790
2020-07-13_14-11-26 12790
2020-07-13_14-11-26 12790
2020-07-13_14-11-26 12790
2020-07-13_14-11-26 12790
2020-07-13_14-11-26 12790
2020-07-13_14-11-26 12790
2020-07-13_14-11-26 12790
2020-07-13_14-11-26 12790
2020-07-13_14-11-26 12790
2020-07-13_14-11-26 12790
2020-07-13_14-11-26 12800
2020-07-13_14-11-26 12800
2020-07-13_14-11-26 12790
2020-07-13_14-11-26 12800
2020-07-13_14-11-26 12800
2020-07-13_14-11-26 12790
2020-07-13_14-11-26 12790
2020-07-13_14-11-26 12790
2020-07-13_14-11-26 12790
2020-07-13_14-11-26 12800
2020-07-13_14-11-26 12790
2020-07-13_14-11-26 12790
2020-07-13_14-11-26 12790
2020-07-13_14-11-26 12790
2020-07-13_14-11-26 12800
2020-07-13_14-11-26 12790
2020-07-13_14-11-26 12780
2020-07-13_14-11-26 12790
2020-07-13_14-11-26 12790
2020-07-13_14-11-26 12790
2020-07-13_14-11-26 12790
2020-07-13_14-11-26 12790
2020-07-13_14-11-26 12790
2020-07-13_14-11-26 12790
2020-07-13_14-11-26 12790
2020-07-13_14-11-26 12790
2020-07-13_14-11-26 12790
2020-07-13_14-11-26 12790
2020-07-13_14-11-26 12790
2020-07-13_14-11-26 12790
2020-07-13_14-11-26 12790
2020-07-13_14-11-26 12790
2020-07-13_14-11-26 12790
2020-07-13_14-11-26 12790
2020-07-13_14-11-26 12790
2020-07-13_14-11-26 12790
2020-07-13_14-11-26 12790
2020-07-13_14-11-26 12790
2020-07-13_14-11-26 12790
2020-07-13_14-11-26 12790
2020-07-13_14-11-26 12790
2020-07-13_14-11-26 12800
2020-07-13_14-11-26 12790
2020-07-13_14-11-26 12800
2020-07-13_14-11-26 12800
2020-07-13_14-11-26 12800
2020-07-13_14-11-26 12800
2020-07-13_14-11-26 12800
2020-07-13_14-11-26 12800
2020-07-13_14-11-26 12800
2020-07-13_14-11-26 12800
2020-07-13_14-11-26 12800
2020-07-13_14-11-26 12800
2020-07-13_14-11-26 12800
2020-07-13_14-11-26 12800
2020-07-13_14-11-26 12800
2020-07-13_14-11-26 12800
2020-07-13_14-11-26 12800
2020-07-13_14-11-26 12800
2020-07-13_14-11-26 12800
2020-07-13_14-11-26 12800
2020-07-13_14-11-26 12790
2020-07-13_14-11-26 12790
2020-07-13_14-11-26 12790
2020-07-13_14-11-26 12800
2020-07-13_14-11-26 12800
2020-07-13_14-11-26 12790
2020-07-13_14-11-26 12790
2020-07-13_14-11-26 12800
2020-07-13_14-11-26 12800
2020-07-13_14-11-26 12800
2020-07-13_14-11-26 12800
2020-07-13_14-11-26 12800
2020-07-13_14-11-26 12800
2020-07-13_14-11-26 12790
2020-07-13_14-11-26 12790
2020-07-13_14-11-26 12800
2020-07-13_14-11-26 12800
2020-07-13_14-11-26 12790
2020-07-13_14-11-26 12800
2020-07-13_14-11-26 12790
2020-07-13_14-11-26 12790
2020-07-13_14-11-26 12790
2020-07-13_14-11-26 12790
2020-07-13_14-11-26 12800
2020-07-13_14-11-26 12800
2020-07-13_14-11-26 12800
2020-07-13_14-11-26 12800
2020-07-13_14-11-26 12790
2020-07-13_14-11-26 12790
2020-07-13_14-11-26 12790
2020-07-13_14-11-26 12790
2020-07-13_14-11-26 12800
2020-07-13_14-11-26 12790
2020-07-13_14-11-26 12790
2020-07-13_14-11-26 12790
2020-07-13_14-11-26 12790
2020-07-13_14-11-26 12790
2020-07-13_14-11-26 12790
2020-07-13_14-11-26 12790
2020-07-13_14-11-26 12790
2020-07-13_14-11-26 12790
2020-07-13_14-11-26 12790
2020-07-13_14-11-26 12780
2020-07-13_14-11-26 12790
2020-07-13_14-11-26 12800
2020-07-13_14-11-26 12800
2020-07-13_14-11-26 12800
2020-07-13_14-11-26 12790
2020-07-13_14-11-26 12790
2020-07-13_14-11-26 12800
2020-07-13_14-11-26 12800
2020-07-13_14-11-26 12790
2020-07-13_14-11-26 12790
2020-07-13_14-11-26 12800
2020-07-13_14-11-26 12800
2020-07-13_14-11-26 12790
2020-07-13_14-11-26 12790
2020-07-13_14-11-26 12800
2020-07-13_14-11-26 12790
2020-07-13_14-11-26 12790
2020-07-13_14-11-26 12790
2020-07-13_14-11-26 12790
2020-07-13_14-11-26 12790
2020-07-13_14-11-26 12790
2020-07-13_14-11-26 12800
2020-07-13_14-11-26 12800
2020-07-13_14-11-26 12790
2020-07-13_14-11-26 12790
2020-07-13_14-11-26 12800
2020-07-13_14-11-26 12800
2020-07-13_14-11-26 12800
2020-07-13_14-11-26 12790
2020-07-13_14-11-26 12790
2020-07-13_14-11-26 12790
2020-07-13_14-11-26 12800
2020-07-13_14-11-26 12790
2020-07-13_14-11-26 12790
2020-07-13_14-11-26 12790
2020-07-13_14-11-26 12790
2020-07-13_14-11-26 12800
2020-07-13_14-11-26 12800
2020-07-13_14-11-26 12790
2020-07-13_14-11-26 12790
2020-07-13_14-11-26 12790
2020-07-13_14-11-26 12800
2020-07-13_14-11-26 12780
2020-07-13_14-11-26 12790
2020-07-13_14-11-26 12800
2020-07-13_14-11-26 12800
2020-07-13_14-11-26 12800
2020-07-13_14-11-26 12800
2020-07-13_14-11-26 12800
2020-07-13_14-11-26 12800
2020-07-13_14-11-26 12800
2020-07-13_14-11-26 12800
2020-07-13_14-11-26 12790
2020-07-13_14-11-26 12790
2020-07-13_14-11-26 12800
2020-07-13_14-11-26 12800
2020-07-13_14-11-26 12790
2020-07-13_14-11-26 12790
2020-07-13_14-11-26 12790
2020-07-13_14-11-26 12790
2020-07-13_14-11-26 12790
2020-07-13_14-11-26 12800
2020-07-13_14-11-26 12800
2020-07-13_14-11-26 12800
2020-07-13_14-11-26 12800
2020-07-13_14-11-26 12800
2020-07-13_14-11-26 12800
2020-07-13_14-11-26 12800
2020-07-13_14-11-26 12800
2020-07-13_14-11-26 12800
2020-07-13_14-11-26 12800
2020-07-13_14-11-26 12800
2020-07-13_14-11-26 12800
2020-07-13_14-11-26 12800
2020-07-13_14-11-26 12800
2020-07-13_14-11-26 12800
2020-07-13_14-11-26 12800
2020-07-13_14-11-26 12800
2020-07-13_14-11-26 12800
2020-07-13_14-11-26 12800
2020-07-13_14-11-26 12800
2020-07-13_14-11-26 12800
2020-07-13_14-11-26 12800
2020-07-13_14-11-26 12800
2020-07-13_14-11-26 12780
2020-07-13_14-11-26 12780
2020-07-13_14-11-26 12790
2020-07-13_14-11-26 12800
2020-07-13_14-11-26 12800
2020-07-13_14-11-26 12800
2020-07-13_14-11-26 12800
2020-07-13_14-11-26 12800
2020-07-13_14-11-26 12790
2020-07-13_14-11-26 12790
2020-07-13_14-11-26 12790
2020-07-13_14-11-26 12790
2020-07-13_14-11-26 12790
2020-07-13_14-11-26 12790
2020-07-13_14-11-26 12790
2020-07-13_14-11-26 12790
2020-07-13_14-11-26 12790
2020-07-13_14-11-26 12790
2020-07-13_14-11-26 12790
2020-07-13_14-11-26 12790
2020-07-13_14-11-26 12790
2020-07-13_14-11-26 12790
2020-07-13_14-11-26 12800
2020-07-13_14-11-26 12800
2020-07-13_14-11-26 12790
2020-07-13_14-11-26 12790
2020-07-13_14-11-26 12790
2020-07-13_14-11-26 12790
2020-07-13_14-11-26 12800
2020-07-13_14-11-26 12800
2020-07-13_14-11-26 12800
2020-07-13_14-11-26 12790
2020-07-13_14-11-26 12800
2020-07-13_14-11-26 12810
2020-07-13_14-11-26 12800
2020-07-13_14-11-26 12790
2020-07-13_14-11-26 12790
2020-07-13_14-11-26 12790
2020-07-13_14-11-26 12800
2020-07-13_14-11-26 12800
2020-07-13_14-11-26 12800
2020-07-13_14-11-26 12800
2020-07-13_14-11-26 12800
2020-07-13_14-11-26 12800
2020-07-13_14-11-26 12800
2020-07-13_14-11-26 12800
2020-07-13_14-11-26 12800
2020-07-13_14-11-26 12800
2020-07-13_14-11-26 12780
2020-07-13_14-11-26 12800
2020-07-13_14-11-26 12800
2020-07-13_14-11-26 12800
2020-07-13_14-11-26 12790
2020-07-13_14-11-26 12790
2020-07-13_14-11-26 12790
2020-07-13_14-11-26 12790
2020-07-13_14-11-26 12790
2020-07-13_14-11-26 12790
2020-07-13_14-11-26 12790
2020-07-13_14-11-26 12790
2020-07-13_14-11-26 12790
2020-07-13_14-11-26 12790
2020-07-13_14-11-26 12800
2020-07-13_14-11-26 12790
2020-07-13_14-11-26 12790
2020-07-13_14-11-26 12790
2020-07-13_14-11-26 12790
2020-07-13_14-11-26 12790
2020-07-13_14-11-26 12800
2020-07-13_14-11-26 12800
2020-07-13_14-11-26 12800
2020-07-13_14-11-26 12800
2020-07-13_14-11-26 12800
2020-07-13_14-11-26 12800
2020-07-13_14-11-26 12800
2020-07-13_14-11-26 12790
2020-07-13_14-11-26 12790
2020-07-13_14-11-26 12790
2020-07-13_14-11-26 12800
2020-07-13_14-11-26 12800
2020-07-13_14-11-26 12800
2020-07-13_14-11-26 12790
2020-07-13_14-11-26 12790
2020-07-13_14-11-26 12790
2020-07-13_14-11-26 12800
2020-07-13_14-11-26 12790
2020-07-13_14-11-26 12790
2020-07-13_14-11-26 12790
2020-07-13_14-11-26 12790
2020-07-13_14-11-26 12790
2020-07-13_14-11-26 12790
2020-07-13_14-11-26 12790
2020-07-13_14-11-26 12790
2020-07-13_14-11-26 12790
2020-07-13_14-11-26 12790
2020-07-13_14-11-26 12790
2020-07-13_14-11-26 12790
2020-07-13_14-11-26 12790
2020-07-13_14-11-26 12790
2020-07-13_14-11-26 12790
2020-07-13_14-11-26 12790
2020-07-13_14-11-26 12790
2020-07-13_14-11-26 12790
2020-07-13_14-11-26 12820
2020-07-13_14-11-26 12840
2020-07-13_14-11-26 12870
2020-07-13_14-11-26 12850
2020-07-13_14-11-26 12790
2020-07-13_14-11-26 12790
2020-07-13_14-11-26 12790
2020-07-13_14-11-26 12790
2020-07-13_14-11-26 12790
2020-07-13_14-11-26 12790
2020-07-13_14-11-26 12790
2020-07-13_14-11-26 12790
2020-07-13_14-11-26 12790
2020-07-13_14-11-26 12790
2020-07-13_14-11-26 12790
2020-07-13_14-11-26 12790
2020-07-13_14-11-26 12800
2020-07-13_14-11-26 12790
2020-07-13_14-11-26 12790
2020-07-13_14-11-26 12800
2020-07-13_14-11-26 12810
2020-07-13_14-11-26 12830
2020-07-13_14-11-26 12840
2020-07-13_14-11-26 12850
2020-07-13_14-11-26 12890
2020-07-13_14-11-26 12910
2020-07-13_14-11-26 12920
2020-07-13_14-11-26 12910
2020-07-13_14-11-26 12900
2020-07-13_14-11-26 12900
2020-07-13_14-11-26 12900
2020-07-13_14-11-26 12890
2020-07-13_14-11-26 12890
2020-07-13_14-11-26 12920
2020-07-13_14-11-26 12930
2020-07-13_14-11-26 12910
2020-07-13_14-11-26 12890
2020-07-13_14-11-26 12900
2020-07-13_14-11-26 12900
2020-07-13_14-11-26 12950
2020-07-13_14-11-26 12900
2020-07-13_14-11-26 12900
2020-07-13_14-11-26 12890
2020-07-13_14-11-26 12910
2020-07-13_14-11-26 12910
2020-07-13_14-11-26 12910
2020-07-13_14-11-26 12930
2020-07-13_14-11-26 12910
2020-07-13_14-11-26 12910
2020-07-13_14-11-26 12910
2020-07-13_14-11-26 12910
2020-07-13_14-11-26 12910
2020-07-13_14-11-26 12910
2020-07-13_14-11-26 12910
2020-07-13_14-11-26 12910
2020-07-13_14-11-26 12910
2020-07-13_14-11-26 12910
2020-07-13_14-11-26 12910
2020-07-13_14-11-26 12910
2020-07-13_14-11-26 12910
2020-07-13_14-11-26 12910
2020-07-13_14-11-26 12910
2020-07-13_14-11-26 12910
2020-07-13_14-11-26 12910
2020-07-13_14-11-26 12910
2020-07-13_14-11-26 12910
2020-07-13_14-11-26 12910
2020-07-13_14-11-26 12740
2020-07-13_14-11-26 11950
2020-07-13_14-11-26 11440
2020-07-13_14-11-26 11030
2020-07-13_14-11-26 11020
2020-07-13_14-11-26 10980
2020-07-13_14-11-26 10980
2020-07-13_14-11-26 10840
2020-07-13_14-11-26 10790
2020-07-13_14-11-26 10760
2020-07-13_14-11-26 9230
2020-07-13_14-11-26 8720
2020-07-13_14-11-26 8380
2020-07-13_14-11-26 8270
2020-07-13_14-11-26 8380
2020-07-13_14-11-26 8380
2020-07-13_14-11-26 8290
2020-07-13_14-11-26 8480
2020-07-13_14-11-26 8450
2020-07-13_14-11-26 8400
2020-07-13_14-11-26 8400
2020-07-13_14-11-26 8360
2020-07-13_14-11-26 8410
2020-07-13_14-11-26 8310
2020-07-13_14-11-26 7900
2020-07-13_14-11-26 5820
2020-07-13_14-11-26 4370
2020-07-13_14-11-26 4240
2020-07-13_14-11-26 4200
2020-07-13_14-11-26 4210
2020-07-13_14-11-26 4150
2020-07-13_14-11-26 4100
2020-07-13_14-11-26 4130
2020-07-13_14-11-26 4190
2020-07-13_14-11-26 4130
2020-07-13_14-11-26 3670
2020-07-13_14-11-26 2830
