2020-07-13_14-11-05 1690
2020-07-13_14-11-05 5950
2020-07-13_14-11-05 6510
2020-07-13_14-11-05 6380
2020-07-13_14-11-05 6260
2020-07-13_14-11-05 6370
2020-07-13_14-11-05 6390
2020-07-13_14-11-05 6330
2020-07-13_14-11-05 6180
2020-07-13_14-11-05 6420
2020-07-13_14-11-05 9300
2020-07-13_14-11-05 13240
2020-07-13_14-11-05 13620
2020-07-13_14-11-05 13670
2020-07-13_14-11-05 14810
2020-07-13_14-11-05 19020
2020-07-13_14-11-05 21490
2020-07-13_14-11-05 21640
2020-07-13_14-11-05 21500
2020-07-13_14-11-05 21680
2020-07-13_14-11-05 21530
2020-07-13_14-11-05 21580
2020-07-13_14-11-05 21600
2020-07-13_14-11-05 21560
2020-07-13_14-11-05 21640
2020-07-13_14-11-05 21610
2020-07-13_14-11-05 21610
2020-07-13_14-11-05 21560
2020-07-13_14-11-05 21600
2020-07-13_14-11-05 21620
2020-07-13_14-11-05 21590
2020-07-13_14-11-05 21600
2020-07-13_14-11-05 21620
2020-07-13_14-11-05 21610
2020-07-13_14-11-05 21600
2020-07-13_14-11-05 21610
2020-07-13_14-11-05 21600
2020-07-13_14-11-05 21600
2020-07-13_14-11-05 21600
2020-07-13_14-11-05 21600
2020-07-13_14-11-05 21600
2020-07-13_14-11-05 21610
2020-07-13_14-11-05 21630
2020-07-13_14-11-05 21600
2020-07-13_14-11-05 21580
2020-07-13_14-11-05 21600
2020-07-13_14-11-05 21610
2020-07-13_14-11-05 21610
2020-07-13_14-11-05 21600
2020-07-13_14-11-05 21600
2020-07-13_14-11-05 21600
2020-07-13_14-11-05 21600
2020-07-13_14-11-05 21600
2020-07-13_14-11-05 21610
2020-07-13_14-11-05 21590
2020-07-13_14-11-05 21590
2020-07-13_14-11-05 21610
2020-07-13_14-11-05 21610
2020-07-13_14-11-05 21590
2020-07-13_14-11-05 21600
2020-07-13_14-11-05 21600
2020-07-13_14-11-05 21600
2020-07-13_14-11-05 21600
2020-07-13_14-11-05 21590
2020-07-13_14-11-05 21590
2020-07-13_14-11-05 21600
2020-07-13_14-11-05 21600
2020-07-13_14-11-05 21600
2020-07-13_14-11-05 21600
2020-07-13_14-11-05 21600
2020-07-13_14-11-05 21600
2020-07-13_14-11-05 21610
2020-07-13_14-11-05 21600
2020-07-13_14-11-05 21600
2020-07-13_14-11-05 21610
2020-07-13_14-11-05 21600
2020-07-13_14-11-05 21600
2020-07-13_14-11-05 21600
2020-07-13_14-11-05 21600
2020-07-13_14-11-05 21600
2020-07-13_14-11-05 21600
2020-07-13_14-11-05 21560
2020-07-13_14-11-05 21600
2020-07-13_14-11-05 21640
2020-07-13_14-11-05 21540
2020-07-13_14-11-05 21610
2020-07-13_14-11-05 21540
2020-07-13_14-11-05 21550
2020-07-13_14-11-05 21540
2020-07-13_14-11-05 21230
2020-07-13_14-11-05 21420
2020-07-13_14-11-05 21500
2020-07-13_14-11-05 21530
2020-07-13_14-11-05 21700
2020-07-13_14-11-05 21690
2020-07-13_14-11-05 21490
2020-07-13_14-11-05 21570
2020-07-13_14-11-05 21470
2020-07-13_14-11-05 21810
2020-07-13_14-11-05 25330
2020-07-13_14-11-05 29790
2020-07-13_14-11-05 30120
2020-07-13_14-11-05 30260
2020-07-13_14-11-05 30130
2020-07-13_14-11-05 30410
2020-07-13_14-11-05 30180
2020-07-13_14-11-05 30300
2020-07-13_14-11-05 30300
2020-07-13_14-11-05 30200
2020-07-13_14-11-05 27330
2020-07-13_14-11-05 24350
2020-07-13_14-11-05 24020
2020-07-13_14-11-05 25650
2020-07-13_14-11-05 31620
2020-07-13_14-11-05 33130
2020-07-13_14-11-05 33490
2020-07-13_14-11-05 33200
2020-07-13_14-11-05 33340
2020-07-13_14-11-05 33380
2020-07-13_14-11-05 33260
2020-07-13_14-11-05 33020
2020-07-13_14-11-05 32470
2020-07-13_14-11-05 27500
2020-07-13_14-11-05 25290
2020-07-13_14-11-05 25560
2020-07-13_14-11-05 25590
2020-07-13_14-11-05 25840
2020-07-13_14-11-05 24360
2020-07-13_14-11-05 19740
2020-07-13_14-11-05 17910
2020-07-13_14-11-05 18010
2020-07-13_14-11-05 17820
2020-07-13_14-11-05 18020
2020-07-13_14-11-05 17870
2020-07-13_14-11-05 17960
2020-07-13_14-11-05 18000
2020-07-13_14-11-05 17860
