2020-07-13_14-11-30 1920
2020-07-13_14-11-30 3440
2020-07-13_14-11-30 4270
2020-07-13_14-11-30 4100
2020-07-13_14-11-30 3890
2020-07-13_14-11-30 4020
2020-07-13_14-11-30 4160
2020-07-13_14-11-30 4090
2020-07-13_14-11-30 3950
2020-07-13_14-11-30 3990
2020-07-13_14-11-30 4080
2020-07-13_14-11-30 4060
2020-07-13_14-11-30 4000
2020-07-13_14-11-30 4060
2020-07-13_14-11-30 4110
2020-07-13_14-11-30 4160
2020-07-13_14-11-30 4730
2020-07-13_14-11-30 5670
2020-07-13_14-11-30 6520
2020-07-13_14-11-30 6910
2020-07-13_14-11-30 6930
2020-07-13_14-11-30 6990
2020-07-13_14-11-30 6950
2020-07-13_14-11-30 7240
2020-07-13_14-11-30 8300
2020-07-13_14-11-30 9220
2020-07-13_14-11-30 9980
2020-07-13_14-11-30 10100
2020-07-13_14-11-30 10110
2020-07-13_14-11-30 10140
2020-07-13_14-11-30 10030
2020-07-13_14-11-30 10160
2020-07-13_14-11-30 10170
2020-07-13_14-11-30 10080
2020-07-13_14-11-30 10100
2020-07-13_14-11-30 10090
2020-07-13_14-11-30 10120
2020-07-13_14-11-30 10120
2020-07-13_14-11-30 10040
2020-07-13_14-11-30 10080
2020-07-13_14-11-30 10070
2020-07-13_14-11-30 10080
2020-07-13_14-11-30 10070
2020-07-13_14-11-30 10040
2020-07-13_14-11-30 10070
2020-07-13_14-11-30 10060
2020-07-13_14-11-30 10060
2020-07-13_14-11-30 10080
2020-07-13_14-11-30 10120
2020-07-13_14-11-30 10090
2020-07-13_14-11-30 10040
2020-07-13_14-11-30 10040
2020-07-13_14-11-30 10120
2020-07-13_14-11-30 10160
2020-07-13_14-11-30 10100
2020-07-13_14-11-30 10080
2020-07-13_14-11-30 10080
2020-07-13_14-11-30 10130
2020-07-13_14-11-30 10150
2020-07-13_14-11-30 10130
2020-07-13_14-11-30 10120
2020-07-13_14-11-30 10100
2020-07-13_14-11-30 10110
2020-07-13_14-11-30 10130
2020-07-13_14-11-30 10130
2020-07-13_14-11-30 10110
2020-07-13_14-11-30 10110
2020-07-13_14-11-30 10120
2020-07-13_14-11-30 10120
2020-07-13_14-11-30 10080
2020-07-13_14-11-30 10080
2020-07-13_14-11-30 10070
2020-07-13_14-11-30 10080
2020-07-13_14-11-30 10090
2020-07-13_14-11-30 10090
2020-07-13_14-11-30 10090
2020-07-13_14-11-30 10090
2020-07-13_14-11-30 10110
2020-07-13_14-11-30 10120
2020-07-13_14-11-30 10100
2020-07-13_14-11-30 10100
2020-07-13_14-11-30 10100
2020-07-13_14-11-30 10090
2020-07-13_14-11-30 10090
2020-07-13_14-11-30 10090
2020-07-13_14-11-30 10110
2020-07-13_14-11-30 10110
2020-07-13_14-11-30 10100
2020-07-13_14-11-30 10110
2020-07-13_14-11-30 10110
2020-07-13_14-11-30 10100
2020-07-13_14-11-30 10090
2020-07-13_14-11-30 10090
2020-07-13_14-11-30 10110
2020-07-13_14-11-30 10120
