2020-07-13_14-11-01 1110
2020-07-13_14-11-01 1580
2020-07-13_14-11-01 1510
2020-07-13_14-11-01 1560
2020-07-13_14-11-01 1580
2020-07-13_14-11-01 1550
2020-07-13_14-11-01 1560
2020-07-13_14-11-01 1590
2020-07-13_14-11-01 1590
2020-07-13_14-11-01 1570
2020-07-13_14-11-01 1590
2020-07-13_14-11-01 1630
2020-07-13_14-11-01 2170
2020-07-13_14-11-01 3080
2020-07-13_14-11-01 3750
2020-07-13_14-11-01 3920
2020-07-13_14-11-01 3830
2020-07-13_14-11-01 3870
2020-07-13_14-11-01 3900
2020-07-13_14-11-01 3850
2020-07-13_14-11-01 3860
2020-07-13_14-11-01 3890
2020-07-13_14-11-01 3880
2020-07-13_14-11-01 3880
2020-07-13_14-11-01 3870
2020-07-13_14-11-01 3870
2020-07-13_14-11-01 3890
2020-07-13_14-11-01 3870
2020-07-13_14-11-01 3870
2020-07-13_14-11-01 3870
2020-07-13_14-11-01 3860
2020-07-13_14-11-01 3870
2020-07-13_14-11-01 3870
2020-07-13_14-11-01 3890
2020-07-13_14-11-01 3880
2020-07-13_14-11-01 3880
2020-07-13_14-11-01 3870
2020-07-13_14-11-01 3870
2020-07-13_14-11-01 3870
2020-07-13_14-11-01 3870
2020-07-13_14-11-01 3870
2020-07-13_14-11-01 3870
2020-07-13_14-11-01 3870
2020-07-13_14-11-01 3870
2020-07-13_14-11-01 3870
2020-07-13_14-11-01 3860
2020-07-13_14-11-01 3860
2020-07-13_14-11-01 3890
2020-07-13_14-11-01 3870
2020-07-13_14-11-01 3880
2020-07-13_14-11-01 3880
2020-07-13_14-11-01 3880
2020-07-13_14-11-01 3890
2020-07-13_14-11-01 3890
2020-07-13_14-11-01 3890
2020-07-13_14-11-01 3880
2020-07-13_14-11-01 3870
2020-07-13_14-11-01 3880
2020-07-13_14-11-01 3880
2020-07-13_14-11-01 3880
2020-07-13_14-11-01 3880
2020-07-13_14-11-01 3880
2020-07-13_14-11-01 3890
2020-07-13_14-11-01 3890
2020-07-13_14-11-01 3880
2020-07-13_14-11-01 3880
2020-07-13_14-11-01 3880
2020-07-13_14-11-01 3880
2020-07-13_14-11-01 3880
2020-07-13_14-11-01 3880
2020-07-13_14-11-01 3880
2020-07-13_14-11-01 3880
2020-07-13_14-11-01 3880
2020-07-13_14-11-01 3880
2020-07-13_14-11-01 3880
2020-07-13_14-11-01 3880
2020-07-13_14-11-01 3870
2020-07-13_14-11-01 3870
2020-07-13_14-11-01 3870
2020-07-13_14-11-01 3870
2020-07-13_14-11-01 3880
2020-07-13_14-11-01 3880
2020-07-13_14-11-01 3890
2020-07-13_14-11-01 3880
2020-07-13_14-11-01 3880
2020-07-13_14-11-01 3880
2020-07-13_14-11-01 3880
2020-07-13_14-11-01 3880
2020-07-13_14-11-01 3880
2020-07-13_14-11-01 3870
2020-07-13_14-11-01 3870
2020-07-13_14-11-01 3870
2020-07-13_14-11-01 3880
2020-07-13_14-11-01 3880
2020-07-13_14-11-01 3880
2020-07-13_14-11-01 3880
2020-07-13_14-11-01 3880
2020-07-13_14-11-01 3880
2020-07-13_14-11-01 3880
2020-07-13_14-11-01 3880
2020-07-13_14-11-01 3880
2020-07-13_14-11-01 3880
2020-07-13_14-11-01 3880
2020-07-13_14-11-01 3880
2020-07-13_14-11-01 3880
2020-07-13_14-11-01 3880
2020-07-13_14-11-01 3880
2020-07-13_14-11-01 3880
2020-07-13_14-11-01 3880
2020-07-13_14-11-01 3880
2020-07-13_14-11-01 3880
2020-07-13_14-11-01 3880
2020-07-13_14-11-01 3880
2020-07-13_14-11-01 3880
2020-07-13_14-11-01 3880
2020-07-13_14-11-01 3880
2020-07-13_14-11-01 3880
2020-07-13_14-11-01 3880
2020-07-13_14-11-01 3880
2020-07-13_14-11-01 3880
2020-07-13_14-11-01 3880
2020-07-13_14-11-01 3880
2020-07-13_14-11-01 3880
2020-07-13_14-11-01 3880
2020-07-13_14-11-01 3880
2020-07-13_14-11-01 3880
2020-07-13_14-11-01 3880
2020-07-13_14-11-01 3880
2020-07-13_14-11-01 3880
2020-07-13_14-11-01 3880
2020-07-13_14-11-01 3880
2020-07-13_14-11-01 3880
2020-07-13_14-11-01 3880
2020-07-13_14-11-01 3880
2020-07-13_14-11-01 3880
2020-07-13_14-11-01 3880
2020-07-13_14-11-01 3880
2020-07-13_14-11-01 3880
2020-07-13_14-11-01 3880
2020-07-13_14-11-01 3880
2020-07-13_14-11-01 3880
2020-07-13_14-11-01 3880
2020-07-13_14-11-01 3880
2020-07-13_14-11-01 3880
2020-07-13_14-11-01 3390
2020-07-13_14-11-01 2870
2020-07-13_14-11-01 2350
2020-07-13_14-11-01 2320
2020-07-13_14-11-01 2310
2020-07-13_14-11-01 2310
2020-07-13_14-11-01 2310
2020-07-13_14-11-01 2310
2020-07-13_14-11-01 2310
2020-07-13_14-11-01 2310
2020-07-13_14-11-01 2310
2020-07-13_14-11-01 2310
2020-07-13_14-11-01 2300
2020-07-13_14-11-01 2310
2020-07-13_14-11-01 2310
2020-07-13_14-11-01 2310
2020-07-13_14-11-01 2320
2020-07-13_14-11-01 2310
2020-07-13_14-11-01 2330
2020-07-13_14-11-01 2200
2020-07-13_14-11-01 1660
2020-07-13_14-11-01 890
