2020-07-13_14-11-12 6340
2020-07-13_14-11-12 6350
2020-07-13_14-11-12 6350
2020-07-13_14-11-12 6360
2020-07-13_14-11-12 6350
2020-07-13_14-11-12 6370
2020-07-13_14-11-12 6360
2020-07-13_14-11-12 6350
2020-07-13_14-11-12 6350
2020-07-13_14-11-12 6350
2020-07-13_14-11-12 6360
2020-07-13_14-11-12 6370
2020-07-13_14-11-12 6360
2020-07-13_14-11-12 6330
2020-07-13_14-11-12 6340
2020-07-13_14-11-12 6350
2020-07-13_14-11-12 6360
2020-07-13_14-11-12 6360
2020-07-13_14-11-12 6310
2020-07-13_14-11-12 6310
2020-07-13_14-11-12 6340
2020-07-13_14-11-12 6390
2020-07-13_14-11-12 6380
2020-07-13_14-11-12 6290
2020-07-13_14-11-12 6340
2020-07-13_14-11-12 6350
2020-07-13_14-11-12 6330
2020-07-13_14-11-12 5440
2020-07-13_14-11-12 4470
2020-07-13_14-11-12 4410
2020-07-13_14-11-12 4440
2020-07-13_14-11-12 4400
2020-07-13_14-11-12 4390
2020-07-13_14-11-12 4250
2020-07-13_14-11-12 2070
