2020-07-13_14-10-41 2050
2020-07-13_14-10-41 3840
2020-07-13_14-10-41 4950
2020-07-13_14-10-41 4820
2020-07-13_14-10-41 4560
2020-07-13_14-10-41 4600
2020-07-13_14-10-41 4710
2020-07-13_14-10-41 4620
2020-07-13_14-10-41 4550
2020-07-13_14-10-41 4640
2020-07-13_14-10-41 4670
2020-07-13_14-10-41 4530
2020-07-13_14-10-41 4440
2020-07-13_14-10-41 4530
2020-07-13_14-10-41 4630
2020-07-13_14-10-41 4580
2020-07-13_14-10-41 4610
2020-07-13_14-10-41 5360
2020-07-13_14-10-41 6430
2020-07-13_14-10-41 7300
2020-07-13_14-10-41 7620
2020-07-13_14-10-41 7710
2020-07-13_14-10-41 7930
2020-07-13_14-10-41 7940
2020-07-13_14-10-41 8190
2020-07-13_14-10-41 9030
2020-07-13_14-10-41 9930
2020-07-13_14-10-41 10700
2020-07-13_14-10-41 10770
2020-07-13_14-10-41 10840
2020-07-13_14-10-41 10800
2020-07-13_14-10-41 10800
2020-07-13_14-10-41 10830
2020-07-13_14-10-41 10810
2020-07-13_14-10-41 10850
2020-07-13_14-10-41 10830
2020-07-13_14-10-41 10880
2020-07-13_14-10-41 10840
2020-07-13_14-10-41 10880
2020-07-13_14-10-41 10860
2020-07-13_14-10-41 10870
2020-07-13_14-10-41 10850
2020-07-13_14-10-41 10860
2020-07-13_14-10-41 10880
2020-07-13_14-10-41 10860
2020-07-13_14-10-41 10850
2020-07-13_14-10-41 10840
2020-07-13_14-10-41 10880
2020-07-13_14-10-41 10870
2020-07-13_14-10-41 10860
2020-07-13_14-10-41 10830
2020-07-13_14-10-41 10860
2020-07-13_14-10-41 10890
2020-07-13_14-10-41 10880
2020-07-13_14-10-41 10880
2020-07-13_14-10-41 10860
2020-07-13_14-10-41 10870
2020-07-13_14-10-41 10870
2020-07-13_14-10-41 10880
2020-07-13_14-10-41 10860
2020-07-13_14-10-41 10860
2020-07-13_14-10-41 10850
2020-07-13_14-10-41 10870
2020-07-13_14-10-41 10880
2020-07-13_14-10-41 10890
2020-07-13_14-10-41 10880
2020-07-13_14-10-41 10880
2020-07-13_14-10-41 10880
2020-07-13_14-10-41 10880
2020-07-13_14-10-41 10880
2020-07-13_14-10-41 10880
2020-07-13_14-10-41 10880
2020-07-13_14-10-41 10860
2020-07-13_14-10-41 10870
2020-07-13_14-10-41 10870
2020-07-13_14-10-41 10880
2020-07-13_14-10-41 10870
2020-07-13_14-10-41 10860
2020-07-13_14-10-41 10860
2020-07-13_14-10-41 10860
2020-07-13_14-10-41 10860
2020-07-13_14-10-41 10870
2020-07-13_14-10-41 10870
2020-07-13_14-10-41 10870
2020-07-13_14-10-41 10870
2020-07-13_14-10-41 10880
2020-07-13_14-10-41 10880
2020-07-13_14-10-41 10870
2020-07-13_14-10-41 10870
2020-07-13_14-10-41 10870
2020-07-13_14-10-41 10870
2020-07-13_14-10-41 10870
2020-07-13_14-10-41 10870
2020-07-13_14-10-41 10860
2020-07-13_14-10-41 10860
2020-07-13_14-10-41 10870
2020-07-13_14-10-41 10870
2020-07-13_14-10-41 10870
2020-07-13_14-10-41 10870
2020-07-13_14-10-41 10870
2020-07-13_14-10-41 10870
2020-07-13_14-10-41 10880
2020-07-13_14-10-41 10880
2020-07-13_14-10-41 10880
2020-07-13_14-10-41 10880
2020-07-13_14-10-41 10890
2020-07-13_14-10-41 10880
2020-07-13_14-10-41 10830
2020-07-13_14-10-41 10840
2020-07-13_14-10-41 10850
2020-07-13_14-10-41 10870
2020-07-13_14-10-41 10770
2020-07-13_14-10-41 10780
2020-07-13_14-10-41 10820
2020-07-13_14-10-41 10790
2020-07-13_14-10-41 10710
2020-07-13_14-10-41 10630
2020-07-13_14-10-41 10800
2020-07-13_14-10-41 10850
2020-07-13_14-10-41 10900
2020-07-13_14-10-41 10840
2020-07-13_14-10-41 10860
2020-07-13_14-10-41 10890
2020-07-13_14-10-41 10890
2020-07-13_14-10-41 10860
2020-07-13_14-10-41 10820
2020-07-13_14-10-41 10830
2020-07-13_14-10-41 10770
2020-07-13_14-10-41 10780
2020-07-13_14-10-41 10780
2020-07-13_14-10-41 10840
2020-07-13_14-10-41 10880
2020-07-13_14-10-41 10860
2020-07-13_14-10-41 10880
2020-07-13_14-10-41 10880
2020-07-13_14-10-41 11110
2020-07-13_14-10-41 12020
2020-07-13_14-10-41 12870
2020-07-13_14-10-41 13650
2020-07-13_14-10-41 13580
2020-07-13_14-10-41 13600
2020-07-13_14-10-41 13570
2020-07-13_14-10-41 13610
2020-07-13_14-10-41 13650
2020-07-13_14-10-41 13560
2020-07-13_14-10-41 13650
2020-07-13_14-10-41 13600
2020-07-13_14-10-41 13630
2020-07-13_14-10-41 13600
2020-07-13_14-10-41 13600
2020-07-13_14-10-41 13660
2020-07-13_14-10-41 13570
2020-07-13_14-10-41 12880
2020-07-13_14-10-41 11430
2020-07-13_14-10-41 10000
2020-07-13_14-10-41 9240
2020-07-13_14-10-41 9140
2020-07-13_14-10-41 9340
2020-07-13_14-10-41 10080
2020-07-13_14-10-41 10780
2020-07-13_14-10-41 11470
2020-07-13_14-10-41 11510
2020-07-13_14-10-41 11610
2020-07-13_14-10-41 11580
2020-07-13_14-10-41 11550
2020-07-13_14-10-41 11600
2020-07-13_14-10-41 11480
2020-07-13_14-10-42 11470
2020-07-13_14-10-42 11330
2020-07-13_14-10-42 11360
2020-07-13_14-10-42 11420
2020-07-13_14-10-42 11510
2020-07-13_14-10-42 11580
2020-07-13_14-10-42 11020
2020-07-13_14-10-42 9940
2020-07-13_14-10-42 8790
2020-07-13_14-10-42 8350
2020-07-13_14-10-42 8350
2020-07-13_14-10-42 8430
2020-07-13_14-10-42 8360
2020-07-13_14-10-42 8370
2020-07-13_14-10-42 8120
2020-07-13_14-10-42 7180
2020-07-13_14-10-42 6180
2020-07-13_14-10-42 5340
2020-07-13_14-10-42 5230
2020-07-13_14-10-42 5200
2020-07-13_14-10-42 5220
2020-07-13_14-10-42 5210
2020-07-13_14-10-42 5210
2020-07-13_14-10-42 5220
2020-07-13_14-10-42 5200
2020-07-13_14-10-42 5230
2020-07-13_14-10-42 5210
2020-07-13_14-10-42 5220
2020-07-13_14-10-42 5200
2020-07-13_14-10-42 5210
2020-07-13_14-10-42 5210
2020-07-13_14-10-42 5200
2020-07-13_14-10-42 5210
2020-07-13_14-10-42 5200
2020-07-13_14-10-42 5210
2020-07-13_14-10-42 5200
2020-07-13_14-10-42 5210
2020-07-13_14-10-42 5210
2020-07-13_14-10-42 5210
2020-07-13_14-10-42 5200
2020-07-13_14-10-42 5210
2020-07-13_14-10-42 5210
2020-07-13_14-10-42 5210
2020-07-13_14-10-42 5210
2020-07-13_14-10-42 5210
2020-07-13_14-10-42 5210
2020-07-13_14-10-42 5210
2020-07-13_14-10-42 5210
2020-07-13_14-10-42 5210
2020-07-13_14-10-42 5210
2020-07-13_14-10-42 5210
2020-07-13_14-10-42 5210
2020-07-13_14-10-42 5210
2020-07-13_14-10-42 5210
2020-07-13_14-10-42 5160
2020-07-13_14-10-42 5170
2020-07-13_14-10-42 5170
2020-07-13_14-10-42 5220
2020-07-13_14-10-42 5210
2020-07-13_14-10-42 5220
2020-07-13_14-10-42 5210
2020-07-13_14-10-42 5210
2020-07-13_14-10-42 5200
2020-07-13_14-10-42 5210
2020-07-13_14-10-42 5210
2020-07-13_14-10-42 5220
2020-07-13_14-10-42 5220
2020-07-13_14-10-42 5220
2020-07-13_14-10-42 5220
2020-07-13_14-10-42 5220
2020-07-13_14-10-42 5240
2020-07-13_14-10-42 5240
2020-07-13_14-10-42 5250
2020-07-13_14-10-42 5240
2020-07-13_14-10-42 5250
2020-07-13_14-10-42 5250
2020-07-13_14-10-42 5240
2020-07-13_14-10-42 5240
2020-07-13_14-10-42 5230
2020-07-13_14-10-42 5240
2020-07-13_14-10-42 5230
2020-07-13_14-10-42 5250
2020-07-13_14-10-42 4990
2020-07-13_14-10-42 4190
2020-07-13_14-10-42 3280
2020-07-13_14-10-42 2620
2020-07-13_14-10-42 2480
2020-07-13_14-10-42 2500
2020-07-13_14-10-42 2470
2020-07-13_14-10-42 2490
2020-07-13_14-10-42 2460
2020-07-13_14-10-42 2480
2020-07-13_14-10-42 2490
2020-07-13_14-10-42 2480
2020-07-13_14-10-42 2490
2020-07-13_14-10-42 2470
2020-07-13_14-10-42 2470
2020-07-13_14-10-42 2460
2020-07-13_14-10-42 2360
2020-07-13_14-10-42 1790
2020-07-13_14-10-42 970
