2020-07-13_14-11-35 16790
2020-07-13_14-11-35 16790
2020-07-13_14-11-35 16790
2020-07-13_14-11-35 16790
2020-07-13_14-11-35 16800
2020-07-13_14-11-35 16800
2020-07-13_14-11-35 16800
2020-07-13_14-11-35 16800
2020-07-13_14-11-35 16790
2020-07-13_14-11-35 16800
2020-07-13_14-11-35 16810
2020-07-13_14-11-35 16810
2020-07-13_14-11-35 16800
2020-07-13_14-11-35 16800
2020-07-13_14-11-35 16800
2020-07-13_14-11-35 16800
2020-07-13_14-11-35 16800
2020-07-13_14-11-35 16790
2020-07-13_14-11-35 16790
2020-07-13_14-11-35 16800
2020-07-13_14-11-35 16800
2020-07-13_14-11-35 16790
2020-07-13_14-11-35 16790
2020-07-13_14-11-35 16790
2020-07-13_14-11-35 16800
2020-07-13_14-11-35 16800
2020-07-13_14-11-35 16790
2020-07-13_14-11-35 16790
2020-07-13_14-11-35 16790
2020-07-13_14-11-35 16790
2020-07-13_14-11-35 16800
2020-07-13_14-11-35 16790
2020-07-13_14-11-35 16790
2020-07-13_14-11-35 16800
2020-07-13_14-11-35 16800
2020-07-13_14-11-35 16800
2020-07-13_14-11-35 16800
2020-07-13_14-11-35 16800
2020-07-13_14-11-35 16800
2020-07-13_14-11-35 16800
2020-07-13_14-11-35 16800
2020-07-13_14-11-35 16800
2020-07-13_14-11-35 16800
2020-07-13_14-11-35 16800
2020-07-13_14-11-35 16800
2020-07-13_14-11-35 16800
2020-07-13_14-11-35 16800
2020-07-13_14-11-35 16800
2020-07-13_14-11-35 16800
2020-07-13_14-11-35 16800
2020-07-13_14-11-35 16800
2020-07-13_14-11-35 16800
2020-07-13_14-11-35 16800
2020-07-13_14-11-35 16790
2020-07-13_14-11-35 16790
2020-07-13_14-11-35 16800
2020-07-13_14-11-35 16800
2020-07-13_14-11-35 16800
2020-07-13_14-11-35 16800
2020-07-13_14-11-35 16790
2020-07-13_14-11-35 16790
2020-07-13_14-11-35 16790
2020-07-13_14-11-35 16800
2020-07-13_14-11-35 16800
2020-07-13_14-11-35 16810
2020-07-13_14-11-35 16810
2020-07-13_14-11-35 16800
2020-07-13_14-11-35 16800
2020-07-13_14-11-35 16820
2020-07-13_14-11-35 16820
2020-07-13_14-11-35 16810
2020-07-13_14-11-35 16810
2020-07-13_14-11-35 16800
2020-07-13_14-11-35 16810
2020-07-13_14-11-35 16830
2020-07-13_14-11-35 16830
2020-07-13_14-11-35 16830
2020-07-13_14-11-35 16830
2020-07-13_14-11-35 16820
2020-07-13_14-11-35 16810
2020-07-13_14-11-35 16820
2020-07-13_14-11-35 16820
2020-07-13_14-11-35 16830
2020-07-13_14-11-35 16820
2020-07-13_14-11-35 16800
2020-07-13_14-11-35 16820
2020-07-13_14-11-35 16820
2020-07-13_14-11-35 16210
2020-07-13_14-11-35 14310
2020-07-13_14-11-35 11820
2020-07-13_14-11-35 8900
2020-07-13_14-11-35 9010
2020-07-13_14-11-35 9000
2020-07-13_14-11-35 8990
2020-07-13_14-11-35 8940
2020-07-13_14-11-35 9000
2020-07-13_14-11-35 8970
2020-07-13_14-11-35 8960
2020-07-13_14-11-35 8810
2020-07-13_14-11-35 8920
2020-07-13_14-11-35 8920
2020-07-13_14-11-35 8960
2020-07-13_14-11-35 8820
2020-07-13_14-11-35 8900
2020-07-13_14-11-35 5090
2020-07-13_14-11-35 1040
