2020-07-13_14-11-31 17690
2020-07-13_14-11-31 17690
2020-07-13_14-11-31 17700
2020-07-13_14-11-31 17700
2020-07-13_14-11-31 17690
2020-07-13_14-11-31 17700
2020-07-13_14-11-31 17690
2020-07-13_14-11-31 17700
2020-07-13_14-11-31 17740
2020-07-13_14-11-31 17700
2020-07-13_14-11-31 17700
2020-07-13_14-11-31 17700
2020-07-13_14-11-31 17690
2020-07-13_14-11-31 17690
2020-07-13_14-11-31 17690
2020-07-13_14-11-31 17690
2020-07-13_14-11-31 17680
2020-07-13_14-11-31 17680
2020-07-13_14-11-31 17690
2020-07-13_14-11-31 17700
2020-07-13_14-11-31 17690
2020-07-13_14-11-31 17670
2020-07-13_14-11-31 17700
2020-07-13_14-11-31 17680
2020-07-13_14-11-31 17680
2020-07-13_14-11-31 17690
2020-07-13_14-11-31 17700
2020-07-13_14-11-31 17700
2020-07-13_14-11-31 17710
2020-07-13_14-11-31 17740
2020-07-13_14-11-31 17740
2020-07-13_14-11-31 17730
2020-07-13_14-11-31 17840
2020-07-13_14-11-31 17880
2020-07-13_14-11-31 17660
2020-07-13_14-11-31 17640
2020-07-13_14-11-31 17700
2020-07-13_14-11-31 17700
2020-07-13_14-11-31 12740
2020-07-13_14-11-31 9310
2020-07-13_14-11-31 9240
2020-07-13_14-11-31 9230
2020-07-13_14-11-31 9140
2020-07-13_14-11-31 9160
2020-07-13_14-11-31 9080
2020-07-13_14-11-31 9020
2020-07-13_14-11-31 9090
2020-07-13_14-11-31 9020
2020-07-13_14-11-31 9110
2020-07-13_14-11-31 9180
2020-07-13_14-11-31 9060
2020-07-13_14-11-31 9170
2020-07-13_14-11-31 9080
2020-07-13_14-11-31 9130
2020-07-13_14-11-31 9140
2020-07-13_14-11-31 6190
2020-07-13_14-11-31 900
