2020-07-13_14-11-22 2210
2020-07-13_14-11-22 5850
2020-07-13_14-11-22 6060
2020-07-13_14-11-22 5280
2020-07-13_14-11-22 5310
2020-07-13_14-11-22 5480
2020-07-13_14-11-22 5520
2020-07-13_14-11-22 5300
2020-07-13_14-11-22 5380
2020-07-13_14-11-22 5480
2020-07-13_14-11-22 5390
2020-07-13_14-11-22 5450
2020-07-13_14-11-22 6780
2020-07-13_14-11-22 9000
2020-07-13_14-11-22 12470
2020-07-13_14-11-22 12720
2020-07-13_14-11-22 12960
2020-07-13_14-11-22 12910
2020-07-13_14-11-22 12980
2020-07-13_14-11-22 13620
2020-07-13_14-11-22 15340
2020-07-13_14-11-22 17660
2020-07-13_14-11-22 19520
2020-07-13_14-11-22 20240
2020-07-13_14-11-22 20340
2020-07-13_14-11-22 20430
2020-07-13_14-11-22 20390
2020-07-13_14-11-22 20320
2020-07-13_14-11-22 20360
2020-07-13_14-11-22 20410
2020-07-13_14-11-22 20330
2020-07-13_14-11-22 20260
2020-07-13_14-11-22 20320
2020-07-13_14-11-22 20380
2020-07-13_14-11-22 20360
2020-07-13_14-11-22 20320
2020-07-13_14-11-22 20310
2020-07-13_14-11-22 20330
2020-07-13_14-11-22 20370
2020-07-13_14-11-22 20380
2020-07-13_14-11-22 20340
2020-07-13_14-11-22 20320
2020-07-13_14-11-22 20360
2020-07-13_14-11-22 20380
2020-07-13_14-11-22 20360
2020-07-13_14-11-22 20350
2020-07-13_14-11-22 20350
2020-07-13_14-11-22 20350
2020-07-13_14-11-22 20360
2020-07-13_14-11-22 20370
2020-07-13_14-11-22 20330
2020-07-13_14-11-22 20320
2020-07-13_14-11-22 20340
2020-07-13_14-11-22 20360
2020-07-13_14-11-22 20340
2020-07-13_14-11-22 20340
2020-07-13_14-11-22 20360
2020-07-13_14-11-22 20360
2020-07-13_14-11-22 20350
2020-07-13_14-11-22 20340
2020-07-13_14-11-22 20340
2020-07-13_14-11-22 20350
2020-07-13_14-11-22 20350
2020-07-13_14-11-22 20350
2020-07-13_14-11-22 20350
2020-07-13_14-11-22 20360
2020-07-13_14-11-22 20340
2020-07-13_14-11-22 20340
2020-07-13_14-11-22 20350
2020-07-13_14-11-22 20350
2020-07-13_14-11-22 20350
2020-07-13_14-11-22 20350
2020-07-13_14-11-22 20360
2020-07-13_14-11-22 20350
2020-07-13_14-11-22 20350
2020-07-13_14-11-22 20350
2020-07-13_14-11-22 20340
2020-07-13_14-11-22 20340
2020-07-13_14-11-22 20340
2020-07-13_14-11-22 20340
2020-07-13_14-11-22 20350
2020-07-13_14-11-22 20350
2020-07-13_14-11-22 20350
2020-07-13_14-11-22 20350
2020-07-13_14-11-22 20350
2020-07-13_14-11-22 20350
2020-07-13_14-11-22 20350
2020-07-13_14-11-22 20350
2020-07-13_14-11-22 20350
2020-07-13_14-11-22 20360
2020-07-13_14-11-22 20370
2020-07-13_14-11-22 20330
2020-07-13_14-11-22 20260
2020-07-13_14-11-22 20310
2020-07-13_14-11-22 20410
2020-07-13_14-11-22 20370
2020-07-13_14-11-22 20400
2020-07-13_14-11-22 20280
2020-07-13_14-11-22 20310
2020-07-13_14-11-22 20420
2020-07-13_14-11-22 20430
2020-07-13_14-11-22 20120
2020-07-13_14-11-22 19910
2020-07-13_14-11-22 20100
2020-07-13_14-11-22 20390
2020-07-13_14-11-22 20330
2020-07-13_14-11-22 20130
2020-07-13_14-11-22 20190
2020-07-13_14-11-22 20250
2020-07-13_14-11-22 20070
2020-07-13_14-11-22 20130
2020-07-13_14-11-22 19990
2020-07-13_14-11-22 20350
2020-07-13_14-11-22 20290
2020-07-13_14-11-22 20010
2020-07-13_14-11-22 20060
2020-07-13_14-11-22 20210
2020-07-13_14-11-22 20180
2020-07-13_14-11-22 20300
2020-07-13_14-11-22 20530
2020-07-13_14-11-22 20440
2020-07-13_14-11-22 20230
2020-07-13_14-11-22 29040
2020-07-13_14-11-22 28920
2020-07-13_14-11-22 29040
2020-07-13_14-11-22 29130
2020-07-13_14-11-22 29000
2020-07-13_14-11-22 29010
2020-07-13_14-11-22 29190
2020-07-13_14-11-22 29110
2020-07-13_14-11-22 28950
2020-07-13_14-11-22 29080
2020-07-13_14-11-22 29210
2020-07-13_14-11-22 29050
2020-07-13_14-11-22 28960
2020-07-13_14-11-22 26710
2020-07-13_14-11-22 32420
2020-07-13_14-11-22 32640
2020-07-13_14-11-22 32450
2020-07-13_14-11-22 32420
2020-07-13_14-11-22 32590
2020-07-13_14-11-22 32640
2020-07-13_14-11-22 32480
2020-07-13_14-11-22 32420
2020-07-13_14-11-22 32500
2020-07-13_14-11-22 32080
2020-07-13_14-11-22 30090
2020-07-13_14-11-22 27490
2020-07-13_14-11-22 25410
2020-07-13_14-11-22 24650
2020-07-13_14-11-22 24670
2020-07-13_14-11-22 24850
2020-07-13_14-11-22 25060
2020-07-13_14-11-22 25000
2020-07-13_14-11-22 23800
2020-07-13_14-11-22 21520
2020-07-13_14-11-22 17510
2020-07-13_14-11-22 17490
2020-07-13_14-11-22 17540
2020-07-13_14-11-22 17560
2020-07-13_14-11-22 17550
2020-07-13_14-11-22 17560
2020-07-13_14-11-22 17560
2020-07-13_14-11-22 17560
2020-07-13_14-11-22 17560
2020-07-13_14-11-22 20350
2020-07-13_14-11-22 20340
2020-07-13_14-11-22 20340
2020-07-13_14-11-22 20350
2020-07-13_14-11-22 20350
2020-07-13_14-11-22 20350
2020-07-13_14-11-22 20350
2020-07-13_14-11-22 20350
2020-07-13_14-11-22 20350
2020-07-13_14-11-22 20350
2020-07-13_14-11-22 20350
2020-07-13_14-11-22 20340
2020-07-13_14-11-22 20350
2020-07-13_14-11-22 20340
2020-07-13_14-11-22 20300
2020-07-13_14-11-22 20280
2020-07-13_14-11-22 20280
2020-07-13_14-11-22 20320
2020-07-13_14-11-22 20230
2020-07-13_14-11-22 20240
2020-07-13_14-11-22 20390
2020-07-13_14-11-22 20420
2020-07-13_14-11-22 20310
2020-07-13_14-11-22 19910
2020-07-13_14-11-22 20310
2020-07-13_14-11-22 20800
2020-07-13_14-11-22 22610
2020-07-13_14-11-22 25540
2020-07-13_14-11-22 28150
2020-07-13_14-11-22 29120
2020-07-13_14-11-22 29150
2020-07-13_14-11-22 28850
2020-07-13_14-11-22 28060
2020-07-13_14-11-22 25170
2020-07-13_14-11-22 24120
2020-07-13_14-11-22 24300
2020-07-13_14-11-22 26530
2020-07-13_14-11-22 29570
2020-07-13_14-11-22 31900
2020-07-13_14-11-22 32340
2020-07-13_14-11-22 32560
2020-07-13_14-11-22 19120
2020-07-13_14-11-22 17680
2020-07-13_14-11-22 17480
2020-07-13_14-11-22 17530
2020-07-13_14-11-22 17570
2020-07-13_14-11-22 17520
2020-07-13_14-11-22 17510
2020-07-13_14-11-22 17530
2020-07-13_14-11-22 17540
2020-07-13_14-11-22 17530
2020-07-13_14-11-22 17540
2020-07-13_14-11-22 17520
2020-07-13_14-11-22 17500
2020-07-13_14-11-22 17500
2020-07-13_14-11-22 17560
2020-07-13_14-11-22 17570
2020-07-13_14-11-22 17540
2020-07-13_14-11-22 17530
2020-07-13_14-11-22 17550
2020-07-13_14-11-22 17560
2020-07-13_14-11-22 17530
2020-07-13_14-11-22 17530
2020-07-13_14-11-22 17550
2020-07-13_14-11-22 17530
2020-07-13_14-11-22 17530
2020-07-13_14-11-22 17560
2020-07-13_14-11-22 17580
2020-07-13_14-11-22 17550
2020-07-13_14-11-22 17540
2020-07-13_14-11-22 17570
2020-07-13_14-11-22 17560
2020-07-13_14-11-23 17540
2020-07-13_14-11-23 17550
2020-07-13_14-11-23 17580
2020-07-13_14-11-23 17550
2020-07-13_14-11-23 17540
2020-07-13_14-11-23 17560
2020-07-13_14-11-23 17570
2020-07-13_14-11-23 17550
2020-07-13_14-11-23 17550
2020-07-13_14-11-23 17560
2020-07-13_14-11-23 17560
2020-07-13_14-11-23 17560
2020-07-13_14-11-23 17560
2020-07-13_14-11-23 17560
2020-07-13_14-11-23 17560
2020-07-13_14-11-23 17550
2020-07-13_14-11-23 17560
2020-07-13_14-11-23 17550
2020-07-13_14-11-23 17550
2020-07-13_14-11-23 17550
2020-07-13_14-11-23 17560
2020-07-13_14-11-23 17560
2020-07-13_14-11-23 17550
2020-07-13_14-11-23 17550
2020-07-13_14-11-23 17550
2020-07-13_14-11-23 17550
2020-07-13_14-11-23 17550
2020-07-13_14-11-23 17550
2020-07-13_14-11-23 17550
2020-07-13_14-11-23 17550
2020-07-13_14-11-23 17560
2020-07-13_14-11-23 17560
2020-07-13_14-11-23 17530
2020-07-13_14-11-23 17550
2020-07-13_14-11-23 17560
2020-07-13_14-11-23 17590
2020-07-13_14-11-23 17660
2020-07-13_14-11-23 17550
2020-07-13_14-11-23 17570
2020-07-13_14-11-23 17650
2020-07-13_14-11-23 17530
2020-07-13_14-11-23 17530
2020-07-13_14-11-23 17770
2020-07-13_14-11-23 17550
2020-07-13_14-11-23 16200
2020-07-13_14-11-23 10600
2020-07-13_14-11-23 8950
2020-07-13_14-11-23 8790
2020-07-13_14-11-23 9010
2020-07-13_14-11-23 8830
2020-07-13_14-11-23 8760
2020-07-13_14-11-23 8800
2020-07-13_14-11-23 8840
2020-07-13_14-11-23 8880
2020-07-13_14-11-23 8810
2020-07-13_14-11-23 8740
2020-07-13_14-11-23 8780
2020-07-13_14-11-23 8710
2020-07-13_14-11-23 6560
2020-07-13_14-11-23 1110
