2020-07-13_14-11-33 9980
2020-07-13_14-11-33 9970
2020-07-13_14-11-33 9960
2020-07-13_14-11-33 10010
2020-07-13_14-11-33 10640
2020-07-13_14-11-33 12240
2020-07-13_14-11-33 12600
2020-07-13_14-11-33 12540
2020-07-13_14-11-33 12550
2020-07-13_14-11-33 12590
2020-07-13_14-11-33 12560
2020-07-13_14-11-33 12580
2020-07-13_14-11-33 12570
2020-07-13_14-11-33 12550
2020-07-13_14-11-33 12560
2020-07-13_14-11-33 9730
2020-07-13_14-11-33 8940
2020-07-13_14-11-33 10930
2020-07-13_14-11-33 10830
2020-07-13_14-11-33 10930
2020-07-13_14-11-33 11000
2020-07-13_14-11-33 11040
2020-07-13_14-11-33 11030
2020-07-13_14-11-33 11010
2020-07-13_14-11-33 11010
2020-07-13_14-11-33 11020
2020-07-13_14-11-33 8700
2020-07-13_14-11-33 7870
2020-07-13_14-11-33 7820
2020-07-13_14-11-33 7940
2020-07-13_14-11-33 7980
2020-07-13_14-11-33 7800
2020-07-13_14-11-33 6050
2020-07-13_14-11-33 5220
2020-07-13_14-11-33 4960
2020-07-13_14-11-33 4950
2020-07-13_14-11-33 4960
2020-07-13_14-11-33 4960
2020-07-13_14-11-33 4970
2020-07-13_14-11-33 4960
2020-07-13_14-11-33 4960
2020-07-13_14-11-33 4950
2020-07-13_14-11-33 4960
2020-07-13_14-11-33 4960
2020-07-13_14-11-33 4960
2020-07-13_14-11-33 4970
2020-07-13_14-11-33 4980
2020-07-13_14-11-33 4950
2020-07-13_14-11-33 4960
2020-07-13_14-11-33 4960
2020-07-13_14-11-33 4950
2020-07-13_14-11-33 4990
2020-07-13_14-11-33 5000
2020-07-13_14-11-33 4970
2020-07-13_14-11-33 4980
2020-07-13_14-11-33 4980
2020-07-13_14-11-33 4970
2020-07-13_14-11-33 4980
2020-07-13_14-11-33 4990
2020-07-13_14-11-33 4980
2020-07-13_14-11-33 4980
2020-07-13_14-11-33 4980
2020-07-13_14-11-33 4980
2020-07-13_14-11-33 4980
2020-07-13_14-11-33 4980
2020-07-13_14-11-33 4980
2020-07-13_14-11-33 4980
2020-07-13_14-11-33 4980
2020-07-13_14-11-33 4980
2020-07-13_14-11-33 4980
2020-07-13_14-11-33 4980
2020-07-13_14-11-33 4980
2020-07-13_14-11-33 4970
2020-07-13_14-11-33 4970
2020-07-13_14-11-33 4980
2020-07-13_14-11-33 4970
2020-07-13_14-11-33 4970
2020-07-13_14-11-33 4970
2020-07-13_14-11-33 4970
2020-07-13_14-11-33 4970
2020-07-13_14-11-33 4970
2020-07-13_14-11-33 4970
2020-07-13_14-11-33 4980
2020-07-13_14-11-33 4980
2020-07-13_14-11-33 4980
2020-07-13_14-11-33 4980
2020-07-13_14-11-33 5000
2020-07-13_14-11-33 5010
2020-07-13_14-11-33 4980
2020-07-13_14-11-33 4970
2020-07-13_14-11-33 4960
2020-07-13_14-11-33 4970
2020-07-13_14-11-33 3300
2020-07-13_14-11-33 2420
2020-07-13_14-11-33 2390
2020-07-13_14-11-33 2400
2020-07-13_14-11-33 2390
2020-07-13_14-11-33 2380
2020-07-13_14-11-33 2400
2020-07-13_14-11-33 2400
2020-07-13_14-11-33 2290
