2020-07-13_14-10-36 880
2020-07-13_14-10-36 850
2020-07-13_14-10-36 820
2020-07-13_14-10-36 810
2020-07-13_14-10-36 820
2020-07-13_14-10-36 820
2020-07-13_14-10-36 870
2020-07-13_14-10-36 1110
2020-07-13_14-10-36 1430
2020-07-13_14-10-36 1690
2020-07-13_14-10-36 1740
2020-07-13_14-10-36 1690
2020-07-13_14-10-36 1650
2020-07-13_14-10-36 1640
2020-07-13_14-10-36 1650
2020-07-13_14-10-36 1660
2020-07-13_14-10-36 1660
2020-07-13_14-10-36 1650
2020-07-13_14-10-36 1650
2020-07-13_14-10-36 1650
2020-07-13_14-10-36 1660
2020-07-13_14-10-36 1660
2020-07-13_14-10-36 1670
2020-07-13_14-10-36 1670
2020-07-13_14-10-36 1670
2020-07-13_14-10-36 1660
2020-07-13_14-10-36 1650
2020-07-13_14-10-36 1650
2020-07-13_14-10-36 1650
2020-07-13_14-10-36 1650
2020-07-13_14-10-36 1650
2020-07-13_14-10-36 1650
2020-07-13_14-10-36 1660
2020-07-13_14-10-36 1660
2020-07-13_14-10-36 1660
2020-07-13_14-10-36 1660
2020-07-13_14-10-36 1660
2020-07-13_14-10-36 1670
2020-07-13_14-10-36 1680
2020-07-13_14-10-36 1670
2020-07-13_14-10-36 1670
2020-07-13_14-10-36 1660
2020-07-13_14-10-36 1660
2020-07-13_14-10-36 1580
2020-07-13_14-10-36 1340
2020-07-13_14-10-36 1060
2020-07-13_14-10-36 870
2020-07-13_14-10-36 850
2020-07-13_14-10-36 870
2020-07-13_14-10-36 860
2020-07-13_14-10-36 850
2020-07-13_14-10-36 830
2020-07-13_14-10-36 800
