2020-07-13_14-10-22 920
2020-07-13_14-10-22 1810
2020-07-13_14-10-22 2560
2020-07-13_14-10-22 2380
2020-07-13_14-10-22 2350
2020-07-13_14-10-22 2550
2020-07-13_14-10-22 2700
2020-07-13_14-10-22 2660
2020-07-13_14-10-22 2580
2020-07-13_14-10-22 2550
2020-07-13_14-10-22 2510
2020-07-13_14-10-22 2400
2020-07-13_14-10-22 2320
2020-07-13_14-10-22 2360
2020-07-13_14-10-22 2430
2020-07-13_14-10-22 2520
2020-07-13_14-10-22 3840
2020-07-13_14-10-22 6920
2020-07-13_14-10-22 9940
2020-07-13_14-10-22 11110
2020-07-13_14-10-22 10580
2020-07-13_14-10-22 10450
2020-07-13_14-10-22 10860
2020-07-13_14-10-22 10930
2020-07-13_14-10-22 10670
2020-07-13_14-10-22 10660
2020-07-13_14-10-22 10870
2020-07-13_14-10-22 10820
2020-07-13_14-10-22 10660
2020-07-13_14-10-22 10740
2020-07-13_14-10-22 10880
2020-07-13_14-10-22 10790
2020-07-13_14-10-22 10680
2020-07-13_14-10-22 10770
2020-07-13_14-10-22 10840
2020-07-13_14-10-22 10730
2020-07-13_14-10-22 10690
2020-07-13_14-10-22 10790
2020-07-13_14-10-22 10810
2020-07-13_14-10-22 10720
2020-07-13_14-10-22 10710
2020-07-13_14-10-22 10800
2020-07-13_14-10-22 10780
2020-07-13_14-10-22 10710
2020-07-13_14-10-22 10730
2020-07-13_14-10-22 10780
2020-07-13_14-10-22 10760
2020-07-13_14-10-22 10720
2020-07-13_14-10-22 10770
2020-07-13_14-10-22 10840
2020-07-13_14-10-22 10810
2020-07-13_14-10-22 10720
2020-07-13_14-10-22 10720
2020-07-13_14-10-22 10780
2020-07-13_14-10-22 10800
2020-07-13_14-10-22 10760
2020-07-13_14-10-22 10760
2020-07-13_14-10-22 10790
2020-07-13_14-10-22 10780
2020-07-13_14-10-22 10760
2020-07-13_14-10-22 10780
2020-07-13_14-10-22 10780
2020-07-13_14-10-22 10760
2020-07-13_14-10-22 10760
2020-07-13_14-10-22 10780
2020-07-13_14-10-22 10780
2020-07-13_14-10-22 10770
2020-07-13_14-10-22 10780
2020-07-13_14-10-22 10780
2020-07-13_14-10-22 10770
2020-07-13_14-10-22 10760
2020-07-13_14-10-22 10780
2020-07-13_14-10-22 10770
2020-07-13_14-10-22 10770
2020-07-13_14-10-22 10780
2020-07-13_14-10-22 10780
2020-07-13_14-10-22 10780
2020-07-13_14-10-22 10780
2020-07-13_14-10-22 10780
2020-07-13_14-10-22 10770
2020-07-13_14-10-22 10770
2020-07-13_14-10-22 10780
2020-07-13_14-10-22 10770
2020-07-13_14-10-22 10760
2020-07-13_14-10-22 10770
2020-07-13_14-10-22 10770
2020-07-13_14-10-22 10770
2020-07-13_14-10-22 10760
2020-07-13_14-10-22 10770
2020-07-13_14-10-22 10770
2020-07-13_14-10-22 10770
2020-07-13_14-10-22 10770
2020-07-13_14-10-22 10770
2020-07-13_14-10-22 10770
2020-07-13_14-10-22 10770
2020-07-13_14-10-22 10770
2020-07-13_14-10-22 10770
2020-07-13_14-10-22 10750
2020-07-13_14-10-22 10750
2020-07-13_14-10-22 10750
2020-07-13_14-10-22 10760
2020-07-13_14-10-22 10770
2020-07-13_14-10-22 10760
2020-07-13_14-10-22 10760
2020-07-13_14-10-22 10750
2020-07-13_14-10-22 10770
2020-07-13_14-10-22 10780
2020-07-13_14-10-22 10760
2020-07-13_14-10-22 10730
2020-07-13_14-10-22 10720
2020-07-13_14-10-22 10760
2020-07-13_14-10-22 10770
2020-07-13_14-10-22 10710
2020-07-13_14-10-22 10670
2020-07-13_14-10-22 10730
2020-07-13_14-10-22 10800
2020-07-13_14-10-22 10770
2020-07-13_14-10-22 10730
2020-07-13_14-10-22 10760
2020-07-13_14-10-22 10800
2020-07-13_14-10-22 10760
2020-07-13_14-10-22 10730
2020-07-13_14-10-22 10750
2020-07-13_14-10-22 10770
2020-07-13_14-10-22 10710
2020-07-13_14-10-22 10290
2020-07-13_14-10-22 9600
2020-07-13_14-10-22 8920
2020-07-13_14-10-22 8560
2020-07-13_14-10-22 8480
2020-07-13_14-10-22 8460
2020-07-13_14-10-22 8470
2020-07-13_14-10-22 8430
2020-07-13_14-10-22 8350
2020-07-13_14-10-22 8330
2020-07-13_14-10-22 8370
2020-07-13_14-10-22 8340
2020-07-13_14-10-22 8270
2020-07-13_14-10-22 8250
2020-07-13_14-10-22 8300
2020-07-13_14-10-22 8330
2020-07-13_14-10-22 8330
2020-07-13_14-10-22 8350
2020-07-13_14-10-22 8360
2020-07-13_14-10-22 8330
2020-07-13_14-10-22 7660
2020-07-13_14-10-22 5730
2020-07-13_14-10-22 3070
2020-07-13_14-10-22 950
