2020-07-13_14-11-16 12200
2020-07-13_14-11-16 12200
2020-07-13_14-11-16 12200
2020-07-13_14-11-16 12200
2020-07-13_14-11-16 12200
2020-07-13_14-11-16 12200
2020-07-13_14-11-16 12200
2020-07-13_14-11-16 12200
2020-07-13_14-11-16 12200
2020-07-13_14-11-16 12200
2020-07-13_14-11-16 12200
2020-07-13_14-11-16 12200
2020-07-13_14-11-16 12200
2020-07-13_14-11-16 12200
2020-07-13_14-11-16 12210
2020-07-13_14-11-16 12220
2020-07-13_14-11-16 12200
2020-07-13_14-11-16 12190
2020-07-13_14-11-16 12200
2020-07-13_14-11-16 12210
2020-07-13_14-11-16 12220
2020-07-13_14-11-16 12220
2020-07-13_14-11-16 12210
2020-07-13_14-11-16 12200
2020-07-13_14-11-16 12200
2020-07-13_14-11-16 12200
2020-07-13_14-11-16 12200
2020-07-13_14-11-16 12220
2020-07-13_14-11-16 12220
2020-07-13_14-11-16 12200
2020-07-13_14-11-16 12210
2020-07-13_14-11-16 12260
2020-07-13_14-11-16 12280
2020-07-13_14-11-16 12270
2020-07-13_14-11-16 12250
2020-07-13_14-11-16 12200
2020-07-13_14-11-16 12190
2020-07-13_14-11-16 12190
2020-07-13_14-11-16 12190
2020-07-13_14-11-16 12200
2020-07-13_14-11-16 12200
2020-07-13_14-11-16 12210
2020-07-13_14-11-16 12200
2020-07-13_14-11-16 12200
2020-07-13_14-11-16 12200
2020-07-13_14-11-16 12200
2020-07-13_14-11-16 12200
2020-07-13_14-11-16 12200
2020-07-13_14-11-16 12200
2020-07-13_14-11-16 12200
2020-07-13_14-11-16 12210
2020-07-13_14-11-16 12200
2020-07-13_14-11-16 12200
2020-07-13_14-11-16 12200
2020-07-13_14-11-16 12200
2020-07-13_14-11-16 12200
2020-07-13_14-11-16 12200
2020-07-13_14-11-16 12200
2020-07-13_14-11-16 12210
2020-07-13_14-11-16 12200
2020-07-13_14-11-16 12200
2020-07-13_14-11-16 12200
2020-07-13_14-11-16 12200
2020-07-13_14-11-16 12210
2020-07-13_14-11-16 12210
2020-07-13_14-11-16 12210
2020-07-13_14-11-16 12200
2020-07-13_14-11-16 12200
2020-07-13_14-11-16 12200
2020-07-13_14-11-16 12200
2020-07-13_14-11-16 12210
2020-07-13_14-11-16 12210
2020-07-13_14-11-16 12200
2020-07-13_14-11-16 12200
2020-07-13_14-11-16 12200
2020-07-13_14-11-16 12200
2020-07-13_14-11-16 12210
2020-07-13_14-11-16 12210
2020-07-13_14-11-16 12200
2020-07-13_14-11-16 12200
2020-07-13_14-11-16 12210
2020-07-13_14-11-16 12210
2020-07-13_14-11-16 12210
2020-07-13_14-11-16 12280
2020-07-13_14-11-16 12310
2020-07-13_14-11-16 12320
2020-07-13_14-11-16 12310
2020-07-13_14-11-16 12290
2020-07-13_14-11-16 12290
2020-07-13_14-11-16 12290
2020-07-13_14-11-16 12300
2020-07-13_14-11-16 12280
2020-07-13_14-11-16 12290
2020-07-13_14-11-16 12300
2020-07-13_14-11-16 12300
2020-07-13_14-11-16 12290
2020-07-13_14-11-16 12300
2020-07-13_14-11-16 12290
2020-07-13_14-11-16 12280
2020-07-13_14-11-16 12290
2020-07-13_14-11-16 12300
2020-07-13_14-11-16 12300
2020-07-13_14-11-16 12290
2020-07-13_14-11-16 12300
2020-07-13_14-11-16 12300
2020-07-13_14-11-16 12300
2020-07-13_14-11-16 12300
2020-07-13_14-11-16 12300
2020-07-13_14-11-16 12290
2020-07-13_14-11-16 12290
2020-07-13_14-11-16 12300
2020-07-13_14-11-16 12300
2020-07-13_14-11-16 12300
2020-07-13_14-11-16 12300
2020-07-13_14-11-16 12300
2020-07-13_14-11-16 12300
2020-07-13_14-11-16 12300
2020-07-13_14-11-16 12280
2020-07-13_14-11-16 12250
2020-07-13_14-11-16 12250
2020-07-13_14-11-16 12290
2020-07-13_14-11-16 12320
2020-07-13_14-11-16 12270
2020-07-13_14-11-16 12200
2020-07-13_14-11-16 12200
2020-07-13_14-11-16 12240
2020-07-13_14-11-16 12260
2020-07-13_14-11-16 12230
2020-07-13_14-11-16 12230
2020-07-13_14-11-16 12270
2020-07-13_14-11-16 12280
2020-07-13_14-11-16 12240
2020-07-13_14-11-16 12230
2020-07-13_14-11-16 12260
2020-07-13_14-11-16 12260
2020-07-13_14-11-16 12270
2020-07-13_14-11-16 12320
2020-07-13_14-11-16 12230
2020-07-13_14-11-16 12390
2020-07-13_14-11-16 12230
2020-07-13_14-11-16 12390
2020-07-13_14-11-16 12210
2020-07-13_14-11-16 11330
2020-07-13_14-11-16 10740
2020-07-13_14-11-16 10210
2020-07-13_14-11-16 10170
2020-07-13_14-11-16 10100
2020-07-13_14-11-16 9860
2020-07-13_14-11-16 9990
2020-07-13_14-11-16 10090
2020-07-13_14-11-16 9910
2020-07-13_14-11-16 10010
2020-07-13_14-11-16 10120
2020-07-13_14-11-16 9850
2020-07-13_14-11-16 9890
2020-07-13_14-11-16 8780
2020-07-13_14-11-16 5810
