2020-07-13_14-10-24 1220
2020-07-13_14-10-24 2170
2020-07-13_14-10-24 2650
2020-07-13_14-10-24 2530
2020-07-13_14-10-24 2390
2020-07-13_14-10-24 2450
2020-07-13_14-10-24 2520
2020-07-13_14-10-24 2470
2020-07-13_14-10-24 2440
2020-07-13_14-10-24 2470
2020-07-13_14-10-24 2470
2020-07-13_14-10-24 2420
2020-07-13_14-10-24 2420
2020-07-13_14-10-24 2480
2020-07-13_14-10-24 3280
2020-07-13_14-10-24 5010
2020-07-13_14-10-24 6550
2020-07-13_14-10-24 7210
2020-07-13_14-10-24 7130
2020-07-13_14-10-24 7180
2020-07-13_14-10-24 7230
2020-07-13_14-10-24 7210
2020-07-13_14-10-24 7200
2020-07-13_14-10-24 7220
2020-07-13_14-10-24 7210
2020-07-13_14-10-24 7200
2020-07-13_14-10-24 7210
2020-07-13_14-10-24 7210
2020-07-13_14-10-24 7220
2020-07-13_14-10-24 7220
2020-07-13_14-10-24 7200
2020-07-13_14-10-24 7190
2020-07-13_14-10-24 7200
2020-07-13_14-10-24 7210
2020-07-13_14-10-24 7200
2020-07-13_14-10-24 7220
2020-07-13_14-10-24 7230
2020-07-13_14-10-24 7210
2020-07-13_14-10-24 7210
2020-07-13_14-10-24 7210
2020-07-13_14-10-24 7220
2020-07-13_14-10-24 7210
2020-07-13_14-10-24 7200
2020-07-13_14-10-24 7200
2020-07-13_14-10-24 7200
2020-07-13_14-10-24 7200
2020-07-13_14-10-24 7200
2020-07-13_14-10-24 7210
2020-07-13_14-10-24 7210
2020-07-13_14-10-24 7210
2020-07-13_14-10-24 7220
2020-07-13_14-10-24 7220
2020-07-13_14-10-24 7210
2020-07-13_14-10-24 7210
2020-07-13_14-10-24 7200
2020-07-13_14-10-24 7200
2020-07-13_14-10-24 7220
2020-07-13_14-10-24 7210
2020-07-13_14-10-24 7210
2020-07-13_14-10-24 7220
2020-07-13_14-10-24 7210
2020-07-13_14-10-24 7210
2020-07-13_14-10-24 7220
2020-07-13_14-10-24 7210
2020-07-13_14-10-24 7210
2020-07-13_14-10-24 7210
2020-07-13_14-10-24 7210
2020-07-13_14-10-24 7210
2020-07-13_14-10-24 7220
2020-07-13_14-10-24 7210
2020-07-13_14-10-24 7210
2020-07-13_14-10-24 7210
2020-07-13_14-10-24 7210
2020-07-13_14-10-24 7210
2020-07-13_14-10-24 7210
2020-07-13_14-10-24 7210
2020-07-13_14-10-24 7210
2020-07-13_14-10-24 7210
2020-07-13_14-10-24 7210
2020-07-13_14-10-24 7210
2020-07-13_14-10-24 7210
2020-07-13_14-10-24 7210
2020-07-13_14-10-24 7220
2020-07-13_14-10-24 7220
2020-07-13_14-10-24 7210
2020-07-13_14-10-24 7210
2020-07-13_14-10-24 7210
2020-07-13_14-10-24 7210
2020-07-13_14-10-24 7210
2020-07-13_14-10-24 7210
2020-07-13_14-10-24 7210
2020-07-13_14-10-24 7210
2020-07-13_14-10-24 7210
2020-07-13_14-10-24 7210
2020-07-13_14-10-24 7210
2020-07-13_14-10-24 7210
2020-07-13_14-10-24 7210
2020-07-13_14-10-24 7210
2020-07-13_14-10-24 7210
2020-07-13_14-10-24 7210
2020-07-13_14-10-24 7210
2020-07-13_14-10-24 7220
2020-07-13_14-10-24 7220
2020-07-13_14-10-24 7210
2020-07-13_14-10-24 7210
2020-07-13_14-10-24 7210
2020-07-13_14-10-24 7210
2020-07-13_14-10-24 7210
2020-07-13_14-10-24 7210
2020-07-13_14-10-24 7210
2020-07-13_14-10-24 7210
2020-07-13_14-10-24 7210
2020-07-13_14-10-24 7210
2020-07-13_14-10-24 7210
2020-07-13_14-10-24 7210
2020-07-13_14-10-24 7210
2020-07-13_14-10-24 7210
2020-07-13_14-10-24 7210
2020-07-13_14-10-24 7210
2020-07-13_14-10-24 7210
2020-07-13_14-10-24 7210
2020-07-13_14-10-24 7210
2020-07-13_14-10-24 7210
2020-07-13_14-10-24 7210
2020-07-13_14-10-24 7210
2020-07-13_14-10-24 7210
2020-07-13_14-10-24 7210
2020-07-13_14-10-24 7210
2020-07-13_14-10-24 7210
2020-07-13_14-10-24 7210
2020-07-13_14-10-24 7200
2020-07-13_14-10-24 7180
2020-07-13_14-10-24 7200
2020-07-13_14-10-24 7210
2020-07-13_14-10-24 7200
2020-07-13_14-10-24 7190
2020-07-13_14-10-24 7190
2020-07-13_14-10-24 7200
2020-07-13_14-10-24 7180
2020-07-13_14-10-24 7190
2020-07-13_14-10-24 7200
2020-07-13_14-10-24 7200
2020-07-13_14-10-24 7180
2020-07-13_14-10-24 7170
2020-07-13_14-10-24 7210
2020-07-13_14-10-24 7200
2020-07-13_14-10-24 7160
2020-07-13_14-10-24 7190
2020-07-13_14-10-24 7200
2020-07-13_14-10-24 7190
2020-07-13_14-10-24 7200
2020-07-13_14-10-24 7210
2020-07-13_14-10-24 7230
2020-07-13_14-10-24 7210
2020-07-13_14-10-24 7180
2020-07-13_14-10-24 7210
2020-07-13_14-10-24 7210
2020-07-13_14-10-24 7220
2020-07-13_14-10-24 7220
2020-07-13_14-10-24 7210
2020-07-13_14-10-24 7200
2020-07-13_14-10-24 7200
2020-07-13_14-10-24 7200
2020-07-13_14-10-24 7210
2020-07-13_14-10-24 7200
2020-07-13_14-10-24 6900
2020-07-13_14-10-24 6230
2020-07-13_14-10-24 5520
2020-07-13_14-10-24 5100
2020-07-13_14-10-24 5090
2020-07-13_14-10-24 5110
2020-07-13_14-10-24 5060
2020-07-13_14-10-24 5030
2020-07-13_14-10-24 5020
2020-07-13_14-10-24 5010
2020-07-13_14-10-24 5000
2020-07-13_14-10-24 5030
2020-07-13_14-10-24 5050
2020-07-13_14-10-24 5050
2020-07-13_14-10-24 5040
2020-07-13_14-10-24 5040
2020-07-13_14-10-24 4960
2020-07-13_14-10-24 4340
2020-07-13_14-10-24 3010
2020-07-13_14-10-24 1430
