2020-07-13_14-10-23 1490
2020-07-13_14-10-23 2350
2020-07-13_14-10-23 2490
2020-07-13_14-10-23 2330
2020-07-13_14-10-23 2300
2020-07-13_14-10-23 2420
2020-07-13_14-10-23 2460
2020-07-13_14-10-23 2400
2020-07-13_14-10-23 2410
2020-07-13_14-10-23 2540
2020-07-13_14-10-23 2650
2020-07-13_14-10-23 3120
2020-07-13_14-10-23 5370
2020-07-13_14-10-23 8540
2020-07-13_14-10-23 10770
2020-07-13_14-10-23 10730
2020-07-13_14-10-23 9930
2020-07-13_14-10-23 10010
2020-07-13_14-10-23 10460
2020-07-13_14-10-23 10450
2020-07-13_14-10-23 10160
2020-07-13_14-10-23 10240
2020-07-13_14-10-23 10460
2020-07-13_14-10-23 10360
2020-07-13_14-10-23 10170
2020-07-13_14-10-23 10300
2020-07-13_14-10-23 10440
2020-07-13_14-10-23 10320
2020-07-13_14-10-23 10220
2020-07-13_14-10-23 10340
2020-07-13_14-10-23 10370
2020-07-13_14-10-23 10250
2020-07-13_14-10-23 10250
2020-07-13_14-10-23 10360
2020-07-13_14-10-23 10340
2020-07-13_14-10-23 10270
2020-07-13_14-10-23 10300
2020-07-13_14-10-23 10360
2020-07-13_14-10-23 10350
2020-07-13_14-10-23 10330
2020-07-13_14-10-23 10360
2020-07-13_14-10-23 10330
2020-07-13_14-10-23 10290
2020-07-13_14-10-23 10320
2020-07-13_14-10-23 10360
2020-07-13_14-10-23 10330
2020-07-13_14-10-23 10310
2020-07-13_14-10-23 10340
2020-07-13_14-10-23 10340
2020-07-13_14-10-23 10310
2020-07-13_14-10-23 10320
2020-07-13_14-10-23 10340
2020-07-13_14-10-23 10340
2020-07-13_14-10-23 10340
2020-07-13_14-10-23 10350
2020-07-13_14-10-23 10340
2020-07-13_14-10-23 10340
2020-07-13_14-10-23 10340
2020-07-13_14-10-23 10340
2020-07-13_14-10-23 10330
2020-07-13_14-10-23 10330
2020-07-13_14-10-23 10330
2020-07-13_14-10-23 10320
2020-07-13_14-10-23 10320
2020-07-13_14-10-23 10320
2020-07-13_14-10-23 10330
2020-07-13_14-10-23 10330
2020-07-13_14-10-23 10330
2020-07-13_14-10-23 10320
2020-07-13_14-10-23 10310
2020-07-13_14-10-23 10310
2020-07-13_14-10-23 10330
2020-07-13_14-10-23 10360
2020-07-13_14-10-23 10380
2020-07-13_14-10-23 10360
2020-07-13_14-10-23 10330
2020-07-13_14-10-23 10330
2020-07-13_14-10-23 10340
2020-07-13_14-10-23 10330
2020-07-13_14-10-23 10330
2020-07-13_14-10-23 10320
2020-07-13_14-10-23 10310
2020-07-13_14-10-23 10290
2020-07-13_14-10-23 10270
2020-07-13_14-10-23 10260
2020-07-13_14-10-23 10260
2020-07-13_14-10-23 10260
2020-07-13_14-10-23 10260
2020-07-13_14-10-23 10260
2020-07-13_14-10-23 10260
2020-07-13_14-10-23 10260
2020-07-13_14-10-23 10250
2020-07-13_14-10-23 10260
2020-07-13_14-10-23 10260
2020-07-13_14-10-23 10260
2020-07-13_14-10-23 10260
2020-07-13_14-10-23 10260
2020-07-13_14-10-23 10270
2020-07-13_14-10-23 10270
2020-07-13_14-10-23 10260
2020-07-13_14-10-23 10260
2020-07-13_14-10-23 10250
2020-07-13_14-10-23 10260
2020-07-13_14-10-23 10260
2020-07-13_14-10-23 10260
2020-07-13_14-10-23 10260
2020-07-13_14-10-23 10260
2020-07-13_14-10-23 10260
2020-07-13_14-10-23 10260
2020-07-13_14-10-23 10260
2020-07-13_14-10-23 10260
2020-07-13_14-10-23 10260
2020-07-13_14-10-23 10260
2020-07-13_14-10-23 10260
2020-07-13_14-10-23 10260
2020-07-13_14-10-23 10260
2020-07-13_14-10-23 10260
2020-07-13_14-10-23 10250
2020-07-13_14-10-23 10250
2020-07-13_14-10-23 10260
2020-07-13_14-10-23 10260
2020-07-13_14-10-23 10260
2020-07-13_14-10-23 10250
2020-07-13_14-10-23 10260
2020-07-13_14-10-23 10260
2020-07-13_14-10-23 10260
2020-07-13_14-10-23 10260
2020-07-13_14-10-23 10260
2020-07-13_14-10-23 10260
2020-07-13_14-10-23 10260
2020-07-13_14-10-23 10260
2020-07-13_14-10-23 10250
2020-07-13_14-10-23 10260
2020-07-13_14-10-23 10260
2020-07-13_14-10-23 10260
2020-07-13_14-10-23 10260
2020-07-13_14-10-23 10260
2020-07-13_14-10-23 10260
2020-07-13_14-10-23 10260
2020-07-13_14-10-23 10260
2020-07-13_14-10-23 10260
2020-07-13_14-10-23 10260
2020-07-13_14-10-23 10260
2020-07-13_14-10-23 10260
2020-07-13_14-10-23 10260
2020-07-13_14-10-23 10270
2020-07-13_14-10-23 10270
2020-07-13_14-10-23 10270
2020-07-13_14-10-23 10260
2020-07-13_14-10-23 10260
2020-07-13_14-10-23 10270
2020-07-13_14-10-23 10260
2020-07-13_14-10-23 10260
2020-07-13_14-10-23 10260
2020-07-13_14-10-23 10260
2020-07-13_14-10-23 10260
2020-07-13_14-10-23 10260
2020-07-13_14-10-23 10260
2020-07-13_14-10-23 10260
2020-07-13_14-10-23 10260
2020-07-13_14-10-23 10260
2020-07-13_14-10-23 10260
2020-07-13_14-10-23 10260
2020-07-13_14-10-23 10260
2020-07-13_14-10-23 10260
2020-07-13_14-10-23 10260
2020-07-13_14-10-23 10260
2020-07-13_14-10-23 10260
2020-07-13_14-10-23 10260
2020-07-13_14-10-23 10260
2020-07-13_14-10-23 10260
2020-07-13_14-10-23 10260
2020-07-13_14-10-23 10260
2020-07-13_14-10-23 10260
2020-07-13_14-10-23 10260
2020-07-13_14-10-23 10260
2020-07-13_14-10-23 10260
2020-07-13_14-10-23 10260
2020-07-13_14-10-23 10260
2020-07-13_14-10-23 10260
2020-07-13_14-10-23 10260
2020-07-13_14-10-23 10260
2020-07-13_14-10-23 10260
2020-07-13_14-10-23 10260
2020-07-13_14-10-23 10260
2020-07-13_14-10-23 10260
2020-07-13_14-10-23 10260
2020-07-13_14-10-23 10260
2020-07-13_14-10-23 10260
2020-07-13_14-10-23 10260
2020-07-13_14-10-23 10260
2020-07-13_14-10-23 10260
2020-07-13_14-10-23 10260
2020-07-13_14-10-23 10250
2020-07-13_14-10-23 10260
2020-07-13_14-10-23 10260
2020-07-13_14-10-23 10260
2020-07-13_14-10-23 10260
2020-07-13_14-10-23 10260
2020-07-13_14-10-23 10260
2020-07-13_14-10-23 10260
2020-07-13_14-10-23 10260
2020-07-13_14-10-23 10260
2020-07-13_14-10-23 10260
2020-07-13_14-10-23 10260
2020-07-13_14-10-23 10260
2020-07-13_14-10-23 10260
2020-07-13_14-10-23 10260
2020-07-13_14-10-23 10260
2020-07-13_14-10-23 10260
2020-07-13_14-10-23 10260
2020-07-13_14-10-23 10260
2020-07-13_14-10-23 10260
2020-07-13_14-10-23 10260
2020-07-13_14-10-23 10260
2020-07-13_14-10-23 10260
2020-07-13_14-10-23 10260
2020-07-13_14-10-23 10260
2020-07-13_14-10-23 10260
2020-07-13_14-10-23 10260
2020-07-13_14-10-23 10260
2020-07-13_14-10-23 10260
2020-07-13_14-10-23 10260
2020-07-13_14-10-23 10260
2020-07-13_14-10-23 10260
2020-07-13_14-10-23 10260
2020-07-13_14-10-23 10260
2020-07-13_14-10-23 10260
2020-07-13_14-10-23 10260
2020-07-13_14-10-23 10260
2020-07-13_14-10-23 10260
2020-07-13_14-10-23 10260
2020-07-13_14-10-23 10260
2020-07-13_14-10-23 10260
2020-07-13_14-10-23 10260
2020-07-13_14-10-23 10260
2020-07-13_14-10-23 10260
2020-07-13_14-10-23 10260
2020-07-13_14-10-23 10260
2020-07-13_14-10-23 10260
2020-07-13_14-10-23 10260
2020-07-13_14-10-23 10260
2020-07-13_14-10-23 10260
2020-07-13_14-10-23 10260
2020-07-13_14-10-23 10260
2020-07-13_14-10-23 10260
2020-07-13_14-10-23 10260
2020-07-13_14-10-23 10260
2020-07-13_14-10-23 10260
2020-07-13_14-10-23 10260
2020-07-13_14-10-23 10260
2020-07-13_14-10-23 10260
2020-07-13_14-10-23 10260
2020-07-13_14-10-23 10260
2020-07-13_14-10-23 10260
2020-07-13_14-10-23 10260
2020-07-13_14-10-23 10260
2020-07-13_14-10-23 10260
2020-07-13_14-10-23 10260
2020-07-13_14-10-23 10260
2020-07-13_14-10-23 10260
2020-07-13_14-10-23 10260
2020-07-13_14-10-23 10260
2020-07-13_14-10-23 10260
2020-07-13_14-10-23 10260
2020-07-13_14-10-23 10260
2020-07-13_14-10-23 10260
2020-07-13_14-10-23 10260
2020-07-13_14-10-23 10260
2020-07-13_14-10-23 10260
2020-07-13_14-10-23 10260
2020-07-13_14-10-23 10260
2020-07-13_14-10-23 10260
2020-07-13_14-10-23 10260
2020-07-13_14-10-23 10260
2020-07-13_14-10-23 10260
2020-07-13_14-10-23 10260
2020-07-13_14-10-23 10260
2020-07-13_14-10-23 10260
2020-07-13_14-10-23 10260
2020-07-13_14-10-23 10260
2020-07-13_14-10-23 10260
2020-07-13_14-10-23 10260
2020-07-13_14-10-23 10260
2020-07-13_14-10-23 10260
2020-07-13_14-10-23 10260
2020-07-13_14-10-23 10260
2020-07-13_14-10-23 10260
2020-07-13_14-10-23 10260
2020-07-13_14-10-23 10260
2020-07-13_14-10-23 10260
2020-07-13_14-10-23 10260
2020-07-13_14-10-23 10250
2020-07-13_14-10-23 10250
2020-07-13_14-10-23 10250
2020-07-13_14-10-23 10260
2020-07-13_14-10-23 10260
2020-07-13_14-10-23 10260
2020-07-13_14-10-23 10250
2020-07-13_14-10-23 10250
2020-07-13_14-10-23 10250
2020-07-13_14-10-23 10260
2020-07-13_14-10-23 10260
2020-07-13_14-10-23 10260
2020-07-13_14-10-23 10260
2020-07-13_14-10-23 10260
2020-07-13_14-10-23 10260
2020-07-13_14-10-23 10260
2020-07-13_14-10-23 10260
2020-07-13_14-10-23 10260
2020-07-13_14-10-23 10260
2020-07-13_14-10-23 10260
2020-07-13_14-10-23 10260
2020-07-13_14-10-23 10260
2020-07-13_14-10-23 10260
2020-07-13_14-10-23 10260
2020-07-13_14-10-23 10260
2020-07-13_14-10-23 10260
2020-07-13_14-10-23 10260
2020-07-13_14-10-23 10260
2020-07-13_14-10-23 10260
2020-07-13_14-10-23 10260
2020-07-13_14-10-23 10260
2020-07-13_14-10-23 10260
2020-07-13_14-10-23 10260
2020-07-13_14-10-23 10260
2020-07-13_14-10-23 10260
2020-07-13_14-10-23 10260
2020-07-13_14-10-23 10260
2020-07-13_14-10-24 10260
2020-07-13_14-10-24 10260
2020-07-13_14-10-24 10260
2020-07-13_14-10-24 10260
2020-07-13_14-10-24 10260
2020-07-13_14-10-24 10260
2020-07-13_14-10-24 10260
2020-07-13_14-10-24 10260
2020-07-13_14-10-24 10260
2020-07-13_14-10-24 10260
2020-07-13_14-10-24 10260
2020-07-13_14-10-24 10260
2020-07-13_14-10-24 10260
2020-07-13_14-10-24 10260
2020-07-13_14-10-24 10260
2020-07-13_14-10-24 10260
2020-07-13_14-10-24 10260
2020-07-13_14-10-24 10260
2020-07-13_14-10-24 10260
2020-07-13_14-10-24 10260
2020-07-13_14-10-24 10260
2020-07-13_14-10-24 10260
2020-07-13_14-10-24 10260
2020-07-13_14-10-24 10260
2020-07-13_14-10-24 10260
2020-07-13_14-10-24 10260
2020-07-13_14-10-24 10260
2020-07-13_14-10-24 10260
2020-07-13_14-10-24 10260
2020-07-13_14-10-24 10260
2020-07-13_14-10-24 10260
2020-07-13_14-10-24 10260
2020-07-13_14-10-24 10260
2020-07-13_14-10-24 10260
2020-07-13_14-10-24 10260
2020-07-13_14-10-24 10270
2020-07-13_14-10-24 10260
2020-07-13_14-10-24 10260
2020-07-13_14-10-24 10260
2020-07-13_14-10-24 10260
2020-07-13_14-10-24 10260
2020-07-13_14-10-24 10250
2020-07-13_14-10-24 10250
2020-07-13_14-10-24 10250
2020-07-13_14-10-24 10250
2020-07-13_14-10-24 10260
2020-07-13_14-10-24 10260
2020-07-13_14-10-24 10260
2020-07-13_14-10-24 10260
2020-07-13_14-10-24 10260
2020-07-13_14-10-24 10270
2020-07-13_14-10-24 10260
2020-07-13_14-10-24 10260
2020-07-13_14-10-24 10260
2020-07-13_14-10-24 10260
2020-07-13_14-10-24 10270
2020-07-13_14-10-24 10270
2020-07-13_14-10-24 10260
2020-07-13_14-10-24 10250
2020-07-13_14-10-24 10250
2020-07-13_14-10-24 10250
2020-07-13_14-10-24 10250
2020-07-13_14-10-24 10250
2020-07-13_14-10-24 10250
2020-07-13_14-10-24 10260
2020-07-13_14-10-24 10260
2020-07-13_14-10-24 10270
2020-07-13_14-10-24 10270
2020-07-13_14-10-24 10260
2020-07-13_14-10-24 10260
2020-07-13_14-10-24 10260
2020-07-13_14-10-24 10260
2020-07-13_14-10-24 10260
2020-07-13_14-10-24 10260
2020-07-13_14-10-24 10260
2020-07-13_14-10-24 10260
2020-07-13_14-10-24 10250
2020-07-13_14-10-24 10250
2020-07-13_14-10-24 10260
2020-07-13_14-10-24 10260
2020-07-13_14-10-24 10260
2020-07-13_14-10-24 10260
2020-07-13_14-10-24 10260
2020-07-13_14-10-24 10260
2020-07-13_14-10-24 10260
2020-07-13_14-10-24 10270
2020-07-13_14-10-24 10270
2020-07-13_14-10-24 10270
2020-07-13_14-10-24 10270
2020-07-13_14-10-24 10270
2020-07-13_14-10-24 10270
2020-07-13_14-10-24 10270
2020-07-13_14-10-24 10270
2020-07-13_14-10-24 10270
2020-07-13_14-10-24 10270
2020-07-13_14-10-24 10260
2020-07-13_14-10-24 10260
2020-07-13_14-10-24 10260
2020-07-13_14-10-24 10260
2020-07-13_14-10-24 10250
2020-07-13_14-10-24 10250
2020-07-13_14-10-24 10250
2020-07-13_14-10-24 10260
2020-07-13_14-10-24 10260
2020-07-13_14-10-24 10270
2020-07-13_14-10-24 10270
2020-07-13_14-10-24 10270
2020-07-13_14-10-24 10270
2020-07-13_14-10-24 10260
2020-07-13_14-10-24 10260
2020-07-13_14-10-24 10260
2020-07-13_14-10-24 10260
2020-07-13_14-10-24 10260
2020-07-13_14-10-24 10260
2020-07-13_14-10-24 10260
2020-07-13_14-10-24 10260
2020-07-13_14-10-24 10260
2020-07-13_14-10-24 10260
2020-07-13_14-10-24 10260
2020-07-13_14-10-24 10270
2020-07-13_14-10-24 10260
2020-07-13_14-10-24 10260
2020-07-13_14-10-24 10260
2020-07-13_14-10-24 10260
2020-07-13_14-10-24 10260
2020-07-13_14-10-24 10260
2020-07-13_14-10-24 10260
2020-07-13_14-10-24 10260
2020-07-13_14-10-24 10260
2020-07-13_14-10-24 10260
2020-07-13_14-10-24 10260
2020-07-13_14-10-24 10260
2020-07-13_14-10-24 10260
2020-07-13_14-10-24 10260
2020-07-13_14-10-24 10260
2020-07-13_14-10-24 10250
2020-07-13_14-10-24 10250
2020-07-13_14-10-24 10260
2020-07-13_14-10-24 10260
2020-07-13_14-10-24 10260
2020-07-13_14-10-24 10260
2020-07-13_14-10-24 10270
2020-07-13_14-10-24 10270
2020-07-13_14-10-24 10260
2020-07-13_14-10-24 10260
2020-07-13_14-10-24 10260
2020-07-13_14-10-24 10260
2020-07-13_14-10-24 10260
2020-07-13_14-10-24 10260
2020-07-13_14-10-24 10260
2020-07-13_14-10-24 10260
2020-07-13_14-10-24 10260
2020-07-13_14-10-24 10260
2020-07-13_14-10-24 10260
2020-07-13_14-10-24 10260
2020-07-13_14-10-24 10260
2020-07-13_14-10-24 10260
2020-07-13_14-10-24 10260
2020-07-13_14-10-24 10260
2020-07-13_14-10-24 10260
2020-07-13_14-10-24 10260
2020-07-13_14-10-24 10260
2020-07-13_14-10-24 10260
2020-07-13_14-10-24 10260
2020-07-13_14-10-24 10260
2020-07-13_14-10-24 10260
2020-07-13_14-10-24 10260
2020-07-13_14-10-24 10260
2020-07-13_14-10-24 10260
2020-07-13_14-10-24 10260
2020-07-13_14-10-24 10260
2020-07-13_14-10-24 10260
2020-07-13_14-10-24 10260
2020-07-13_14-10-24 10260
2020-07-13_14-10-24 10260
2020-07-13_14-10-24 10260
2020-07-13_14-10-24 10260
2020-07-13_14-10-24 10260
2020-07-13_14-10-24 10260
2020-07-13_14-10-24 10260
2020-07-13_14-10-24 10260
2020-07-13_14-10-24 10260
2020-07-13_14-10-24 10260
2020-07-13_14-10-24 10260
2020-07-13_14-10-24 10260
2020-07-13_14-10-24 10260
2020-07-13_14-10-24 10260
2020-07-13_14-10-24 10260
2020-07-13_14-10-24 10260
2020-07-13_14-10-24 10260
2020-07-13_14-10-24 10260
2020-07-13_14-10-24 10260
2020-07-13_14-10-24 10260
2020-07-13_14-10-24 10260
2020-07-13_14-10-24 10260
2020-07-13_14-10-24 10260
2020-07-13_14-10-24 10260
2020-07-13_14-10-24 10260
2020-07-13_14-10-24 10260
2020-07-13_14-10-24 10260
2020-07-13_14-10-24 10260
2020-07-13_14-10-24 10260
2020-07-13_14-10-24 10260
2020-07-13_14-10-24 10260
2020-07-13_14-10-24 10260
2020-07-13_14-10-24 10260
2020-07-13_14-10-24 10260
2020-07-13_14-10-24 10260
2020-07-13_14-10-24 10260
2020-07-13_14-10-24 10260
2020-07-13_14-10-24 10260
2020-07-13_14-10-24 10260
2020-07-13_14-10-24 10260
2020-07-13_14-10-24 10260
2020-07-13_14-10-24 10260
2020-07-13_14-10-24 10260
2020-07-13_14-10-24 10260
2020-07-13_14-10-24 10260
2020-07-13_14-10-24 10260
2020-07-13_14-10-24 10260
2020-07-13_14-10-24 10260
2020-07-13_14-10-24 10260
2020-07-13_14-10-24 10260
2020-07-13_14-10-24 10260
2020-07-13_14-10-24 10260
2020-07-13_14-10-24 10260
2020-07-13_14-10-24 10260
2020-07-13_14-10-24 10260
2020-07-13_14-10-24 10260
2020-07-13_14-10-24 10260
2020-07-13_14-10-24 10260
2020-07-13_14-10-24 10260
2020-07-13_14-10-24 10260
2020-07-13_14-10-24 10260
2020-07-13_14-10-24 10260
2020-07-13_14-10-24 10260
2020-07-13_14-10-24 10250
2020-07-13_14-10-24 10250
2020-07-13_14-10-24 10260
2020-07-13_14-10-24 10260
2020-07-13_14-10-24 10260
2020-07-13_14-10-24 10260
2020-07-13_14-10-24 10260
2020-07-13_14-10-24 10260
2020-07-13_14-10-24 10260
2020-07-13_14-10-24 10260
2020-07-13_14-10-24 10260
2020-07-13_14-10-24 10260
2020-07-13_14-10-24 10250
2020-07-13_14-10-24 10250
2020-07-13_14-10-24 10250
2020-07-13_14-10-24 10260
2020-07-13_14-10-24 10260
2020-07-13_14-10-24 10260
2020-07-13_14-10-24 10250
2020-07-13_14-10-24 10250
2020-07-13_14-10-24 10250
2020-07-13_14-10-24 10250
2020-07-13_14-10-24 10250
2020-07-13_14-10-24 10250
2020-07-13_14-10-24 10250
2020-07-13_14-10-24 10250
2020-07-13_14-10-24 10250
2020-07-13_14-10-24 10260
2020-07-13_14-10-24 10260
2020-07-13_14-10-24 10260
2020-07-13_14-10-24 10260
2020-07-13_14-10-24 10260
2020-07-13_14-10-24 10260
2020-07-13_14-10-24 10260
2020-07-13_14-10-24 10250
2020-07-13_14-10-24 10260
2020-07-13_14-10-24 10260
2020-07-13_14-10-24 10260
2020-07-13_14-10-24 10260
2020-07-13_14-10-24 10260
2020-07-13_14-10-24 10260
2020-07-13_14-10-24 10260
2020-07-13_14-10-24 10260
2020-07-13_14-10-24 10260
2020-07-13_14-10-24 10260
2020-07-13_14-10-24 10250
2020-07-13_14-10-24 10250
2020-07-13_14-10-24 10250
2020-07-13_14-10-24 10250
2020-07-13_14-10-24 10260
2020-07-13_14-10-24 10260
2020-07-13_14-10-24 10260
2020-07-13_14-10-24 10260
2020-07-13_14-10-24 10250
2020-07-13_14-10-24 10250
2020-07-13_14-10-24 10250
2020-07-13_14-10-24 10250
2020-07-13_14-10-24 10260
2020-07-13_14-10-24 10260
2020-07-13_14-10-24 10260
2020-07-13_14-10-24 10260
2020-07-13_14-10-24 10260
2020-07-13_14-10-24 10260
2020-07-13_14-10-24 10260
2020-07-13_14-10-24 10260
2020-07-13_14-10-24 10260
2020-07-13_14-10-24 10260
2020-07-13_14-10-24 10260
2020-07-13_14-10-24 10260
2020-07-13_14-10-24 10260
2020-07-13_14-10-24 10260
2020-07-13_14-10-24 10260
2020-07-13_14-10-24 10260
2020-07-13_14-10-24 10260
2020-07-13_14-10-24 10260
2020-07-13_14-10-24 10260
2020-07-13_14-10-24 10260
2020-07-13_14-10-24 10260
2020-07-13_14-10-24 10260
2020-07-13_14-10-24 10260
2020-07-13_14-10-24 10260
2020-07-13_14-10-24 10260
2020-07-13_14-10-24 10260
2020-07-13_14-10-24 10260
2020-07-13_14-10-24 10260
2020-07-13_14-10-24 10260
2020-07-13_14-10-24 10260
2020-07-13_14-10-24 10260
2020-07-13_14-10-24 10260
2020-07-13_14-10-24 10260
2020-07-13_14-10-24 10260
2020-07-13_14-10-24 10260
2020-07-13_14-10-24 10260
2020-07-13_14-10-24 10260
2020-07-13_14-10-24 10260
2020-07-13_14-10-24 10260
2020-07-13_14-10-24 10260
2020-07-13_14-10-24 10260
2020-07-13_14-10-24 10290
2020-07-13_14-10-24 10310
2020-07-13_14-10-24 10320
2020-07-13_14-10-24 10320
2020-07-13_14-10-24 10330
2020-07-13_14-10-24 10330
2020-07-13_14-10-24 10330
2020-07-13_14-10-24 10320
2020-07-13_14-10-24 10330
2020-07-13_14-10-24 10330
2020-07-13_14-10-24 10330
2020-07-13_14-10-24 10330
2020-07-13_14-10-24 10320
2020-07-13_14-10-24 10330
2020-07-13_14-10-24 10340
2020-07-13_14-10-24 10350
2020-07-13_14-10-24 10340
2020-07-13_14-10-24 10340
2020-07-13_14-10-24 10340
2020-07-13_14-10-24 10340
2020-07-13_14-10-24 10340
2020-07-13_14-10-24 10340
2020-07-13_14-10-24 10330
2020-07-13_14-10-24 10330
2020-07-13_14-10-24 10330
2020-07-13_14-10-24 10330
2020-07-13_14-10-24 10330
2020-07-13_14-10-24 10330
2020-07-13_14-10-24 10340
2020-07-13_14-10-24 10340
2020-07-13_14-10-24 10350
2020-07-13_14-10-24 10340
2020-07-13_14-10-24 10340
2020-07-13_14-10-24 10340
2020-07-13_14-10-24 10340
2020-07-13_14-10-24 10340
2020-07-13_14-10-24 10340
2020-07-13_14-10-24 10340
2020-07-13_14-10-24 10330
2020-07-13_14-10-24 10330
2020-07-13_14-10-24 10330
2020-07-13_14-10-24 10340
2020-07-13_14-10-24 10340
2020-07-13_14-10-24 10340
2020-07-13_14-10-24 10340
2020-07-13_14-10-24 10330
2020-07-13_14-10-24 10330
2020-07-13_14-10-24 10330
2020-07-13_14-10-24 10330
2020-07-13_14-10-24 10330
2020-07-13_14-10-24 10330
2020-07-13_14-10-24 10330
2020-07-13_14-10-24 10330
2020-07-13_14-10-24 10330
2020-07-13_14-10-24 10330
2020-07-13_14-10-24 10330
2020-07-13_14-10-24 10340
2020-07-13_14-10-24 10340
2020-07-13_14-10-24 10340
2020-07-13_14-10-24 10340
2020-07-13_14-10-24 10340
2020-07-13_14-10-24 10340
2020-07-13_14-10-24 10340
2020-07-13_14-10-24 10340
2020-07-13_14-10-24 10340
2020-07-13_14-10-24 10340
2020-07-13_14-10-24 10340
2020-07-13_14-10-24 10340
2020-07-13_14-10-24 10340
2020-07-13_14-10-24 10310
2020-07-13_14-10-24 10310
2020-07-13_14-10-24 10340
2020-07-13_14-10-24 10350
2020-07-13_14-10-24 10330
2020-07-13_14-10-24 10310
2020-07-13_14-10-24 10320
2020-07-13_14-10-24 10330
2020-07-13_14-10-24 10320
2020-07-13_14-10-24 10310
2020-07-13_14-10-24 10300
2020-07-13_14-10-24 10300
2020-07-13_14-10-24 10310
2020-07-13_14-10-24 10320
2020-07-13_14-10-24 10310
2020-07-13_14-10-24 10300
2020-07-13_14-10-24 10300
2020-07-13_14-10-24 10290
2020-07-13_14-10-24 10300
2020-07-13_14-10-24 10300
2020-07-13_14-10-24 10290
2020-07-13_14-10-24 10270
2020-07-13_14-10-24 10280
2020-07-13_14-10-24 10310
2020-07-13_14-10-24 10320
2020-07-13_14-10-24 10310
2020-07-13_14-10-24 10320
2020-07-13_14-10-24 10360
2020-07-13_14-10-24 10350
2020-07-13_14-10-24 10270
2020-07-13_14-10-24 10290
2020-07-13_14-10-24 10400
2020-07-13_14-10-24 10410
2020-07-13_14-10-24 10270
2020-07-13_14-10-24 10260
2020-07-13_14-10-24 10380
2020-07-13_14-10-24 10360
2020-07-13_14-10-24 10260
2020-07-13_14-10-24 10320
2020-07-13_14-10-24 10350
2020-07-13_14-10-24 9840
2020-07-13_14-10-24 9050
2020-07-13_14-10-24 8460
2020-07-13_14-10-24 8180
2020-07-13_14-10-24 8010
2020-07-13_14-10-24 7940
2020-07-13_14-10-24 8030
2020-07-13_14-10-24 8040
2020-07-13_14-10-24 7910
2020-07-13_14-10-24 7880
2020-07-13_14-10-24 7990
2020-07-13_14-10-24 8070
2020-07-13_14-10-24 8100
2020-07-13_14-10-24 8150
2020-07-13_14-10-24 8210
2020-07-13_14-10-24 8160
2020-07-13_14-10-24 8030
2020-07-13_14-10-24 7590
2020-07-13_14-10-24 6130
2020-07-13_14-10-24 3750
2020-07-13_14-10-24 1460
