2020-07-13_14-10-18 870
2020-07-13_14-10-18 1950
2020-07-13_14-10-18 2980
2020-07-13_14-10-18 2990
2020-07-13_14-10-18 2740
2020-07-13_14-10-18 2580
2020-07-13_14-10-18 2670
2020-07-13_14-10-18 2790
2020-07-13_14-10-18 2780
2020-07-13_14-10-18 2690
2020-07-13_14-10-18 2670
2020-07-13_14-10-18 2720
2020-07-13_14-10-18 2770
2020-07-13_14-10-18 4070
2020-07-13_14-10-18 7330
2020-07-13_14-10-18 10830
2020-07-13_14-10-18 12330
2020-07-13_14-10-18 11640
2020-07-13_14-10-18 11040
2020-07-13_14-10-18 11430
2020-07-13_14-10-18 11830
2020-07-13_14-10-18 11650
2020-07-13_14-10-18 11370
2020-07-13_14-10-18 11540
2020-07-13_14-10-18 11750
2020-07-13_14-10-18 11620
2020-07-13_14-10-18 11440
2020-07-13_14-10-18 11550
2020-07-13_14-10-18 11680
2020-07-13_14-10-18 11570
2020-07-13_14-10-18 11480
2020-07-13_14-10-18 11590
2020-07-13_14-10-18 11660
2020-07-13_14-10-18 11560
2020-07-13_14-10-18 11530
2020-07-13_14-10-18 11620
2020-07-13_14-10-18 11610
2020-07-13_14-10-18 11520
2020-07-13_14-10-18 11550
2020-07-13_14-10-18 11630
2020-07-13_14-10-18 11580
2020-07-13_14-10-18 11520
2020-07-13_14-10-18 11560
2020-07-13_14-10-18 11600
2020-07-13_14-10-18 11560
2020-07-13_14-10-18 11530
2020-07-13_14-10-18 11560
2020-07-13_14-10-18 11600
2020-07-13_14-10-18 11620
2020-07-13_14-10-18 11600
2020-07-13_14-10-18 11560
2020-07-13_14-10-18 11540
2020-07-13_14-10-18 11580
2020-07-13_14-10-18 11600
2020-07-13_14-10-18 11580
2020-07-13_14-10-18 11570
2020-07-13_14-10-18 11590
2020-07-13_14-10-18 11580
2020-07-13_14-10-18 11560
2020-07-13_14-10-18 11590
2020-07-13_14-10-18 11610
2020-07-13_14-10-18 11580
2020-07-13_14-10-18 11560
2020-07-13_14-10-18 11590
2020-07-13_14-10-18 11600
2020-07-13_14-10-18 11570
2020-07-13_14-10-18 11570
2020-07-13_14-10-18 11600
2020-07-13_14-10-18 11600
2020-07-13_14-10-18 11570
2020-07-13_14-10-18 11580
2020-07-13_14-10-18 11600
2020-07-13_14-10-18 11590
2020-07-13_14-10-18 11580
2020-07-13_14-10-18 11600
2020-07-13_14-10-18 11590
2020-07-13_14-10-18 11580
2020-07-13_14-10-18 11580
2020-07-13_14-10-18 11590
2020-07-13_14-10-18 11580
2020-07-13_14-10-18 11580
2020-07-13_14-10-18 11590
2020-07-13_14-10-18 11590
2020-07-13_14-10-18 11580
2020-07-13_14-10-18 11570
2020-07-13_14-10-18 11570
2020-07-13_14-10-18 11580
2020-07-13_14-10-18 11590
2020-07-13_14-10-18 11580
2020-07-13_14-10-18 11570
2020-07-13_14-10-18 11570
2020-07-13_14-10-18 11580
2020-07-13_14-10-18 11540
2020-07-13_14-10-18 11510
2020-07-13_14-10-18 11520
2020-07-13_14-10-18 11540
2020-07-13_14-10-18 11530
2020-07-13_14-10-18 11540
2020-07-13_14-10-18 11570
2020-07-13_14-10-18 11560
2020-07-13_14-10-18 11530
2020-07-13_14-10-18 11520
2020-07-13_14-10-18 11570
2020-07-13_14-10-18 11590
2020-07-13_14-10-18 11550
2020-07-13_14-10-18 11490
2020-07-13_14-10-18 11530
2020-07-13_14-10-18 11610
2020-07-13_14-10-18 11560
2020-07-13_14-10-18 11450
2020-07-13_14-10-18 11510
2020-07-13_14-10-18 11680
2020-07-13_14-10-18 11650
2020-07-13_14-10-18 11500
2020-07-13_14-10-18 11500
2020-07-13_14-10-18 11630
2020-07-13_14-10-18 11610
2020-07-13_14-10-18 11500
2020-07-13_14-10-18 11500
2020-07-13_14-10-18 11140
2020-07-13_14-10-18 10370
2020-07-13_14-10-18 9610
2020-07-13_14-10-18 9360
2020-07-13_14-10-18 9350
2020-07-13_14-10-18 9280
2020-07-13_14-10-18 9260
2020-07-13_14-10-18 9280
2020-07-13_14-10-18 9250
2020-07-13_14-10-18 9200
2020-07-13_14-10-18 9250
2020-07-13_14-10-18 9300
2020-07-13_14-10-18 9240
2020-07-13_14-10-18 9180
2020-07-13_14-10-18 9210
2020-07-13_14-10-18 8820
2020-07-13_14-10-18 6790
2020-07-13_14-10-18 3760
2020-07-13_14-10-18 1130
