2020-07-13_14-11-29 1030
2020-07-13_14-11-29 2590
2020-07-13_14-11-29 4110
2020-07-13_14-11-29 4060
2020-07-13_14-11-29 4200
2020-07-13_14-11-29 4220
2020-07-13_14-11-29 4120
2020-07-13_14-11-29 4100
2020-07-13_14-11-29 4170
2020-07-13_14-11-29 4160
2020-07-13_14-11-29 4100
2020-07-13_14-11-29 4160
2020-07-13_14-11-29 4140
2020-07-13_14-11-29 4200
2020-07-13_14-11-29 4230
2020-07-13_14-11-29 4450
2020-07-13_14-11-29 6260
2020-07-13_14-11-29 7090
2020-07-13_14-11-29 7290
2020-07-13_14-11-29 7360
2020-07-13_14-11-29 7360
2020-07-13_14-11-29 7380
2020-07-13_14-11-29 7480
2020-07-13_14-11-29 10280
2020-07-13_14-11-29 10800
2020-07-13_14-11-29 10780
2020-07-13_14-11-29 10810
2020-07-13_14-11-29 10820
2020-07-13_14-11-29 10820
2020-07-13_14-11-29 10810
2020-07-13_14-11-29 10810
2020-07-13_14-11-29 10850
2020-07-13_14-11-29 10840
2020-07-13_14-11-29 10860
2020-07-13_14-11-29 10850
2020-07-13_14-11-29 10840
2020-07-13_14-11-29 10850
2020-07-13_14-11-29 10850
2020-07-13_14-11-29 10840
2020-07-13_14-11-29 10840
2020-07-13_14-11-29 10840
2020-07-13_14-11-29 10840
2020-07-13_14-11-29 10840
2020-07-13_14-11-29 10840
2020-07-13_14-11-29 10850
2020-07-13_14-11-29 10840
2020-07-13_14-11-29 10840
2020-07-13_14-11-29 10840
2020-07-13_14-11-29 10840
2020-07-13_14-11-29 10840
2020-07-13_14-11-29 10840
2020-07-13_14-11-29 10850
2020-07-13_14-11-29 10850
2020-07-13_14-11-29 10850
2020-07-13_14-11-29 10840
2020-07-13_14-11-29 10840
2020-07-13_14-11-29 10840
2020-07-13_14-11-29 10840
2020-07-13_14-11-29 10840
2020-07-13_14-11-29 10840
2020-07-13_14-11-29 10840
2020-07-13_14-11-29 10840
2020-07-13_14-11-29 10840
2020-07-13_14-11-29 10840
2020-07-13_14-11-29 9830
2020-07-13_14-11-29 11360
2020-07-13_14-11-29 11740
2020-07-13_14-11-29 11760
2020-07-13_14-11-29 11740
2020-07-13_14-11-29 11790
2020-07-13_14-11-29 11840
2020-07-13_14-11-29 11830
2020-07-13_14-11-29 11810
2020-07-13_14-11-29 11830
2020-07-13_14-11-29 11810
2020-07-13_14-11-29 11810
2020-07-13_14-11-29 11830
2020-07-13_14-11-29 11840
2020-07-13_14-11-29 11840
2020-07-13_14-11-29 11870
2020-07-13_14-11-29 11890
2020-07-13_14-11-29 11250
2020-07-13_14-11-29 10060
2020-07-13_14-11-29 8900
2020-07-13_14-11-29 8310
2020-07-13_14-11-29 8470
2020-07-13_14-11-29 8510
2020-07-13_14-11-29 8500
2020-07-13_14-11-29 8530
2020-07-13_14-11-29 8560
2020-07-13_14-11-29 8210
2020-07-13_14-11-29 6060
2020-07-13_14-11-29 5120
2020-07-13_14-11-29 5110
2020-07-13_14-11-29 5120
2020-07-13_14-11-29 5120
2020-07-13_14-11-29 5120
2020-07-13_14-11-29 5110
2020-07-13_14-11-29 5110
2020-07-13_14-11-29 5110
2020-07-13_14-11-29 5110
2020-07-13_14-11-29 5110
2020-07-13_14-11-29 5110
2020-07-13_14-11-29 5110
2020-07-13_14-11-29 5170
2020-07-13_14-11-29 5150
2020-07-13_14-11-29 5110
2020-07-13_14-11-29 5110
2020-07-13_14-11-29 5120
2020-07-13_14-11-29 5120
2020-07-13_14-11-29 5120
2020-07-13_14-11-29 5110
2020-07-13_14-11-29 5110
2020-07-13_14-11-29 5110
2020-07-13_14-11-29 5120
2020-07-13_14-11-29 5120
2020-07-13_14-11-29 5110
2020-07-13_14-11-29 5110
2020-07-13_14-11-29 5120
2020-07-13_14-11-29 5120
2020-07-13_14-11-29 5120
2020-07-13_14-11-29 5120
2020-07-13_14-11-29 5130
2020-07-13_14-11-29 5120
2020-07-13_14-11-29 5110
2020-07-13_14-11-29 5100
2020-07-13_14-11-29 5120
2020-07-13_14-11-29 5120
2020-07-13_14-11-29 5120
2020-07-13_14-11-29 3580
2020-07-13_14-11-29 2500
2020-07-13_14-11-29 2480
2020-07-13_14-11-29 2480
2020-07-13_14-11-29 2470
2020-07-13_14-11-29 2470
2020-07-13_14-11-29 2470
2020-07-13_14-11-29 2470
2020-07-13_14-11-29 2470
2020-07-13_14-11-29 2450
2020-07-13_14-11-29 2450
2020-07-13_14-11-29 2460
2020-07-13_14-11-29 2350
2020-07-13_14-11-29 900
