2020-07-13_14-11-00 920
2020-07-13_14-11-00 1530
2020-07-13_14-11-00 1760
2020-07-13_14-11-00 1680
2020-07-13_14-11-00 1660
2020-07-13_14-11-00 1700
2020-07-13_14-11-00 1690
2020-07-13_14-11-00 1670
2020-07-13_14-11-00 1700
2020-07-13_14-11-00 1710
2020-07-13_14-11-00 1700
2020-07-13_14-11-00 1690
2020-07-13_14-11-00 1700
2020-07-13_14-11-00 1700
2020-07-13_14-11-00 1880
2020-07-13_14-11-00 2870
2020-07-13_14-11-00 4100
2020-07-13_14-11-00 4960
2020-07-13_14-11-00 5000
2020-07-13_14-11-00 4890
2020-07-13_14-11-00 4930
2020-07-13_14-11-00 4960
2020-07-13_14-11-00 4930
2020-07-13_14-11-00 4940
2020-07-13_14-11-00 4970
2020-07-13_14-11-00 4960
2020-07-13_14-11-00 4940
2020-07-13_14-11-00 4950
2020-07-13_14-11-00 4950
2020-07-13_14-11-00 4940
2020-07-13_14-11-00 4940
2020-07-13_14-11-00 4930
2020-07-13_14-11-00 4950
2020-07-13_14-11-00 4950
2020-07-13_14-11-00 4940
2020-07-13_14-11-00 4940
2020-07-13_14-11-00 4940
2020-07-13_14-11-00 4950
2020-07-13_14-11-00 4950
2020-07-13_14-11-00 4950
2020-07-13_14-11-00 4950
2020-07-13_14-11-00 4950
2020-07-13_14-11-00 4950
2020-07-13_14-11-00 4950
2020-07-13_14-11-00 4960
2020-07-13_14-11-00 4960
2020-07-13_14-11-00 4950
2020-07-13_14-11-00 4940
2020-07-13_14-11-00 4950
2020-07-13_14-11-00 4950
2020-07-13_14-11-00 4950
2020-07-13_14-11-00 4950
2020-07-13_14-11-00 4950
2020-07-13_14-11-00 4950
2020-07-13_14-11-00 4960
2020-07-13_14-11-00 4950
2020-07-13_14-11-00 4950
2020-07-13_14-11-00 4950
2020-07-13_14-11-00 4950
2020-07-13_14-11-00 4950
2020-07-13_14-11-00 4950
2020-07-13_14-11-00 4950
2020-07-13_14-11-00 4950
2020-07-13_14-11-00 4960
2020-07-13_14-11-00 4960
2020-07-13_14-11-00 4960
2020-07-13_14-11-00 4960
2020-07-13_14-11-00 4960
2020-07-13_14-11-00 4960
2020-07-13_14-11-00 4950
2020-07-13_14-11-00 4960
2020-07-13_14-11-00 4960
2020-07-13_14-11-00 4950
2020-07-13_14-11-00 4950
2020-07-13_14-11-00 4950
2020-07-13_14-11-00 4950
2020-07-13_14-11-00 4960
2020-07-13_14-11-00 4960
2020-07-13_14-11-00 4960
2020-07-13_14-11-00 4960
2020-07-13_14-11-00 4960
2020-07-13_14-11-00 4950
2020-07-13_14-11-00 4950
2020-07-13_14-11-00 4950
2020-07-13_14-11-00 4950
2020-07-13_14-11-00 4950
2020-07-13_14-11-00 4950
2020-07-13_14-11-00 4950
2020-07-13_14-11-00 4950
2020-07-13_14-11-00 4950
2020-07-13_14-11-00 4950
2020-07-13_14-11-00 4960
2020-07-13_14-11-00 4960
2020-07-13_14-11-00 4960
2020-07-13_14-11-00 4950
2020-07-13_14-11-00 4950
2020-07-13_14-11-00 4950
2020-07-13_14-11-00 4940
2020-07-13_14-11-00 4950
2020-07-13_14-11-00 4950
2020-07-13_14-11-00 4960
2020-07-13_14-11-00 4960
2020-07-13_14-11-00 4960
2020-07-13_14-11-00 4950
2020-07-13_14-11-00 4950
2020-07-13_14-11-00 4950
2020-07-13_14-11-00 4960
2020-07-13_14-11-00 4960
2020-07-13_14-11-00 4960
2020-07-13_14-11-00 4950
2020-07-13_14-11-00 4950
2020-07-13_14-11-00 4950
2020-07-13_14-11-00 4950
2020-07-13_14-11-00 4950
2020-07-13_14-11-00 4950
2020-07-13_14-11-00 4950
2020-07-13_14-11-00 4950
2020-07-13_14-11-00 4950
2020-07-13_14-11-00 4950
2020-07-13_14-11-00 4950
2020-07-13_14-11-00 4950
2020-07-13_14-11-00 4950
2020-07-13_14-11-00 4950
2020-07-13_14-11-00 4950
2020-07-13_14-11-00 4950
2020-07-13_14-11-00 4950
2020-07-13_14-11-00 4950
2020-07-13_14-11-00 4950
2020-07-13_14-11-00 4950
2020-07-13_14-11-00 4950
2020-07-13_14-11-00 4950
2020-07-13_14-11-00 4950
2020-07-13_14-11-00 4950
2020-07-13_14-11-00 4950
2020-07-13_14-11-00 4950
2020-07-13_14-11-00 4950
2020-07-13_14-11-00 4950
2020-07-13_14-11-00 4950
2020-07-13_14-11-00 4950
2020-07-13_14-11-00 4950
2020-07-13_14-11-00 4950
2020-07-13_14-11-00 4950
2020-07-13_14-11-00 4950
2020-07-13_14-11-00 4950
2020-07-13_14-11-00 4950
2020-07-13_14-11-00 4950
2020-07-13_14-11-00 4950
2020-07-13_14-11-00 4950
2020-07-13_14-11-00 4950
2020-07-13_14-11-00 4950
2020-07-13_14-11-00 4950
2020-07-13_14-11-00 4950
2020-07-13_14-11-00 4950
2020-07-13_14-11-00 4950
2020-07-13_14-11-00 4950
2020-07-13_14-11-00 4950
2020-07-13_14-11-00 4950
2020-07-13_14-11-00 4950
2020-07-13_14-11-00 4950
2020-07-13_14-11-00 4950
2020-07-13_14-11-00 4950
2020-07-13_14-11-00 4950
2020-07-13_14-11-00 4950
2020-07-13_14-11-00 4950
2020-07-13_14-11-00 4950
2020-07-13_14-11-00 4950
2020-07-13_14-11-00 4950
2020-07-13_14-11-00 4950
2020-07-13_14-11-00 4950
2020-07-13_14-11-00 4950
2020-07-13_14-11-00 4950
2020-07-13_14-11-00 4950
2020-07-13_14-11-00 4950
2020-07-13_14-11-00 4950
2020-07-13_14-11-00 4950
2020-07-13_14-11-00 4950
2020-07-13_14-11-00 4950
2020-07-13_14-11-00 4950
2020-07-13_14-11-00 4950
2020-07-13_14-11-00 4950
2020-07-13_14-11-00 4950
2020-07-13_14-11-00 4950
2020-07-13_14-11-00 4950
2020-07-13_14-11-00 4950
2020-07-13_14-11-00 4950
2020-07-13_14-11-00 4950
2020-07-13_14-11-00 4950
2020-07-13_14-11-00 4950
2020-07-13_14-11-00 4950
2020-07-13_14-11-00 4950
2020-07-13_14-11-00 4950
2020-07-13_14-11-00 4950
2020-07-13_14-11-00 4950
2020-07-13_14-11-00 4950
2020-07-13_14-11-00 4950
2020-07-13_14-11-00 4950
2020-07-13_14-11-00 4950
2020-07-13_14-11-00 4950
2020-07-13_14-11-00 4950
2020-07-13_14-11-00 4950
2020-07-13_14-11-00 4950
2020-07-13_14-11-00 4950
2020-07-13_14-11-00 4960
2020-07-13_14-11-00 4960
2020-07-13_14-11-00 4960
2020-07-13_14-11-00 4950
2020-07-13_14-11-00 4950
2020-07-13_14-11-00 4950
2020-07-13_14-11-00 4960
2020-07-13_14-11-00 4960
2020-07-13_14-11-00 4960
2020-07-13_14-11-00 4950
2020-07-13_14-11-00 4950
2020-07-13_14-11-00 4950
2020-07-13_14-11-00 4960
2020-07-13_14-11-00 4960
2020-07-13_14-11-00 4960
2020-07-13_14-11-00 4950
2020-07-13_14-11-00 4950
2020-07-13_14-11-00 4950
2020-07-13_14-11-00 4960
2020-07-13_14-11-00 4960
2020-07-13_14-11-00 4950
2020-07-13_14-11-00 4950
2020-07-13_14-11-00 4950
2020-07-13_14-11-00 4950
2020-07-13_14-11-00 4950
2020-07-13_14-11-00 4950
2020-07-13_14-11-00 4950
2020-07-13_14-11-00 4950
2020-07-13_14-11-00 4950
2020-07-13_14-11-00 4950
2020-07-13_14-11-00 4960
2020-07-13_14-11-00 4950
2020-07-13_14-11-00 4950
2020-07-13_14-11-00 4960
2020-07-13_14-11-00 4950
2020-07-13_14-11-00 4960
2020-07-13_14-11-00 4960
2020-07-13_14-11-00 4960
2020-07-13_14-11-00 4950
2020-07-13_14-11-00 4950
2020-07-13_14-11-00 4960
2020-07-13_14-11-00 4950
2020-07-13_14-11-00 4950
2020-07-13_14-11-00 4950
2020-07-13_14-11-00 4950
2020-07-13_14-11-00 4950
2020-07-13_14-11-00 4950
2020-07-13_14-11-00 4950
2020-07-13_14-11-00 4950
2020-07-13_14-11-00 4950
2020-07-13_14-11-00 4950
2020-07-13_14-11-00 4950
2020-07-13_14-11-00 4950
2020-07-13_14-11-00 4950
2020-07-13_14-11-00 4950
2020-07-13_14-11-00 4950
2020-07-13_14-11-00 4950
2020-07-13_14-11-00 4950
2020-07-13_14-11-00 4950
2020-07-13_14-11-00 4950
2020-07-13_14-11-00 4950
2020-07-13_14-11-00 4950
2020-07-13_14-11-00 4950
2020-07-13_14-11-00 4950
2020-07-13_14-11-00 4950
2020-07-13_14-11-00 4950
2020-07-13_14-11-00 4950
2020-07-13_14-11-00 4950
2020-07-13_14-11-00 4950
2020-07-13_14-11-00 4950
2020-07-13_14-11-00 4950
2020-07-13_14-11-00 4950
2020-07-13_14-11-00 4950
2020-07-13_14-11-00 4950
2020-07-13_14-11-00 4950
2020-07-13_14-11-00 4950
2020-07-13_14-11-00 4950
2020-07-13_14-11-00 4950
2020-07-13_14-11-00 4950
2020-07-13_14-11-00 4950
2020-07-13_14-11-00 4950
2020-07-13_14-11-00 4950
2020-07-13_14-11-00 4960
2020-07-13_14-11-00 4950
2020-07-13_14-11-00 4950
2020-07-13_14-11-00 4950
2020-07-13_14-11-00 4950
2020-07-13_14-11-00 4950
2020-07-13_14-11-00 4950
2020-07-13_14-11-00 4950
2020-07-13_14-11-00 4950
2020-07-13_14-11-00 4950
2020-07-13_14-11-00 4950
2020-07-13_14-11-00 4950
2020-07-13_14-11-00 4950
2020-07-13_14-11-00 4950
2020-07-13_14-11-00 4950
2020-07-13_14-11-00 4950
2020-07-13_14-11-00 4950
2020-07-13_14-11-00 4950
2020-07-13_14-11-00 4950
2020-07-13_14-11-00 4950
2020-07-13_14-11-00 4950
2020-07-13_14-11-00 4950
2020-07-13_14-11-00 4950
2020-07-13_14-11-00 4950
2020-07-13_14-11-00 4950
2020-07-13_14-11-00 4950
2020-07-13_14-11-00 4950
2020-07-13_14-11-00 4950
2020-07-13_14-11-00 4950
2020-07-13_14-11-00 4950
2020-07-13_14-11-00 4950
2020-07-13_14-11-00 4950
2020-07-13_14-11-00 4950
2020-07-13_14-11-00 4950
2020-07-13_14-11-00 4950
2020-07-13_14-11-00 4960
2020-07-13_14-11-00 4960
2020-07-13_14-11-00 4960
2020-07-13_14-11-00 4960
2020-07-13_14-11-00 4960
2020-07-13_14-11-00 4960
2020-07-13_14-11-00 4960
2020-07-13_14-11-00 4960
2020-07-13_14-11-00 4960
2020-07-13_14-11-00 4960
2020-07-13_14-11-00 4950
2020-07-13_14-11-00 4960
2020-07-13_14-11-00 4950
2020-07-13_14-11-00 4950
2020-07-13_14-11-00 4950
2020-07-13_14-11-00 4950
2020-07-13_14-11-00 4950
2020-07-13_14-11-00 4950
2020-07-13_14-11-00 4950
2020-07-13_14-11-00 4950
2020-07-13_14-11-00 4950
2020-07-13_14-11-00 4950
2020-07-13_14-11-00 4950
2020-07-13_14-11-00 4960
2020-07-13_14-11-00 4960
2020-07-13_14-11-00 4960
2020-07-13_14-11-00 4960
2020-07-13_14-11-00 4960
2020-07-13_14-11-00 4950
2020-07-13_14-11-00 4950
2020-07-13_14-11-00 4950
2020-07-13_14-11-00 4950
2020-07-13_14-11-00 4950
2020-07-13_14-11-00 4950
2020-07-13_14-11-00 4950
2020-07-13_14-11-00 4950
2020-07-13_14-11-00 4960
2020-07-13_14-11-00 4960
2020-07-13_14-11-00 4950
2020-07-13_14-11-00 4950
2020-07-13_14-11-00 4950
2020-07-13_14-11-00 4950
2020-07-13_14-11-00 4960
2020-07-13_14-11-00 4960
2020-07-13_14-11-00 4960
2020-07-13_14-11-00 4950
2020-07-13_14-11-00 4950
2020-07-13_14-11-00 4960
2020-07-13_14-11-00 4960
2020-07-13_14-11-00 4960
2020-07-13_14-11-00 4950
2020-07-13_14-11-00 4960
2020-07-13_14-11-00 4950
2020-07-13_14-11-00 4950
2020-07-13_14-11-00 4950
2020-07-13_14-11-00 4940
2020-07-13_14-11-00 4930
2020-07-13_14-11-00 4940
2020-07-13_14-11-00 4960
2020-07-13_14-11-00 4980
2020-07-13_14-11-00 4970
2020-07-13_14-11-00 4940
2020-07-13_14-11-00 4910
2020-07-13_14-11-00 4890
2020-07-13_14-11-00 4880
2020-07-13_14-11-00 4870
2020-07-13_14-11-00 4860
2020-07-13_14-11-00 4860
2020-07-13_14-11-00 4860
2020-07-13_14-11-00 4860
2020-07-13_14-11-00 4860
2020-07-13_14-11-00 4860
2020-07-13_14-11-00 4860
2020-07-13_14-11-00 4860
2020-07-13_14-11-00 4860
2020-07-13_14-11-00 4870
2020-07-13_14-11-00 4870
2020-07-13_14-11-00 4870
2020-07-13_14-11-00 4890
2020-07-13_14-11-00 4930
2020-07-13_14-11-00 4950
2020-07-13_14-11-00 4950
2020-07-13_14-11-00 4950
2020-07-13_14-11-00 4950
2020-07-13_14-11-00 4940
2020-07-13_14-11-00 4950
2020-07-13_14-11-00 4970
2020-07-13_14-11-00 4980
2020-07-13_14-11-00 4970
2020-07-13_14-11-00 4950
2020-07-13_14-11-00 4950
2020-07-13_14-11-00 4940
2020-07-13_14-11-00 4930
2020-07-13_14-11-00 4920
2020-07-13_14-11-00 4930
2020-07-13_14-11-00 4940
2020-07-13_14-11-00 4960
2020-07-13_14-11-00 4960
2020-07-13_14-11-00 4950
2020-07-13_14-11-00 4940
2020-07-13_14-11-00 4940
2020-07-13_14-11-00 4970
2020-07-13_14-11-00 4990
2020-07-13_14-11-00 4960
2020-07-13_14-11-00 4950
2020-07-13_14-11-00 4950
2020-07-13_14-11-00 4970
2020-07-13_14-11-00 4960
2020-07-13_14-11-00 4940
2020-07-13_14-11-00 4950
2020-07-13_14-11-00 4950
2020-07-13_14-11-00 4950
2020-07-13_14-11-00 4950
2020-07-13_14-11-00 4950
2020-07-13_14-11-00 4960
2020-07-13_14-11-00 4960
2020-07-13_14-11-00 4960
2020-07-13_14-11-00 4960
2020-07-13_14-11-00 4950
2020-07-13_14-11-00 4950
2020-07-13_14-11-00 4950
2020-07-13_14-11-00 4960
2020-07-13_14-11-00 4950
2020-07-13_14-11-00 4960
2020-07-13_14-11-00 4950
2020-07-13_14-11-00 4950
2020-07-13_14-11-00 4950
2020-07-13_14-11-00 4950
2020-07-13_14-11-00 4960
2020-07-13_14-11-00 4950
2020-07-13_14-11-00 4950
2020-07-13_14-11-00 4950
2020-07-13_14-11-00 4950
2020-07-13_14-11-00 4950
2020-07-13_14-11-00 4950
2020-07-13_14-11-00 4950
2020-07-13_14-11-00 4950
2020-07-13_14-11-00 4950
2020-07-13_14-11-00 4960
2020-07-13_14-11-00 4950
2020-07-13_14-11-00 4950
2020-07-13_14-11-00 4950
2020-07-13_14-11-00 4950
2020-07-13_14-11-00 4940
2020-07-13_14-11-00 4950
2020-07-13_14-11-00 4940
2020-07-13_14-11-00 4950
2020-07-13_14-11-00 4950
2020-07-13_14-11-00 4950
2020-07-13_14-11-00 4950
2020-07-13_14-11-00 4940
2020-07-13_14-11-00 4950
2020-07-13_14-11-00 4940
2020-07-13_14-11-00 4940
2020-07-13_14-11-00 4930
2020-07-13_14-11-00 4940
2020-07-13_14-11-00 4940
2020-07-13_14-11-00 4910
2020-07-13_14-11-00 4930
2020-07-13_14-11-00 4960
2020-07-13_14-11-00 4920
2020-07-13_14-11-00 4920
2020-07-13_14-11-00 4960
2020-07-13_14-11-00 4970
2020-07-13_14-11-00 4950
2020-07-13_14-11-00 4960
2020-07-13_14-11-00 4970
2020-07-13_14-11-00 4920
2020-07-13_14-11-00 4920
2020-07-13_14-11-00 4960
2020-07-13_14-11-00 4960
2020-07-13_14-11-00 4960
2020-07-13_14-11-00 4950
2020-07-13_14-11-00 4950
2020-07-13_14-11-00 4920
2020-07-13_14-11-00 4950
2020-07-13_14-11-00 4970
2020-07-13_14-11-00 4930
2020-07-13_14-11-00 4900
2020-07-13_14-11-00 4600
2020-07-13_14-11-00 4060
2020-07-13_14-11-00 3520
2020-07-13_14-11-00 3290
2020-07-13_14-11-00 3250
2020-07-13_14-11-00 3250
2020-07-13_14-11-00 3260
2020-07-13_14-11-00 3270
2020-07-13_14-11-00 3250
2020-07-13_14-11-00 3240
2020-07-13_14-11-00 3240
2020-07-13_14-11-00 3250
2020-07-13_14-11-00 3250
2020-07-13_14-11-00 3260
2020-07-13_14-11-00 3260
2020-07-13_14-11-00 3260
2020-07-13_14-11-00 3260
2020-07-13_14-11-00 3280
2020-07-13_14-11-00 3310
2020-07-13_14-11-00 3290
2020-07-13_14-11-00 3270
2020-07-13_14-11-00 3190
2020-07-13_14-11-00 2590
2020-07-13_14-11-00 1530
