2020-07-13_14-11-07 9520
2020-07-13_14-11-07 9520
2020-07-13_14-11-07 9520
2020-07-13_14-11-07 9520
2020-07-13_14-11-07 9520
2020-07-13_14-11-07 9520
2020-07-13_14-11-07 9520
2020-07-13_14-11-07 9520
2020-07-13_14-11-07 9520
2020-07-13_14-11-07 9520
2020-07-13_14-11-07 9520
2020-07-13_14-11-07 9520
2020-07-13_14-11-07 9520
2020-07-13_14-11-07 9520
2020-07-13_14-11-07 9520
2020-07-13_14-11-07 9520
2020-07-13_14-11-07 9520
2020-07-13_14-11-07 9520
2020-07-13_14-11-07 9520
2020-07-13_14-11-07 9520
2020-07-13_14-11-07 9520
2020-07-13_14-11-07 9520
2020-07-13_14-11-07 9520
2020-07-13_14-11-07 9520
2020-07-13_14-11-07 9520
2020-07-13_14-11-07 9520
2020-07-13_14-11-07 9520
2020-07-13_14-11-07 9520
2020-07-13_14-11-07 9520
2020-07-13_14-11-07 9520
2020-07-13_14-11-07 9520
2020-07-13_14-11-07 9520
2020-07-13_14-11-07 9520
2020-07-13_14-11-07 9520
2020-07-13_14-11-07 9520
2020-07-13_14-11-07 9520
2020-07-13_14-11-07 9520
2020-07-13_14-11-07 9520
2020-07-13_14-11-07 9520
2020-07-13_14-11-07 9520
2020-07-13_14-11-07 9520
2020-07-13_14-11-07 9520
2020-07-13_14-11-07 9520
2020-07-13_14-11-07 9520
2020-07-13_14-11-07 9520
2020-07-13_14-11-07 9520
2020-07-13_14-11-07 9520
2020-07-13_14-11-07 9520
2020-07-13_14-11-07 9520
2020-07-13_14-11-07 9520
2020-07-13_14-11-07 9520
2020-07-13_14-11-07 8780
2020-07-13_14-11-07 7290
2020-07-13_14-11-07 7140
2020-07-13_14-11-07 7090
2020-07-13_14-11-07 7070
2020-07-13_14-11-07 7100
2020-07-13_14-11-07 7180
2020-07-13_14-11-07 7180
2020-07-13_14-11-07 7180
2020-07-13_14-11-07 6430
2020-07-13_14-11-07 2330
