2020-07-13_14-10-17 1530
2020-07-13_14-10-17 2290
2020-07-13_14-10-17 2300
2020-07-13_14-10-17 2200
2020-07-13_14-10-17 2240
2020-07-13_14-10-17 2300
2020-07-13_14-10-17 2270
2020-07-13_14-10-17 2260
2020-07-13_14-10-17 2400
2020-07-13_14-10-17 2600
2020-07-13_14-10-17 2660
2020-07-13_14-10-17 2610
2020-07-13_14-10-17 2540
2020-07-13_14-10-17 2560
2020-07-13_14-10-17 2890
2020-07-13_14-10-17 4820
2020-07-13_14-10-17 7840
2020-07-13_14-10-17 10250
2020-07-13_14-10-17 10690
2020-07-13_14-10-17 10230
2020-07-13_14-10-17 10370
2020-07-13_14-10-18 10680
2020-07-13_14-10-18 10590
2020-07-13_14-10-18 10400
2020-07-13_14-10-18 10480
2020-07-13_14-10-18 10620
2020-07-13_14-10-18 10520
2020-07-13_14-10-18 10440
2020-07-13_14-10-18 10510
2020-07-13_14-10-18 10550
2020-07-13_14-10-18 10490
2020-07-13_14-10-18 10480
2020-07-13_14-10-18 10540
2020-07-13_14-10-18 10540
2020-07-13_14-10-18 10500
2020-07-13_14-10-18 10500
2020-07-13_14-10-18 10530
2020-07-13_14-10-18 10520
2020-07-13_14-10-18 10510
2020-07-13_14-10-18 10510
2020-07-13_14-10-18 10510
2020-07-13_14-10-18 10510
2020-07-13_14-10-18 10520
2020-07-13_14-10-18 10510
2020-07-13_14-10-18 10500
2020-07-13_14-10-18 10520
2020-07-13_14-10-18 10540
2020-07-13_14-10-18 10520
2020-07-13_14-10-18 10500
2020-07-13_14-10-18 10520
2020-07-13_14-10-18 10530
2020-07-13_14-10-18 10510
2020-07-13_14-10-18 10510
2020-07-13_14-10-18 10530
2020-07-13_14-10-18 10520
2020-07-13_14-10-18 10510
2020-07-13_14-10-18 10530
2020-07-13_14-10-18 10540
2020-07-13_14-10-18 10520
2020-07-13_14-10-18 10510
2020-07-13_14-10-18 10520
2020-07-13_14-10-18 10520
2020-07-13_14-10-18 10500
2020-07-13_14-10-18 10510
2020-07-13_14-10-18 10520
2020-07-13_14-10-18 10510
2020-07-13_14-10-18 10510
2020-07-13_14-10-18 10520
2020-07-13_14-10-18 10520
2020-07-13_14-10-18 10520
2020-07-13_14-10-18 10520
2020-07-13_14-10-18 10520
2020-07-13_14-10-18 10520
2020-07-13_14-10-18 10510
2020-07-13_14-10-18 10530
2020-07-13_14-10-18 10520
2020-07-13_14-10-18 10520
2020-07-13_14-10-18 10520
2020-07-13_14-10-18 10520
2020-07-13_14-10-18 10510
2020-07-13_14-10-18 10510
2020-07-13_14-10-18 10520
2020-07-13_14-10-18 10520
2020-07-13_14-10-18 10520
2020-07-13_14-10-18 10520
2020-07-13_14-10-18 10530
2020-07-13_14-10-18 10530
2020-07-13_14-10-18 10530
2020-07-13_14-10-18 10520
2020-07-13_14-10-18 10520
2020-07-13_14-10-18 10520
2020-07-13_14-10-18 10520
2020-07-13_14-10-18 10520
2020-07-13_14-10-18 10520
2020-07-13_14-10-18 10520
2020-07-13_14-10-18 10520
2020-07-13_14-10-18 10520
2020-07-13_14-10-18 10520
2020-07-13_14-10-18 10520
2020-07-13_14-10-18 10520
2020-07-13_14-10-18 10520
2020-07-13_14-10-18 10520
2020-07-13_14-10-18 10510
2020-07-13_14-10-18 10510
2020-07-13_14-10-18 10510
2020-07-13_14-10-18 10510
2020-07-13_14-10-18 10510
2020-07-13_14-10-18 10510
2020-07-13_14-10-18 10520
2020-07-13_14-10-18 10520
2020-07-13_14-10-18 10520
2020-07-13_14-10-18 10520
2020-07-13_14-10-18 10520
2020-07-13_14-10-18 10520
2020-07-13_14-10-18 10510
2020-07-13_14-10-18 10510
2020-07-13_14-10-18 10510
2020-07-13_14-10-18 10510
2020-07-13_14-10-18 10510
2020-07-13_14-10-18 10510
2020-07-13_14-10-18 10510
2020-07-13_14-10-18 10510
2020-07-13_14-10-18 10510
2020-07-13_14-10-18 10520
2020-07-13_14-10-18 10530
2020-07-13_14-10-18 10520
2020-07-13_14-10-18 10520
2020-07-13_14-10-18 10520
2020-07-13_14-10-18 10520
2020-07-13_14-10-18 10520
2020-07-13_14-10-18 10520
2020-07-13_14-10-18 10520
2020-07-13_14-10-18 10520
2020-07-13_14-10-18 10520
2020-07-13_14-10-18 10520
2020-07-13_14-10-18 10520
2020-07-13_14-10-18 10520
2020-07-13_14-10-18 10520
2020-07-13_14-10-18 10520
2020-07-13_14-10-18 10520
2020-07-13_14-10-18 10520
2020-07-13_14-10-18 10520
2020-07-13_14-10-18 10520
2020-07-13_14-10-18 10520
2020-07-13_14-10-18 10520
2020-07-13_14-10-18 10520
2020-07-13_14-10-18 10520
2020-07-13_14-10-18 10510
2020-07-13_14-10-18 10510
2020-07-13_14-10-18 10500
2020-07-13_14-10-18 10510
2020-07-13_14-10-18 10500
2020-07-13_14-10-18 10500
2020-07-13_14-10-18 10500
2020-07-13_14-10-18 10490
2020-07-13_14-10-18 10500
2020-07-13_14-10-18 10500
2020-07-13_14-10-18 10490
2020-07-13_14-10-18 10490
2020-07-13_14-10-18 10490
2020-07-13_14-10-18 10480
2020-07-13_14-10-18 10450
2020-07-13_14-10-18 10440
2020-07-13_14-10-18 10500
2020-07-13_14-10-18 10530
2020-07-13_14-10-18 10490
2020-07-13_14-10-18 10490
2020-07-13_14-10-18 10530
2020-07-13_14-10-18 10490
2020-07-13_14-10-18 10440
2020-07-13_14-10-18 10490
2020-07-13_14-10-18 10570
2020-07-13_14-10-18 10520
2020-07-13_14-10-18 10460
2020-07-13_14-10-18 10530
2020-07-13_14-10-18 10560
2020-07-13_14-10-18 10480
2020-07-13_14-10-18 10440
2020-07-13_14-10-18 10530
2020-07-13_14-10-18 10310
2020-07-13_14-10-18 9610
2020-07-13_14-10-18 8930
2020-07-13_14-10-18 8540
2020-07-13_14-10-18 8380
2020-07-13_14-10-18 8240
2020-07-13_14-10-18 8270
2020-07-13_14-10-18 8390
2020-07-13_14-10-18 8360
2020-07-13_14-10-18 8270
2020-07-13_14-10-18 8370
2020-07-13_14-10-18 8460
2020-07-13_14-10-18 8380
2020-07-13_14-10-18 8240
2020-07-13_14-10-18 8270
2020-07-13_14-10-18 8330
2020-07-13_14-10-18 8310
2020-07-13_14-10-18 8270
2020-07-13_14-10-18 7690
2020-07-13_14-10-18 5680
2020-07-13_14-10-18 2940
2020-07-13_14-10-18 770
