2020-07-13_14-11-02 3680
2020-07-13_14-11-02 3960
2020-07-13_14-11-02 3880
2020-07-13_14-11-02 3910
2020-07-13_14-11-02 3870
2020-07-13_14-11-02 3960
2020-07-13_14-11-02 3890
2020-07-13_14-11-02 3960
2020-07-13_14-11-02 3950
2020-07-13_14-11-02 3980
2020-07-13_14-11-02 3990
2020-07-13_14-11-02 4600
2020-07-13_14-11-02 5370
2020-07-13_14-11-02 6580
2020-07-13_14-11-02 6690
2020-07-13_14-11-02 6650
2020-07-13_14-11-02 6720
2020-07-13_14-11-02 7540
2020-07-13_14-11-02 9240
2020-07-13_14-11-02 9720
2020-07-13_14-11-02 9650
2020-07-13_14-11-02 9700
2020-07-13_14-11-02 9650
2020-07-13_14-11-02 9680
2020-07-13_14-11-02 9700
2020-07-13_14-11-02 9670
2020-07-13_14-11-02 9700
2020-07-13_14-11-02 9690
2020-07-13_14-11-02 9670
2020-07-13_14-11-02 9680
2020-07-13_14-11-02 9690
2020-07-13_14-11-02 9670
2020-07-13_14-11-02 9680
2020-07-13_14-11-02 9670
2020-07-13_14-11-02 9670
2020-07-13_14-11-02 9720
2020-07-13_14-11-02 9610
2020-07-13_14-11-02 9670
2020-07-13_14-11-02 9730
2020-07-13_14-11-02 9670
2020-07-13_14-11-02 9700
2020-07-13_14-11-02 9680
2020-07-13_14-11-02 9700
2020-07-13_14-11-02 9680
2020-07-13_14-11-02 9690
2020-07-13_14-11-02 9700
