2020-07-13_14-11-10 2750
2020-07-13_14-11-10 2610
2020-07-13_14-11-10 5670
2020-07-13_14-11-10 8720
2020-07-13_14-11-10 8310
2020-07-13_14-11-10 8580
2020-07-13_14-11-10 8580
2020-07-13_14-11-10 8570
2020-07-13_14-11-10 8670
2020-07-13_14-11-10 8710
2020-07-13_14-11-10 8670
2020-07-13_14-11-10 8570
2020-07-13_14-11-10 8630
2020-07-13_14-11-10 8670
2020-07-13_14-11-10 8590
2020-07-13_14-11-10 8710
2020-07-13_14-11-10 8660
2020-07-13_14-11-10 8650
2020-07-13_14-11-10 8680
2020-07-13_14-11-10 8680
2020-07-13_14-11-10 8650
2020-07-13_14-11-10 8690
2020-07-13_14-11-10 8670
2020-07-13_14-11-10 8690
2020-07-13_14-11-10 8680
2020-07-13_14-11-10 8670
2020-07-13_14-11-10 8670
2020-07-13_14-11-10 8670
2020-07-13_14-11-10 8680
2020-07-13_14-11-10 8680
2020-07-13_14-11-10 8680
2020-07-13_14-11-10 8680
2020-07-13_14-11-10 8680
2020-07-13_14-11-10 8670
2020-07-13_14-11-10 8680
2020-07-13_14-11-10 8690
2020-07-13_14-11-10 8680
2020-07-13_14-11-10 8680
2020-07-13_14-11-10 8690
2020-07-13_14-11-10 8690
2020-07-13_14-11-10 8690
2020-07-13_14-11-10 8680
2020-07-13_14-11-10 8670
2020-07-13_14-11-10 8680
2020-07-13_14-11-10 8690
2020-07-13_14-11-10 8690
2020-07-13_14-11-10 8690
2020-07-13_14-11-10 8690
2020-07-13_14-11-10 8680
2020-07-13_14-11-10 8680
2020-07-13_14-11-10 8670
2020-07-13_14-11-10 8670
2020-07-13_14-11-10 8670
2020-07-13_14-11-10 8660
2020-07-13_14-11-10 8650
2020-07-13_14-11-10 8640
2020-07-13_14-11-10 8610
2020-07-13_14-11-10 8520
2020-07-13_14-11-10 8580
2020-07-13_14-11-10 8610
2020-07-13_14-11-10 8670
2020-07-13_14-11-10 8680
2020-07-13_14-11-10 8610
2020-07-13_14-11-10 8620
2020-07-13_14-11-10 8640
2020-07-13_14-11-10 8300
2020-07-13_14-11-10 6940
2020-07-13_14-11-10 6410
2020-07-13_14-11-10 6410
2020-07-13_14-11-10 6350
2020-07-13_14-11-10 6420
2020-07-13_14-11-10 6180
2020-07-13_14-11-10 3920
