2020-07-13_14-11-00 1060
2020-07-13_14-11-00 1770
2020-07-13_14-11-00 2050
2020-07-13_14-11-00 1930
2020-07-13_14-11-00 1850
2020-07-13_14-11-00 1940
2020-07-13_14-11-00 2000
2020-07-13_14-11-00 1950
2020-07-13_14-11-00 1890
2020-07-13_14-11-00 1930
2020-07-13_14-11-00 1980
2020-07-13_14-11-00 1960
2020-07-13_14-11-00 1910
2020-07-13_14-11-00 1910
2020-07-13_14-11-00 2070
2020-07-13_14-11-00 3370
2020-07-13_14-11-00 5900
2020-07-13_14-11-00 8320
2020-07-13_14-11-00 9110
2020-07-13_14-11-00 8510
2020-07-13_14-11-00 8230
2020-07-13_14-11-00 8570
2020-07-13_14-11-00 8800
2020-07-13_14-11-00 8610
2020-07-13_14-11-00 8430
2020-07-13_14-11-00 8590
2020-07-13_14-11-00 8710
2020-07-13_14-11-00 8580
2020-07-13_14-11-00 8450
2020-07-13_14-11-00 8550
2020-07-13_14-11-00 8670
2020-07-13_14-11-00 8620
2020-07-13_14-11-00 8540
2020-07-13_14-11-00 8580
2020-07-13_14-11-00 8640
2020-07-13_14-11-00 8600
2020-07-13_14-11-00 8540
2020-07-13_14-11-00 8560
2020-07-13_14-11-00 8620
2020-07-13_14-11-00 8600
2020-07-13_14-11-00 8550
2020-07-13_14-11-00 8570
2020-07-13_14-11-00 8610
2020-07-13_14-11-00 8600
2020-07-13_14-11-00 8570
2020-07-13_14-11-00 8580
2020-07-13_14-11-00 8610
2020-07-13_14-11-00 8600
2020-07-13_14-11-00 8600
2020-07-13_14-11-00 8600
2020-07-13_14-11-00 8590
2020-07-13_14-11-00 8570
2020-07-13_14-11-00 8580
2020-07-13_14-11-00 8600
2020-07-13_14-11-00 8600
2020-07-13_14-11-00 8580
2020-07-13_14-11-00 8600
2020-07-13_14-11-00 8610
2020-07-13_14-11-00 8600
2020-07-13_14-11-00 8590
2020-07-13_14-11-00 8610
2020-07-13_14-11-00 8600
2020-07-13_14-11-00 8590
2020-07-13_14-11-00 8600
2020-07-13_14-11-00 8600
2020-07-13_14-11-00 8590
2020-07-13_14-11-00 8590
2020-07-13_14-11-00 8600
2020-07-13_14-11-00 8600
2020-07-13_14-11-00 8600
2020-07-13_14-11-00 8600
2020-07-13_14-11-00 8610
2020-07-13_14-11-00 8600
2020-07-13_14-11-00 8600
2020-07-13_14-11-00 8600
2020-07-13_14-11-00 8590
2020-07-13_14-11-00 8590
2020-07-13_14-11-00 8600
2020-07-13_14-11-00 8600
2020-07-13_14-11-00 8600
2020-07-13_14-11-00 8600
2020-07-13_14-11-00 8600
2020-07-13_14-11-00 8590
2020-07-13_14-11-00 8590
2020-07-13_14-11-00 8600
2020-07-13_14-11-00 8600
2020-07-13_14-11-00 8600
2020-07-13_14-11-00 8600
2020-07-13_14-11-00 8600
2020-07-13_14-11-00 8590
2020-07-13_14-11-00 8590
2020-07-13_14-11-00 8590
2020-07-13_14-11-00 8590
2020-07-13_14-11-00 8590
2020-07-13_14-11-00 8600
2020-07-13_14-11-00 8590
2020-07-13_14-11-00 8590
2020-07-13_14-11-00 8590
2020-07-13_14-11-00 8600
2020-07-13_14-11-00 8600
2020-07-13_14-11-00 8600
2020-07-13_14-11-00 8600
2020-07-13_14-11-00 8600
2020-07-13_14-11-00 8600
2020-07-13_14-11-00 8590
2020-07-13_14-11-00 8590
2020-07-13_14-11-00 8600
2020-07-13_14-11-00 8600
2020-07-13_14-11-00 8600
2020-07-13_14-11-00 8590
2020-07-13_14-11-00 8600
2020-07-13_14-11-00 8600
2020-07-13_14-11-00 8600
2020-07-13_14-11-00 8600
2020-07-13_14-11-00 8600
2020-07-13_14-11-00 8600
2020-07-13_14-11-00 8600
2020-07-13_14-11-00 8590
2020-07-13_14-11-00 8590
2020-07-13_14-11-00 8590
2020-07-13_14-11-00 8590
2020-07-13_14-11-00 8590
2020-07-13_14-11-00 8600
2020-07-13_14-11-00 8600
2020-07-13_14-11-00 8600
2020-07-13_14-11-00 8600
2020-07-13_14-11-00 8600
2020-07-13_14-11-00 8600
2020-07-13_14-11-00 8600
2020-07-13_14-11-00 8600
2020-07-13_14-11-00 8600
2020-07-13_14-11-00 8600
2020-07-13_14-11-00 8600
2020-07-13_14-11-00 8600
2020-07-13_14-11-00 8600
2020-07-13_14-11-00 8600
2020-07-13_14-11-00 8590
2020-07-13_14-11-00 8600
2020-07-13_14-11-00 8600
2020-07-13_14-11-00 8600
2020-07-13_14-11-00 8600
2020-07-13_14-11-00 8600
2020-07-13_14-11-00 8600
2020-07-13_14-11-00 8600
2020-07-13_14-11-00 8600
2020-07-13_14-11-00 8600
2020-07-13_14-11-00 8600
2020-07-13_14-11-00 8600
2020-07-13_14-11-00 8600
2020-07-13_14-11-00 8600
2020-07-13_14-11-00 8600
2020-07-13_14-11-00 8600
2020-07-13_14-11-00 8600
2020-07-13_14-11-00 8600
2020-07-13_14-11-00 8600
2020-07-13_14-11-00 8600
2020-07-13_14-11-00 8600
2020-07-13_14-11-00 8600
2020-07-13_14-11-00 8600
2020-07-13_14-11-00 8600
2020-07-13_14-11-00 8600
2020-07-13_14-11-00 8600
2020-07-13_14-11-00 8600
2020-07-13_14-11-00 8600
2020-07-13_14-11-00 8600
2020-07-13_14-11-00 8600
2020-07-13_14-11-00 8600
2020-07-13_14-11-00 8600
2020-07-13_14-11-00 8600
2020-07-13_14-11-00 8600
2020-07-13_14-11-00 8600
2020-07-13_14-11-00 8600
2020-07-13_14-11-00 8600
2020-07-13_14-11-00 8600
2020-07-13_14-11-00 8600
2020-07-13_14-11-00 8600
2020-07-13_14-11-00 8600
2020-07-13_14-11-00 8600
2020-07-13_14-11-00 8600
2020-07-13_14-11-00 8600
2020-07-13_14-11-00 8600
2020-07-13_14-11-00 8600
2020-07-13_14-11-00 8610
2020-07-13_14-11-00 8610
2020-07-13_14-11-00 8610
2020-07-13_14-11-00 8600
2020-07-13_14-11-00 8600
2020-07-13_14-11-00 8600
2020-07-13_14-11-00 8590
2020-07-13_14-11-00 8590
2020-07-13_14-11-00 8600
2020-07-13_14-11-00 8600
2020-07-13_14-11-00 8610
2020-07-13_14-11-00 8600
2020-07-13_14-11-00 8590
2020-07-13_14-11-00 8590
2020-07-13_14-11-00 8590
2020-07-13_14-11-00 8590
2020-07-13_14-11-00 8590
2020-07-13_14-11-00 8590
2020-07-13_14-11-00 8590
2020-07-13_14-11-00 8590
2020-07-13_14-11-00 8590
2020-07-13_14-11-00 8590
2020-07-13_14-11-00 8590
2020-07-13_14-11-00 8590
2020-07-13_14-11-00 8590
2020-07-13_14-11-00 8580
2020-07-13_14-11-00 8570
2020-07-13_14-11-00 8570
2020-07-13_14-11-00 8580
2020-07-13_14-11-00 8580
2020-07-13_14-11-00 8570
2020-07-13_14-11-00 8560
2020-07-13_14-11-00 8580
2020-07-13_14-11-00 8590
2020-07-13_14-11-00 8580
2020-07-13_14-11-00 8560
2020-07-13_14-11-00 8560
2020-07-13_14-11-00 8560
2020-07-13_14-11-00 8570
2020-07-13_14-11-00 8590
2020-07-13_14-11-00 8590
2020-07-13_14-11-00 8590
2020-07-13_14-11-00 8590
2020-07-13_14-11-00 8620
2020-07-13_14-11-00 8620
2020-07-13_14-11-00 8620
2020-07-13_14-11-00 8590
2020-07-13_14-11-00 8580
2020-07-13_14-11-00 8600
2020-07-13_14-11-00 8630
2020-07-13_14-11-00 8620
2020-07-13_14-11-00 8590
2020-07-13_14-11-00 8590
2020-07-13_14-11-00 8600
2020-07-13_14-11-00 8610
2020-07-13_14-11-00 8610
2020-07-13_14-11-00 8600
2020-07-13_14-11-00 8590
2020-07-13_14-11-00 8590
2020-07-13_14-11-00 8600
2020-07-13_14-11-00 8620
2020-07-13_14-11-00 8610
2020-07-13_14-11-00 8590
2020-07-13_14-11-00 8590
2020-07-13_14-11-00 8600
2020-07-13_14-11-00 8610
2020-07-13_14-11-00 8600
2020-07-13_14-11-00 8570
2020-07-13_14-11-00 8370
2020-07-13_14-11-00 7940
2020-07-13_14-11-00 7370
2020-07-13_14-11-00 6950
2020-07-13_14-11-00 6800
2020-07-13_14-11-00 6800
2020-07-13_14-11-00 6800
2020-07-13_14-11-00 6780
2020-07-13_14-11-00 6790
2020-07-13_14-11-00 6830
2020-07-13_14-11-00 6850
2020-07-13_14-11-00 6840
2020-07-13_14-11-00 6840
2020-07-13_14-11-00 6860
2020-07-13_14-11-00 6880
2020-07-13_14-11-00 6860
2020-07-13_14-11-00 6820
2020-07-13_14-11-00 6810
2020-07-13_14-11-00 6840
2020-07-13_14-11-00 6850
2020-07-13_14-11-00 6820
2020-07-13_14-11-00 6800
2020-07-13_14-11-00 6830
2020-07-13_14-11-00 6840
2020-07-13_14-11-00 6780
2020-07-13_14-11-00 6750
2020-07-13_14-11-00 6640
2020-07-13_14-11-00 5510
2020-07-13_14-11-00 3370
2020-07-13_14-11-00 1220
