2020-07-13_14-10-54 900
2020-07-13_14-10-54 1120
2020-07-13_14-10-54 1270
2020-07-13_14-10-54 1270
2020-07-13_14-10-54 1220
2020-07-13_14-10-54 1190
2020-07-13_14-10-54 1190
2020-07-13_14-10-54 1200
2020-07-13_14-10-54 1220
2020-07-13_14-10-54 1220
2020-07-13_14-10-54 1210
2020-07-13_14-10-54 1210
2020-07-13_14-10-54 1210
2020-07-13_14-10-54 1210
2020-07-13_14-10-54 1210
2020-07-13_14-10-54 1210
2020-07-13_14-10-54 1210
2020-07-13_14-10-54 1210
2020-07-13_14-10-54 1210
2020-07-13_14-10-54 1210
2020-07-13_14-10-54 1210
2020-07-13_14-10-54 1210
2020-07-13_14-10-54 1210
2020-07-13_14-10-54 1210
2020-07-13_14-10-54 1210
2020-07-13_14-10-54 1010
2020-07-13_14-10-54 780
