2020-07-13_14-11-10 860
2020-07-13_14-11-10 2180
2020-07-13_14-11-10 2160
2020-07-13_14-11-10 2150
2020-07-13_14-11-10 2200
2020-07-13_14-11-10 2180
2020-07-13_14-11-10 2160
2020-07-13_14-11-10 2190
2020-07-13_14-11-10 2580
2020-07-13_14-11-10 4380
2020-07-13_14-11-10 4540
2020-07-13_14-11-10 4530
2020-07-13_14-11-10 4610
2020-07-13_14-11-10 4590
2020-07-13_14-11-10 4580
2020-07-13_14-11-10 4600
2020-07-13_14-11-10 4610
2020-07-13_14-11-10 4580
2020-07-13_14-11-10 4580
2020-07-13_14-11-10 4600
2020-07-13_14-11-10 4600
2020-07-13_14-11-10 4580
2020-07-13_14-11-10 4610
2020-07-13_14-11-10 4590
2020-07-13_14-11-10 4590
2020-07-13_14-11-10 4600
2020-07-13_14-11-10 4600
2020-07-13_14-11-10 4590
2020-07-13_14-11-10 4600
2020-07-13_14-11-10 4600
2020-07-13_14-11-10 4610
2020-07-13_14-11-10 4600
2020-07-13_14-11-10 4590
2020-07-13_14-11-10 4570
2020-07-13_14-11-10 4590
2020-07-13_14-11-10 4610
2020-07-13_14-11-10 4600
2020-07-13_14-11-10 4590
2020-07-13_14-11-10 4570
2020-07-13_14-11-10 4560
2020-07-13_14-11-10 4570
2020-07-13_14-11-10 4620
2020-07-13_14-11-10 4570
2020-07-13_14-11-10 4540
2020-07-13_14-11-10 4540
2020-07-13_14-11-10 4510
2020-07-13_14-11-10 4460
2020-07-13_14-11-10 4460
2020-07-13_14-11-10 4460
2020-07-13_14-11-10 4460
2020-07-13_14-11-10 4460
2020-07-13_14-11-10 4460
2020-07-13_14-11-10 4450
2020-07-13_14-11-10 4450
2020-07-13_14-11-10 4450
2020-07-13_14-11-10 4450
2020-07-13_14-11-10 4450
2020-07-13_14-11-10 4450
2020-07-13_14-11-10 4450
2020-07-13_14-11-10 4450
2020-07-13_14-11-10 4450
2020-07-13_14-11-10 4460
2020-07-13_14-11-10 4460
2020-07-13_14-11-10 4460
2020-07-13_14-11-10 4460
2020-07-13_14-11-10 4460
2020-07-13_14-11-10 4460
2020-07-13_14-11-10 4460
2020-07-13_14-11-10 4460
2020-07-13_14-11-10 4450
2020-07-13_14-11-10 4450
2020-07-13_14-11-10 4450
2020-07-13_14-11-10 4450
2020-07-13_14-11-10 4450
2020-07-13_14-11-10 4450
2020-07-13_14-11-10 4450
2020-07-13_14-11-10 4450
2020-07-13_14-11-10 4460
2020-07-13_14-11-10 4460
2020-07-13_14-11-10 4460
2020-07-13_14-11-10 4460
2020-07-13_14-11-10 4460
2020-07-13_14-11-10 4450
2020-07-13_14-11-10 4450
2020-07-13_14-11-10 4450
2020-07-13_14-11-10 4440
2020-07-13_14-11-10 4440
2020-07-13_14-11-10 4440
2020-07-13_14-11-10 4450
2020-07-13_14-11-10 4450
2020-07-13_14-11-10 4450
2020-07-13_14-11-10 4450
2020-07-13_14-11-10 4450
2020-07-13_14-11-10 4450
2020-07-13_14-11-10 4450
2020-07-13_14-11-10 4460
2020-07-13_14-11-10 4480
2020-07-13_14-11-10 4510
2020-07-13_14-11-10 4530
2020-07-13_14-11-10 4530
2020-07-13_14-11-10 4520
2020-07-13_14-11-10 4500
2020-07-13_14-11-10 4490
2020-07-13_14-11-10 4500
2020-07-13_14-11-10 4520
2020-07-13_14-11-10 4530
