2020-07-13_14-11-25 2200
2020-07-13_14-11-25 2210
2020-07-13_14-11-25 2180
2020-07-13_14-11-25 2180
2020-07-13_14-11-25 2220
2020-07-13_14-11-25 2220
2020-07-13_14-11-25 2160
2020-07-13_14-11-25 2130
2020-07-13_14-11-25 2180
2020-07-13_14-11-25 2240
2020-07-13_14-11-25 2520
2020-07-13_14-11-25 3170
2020-07-13_14-11-25 3970
2020-07-13_14-11-25 4420
2020-07-13_14-11-25 4500
2020-07-13_14-11-25 4500
2020-07-13_14-11-25 4550
2020-07-13_14-11-25 4550
2020-07-13_14-11-25 4540
2020-07-13_14-11-25 4570
2020-07-13_14-11-25 4560
2020-07-13_14-11-25 4490
2020-07-13_14-11-25 4470
2020-07-13_14-11-25 4550
2020-07-13_14-11-25 4580
