2020-07-13_14-10-37 910
2020-07-13_14-10-37 1700
2020-07-13_14-10-37 2130
2020-07-13_14-10-37 2030
2020-07-13_14-10-37 1930
2020-07-13_14-10-37 2000
2020-07-13_14-10-37 2040
2020-07-13_14-10-37 1990
2020-07-13_14-10-37 1990
2020-07-13_14-10-37 2020
2020-07-13_14-10-37 2010
2020-07-13_14-10-37 1990
2020-07-13_14-10-37 2050
2020-07-13_14-10-37 2540
2020-07-13_14-10-37 3510
2020-07-13_14-10-37 4280
2020-07-13_14-10-37 4640
2020-07-13_14-10-37 4550
2020-07-13_14-10-37 4550
2020-07-13_14-10-37 4590
2020-07-13_14-10-37 4560
2020-07-13_14-10-37 4560
2020-07-13_14-10-37 4560
2020-07-13_14-10-37 4550
2020-07-13_14-10-37 4600
2020-07-13_14-10-37 4550
2020-07-13_14-10-37 4570
2020-07-13_14-10-37 4580
2020-07-13_14-10-37 4580
2020-07-13_14-10-37 4570
2020-07-13_14-10-37 4550
2020-07-13_14-10-37 4590
2020-07-13_14-10-37 4560
2020-07-13_14-10-37 4570
2020-07-13_14-10-37 4560
2020-07-13_14-10-37 4570
2020-07-13_14-10-37 4580
2020-07-13_14-10-37 4580
2020-07-13_14-10-37 4590
2020-07-13_14-10-37 4560
2020-07-13_14-10-37 4550
2020-07-13_14-10-37 4580
2020-07-13_14-10-37 4590
2020-07-13_14-10-37 4590
2020-07-13_14-10-37 4570
2020-07-13_14-10-37 4570
2020-07-13_14-10-37 4570
2020-07-13_14-10-37 4580
2020-07-13_14-10-37 4580
2020-07-13_14-10-37 4580
2020-07-13_14-10-37 4570
2020-07-13_14-10-37 4570
2020-07-13_14-10-37 4570
2020-07-13_14-10-37 4580
2020-07-13_14-10-37 4580
2020-07-13_14-10-37 4590
2020-07-13_14-10-37 4580
2020-07-13_14-10-37 4580
2020-07-13_14-10-37 4580
2020-07-13_14-10-37 4580
2020-07-13_14-10-37 4590
2020-07-13_14-10-37 4590
2020-07-13_14-10-37 4590
2020-07-13_14-10-37 4590
2020-07-13_14-10-37 4590
2020-07-13_14-10-37 4580
2020-07-13_14-10-37 4580
2020-07-13_14-10-37 4570
2020-07-13_14-10-37 4570
2020-07-13_14-10-37 4570
2020-07-13_14-10-37 4570
2020-07-13_14-10-37 4570
2020-07-13_14-10-37 4580
2020-07-13_14-10-37 4580
2020-07-13_14-10-37 4580
2020-07-13_14-10-37 4570
2020-07-13_14-10-37 4570
2020-07-13_14-10-37 4570
2020-07-13_14-10-37 4580
2020-07-13_14-10-37 4580
2020-07-13_14-10-37 4580
2020-07-13_14-10-37 4590
2020-07-13_14-10-37 4580
2020-07-13_14-10-37 4580
2020-07-13_14-10-37 4580
2020-07-13_14-10-37 4580
2020-07-13_14-10-37 4580
2020-07-13_14-10-37 4580
2020-07-13_14-10-37 4580
2020-07-13_14-10-37 4580
2020-07-13_14-10-37 4580
2020-07-13_14-10-37 4580
2020-07-13_14-10-37 4590
2020-07-13_14-10-37 4590
2020-07-13_14-10-37 4590
2020-07-13_14-10-37 4590
2020-07-13_14-10-37 4590
2020-07-13_14-10-37 4590
2020-07-13_14-10-37 4590
2020-07-13_14-10-37 4590
2020-07-13_14-10-37 4580
2020-07-13_14-10-37 4570
2020-07-13_14-10-37 4570
2020-07-13_14-10-37 4570
2020-07-13_14-10-37 4570
2020-07-13_14-10-37 4570
2020-07-13_14-10-37 4570
2020-07-13_14-10-37 4570
2020-07-13_14-10-37 4570
2020-07-13_14-10-37 4570
2020-07-13_14-10-37 4580
2020-07-13_14-10-37 4580
2020-07-13_14-10-37 4580
2020-07-13_14-10-37 4570
2020-07-13_14-10-37 4570
2020-07-13_14-10-37 4570
2020-07-13_14-10-37 4570
2020-07-13_14-10-37 4580
2020-07-13_14-10-37 4580
2020-07-13_14-10-37 4580
2020-07-13_14-10-37 4580
2020-07-13_14-10-37 4580
2020-07-13_14-10-37 4580
2020-07-13_14-10-37 4580
2020-07-13_14-10-37 4580
2020-07-13_14-10-37 4580
2020-07-13_14-10-37 4570
2020-07-13_14-10-37 4570
2020-07-13_14-10-37 4570
2020-07-13_14-10-37 4570
2020-07-13_14-10-37 4570
2020-07-13_14-10-37 4580
2020-07-13_14-10-37 4580
2020-07-13_14-10-37 4580
2020-07-13_14-10-37 4580
2020-07-13_14-10-37 4580
2020-07-13_14-10-37 4580
2020-07-13_14-10-37 4570
2020-07-13_14-10-37 4560
2020-07-13_14-10-37 4590
2020-07-13_14-10-37 4600
2020-07-13_14-10-38 4610
2020-07-13_14-10-38 4580
2020-07-13_14-10-38 4570
2020-07-13_14-10-38 4560
2020-07-13_14-10-38 4540
2020-07-13_14-10-38 4510
2020-07-13_14-10-38 4500
2020-07-13_14-10-38 4500
2020-07-13_14-10-38 4500
2020-07-13_14-10-38 4500
2020-07-13_14-10-38 4510
2020-07-13_14-10-38 4530
2020-07-13_14-10-38 4550
2020-07-13_14-10-38 4560
2020-07-13_14-10-38 4560
2020-07-13_14-10-38 4560
2020-07-13_14-10-38 4570
2020-07-13_14-10-38 4590
2020-07-13_14-10-38 4590
2020-07-13_14-10-38 4590
2020-07-13_14-10-38 4570
2020-07-13_14-10-38 4560
2020-07-13_14-10-38 4570
2020-07-13_14-10-38 4580
2020-07-13_14-10-38 4590
2020-07-13_14-10-38 4590
2020-07-13_14-10-38 4580
2020-07-13_14-10-38 4570
2020-07-13_14-10-38 4570
2020-07-13_14-10-38 4560
2020-07-13_14-10-38 4540
2020-07-13_14-10-38 4520
2020-07-13_14-10-38 4500
2020-07-13_14-10-38 4500
2020-07-13_14-10-38 4510
2020-07-13_14-10-38 4510
2020-07-13_14-10-38 4530
2020-07-13_14-10-38 4550
2020-07-13_14-10-38 4560
2020-07-13_14-10-38 4570
2020-07-13_14-10-38 4570
2020-07-13_14-10-38 4560
2020-07-13_14-10-38 4540
2020-07-13_14-10-38 4520
2020-07-13_14-10-38 4500
2020-07-13_14-10-38 4500
2020-07-13_14-10-38 4500
2020-07-13_14-10-38 4510
2020-07-13_14-10-38 4500
2020-07-13_14-10-38 4500
2020-07-13_14-10-38 4500
2020-07-13_14-10-38 4500
2020-07-13_14-10-38 4500
2020-07-13_14-10-38 4500
2020-07-13_14-10-38 4500
2020-07-13_14-10-38 4500
2020-07-13_14-10-38 4500
2020-07-13_14-10-38 4500
2020-07-13_14-10-38 4500
2020-07-13_14-10-38 4500
2020-07-13_14-10-38 4500
2020-07-13_14-10-38 4500
2020-07-13_14-10-38 4500
2020-07-13_14-10-38 4500
2020-07-13_14-10-38 4500
2020-07-13_14-10-38 4500
2020-07-13_14-10-38 4500
2020-07-13_14-10-38 4500
2020-07-13_14-10-38 4500
2020-07-13_14-10-38 4500
2020-07-13_14-10-38 4500
2020-07-13_14-10-38 4500
2020-07-13_14-10-38 4500
2020-07-13_14-10-38 4500
2020-07-13_14-10-38 4500
2020-07-13_14-10-38 4500
2020-07-13_14-10-38 4500
2020-07-13_14-10-38 4500
2020-07-13_14-10-38 4500
2020-07-13_14-10-38 4500
2020-07-13_14-10-38 4500
2020-07-13_14-10-38 4500
2020-07-13_14-10-38 4500
2020-07-13_14-10-38 4500
2020-07-13_14-10-38 4500
2020-07-13_14-10-38 4500
2020-07-13_14-10-38 4500
2020-07-13_14-10-38 4500
2020-07-13_14-10-38 4500
2020-07-13_14-10-38 4500
2020-07-13_14-10-38 4500
2020-07-13_14-10-38 4500
2020-07-13_14-10-38 4500
2020-07-13_14-10-38 4500
2020-07-13_14-10-38 4500
2020-07-13_14-10-38 4500
2020-07-13_14-10-38 4500
2020-07-13_14-10-38 4500
2020-07-13_14-10-38 4500
2020-07-13_14-10-38 4500
2020-07-13_14-10-38 4500
2020-07-13_14-10-38 4500
2020-07-13_14-10-38 4500
2020-07-13_14-10-38 4500
2020-07-13_14-10-38 4500
2020-07-13_14-10-38 4500
2020-07-13_14-10-38 4500
2020-07-13_14-10-38 4500
2020-07-13_14-10-38 4500
2020-07-13_14-10-38 4500
2020-07-13_14-10-38 4500
2020-07-13_14-10-38 4500
2020-07-13_14-10-38 4500
2020-07-13_14-10-38 4500
2020-07-13_14-10-38 4500
2020-07-13_14-10-38 4500
2020-07-13_14-10-38 4500
2020-07-13_14-10-38 4500
2020-07-13_14-10-38 4500
2020-07-13_14-10-38 4500
2020-07-13_14-10-38 4500
2020-07-13_14-10-38 4500
2020-07-13_14-10-38 4500
2020-07-13_14-10-38 4500
2020-07-13_14-10-38 4500
2020-07-13_14-10-38 4500
2020-07-13_14-10-38 4500
2020-07-13_14-10-38 4500
2020-07-13_14-10-38 4500
2020-07-13_14-10-38 4500
2020-07-13_14-10-38 4500
2020-07-13_14-10-38 4500
2020-07-13_14-10-38 4500
2020-07-13_14-10-38 4500
2020-07-13_14-10-38 4500
2020-07-13_14-10-38 4500
2020-07-13_14-10-38 4500
2020-07-13_14-10-38 4500
2020-07-13_14-10-38 4500
2020-07-13_14-10-38 4500
2020-07-13_14-10-38 4500
2020-07-13_14-10-38 4500
2020-07-13_14-10-38 4500
2020-07-13_14-10-38 4500
2020-07-13_14-10-38 4500
2020-07-13_14-10-38 4500
2020-07-13_14-10-38 4500
2020-07-13_14-10-38 4500
2020-07-13_14-10-38 4500
2020-07-13_14-10-38 4500
2020-07-13_14-10-38 4500
2020-07-13_14-10-38 4500
2020-07-13_14-10-38 4500
2020-07-13_14-10-38 4510
2020-07-13_14-10-38 4510
2020-07-13_14-10-38 4510
2020-07-13_14-10-38 4510
2020-07-13_14-10-38 4510
2020-07-13_14-10-38 4510
2020-07-13_14-10-38 4500
2020-07-13_14-10-38 4500
2020-07-13_14-10-38 4490
2020-07-13_14-10-38 4500
2020-07-13_14-10-38 4500
2020-07-13_14-10-38 4500
2020-07-13_14-10-38 4500
2020-07-13_14-10-38 4490
2020-07-13_14-10-38 4500
2020-07-13_14-10-38 4490
2020-07-13_14-10-38 4490
2020-07-13_14-10-38 4490
2020-07-13_14-10-38 4490
2020-07-13_14-10-38 4500
2020-07-13_14-10-38 4500
2020-07-13_14-10-38 4500
2020-07-13_14-10-38 4500
2020-07-13_14-10-38 4500
2020-07-13_14-10-38 4500
2020-07-13_14-10-38 4500
2020-07-13_14-10-38 4500
2020-07-13_14-10-38 4500
2020-07-13_14-10-38 4490
2020-07-13_14-10-38 4490
2020-07-13_14-10-38 4490
2020-07-13_14-10-38 4490
2020-07-13_14-10-38 4500
2020-07-13_14-10-38 4510
2020-07-13_14-10-38 4510
2020-07-13_14-10-38 4500
2020-07-13_14-10-38 4500
2020-07-13_14-10-38 4500
2020-07-13_14-10-38 4500
2020-07-13_14-10-38 4500
2020-07-13_14-10-38 4500
2020-07-13_14-10-38 4500
2020-07-13_14-10-38 4500
2020-07-13_14-10-38 4500
2020-07-13_14-10-38 4500
2020-07-13_14-10-38 4500
2020-07-13_14-10-38 4500
2020-07-13_14-10-38 4500
2020-07-13_14-10-38 4500
2020-07-13_14-10-38 4500
2020-07-13_14-10-38 4500
2020-07-13_14-10-38 4500
2020-07-13_14-10-38 4500
2020-07-13_14-10-38 4500
2020-07-13_14-10-38 4500
2020-07-13_14-10-38 4500
2020-07-13_14-10-38 4500
2020-07-13_14-10-38 4500
2020-07-13_14-10-38 4500
2020-07-13_14-10-38 4500
2020-07-13_14-10-38 4500
2020-07-13_14-10-38 4500
2020-07-13_14-10-38 4500
2020-07-13_14-10-38 4500
2020-07-13_14-10-38 4500
2020-07-13_14-10-38 4500
2020-07-13_14-10-38 4500
2020-07-13_14-10-38 4500
2020-07-13_14-10-38 4500
2020-07-13_14-10-38 4500
2020-07-13_14-10-38 4500
2020-07-13_14-10-38 4500
2020-07-13_14-10-38 4500
2020-07-13_14-10-38 4500
2020-07-13_14-10-38 4500
2020-07-13_14-10-38 4500
2020-07-13_14-10-38 4500
2020-07-13_14-10-38 4500
2020-07-13_14-10-38 4500
2020-07-13_14-10-38 4500
2020-07-13_14-10-38 4500
2020-07-13_14-10-38 4500
2020-07-13_14-10-38 4500
2020-07-13_14-10-38 4500
2020-07-13_14-10-38 4500
2020-07-13_14-10-38 4500
2020-07-13_14-10-38 4490
2020-07-13_14-10-38 4490
2020-07-13_14-10-38 4490
2020-07-13_14-10-38 4500
2020-07-13_14-10-38 4500
2020-07-13_14-10-38 4500
2020-07-13_14-10-38 4500
2020-07-13_14-10-38 4500
2020-07-13_14-10-38 4500
2020-07-13_14-10-38 4500
2020-07-13_14-10-38 4500
2020-07-13_14-10-38 4500
2020-07-13_14-10-38 4500
2020-07-13_14-10-38 4500
2020-07-13_14-10-38 4500
2020-07-13_14-10-38 4500
2020-07-13_14-10-38 4500
2020-07-13_14-10-38 4500
2020-07-13_14-10-38 4500
2020-07-13_14-10-38 4500
2020-07-13_14-10-38 4500
2020-07-13_14-10-38 4500
2020-07-13_14-10-38 4500
2020-07-13_14-10-38 4500
2020-07-13_14-10-38 4500
2020-07-13_14-10-38 4500
2020-07-13_14-10-38 4500
2020-07-13_14-10-38 4500
2020-07-13_14-10-38 4500
2020-07-13_14-10-38 4500
2020-07-13_14-10-38 4500
2020-07-13_14-10-38 4500
2020-07-13_14-10-38 4500
2020-07-13_14-10-38 4500
2020-07-13_14-10-38 4500
2020-07-13_14-10-38 4500
2020-07-13_14-10-38 4500
2020-07-13_14-10-38 4500
2020-07-13_14-10-38 4500
2020-07-13_14-10-38 4500
2020-07-13_14-10-38 4500
2020-07-13_14-10-38 4500
2020-07-13_14-10-38 4500
2020-07-13_14-10-38 4500
2020-07-13_14-10-38 4500
2020-07-13_14-10-38 4500
2020-07-13_14-10-38 4500
2020-07-13_14-10-38 4500
2020-07-13_14-10-38 4500
2020-07-13_14-10-38 4500
2020-07-13_14-10-38 4500
2020-07-13_14-10-38 4500
2020-07-13_14-10-38 4500
2020-07-13_14-10-38 4500
2020-07-13_14-10-38 4500
2020-07-13_14-10-38 4500
2020-07-13_14-10-38 4500
2020-07-13_14-10-38 4500
2020-07-13_14-10-38 4500
2020-07-13_14-10-38 4500
2020-07-13_14-10-38 4500
2020-07-13_14-10-38 4500
2020-07-13_14-10-38 4500
2020-07-13_14-10-38 4500
2020-07-13_14-10-38 4500
2020-07-13_14-10-38 4500
2020-07-13_14-10-38 4500
2020-07-13_14-10-38 4500
2020-07-13_14-10-38 4500
2020-07-13_14-10-38 4510
2020-07-13_14-10-38 4510
2020-07-13_14-10-38 4500
2020-07-13_14-10-38 4500
2020-07-13_14-10-38 4500
2020-07-13_14-10-38 4510
2020-07-13_14-10-38 4500
2020-07-13_14-10-38 4500
2020-07-13_14-10-38 4490
2020-07-13_14-10-38 4490
2020-07-13_14-10-38 4500
2020-07-13_14-10-38 4500
2020-07-13_14-10-38 4510
2020-07-13_14-10-38 4500
2020-07-13_14-10-38 4500
2020-07-13_14-10-38 4500
2020-07-13_14-10-38 4500
2020-07-13_14-10-38 4500
2020-07-13_14-10-38 4500
2020-07-13_14-10-38 4500
2020-07-13_14-10-38 4500
2020-07-13_14-10-38 4500
2020-07-13_14-10-38 4500
2020-07-13_14-10-38 4500
2020-07-13_14-10-38 4500
2020-07-13_14-10-38 4500
2020-07-13_14-10-38 4500
2020-07-13_14-10-38 4500
2020-07-13_14-10-38 4500
2020-07-13_14-10-38 4500
2020-07-13_14-10-38 4510
2020-07-13_14-10-38 4500
2020-07-13_14-10-38 4510
2020-07-13_14-10-38 4500
2020-07-13_14-10-38 4500
2020-07-13_14-10-38 4500
2020-07-13_14-10-38 4500
2020-07-13_14-10-38 4500
2020-07-13_14-10-38 4510
2020-07-13_14-10-38 4510
2020-07-13_14-10-38 4500
2020-07-13_14-10-38 4500
2020-07-13_14-10-38 4500
2020-07-13_14-10-38 4500
2020-07-13_14-10-38 4500
2020-07-13_14-10-38 4500
2020-07-13_14-10-38 4500
2020-07-13_14-10-38 4500
2020-07-13_14-10-38 4500
2020-07-13_14-10-38 4500
2020-07-13_14-10-38 4500
2020-07-13_14-10-38 4500
2020-07-13_14-10-38 4500
2020-07-13_14-10-38 4500
2020-07-13_14-10-38 4500
2020-07-13_14-10-38 4500
2020-07-13_14-10-38 4500
2020-07-13_14-10-38 4500
2020-07-13_14-10-38 4500
2020-07-13_14-10-38 4510
2020-07-13_14-10-38 4510
2020-07-13_14-10-38 4510
2020-07-13_14-10-38 4510
2020-07-13_14-10-38 4510
2020-07-13_14-10-38 4510
2020-07-13_14-10-38 4510
2020-07-13_14-10-38 4510
2020-07-13_14-10-38 4500
2020-07-13_14-10-38 4500
2020-07-13_14-10-38 4500
2020-07-13_14-10-38 4500
2020-07-13_14-10-38 4500
2020-07-13_14-10-38 4500
2020-07-13_14-10-38 4500
2020-07-13_14-10-38 4500
2020-07-13_14-10-38 4500
2020-07-13_14-10-38 4500
2020-07-13_14-10-38 4500
2020-07-13_14-10-38 4500
2020-07-13_14-10-38 4500
2020-07-13_14-10-38 4510
2020-07-13_14-10-38 4510
2020-07-13_14-10-38 4510
2020-07-13_14-10-38 4500
2020-07-13_14-10-38 4500
2020-07-13_14-10-38 4500
2020-07-13_14-10-38 4490
2020-07-13_14-10-38 4490
2020-07-13_14-10-38 4490
2020-07-13_14-10-38 4500
2020-07-13_14-10-38 4500
2020-07-13_14-10-38 4490
2020-07-13_14-10-38 4500
2020-07-13_14-10-38 4490
2020-07-13_14-10-38 4490
2020-07-13_14-10-38 4490
2020-07-13_14-10-38 4490
2020-07-13_14-10-38 4490
2020-07-13_14-10-38 4490
2020-07-13_14-10-38 4490
2020-07-13_14-10-38 4490
2020-07-13_14-10-38 4490
2020-07-13_14-10-38 4490
2020-07-13_14-10-38 4500
2020-07-13_14-10-38 4510
2020-07-13_14-10-38 4510
2020-07-13_14-10-38 4500
2020-07-13_14-10-38 4500
2020-07-13_14-10-38 4500
2020-07-13_14-10-38 4510
2020-07-13_14-10-38 4510
2020-07-13_14-10-38 4510
2020-07-13_14-10-38 4510
2020-07-13_14-10-38 4510
2020-07-13_14-10-38 4510
2020-07-13_14-10-38 4500
2020-07-13_14-10-38 4510
2020-07-13_14-10-38 4500
2020-07-13_14-10-38 4500
2020-07-13_14-10-38 4500
2020-07-13_14-10-38 4500
2020-07-13_14-10-38 4500
2020-07-13_14-10-38 4500
2020-07-13_14-10-38 4500
2020-07-13_14-10-38 4500
2020-07-13_14-10-38 4500
2020-07-13_14-10-38 4500
2020-07-13_14-10-38 4500
2020-07-13_14-10-38 4490
2020-07-13_14-10-38 4490
2020-07-13_14-10-38 4490
2020-07-13_14-10-38 4500
2020-07-13_14-10-38 4510
2020-07-13_14-10-38 4500
2020-07-13_14-10-38 4500
2020-07-13_14-10-38 4500
2020-07-13_14-10-38 4500
2020-07-13_14-10-38 4500
2020-07-13_14-10-38 4500
2020-07-13_14-10-38 4500
2020-07-13_14-10-38 4500
2020-07-13_14-10-38 4500
2020-07-13_14-10-38 4500
2020-07-13_14-10-38 4500
2020-07-13_14-10-38 4500
2020-07-13_14-10-38 4500
2020-07-13_14-10-38 4500
2020-07-13_14-10-38 4500
2020-07-13_14-10-38 4500
2020-07-13_14-10-38 4510
2020-07-13_14-10-38 4510
2020-07-13_14-10-38 4510
2020-07-13_14-10-38 4510
2020-07-13_14-10-38 4510
2020-07-13_14-10-38 4510
2020-07-13_14-10-38 4500
2020-07-13_14-10-38 4500
2020-07-13_14-10-38 4500
2020-07-13_14-10-38 4500
2020-07-13_14-10-38 4490
2020-07-13_14-10-38 4490
2020-07-13_14-10-38 4490
2020-07-13_14-10-38 4500
2020-07-13_14-10-38 4500
2020-07-13_14-10-38 4500
2020-07-13_14-10-38 4500
2020-07-13_14-10-38 4510
2020-07-13_14-10-38 4500
2020-07-13_14-10-38 4500
2020-07-13_14-10-38 4490
2020-07-13_14-10-38 4490
2020-07-13_14-10-38 4490
2020-07-13_14-10-38 4490
2020-07-13_14-10-38 4500
2020-07-13_14-10-38 4500
2020-07-13_14-10-38 4500
2020-07-13_14-10-38 4500
2020-07-13_14-10-38 4500
2020-07-13_14-10-38 4500
2020-07-13_14-10-38 4500
2020-07-13_14-10-38 4500
2020-07-13_14-10-38 4500
2020-07-13_14-10-38 4500
2020-07-13_14-10-38 4500
2020-07-13_14-10-38 4500
2020-07-13_14-10-38 4500
2020-07-13_14-10-38 4500
2020-07-13_14-10-38 4500
2020-07-13_14-10-38 4500
2020-07-13_14-10-38 4500
2020-07-13_14-10-38 4500
2020-07-13_14-10-38 4500
2020-07-13_14-10-38 4500
2020-07-13_14-10-38 4500
2020-07-13_14-10-38 4500
2020-07-13_14-10-38 4500
2020-07-13_14-10-38 4500
2020-07-13_14-10-38 4500
2020-07-13_14-10-38 4500
2020-07-13_14-10-38 4500
2020-07-13_14-10-38 4500
2020-07-13_14-10-38 4500
2020-07-13_14-10-38 4500
2020-07-13_14-10-38 4500
2020-07-13_14-10-38 4500
2020-07-13_14-10-38 4500
2020-07-13_14-10-38 4500
2020-07-13_14-10-38 4500
2020-07-13_14-10-38 4500
2020-07-13_14-10-38 4500
2020-07-13_14-10-38 4500
2020-07-13_14-10-38 4500
2020-07-13_14-10-38 4500
2020-07-13_14-10-38 4500
2020-07-13_14-10-38 4500
2020-07-13_14-10-38 4500
2020-07-13_14-10-38 4500
2020-07-13_14-10-38 4500
2020-07-13_14-10-38 4500
2020-07-13_14-10-38 4500
2020-07-13_14-10-38 4500
2020-07-13_14-10-38 4500
2020-07-13_14-10-38 4500
2020-07-13_14-10-38 4500
2020-07-13_14-10-38 4500
2020-07-13_14-10-38 4500
2020-07-13_14-10-38 4500
2020-07-13_14-10-38 4500
2020-07-13_14-10-38 4500
2020-07-13_14-10-38 4500
2020-07-13_14-10-38 4500
2020-07-13_14-10-38 4500
2020-07-13_14-10-38 4500
2020-07-13_14-10-38 4500
2020-07-13_14-10-38 4500
2020-07-13_14-10-38 4500
2020-07-13_14-10-38 4500
2020-07-13_14-10-38 4500
2020-07-13_14-10-38 4500
2020-07-13_14-10-38 4500
2020-07-13_14-10-38 4500
2020-07-13_14-10-38 4500
2020-07-13_14-10-38 4500
2020-07-13_14-10-38 4500
2020-07-13_14-10-38 4500
2020-07-13_14-10-38 4500
2020-07-13_14-10-38 4500
2020-07-13_14-10-38 4500
2020-07-13_14-10-38 4500
2020-07-13_14-10-38 4500
2020-07-13_14-10-38 4500
2020-07-13_14-10-38 4500
2020-07-13_14-10-38 4500
2020-07-13_14-10-38 4500
2020-07-13_14-10-38 4500
2020-07-13_14-10-38 4500
2020-07-13_14-10-38 4500
2020-07-13_14-10-38 4500
2020-07-13_14-10-38 4500
2020-07-13_14-10-38 4500
2020-07-13_14-10-38 4500
2020-07-13_14-10-38 4500
2020-07-13_14-10-38 4500
2020-07-13_14-10-38 4500
2020-07-13_14-10-38 4500
2020-07-13_14-10-38 4500
2020-07-13_14-10-38 4500
2020-07-13_14-10-38 4500
2020-07-13_14-10-38 4500
2020-07-13_14-10-38 4500
2020-07-13_14-10-38 4500
2020-07-13_14-10-38 4500
2020-07-13_14-10-38 4500
2020-07-13_14-10-38 4500
2020-07-13_14-10-38 4500
2020-07-13_14-10-38 4500
2020-07-13_14-10-38 4500
2020-07-13_14-10-38 4500
2020-07-13_14-10-38 4500
2020-07-13_14-10-38 4500
2020-07-13_14-10-38 4500
2020-07-13_14-10-38 4500
2020-07-13_14-10-38 4500
2020-07-13_14-10-38 4500
2020-07-13_14-10-38 4500
2020-07-13_14-10-38 4500
2020-07-13_14-10-38 4500
2020-07-13_14-10-38 4500
2020-07-13_14-10-38 4500
2020-07-13_14-10-38 4500
2020-07-13_14-10-38 4500
2020-07-13_14-10-38 4500
2020-07-13_14-10-38 4500
2020-07-13_14-10-38 4500
2020-07-13_14-10-38 4500
2020-07-13_14-10-38 4500
2020-07-13_14-10-38 4500
2020-07-13_14-10-38 4500
2020-07-13_14-10-38 4500
2020-07-13_14-10-38 4500
2020-07-13_14-10-38 4500
2020-07-13_14-10-38 4500
2020-07-13_14-10-38 4500
2020-07-13_14-10-38 4500
2020-07-13_14-10-38 4500
2020-07-13_14-10-38 4500
2020-07-13_14-10-38 4500
2020-07-13_14-10-38 4500
2020-07-13_14-10-38 4500
2020-07-13_14-10-38 4500
2020-07-13_14-10-38 4500
2020-07-13_14-10-38 4500
2020-07-13_14-10-38 4500
2020-07-13_14-10-38 4500
2020-07-13_14-10-38 4500
2020-07-13_14-10-38 4500
2020-07-13_14-10-38 4500
2020-07-13_14-10-38 4500
2020-07-13_14-10-38 4500
2020-07-13_14-10-38 4500
2020-07-13_14-10-38 4500
2020-07-13_14-10-38 4500
2020-07-13_14-10-38 4500
2020-07-13_14-10-38 4500
2020-07-13_14-10-38 4500
2020-07-13_14-10-38 4500
2020-07-13_14-10-38 4500
2020-07-13_14-10-38 4500
2020-07-13_14-10-38 4500
2020-07-13_14-10-38 4500
2020-07-13_14-10-38 4500
2020-07-13_14-10-38 4500
2020-07-13_14-10-38 4500
2020-07-13_14-10-38 4500
2020-07-13_14-10-38 4500
2020-07-13_14-10-38 4500
2020-07-13_14-10-38 4500
2020-07-13_14-10-38 4500
2020-07-13_14-10-38 4500
2020-07-13_14-10-38 4500
2020-07-13_14-10-38 4500
2020-07-13_14-10-38 4500
2020-07-13_14-10-38 4500
2020-07-13_14-10-38 4500
2020-07-13_14-10-38 4500
2020-07-13_14-10-38 4500
2020-07-13_14-10-38 4500
2020-07-13_14-10-38 4500
2020-07-13_14-10-38 4500
2020-07-13_14-10-38 4500
2020-07-13_14-10-38 4500
2020-07-13_14-10-38 4500
2020-07-13_14-10-38 4500
2020-07-13_14-10-38 4500
2020-07-13_14-10-38 4500
2020-07-13_14-10-38 4500
2020-07-13_14-10-38 4500
2020-07-13_14-10-38 4500
2020-07-13_14-10-38 4500
2020-07-13_14-10-38 4500
2020-07-13_14-10-38 4500
2020-07-13_14-10-38 4500
2020-07-13_14-10-38 4500
2020-07-13_14-10-38 4500
2020-07-13_14-10-38 4500
2020-07-13_14-10-38 4500
2020-07-13_14-10-38 4500
2020-07-13_14-10-38 4500
2020-07-13_14-10-38 4500
2020-07-13_14-10-38 4500
2020-07-13_14-10-38 4500
2020-07-13_14-10-38 4500
2020-07-13_14-10-38 4500
2020-07-13_14-10-38 4500
2020-07-13_14-10-38 4500
2020-07-13_14-10-38 4500
2020-07-13_14-10-38 4500
2020-07-13_14-10-38 4500
2020-07-13_14-10-38 4500
2020-07-13_14-10-38 4500
2020-07-13_14-10-38 4500
2020-07-13_14-10-38 4500
2020-07-13_14-10-38 4500
2020-07-13_14-10-38 4500
2020-07-13_14-10-38 4490
2020-07-13_14-10-38 4490
2020-07-13_14-10-38 4490
2020-07-13_14-10-38 4490
2020-07-13_14-10-38 4500
2020-07-13_14-10-38 4500
2020-07-13_14-10-38 4500
2020-07-13_14-10-38 4500
2020-07-13_14-10-38 4500
2020-07-13_14-10-38 4500
2020-07-13_14-10-38 4500
2020-07-13_14-10-38 4500
2020-07-13_14-10-38 4500
2020-07-13_14-10-38 4500
2020-07-13_14-10-38 4500
2020-07-13_14-10-38 4500
2020-07-13_14-10-38 4500
2020-07-13_14-10-38 4500
2020-07-13_14-10-38 4500
2020-07-13_14-10-38 4500
2020-07-13_14-10-38 4500
2020-07-13_14-10-38 4500
2020-07-13_14-10-38 4500
2020-07-13_14-10-38 4500
2020-07-13_14-10-38 4500
2020-07-13_14-10-38 4500
2020-07-13_14-10-38 4500
2020-07-13_14-10-38 4500
2020-07-13_14-10-38 4500
2020-07-13_14-10-38 4500
2020-07-13_14-10-38 4500
2020-07-13_14-10-38 4500
2020-07-13_14-10-38 4500
2020-07-13_14-10-38 4500
2020-07-13_14-10-38 4500
2020-07-13_14-10-38 4500
2020-07-13_14-10-38 4500
2020-07-13_14-10-38 4510
2020-07-13_14-10-38 4510
2020-07-13_14-10-38 4510
2020-07-13_14-10-38 4500
2020-07-13_14-10-38 4500
2020-07-13_14-10-38 4490
2020-07-13_14-10-38 4490
2020-07-13_14-10-38 4500
2020-07-13_14-10-38 4500
2020-07-13_14-10-38 4500
2020-07-13_14-10-38 4500
2020-07-13_14-10-38 4500
2020-07-13_14-10-38 4500
2020-07-13_14-10-38 4510
2020-07-13_14-10-38 4510
2020-07-13_14-10-38 4500
2020-07-13_14-10-38 4500
2020-07-13_14-10-38 4500
2020-07-13_14-10-38 4500
2020-07-13_14-10-38 4500
2020-07-13_14-10-38 4500
2020-07-13_14-10-38 4500
2020-07-13_14-10-38 4500
2020-07-13_14-10-38 4500
2020-07-13_14-10-38 4500
2020-07-13_14-10-38 4500
2020-07-13_14-10-38 4500
2020-07-13_14-10-38 4500
2020-07-13_14-10-38 4500
2020-07-13_14-10-38 4500
2020-07-13_14-10-38 4500
2020-07-13_14-10-38 4500
2020-07-13_14-10-38 4500
2020-07-13_14-10-38 4500
2020-07-13_14-10-38 4500
2020-07-13_14-10-38 4500
2020-07-13_14-10-38 4500
2020-07-13_14-10-38 4500
2020-07-13_14-10-38 4500
2020-07-13_14-10-38 4500
2020-07-13_14-10-38 4500
2020-07-13_14-10-38 4500
2020-07-13_14-10-38 4500
2020-07-13_14-10-38 4500
2020-07-13_14-10-38 4500
2020-07-13_14-10-38 4500
2020-07-13_14-10-38 4500
2020-07-13_14-10-38 4500
2020-07-13_14-10-38 4500
2020-07-13_14-10-38 4500
2020-07-13_14-10-38 4500
2020-07-13_14-10-38 4500
2020-07-13_14-10-38 4500
2020-07-13_14-10-38 4500
2020-07-13_14-10-38 4500
2020-07-13_14-10-38 4500
2020-07-13_14-10-38 4500
2020-07-13_14-10-38 4500
2020-07-13_14-10-38 4500
2020-07-13_14-10-38 4500
2020-07-13_14-10-38 4500
2020-07-13_14-10-38 4500
2020-07-13_14-10-38 4500
2020-07-13_14-10-38 4500
2020-07-13_14-10-38 4500
2020-07-13_14-10-38 4500
2020-07-13_14-10-38 4500
2020-07-13_14-10-38 4500
2020-07-13_14-10-38 4500
2020-07-13_14-10-38 4500
2020-07-13_14-10-38 4500
2020-07-13_14-10-38 4500
2020-07-13_14-10-38 4500
2020-07-13_14-10-38 4500
2020-07-13_14-10-38 4500
2020-07-13_14-10-38 4500
2020-07-13_14-10-38 4500
2020-07-13_14-10-38 4500
2020-07-13_14-10-38 4500
2020-07-13_14-10-38 4500
2020-07-13_14-10-38 4500
2020-07-13_14-10-38 4500
2020-07-13_14-10-38 4500
2020-07-13_14-10-38 4500
2020-07-13_14-10-38 4500
2020-07-13_14-10-38 4500
2020-07-13_14-10-38 4490
2020-07-13_14-10-38 4500
2020-07-13_14-10-38 4500
2020-07-13_14-10-38 4500
2020-07-13_14-10-38 4500
2020-07-13_14-10-38 4510
2020-07-13_14-10-38 4510
2020-07-13_14-10-38 4510
2020-07-13_14-10-38 4500
2020-07-13_14-10-38 4500
2020-07-13_14-10-38 4500
2020-07-13_14-10-38 4500
2020-07-13_14-10-38 4500
2020-07-13_14-10-38 4500
2020-07-13_14-10-38 4490
2020-07-13_14-10-38 4490
2020-07-13_14-10-38 4500
2020-07-13_14-10-38 4500
2020-07-13_14-10-38 4510
2020-07-13_14-10-38 4500
2020-07-13_14-10-38 4500
2020-07-13_14-10-38 4500
2020-07-13_14-10-38 4510
2020-07-13_14-10-38 4500
2020-07-13_14-10-38 4500
2020-07-13_14-10-38 4490
2020-07-13_14-10-38 4500
2020-07-13_14-10-38 4500
2020-07-13_14-10-38 4500
2020-07-13_14-10-38 4490
2020-07-13_14-10-38 4490
2020-07-13_14-10-38 4490
2020-07-13_14-10-38 4500
2020-07-13_14-10-38 4500
2020-07-13_14-10-38 4500
2020-07-13_14-10-38 4500
2020-07-13_14-10-38 4500
2020-07-13_14-10-38 4500
2020-07-13_14-10-38 4500
2020-07-13_14-10-38 4500
2020-07-13_14-10-38 4500
2020-07-13_14-10-38 4500
2020-07-13_14-10-38 4500
2020-07-13_14-10-38 4500
2020-07-13_14-10-38 4500
2020-07-13_14-10-38 4500
2020-07-13_14-10-38 4500
2020-07-13_14-10-38 4500
2020-07-13_14-10-38 4500
2020-07-13_14-10-38 4500
2020-07-13_14-10-38 4500
2020-07-13_14-10-38 4500
2020-07-13_14-10-38 4500
2020-07-13_14-10-38 4500
2020-07-13_14-10-38 4500
2020-07-13_14-10-38 4500
2020-07-13_14-10-38 4500
2020-07-13_14-10-38 4500
2020-07-13_14-10-38 4500
2020-07-13_14-10-38 4500
2020-07-13_14-10-38 4500
2020-07-13_14-10-38 4500
2020-07-13_14-10-38 4500
2020-07-13_14-10-38 4500
2020-07-13_14-10-38 4500
2020-07-13_14-10-38 4500
2020-07-13_14-10-38 4500
2020-07-13_14-10-38 4500
2020-07-13_14-10-38 4500
2020-07-13_14-10-38 4500
2020-07-13_14-10-38 4500
2020-07-13_14-10-38 4500
2020-07-13_14-10-38 4500
2020-07-13_14-10-38 4500
2020-07-13_14-10-38 4500
2020-07-13_14-10-38 4500
2020-07-13_14-10-38 4500
2020-07-13_14-10-38 4500
2020-07-13_14-10-38 4500
2020-07-13_14-10-38 4500
2020-07-13_14-10-38 4500
2020-07-13_14-10-38 4500
2020-07-13_14-10-38 4500
2020-07-13_14-10-38 4500
2020-07-13_14-10-38 4500
2020-07-13_14-10-38 4500
2020-07-13_14-10-38 4500
2020-07-13_14-10-38 4500
2020-07-13_14-10-38 4500
2020-07-13_14-10-38 4500
2020-07-13_14-10-38 4500
2020-07-13_14-10-38 4500
2020-07-13_14-10-38 4500
2020-07-13_14-10-38 4500
2020-07-13_14-10-38 4500
2020-07-13_14-10-38 4500
2020-07-13_14-10-38 4500
2020-07-13_14-10-38 4500
2020-07-13_14-10-38 4500
2020-07-13_14-10-38 4500
2020-07-13_14-10-38 4500
2020-07-13_14-10-38 4500
2020-07-13_14-10-38 4500
2020-07-13_14-10-38 4500
2020-07-13_14-10-38 4500
2020-07-13_14-10-38 4500
2020-07-13_14-10-38 4500
2020-07-13_14-10-38 4500
2020-07-13_14-10-38 4500
2020-07-13_14-10-38 4500
2020-07-13_14-10-38 4500
2020-07-13_14-10-38 4500
2020-07-13_14-10-38 4500
2020-07-13_14-10-38 4500
2020-07-13_14-10-38 4500
2020-07-13_14-10-38 4500
2020-07-13_14-10-38 4500
2020-07-13_14-10-38 4500
2020-07-13_14-10-38 4500
2020-07-13_14-10-38 4500
2020-07-13_14-10-38 4500
2020-07-13_14-10-38 4500
2020-07-13_14-10-38 4500
2020-07-13_14-10-38 4500
2020-07-13_14-10-38 4500
2020-07-13_14-10-38 4500
2020-07-13_14-10-38 4500
2020-07-13_14-10-38 4500
2020-07-13_14-10-38 4500
2020-07-13_14-10-38 4500
2020-07-13_14-10-38 4500
2020-07-13_14-10-38 4500
2020-07-13_14-10-38 4500
2020-07-13_14-10-38 4500
2020-07-13_14-10-38 4500
2020-07-13_14-10-38 4500
2020-07-13_14-10-38 4500
2020-07-13_14-10-38 4500
2020-07-13_14-10-38 4500
2020-07-13_14-10-38 4500
2020-07-13_14-10-38 4500
2020-07-13_14-10-38 4500
2020-07-13_14-10-38 4500
2020-07-13_14-10-38 4500
2020-07-13_14-10-38 4500
2020-07-13_14-10-38 4500
2020-07-13_14-10-38 4500
2020-07-13_14-10-38 4500
2020-07-13_14-10-38 4500
2020-07-13_14-10-38 4500
2020-07-13_14-10-38 4500
2020-07-13_14-10-38 4500
2020-07-13_14-10-38 4500
2020-07-13_14-10-38 4500
2020-07-13_14-10-38 4500
2020-07-13_14-10-38 4500
2020-07-13_14-10-38 4500
2020-07-13_14-10-38 4500
2020-07-13_14-10-38 4500
2020-07-13_14-10-38 4500
2020-07-13_14-10-38 4500
2020-07-13_14-10-38 4500
2020-07-13_14-10-38 4500
2020-07-13_14-10-38 4500
2020-07-13_14-10-38 4500
2020-07-13_14-10-38 4500
2020-07-13_14-10-38 4500
2020-07-13_14-10-38 4500
2020-07-13_14-10-38 4500
2020-07-13_14-10-38 4500
2020-07-13_14-10-38 4500
2020-07-13_14-10-38 4500
2020-07-13_14-10-38 4500
2020-07-13_14-10-38 4500
2020-07-13_14-10-38 4500
2020-07-13_14-10-38 4500
2020-07-13_14-10-38 4500
2020-07-13_14-10-39 4500
2020-07-13_14-10-39 4500
2020-07-13_14-10-39 4500
2020-07-13_14-10-39 4500
2020-07-13_14-10-39 4500
2020-07-13_14-10-39 4500
2020-07-13_14-10-39 4500
2020-07-13_14-10-39 4500
2020-07-13_14-10-39 4500
2020-07-13_14-10-39 4500
2020-07-13_14-10-39 4500
2020-07-13_14-10-39 4500
2020-07-13_14-10-39 4500
2020-07-13_14-10-39 4500
2020-07-13_14-10-39 4500
2020-07-13_14-10-39 4500
2020-07-13_14-10-39 4500
2020-07-13_14-10-39 4500
2020-07-13_14-10-39 4500
2020-07-13_14-10-39 4500
2020-07-13_14-10-39 4500
2020-07-13_14-10-39 4500
2020-07-13_14-10-39 4500
2020-07-13_14-10-39 4500
2020-07-13_14-10-39 4500
2020-07-13_14-10-39 4500
2020-07-13_14-10-39 4500
2020-07-13_14-10-39 4500
2020-07-13_14-10-39 4500
2020-07-13_14-10-39 4500
2020-07-13_14-10-39 4500
2020-07-13_14-10-39 4500
2020-07-13_14-10-39 4500
2020-07-13_14-10-39 4500
2020-07-13_14-10-39 4500
2020-07-13_14-10-39 4500
2020-07-13_14-10-39 4500
2020-07-13_14-10-39 4500
2020-07-13_14-10-39 4500
2020-07-13_14-10-39 4500
2020-07-13_14-10-39 4500
2020-07-13_14-10-39 4500
2020-07-13_14-10-39 4500
2020-07-13_14-10-39 4500
2020-07-13_14-10-39 4500
2020-07-13_14-10-39 4500
2020-07-13_14-10-39 4500
2020-07-13_14-10-39 4500
2020-07-13_14-10-39 4500
2020-07-13_14-10-39 4500
2020-07-13_14-10-39 4500
2020-07-13_14-10-39 4500
2020-07-13_14-10-39 4500
2020-07-13_14-10-39 4500
2020-07-13_14-10-39 4500
2020-07-13_14-10-39 4500
2020-07-13_14-10-39 4500
2020-07-13_14-10-39 4500
2020-07-13_14-10-39 4500
2020-07-13_14-10-39 4500
2020-07-13_14-10-39 4500
2020-07-13_14-10-39 4500
2020-07-13_14-10-39 4500
2020-07-13_14-10-39 4500
2020-07-13_14-10-39 4500
2020-07-13_14-10-39 4500
2020-07-13_14-10-39 4500
2020-07-13_14-10-39 4500
2020-07-13_14-10-39 4500
2020-07-13_14-10-39 4500
2020-07-13_14-10-39 4500
2020-07-13_14-10-39 4500
2020-07-13_14-10-39 4500
2020-07-13_14-10-39 4500
2020-07-13_14-10-39 4500
2020-07-13_14-10-39 4500
2020-07-13_14-10-39 4500
2020-07-13_14-10-39 4500
2020-07-13_14-10-39 4500
2020-07-13_14-10-39 4500
2020-07-13_14-10-39 4500
2020-07-13_14-10-39 4500
2020-07-13_14-10-39 4500
2020-07-13_14-10-39 4500
2020-07-13_14-10-39 4500
2020-07-13_14-10-39 4500
2020-07-13_14-10-39 4500
2020-07-13_14-10-39 4500
2020-07-13_14-10-39 4500
2020-07-13_14-10-39 4500
2020-07-13_14-10-39 4500
2020-07-13_14-10-39 4500
2020-07-13_14-10-39 4500
2020-07-13_14-10-39 4500
2020-07-13_14-10-39 4500
2020-07-13_14-10-39 4500
2020-07-13_14-10-39 4500
2020-07-13_14-10-39 4500
2020-07-13_14-10-39 4500
2020-07-13_14-10-39 4500
2020-07-13_14-10-39 4500
2020-07-13_14-10-39 4500
2020-07-13_14-10-39 4500
2020-07-13_14-10-39 4500
2020-07-13_14-10-39 4500
2020-07-13_14-10-39 4500
2020-07-13_14-10-39 4500
2020-07-13_14-10-39 4500
2020-07-13_14-10-39 4500
2020-07-13_14-10-39 4500
2020-07-13_14-10-39 4500
2020-07-13_14-10-39 4500
2020-07-13_14-10-39 4500
2020-07-13_14-10-39 4500
2020-07-13_14-10-39 4500
2020-07-13_14-10-39 4500
2020-07-13_14-10-39 4500
2020-07-13_14-10-39 4500
2020-07-13_14-10-39 4500
2020-07-13_14-10-39 4500
2020-07-13_14-10-39 4490
2020-07-13_14-10-39 4490
2020-07-13_14-10-39 4490
2020-07-13_14-10-39 4490
2020-07-13_14-10-39 4500
2020-07-13_14-10-39 4500
2020-07-13_14-10-39 4500
2020-07-13_14-10-39 4500
2020-07-13_14-10-39 4500
2020-07-13_14-10-39 4500
2020-07-13_14-10-39 4490
2020-07-13_14-10-39 4500
2020-07-13_14-10-39 4500
2020-07-13_14-10-39 4500
2020-07-13_14-10-39 4500
2020-07-13_14-10-39 4500
2020-07-13_14-10-39 4500
2020-07-13_14-10-39 4500
2020-07-13_14-10-39 4500
2020-07-13_14-10-39 4500
2020-07-13_14-10-39 4500
2020-07-13_14-10-39 4500
2020-07-13_14-10-39 4500
2020-07-13_14-10-39 4500
2020-07-13_14-10-39 4500
2020-07-13_14-10-39 4500
2020-07-13_14-10-39 4500
2020-07-13_14-10-39 4500
2020-07-13_14-10-39 4500
2020-07-13_14-10-39 4500
2020-07-13_14-10-39 4500
2020-07-13_14-10-39 4500
2020-07-13_14-10-39 4500
2020-07-13_14-10-39 4500
2020-07-13_14-10-39 4500
2020-07-13_14-10-39 4500
2020-07-13_14-10-39 4500
2020-07-13_14-10-39 4500
2020-07-13_14-10-39 4500
2020-07-13_14-10-39 4500
2020-07-13_14-10-39 4500
2020-07-13_14-10-39 4500
2020-07-13_14-10-39 4500
2020-07-13_14-10-39 4500
2020-07-13_14-10-39 4500
2020-07-13_14-10-39 4500
2020-07-13_14-10-39 4500
2020-07-13_14-10-39 4510
2020-07-13_14-10-39 4510
2020-07-13_14-10-39 4500
2020-07-13_14-10-39 4500
2020-07-13_14-10-39 4500
2020-07-13_14-10-39 4500
2020-07-13_14-10-39 4500
2020-07-13_14-10-39 4500
2020-07-13_14-10-39 4500
2020-07-13_14-10-39 4500
2020-07-13_14-10-39 4510
2020-07-13_14-10-39 4510
2020-07-13_14-10-39 4510
2020-07-13_14-10-39 4510
2020-07-13_14-10-39 4500
2020-07-13_14-10-39 4500
2020-07-13_14-10-39 4500
2020-07-13_14-10-39 4500
2020-07-13_14-10-39 4500
2020-07-13_14-10-39 4500
2020-07-13_14-10-39 4500
2020-07-13_14-10-39 4500
2020-07-13_14-10-39 4500
2020-07-13_14-10-39 4500
2020-07-13_14-10-39 4500
2020-07-13_14-10-39 4500
2020-07-13_14-10-39 4500
2020-07-13_14-10-39 4500
2020-07-13_14-10-39 4500
2020-07-13_14-10-39 4500
2020-07-13_14-10-39 4500
2020-07-13_14-10-39 4500
2020-07-13_14-10-39 4500
2020-07-13_14-10-39 4500
2020-07-13_14-10-39 4500
2020-07-13_14-10-39 4500
2020-07-13_14-10-39 4500
2020-07-13_14-10-39 4500
2020-07-13_14-10-39 4500
2020-07-13_14-10-39 4500
2020-07-13_14-10-39 4500
2020-07-13_14-10-39 4500
2020-07-13_14-10-39 4500
2020-07-13_14-10-39 4500
2020-07-13_14-10-39 4500
2020-07-13_14-10-39 4500
2020-07-13_14-10-39 4500
2020-07-13_14-10-39 4500
2020-07-13_14-10-39 4500
2020-07-13_14-10-39 4500
2020-07-13_14-10-39 4500
2020-07-13_14-10-39 4500
2020-07-13_14-10-39 4500
2020-07-13_14-10-39 4500
2020-07-13_14-10-39 4500
2020-07-13_14-10-39 4500
2020-07-13_14-10-39 4500
2020-07-13_14-10-39 4500
2020-07-13_14-10-39 4500
2020-07-13_14-10-39 4500
2020-07-13_14-10-39 4500
2020-07-13_14-10-39 4500
2020-07-13_14-10-39 4500
2020-07-13_14-10-39 4500
2020-07-13_14-10-39 4500
2020-07-13_14-10-39 4500
2020-07-13_14-10-39 4500
2020-07-13_14-10-39 4500
2020-07-13_14-10-39 4500
2020-07-13_14-10-39 4500
2020-07-13_14-10-39 4500
2020-07-13_14-10-39 4500
2020-07-13_14-10-39 4500
2020-07-13_14-10-39 4500
2020-07-13_14-10-39 4500
2020-07-13_14-10-39 4500
2020-07-13_14-10-39 4510
2020-07-13_14-10-39 4500
2020-07-13_14-10-39 4500
2020-07-13_14-10-39 4500
2020-07-13_14-10-39 4500
2020-07-13_14-10-39 4500
2020-07-13_14-10-39 4500
2020-07-13_14-10-39 4500
2020-07-13_14-10-39 4500
2020-07-13_14-10-39 4500
2020-07-13_14-10-39 4500
2020-07-13_14-10-39 4500
2020-07-13_14-10-39 4500
2020-07-13_14-10-39 4500
2020-07-13_14-10-39 4500
2020-07-13_14-10-39 4500
2020-07-13_14-10-39 4500
2020-07-13_14-10-39 4500
2020-07-13_14-10-39 4500
2020-07-13_14-10-39 4500
2020-07-13_14-10-39 4500
2020-07-13_14-10-39 4500
2020-07-13_14-10-39 4500
2020-07-13_14-10-39 4500
2020-07-13_14-10-39 4500
2020-07-13_14-10-39 4500
2020-07-13_14-10-39 4500
2020-07-13_14-10-39 4500
2020-07-13_14-10-39 4500
2020-07-13_14-10-39 4500
2020-07-13_14-10-39 4500
2020-07-13_14-10-39 4500
2020-07-13_14-10-39 4500
2020-07-13_14-10-39 4500
2020-07-13_14-10-39 4500
2020-07-13_14-10-39 4500
2020-07-13_14-10-39 4500
2020-07-13_14-10-39 4500
2020-07-13_14-10-39 4500
2020-07-13_14-10-39 4500
2020-07-13_14-10-39 4500
2020-07-13_14-10-39 4500
2020-07-13_14-10-39 4510
2020-07-13_14-10-39 4510
2020-07-13_14-10-39 4510
2020-07-13_14-10-39 4510
2020-07-13_14-10-39 4510
2020-07-13_14-10-39 4500
2020-07-13_14-10-39 4500
2020-07-13_14-10-39 4500
2020-07-13_14-10-39 4500
2020-07-13_14-10-39 4500
2020-07-13_14-10-39 4500
2020-07-13_14-10-39 4500
2020-07-13_14-10-39 4500
2020-07-13_14-10-39 4500
2020-07-13_14-10-39 4500
2020-07-13_14-10-39 4500
2020-07-13_14-10-39 4500
2020-07-13_14-10-39 4500
2020-07-13_14-10-39 4490
2020-07-13_14-10-39 4490
2020-07-13_14-10-39 4500
2020-07-13_14-10-39 4500
2020-07-13_14-10-39 4500
2020-07-13_14-10-39 4500
2020-07-13_14-10-39 4500
2020-07-13_14-10-39 4500
2020-07-13_14-10-39 4500
2020-07-13_14-10-39 4500
2020-07-13_14-10-39 4500
2020-07-13_14-10-39 4500
2020-07-13_14-10-39 4490
2020-07-13_14-10-39 4490
2020-07-13_14-10-39 4500
2020-07-13_14-10-39 4500
2020-07-13_14-10-39 4500
2020-07-13_14-10-39 4510
2020-07-13_14-10-39 4510
2020-07-13_14-10-39 4500
2020-07-13_14-10-39 4500
2020-07-13_14-10-39 4500
2020-07-13_14-10-39 4500
2020-07-13_14-10-39 4500
2020-07-13_14-10-39 4500
2020-07-13_14-10-39 4500
2020-07-13_14-10-39 4500
2020-07-13_14-10-39 4500
2020-07-13_14-10-39 4500
2020-07-13_14-10-39 4500
2020-07-13_14-10-39 4500
2020-07-13_14-10-39 4500
2020-07-13_14-10-39 4500
2020-07-13_14-10-39 4500
2020-07-13_14-10-39 4500
2020-07-13_14-10-39 4500
2020-07-13_14-10-39 4500
2020-07-13_14-10-39 4500
2020-07-13_14-10-39 4500
2020-07-13_14-10-39 4500
2020-07-13_14-10-39 4500
2020-07-13_14-10-39 4500
2020-07-13_14-10-39 4500
2020-07-13_14-10-39 4500
2020-07-13_14-10-39 4500
2020-07-13_14-10-39 4500
2020-07-13_14-10-39 4500
2020-07-13_14-10-39 4500
2020-07-13_14-10-39 4500
2020-07-13_14-10-39 4500
2020-07-13_14-10-39 4500
2020-07-13_14-10-39 4500
2020-07-13_14-10-39 4500
2020-07-13_14-10-39 4500
2020-07-13_14-10-39 4500
2020-07-13_14-10-39 4500
2020-07-13_14-10-39 4500
2020-07-13_14-10-39 4500
2020-07-13_14-10-39 4500
2020-07-13_14-10-39 4500
2020-07-13_14-10-39 4500
2020-07-13_14-10-39 4500
2020-07-13_14-10-39 4500
2020-07-13_14-10-39 4500
2020-07-13_14-10-39 4500
2020-07-13_14-10-39 4500
2020-07-13_14-10-39 4500
2020-07-13_14-10-39 4500
2020-07-13_14-10-39 4500
2020-07-13_14-10-39 4500
2020-07-13_14-10-39 4500
2020-07-13_14-10-39 4500
2020-07-13_14-10-39 4500
2020-07-13_14-10-39 4500
2020-07-13_14-10-39 4500
2020-07-13_14-10-39 4500
2020-07-13_14-10-39 4500
2020-07-13_14-10-39 4500
2020-07-13_14-10-39 4500
2020-07-13_14-10-39 4500
2020-07-13_14-10-39 4500
2020-07-13_14-10-39 4500
2020-07-13_14-10-39 4500
2020-07-13_14-10-39 4500
2020-07-13_14-10-39 4500
2020-07-13_14-10-39 4490
2020-07-13_14-10-39 4490
2020-07-13_14-10-39 4490
2020-07-13_14-10-39 4500
2020-07-13_14-10-39 4500
2020-07-13_14-10-39 4500
2020-07-13_14-10-39 4500
2020-07-13_14-10-39 4500
2020-07-13_14-10-39 4500
2020-07-13_14-10-39 4510
2020-07-13_14-10-39 4510
2020-07-13_14-10-39 4510
2020-07-13_14-10-39 4500
2020-07-13_14-10-39 4500
2020-07-13_14-10-39 4490
2020-07-13_14-10-39 4490
2020-07-13_14-10-39 4490
2020-07-13_14-10-39 4500
2020-07-13_14-10-39 4500
2020-07-13_14-10-39 4510
2020-07-13_14-10-39 4510
2020-07-13_14-10-39 4510
2020-07-13_14-10-39 4500
2020-07-13_14-10-39 4500
2020-07-13_14-10-39 4500
2020-07-13_14-10-39 4510
2020-07-13_14-10-39 4510
2020-07-13_14-10-39 4510
2020-07-13_14-10-39 4510
2020-07-13_14-10-39 4500
2020-07-13_14-10-39 4500
2020-07-13_14-10-39 4490
2020-07-13_14-10-39 4500
2020-07-13_14-10-39 4500
2020-07-13_14-10-39 4500
2020-07-13_14-10-39 4500
2020-07-13_14-10-39 4500
2020-07-13_14-10-39 4500
2020-07-13_14-10-39 4500
2020-07-13_14-10-39 4500
2020-07-13_14-10-39 4500
2020-07-13_14-10-39 4500
2020-07-13_14-10-39 4500
2020-07-13_14-10-39 4500
2020-07-13_14-10-39 4500
2020-07-13_14-10-39 4500
2020-07-13_14-10-39 4500
2020-07-13_14-10-39 4500
2020-07-13_14-10-39 4500
2020-07-13_14-10-39 4500
2020-07-13_14-10-39 4500
2020-07-13_14-10-39 4500
2020-07-13_14-10-39 4500
2020-07-13_14-10-39 4500
2020-07-13_14-10-39 4500
2020-07-13_14-10-39 4500
2020-07-13_14-10-39 4500
2020-07-13_14-10-39 4500
2020-07-13_14-10-39 4500
2020-07-13_14-10-39 4500
2020-07-13_14-10-39 4500
2020-07-13_14-10-39 4500
2020-07-13_14-10-39 4500
2020-07-13_14-10-39 4510
2020-07-13_14-10-39 4510
2020-07-13_14-10-39 4510
2020-07-13_14-10-39 4500
2020-07-13_14-10-39 4500
2020-07-13_14-10-39 4490
2020-07-13_14-10-39 4500
2020-07-13_14-10-39 4500
2020-07-13_14-10-39 4500
2020-07-13_14-10-39 4500
2020-07-13_14-10-39 4500
2020-07-13_14-10-39 4500
2020-07-13_14-10-39 4500
2020-07-13_14-10-39 4500
2020-07-13_14-10-39 4500
2020-07-13_14-10-39 4500
2020-07-13_14-10-39 4500
2020-07-13_14-10-39 4500
2020-07-13_14-10-39 4500
2020-07-13_14-10-39 4510
2020-07-13_14-10-39 4510
2020-07-13_14-10-39 4510
2020-07-13_14-10-39 4500
2020-07-13_14-10-39 4500
2020-07-13_14-10-39 4500
2020-07-13_14-10-39 4500
2020-07-13_14-10-39 4500
2020-07-13_14-10-39 4490
2020-07-13_14-10-39 4500
2020-07-13_14-10-39 4500
2020-07-13_14-10-39 4510
2020-07-13_14-10-39 4510
2020-07-13_14-10-39 4510
2020-07-13_14-10-39 4510
2020-07-13_14-10-39 4500
2020-07-13_14-10-39 4500
2020-07-13_14-10-39 4490
2020-07-13_14-10-39 4490
2020-07-13_14-10-39 4490
2020-07-13_14-10-39 4490
2020-07-13_14-10-39 4500
2020-07-13_14-10-39 4500
2020-07-13_14-10-39 4500
2020-07-13_14-10-39 4510
2020-07-13_14-10-39 4500
2020-07-13_14-10-39 4500
2020-07-13_14-10-39 4500
2020-07-13_14-10-39 4500
2020-07-13_14-10-39 4500
2020-07-13_14-10-39 4500
2020-07-13_14-10-39 4500
2020-07-13_14-10-39 4500
2020-07-13_14-10-39 4500
2020-07-13_14-10-39 4500
2020-07-13_14-10-39 4510
2020-07-13_14-10-39 4500
2020-07-13_14-10-39 4500
2020-07-13_14-10-39 4500
2020-07-13_14-10-39 4500
2020-07-13_14-10-39 4500
2020-07-13_14-10-39 4500
2020-07-13_14-10-39 4500
2020-07-13_14-10-39 4500
2020-07-13_14-10-39 4500
2020-07-13_14-10-39 4500
2020-07-13_14-10-39 4500
2020-07-13_14-10-39 4500
2020-07-13_14-10-39 4500
2020-07-13_14-10-39 4500
2020-07-13_14-10-39 4490
2020-07-13_14-10-39 4490
2020-07-13_14-10-39 4500
2020-07-13_14-10-39 4500
2020-07-13_14-10-39 4500
2020-07-13_14-10-39 4500
2020-07-13_14-10-39 4500
2020-07-13_14-10-39 4500
2020-07-13_14-10-39 4500
2020-07-13_14-10-39 4490
2020-07-13_14-10-39 4500
2020-07-13_14-10-39 4500
2020-07-13_14-10-39 4500
2020-07-13_14-10-39 4500
2020-07-13_14-10-39 4500
2020-07-13_14-10-39 4500
2020-07-13_14-10-39 4500
2020-07-13_14-10-39 4500
2020-07-13_14-10-39 4500
2020-07-13_14-10-39 4500
2020-07-13_14-10-39 4500
2020-07-13_14-10-39 4500
2020-07-13_14-10-39 4500
2020-07-13_14-10-39 4500
2020-07-13_14-10-39 4500
2020-07-13_14-10-39 4500
2020-07-13_14-10-39 4500
2020-07-13_14-10-39 4500
2020-07-13_14-10-39 4500
2020-07-13_14-10-39 4500
2020-07-13_14-10-39 4500
2020-07-13_14-10-39 4500
2020-07-13_14-10-39 4490
2020-07-13_14-10-39 4490
2020-07-13_14-10-39 4500
2020-07-13_14-10-39 4500
2020-07-13_14-10-39 4500
2020-07-13_14-10-39 4510
2020-07-13_14-10-39 4510
2020-07-13_14-10-39 4500
2020-07-13_14-10-39 4490
2020-07-13_14-10-39 4490
2020-07-13_14-10-39 4490
2020-07-13_14-10-39 4490
2020-07-13_14-10-39 4490
2020-07-13_14-10-39 4490
2020-07-13_14-10-39 4500
2020-07-13_14-10-39 4500
2020-07-13_14-10-39 4500
2020-07-13_14-10-39 4500
2020-07-13_14-10-39 4500
2020-07-13_14-10-39 4500
2020-07-13_14-10-39 4510
2020-07-13_14-10-39 4510
2020-07-13_14-10-39 4500
2020-07-13_14-10-39 4500
2020-07-13_14-10-39 4500
2020-07-13_14-10-39 4500
2020-07-13_14-10-39 4500
2020-07-13_14-10-39 4500
2020-07-13_14-10-39 4500
2020-07-13_14-10-39 4500
2020-07-13_14-10-39 4500
2020-07-13_14-10-39 4500
2020-07-13_14-10-39 4500
2020-07-13_14-10-39 4500
2020-07-13_14-10-39 4500
2020-07-13_14-10-39 4500
2020-07-13_14-10-39 4500
2020-07-13_14-10-39 4500
2020-07-13_14-10-39 4500
2020-07-13_14-10-39 4500
2020-07-13_14-10-39 4500
2020-07-13_14-10-39 4500
2020-07-13_14-10-39 4500
2020-07-13_14-10-39 4500
2020-07-13_14-10-39 4500
2020-07-13_14-10-39 4500
2020-07-13_14-10-39 4500
2020-07-13_14-10-39 4500
2020-07-13_14-10-39 4500
2020-07-13_14-10-39 4500
2020-07-13_14-10-39 4500
2020-07-13_14-10-39 4500
2020-07-13_14-10-39 4500
2020-07-13_14-10-39 4500
2020-07-13_14-10-39 4500
2020-07-13_14-10-39 4500
2020-07-13_14-10-39 4500
2020-07-13_14-10-39 4500
2020-07-13_14-10-39 4500
2020-07-13_14-10-39 4500
2020-07-13_14-10-39 4500
2020-07-13_14-10-39 4500
2020-07-13_14-10-39 4500
2020-07-13_14-10-39 4500
2020-07-13_14-10-39 4490
2020-07-13_14-10-39 4490
2020-07-13_14-10-39 4490
2020-07-13_14-10-39 4490
2020-07-13_14-10-39 4490
2020-07-13_14-10-39 4500
2020-07-13_14-10-39 4500
2020-07-13_14-10-39 4500
2020-07-13_14-10-39 4500
2020-07-13_14-10-39 4500
2020-07-13_14-10-39 4500
2020-07-13_14-10-39 4500
2020-07-13_14-10-39 4500
2020-07-13_14-10-39 4500
2020-07-13_14-10-39 4500
2020-07-13_14-10-39 4500
2020-07-13_14-10-39 4500
2020-07-13_14-10-39 4500
2020-07-13_14-10-39 4500
2020-07-13_14-10-39 4500
2020-07-13_14-10-39 4500
2020-07-13_14-10-39 4500
2020-07-13_14-10-39 4500
2020-07-13_14-10-39 4500
2020-07-13_14-10-39 4500
2020-07-13_14-10-39 4500
2020-07-13_14-10-39 4500
2020-07-13_14-10-39 4500
2020-07-13_14-10-39 4500
2020-07-13_14-10-39 4500
2020-07-13_14-10-39 4500
2020-07-13_14-10-39 4500
2020-07-13_14-10-39 4500
2020-07-13_14-10-39 4500
2020-07-13_14-10-39 4500
2020-07-13_14-10-39 4500
2020-07-13_14-10-39 4500
2020-07-13_14-10-39 4500
2020-07-13_14-10-39 4500
2020-07-13_14-10-39 4500
2020-07-13_14-10-39 4500
2020-07-13_14-10-39 4500
2020-07-13_14-10-39 4500
2020-07-13_14-10-39 4500
2020-07-13_14-10-39 4500
2020-07-13_14-10-39 4500
2020-07-13_14-10-39 4500
2020-07-13_14-10-39 4500
2020-07-13_14-10-39 4500
2020-07-13_14-10-39 4500
2020-07-13_14-10-39 4500
2020-07-13_14-10-39 4500
2020-07-13_14-10-39 4500
2020-07-13_14-10-39 4500
2020-07-13_14-10-39 4500
2020-07-13_14-10-39 4500
2020-07-13_14-10-39 4500
2020-07-13_14-10-39 4500
2020-07-13_14-10-39 4500
2020-07-13_14-10-39 4500
2020-07-13_14-10-39 4500
2020-07-13_14-10-39 4500
2020-07-13_14-10-39 4500
2020-07-13_14-10-39 4500
2020-07-13_14-10-39 4500
2020-07-13_14-10-39 4500
2020-07-13_14-10-39 4500
2020-07-13_14-10-39 4500
2020-07-13_14-10-39 4500
2020-07-13_14-10-39 4500
2020-07-13_14-10-39 4500
2020-07-13_14-10-39 4500
2020-07-13_14-10-39 4500
2020-07-13_14-10-39 4500
2020-07-13_14-10-39 4500
2020-07-13_14-10-39 4500
2020-07-13_14-10-39 4500
2020-07-13_14-10-39 4500
2020-07-13_14-10-39 4500
2020-07-13_14-10-39 4500
2020-07-13_14-10-39 4500
2020-07-13_14-10-39 4500
2020-07-13_14-10-39 4500
2020-07-13_14-10-39 4500
2020-07-13_14-10-39 4500
2020-07-13_14-10-39 4500
2020-07-13_14-10-39 4500
2020-07-13_14-10-39 4500
2020-07-13_14-10-39 4500
2020-07-13_14-10-39 4500
2020-07-13_14-10-39 4500
2020-07-13_14-10-39 4500
2020-07-13_14-10-39 4500
2020-07-13_14-10-39 4500
2020-07-13_14-10-39 4500
2020-07-13_14-10-39 4500
2020-07-13_14-10-39 4500
2020-07-13_14-10-39 4500
2020-07-13_14-10-39 4500
2020-07-13_14-10-39 4500
2020-07-13_14-10-39 4500
2020-07-13_14-10-39 4500
2020-07-13_14-10-39 4500
2020-07-13_14-10-39 4500
2020-07-13_14-10-39 4500
2020-07-13_14-10-39 4500
2020-07-13_14-10-39 4500
2020-07-13_14-10-39 4500
2020-07-13_14-10-39 4500
2020-07-13_14-10-39 4500
2020-07-13_14-10-39 4500
2020-07-13_14-10-39 4500
2020-07-13_14-10-39 4500
2020-07-13_14-10-39 4500
2020-07-13_14-10-39 4500
2020-07-13_14-10-39 4500
2020-07-13_14-10-39 4500
2020-07-13_14-10-39 4500
2020-07-13_14-10-39 4500
2020-07-13_14-10-39 4500
2020-07-13_14-10-39 4500
2020-07-13_14-10-39 4510
2020-07-13_14-10-39 4500
2020-07-13_14-10-39 4500
2020-07-13_14-10-39 4500
2020-07-13_14-10-39 4500
2020-07-13_14-10-39 4500
2020-07-13_14-10-39 4500
2020-07-13_14-10-39 4500
2020-07-13_14-10-39 4500
2020-07-13_14-10-39 4500
2020-07-13_14-10-39 4500
2020-07-13_14-10-39 4500
2020-07-13_14-10-39 4500
2020-07-13_14-10-39 4500
2020-07-13_14-10-39 4500
2020-07-13_14-10-39 4500
2020-07-13_14-10-39 4500
2020-07-13_14-10-39 4500
2020-07-13_14-10-39 4500
2020-07-13_14-10-39 4500
2020-07-13_14-10-39 4500
2020-07-13_14-10-39 4510
2020-07-13_14-10-39 4500
2020-07-13_14-10-39 4500
2020-07-13_14-10-39 4500
2020-07-13_14-10-39 4500
2020-07-13_14-10-39 4500
2020-07-13_14-10-39 4500
2020-07-13_14-10-39 4500
2020-07-13_14-10-39 4500
2020-07-13_14-10-39 4500
2020-07-13_14-10-39 4500
2020-07-13_14-10-39 4500
2020-07-13_14-10-39 4500
2020-07-13_14-10-39 4500
2020-07-13_14-10-39 4500
2020-07-13_14-10-39 4500
2020-07-13_14-10-39 4500
2020-07-13_14-10-39 4500
2020-07-13_14-10-39 4500
2020-07-13_14-10-39 4500
2020-07-13_14-10-39 4500
2020-07-13_14-10-39 4500
2020-07-13_14-10-39 4500
2020-07-13_14-10-39 4500
2020-07-13_14-10-39 4500
2020-07-13_14-10-39 4500
2020-07-13_14-10-39 4500
2020-07-13_14-10-39 4500
2020-07-13_14-10-39 4500
2020-07-13_14-10-39 4500
2020-07-13_14-10-39 4500
2020-07-13_14-10-39 4500
2020-07-13_14-10-39 4500
2020-07-13_14-10-39 4500
2020-07-13_14-10-39 4500
2020-07-13_14-10-39 4500
2020-07-13_14-10-39 4500
2020-07-13_14-10-39 4500
2020-07-13_14-10-39 4500
2020-07-13_14-10-39 4500
2020-07-13_14-10-39 4500
2020-07-13_14-10-39 4500
2020-07-13_14-10-39 4500
2020-07-13_14-10-39 4500
2020-07-13_14-10-39 4500
2020-07-13_14-10-39 4500
2020-07-13_14-10-39 4500
2020-07-13_14-10-39 4500
2020-07-13_14-10-39 4510
2020-07-13_14-10-39 4510
2020-07-13_14-10-39 4510
2020-07-13_14-10-39 4510
2020-07-13_14-10-39 4500
2020-07-13_14-10-39 4510
2020-07-13_14-10-39 4510
2020-07-13_14-10-39 4510
2020-07-13_14-10-39 4510
2020-07-13_14-10-39 4510
2020-07-13_14-10-39 4510
2020-07-13_14-10-39 4500
2020-07-13_14-10-39 4490
2020-07-13_14-10-39 4490
2020-07-13_14-10-39 4500
2020-07-13_14-10-39 4500
2020-07-13_14-10-39 4500
2020-07-13_14-10-39 4500
2020-07-13_14-10-39 4500
2020-07-13_14-10-39 4500
2020-07-13_14-10-39 4500
2020-07-13_14-10-39 4500
2020-07-13_14-10-39 4500
2020-07-13_14-10-39 4500
2020-07-13_14-10-39 4500
2020-07-13_14-10-39 4500
2020-07-13_14-10-39 4500
2020-07-13_14-10-39 4500
2020-07-13_14-10-39 4500
2020-07-13_14-10-39 4500
2020-07-13_14-10-39 4500
2020-07-13_14-10-39 4500
2020-07-13_14-10-39 4500
2020-07-13_14-10-39 4500
2020-07-13_14-10-39 4500
2020-07-13_14-10-39 4500
2020-07-13_14-10-39 4500
2020-07-13_14-10-39 4490
2020-07-13_14-10-39 4490
2020-07-13_14-10-39 4490
2020-07-13_14-10-39 4490
2020-07-13_14-10-39 4500
2020-07-13_14-10-39 4500
2020-07-13_14-10-39 4500
2020-07-13_14-10-39 4500
2020-07-13_14-10-39 4500
2020-07-13_14-10-39 4500
2020-07-13_14-10-39 4500
2020-07-13_14-10-39 4500
2020-07-13_14-10-39 4500
2020-07-13_14-10-39 4500
2020-07-13_14-10-39 4500
2020-07-13_14-10-39 4500
2020-07-13_14-10-39 4500
2020-07-13_14-10-39 4500
2020-07-13_14-10-39 4500
2020-07-13_14-10-39 4500
2020-07-13_14-10-39 4500
2020-07-13_14-10-39 4500
2020-07-13_14-10-39 4500
2020-07-13_14-10-39 4510
2020-07-13_14-10-39 4510
2020-07-13_14-10-39 4510
2020-07-13_14-10-39 4510
2020-07-13_14-10-39 4500
2020-07-13_14-10-39 4500
2020-07-13_14-10-39 4500
2020-07-13_14-10-39 4500
2020-07-13_14-10-39 4500
2020-07-13_14-10-39 4500
2020-07-13_14-10-39 4500
2020-07-13_14-10-39 4510
2020-07-13_14-10-39 4510
2020-07-13_14-10-39 4510
2020-07-13_14-10-39 4510
2020-07-13_14-10-39 4510
2020-07-13_14-10-39 4500
2020-07-13_14-10-39 4500
2020-07-13_14-10-39 4500
2020-07-13_14-10-39 4500
2020-07-13_14-10-39 4500
2020-07-13_14-10-39 4500
2020-07-13_14-10-39 4500
2020-07-13_14-10-39 4500
2020-07-13_14-10-39 4500
2020-07-13_14-10-39 4500
2020-07-13_14-10-39 4500
2020-07-13_14-10-39 4500
2020-07-13_14-10-39 4500
2020-07-13_14-10-39 4500
2020-07-13_14-10-39 4500
2020-07-13_14-10-39 4500
2020-07-13_14-10-39 4500
2020-07-13_14-10-39 4500
2020-07-13_14-10-39 4500
2020-07-13_14-10-39 4500
2020-07-13_14-10-39 4490
2020-07-13_14-10-39 4490
2020-07-13_14-10-39 4500
2020-07-13_14-10-39 4510
2020-07-13_14-10-39 4510
2020-07-13_14-10-39 4510
2020-07-13_14-10-39 4510
2020-07-13_14-10-39 4510
2020-07-13_14-10-39 4500
2020-07-13_14-10-39 4500
2020-07-13_14-10-39 4500
2020-07-13_14-10-39 4500
2020-07-13_14-10-39 4500
2020-07-13_14-10-39 4500
2020-07-13_14-10-39 4500
2020-07-13_14-10-39 4500
2020-07-13_14-10-39 4500
2020-07-13_14-10-39 4500
2020-07-13_14-10-39 4500
2020-07-13_14-10-39 4500
2020-07-13_14-10-39 4500
2020-07-13_14-10-39 4500
2020-07-13_14-10-39 4500
2020-07-13_14-10-39 4500
2020-07-13_14-10-39 4500
2020-07-13_14-10-39 4500
2020-07-13_14-10-39 4500
2020-07-13_14-10-39 4500
2020-07-13_14-10-39 4500
2020-07-13_14-10-39 4500
2020-07-13_14-10-39 4500
2020-07-13_14-10-39 4500
2020-07-13_14-10-39 4500
2020-07-13_14-10-39 4500
2020-07-13_14-10-39 4500
2020-07-13_14-10-39 4500
2020-07-13_14-10-39 4500
2020-07-13_14-10-39 4500
2020-07-13_14-10-39 4500
2020-07-13_14-10-39 4500
2020-07-13_14-10-39 4500
2020-07-13_14-10-39 4500
2020-07-13_14-10-39 4500
2020-07-13_14-10-39 4500
2020-07-13_14-10-39 4500
2020-07-13_14-10-39 4500
2020-07-13_14-10-39 4500
2020-07-13_14-10-39 4500
2020-07-13_14-10-39 4500
2020-07-13_14-10-39 4500
2020-07-13_14-10-39 4500
2020-07-13_14-10-39 4510
2020-07-13_14-10-39 4510
2020-07-13_14-10-39 4510
2020-07-13_14-10-39 4510
2020-07-13_14-10-39 4500
2020-07-13_14-10-39 4500
2020-07-13_14-10-39 4500
2020-07-13_14-10-39 4500
2020-07-13_14-10-39 4500
2020-07-13_14-10-39 4500
2020-07-13_14-10-39 4500
2020-07-13_14-10-39 4500
2020-07-13_14-10-39 4500
2020-07-13_14-10-39 4500
2020-07-13_14-10-39 4490
2020-07-13_14-10-39 4500
2020-07-13_14-10-39 4500
2020-07-13_14-10-39 4500
2020-07-13_14-10-39 4500
2020-07-13_14-10-39 4500
2020-07-13_14-10-39 4500
2020-07-13_14-10-39 4500
2020-07-13_14-10-39 4500
2020-07-13_14-10-39 4500
2020-07-13_14-10-39 4500
2020-07-13_14-10-39 4500
2020-07-13_14-10-39 4500
2020-07-13_14-10-39 4500
2020-07-13_14-10-39 4500
2020-07-13_14-10-39 4500
2020-07-13_14-10-39 4500
2020-07-13_14-10-39 4500
2020-07-13_14-10-39 4500
2020-07-13_14-10-39 4500
2020-07-13_14-10-39 4500
2020-07-13_14-10-39 4500
2020-07-13_14-10-39 4500
2020-07-13_14-10-39 4500
2020-07-13_14-10-39 4500
2020-07-13_14-10-39 4500
2020-07-13_14-10-39 4500
2020-07-13_14-10-39 4500
2020-07-13_14-10-39 4500
2020-07-13_14-10-39 4500
2020-07-13_14-10-39 4500
2020-07-13_14-10-39 4500
2020-07-13_14-10-39 4500
2020-07-13_14-10-39 4500
2020-07-13_14-10-39 4500
2020-07-13_14-10-40 4500
2020-07-13_14-10-40 4500
2020-07-13_14-10-40 4500
2020-07-13_14-10-40 4500
2020-07-13_14-10-40 4500
2020-07-13_14-10-40 4500
2020-07-13_14-10-40 4500
2020-07-13_14-10-40 4500
2020-07-13_14-10-40 4500
2020-07-13_14-10-40 4500
2020-07-13_14-10-40 4500
2020-07-13_14-10-40 4500
2020-07-13_14-10-40 4500
2020-07-13_14-10-40 4500
2020-07-13_14-10-40 4500
2020-07-13_14-10-40 4500
2020-07-13_14-10-40 4500
2020-07-13_14-10-40 4500
2020-07-13_14-10-40 4500
2020-07-13_14-10-40 4500
2020-07-13_14-10-40 4500
2020-07-13_14-10-40 4500
2020-07-13_14-10-40 4500
2020-07-13_14-10-40 4500
2020-07-13_14-10-40 4500
2020-07-13_14-10-40 4500
2020-07-13_14-10-40 4500
2020-07-13_14-10-40 4500
2020-07-13_14-10-40 4500
2020-07-13_14-10-40 4500
2020-07-13_14-10-40 4500
2020-07-13_14-10-40 4500
2020-07-13_14-10-40 4500
2020-07-13_14-10-40 4500
2020-07-13_14-10-40 4500
2020-07-13_14-10-40 4500
2020-07-13_14-10-40 4500
2020-07-13_14-10-40 4500
2020-07-13_14-10-40 4500
2020-07-13_14-10-40 4500
2020-07-13_14-10-40 4500
2020-07-13_14-10-40 4500
2020-07-13_14-10-40 4500
2020-07-13_14-10-40 4500
2020-07-13_14-10-40 4500
2020-07-13_14-10-40 4500
2020-07-13_14-10-40 4500
2020-07-13_14-10-40 4500
2020-07-13_14-10-40 4500
2020-07-13_14-10-40 4500
2020-07-13_14-10-40 4500
2020-07-13_14-10-40 4500
2020-07-13_14-10-40 4500
2020-07-13_14-10-40 4500
2020-07-13_14-10-40 4500
2020-07-13_14-10-40 4500
2020-07-13_14-10-40 4500
2020-07-13_14-10-40 4500
2020-07-13_14-10-40 4500
2020-07-13_14-10-40 4500
2020-07-13_14-10-40 4500
2020-07-13_14-10-40 4500
2020-07-13_14-10-40 4500
2020-07-13_14-10-40 4500
2020-07-13_14-10-40 4500
2020-07-13_14-10-40 4500
2020-07-13_14-10-40 4500
2020-07-13_14-10-40 4500
2020-07-13_14-10-40 4500
2020-07-13_14-10-40 4500
2020-07-13_14-10-40 4500
2020-07-13_14-10-40 4500
2020-07-13_14-10-40 4500
2020-07-13_14-10-40 4500
2020-07-13_14-10-40 4500
2020-07-13_14-10-40 4500
2020-07-13_14-10-40 4500
2020-07-13_14-10-40 4500
2020-07-13_14-10-40 4500
2020-07-13_14-10-40 4500
2020-07-13_14-10-40 4500
2020-07-13_14-10-40 4500
2020-07-13_14-10-40 4500
2020-07-13_14-10-40 4500
2020-07-13_14-10-40 4500
2020-07-13_14-10-40 4520
2020-07-13_14-10-40 4540
2020-07-13_14-10-40 4570
2020-07-13_14-10-40 4570
2020-07-13_14-10-40 4570
2020-07-13_14-10-40 4570
2020-07-13_14-10-40 4570
2020-07-13_14-10-40 4570
2020-07-13_14-10-40 4570
2020-07-13_14-10-40 4570
2020-07-13_14-10-40 4570
2020-07-13_14-10-40 4570
2020-07-13_14-10-40 4580
2020-07-13_14-10-40 4580
2020-07-13_14-10-40 4580
2020-07-13_14-10-40 4580
2020-07-13_14-10-40 4580
2020-07-13_14-10-40 4580
2020-07-13_14-10-40 4570
2020-07-13_14-10-40 4570
2020-07-13_14-10-40 4570
2020-07-13_14-10-40 4570
2020-07-13_14-10-40 4570
2020-07-13_14-10-40 4570
2020-07-13_14-10-40 4570
2020-07-13_14-10-40 4570
2020-07-13_14-10-40 4560
2020-07-13_14-10-40 4570
2020-07-13_14-10-40 4600
2020-07-13_14-10-40 4610
2020-07-13_14-10-40 4600
2020-07-13_14-10-40 4570
2020-07-13_14-10-40 4570
2020-07-13_14-10-40 4570
2020-07-13_14-10-40 4570
2020-07-13_14-10-40 4570
2020-07-13_14-10-40 4580
2020-07-13_14-10-40 4570
2020-07-13_14-10-40 4570
2020-07-13_14-10-40 4560
2020-07-13_14-10-40 4570
2020-07-13_14-10-40 4570
2020-07-13_14-10-40 4580
2020-07-13_14-10-40 4570
2020-07-13_14-10-40 4570
2020-07-13_14-10-40 4570
2020-07-13_14-10-40 4570
2020-07-13_14-10-40 4570
2020-07-13_14-10-40 4560
2020-07-13_14-10-40 4570
2020-07-13_14-10-40 4570
2020-07-13_14-10-40 4570
2020-07-13_14-10-40 4580
2020-07-13_14-10-40 4570
2020-07-13_14-10-40 4580
2020-07-13_14-10-40 4580
2020-07-13_14-10-40 4580
2020-07-13_14-10-40 4580
2020-07-13_14-10-40 4580
2020-07-13_14-10-40 4580
2020-07-13_14-10-40 4580
2020-07-13_14-10-40 4580
2020-07-13_14-10-40 4570
2020-07-13_14-10-40 4570
2020-07-13_14-10-40 4570
2020-07-13_14-10-40 4580
2020-07-13_14-10-40 4580
2020-07-13_14-10-40 4580
2020-07-13_14-10-40 4580
2020-07-13_14-10-40 4570
2020-07-13_14-10-40 4560
2020-07-13_14-10-40 4560
2020-07-13_14-10-40 4560
2020-07-13_14-10-40 4570
2020-07-13_14-10-40 4570
2020-07-13_14-10-40 4570
2020-07-13_14-10-40 4580
2020-07-13_14-10-40 4580
2020-07-13_14-10-40 4580
2020-07-13_14-10-40 4580
2020-07-13_14-10-40 4580
2020-07-13_14-10-40 4580
2020-07-13_14-10-40 4580
2020-07-13_14-10-40 4580
2020-07-13_14-10-40 4580
2020-07-13_14-10-40 4580
2020-07-13_14-10-40 4580
2020-07-13_14-10-40 4580
2020-07-13_14-10-40 4580
2020-07-13_14-10-40 4580
2020-07-13_14-10-40 4580
2020-07-13_14-10-40 4580
2020-07-13_14-10-40 4580
2020-07-13_14-10-40 4570
2020-07-13_14-10-40 4560
2020-07-13_14-10-40 4580
2020-07-13_14-10-40 4570
2020-07-13_14-10-40 4580
2020-07-13_14-10-40 4560
2020-07-13_14-10-40 4570
2020-07-13_14-10-40 4570
2020-07-13_14-10-40 4560
2020-07-13_14-10-40 4580
2020-07-13_14-10-40 4560
2020-07-13_14-10-40 4580
2020-07-13_14-10-40 4560
2020-07-13_14-10-40 4560
2020-07-13_14-10-40 4570
2020-07-13_14-10-40 4550
2020-07-13_14-10-40 4570
2020-07-13_14-10-40 4560
2020-07-13_14-10-40 4590
2020-07-13_14-10-40 4570
2020-07-13_14-10-40 4560
2020-07-13_14-10-40 4590
2020-07-13_14-10-40 4560
2020-07-13_14-10-40 4580
2020-07-13_14-10-40 4560
2020-07-13_14-10-40 4580
2020-07-13_14-10-40 4580
2020-07-13_14-10-40 4550
2020-07-13_14-10-40 4590
2020-07-13_14-10-40 4570
2020-07-13_14-10-40 4590
2020-07-13_14-10-40 4550
2020-07-13_14-10-40 4570
2020-07-13_14-10-40 4590
2020-07-13_14-10-40 4560
2020-07-13_14-10-40 4590
2020-07-13_14-10-40 4450
2020-07-13_14-10-40 4000
2020-07-13_14-10-40 3340
2020-07-13_14-10-40 2790
2020-07-13_14-10-40 2610
2020-07-13_14-10-40 2550
2020-07-13_14-10-40 2550
2020-07-13_14-10-40 2510
2020-07-13_14-10-40 2490
2020-07-13_14-10-40 2500
2020-07-13_14-10-40 2520
2020-07-13_14-10-40 2560
2020-07-13_14-10-40 2550
2020-07-13_14-10-40 2580
2020-07-13_14-10-40 2590
2020-07-13_14-10-40 2590
2020-07-13_14-10-40 2580
2020-07-13_14-10-40 2570
2020-07-13_14-10-40 2580
2020-07-13_14-10-40 2570
2020-07-13_14-10-40 2490
2020-07-13_14-10-40 2020
2020-07-13_14-10-40 1200
