2020-07-13_14-11-05 750
2020-07-13_14-11-05 1970
2020-07-13_14-11-05 1980
2020-07-13_14-11-05 1930
2020-07-13_14-11-05 1930
2020-07-13_14-11-05 1930
2020-07-13_14-11-05 1960
2020-07-13_14-11-05 1970
2020-07-13_14-11-05 2390
2020-07-13_14-11-05 4050
2020-07-13_14-11-05 4320
2020-07-13_14-11-05 4400
2020-07-13_14-11-05 4390
2020-07-13_14-11-05 4330
2020-07-13_14-11-05 4350
2020-07-13_14-11-05 4360
2020-07-13_14-11-05 4360
2020-07-13_14-11-05 4370
2020-07-13_14-11-05 4350
2020-07-13_14-11-05 4340
2020-07-13_14-11-05 4370
2020-07-13_14-11-05 4340
2020-07-13_14-11-05 4400
2020-07-13_14-11-05 4340
2020-07-13_14-11-05 4360
2020-07-13_14-11-05 4360
2020-07-13_14-11-05 4370
2020-07-13_14-11-05 4390
2020-07-13_14-11-05 4360
2020-07-13_14-11-05 4360
2020-07-13_14-11-05 4370
2020-07-13_14-11-05 4370
2020-07-13_14-11-05 4370
2020-07-13_14-11-05 4390
2020-07-13_14-11-05 4380
2020-07-13_14-11-05 4380
2020-07-13_14-11-05 4370
2020-07-13_14-11-05 4370
2020-07-13_14-11-05 4380
2020-07-13_14-11-05 4380
2020-07-13_14-11-05 4380
2020-07-13_14-11-05 4380
2020-07-13_14-11-05 4380
2020-07-13_14-11-05 4380
2020-07-13_14-11-05 4390
2020-07-13_14-11-05 4380
2020-07-13_14-11-05 4380
2020-07-13_14-11-05 4380
2020-07-13_14-11-05 4380
2020-07-13_14-11-05 4380
2020-07-13_14-11-05 4380
2020-07-13_14-11-05 4370
2020-07-13_14-11-05 4380
2020-07-13_14-11-05 4380
2020-07-13_14-11-05 4370
2020-07-13_14-11-05 4380
2020-07-13_14-11-05 4380
2020-07-13_14-11-05 4380
2020-07-13_14-11-05 4380
2020-07-13_14-11-05 4380
2020-07-13_14-11-05 4380
2020-07-13_14-11-05 4380
2020-07-13_14-11-05 4370
2020-07-13_14-11-05 4370
2020-07-13_14-11-05 4380
2020-07-13_14-11-05 4390
2020-07-13_14-11-05 4380
2020-07-13_14-11-05 4380
2020-07-13_14-11-05 4380
2020-07-13_14-11-05 4380
2020-07-13_14-11-05 4380
2020-07-13_14-11-05 4380
2020-07-13_14-11-05 4380
2020-07-13_14-11-05 4380
2020-07-13_14-11-05 4380
2020-07-13_14-11-05 4380
2020-07-13_14-11-05 4380
2020-07-13_14-11-05 4380
2020-07-13_14-11-05 4380
2020-07-13_14-11-05 4380
2020-07-13_14-11-05 4380
2020-07-13_14-11-05 4380
2020-07-13_14-11-05 4380
2020-07-13_14-11-05 4380
2020-07-13_14-11-05 4380
2020-07-13_14-11-05 4380
2020-07-13_14-11-05 4380
2020-07-13_14-11-05 4370
2020-07-13_14-11-05 4370
2020-07-13_14-11-05 4370
2020-07-13_14-11-05 4370
2020-07-13_14-11-05 4350
2020-07-13_14-11-05 4290
2020-07-13_14-11-05 4290
2020-07-13_14-11-05 4290
2020-07-13_14-11-05 4280
2020-07-13_14-11-05 4280
2020-07-13_14-11-05 4290
2020-07-13_14-11-05 4290
2020-07-13_14-11-05 4290
2020-07-13_14-11-05 4280
2020-07-13_14-11-05 4280
2020-07-13_14-11-05 4290
2020-07-13_14-11-05 4290
2020-07-13_14-11-05 4290
2020-07-13_14-11-05 4300
2020-07-13_14-11-05 4300
2020-07-13_14-11-05 4300
2020-07-13_14-11-05 4300
2020-07-13_14-11-05 4300
2020-07-13_14-11-05 4290
2020-07-13_14-11-05 4290
2020-07-13_14-11-05 4290
2020-07-13_14-11-05 4290
2020-07-13_14-11-05 4290
2020-07-13_14-11-05 4280
2020-07-13_14-11-05 4290
2020-07-13_14-11-05 4280
2020-07-13_14-11-05 4290
2020-07-13_14-11-05 4290
2020-07-13_14-11-05 4290
2020-07-13_14-11-05 4290
2020-07-13_14-11-05 4290
2020-07-13_14-11-05 4290
2020-07-13_14-11-05 4290
2020-07-13_14-11-05 4290
2020-07-13_14-11-05 4290
2020-07-13_14-11-05 4280
2020-07-13_14-11-05 4290
2020-07-13_14-11-05 4290
2020-07-13_14-11-05 4290
2020-07-13_14-11-05 4290
2020-07-13_14-11-05 4290
2020-07-13_14-11-05 4290
2020-07-13_14-11-05 4280
2020-07-13_14-11-05 4280
2020-07-13_14-11-05 4280
2020-07-13_14-11-05 4290
2020-07-13_14-11-05 4290
2020-07-13_14-11-05 4290
2020-07-13_14-11-05 17930
2020-07-13_14-11-05 17930
2020-07-13_14-11-05 17930
2020-07-13_14-11-05 17930
2020-07-13_14-11-05 17940
2020-07-13_14-11-05 17940
2020-07-13_14-11-05 17940
2020-07-13_14-11-05 17930
2020-07-13_14-11-05 17930
2020-07-13_14-11-05 17930
2020-07-13_14-11-05 17930
2020-07-13_14-11-05 17930
2020-07-13_14-11-05 17930
2020-07-13_14-11-05 17940
2020-07-13_14-11-05 17940
2020-07-13_14-11-05 17940
2020-07-13_14-11-05 17930
2020-07-13_14-11-05 17930
2020-07-13_14-11-05 17930
2020-07-13_14-11-05 17930
2020-07-13_14-11-05 17930
2020-07-13_14-11-05 17930
2020-07-13_14-11-05 17930
2020-07-13_14-11-05 17930
2020-07-13_14-11-05 17930
2020-07-13_14-11-05 17930
2020-07-13_14-11-05 17930
2020-07-13_14-11-05 17920
2020-07-13_14-11-05 17930
2020-07-13_14-11-05 17940
2020-07-13_14-11-05 17940
2020-07-13_14-11-05 17940
2020-07-13_14-11-05 17940
2020-07-13_14-11-05 17940
2020-07-13_14-11-05 17940
2020-07-13_14-11-05 17940
2020-07-13_14-11-05 17940
2020-07-13_14-11-05 17940
2020-07-13_14-11-05 12580
2020-07-13_14-11-05 9510
2020-07-13_14-11-05 9330
2020-07-13_14-11-05 9570
2020-07-13_14-11-05 9260
2020-07-13_14-11-05 9450
2020-07-13_14-11-05 9250
2020-07-13_14-11-05 9410
2020-07-13_14-11-05 9170
2020-07-13_14-11-05 9240
2020-07-13_14-11-05 3610
