2020-07-13_14-11-28 3930
2020-07-13_14-11-28 4340
2020-07-13_14-11-28 4100
2020-07-13_14-11-28 4180
2020-07-13_14-11-28 4140
2020-07-13_14-11-28 5250
2020-07-13_14-11-28 8190
2020-07-13_14-11-28 9300
2020-07-13_14-11-28 10820
2020-07-13_14-11-28 10870
2020-07-13_14-11-28 10840
2020-07-13_14-11-28 10850
2020-07-13_14-11-28 10840
2020-07-13_14-11-28 10840
2020-07-13_14-11-28 10840
2020-07-13_14-11-28 10840
2020-07-13_14-11-28 10840
2020-07-13_14-11-28 10840
2020-07-13_14-11-28 10840
2020-07-13_14-11-28 10840
2020-07-13_14-11-28 10840
2020-07-13_14-11-28 10840
2020-07-13_14-11-28 10840
2020-07-13_14-11-28 10830
2020-07-13_14-11-28 10850
2020-07-13_14-11-28 10840
2020-07-13_14-11-28 10840
2020-07-13_14-11-28 10830
2020-07-13_14-11-28 10840
2020-07-13_14-11-28 10840
2020-07-13_14-11-28 10830
2020-07-13_14-11-28 10840
2020-07-13_14-11-28 10840
2020-07-13_14-11-28 10850
2020-07-13_14-11-28 10830
2020-07-13_14-11-28 10850
2020-07-13_14-11-28 10850
2020-07-13_14-11-28 10830
2020-07-13_14-11-28 10840
2020-07-13_14-11-28 10830
2020-07-13_14-11-28 10880
2020-07-13_14-11-28 10850
2020-07-13_14-11-28 10840
2020-07-13_14-11-28 10830
2020-07-13_14-11-28 10830
2020-07-13_14-11-28 10850
2020-07-13_14-11-28 10850
2020-07-13_14-11-28 10870
2020-07-13_14-11-28 10840
2020-07-13_14-11-28 10830
2020-07-13_14-11-29 10830
2020-07-13_14-11-29 10870
2020-07-13_14-11-29 10870
2020-07-13_14-11-29 10860
2020-07-13_14-11-29 10840
2020-07-13_14-11-29 10850
2020-07-13_14-11-29 10850
2020-07-13_14-11-29 10860
2020-07-13_14-11-29 10860
2020-07-13_14-11-29 10840
2020-07-13_14-11-29 10830
2020-07-13_14-11-29 10840
2020-07-13_14-11-29 10860
2020-07-13_14-11-29 10860
2020-07-13_14-11-29 10850
2020-07-13_14-11-29 10840
2020-07-13_14-11-29 10840
2020-07-13_14-11-29 10850
2020-07-13_14-11-29 10860
2020-07-13_14-11-29 10860
2020-07-13_14-11-29 10850
2020-07-13_14-11-29 10840
2020-07-13_14-11-29 10850
2020-07-13_14-11-29 10850
2020-07-13_14-11-29 10860
2020-07-13_14-11-29 10860
2020-07-13_14-11-29 10860
2020-07-13_14-11-29 10850
2020-07-13_14-11-29 10850
2020-07-13_14-11-29 10850
2020-07-13_14-11-29 10850
2020-07-13_14-11-29 10850
2020-07-13_14-11-29 10850
2020-07-13_14-11-29 10850
2020-07-13_14-11-29 10850
2020-07-13_14-11-29 10850
2020-07-13_14-11-29 10850
2020-07-13_14-11-29 10850
2020-07-13_14-11-29 10850
2020-07-13_14-11-29 10850
2020-07-13_14-11-29 10850
2020-07-13_14-11-29 10850
2020-07-13_14-11-29 10850
2020-07-13_14-11-29 10860
2020-07-13_14-11-29 10860
2020-07-13_14-11-29 10860
2020-07-13_14-11-29 10850
2020-07-13_14-11-29 10850
2020-07-13_14-11-29 10840
2020-07-13_14-11-29 10850
2020-07-13_14-11-29 10840
2020-07-13_14-11-29 10850
2020-07-13_14-11-29 10850
2020-07-13_14-11-29 10850
2020-07-13_14-11-29 10850
2020-07-13_14-11-29 10850
2020-07-13_14-11-29 10850
2020-07-13_14-11-29 10850
2020-07-13_14-11-29 10850
2020-07-13_14-11-29 10850
2020-07-13_14-11-29 10850
2020-07-13_14-11-29 10850
2020-07-13_14-11-29 10850
2020-07-13_14-11-29 10850
2020-07-13_14-11-29 10850
2020-07-13_14-11-29 10850
2020-07-13_14-11-29 10850
2020-07-13_14-11-29 10850
2020-07-13_14-11-29 10850
2020-07-13_14-11-29 10850
2020-07-13_14-11-29 10850
2020-07-13_14-11-29 10850
2020-07-13_14-11-29 10850
2020-07-13_14-11-29 10850
2020-07-13_14-11-29 10850
2020-07-13_14-11-29 10850
2020-07-13_14-11-29 10850
2020-07-13_14-11-29 10850
2020-07-13_14-11-29 10850
2020-07-13_14-11-29 10850
2020-07-13_14-11-29 10850
2020-07-13_14-11-29 10850
2020-07-13_14-11-29 10850
2020-07-13_14-11-29 10850
2020-07-13_14-11-29 10850
2020-07-13_14-11-29 10850
2020-07-13_14-11-29 10850
2020-07-13_14-11-29 10850
2020-07-13_14-11-29 10850
2020-07-13_14-11-29 10850
2020-07-13_14-11-29 10850
2020-07-13_14-11-29 10850
2020-07-13_14-11-29 10850
2020-07-13_14-11-29 10850
2020-07-13_14-11-29 10850
2020-07-13_14-11-29 10850
2020-07-13_14-11-29 10850
2020-07-13_14-11-29 10850
2020-07-13_14-11-29 10850
2020-07-13_14-11-29 10850
2020-07-13_14-11-29 10840
2020-07-13_14-11-29 10850
2020-07-13_14-11-29 10850
2020-07-13_14-11-29 10840
2020-07-13_14-11-29 10830
2020-07-13_14-11-29 10840
2020-07-13_14-11-29 10850
2020-07-13_14-11-29 10850
2020-07-13_14-11-29 10840
2020-07-13_14-11-29 10840
2020-07-13_14-11-29 10850
2020-07-13_14-11-29 10850
2020-07-13_14-11-29 10840
2020-07-13_14-11-29 10850
2020-07-13_14-11-29 10840
2020-07-13_14-11-29 10830
2020-07-13_14-11-29 10830
2020-07-13_14-11-29 10840
2020-07-13_14-11-29 10840
2020-07-13_14-11-29 10820
2020-07-13_14-11-29 10830
2020-07-13_14-11-29 10820
2020-07-13_14-11-29 10830
2020-07-13_14-11-29 10820
2020-07-13_14-11-29 10830
2020-07-13_14-11-29 10830
2020-07-13_14-11-29 10800
2020-07-13_14-11-29 10810
2020-07-13_14-11-29 10810
2020-07-13_14-11-29 10820
2020-07-13_14-11-29 10810
2020-07-13_14-11-29 10800
2020-07-13_14-11-29 10820
2020-07-13_14-11-29 10830
2020-07-13_14-11-29 10860
2020-07-13_14-11-29 10850
2020-07-13_14-11-29 10850
2020-07-13_14-11-29 10860
2020-07-13_14-11-29 10840
2020-07-13_14-11-29 10840
2020-07-13_14-11-29 10840
2020-07-13_14-11-29 10860
2020-07-13_14-11-29 10860
2020-07-13_14-11-29 10850
2020-07-13_14-11-29 10870
2020-07-13_14-11-29 10890
2020-07-13_14-11-29 11180
2020-07-13_14-11-29 11830
2020-07-13_14-11-29 12680
2020-07-13_14-11-29 13280
2020-07-13_14-11-29 13510
2020-07-13_14-11-29 13520
2020-07-13_14-11-29 13520
2020-07-13_14-11-29 13500
2020-07-13_14-11-29 13490
2020-07-13_14-11-29 13490
2020-07-13_14-11-29 13500
2020-07-13_14-11-29 13530
2020-07-13_14-11-29 13520
2020-07-13_14-11-29 13500
2020-07-13_14-11-29 13500
2020-07-13_14-11-29 13470
2020-07-13_14-11-29 13500
2020-07-13_14-11-29 13490
2020-07-13_14-11-29 13490
2020-07-13_14-11-29 13490
2020-07-13_14-11-29 13490
2020-07-13_14-11-29 13520
2020-07-13_14-11-29 13480
2020-07-13_14-11-29 13520
2020-07-13_14-11-29 13500
2020-07-13_14-11-29 13520
2020-07-13_14-11-29 13510
2020-07-13_14-11-29 13500
2020-07-13_14-11-29 13520
2020-07-13_14-11-29 13510
2020-07-13_14-11-29 13490
2020-07-13_14-11-29 13080
2020-07-13_14-11-29 12080
2020-07-13_14-11-29 10790
2020-07-13_14-11-29 9790
2020-07-13_14-11-29 9430
2020-07-13_14-11-29 9380
