2020-07-13_14-11-30 10120
2020-07-13_14-11-30 10120
2020-07-13_14-11-30 10130
2020-07-13_14-11-30 10130
2020-07-13_14-11-30 10110
2020-07-13_14-11-30 10100
2020-07-13_14-11-30 10100
2020-07-13_14-11-30 10100
2020-07-13_14-11-30 10090
2020-07-13_14-11-30 10090
2020-07-13_14-11-30 10120
2020-07-13_14-11-30 10130
2020-07-13_14-11-30 10100
2020-07-13_14-11-30 10100
2020-07-13_14-11-30 10110
2020-07-13_14-11-30 10110
2020-07-13_14-11-30 10100
2020-07-13_14-11-30 10110
2020-07-13_14-11-30 10110
2020-07-13_14-11-30 10080
2020-07-13_14-11-30 10080
2020-07-13_14-11-30 10100
2020-07-13_14-11-30 10100
2020-07-13_14-11-30 10100
2020-07-13_14-11-30 10110
2020-07-13_14-11-30 10100
2020-07-13_14-11-30 10110
2020-07-13_14-11-30 10110
2020-07-13_14-11-30 10110
2020-07-13_14-11-30 10110
2020-07-13_14-11-30 10110
2020-07-13_14-11-30 10100
2020-07-13_14-11-30 10100
2020-07-13_14-11-30 10110
2020-07-13_14-11-30 10110
2020-07-13_14-11-30 10110
2020-07-13_14-11-30 10110
2020-07-13_14-11-30 10110
2020-07-13_14-11-30 9940
2020-07-13_14-11-30 9940
2020-07-13_14-11-30 9990
2020-07-13_14-11-30 10120
2020-07-13_14-11-30 10090
2020-07-13_14-11-30 10080
2020-07-13_14-11-30 10100
2020-07-13_14-11-30 10090
2020-07-13_14-11-30 10120
2020-07-13_14-11-30 10080
2020-07-13_14-11-30 10060
2020-07-13_14-11-30 10010
2020-07-13_14-11-30 10120
2020-07-13_14-11-30 10000
2020-07-13_14-11-30 10050
2020-07-13_14-11-30 10070
2020-07-13_14-11-30 9950
2020-07-13_14-11-30 10090
2020-07-13_14-11-30 10080
2020-07-13_14-11-30 10130
2020-07-13_14-11-30 10080
2020-07-13_14-11-30 10610
2020-07-13_14-11-30 12620
2020-07-13_14-11-30 12660
2020-07-13_14-11-30 12690
2020-07-13_14-11-30 12660
2020-07-13_14-11-30 12660
2020-07-13_14-11-30 12660
2020-07-13_14-11-30 12670
2020-07-13_14-11-30 12680
2020-07-13_14-11-30 12680
2020-07-13_14-11-30 12670
2020-07-13_14-11-30 12660
2020-07-13_14-11-30 12670
2020-07-13_14-11-30 12710
2020-07-13_14-11-30 11930
2020-07-13_14-11-30 9480
2020-07-13_14-11-30 8800
2020-07-13_14-11-30 8800
2020-07-13_14-11-30 10870
2020-07-13_14-11-30 11010
2020-07-13_14-11-30 11030
2020-07-13_14-11-30 11060
2020-07-13_14-11-30 11060
2020-07-13_14-11-30 11060
2020-07-13_14-11-30 10980
2020-07-13_14-11-30 10990
2020-07-13_14-11-30 11060
2020-07-13_14-11-30 9680
2020-07-13_14-11-30 7850
2020-07-13_14-11-30 7890
2020-07-13_14-11-30 8060
2020-07-13_14-11-30 7230
2020-07-13_14-11-30 5310
2020-07-13_14-11-30 4970
2020-07-13_14-11-30 4950
2020-07-13_14-11-30 4940
2020-07-13_14-11-30 4910
2020-07-13_14-11-30 4910
2020-07-13_14-11-30 4950
2020-07-13_14-11-30 4950
2020-07-13_14-11-30 4970
2020-07-13_14-11-30 4970
2020-07-13_14-11-30 4960
2020-07-13_14-11-30 10120
2020-07-13_14-11-30 10120
2020-07-13_14-11-30 10090
2020-07-13_14-11-30 10090
2020-07-13_14-11-30 10100
2020-07-13_14-11-30 10120
2020-07-13_14-11-30 10100
2020-07-13_14-11-30 10110
2020-07-13_14-11-30 10110
2020-07-13_14-11-30 10090
2020-07-13_14-11-30 10100
2020-07-13_14-11-30 10110
2020-07-13_14-11-30 10110
2020-07-13_14-11-30 10100
2020-07-13_14-11-30 10110
2020-07-13_14-11-30 10110
2020-07-13_14-11-30 10100
2020-07-13_14-11-30 10070
2020-07-13_14-11-30 10120
2020-07-13_14-11-30 10120
2020-07-13_14-11-30 10110
2020-07-13_14-11-30 10080
2020-07-13_14-11-30 10060
2020-07-13_14-11-30 10110
2020-07-13_14-11-30 10110
2020-07-13_14-11-30 10090
2020-07-13_14-11-30 10090
2020-07-13_14-11-30 10100
2020-07-13_14-11-30 10120
2020-07-13_14-11-30 10030
2020-07-13_14-11-30 10050
2020-07-13_14-11-30 10020
2020-07-13_14-11-30 10070
2020-07-13_14-11-30 10050
2020-07-13_14-11-30 10020
2020-07-13_14-11-30 10060
2020-07-13_14-11-30 10160
2020-07-13_14-11-30 10150
2020-07-13_14-11-30 10190
2020-07-13_14-11-30 11400
2020-07-13_14-11-30 12200
2020-07-13_14-11-30 12650
2020-07-13_14-11-30 12680
2020-07-13_14-11-30 12660
2020-07-13_14-11-30 12670
2020-07-13_14-11-30 12670
2020-07-13_14-11-30 12660
2020-07-13_14-11-30 12660
2020-07-13_14-11-30 12670
2020-07-13_14-11-30 12660
2020-07-13_14-11-30 12660
2020-07-13_14-11-30 12670
2020-07-13_14-11-30 12670
2020-07-13_14-11-30 12680
2020-07-13_14-11-30 12580
2020-07-13_14-11-30 10690
2020-07-13_14-11-30 8690
2020-07-13_14-11-30 8670
2020-07-13_14-11-30 9420
2020-07-13_14-11-30 10150
2020-07-13_14-11-30 11020
2020-07-13_14-11-30 11080
2020-07-13_14-11-30 11060
2020-07-13_14-11-30 11030
2020-07-13_14-11-30 11030
2020-07-13_14-11-30 10920
2020-07-13_14-11-30 10940
2020-07-13_14-11-30 11040
2020-07-13_14-11-30 11040
2020-07-13_14-11-30 11050
2020-07-13_14-11-30 10680
2020-07-13_14-11-30 8520
2020-07-13_14-11-30 7790
2020-07-13_14-11-30 7730
2020-07-13_14-11-30 7820
2020-07-13_14-11-30 7840
2020-07-13_14-11-30 7880
2020-07-13_14-11-30 7930
2020-07-13_14-11-30 7980
2020-07-13_14-11-30 7940
2020-07-13_14-11-30 6210
2020-07-13_14-11-30 4930
2020-07-13_14-11-30 4940
2020-07-13_14-11-30 4900
2020-07-13_14-11-30 4930
2020-07-13_14-11-30 4950
2020-07-13_14-11-30 4950
2020-07-13_14-11-30 4960
2020-07-13_14-11-30 4960
2020-07-13_14-11-30 4960
2020-07-13_14-11-30 4980
2020-07-13_14-11-30 4960
2020-07-13_14-11-30 4940
2020-07-13_14-11-30 4950
2020-07-13_14-11-30 4960
2020-07-13_14-11-30 4950
2020-07-13_14-11-30 4950
2020-07-13_14-11-30 4950
2020-07-13_14-11-30 4930
2020-07-13_14-11-30 4960
2020-07-13_14-11-30 4970
2020-07-13_14-11-30 4950
2020-07-13_14-11-30 4990
2020-07-13_14-11-30 4980
2020-07-13_14-11-30 4960
2020-07-13_14-11-30 4940
2020-07-13_14-11-30 4960
2020-07-13_14-11-30 4960
2020-07-13_14-11-30 4960
2020-07-13_14-11-30 4950
2020-07-13_14-11-30 4980
2020-07-13_14-11-30 4970
2020-07-13_14-11-30 4970
2020-07-13_14-11-30 4980
2020-07-13_14-11-30 4960
2020-07-13_14-11-30 4960
2020-07-13_14-11-30 4960
2020-07-13_14-11-30 4970
2020-07-13_14-11-30 4980
2020-07-13_14-11-30 4940
2020-07-13_14-11-30 4960
2020-07-13_14-11-30 4970
2020-07-13_14-11-30 4950
2020-07-13_14-11-30 4940
2020-07-13_14-11-30 4930
2020-07-13_14-11-30 4960
2020-07-13_14-11-30 4950
2020-07-13_14-11-30 4950
2020-07-13_14-11-30 4970
2020-07-13_14-11-30 4980
2020-07-13_14-11-30 4960
2020-07-13_14-11-30 4950
2020-07-13_14-11-30 4950
2020-07-13_14-11-30 4960
2020-07-13_14-11-30 4960
2020-07-13_14-11-30 4950
2020-07-13_14-11-30 4940
2020-07-13_14-11-30 4960
2020-07-13_14-11-30 4950
2020-07-13_14-11-30 4970
2020-07-13_14-11-30 4980
2020-07-13_14-11-30 4980
2020-07-13_14-11-30 4970
2020-07-13_14-11-30 5010
2020-07-13_14-11-30 4980
2020-07-13_14-11-30 4970
2020-07-13_14-11-30 4460
2020-07-13_14-11-30 2430
2020-07-13_14-11-30 2380
2020-07-13_14-11-30 2390
2020-07-13_14-11-30 2390
2020-07-13_14-11-30 2360
2020-07-13_14-11-30 2370
2020-07-13_14-11-30 2380
2020-07-13_14-11-30 2380
2020-07-13_14-11-30 2360
2020-07-13_14-11-30 2370
2020-07-13_14-11-30 2390
2020-07-13_14-11-30 2380
2020-07-13_14-11-30 2380
2020-07-13_14-11-30 2370
2020-07-13_14-11-30 2380
2020-07-13_14-11-30 2380
