2020-07-13_14-11-06 1720
2020-07-13_14-11-06 2150
2020-07-13_14-11-06 2170
2020-07-13_14-11-06 2170
2020-07-13_14-11-06 2120
2020-07-13_14-11-06 2160
2020-07-13_14-11-06 2150
2020-07-13_14-11-06 2810
2020-07-13_14-11-06 3570
2020-07-13_14-11-06 4250
2020-07-13_14-11-06 4580
2020-07-13_14-11-06 4640
2020-07-13_14-11-06 4620
2020-07-13_14-11-06 4610
2020-07-13_14-11-06 4600
2020-07-13_14-11-06 4590
2020-07-13_14-11-06 4600
2020-07-13_14-11-06 4590
2020-07-13_14-11-06 4610
2020-07-13_14-11-06 4600
2020-07-13_14-11-06 4590
2020-07-13_14-11-06 4600
2020-07-13_14-11-06 4600
2020-07-13_14-11-06 4600
2020-07-13_14-11-06 4600
2020-07-13_14-11-06 4600
2020-07-13_14-11-06 4600
2020-07-13_14-11-06 4600
2020-07-13_14-11-06 4600
2020-07-13_14-11-06 4600
2020-07-13_14-11-06 4600
2020-07-13_14-11-06 4610
2020-07-13_14-11-06 4610
2020-07-13_14-11-06 4550
2020-07-13_14-11-06 4550
2020-07-13_14-11-06 4550
2020-07-13_14-11-06 4540
2020-07-13_14-11-06 4510
2020-07-13_14-11-06 4520
2020-07-13_14-11-06 4530
2020-07-13_14-11-06 4520
2020-07-13_14-11-06 4520
2020-07-13_14-11-06 4510
2020-07-13_14-11-06 4460
2020-07-13_14-11-06 4460
2020-07-13_14-11-06 4470
2020-07-13_14-11-06 4460
2020-07-13_14-11-06 4460
2020-07-13_14-11-06 4460
2020-07-13_14-11-06 4460
2020-07-13_14-11-06 4460
2020-07-13_14-11-06 4460
2020-07-13_14-11-06 4460
2020-07-13_14-11-06 4460
2020-07-13_14-11-06 4460
2020-07-13_14-11-06 4540
2020-07-13_14-11-06 4550
2020-07-13_14-11-06 4530
2020-07-13_14-11-06 4540
2020-07-13_14-11-06 4530
2020-07-13_14-11-06 4480
2020-07-13_14-11-06 4460
2020-07-13_14-11-06 4460
2020-07-13_14-11-06 4450
2020-07-13_14-11-06 4460
2020-07-13_14-11-06 4460
2020-07-13_14-11-06 4460
2020-07-13_14-11-06 4460
2020-07-13_14-11-06 4460
2020-07-13_14-11-06 4460
2020-07-13_14-11-06 4460
2020-07-13_14-11-06 4460
2020-07-13_14-11-06 4450
2020-07-13_14-11-06 4450
2020-07-13_14-11-06 4460
2020-07-13_14-11-06 4460
2020-07-13_14-11-06 4460
2020-07-13_14-11-06 4460
2020-07-13_14-11-06 4460
2020-07-13_14-11-06 4460
2020-07-13_14-11-06 4450
2020-07-13_14-11-06 4460
2020-07-13_14-11-06 4460
2020-07-13_14-11-06 4470
2020-07-13_14-11-06 4460
2020-07-13_14-11-06 4450
2020-07-13_14-11-06 4460
2020-07-13_14-11-06 4460
2020-07-13_14-11-06 4460
2020-07-13_14-11-06 4460
2020-07-13_14-11-06 4460
2020-07-13_14-11-06 4460
2020-07-13_14-11-06 4460
2020-07-13_14-11-06 4460
2020-07-13_14-11-06 4460
2020-07-13_14-11-06 4460
2020-07-13_14-11-06 4460
2020-07-13_14-11-06 4460
2020-07-13_14-11-06 4460
2020-07-13_14-11-06 4460
2020-07-13_14-11-06 4450
2020-07-13_14-11-06 4460
2020-07-13_14-11-06 4460
2020-07-13_14-11-06 4460
2020-07-13_14-11-06 4460
2020-07-13_14-11-06 4460
2020-07-13_14-11-06 4460
2020-07-13_14-11-06 4460
2020-07-13_14-11-06 4460
2020-07-13_14-11-06 4470
2020-07-13_14-11-06 4460
2020-07-13_14-11-06 4460
2020-07-13_14-11-06 4460
2020-07-13_14-11-06 4460
2020-07-13_14-11-06 4460
2020-07-13_14-11-06 4460
2020-07-13_14-11-06 4460
2020-07-13_14-11-06 4460
2020-07-13_14-11-06 4460
2020-07-13_14-11-06 4460
2020-07-13_14-11-06 4590
2020-07-13_14-11-06 4620
2020-07-13_14-11-06 4620
2020-07-13_14-11-06 4610
2020-07-13_14-11-06 4590
2020-07-13_14-11-06 4620
2020-07-13_14-11-06 4590
2020-07-13_14-11-06 4600
2020-07-13_14-11-06 4600
2020-07-13_14-11-06 4590
2020-07-13_14-11-06 4600
2020-07-13_14-11-06 4600
2020-07-13_14-11-06 4600
2020-07-13_14-11-06 4610
2020-07-13_14-11-06 4600
2020-07-13_14-11-06 4610
2020-07-13_14-11-06 4610
2020-07-13_14-11-06 4610
2020-07-13_14-11-06 4600
2020-07-13_14-11-06 4600
2020-07-13_14-11-06 4600
2020-07-13_14-11-06 4610
2020-07-13_14-11-06 4600
2020-07-13_14-11-06 4600
2020-07-13_14-11-06 4600
2020-07-13_14-11-06 4600
2020-07-13_14-11-06 4600
2020-07-13_14-11-06 4600
2020-07-13_14-11-06 4600
2020-07-13_14-11-06 4600
2020-07-13_14-11-06 4600
2020-07-13_14-11-06 4590
2020-07-13_14-11-06 4560
2020-07-13_14-11-06 4520
2020-07-13_14-11-06 4520
2020-07-13_14-11-06 4520
2020-07-13_14-11-06 4520
2020-07-13_14-11-06 4530
2020-07-13_14-11-06 4520
2020-07-13_14-11-06 4520
2020-07-13_14-11-06 4500
2020-07-13_14-11-06 4480
2020-07-13_14-11-06 4460
2020-07-13_14-11-06 4460
2020-07-13_14-11-06 4460
2020-07-13_14-11-06 4460
2020-07-13_14-11-06 4460
2020-07-13_14-11-06 4460
2020-07-13_14-11-06 4460
2020-07-13_14-11-06 4460
2020-07-13_14-11-06 4460
2020-07-13_14-11-06 4460
2020-07-13_14-11-06 4480
2020-07-13_14-11-06 4500
2020-07-13_14-11-06 4530
2020-07-13_14-11-06 4540
2020-07-13_14-11-06 4530
2020-07-13_14-11-06 4530
2020-07-13_14-11-06 4540
2020-07-13_14-11-06 4550
2020-07-13_14-11-06 4540
2020-07-13_14-11-06 4540
2020-07-13_14-11-06 4540
2020-07-13_14-11-06 4540
2020-07-13_14-11-06 4520
2020-07-13_14-11-06 4500
2020-07-13_14-11-06 4470
2020-07-13_14-11-06 4470
2020-07-13_14-11-06 4460
2020-07-13_14-11-06 4460
2020-07-13_14-11-06 4450
2020-07-13_14-11-06 4450
2020-07-13_14-11-06 4450
2020-07-13_14-11-06 4460
2020-07-13_14-11-06 4460
2020-07-13_14-11-06 4460
2020-07-13_14-11-06 4460
2020-07-13_14-11-06 4460
2020-07-13_14-11-06 4450
2020-07-13_14-11-06 4460
2020-07-13_14-11-06 4460
2020-07-13_14-11-06 4460
2020-07-13_14-11-06 4460
2020-07-13_14-11-06 4460
2020-07-13_14-11-06 4460
2020-07-13_14-11-06 4460
2020-07-13_14-11-06 4460
2020-07-13_14-11-06 4460
2020-07-13_14-11-06 4460
2020-07-13_14-11-06 4460
2020-07-13_14-11-06 4450
2020-07-13_14-11-06 4450
2020-07-13_14-11-06 4450
2020-07-13_14-11-06 4450
2020-07-13_14-11-06 4450
2020-07-13_14-11-06 4460
2020-07-13_14-11-06 4460
2020-07-13_14-11-06 4460
2020-07-13_14-11-06 4460
2020-07-13_14-11-06 4460
2020-07-13_14-11-06 4460
2020-07-13_14-11-06 4460
2020-07-13_14-11-06 4460
2020-07-13_14-11-06 4460
2020-07-13_14-11-06 4460
2020-07-13_14-11-06 4460
2020-07-13_14-11-06 4450
2020-07-13_14-11-06 4450
2020-07-13_14-11-06 4460
2020-07-13_14-11-06 4460
2020-07-13_14-11-06 4460
2020-07-13_14-11-06 4460
2020-07-13_14-11-06 4470
2020-07-13_14-11-06 4470
2020-07-13_14-11-06 4460
2020-07-13_14-11-06 4450
2020-07-13_14-11-06 4450
2020-07-13_14-11-06 4460
2020-07-13_14-11-06 4460
2020-07-13_14-11-06 4460
2020-07-13_14-11-06 4460
2020-07-13_14-11-06 4450
2020-07-13_14-11-06 4460
2020-07-13_14-11-06 4460
2020-07-13_14-11-06 4460
2020-07-13_14-11-06 4460
2020-07-13_14-11-06 4460
2020-07-13_14-11-06 4460
2020-07-13_14-11-06 4450
2020-07-13_14-11-06 4460
2020-07-13_14-11-06 4460
2020-07-13_14-11-06 4460
2020-07-13_14-11-06 4460
2020-07-13_14-11-06 4460
2020-07-13_14-11-06 4460
2020-07-13_14-11-06 4460
2020-07-13_14-11-06 4460
2020-07-13_14-11-06 4460
2020-07-13_14-11-06 4460
2020-07-13_14-11-06 4460
2020-07-13_14-11-06 4460
2020-07-13_14-11-06 4460
2020-07-13_14-11-06 4460
2020-07-13_14-11-06 4460
2020-07-13_14-11-06 4460
2020-07-13_14-11-06 4460
2020-07-13_14-11-06 4460
2020-07-13_14-11-06 4460
2020-07-13_14-11-06 4460
2020-07-13_14-11-06 4460
2020-07-13_14-11-06 4460
2020-07-13_14-11-06 4460
2020-07-13_14-11-06 4460
2020-07-13_14-11-06 4460
2020-07-13_14-11-06 4460
2020-07-13_14-11-06 4460
2020-07-13_14-11-06 4450
2020-07-13_14-11-06 4460
2020-07-13_14-11-06 4460
2020-07-13_14-11-06 4460
2020-07-13_14-11-06 4460
2020-07-13_14-11-06 4460
2020-07-13_14-11-06 4470
2020-07-13_14-11-06 4460
2020-07-13_14-11-06 4460
2020-07-13_14-11-06 4460
2020-07-13_14-11-06 4460
2020-07-13_14-11-06 4460
2020-07-13_14-11-06 4460
2020-07-13_14-11-06 4460
2020-07-13_14-11-06 4460
2020-07-13_14-11-06 4460
2020-07-13_14-11-06 4460
2020-07-13_14-11-06 4460
2020-07-13_14-11-06 4460
2020-07-13_14-11-06 4460
2020-07-13_14-11-06 4460
2020-07-13_14-11-06 4460
2020-07-13_14-11-06 4460
2020-07-13_14-11-06 4460
2020-07-13_14-11-06 4460
2020-07-13_14-11-06 4460
2020-07-13_14-11-06 4460
2020-07-13_14-11-06 4460
2020-07-13_14-11-06 4460
2020-07-13_14-11-06 4460
2020-07-13_14-11-06 4460
2020-07-13_14-11-06 4460
2020-07-13_14-11-06 4460
2020-07-13_14-11-06 4460
2020-07-13_14-11-06 4460
2020-07-13_14-11-06 4460
2020-07-13_14-11-06 4460
2020-07-13_14-11-06 4460
2020-07-13_14-11-06 4460
2020-07-13_14-11-06 4460
2020-07-13_14-11-06 4460
2020-07-13_14-11-06 4460
2020-07-13_14-11-06 4460
2020-07-13_14-11-06 4460
2020-07-13_14-11-06 4460
2020-07-13_14-11-06 4460
2020-07-13_14-11-06 4460
2020-07-13_14-11-06 4460
2020-07-13_14-11-06 4460
2020-07-13_14-11-06 4460
2020-07-13_14-11-06 4460
2020-07-13_14-11-06 4460
2020-07-13_14-11-06 4460
2020-07-13_14-11-06 4460
2020-07-13_14-11-06 4460
2020-07-13_14-11-06 4460
2020-07-13_14-11-06 4460
2020-07-13_14-11-06 4460
2020-07-13_14-11-06 4460
2020-07-13_14-11-06 4460
2020-07-13_14-11-06 4460
2020-07-13_14-11-06 4460
2020-07-13_14-11-06 4460
2020-07-13_14-11-06 4460
2020-07-13_14-11-06 4460
2020-07-13_14-11-06 4460
2020-07-13_14-11-06 4460
2020-07-13_14-11-06 4460
2020-07-13_14-11-06 4460
2020-07-13_14-11-06 4470
2020-07-13_14-11-06 4470
2020-07-13_14-11-06 4470
2020-07-13_14-11-06 4460
2020-07-13_14-11-06 4460
2020-07-13_14-11-06 4460
2020-07-13_14-11-06 4460
2020-07-13_14-11-06 4460
2020-07-13_14-11-06 4460
2020-07-13_14-11-06 4460
2020-07-13_14-11-06 4460
2020-07-13_14-11-06 4470
2020-07-13_14-11-06 4460
2020-07-13_14-11-06 4460
2020-07-13_14-11-06 4460
2020-07-13_14-11-06 4460
2020-07-13_14-11-06 4460
2020-07-13_14-11-06 4460
2020-07-13_14-11-06 4460
2020-07-13_14-11-06 4460
2020-07-13_14-11-06 4460
2020-07-13_14-11-06 4460
2020-07-13_14-11-06 4460
2020-07-13_14-11-06 4460
2020-07-13_14-11-06 4460
2020-07-13_14-11-06 4460
2020-07-13_14-11-06 4460
2020-07-13_14-11-06 4470
2020-07-13_14-11-06 4460
2020-07-13_14-11-06 4460
2020-07-13_14-11-06 4460
2020-07-13_14-11-06 4460
2020-07-13_14-11-06 4460
2020-07-13_14-11-06 4460
2020-07-13_14-11-06 4460
2020-07-13_14-11-06 4460
2020-07-13_14-11-06 4460
2020-07-13_14-11-06 4510
2020-07-13_14-11-06 4530
2020-07-13_14-11-06 4540
2020-07-13_14-11-06 4530
2020-07-13_14-11-06 4530
2020-07-13_14-11-06 4530
2020-07-13_14-11-06 4530
2020-07-13_14-11-06 4480
2020-07-13_14-11-06 4460
2020-07-13_14-11-06 4460
2020-07-13_14-11-06 4460
2020-07-13_14-11-06 4460
2020-07-13_14-11-06 4510
2020-07-13_14-11-06 4520
2020-07-13_14-11-06 4540
2020-07-13_14-11-06 4560
2020-07-13_14-11-06 4500
2020-07-13_14-11-06 4500
2020-07-13_14-11-06 4560
2020-07-13_14-11-06 4540
2020-07-13_14-11-06 4520
2020-07-13_14-11-06 4540
2020-07-13_14-11-06 4540
2020-07-13_14-11-06 4460
2020-07-13_14-11-06 4460
2020-07-13_14-11-06 4460
2020-07-13_14-11-06 4460
2020-07-13_14-11-06 4460
2020-07-13_14-11-06 4460
2020-07-13_14-11-06 4460
2020-07-13_14-11-06 4460
2020-07-13_14-11-06 4460
2020-07-13_14-11-06 4460
2020-07-13_14-11-06 4460
2020-07-13_14-11-06 4460
2020-07-13_14-11-06 4460
2020-07-13_14-11-06 4460
2020-07-13_14-11-06 4460
2020-07-13_14-11-06 4460
2020-07-13_14-11-06 4460
2020-07-13_14-11-06 4460
2020-07-13_14-11-06 4460
2020-07-13_14-11-06 4460
2020-07-13_14-11-06 4460
2020-07-13_14-11-06 4460
2020-07-13_14-11-06 4460
2020-07-13_14-11-06 4460
2020-07-13_14-11-06 4460
2020-07-13_14-11-06 4460
2020-07-13_14-11-06 4460
2020-07-13_14-11-06 4460
2020-07-13_14-11-06 4460
2020-07-13_14-11-06 4460
2020-07-13_14-11-06 4460
2020-07-13_14-11-06 4460
2020-07-13_14-11-06 4460
2020-07-13_14-11-06 4460
2020-07-13_14-11-06 4460
2020-07-13_14-11-06 4460
2020-07-13_14-11-06 4450
2020-07-13_14-11-06 4450
2020-07-13_14-11-06 4450
2020-07-13_14-11-06 4460
2020-07-13_14-11-06 4460
2020-07-13_14-11-06 4460
2020-07-13_14-11-06 4460
2020-07-13_14-11-06 4460
2020-07-13_14-11-06 4460
2020-07-13_14-11-06 4460
2020-07-13_14-11-06 4460
2020-07-13_14-11-06 4460
2020-07-13_14-11-06 4460
2020-07-13_14-11-06 4460
2020-07-13_14-11-06 4460
2020-07-13_14-11-06 4460
2020-07-13_14-11-06 4460
2020-07-13_14-11-06 4460
2020-07-13_14-11-06 4460
2020-07-13_14-11-06 4460
2020-07-13_14-11-06 4460
2020-07-13_14-11-06 4460
2020-07-13_14-11-06 4460
2020-07-13_14-11-06 4460
2020-07-13_14-11-06 4460
2020-07-13_14-11-06 4460
2020-07-13_14-11-06 4470
2020-07-13_14-11-06 4460
2020-07-13_14-11-06 4460
2020-07-13_14-11-06 4460
2020-07-13_14-11-06 4460
2020-07-13_14-11-06 4460
2020-07-13_14-11-06 4470
2020-07-13_14-11-06 4470
2020-07-13_14-11-06 4470
2020-07-13_14-11-06 4460
2020-07-13_14-11-06 4470
2020-07-13_14-11-06 4470
2020-07-13_14-11-06 4470
2020-07-13_14-11-06 4460
2020-07-13_14-11-06 4460
2020-07-13_14-11-06 4470
2020-07-13_14-11-06 4470
2020-07-13_14-11-06 4460
2020-07-13_14-11-06 4460
2020-07-13_14-11-06 4460
2020-07-13_14-11-06 4460
2020-07-13_14-11-06 4460
2020-07-13_14-11-06 4460
2020-07-13_14-11-06 4460
2020-07-13_14-11-06 4460
2020-07-13_14-11-06 4460
2020-07-13_14-11-06 4460
2020-07-13_14-11-06 4460
2020-07-13_14-11-06 4460
2020-07-13_14-11-06 4460
2020-07-13_14-11-06 4460
2020-07-13_14-11-06 4460
2020-07-13_14-11-06 4470
2020-07-13_14-11-06 4460
2020-07-13_14-11-06 4460
2020-07-13_14-11-06 4460
2020-07-13_14-11-06 4460
2020-07-13_14-11-06 4460
2020-07-13_14-11-06 4460
2020-07-13_14-11-06 4460
2020-07-13_14-11-06 4460
2020-07-13_14-11-06 4460
2020-07-13_14-11-06 4460
2020-07-13_14-11-06 4460
2020-07-13_14-11-06 4460
2020-07-13_14-11-06 4460
2020-07-13_14-11-06 4460
2020-07-13_14-11-06 4460
2020-07-13_14-11-06 4460
2020-07-13_14-11-06 4460
2020-07-13_14-11-06 4460
2020-07-13_14-11-06 4460
2020-07-13_14-11-06 4460
2020-07-13_14-11-06 4460
2020-07-13_14-11-06 4460
2020-07-13_14-11-06 4460
2020-07-13_14-11-06 4460
2020-07-13_14-11-06 4460
2020-07-13_14-11-06 4460
2020-07-13_14-11-06 4460
2020-07-13_14-11-06 4460
2020-07-13_14-11-06 4460
2020-07-13_14-11-06 4470
2020-07-13_14-11-06 4470
2020-07-13_14-11-06 4460
2020-07-13_14-11-06 4460
2020-07-13_14-11-06 4460
2020-07-13_14-11-06 4460
2020-07-13_14-11-06 4460
2020-07-13_14-11-06 4460
2020-07-13_14-11-06 4460
2020-07-13_14-11-06 4460
2020-07-13_14-11-06 4460
2020-07-13_14-11-06 4470
2020-07-13_14-11-06 4470
2020-07-13_14-11-06 4460
2020-07-13_14-11-06 4460
2020-07-13_14-11-06 4460
2020-07-13_14-11-06 4460
2020-07-13_14-11-06 4460
2020-07-13_14-11-06 4460
2020-07-13_14-11-06 4460
2020-07-13_14-11-06 4460
2020-07-13_14-11-06 4460
2020-07-13_14-11-06 4460
2020-07-13_14-11-06 4460
2020-07-13_14-11-06 4460
2020-07-13_14-11-06 4460
2020-07-13_14-11-06 4460
2020-07-13_14-11-06 4460
2020-07-13_14-11-06 4460
2020-07-13_14-11-06 4460
2020-07-13_14-11-06 4460
2020-07-13_14-11-06 4460
2020-07-13_14-11-06 4460
2020-07-13_14-11-06 4460
2020-07-13_14-11-06 4460
2020-07-13_14-11-06 4460
2020-07-13_14-11-06 4480
2020-07-13_14-11-06 4530
2020-07-13_14-11-06 4530
2020-07-13_14-11-06 4530
2020-07-13_14-11-06 4540
2020-07-13_14-11-06 4550
2020-07-13_14-11-06 4520
2020-07-13_14-11-06 4530
2020-07-13_14-11-06 4530
2020-07-13_14-11-06 4530
2020-07-13_14-11-06 4530
2020-07-13_14-11-06 4490
2020-07-13_14-11-06 4470
2020-07-13_14-11-06 4470
2020-07-13_14-11-06 4460
2020-07-13_14-11-06 4460
2020-07-13_14-11-06 4460
2020-07-13_14-11-06 4470
2020-07-13_14-11-06 4490
2020-07-13_14-11-06 4500
2020-07-13_14-11-06 4490
2020-07-13_14-11-06 4480
2020-07-13_14-11-06 4470
2020-07-13_14-11-06 4480
2020-07-13_14-11-06 4480
2020-07-13_14-11-06 4490
2020-07-13_14-11-06 4490
2020-07-13_14-11-06 4500
2020-07-13_14-11-06 4560
2020-07-13_14-11-06 4550
2020-07-13_14-11-06 4530
2020-07-13_14-11-06 4510
2020-07-13_14-11-06 4520
2020-07-13_14-11-06 4540
2020-07-13_14-11-06 4560
2020-07-13_14-11-06 4520
2020-07-13_14-11-06 4510
2020-07-13_14-11-06 4520
2020-07-13_14-11-06 4530
2020-07-13_14-11-06 4550
2020-07-13_14-11-06 4550
2020-07-13_14-11-06 4530
2020-07-13_14-11-06 4530
2020-07-13_14-11-06 4540
2020-07-13_14-11-06 4540
2020-07-13_14-11-06 4550
2020-07-13_14-11-06 4530
2020-07-13_14-11-06 4530
2020-07-13_14-11-06 4530
2020-07-13_14-11-06 4530
2020-07-13_14-11-06 4540
2020-07-13_14-11-06 4540
2020-07-13_14-11-06 4540
2020-07-13_14-11-06 4540
2020-07-13_14-11-06 4540
2020-07-13_14-11-06 4530
2020-07-13_14-11-07 4530
2020-07-13_14-11-07 4540
2020-07-13_14-11-07 4520
2020-07-13_14-11-07 4530
2020-07-13_14-11-07 4540
2020-07-13_14-11-07 4540
2020-07-13_14-11-07 4540
2020-07-13_14-11-07 4540
2020-07-13_14-11-07 4540
2020-07-13_14-11-07 4540
2020-07-13_14-11-07 4530
2020-07-13_14-11-07 4530
2020-07-13_14-11-07 4530
2020-07-13_14-11-07 4530
2020-07-13_14-11-07 4520
2020-07-13_14-11-07 4490
2020-07-13_14-11-07 4530
2020-07-13_14-11-07 4540
2020-07-13_14-11-07 4520
2020-07-13_14-11-07 4540
2020-07-13_14-11-07 4470
2020-07-13_14-11-07 4070
2020-07-13_14-11-07 3380
2020-07-13_14-11-07 2480
2020-07-13_14-11-07 2460
2020-07-13_14-11-07 2460
2020-07-13_14-11-07 2470
2020-07-13_14-11-07 2470
2020-07-13_14-11-07 2430
2020-07-13_14-11-07 2440
2020-07-13_14-11-07 2290
2020-07-13_14-11-07 820
