2020-07-13_14-11-15 780
2020-07-13_14-11-15 1830
2020-07-13_14-11-15 1910
2020-07-13_14-11-15 2020
2020-07-13_14-11-15 2100
2020-07-13_14-11-15 2030
2020-07-13_14-11-15 2750
2020-07-13_14-11-15 5860
2020-07-13_14-11-15 7030
2020-07-13_14-11-15 6940
2020-07-13_14-11-15 6940
2020-07-13_14-11-15 6980
2020-07-13_14-11-15 6940
2020-07-13_14-11-15 7000
2020-07-13_14-11-15 6970
2020-07-13_14-11-15 6960
2020-07-13_14-11-15 6940
2020-07-13_14-11-15 6960
2020-07-13_14-11-15 6940
2020-07-13_14-11-15 6960
2020-07-13_14-11-15 6960
2020-07-13_14-11-15 6980
2020-07-13_14-11-15 6980
2020-07-13_14-11-15 6990
2020-07-13_14-11-15 6990
2020-07-13_14-11-15 6990
2020-07-13_14-11-15 6980
2020-07-13_14-11-15 6980
2020-07-13_14-11-15 6980
2020-07-13_14-11-15 6980
2020-07-13_14-11-15 7000
2020-07-13_14-11-15 6980
2020-07-13_14-11-15 6990
2020-07-13_14-11-15 6990
2020-07-13_14-11-15 6990
2020-07-13_14-11-15 6980
2020-07-13_14-11-15 6990
2020-07-13_14-11-15 6980
2020-07-13_14-11-15 6990
2020-07-13_14-11-15 6990
2020-07-13_14-11-15 6990
