2020-07-13_14-10-07 950
2020-07-13_14-10-07 1290
2020-07-13_14-10-07 1780
2020-07-13_14-10-07 2330
2020-07-13_14-10-07 2600
2020-07-13_14-10-07 2580
2020-07-13_14-10-07 2500
2020-07-13_14-10-07 2520
2020-07-13_14-10-07 2590
2020-07-13_14-10-07 2590
2020-07-13_14-10-07 2530
2020-07-13_14-10-07 2520
2020-07-13_14-10-07 2560
2020-07-13_14-10-07 2560
2020-07-13_14-10-07 2530
2020-07-13_14-10-07 2980
2020-07-13_14-10-07 4710
2020-07-13_14-10-07 7930
2020-07-13_14-10-07 11480
2020-07-13_14-10-07 13570
2020-07-13_14-10-07 13740
2020-07-13_14-10-07 13210
2020-07-13_14-10-07 13260
2020-07-13_14-10-07 13700
2020-07-13_14-10-07 13770
2020-07-13_14-10-07 13450
2020-07-13_14-10-07 13350
2020-07-13_14-10-07 13570
2020-07-13_14-10-07 13690
2020-07-13_14-10-07 13550
2020-07-13_14-10-07 13420
2020-07-13_14-10-07 13510
2020-07-13_14-10-07 13590
2020-07-13_14-10-07 13540
2020-07-13_14-10-07 13480
2020-07-13_14-10-07 13530
2020-07-13_14-10-07 13600
2020-07-13_14-10-07 13520
2020-07-13_14-10-07 13430
2020-07-13_14-10-07 13480
2020-07-13_14-10-07 13590
2020-07-13_14-10-07 13590
2020-07-13_14-10-07 13490
2020-07-13_14-10-07 13470
2020-07-13_14-10-07 13530
2020-07-13_14-10-07 13530
2020-07-13_14-10-07 13470
2020-07-13_14-10-07 13490
2020-07-13_14-10-07 13550
2020-07-13_14-10-07 13550
2020-07-13_14-10-07 13490
2020-07-13_14-10-07 13530
2020-07-13_14-10-07 13620
2020-07-13_14-10-07 13590
2020-07-13_14-10-07 13460
2020-07-13_14-10-07 13430
2020-07-13_14-10-07 13540
2020-07-13_14-10-07 13590
2020-07-13_14-10-07 13520
2020-07-13_14-10-07 13490
2020-07-13_14-10-07 13550
2020-07-13_14-10-07 13580
2020-07-13_14-10-07 13520
2020-07-13_14-10-07 13490
2020-07-13_14-10-07 13540
2020-07-13_14-10-07 13560
2020-07-13_14-10-07 13510
2020-07-13_14-10-07 13500
2020-07-13_14-10-07 13540
2020-07-13_14-10-07 13550
2020-07-13_14-10-07 13520
2020-07-13_14-10-07 13510
2020-07-13_14-10-07 13540
2020-07-13_14-10-07 13550
2020-07-13_14-10-07 13550
2020-07-13_14-10-07 13550
2020-07-13_14-10-07 13570
2020-07-13_14-10-07 13550
2020-07-13_14-10-07 13520
2020-07-13_14-10-07 13520
2020-07-13_14-10-07 13540
2020-07-13_14-10-07 13540
2020-07-13_14-10-07 13540
2020-07-13_14-10-07 13540
2020-07-13_14-10-07 13560
2020-07-13_14-10-07 13550
2020-07-13_14-10-07 13540
2020-07-13_14-10-07 13530
2020-07-13_14-10-07 13540
2020-07-13_14-10-07 13540
2020-07-13_14-10-07 13530
2020-07-13_14-10-07 13520
2020-07-13_14-10-07 13530
2020-07-13_14-10-07 13540
2020-07-13_14-10-07 13540
2020-07-13_14-10-07 13500
2020-07-13_14-10-07 13490
2020-07-13_14-10-07 13520
2020-07-13_14-10-07 13540
2020-07-13_14-10-07 13530
2020-07-13_14-10-07 13490
2020-07-13_14-10-07 13490
2020-07-13_14-10-07 13490
2020-07-13_14-10-07 13490
2020-07-13_14-10-07 13500
2020-07-13_14-10-07 13480
2020-07-13_14-10-07 13490
2020-07-13_14-10-07 13490
2020-07-13_14-10-07 13480
2020-07-13_14-10-07 13470
2020-07-13_14-10-07 13480
2020-07-13_14-10-07 13500
2020-07-13_14-10-07 13490
2020-07-13_14-10-07 13490
2020-07-13_14-10-07 13530
2020-07-13_14-10-07 13520
2020-07-13_14-10-07 13480
2020-07-13_14-10-07 13510
2020-07-13_14-10-07 13570
2020-07-13_14-10-07 13510
2020-07-13_14-10-07 13430
2020-07-13_14-10-07 13480
2020-07-13_14-10-07 13610
2020-07-13_14-10-07 13600
2020-07-13_14-10-07 13490
2020-07-13_14-10-07 13510
2020-07-13_14-10-07 13610
2020-07-13_14-10-07 13570
2020-07-13_14-10-07 13450
2020-07-13_14-10-07 13480
2020-07-13_14-10-07 13570
2020-07-13_14-10-07 13130
2020-07-13_14-10-07 12230
2020-07-13_14-10-07 11510
2020-07-13_14-10-07 11300
2020-07-13_14-10-07 11270
2020-07-13_14-10-07 11110
2020-07-13_14-10-07 11130
2020-07-13_14-10-07 11310
2020-07-13_14-10-07 11270
2020-07-13_14-10-07 11020
2020-07-13_14-10-07 10970
2020-07-13_14-10-07 11160
2020-07-13_14-10-07 11180
2020-07-13_14-10-07 10970
2020-07-13_14-10-07 10870
2020-07-13_14-10-07 11030
2020-07-13_14-10-07 11120
2020-07-13_14-10-07 10980
2020-07-13_14-10-07 10630
2020-07-13_14-10-07 9410
2020-07-13_14-10-07 7030
2020-07-13_14-10-07 3820
2020-07-13_14-10-07 1410
