2020-07-13_14-11-08 2180
2020-07-13_14-11-08 2750
2020-07-13_14-11-08 2550
2020-07-13_14-11-08 2610
2020-07-13_14-11-08 2590
2020-07-13_14-11-08 2540
2020-07-13_14-11-08 2560
2020-07-13_14-11-08 6380
2020-07-13_14-11-08 10230
2020-07-13_14-11-08 9100
2020-07-13_14-11-08 9780
2020-07-13_14-11-08 9440
2020-07-13_14-11-08 9620
2020-07-13_14-11-08 9510
2020-07-13_14-11-08 9600
2020-07-13_14-11-08 9530
2020-07-13_14-11-08 9530
2020-07-13_14-11-08 9570
2020-07-13_14-11-08 9520
2020-07-13_14-11-08 9580
2020-07-13_14-11-08 9590
2020-07-13_14-11-08 9570
2020-07-13_14-11-08 9570
2020-07-13_14-11-08 9580
2020-07-13_14-11-08 9580
2020-07-13_14-11-08 9570
2020-07-13_14-11-08 9590
2020-07-13_14-11-08 9580
2020-07-13_14-11-08 9580
2020-07-13_14-11-08 9590
2020-07-13_14-11-08 9590
2020-07-13_14-11-08 9590
2020-07-13_14-11-08 9590
2020-07-13_14-11-08 9580
2020-07-13_14-11-08 9590
2020-07-13_14-11-08 9590
2020-07-13_14-11-08 9580
2020-07-13_14-11-08 9580
2020-07-13_14-11-08 9590
2020-07-13_14-11-08 9580
2020-07-13_14-11-08 9580
2020-07-13_14-11-08 9580
2020-07-13_14-11-08 9580
2020-07-13_14-11-08 9590
2020-07-13_14-11-08 9570
2020-07-13_14-11-08 9570
2020-07-13_14-11-08 9590
2020-07-13_14-11-08 9610
2020-07-13_14-11-08 9590
2020-07-13_14-11-08 9590
2020-07-13_14-11-08 9580
2020-07-13_14-11-08 9580
2020-07-13_14-11-08 9580
2020-07-13_14-11-08 9540
2020-07-13_14-11-08 9500
2020-07-13_14-11-08 9500
2020-07-13_14-11-08 9500
2020-07-13_14-11-08 9500
2020-07-13_14-11-08 9500
2020-07-13_14-11-08 9490
2020-07-13_14-11-08 9480
2020-07-13_14-11-08 9500
2020-07-13_14-11-08 9490
2020-07-13_14-11-08 9490
2020-07-13_14-11-08 9490
2020-07-13_14-11-08 9520
2020-07-13_14-11-08 9580
2020-07-13_14-11-08 9590
2020-07-13_14-11-08 1180
2020-07-13_14-11-08 2680
2020-07-13_14-11-08 2650
2020-07-13_14-11-08 2530
2020-07-13_14-11-08 2540
2020-07-13_14-11-08 3670
2020-07-13_14-11-08 9140
2020-07-13_14-11-08 9560
2020-07-13_14-11-08 9470
2020-07-13_14-11-08 9600
2020-07-13_14-11-08 9570
2020-07-13_14-11-08 9500
2020-07-13_14-11-08 9660
2020-07-13_14-11-08 9470
2020-07-13_14-11-08 9590
2020-07-13_14-11-08 9500
2020-07-13_14-11-08 9580
2020-07-13_14-11-08 9530
2020-07-13_14-11-08 9580
2020-07-13_14-11-08 9610
2020-07-13_14-11-08 9550
2020-07-13_14-11-08 9590
2020-07-13_14-11-08 9570
2020-07-13_14-11-08 9570
2020-07-13_14-11-08 9580
2020-07-13_14-11-08 9580
2020-07-13_14-11-08 9580
2020-07-13_14-11-08 9590
2020-07-13_14-11-08 9580
2020-07-13_14-11-08 9590
2020-07-13_14-11-08 9590
2020-07-13_14-11-08 9580
2020-07-13_14-11-08 9580
2020-07-13_14-11-08 9590
2020-07-13_14-11-08 9580
2020-07-13_14-11-08 9580
2020-07-13_14-11-08 9580
2020-07-13_14-11-08 9590
2020-07-13_14-11-08 9590
2020-07-13_14-11-08 9580
2020-07-13_14-11-08 9580
2020-07-13_14-11-08 9590
2020-07-13_14-11-08 9580
2020-07-13_14-11-08 9570
2020-07-13_14-11-08 9570
2020-07-13_14-11-08 9610
2020-07-13_14-11-08 9590
2020-07-13_14-11-08 9590
2020-07-13_14-11-08 9580
2020-07-13_14-11-08 9580
2020-07-13_14-11-08 9580
2020-07-13_14-11-08 9570
2020-07-13_14-11-08 9520
2020-07-13_14-11-08 9500
2020-07-13_14-11-08 9500
2020-07-13_14-11-08 9500
2020-07-13_14-11-08 9490
2020-07-13_14-11-08 9480
2020-07-13_14-11-08 9490
2020-07-13_14-11-08 9500
2020-07-13_14-11-08 9500
2020-07-13_14-11-08 9490
2020-07-13_14-11-08 9490
2020-07-13_14-11-08 9490
2020-07-13_14-11-08 9490
2020-07-13_14-11-08 9490
2020-07-13_14-11-08 9490
2020-07-13_14-11-08 9490
2020-07-13_14-11-08 9500
2020-07-13_14-11-08 9550
2020-07-13_14-11-08 9570
2020-07-13_14-11-08 9590
2020-07-13_14-11-08 9580
2020-07-13_14-11-08 9580
2020-07-13_14-11-08 9590
2020-07-13_14-11-08 9580
2020-07-13_14-11-08 9580
2020-07-13_14-11-08 9580
2020-07-13_14-11-08 9580
2020-07-13_14-11-08 9580
2020-07-13_14-11-08 9580
2020-07-13_14-11-08 9580
2020-07-13_14-11-08 9580
2020-07-13_14-11-08 9580
2020-07-13_14-11-08 9580
2020-07-13_14-11-08 9580
2020-07-13_14-11-08 9580
2020-07-13_14-11-08 9580
2020-07-13_14-11-08 9580
2020-07-13_14-11-08 9590
2020-07-13_14-11-08 9580
2020-07-13_14-11-08 9580
2020-07-13_14-11-08 9580
2020-07-13_14-11-08 9590
2020-07-13_14-11-08 9590
2020-07-13_14-11-08 9590
2020-07-13_14-11-08 9590
2020-07-13_14-11-08 9590
2020-07-13_14-11-08 9590
2020-07-13_14-11-08 9570
2020-07-13_14-11-08 9570
2020-07-13_14-11-08 9580
2020-07-13_14-11-08 9580
2020-07-13_14-11-08 9570
2020-07-13_14-11-08 9570
2020-07-13_14-11-08 9570
2020-07-13_14-11-08 9580
2020-07-13_14-11-08 9580
2020-07-13_14-11-08 9580
2020-07-13_14-11-08 9580
2020-07-13_14-11-08 9570
2020-07-13_14-11-08 9570
2020-07-13_14-11-08 9580
2020-07-13_14-11-08 9590
2020-07-13_14-11-08 9590
2020-07-13_14-11-08 9590
2020-07-13_14-11-08 9600
2020-07-13_14-11-08 9560
2020-07-13_14-11-08 9580
2020-07-13_14-11-08 9630
2020-07-13_14-11-08 9580
2020-07-13_14-11-08 9570
2020-07-13_14-11-08 9580
2020-07-13_14-11-08 9570
2020-07-13_14-11-08 9580
2020-07-13_14-11-08 9580
2020-07-13_14-11-08 9560
2020-07-13_14-11-08 9580
2020-07-13_14-11-08 9600
2020-07-13_14-11-08 9580
2020-07-13_14-11-08 9590
2020-07-13_14-11-08 9570
2020-07-13_14-11-08 9600
2020-07-13_14-11-08 9590
2020-07-13_14-11-08 9580
2020-07-13_14-11-08 9580
2020-07-13_14-11-08 9580
2020-07-13_14-11-08 9590
2020-07-13_14-11-08 9580
2020-07-13_14-11-08 9590
2020-07-13_14-11-08 9580
2020-07-13_14-11-08 9580
2020-07-13_14-11-08 9580
2020-07-13_14-11-08 9580
2020-07-13_14-11-08 9580
2020-07-13_14-11-08 9580
2020-07-13_14-11-08 9580
2020-07-13_14-11-08 9570
2020-07-13_14-11-09 9560
2020-07-13_14-11-09 9560
2020-07-13_14-11-09 9550
2020-07-13_14-11-09 9510
2020-07-13_14-11-09 9510
2020-07-13_14-11-09 9510
2020-07-13_14-11-09 9560
2020-07-13_14-11-09 9640
2020-07-13_14-11-09 9540
2020-07-13_14-11-09 9550
2020-07-13_14-11-09 9550
2020-07-13_14-11-09 9590
2020-07-13_14-11-09 9600
2020-07-13_14-11-09 9480
2020-07-13_14-11-09 7100
2020-07-13_14-11-09 7100
2020-07-13_14-11-09 7030
2020-07-13_14-11-09 5540
2020-07-13_14-11-09 3480
