2020-07-13_14-11-15 970
2020-07-13_14-11-15 2350
2020-07-13_14-11-15 2560
2020-07-13_14-11-15 2490
2020-07-13_14-11-15 2580
2020-07-13_14-11-15 6600
2020-07-13_14-11-15 12860
2020-07-13_14-11-15 11830
2020-07-13_14-11-15 12210
2020-07-13_14-11-15 12370
2020-07-13_14-11-15 12210
2020-07-13_14-11-15 12090
2020-07-13_14-11-15 12420
2020-07-13_14-11-15 12260
2020-07-13_14-11-15 12160
2020-07-13_14-11-15 12270
2020-07-13_14-11-15 12320
2020-07-13_14-11-15 12280
2020-07-13_14-11-15 12310
2020-07-13_14-11-15 12250
2020-07-13_14-11-15 12280
2020-07-13_14-11-15 12280
2020-07-13_14-11-15 12280
2020-07-13_14-11-15 12320
2020-07-13_14-11-15 12240
2020-07-13_14-11-15 12240
2020-07-13_14-11-15 12280
2020-07-13_14-11-15 12290
2020-07-13_14-11-15 12290
2020-07-13_14-11-15 12300
2020-07-13_14-11-15 12310
2020-07-13_14-11-15 12290
2020-07-13_14-11-15 12290
2020-07-13_14-11-15 12290
2020-07-13_14-11-15 12290
2020-07-13_14-11-15 12290
2020-07-13_14-11-15 12290
2020-07-13_14-11-15 12290
2020-07-13_14-11-15 12290
2020-07-13_14-11-15 12280
2020-07-13_14-11-15 12290
2020-07-13_14-11-15 12290
2020-07-13_14-11-15 12290
2020-07-13_14-11-15 12290
2020-07-13_14-11-15 12300
2020-07-13_14-11-15 12290
2020-07-13_14-11-15 12280
2020-07-13_14-11-15 12280
2020-07-13_14-11-15 12270
2020-07-13_14-11-15 12280
2020-07-13_14-11-15 12310
2020-07-13_14-11-15 12320
2020-07-13_14-11-15 12310
2020-07-13_14-11-15 12280
2020-07-13_14-11-15 12250
2020-07-13_14-11-15 12210
2020-07-13_14-11-15 12200
2020-07-13_14-11-15 12200
2020-07-13_14-11-15 12210
2020-07-13_14-11-15 12200
2020-07-13_14-11-15 12210
2020-07-13_14-11-15 12210
2020-07-13_14-11-15 12200
2020-07-13_14-11-15 12210
2020-07-13_14-11-15 12210
2020-07-13_14-11-15 12200
2020-07-13_14-11-15 12200
2020-07-13_14-11-15 12210
2020-07-13_14-11-15 12210
2020-07-13_14-11-15 12220
2020-07-13_14-11-15 12220
2020-07-13_14-11-15 12230
2020-07-13_14-11-15 12260
2020-07-13_14-11-15 12280
2020-07-13_14-11-15 12280
2020-07-13_14-11-15 12290
2020-07-13_14-11-15 12300
2020-07-13_14-11-15 12310
2020-07-13_14-11-15 12300
2020-07-13_14-11-15 12290
2020-07-13_14-11-15 12290
2020-07-13_14-11-15 12290
2020-07-13_14-11-15 12300
2020-07-13_14-11-15 12300
2020-07-13_14-11-15 12290
2020-07-13_14-11-15 12290
2020-07-13_14-11-15 12290
2020-07-13_14-11-15 12300
2020-07-13_14-11-15 12290
2020-07-13_14-11-15 12300
2020-07-13_14-11-15 12300
2020-07-13_14-11-15 12300
2020-07-13_14-11-15 12290
2020-07-13_14-11-15 12280
2020-07-13_14-11-15 12290
2020-07-13_14-11-15 12290
2020-07-13_14-11-15 12290
2020-07-13_14-11-15 12290
2020-07-13_14-11-15 12290
2020-07-13_14-11-15 12290
2020-07-13_14-11-15 12290
2020-07-13_14-11-15 12290
2020-07-13_14-11-15 12290
2020-07-13_14-11-15 12290
2020-07-13_14-11-15 12290
2020-07-13_14-11-15 12290
2020-07-13_14-11-15 12290
2020-07-13_14-11-15 12290
2020-07-13_14-11-15 12290
2020-07-13_14-11-15 12290
2020-07-13_14-11-15 12270
2020-07-13_14-11-15 12250
2020-07-13_14-11-15 12220
2020-07-13_14-11-15 12200
2020-07-13_14-11-15 12200
2020-07-13_14-11-15 12200
2020-07-13_14-11-15 12200
2020-07-13_14-11-15 12200
2020-07-13_14-11-15 12200
2020-07-13_14-11-15 12200
2020-07-13_14-11-15 12210
2020-07-13_14-11-15 12210
2020-07-13_14-11-15 12210
2020-07-13_14-11-15 12210
2020-07-13_14-11-15 12210
2020-07-13_14-11-15 12200
2020-07-13_14-11-15 12200
2020-07-13_14-11-15 12200
2020-07-13_14-11-15 12200
2020-07-13_14-11-15 12200
2020-07-13_14-11-15 12200
2020-07-13_14-11-15 12200
2020-07-13_14-11-15 12200
2020-07-13_14-11-15 12200
2020-07-13_14-11-15 12200
2020-07-13_14-11-15 12200
2020-07-13_14-11-15 12200
2020-07-13_14-11-15 12200
2020-07-13_14-11-15 12200
2020-07-13_14-11-15 12200
2020-07-13_14-11-15 12200
2020-07-13_14-11-15 12200
2020-07-13_14-11-15 12200
2020-07-13_14-11-16 12200
2020-07-13_14-11-16 12200
2020-07-13_14-11-16 12200
2020-07-13_14-11-16 12200
2020-07-13_14-11-16 12200
2020-07-13_14-11-16 12200
2020-07-13_14-11-16 12200
2020-07-13_14-11-16 12200
2020-07-13_14-11-16 12200
2020-07-13_14-11-16 12200
2020-07-13_14-11-16 12200
2020-07-13_14-11-16 12200
2020-07-13_14-11-16 12200
2020-07-13_14-11-16 12200
2020-07-13_14-11-16 12200
2020-07-13_14-11-16 12200
2020-07-13_14-11-16 12200
2020-07-13_14-11-16 12200
2020-07-13_14-11-16 12200
2020-07-13_14-11-16 12200
2020-07-13_14-11-16 12200
2020-07-13_14-11-16 12200
2020-07-13_14-11-16 12200
2020-07-13_14-11-16 12200
2020-07-13_14-11-16 12200
2020-07-13_14-11-16 12200
2020-07-13_14-11-16 12200
2020-07-13_14-11-16 12200
2020-07-13_14-11-16 12200
2020-07-13_14-11-16 12200
2020-07-13_14-11-16 12200
2020-07-13_14-11-16 12200
2020-07-13_14-11-16 12200
2020-07-13_14-11-16 12200
2020-07-13_14-11-16 12200
2020-07-13_14-11-16 12200
2020-07-13_14-11-16 12200
2020-07-13_14-11-16 12200
2020-07-13_14-11-16 12200
2020-07-13_14-11-16 12200
2020-07-13_14-11-16 12200
2020-07-13_14-11-16 12200
2020-07-13_14-11-16 12200
2020-07-13_14-11-16 12200
2020-07-13_14-11-16 12200
2020-07-13_14-11-16 12200
2020-07-13_14-11-16 12200
2020-07-13_14-11-16 12200
2020-07-13_14-11-16 12210
2020-07-13_14-11-16 12210
2020-07-13_14-11-16 12200
2020-07-13_14-11-16 12200
2020-07-13_14-11-16 12200
2020-07-13_14-11-16 12200
2020-07-13_14-11-16 12200
2020-07-13_14-11-16 12200
2020-07-13_14-11-16 12200
2020-07-13_14-11-16 12200
2020-07-13_14-11-16 12200
2020-07-13_14-11-16 12200
2020-07-13_14-11-16 12200
2020-07-13_14-11-16 12200
2020-07-13_14-11-16 12470
2020-07-13_14-11-16 12310
2020-07-13_14-11-16 12290
2020-07-13_14-11-16 12400
2020-07-13_14-11-16 12300
2020-07-13_14-11-16 12220
2020-07-13_14-11-16 12260
2020-07-13_14-11-16 12220
2020-07-13_14-11-16 12270
2020-07-13_14-11-16 12300
2020-07-13_14-11-16 12260
2020-07-13_14-11-16 12320
2020-07-13_14-11-16 12280
2020-07-13_14-11-16 12290
2020-07-13_14-11-16 12290
2020-07-13_14-11-16 12290
2020-07-13_14-11-16 12310
2020-07-13_14-11-16 12300
2020-07-13_14-11-16 12290
2020-07-13_14-11-16 12290
2020-07-13_14-11-16 12300
2020-07-13_14-11-16 12290
2020-07-13_14-11-16 12290
2020-07-13_14-11-16 12280
2020-07-13_14-11-16 12290
2020-07-13_14-11-16 12280
2020-07-13_14-11-16 12290
2020-07-13_14-11-16 12290
2020-07-13_14-11-16 12290
2020-07-13_14-11-16 12290
2020-07-13_14-11-16 12290
2020-07-13_14-11-16 12300
2020-07-13_14-11-16 12310
2020-07-13_14-11-16 12300
2020-07-13_14-11-16 12300
2020-07-13_14-11-16 12290
2020-07-13_14-11-16 12290
2020-07-13_14-11-16 12290
2020-07-13_14-11-16 12290
2020-07-13_14-11-16 12290
2020-07-13_14-11-16 12290
2020-07-13_14-11-16 12290
2020-07-13_14-11-16 12290
2020-07-13_14-11-16 12290
2020-07-13_14-11-16 12290
2020-07-13_14-11-16 12290
2020-07-13_14-11-16 12290
2020-07-13_14-11-16 12290
2020-07-13_14-11-16 12300
2020-07-13_14-11-16 12300
2020-07-13_14-11-16 12290
2020-07-13_14-11-16 12290
2020-07-13_14-11-16 12290
2020-07-13_14-11-16 12290
2020-07-13_14-11-16 12300
2020-07-13_14-11-16 12290
2020-07-13_14-11-16 12200
2020-07-13_14-11-16 12200
2020-07-13_14-11-16 12200
2020-07-13_14-11-16 12200
2020-07-13_14-11-16 12200
2020-07-13_14-11-16 12200
2020-07-13_14-11-16 12220
2020-07-13_14-11-16 12210
2020-07-13_14-11-16 12190
2020-07-13_14-11-16 12190
2020-07-13_14-11-16 12200
2020-07-13_14-11-16 12210
2020-07-13_14-11-16 12200
2020-07-13_14-11-16 12200
2020-07-13_14-11-16 12210
2020-07-13_14-11-16 12210
2020-07-13_14-11-16 12210
2020-07-13_14-11-16 12220
2020-07-13_14-11-16 12220
2020-07-13_14-11-16 12210
2020-07-13_14-11-16 12230
2020-07-13_14-11-16 12280
2020-07-13_14-11-16 12230
2020-07-13_14-11-16 12200
2020-07-13_14-11-16 12200
2020-07-13_14-11-16 12200
2020-07-13_14-11-16 12200
2020-07-13_14-11-16 12200
2020-07-13_14-11-16 12200
2020-07-13_14-11-16 12200
2020-07-13_14-11-16 12210
2020-07-13_14-11-16 12210
2020-07-13_14-11-16 12200
2020-07-13_14-11-16 12200
2020-07-13_14-11-16 12200
2020-07-13_14-11-16 12210
2020-07-13_14-11-16 12200
2020-07-13_14-11-16 12200
2020-07-13_14-11-16 12200
2020-07-13_14-11-16 12200
2020-07-13_14-11-16 12200
2020-07-13_14-11-16 12210
2020-07-13_14-11-16 12210
2020-07-13_14-11-16 12210
2020-07-13_14-11-16 12210
2020-07-13_14-11-16 12210
2020-07-13_14-11-16 12210
2020-07-13_14-11-16 12200
2020-07-13_14-11-16 12200
2020-07-13_14-11-16 12200
2020-07-13_14-11-16 12200
2020-07-13_14-11-16 12200
2020-07-13_14-11-16 12210
2020-07-13_14-11-16 12200
2020-07-13_14-11-16 12200
2020-07-13_14-11-16 12200
2020-07-13_14-11-16 12200
2020-07-13_14-11-16 12200
2020-07-13_14-11-16 12200
2020-07-13_14-11-16 12210
2020-07-13_14-11-16 12210
2020-07-13_14-11-16 12210
2020-07-13_14-11-16 12210
2020-07-13_14-11-16 12210
2020-07-13_14-11-16 12210
2020-07-13_14-11-16 12210
2020-07-13_14-11-16 12200
2020-07-13_14-11-16 12200
2020-07-13_14-11-16 12200
2020-07-13_14-11-16 12200
2020-07-13_14-11-16 12200
2020-07-13_14-11-16 12200
2020-07-13_14-11-16 12200
2020-07-13_14-11-16 12210
2020-07-13_14-11-16 12230
2020-07-13_14-11-16 12250
2020-07-13_14-11-16 12260
2020-07-13_14-11-16 12270
2020-07-13_14-11-16 12260
2020-07-13_14-11-16 12240
2020-07-13_14-11-16 12220
2020-07-13_14-11-16 12210
2020-07-13_14-11-16 12210
2020-07-13_14-11-16 12220
2020-07-13_14-11-16 12240
2020-07-13_14-11-16 12260
2020-07-13_14-11-16 12290
2020-07-13_14-11-16 12300
2020-07-13_14-11-16 12280
2020-07-13_14-11-16 12270
2020-07-13_14-11-16 12260
2020-07-13_14-11-16 12280
2020-07-13_14-11-16 12300
2020-07-13_14-11-16 12300
2020-07-13_14-11-16 12280
2020-07-13_14-11-16 12270
2020-07-13_14-11-16 12290
2020-07-13_14-11-16 12290
2020-07-13_14-11-16 12290
2020-07-13_14-11-16 12320
2020-07-13_14-11-16 12240
2020-07-13_14-11-16 12270
2020-07-13_14-11-16 12380
2020-07-13_14-11-16 12350
2020-07-13_14-11-16 12210
2020-07-13_14-11-16 12370
2020-07-13_14-11-16 12220
2020-07-13_14-11-16 12390
2020-07-13_14-11-16 11840
2020-07-13_14-11-16 10340
2020-07-13_14-11-16 10140
2020-07-13_14-11-16 10000
2020-07-13_14-11-16 9830
2020-07-13_14-11-16 10000
2020-07-13_14-11-16 10010
2020-07-13_14-11-16 9940
2020-07-13_14-11-16 2540
