2020-07-13_14-10-03 830
2020-07-13_14-10-03 1790
2020-07-13_14-10-03 2630
2020-07-13_14-10-03 2540
2020-07-13_14-10-03 2360
2020-07-13_14-10-03 2440
2020-07-13_14-10-03 2750
2020-07-13_14-10-03 3020
2020-07-13_14-10-03 3040
2020-07-13_14-10-03 2900
2020-07-13_14-10-03 2840
2020-07-13_14-10-03 3750
2020-07-13_14-10-03 6870
2020-07-13_14-10-03 10670
2020-07-13_14-10-03 13130
2020-07-13_14-10-03 12900
2020-07-13_14-10-03 11990
2020-07-13_14-10-03 11990
2020-07-13_14-10-03 12580
2020-07-13_14-10-03 12720
2020-07-13_14-10-03 12360
2020-07-13_14-10-03 12230
2020-07-13_14-10-03 12510
2020-07-13_14-10-03 12600
2020-07-13_14-10-03 12350
2020-07-13_14-10-03 12280
2020-07-13_14-10-03 12510
2020-07-13_14-10-03 12580
2020-07-13_14-10-03 12390
2020-07-13_14-10-03 12350
2020-07-13_14-10-03 12520
2020-07-13_14-10-03 12560
2020-07-13_14-10-03 12410
2020-07-13_14-10-03 12380
2020-07-13_14-10-03 12510
2020-07-13_14-10-03 12540
2020-07-13_14-10-03 12430
2020-07-13_14-10-03 12400
2020-07-13_14-10-03 12470
2020-07-13_14-10-03 12500
2020-07-13_14-10-03 12430
2020-07-13_14-10-03 12410
2020-07-13_14-10-03 12470
2020-07-13_14-10-03 12470
2020-07-13_14-10-03 12420
2020-07-13_14-10-03 12420
2020-07-13_14-10-03 12480
2020-07-13_14-10-03 12520
2020-07-13_14-10-03 12480
2020-07-13_14-10-03 12420
2020-07-13_14-10-03 12420
2020-07-13_14-10-03 12480
2020-07-13_14-10-03 12490
2020-07-13_14-10-03 12450
2020-07-13_14-10-03 12450
2020-07-13_14-10-03 12480
2020-07-13_14-10-03 12460
2020-07-13_14-10-03 12440
2020-07-13_14-10-03 12460
2020-07-13_14-10-03 12480
2020-07-13_14-10-03 12450
2020-07-13_14-10-03 12440
2020-07-13_14-10-03 12470
2020-07-13_14-10-03 12490
2020-07-13_14-10-03 12450
2020-07-13_14-10-03 12440
2020-07-13_14-10-03 12480
2020-07-13_14-10-03 12470
2020-07-13_14-10-03 12450
2020-07-13_14-10-03 12450
2020-07-13_14-10-03 12480
2020-07-13_14-10-03 12470
2020-07-13_14-10-03 12430
2020-07-13_14-10-03 12430
2020-07-13_14-10-03 12470
2020-07-13_14-10-03 12490
2020-07-13_14-10-03 12470
2020-07-13_14-10-03 12440
2020-07-13_14-10-03 12450
2020-07-13_14-10-03 12460
2020-07-13_14-10-03 12440
2020-07-13_14-10-03 12440
2020-07-13_14-10-03 12460
2020-07-13_14-10-03 12450
2020-07-13_14-10-03 12430
2020-07-13_14-10-03 12430
2020-07-13_14-10-03 12440
2020-07-13_14-10-03 12440
2020-07-13_14-10-03 12440
2020-07-13_14-10-03 12450
2020-07-13_14-10-03 12440
2020-07-13_14-10-03 12410
2020-07-13_14-10-03 12410
2020-07-13_14-10-03 12450
2020-07-13_14-10-03 12450
2020-07-13_14-10-03 12420
2020-07-13_14-10-03 12410
2020-07-13_14-10-03 12430
2020-07-13_14-10-03 12430
2020-07-13_14-10-03 12400
2020-07-13_14-10-03 12440
2020-07-13_14-10-03 12520
2020-07-13_14-10-03 12480
2020-07-13_14-10-03 12370
2020-07-13_14-10-03 12390
2020-07-13_14-10-03 12530
2020-07-13_14-10-03 12570
2020-07-13_14-10-03 12440
2020-07-13_14-10-03 12390
2020-07-13_14-10-03 12480
2020-07-13_14-10-03 12510
2020-07-13_14-10-03 12410
2020-07-13_14-10-03 12380
2020-07-13_14-10-03 12490
2020-07-13_14-10-03 12340
2020-07-13_14-10-03 11540
2020-07-13_14-10-03 10680
2020-07-13_14-10-03 10230
2020-07-13_14-10-03 10210
2020-07-13_14-10-03 10060
2020-07-13_14-10-03 9980
2020-07-13_14-10-03 10170
2020-07-13_14-10-03 10320
2020-07-13_14-10-03 10180
2020-07-13_14-10-03 10050
2020-07-13_14-10-03 10150
2020-07-13_14-10-03 10240
2020-07-13_14-10-03 10070
2020-07-13_14-10-03 9930
2020-07-13_14-10-03 9990
2020-07-13_14-10-03 10000
2020-07-13_14-10-03 9850
2020-07-13_14-10-03 9140
2020-07-13_14-10-03 7300
2020-07-13_14-10-03 4420
2020-07-13_14-10-03 1730
