2020-07-13_14-10-12 780
2020-07-13_14-10-12 780
2020-07-13_14-10-12 780
2020-07-13_14-10-12 780
2020-07-13_14-10-12 780
2020-07-13_14-10-12 810
2020-07-13_14-10-12 900
2020-07-13_14-10-12 1070
2020-07-13_14-10-12 1230
2020-07-13_14-10-12 1320
2020-07-13_14-10-12 1330
2020-07-13_14-10-12 1330
2020-07-13_14-10-12 1320
2020-07-13_14-10-12 1320
2020-07-13_14-10-12 1320
2020-07-13_14-10-12 1320
2020-07-13_14-10-12 1320
2020-07-13_14-10-12 1320
2020-07-13_14-10-12 1320
2020-07-13_14-10-12 1320
2020-07-13_14-10-12 1320
2020-07-13_14-10-12 1320
2020-07-13_14-10-12 1320
2020-07-13_14-10-12 1310
2020-07-13_14-10-12 1310
2020-07-13_14-10-12 1300
2020-07-13_14-10-12 1310
2020-07-13_14-10-12 1320
2020-07-13_14-10-13 1320
2020-07-13_14-10-13 1310
2020-07-13_14-10-13 1310
2020-07-13_14-10-13 1310
2020-07-13_14-10-13 1310
2020-07-13_14-10-13 1060
2020-07-13_14-10-13 810
