2020-07-13_14-10-22 1440
2020-07-13_14-10-22 3690
2020-07-13_14-10-22 6200
2020-07-13_14-10-22 7230
2020-07-13_14-10-22 7360
2020-07-13_14-10-22 7210
2020-07-13_14-10-22 7130
2020-07-13_14-10-22 7130
2020-07-13_14-10-22 7160
2020-07-13_14-10-22 7180
2020-07-13_14-10-22 7210
2020-07-13_14-10-22 7270
2020-07-13_14-10-22 7300
2020-07-13_14-10-22 7280
2020-07-13_14-10-22 7240
2020-07-13_14-10-22 7390
2020-07-13_14-10-22 8880
2020-07-13_14-10-22 12010
2020-07-13_14-10-22 15470
2020-07-13_14-10-22 17530
2020-07-13_14-10-22 17610
2020-07-13_14-10-22 17030
2020-07-13_14-10-22 16610
2020-07-13_14-10-22 16630
2020-07-13_14-10-22 16800
2020-07-13_14-10-22 16840
2020-07-13_14-10-22 16750
2020-07-13_14-10-22 16690
2020-07-13_14-10-22 16670
2020-07-13_14-10-22 16680
2020-07-13_14-10-22 16680
2020-07-13_14-10-22 16690
2020-07-13_14-10-22 16670
2020-07-13_14-10-22 16700
2020-07-13_14-10-22 16770
2020-07-13_14-10-22 16900
2020-07-13_14-10-22 17020
2020-07-13_14-10-22 17090
2020-07-13_14-10-22 17090
2020-07-13_14-10-22 17090
2020-07-13_14-10-22 17170
2020-07-13_14-10-22 17870
2020-07-13_14-10-22 19680
2020-07-13_14-10-22 21830
2020-07-13_14-10-22 23320
2020-07-13_14-10-22 23570
2020-07-13_14-10-22 23420
2020-07-13_14-10-22 23420
2020-07-13_14-10-22 23580
2020-07-13_14-10-22 23710
2020-07-13_14-10-22 23750
2020-07-13_14-10-22 24040
2020-07-13_14-10-22 25180
2020-07-13_14-10-22 27150
2020-07-13_14-10-22 29020
2020-07-13_14-10-22 29920
2020-07-13_14-10-22 29970
2020-07-13_14-10-22 29990
2020-07-13_14-10-22 30250
2020-07-13_14-10-22 30490
2020-07-13_14-10-22 30570
2020-07-13_14-10-22 30610
2020-07-13_14-10-22 30730
2020-07-13_14-10-22 30780
2020-07-13_14-10-22 30620
2020-07-13_14-10-22 30470
2020-07-13_14-10-22 30570
2020-07-13_14-10-22 30810
2020-07-13_14-10-22 30930
2020-07-13_14-10-22 30890
2020-07-13_14-10-22 30890
2020-07-13_14-10-22 30990
2020-07-13_14-10-22 31090
2020-07-13_14-10-22 31120
2020-07-13_14-10-22 31140
2020-07-13_14-10-22 31200
2020-07-13_14-10-22 31270
2020-07-13_14-10-22 31320
2020-07-13_14-10-22 31360
2020-07-13_14-10-22 31480
2020-07-13_14-10-22 31790
2020-07-13_14-10-22 32450
2020-07-13_14-10-22 33460
2020-07-13_14-10-22 34720
2020-07-13_14-10-22 35990
2020-07-13_14-10-22 37050
2020-07-13_14-10-22 37740
2020-07-13_14-10-22 38090
2020-07-13_14-10-22 38250
2020-07-13_14-10-22 38380
2020-07-13_14-10-22 38510
2020-07-13_14-10-22 38580
2020-07-13_14-10-22 38600
2020-07-13_14-10-22 38640
2020-07-13_14-10-22 38610
2020-07-13_14-10-22 38440
2020-07-13_14-10-22 38240
2020-07-13_14-10-22 38230
2020-07-13_14-10-22 38380
2020-07-13_14-10-22 38470
2020-07-13_14-10-22 38400
2020-07-13_14-10-22 38330
2020-07-13_14-10-22 38380
2020-07-13_14-10-22 38450
2020-07-13_14-10-22 38430
2020-07-13_14-10-22 38380
2020-07-13_14-10-22 38350
2020-07-13_14-10-22 38370
2020-07-13_14-10-22 38430
2020-07-13_14-10-22 38510
2020-07-13_14-10-22 38510
2020-07-13_14-10-22 38400
2020-07-13_14-10-22 38290
2020-07-13_14-10-22 38300
2020-07-13_14-10-22 38380
2020-07-13_14-10-22 38450
2020-07-13_14-10-22 38470
2020-07-13_14-10-22 38460
2020-07-13_14-10-22 38420
2020-07-13_14-10-22 38380
2020-07-13_14-10-22 38370
2020-07-13_14-10-22 38380
2020-07-13_14-10-22 38380
2020-07-13_14-10-22 38390
2020-07-13_14-10-22 38420
2020-07-13_14-10-22 38440
2020-07-13_14-10-22 38420
2020-07-13_14-10-22 38400
2020-07-13_14-10-22 38410
2020-07-13_14-10-22 38420
2020-07-13_14-10-22 38420
2020-07-13_14-10-22 38410
2020-07-13_14-10-22 38400
2020-07-13_14-10-22 38410
2020-07-13_14-10-22 38410
2020-07-13_14-10-22 38410
2020-07-13_14-10-22 38410
2020-07-13_14-10-22 38420
2020-07-13_14-10-22 38440
2020-07-13_14-10-22 38440
2020-07-13_14-10-22 38420
2020-07-13_14-10-22 38400
2020-07-13_14-10-22 38390
2020-07-13_14-10-22 38380
2020-07-13_14-10-22 38380
2020-07-13_14-10-22 38390
2020-07-13_14-10-22 38410
2020-07-13_14-10-22 38420
2020-07-13_14-10-22 38420
2020-07-13_14-10-22 38420
2020-07-13_14-10-22 38420
2020-07-13_14-10-22 38410
2020-07-13_14-10-22 38410
2020-07-13_14-10-22 38410
2020-07-13_14-10-22 38410
2020-07-13_14-10-22 38420
2020-07-13_14-10-22 38420
2020-07-13_14-10-22 38410
2020-07-13_14-10-22 38410
2020-07-13_14-10-22 38410
2020-07-13_14-10-22 38410
2020-07-13_14-10-22 38410
2020-07-13_14-10-22 38410
2020-07-13_14-10-22 38410
2020-07-13_14-10-22 38410
2020-07-13_14-10-22 38410
2020-07-13_14-10-22 38410
2020-07-13_14-10-22 38410
2020-07-13_14-10-22 38410
2020-07-13_14-10-22 38410
2020-07-13_14-10-22 38410
2020-07-13_14-10-22 38410
2020-07-13_14-10-22 38410
2020-07-13_14-10-22 38410
2020-07-13_14-10-22 38410
2020-07-13_14-10-22 38410
2020-07-13_14-10-22 38410
2020-07-13_14-10-22 38410
2020-07-13_14-10-22 38410
2020-07-13_14-10-22 38410
2020-07-13_14-10-22 38410
2020-07-13_14-10-22 38410
2020-07-13_14-10-22 38410
2020-07-13_14-10-22 38410
2020-07-13_14-10-22 38410
2020-07-13_14-10-22 38410
2020-07-13_14-10-22 38410
2020-07-13_14-10-22 38410
2020-07-13_14-10-22 38410
2020-07-13_14-10-22 38410
2020-07-13_14-10-22 38410
2020-07-13_14-10-22 38410
2020-07-13_14-10-22 38400
2020-07-13_14-10-22 38400
2020-07-13_14-10-22 38400
2020-07-13_14-10-22 38400
2020-07-13_14-10-22 38410
2020-07-13_14-10-22 38410
2020-07-13_14-10-22 38410
2020-07-13_14-10-22 38410
2020-07-13_14-10-22 38410
2020-07-13_14-10-22 38410
2020-07-13_14-10-22 38410
2020-07-13_14-10-22 38410
2020-07-13_14-10-22 38420
2020-07-13_14-10-22 38410
2020-07-13_14-10-22 38410
2020-07-13_14-10-22 38410
2020-07-13_14-10-22 38410
2020-07-13_14-10-22 38400
2020-07-13_14-10-22 38400
2020-07-13_14-10-22 38410
2020-07-13_14-10-22 38410
2020-07-13_14-10-22 38410
2020-07-13_14-10-22 38410
2020-07-13_14-10-22 38400
2020-07-13_14-10-22 38400
2020-07-13_14-10-22 38400
2020-07-13_14-10-22 38400
2020-07-13_14-10-22 38400
2020-07-13_14-10-22 38400
2020-07-13_14-10-22 38400
2020-07-13_14-10-22 38410
2020-07-13_14-10-22 38410
2020-07-13_14-10-22 38410
2020-07-13_14-10-22 38410
2020-07-13_14-10-22 38410
2020-07-13_14-10-22 38410
2020-07-13_14-10-22 38410
2020-07-13_14-10-22 38410
2020-07-13_14-10-22 38410
2020-07-13_14-10-22 38410
2020-07-13_14-10-22 38420
2020-07-13_14-10-22 38410
2020-07-13_14-10-22 38400
2020-07-13_14-10-22 38400
2020-07-13_14-10-22 38410
2020-07-13_14-10-22 38420
2020-07-13_14-10-22 38420
2020-07-13_14-10-22 38420
2020-07-13_14-10-22 38430
2020-07-13_14-10-22 38420
2020-07-13_14-10-22 38410
2020-07-13_14-10-22 38400
2020-07-13_14-10-22 38410
2020-07-13_14-10-22 38410
2020-07-13_14-10-22 38410
2020-07-13_14-10-22 38410
2020-07-13_14-10-22 38420
2020-07-13_14-10-22 38420
2020-07-13_14-10-22 38420
2020-07-13_14-10-22 38400
2020-07-13_14-10-22 38390
2020-07-13_14-10-22 38390
2020-07-13_14-10-22 38380
2020-07-13_14-10-22 38350
2020-07-13_14-10-22 38340
2020-07-13_14-10-22 38340
2020-07-13_14-10-22 38330
2020-07-13_14-10-22 38310
2020-07-13_14-10-22 38310
2020-07-13_14-10-22 38310
2020-07-13_14-10-22 38310
2020-07-13_14-10-22 38300
2020-07-13_14-10-22 38310
2020-07-13_14-10-22 38320
2020-07-13_14-10-22 38320
2020-07-13_14-10-22 38300
2020-07-13_14-10-22 38300
2020-07-13_14-10-22 38310
2020-07-13_14-10-22 38320
2020-07-13_14-10-22 38320
2020-07-13_14-10-22 38320
2020-07-13_14-10-22 38320
2020-07-13_14-10-22 38320
2020-07-13_14-10-22 38310
2020-07-13_14-10-22 38310
2020-07-13_14-10-22 38320
2020-07-13_14-10-22 38320
2020-07-13_14-10-22 38310
2020-07-13_14-10-22 38310
2020-07-13_14-10-22 38320
2020-07-13_14-10-22 38320
2020-07-13_14-10-22 38320
2020-07-13_14-10-22 38320
2020-07-13_14-10-22 38320
2020-07-13_14-10-22 38320
2020-07-13_14-10-22 38320
2020-07-13_14-10-22 38320
2020-07-13_14-10-22 38320
2020-07-13_14-10-22 38320
2020-07-13_14-10-22 38310
2020-07-13_14-10-22 38320
2020-07-13_14-10-22 38320
2020-07-13_14-10-22 38320
2020-07-13_14-10-22 38320
2020-07-13_14-10-22 38320
2020-07-13_14-10-22 38320
2020-07-13_14-10-22 38320
2020-07-13_14-10-22 38320
2020-07-13_14-10-22 38320
2020-07-13_14-10-22 38310
2020-07-13_14-10-22 38310
2020-07-13_14-10-22 38310
2020-07-13_14-10-22 38310
2020-07-13_14-10-22 38310
2020-07-13_14-10-22 38310
2020-07-13_14-10-22 38310
2020-07-13_14-10-22 38310
2020-07-13_14-10-22 38310
2020-07-13_14-10-22 38310
2020-07-13_14-10-22 38320
2020-07-13_14-10-22 38320
2020-07-13_14-10-22 38320
2020-07-13_14-10-22 38310
2020-07-13_14-10-22 38310
2020-07-13_14-10-22 38310
2020-07-13_14-10-22 38310
2020-07-13_14-10-22 38310
2020-07-13_14-10-22 38310
2020-07-13_14-10-22 38310
2020-07-13_14-10-22 38310
2020-07-13_14-10-22 38310
2020-07-13_14-10-22 38310
2020-07-13_14-10-22 38310
2020-07-13_14-10-22 38310
2020-07-13_14-10-22 38310
2020-07-13_14-10-22 38310
2020-07-13_14-10-22 38310
2020-07-13_14-10-22 38310
2020-07-13_14-10-22 38310
2020-07-13_14-10-22 38310
2020-07-13_14-10-22 38310
2020-07-13_14-10-22 38310
2020-07-13_14-10-22 38310
2020-07-13_14-10-22 38310
2020-07-13_14-10-22 38310
2020-07-13_14-10-22 38310
2020-07-13_14-10-22 38310
2020-07-13_14-10-22 38310
2020-07-13_14-10-22 38310
2020-07-13_14-10-22 38310
2020-07-13_14-10-22 38310
2020-07-13_14-10-22 38310
2020-07-13_14-10-22 38310
2020-07-13_14-10-22 38310
2020-07-13_14-10-22 38310
2020-07-13_14-10-22 38310
2020-07-13_14-10-22 38310
2020-07-13_14-10-22 38320
2020-07-13_14-10-22 38320
2020-07-13_14-10-22 38320
2020-07-13_14-10-22 38320
2020-07-13_14-10-22 38320
2020-07-13_14-10-22 38320
2020-07-13_14-10-22 38320
2020-07-13_14-10-22 38320
2020-07-13_14-10-22 38320
2020-07-13_14-10-22 38320
2020-07-13_14-10-22 38310
2020-07-13_14-10-23 38310
2020-07-13_14-10-23 38310
2020-07-13_14-10-23 38320
2020-07-13_14-10-23 38320
2020-07-13_14-10-23 38310
2020-07-13_14-10-23 38310
2020-07-13_14-10-23 38310
2020-07-13_14-10-23 38310
2020-07-13_14-10-23 38310
2020-07-13_14-10-23 38310
2020-07-13_14-10-23 38310
2020-07-13_14-10-23 38310
2020-07-13_14-10-23 38310
2020-07-13_14-10-23 38310
2020-07-13_14-10-23 38300
2020-07-13_14-10-23 38300
2020-07-13_14-10-23 38310
2020-07-13_14-10-23 38310
2020-07-13_14-10-23 38310
2020-07-13_14-10-23 38310
2020-07-13_14-10-23 38310
2020-07-13_14-10-23 38310
2020-07-13_14-10-23 38310
2020-07-13_14-10-23 38310
2020-07-13_14-10-23 38310
2020-07-13_14-10-23 38310
2020-07-13_14-10-23 38310
2020-07-13_14-10-23 38310
2020-07-13_14-10-23 38300
2020-07-13_14-10-23 38310
2020-07-13_14-10-23 38310
2020-07-13_14-10-23 38310
2020-07-13_14-10-23 38310
2020-07-13_14-10-23 38310
2020-07-13_14-10-23 38310
2020-07-13_14-10-23 38310
2020-07-13_14-10-23 38310
2020-07-13_14-10-23 38310
2020-07-13_14-10-23 38310
2020-07-13_14-10-23 38310
2020-07-13_14-10-23 38310
2020-07-13_14-10-23 38310
2020-07-13_14-10-23 38310
2020-07-13_14-10-23 38310
2020-07-13_14-10-23 38310
2020-07-13_14-10-23 38310
2020-07-13_14-10-23 38310
2020-07-13_14-10-23 38310
2020-07-13_14-10-23 38310
2020-07-13_14-10-23 38310
2020-07-13_14-10-23 38310
2020-07-13_14-10-23 38310
2020-07-13_14-10-23 38310
2020-07-13_14-10-23 38310
2020-07-13_14-10-23 38310
2020-07-13_14-10-23 38310
2020-07-13_14-10-23 38310
2020-07-13_14-10-23 38310
2020-07-13_14-10-23 38310
2020-07-13_14-10-23 38300
2020-07-13_14-10-23 38300
2020-07-13_14-10-23 38300
2020-07-13_14-10-23 38300
2020-07-13_14-10-23 38300
2020-07-13_14-10-23 38300
2020-07-13_14-10-23 38300
2020-07-13_14-10-23 38300
2020-07-13_14-10-23 38310
2020-07-13_14-10-23 38310
2020-07-13_14-10-23 38310
2020-07-13_14-10-23 38310
2020-07-13_14-10-23 38310
2020-07-13_14-10-23 38310
2020-07-13_14-10-23 38310
2020-07-13_14-10-23 38310
2020-07-13_14-10-23 38310
2020-07-13_14-10-23 38310
2020-07-13_14-10-23 38310
2020-07-13_14-10-23 38310
2020-07-13_14-10-23 38310
2020-07-13_14-10-23 38310
2020-07-13_14-10-23 38310
2020-07-13_14-10-23 38310
2020-07-13_14-10-23 38310
2020-07-13_14-10-23 38310
2020-07-13_14-10-23 38310
2020-07-13_14-10-23 38310
2020-07-13_14-10-23 38310
2020-07-13_14-10-23 38310
2020-07-13_14-10-23 38310
2020-07-13_14-10-23 38310
2020-07-13_14-10-23 38310
2020-07-13_14-10-23 38310
2020-07-13_14-10-23 38310
2020-07-13_14-10-23 38310
2020-07-13_14-10-23 38310
2020-07-13_14-10-23 38310
2020-07-13_14-10-23 38310
2020-07-13_14-10-23 38310
2020-07-13_14-10-23 38310
2020-07-13_14-10-23 38310
2020-07-13_14-10-23 38310
2020-07-13_14-10-23 38310
2020-07-13_14-10-23 38310
2020-07-13_14-10-23 38310
2020-07-13_14-10-23 38310
2020-07-13_14-10-23 38310
2020-07-13_14-10-23 38310
2020-07-13_14-10-23 38310
2020-07-13_14-10-23 38310
2020-07-13_14-10-23 38310
2020-07-13_14-10-23 38310
2020-07-13_14-10-23 38310
2020-07-13_14-10-23 38310
2020-07-13_14-10-23 38310
2020-07-13_14-10-23 38310
2020-07-13_14-10-23 38310
2020-07-13_14-10-23 38310
2020-07-13_14-10-23 38310
2020-07-13_14-10-23 38310
2020-07-13_14-10-23 38310
2020-07-13_14-10-23 38310
2020-07-13_14-10-23 38310
2020-07-13_14-10-23 38310
2020-07-13_14-10-23 38310
2020-07-13_14-10-23 38310
2020-07-13_14-10-23 38310
2020-07-13_14-10-23 38310
2020-07-13_14-10-23 38310
2020-07-13_14-10-23 38310
2020-07-13_14-10-23 38310
2020-07-13_14-10-23 38310
2020-07-13_14-10-23 38310
2020-07-13_14-10-23 38310
2020-07-13_14-10-23 38310
2020-07-13_14-10-23 38310
2020-07-13_14-10-23 38310
2020-07-13_14-10-23 38310
2020-07-13_14-10-23 38310
2020-07-13_14-10-23 38310
2020-07-13_14-10-23 38310
2020-07-13_14-10-23 38310
2020-07-13_14-10-23 38310
2020-07-13_14-10-23 38310
2020-07-13_14-10-23 38310
2020-07-13_14-10-23 38310
2020-07-13_14-10-23 38310
2020-07-13_14-10-23 38310
2020-07-13_14-10-23 38310
2020-07-13_14-10-23 38310
2020-07-13_14-10-23 38310
2020-07-13_14-10-23 38310
2020-07-13_14-10-23 38310
2020-07-13_14-10-23 38310
2020-07-13_14-10-23 38310
2020-07-13_14-10-23 38310
2020-07-13_14-10-23 38310
2020-07-13_14-10-23 38310
2020-07-13_14-10-23 38310
2020-07-13_14-10-23 38310
2020-07-13_14-10-23 38310
2020-07-13_14-10-23 38310
2020-07-13_14-10-23 38310
2020-07-13_14-10-23 38310
2020-07-13_14-10-23 38310
2020-07-13_14-10-23 38310
2020-07-13_14-10-23 38310
2020-07-13_14-10-23 38310
2020-07-13_14-10-23 38300
2020-07-13_14-10-23 38300
2020-07-13_14-10-23 38310
2020-07-13_14-10-23 38310
2020-07-13_14-10-23 38310
2020-07-13_14-10-23 38310
2020-07-13_14-10-23 38310
2020-07-13_14-10-23 38300
2020-07-13_14-10-23 38310
2020-07-13_14-10-23 38320
2020-07-13_14-10-23 38320
2020-07-13_14-10-23 38320
2020-07-13_14-10-23 38320
2020-07-13_14-10-23 38310
2020-07-13_14-10-23 38310
2020-07-13_14-10-23 38310
2020-07-13_14-10-23 38310
2020-07-13_14-10-23 38310
2020-07-13_14-10-23 38310
2020-07-13_14-10-23 38310
2020-07-13_14-10-23 38310
2020-07-13_14-10-23 38310
2020-07-13_14-10-23 38310
2020-07-13_14-10-23 38310
2020-07-13_14-10-23 38310
2020-07-13_14-10-23 38310
2020-07-13_14-10-23 38310
2020-07-13_14-10-23 38310
2020-07-13_14-10-23 38310
2020-07-13_14-10-23 38310
2020-07-13_14-10-23 38310
2020-07-13_14-10-23 38310
2020-07-13_14-10-23 38310
2020-07-13_14-10-23 38310
2020-07-13_14-10-23 38310
2020-07-13_14-10-23 38310
2020-07-13_14-10-23 38310
2020-07-13_14-10-23 38310
2020-07-13_14-10-23 38310
2020-07-13_14-10-23 38310
2020-07-13_14-10-23 38310
2020-07-13_14-10-23 38310
2020-07-13_14-10-23 38320
2020-07-13_14-10-23 38310
2020-07-13_14-10-23 38310
2020-07-13_14-10-23 38310
2020-07-13_14-10-23 38310
2020-07-13_14-10-23 38310
2020-07-13_14-10-23 38310
2020-07-13_14-10-23 38310
2020-07-13_14-10-23 38310
2020-07-13_14-10-23 38300
2020-07-13_14-10-23 38300
2020-07-13_14-10-23 38300
2020-07-13_14-10-23 38310
2020-07-13_14-10-23 38320
2020-07-13_14-10-23 38320
2020-07-13_14-10-23 38320
2020-07-13_14-10-23 38320
2020-07-13_14-10-23 38320
2020-07-13_14-10-23 38320
2020-07-13_14-10-23 38320
2020-07-13_14-10-23 38320
2020-07-13_14-10-23 38320
2020-07-13_14-10-23 38320
2020-07-13_14-10-23 38320
2020-07-13_14-10-23 38320
2020-07-13_14-10-23 38320
2020-07-13_14-10-23 38320
2020-07-13_14-10-23 38320
2020-07-13_14-10-23 38320
2020-07-13_14-10-23 38320
2020-07-13_14-10-23 38320
2020-07-13_14-10-23 38320
2020-07-13_14-10-23 38320
2020-07-13_14-10-23 38320
2020-07-13_14-10-23 38320
2020-07-13_14-10-23 38320
2020-07-13_14-10-23 38310
2020-07-13_14-10-23 38310
2020-07-13_14-10-23 38310
2020-07-13_14-10-23 38310
2020-07-13_14-10-23 38310
2020-07-13_14-10-23 38310
2020-07-13_14-10-23 38310
2020-07-13_14-10-23 38300
2020-07-13_14-10-23 38300
2020-07-13_14-10-23 38300
2020-07-13_14-10-23 38310
2020-07-13_14-10-23 38320
2020-07-13_14-10-23 38320
2020-07-13_14-10-23 38320
2020-07-13_14-10-23 38320
2020-07-13_14-10-23 38320
2020-07-13_14-10-23 38320
2020-07-13_14-10-23 38320
2020-07-13_14-10-23 38320
2020-07-13_14-10-23 38320
2020-07-13_14-10-23 38320
2020-07-13_14-10-23 38320
2020-07-13_14-10-23 38320
2020-07-13_14-10-23 38320
2020-07-13_14-10-23 38310
2020-07-13_14-10-23 38310
2020-07-13_14-10-23 38310
2020-07-13_14-10-23 38310
2020-07-13_14-10-23 38310
2020-07-13_14-10-23 38310
2020-07-13_14-10-23 38310
2020-07-13_14-10-23 38310
2020-07-13_14-10-23 38310
2020-07-13_14-10-23 38310
2020-07-13_14-10-23 38310
2020-07-13_14-10-23 38310
2020-07-13_14-10-23 38310
2020-07-13_14-10-23 38310
2020-07-13_14-10-23 38320
2020-07-13_14-10-23 38320
2020-07-13_14-10-23 38320
2020-07-13_14-10-23 38320
2020-07-13_14-10-23 38320
2020-07-13_14-10-23 38320
2020-07-13_14-10-23 38320
2020-07-13_14-10-23 38320
2020-07-13_14-10-23 38320
2020-07-13_14-10-23 38320
2020-07-13_14-10-23 38320
2020-07-13_14-10-23 38320
2020-07-13_14-10-23 38320
2020-07-13_14-10-23 38320
2020-07-13_14-10-23 38320
2020-07-13_14-10-23 38320
2020-07-13_14-10-23 38320
2020-07-13_14-10-23 38320
2020-07-13_14-10-23 38320
2020-07-13_14-10-23 38320
2020-07-13_14-10-23 38320
2020-07-13_14-10-23 38310
2020-07-13_14-10-23 38310
2020-07-13_14-10-23 38310
2020-07-13_14-10-23 38310
2020-07-13_14-10-23 38310
2020-07-13_14-10-23 38320
2020-07-13_14-10-23 38310
2020-07-13_14-10-23 38310
2020-07-13_14-10-23 38310
2020-07-13_14-10-23 38320
2020-07-13_14-10-23 38320
2020-07-13_14-10-23 38320
2020-07-13_14-10-23 38310
2020-07-13_14-10-23 38310
2020-07-13_14-10-23 38310
2020-07-13_14-10-23 38310
2020-07-13_14-10-23 38310
2020-07-13_14-10-23 38320
2020-07-13_14-10-23 38320
2020-07-13_14-10-23 38310
2020-07-13_14-10-23 38310
2020-07-13_14-10-23 38310
2020-07-13_14-10-23 38310
2020-07-13_14-10-23 38310
2020-07-13_14-10-23 38310
2020-07-13_14-10-23 38320
2020-07-13_14-10-23 38310
2020-07-13_14-10-23 38320
2020-07-13_14-10-23 38320
2020-07-13_14-10-23 38320
2020-07-13_14-10-23 38320
2020-07-13_14-10-23 38320
2020-07-13_14-10-23 38320
2020-07-13_14-10-23 38310
2020-07-13_14-10-23 38310
2020-07-13_14-10-23 38310
2020-07-13_14-10-23 38310
2020-07-13_14-10-23 38300
2020-07-13_14-10-23 38310
2020-07-13_14-10-23 38310
2020-07-13_14-10-23 38310
2020-07-13_14-10-23 38310
2020-07-13_14-10-23 38310
2020-07-13_14-10-23 38310
2020-07-13_14-10-23 38310
2020-07-13_14-10-23 38310
2020-07-13_14-10-23 38310
2020-07-13_14-10-23 38310
2020-07-13_14-10-23 38310
2020-07-13_14-10-23 38310
2020-07-13_14-10-23 38310
2020-07-13_14-10-23 38310
2020-07-13_14-10-23 38310
2020-07-13_14-10-23 38310
2020-07-13_14-10-23 38310
2020-07-13_14-10-23 38310
2020-07-13_14-10-23 38310
2020-07-13_14-10-23 38310
2020-07-13_14-10-23 38310
2020-07-13_14-10-23 38310
2020-07-13_14-10-23 38310
2020-07-13_14-10-23 38310
2020-07-13_14-10-23 38310
2020-07-13_14-10-23 38310
2020-07-13_14-10-23 38310
2020-07-13_14-10-23 38310
2020-07-13_14-10-23 38310
2020-07-13_14-10-23 38310
2020-07-13_14-10-23 38310
2020-07-13_14-10-23 38310
2020-07-13_14-10-23 38310
2020-07-13_14-10-23 38310
2020-07-13_14-10-23 38310
2020-07-13_14-10-23 38310
2020-07-13_14-10-23 38310
2020-07-13_14-10-23 38310
2020-07-13_14-10-23 38310
2020-07-13_14-10-23 38310
2020-07-13_14-10-23 38310
2020-07-13_14-10-23 38310
2020-07-13_14-10-23 38310
2020-07-13_14-10-23 38310
2020-07-13_14-10-23 38310
2020-07-13_14-10-23 38310
2020-07-13_14-10-23 38310
2020-07-13_14-10-23 38310
2020-07-13_14-10-23 38310
2020-07-13_14-10-23 38310
2020-07-13_14-10-23 38310
2020-07-13_14-10-23 38310
2020-07-13_14-10-23 38310
2020-07-13_14-10-23 38310
2020-07-13_14-10-23 38310
2020-07-13_14-10-23 38310
2020-07-13_14-10-23 38310
2020-07-13_14-10-23 38310
2020-07-13_14-10-23 38310
2020-07-13_14-10-23 38310
2020-07-13_14-10-23 38310
2020-07-13_14-10-23 38310
2020-07-13_14-10-23 38310
2020-07-13_14-10-23 38310
2020-07-13_14-10-23 38310
2020-07-13_14-10-23 38310
2020-07-13_14-10-23 38310
2020-07-13_14-10-23 38310
2020-07-13_14-10-23 38310
2020-07-13_14-10-23 38310
2020-07-13_14-10-23 38320
2020-07-13_14-10-23 38320
2020-07-13_14-10-23 38310
2020-07-13_14-10-23 38310
2020-07-13_14-10-23 38310
2020-07-13_14-10-23 38320
2020-07-13_14-10-23 38320
2020-07-13_14-10-23 38320
2020-07-13_14-10-23 38320
2020-07-13_14-10-23 38320
2020-07-13_14-10-23 38320
2020-07-13_14-10-23 38320
2020-07-13_14-10-23 38320
2020-07-13_14-10-23 38310
2020-07-13_14-10-23 38320
2020-07-13_14-10-23 38320
2020-07-13_14-10-23 38320
2020-07-13_14-10-23 38320
2020-07-13_14-10-23 38320
2020-07-13_14-10-23 38320
2020-07-13_14-10-23 38320
2020-07-13_14-10-23 38320
2020-07-13_14-10-23 38320
2020-07-13_14-10-23 38320
2020-07-13_14-10-23 38320
2020-07-13_14-10-23 38320
2020-07-13_14-10-23 38320
2020-07-13_14-10-23 38320
2020-07-13_14-10-23 38320
2020-07-13_14-10-23 38320
2020-07-13_14-10-23 38320
2020-07-13_14-10-23 38320
2020-07-13_14-10-23 38320
2020-07-13_14-10-23 38320
2020-07-13_14-10-23 38320
2020-07-13_14-10-23 38320
2020-07-13_14-10-23 38360
2020-07-13_14-10-23 38380
2020-07-13_14-10-23 38400
2020-07-13_14-10-23 38400
2020-07-13_14-10-23 38420
2020-07-13_14-10-23 38430
2020-07-13_14-10-23 38420
2020-07-13_14-10-23 38400
2020-07-13_14-10-23 38400
2020-07-13_14-10-23 38410
2020-07-13_14-10-23 38400
2020-07-13_14-10-23 38390
2020-07-13_14-10-23 38390
2020-07-13_14-10-23 38390
2020-07-13_14-10-23 38390
2020-07-13_14-10-23 38410
2020-07-13_14-10-23 38430
2020-07-13_14-10-23 38420
2020-07-13_14-10-23 38380
2020-07-13_14-10-23 38360
2020-07-13_14-10-23 38380
2020-07-13_14-10-23 38420
2020-07-13_14-10-23 38440
2020-07-13_14-10-23 38430
2020-07-13_14-10-23 38420
2020-07-13_14-10-23 38410
2020-07-13_14-10-23 38430
2020-07-13_14-10-23 38420
2020-07-13_14-10-23 38410
2020-07-13_14-10-23 38400
2020-07-13_14-10-23 38410
2020-07-13_14-10-23 38420
2020-07-13_14-10-23 38420
2020-07-13_14-10-23 38420
2020-07-13_14-10-23 38410
2020-07-13_14-10-23 38410
2020-07-13_14-10-23 38410
2020-07-13_14-10-23 38420
2020-07-13_14-10-23 38420
2020-07-13_14-10-23 38420
2020-07-13_14-10-23 38420
2020-07-13_14-10-23 38420
2020-07-13_14-10-23 38420
2020-07-13_14-10-23 38410
2020-07-13_14-10-23 38410
2020-07-13_14-10-23 38410
2020-07-13_14-10-23 38420
2020-07-13_14-10-23 38420
2020-07-13_14-10-23 38420
2020-07-13_14-10-23 38420
2020-07-13_14-10-23 38420
2020-07-13_14-10-23 38420
2020-07-13_14-10-23 38420
2020-07-13_14-10-23 38420
2020-07-13_14-10-23 38420
2020-07-13_14-10-23 38410
2020-07-13_14-10-23 38410
2020-07-13_14-10-23 38410
2020-07-13_14-10-23 38410
2020-07-13_14-10-23 38410
2020-07-13_14-10-23 38410
2020-07-13_14-10-23 38410
2020-07-13_14-10-23 38410
2020-07-13_14-10-23 38410
2020-07-13_14-10-23 38410
2020-07-13_14-10-23 38410
2020-07-13_14-10-23 38410
2020-07-13_14-10-23 38410
2020-07-13_14-10-23 38410
2020-07-13_14-10-23 38400
2020-07-13_14-10-23 38380
2020-07-13_14-10-23 38370
2020-07-13_14-10-23 38370
2020-07-13_14-10-23 38370
2020-07-13_14-10-23 38370
2020-07-13_14-10-23 38440
2020-07-13_14-10-23 38610
2020-07-13_14-10-23 38710
2020-07-13_14-10-23 38550
2020-07-13_14-10-23 38210
2020-07-13_14-10-23 38030
2020-07-13_14-10-23 38190
2020-07-13_14-10-23 38480
2020-07-13_14-10-23 38540
2020-07-13_14-10-23 38370
2020-07-13_14-10-23 38250
2020-07-13_14-10-23 38280
2020-07-13_14-10-23 38290
2020-07-13_14-10-23 37890
2020-07-13_14-10-23 36870
2020-07-13_14-10-23 35330
2020-07-13_14-10-23 33700
2020-07-13_14-10-23 32530
2020-07-13_14-10-23 32040
2020-07-13_14-10-23 31990
2020-07-13_14-10-23 32000
2020-07-13_14-10-23 31960
2020-07-13_14-10-23 31870
2020-07-13_14-10-23 31770
2020-07-13_14-10-23 31660
2020-07-13_14-10-23 31570
2020-07-13_14-10-23 31530
2020-07-13_14-10-23 31550
2020-07-13_14-10-23 31610
2020-07-13_14-10-23 31690
2020-07-13_14-10-23 31750
2020-07-13_14-10-23 31800
2020-07-13_14-10-23 31810
2020-07-13_14-10-23 31770
2020-07-13_14-10-23 31660
2020-07-13_14-10-23 31540
2020-07-13_14-10-23 31480
2020-07-13_14-10-23 31500
2020-07-13_14-10-23 31520
2020-07-13_14-10-23 31540
2020-07-13_14-10-23 31560
2020-07-13_14-10-23 31580
2020-07-13_14-10-23 31120
2020-07-13_14-10-23 28740
2020-07-13_14-10-23 25450
2020-07-13_14-10-23 22670
2020-07-13_14-10-23 21820
2020-07-13_14-10-23 21840
2020-07-13_14-10-23 21770
2020-07-13_14-10-23 21680
2020-07-13_14-10-23 21670
2020-07-13_14-10-23 21730
2020-07-13_14-10-23 21800
2020-07-13_14-10-23 21830
2020-07-13_14-10-23 21830
2020-07-13_14-10-23 21840
2020-07-13_14-10-23 21850
2020-07-13_14-10-23 21820
2020-07-13_14-10-23 21760
2020-07-13_14-10-23 21700
2020-07-13_14-10-23 21700
2020-07-13_14-10-23 21720
2020-07-13_14-10-23 21710
2020-07-13_14-10-23 21660
2020-07-13_14-10-23 21630
2020-07-13_14-10-23 21270
2020-07-13_14-10-23 19340
2020-07-13_14-10-23 16830
2020-07-13_14-10-23 14860
2020-07-13_14-10-23 14750
2020-07-13_14-10-23 15390
2020-07-13_14-10-23 15410
2020-07-13_14-10-23 13490
2020-07-13_14-10-23 10770
2020-07-13_14-10-23 8600
2020-07-13_14-10-23 8310
2020-07-13_14-10-23 8770
2020-07-13_14-10-23 8470
2020-07-13_14-10-23 6300
2020-07-13_14-10-23 3260
2020-07-13_14-10-23 810
