2020-07-13_14-11-10 4530
2020-07-13_14-11-10 4540
2020-07-13_14-11-10 4540
2020-07-13_14-11-10 4590
2020-07-13_14-11-10 4620
2020-07-13_14-11-10 4610
2020-07-13_14-11-10 4610
2020-07-13_14-11-10 4590
2020-07-13_14-11-10 4630
2020-07-13_14-11-10 4630
2020-07-13_14-11-10 4600
2020-07-13_14-11-10 4600
2020-07-13_14-11-10 4590
2020-07-13_14-11-10 4600
2020-07-13_14-11-10 4590
2020-07-13_14-11-10 4610
2020-07-13_14-11-10 4590
2020-07-13_14-11-10 4590
2020-07-13_14-11-10 4600
2020-07-13_14-11-10 4590
2020-07-13_14-11-10 4600
2020-07-13_14-11-10 4600
2020-07-13_14-11-10 4600
2020-07-13_14-11-10 4590
2020-07-13_14-11-10 4590
2020-07-13_14-11-10 4580
2020-07-13_14-11-10 4590
2020-07-13_14-11-10 4580
2020-07-13_14-11-10 4590
2020-07-13_14-11-10 4570
2020-07-13_14-11-10 4570
2020-07-13_14-11-10 4570
2020-07-13_14-11-10 4570
2020-07-13_14-11-10 4590
2020-07-13_14-11-10 4590
2020-07-13_14-11-10 4590
2020-07-13_14-11-10 4610
2020-07-13_14-11-10 4540
2020-07-13_14-11-10 4180
2020-07-13_14-11-10 2860
2020-07-13_14-11-10 2490
2020-07-13_14-11-10 2470
2020-07-13_14-11-10 2460
2020-07-13_14-11-10 2450
2020-07-13_14-11-10 2450
2020-07-13_14-11-10 2460
2020-07-13_14-11-10 2450
2020-07-13_14-11-10 2230
2020-07-13_14-11-10 800
