2020-07-13_14-11-31 3890
2020-07-13_14-11-31 5150
2020-07-13_14-11-31 5440
2020-07-13_14-11-31 5280
2020-07-13_14-11-31 5320
2020-07-13_14-11-31 5470
2020-07-13_14-11-31 8900
2020-07-13_14-11-31 11440
2020-07-13_14-11-31 12760
2020-07-13_14-11-31 12750
2020-07-13_14-11-31 13040
2020-07-13_14-11-31 13490
2020-07-13_14-11-31 15450
2020-07-13_14-11-31 18210
2020-07-13_14-11-31 20330
2020-07-13_14-11-31 20610
2020-07-13_14-11-31 20450
2020-07-13_14-11-31 20560
2020-07-13_14-11-31 20440
2020-07-13_14-11-31 20440
2020-07-13_14-11-31 20480
2020-07-13_14-11-31 20520
2020-07-13_14-11-31 20400
2020-07-13_14-11-31 20410
2020-07-13_14-11-31 20430
2020-07-13_14-11-31 20420
2020-07-13_14-11-31 20420
2020-07-13_14-11-31 20410
2020-07-13_14-11-31 20420
2020-07-13_14-11-31 20430
2020-07-13_14-11-31 20410
2020-07-13_14-11-31 20420
2020-07-13_14-11-31 20420
2020-07-13_14-11-31 20420
2020-07-13_14-11-31 20430
2020-07-13_14-11-31 20420
2020-07-13_14-11-31 20410
2020-07-13_14-11-31 20420
2020-07-13_14-11-31 20420
2020-07-13_14-11-31 20410
2020-07-13_14-11-31 20430
2020-07-13_14-11-31 20420
2020-07-13_14-11-31 20420
2020-07-13_14-11-31 20420
2020-07-13_14-11-31 20420
2020-07-13_14-11-31 20420
2020-07-13_14-11-31 20410
2020-07-13_14-11-31 20410
2020-07-13_14-11-31 20420
2020-07-13_14-11-31 20360
2020-07-13_14-11-31 20330
2020-07-13_14-11-31 20420
2020-07-13_14-11-31 20360
2020-07-13_14-11-31 20440
2020-07-13_14-11-31 20480
2020-07-13_14-11-31 20380
2020-07-13_14-11-31 20340
2020-07-13_14-11-31 20410
2020-07-13_14-11-31 20360
2020-07-13_14-11-31 20410
2020-07-13_14-11-31 20460
2020-07-13_14-11-31 20370
2020-07-13_14-11-31 20440
2020-07-13_14-11-31 20410
2020-07-13_14-11-31 20240
2020-07-13_14-11-31 20290
2020-07-13_14-11-31 20170
2020-07-13_14-11-31 20130
2020-07-13_14-11-31 20090
2020-07-13_14-11-31 20270
2020-07-13_14-11-31 20300
2020-07-13_14-11-31 20420
2020-07-13_14-11-31 21900
2020-07-13_14-11-31 28970
2020-07-13_14-11-31 29130
2020-07-13_14-11-31 29100
2020-07-13_14-11-31 29200
2020-07-13_14-11-31 29000
2020-07-13_14-11-31 28970
2020-07-13_14-11-31 25140
2020-07-13_14-11-31 24030
2020-07-13_14-11-31 29460
2020-07-13_14-11-31 32370
2020-07-13_14-11-31 32640
2020-07-13_14-11-31 32670
2020-07-13_14-11-31 32690
2020-07-13_14-11-31 31040
2020-07-13_14-11-31 24670
2020-07-13_14-11-31 24850
2020-07-13_14-11-31 24380
2020-07-13_14-11-31 17480
2020-07-13_14-11-31 17560
2020-07-13_14-11-31 17480
2020-07-13_14-11-31 17480
2020-07-13_14-11-31 17530
2020-07-13_14-11-31 17480
2020-07-13_14-11-31 17490
2020-07-13_14-11-31 20470
2020-07-13_14-11-31 20300
2020-07-13_14-11-31 20310
2020-07-13_14-11-31 20420
2020-07-13_14-11-31 20460
2020-07-13_14-11-31 20430
2020-07-13_14-11-31 20400
2020-07-13_14-11-31 20400
2020-07-13_14-11-31 20430
2020-07-13_14-11-31 20440
2020-07-13_14-11-31 20400
2020-07-13_14-11-31 20420
2020-07-13_14-11-31 20390
2020-07-13_14-11-31 20430
2020-07-13_14-11-31 20440
2020-07-13_14-11-31 20410
2020-07-13_14-11-31 20400
2020-07-13_14-11-31 20400
2020-07-13_14-11-31 20420
2020-07-13_14-11-31 20430
2020-07-13_14-11-31 20420
2020-07-13_14-11-31 20420
2020-07-13_14-11-31 20430
2020-07-13_14-11-31 20420
2020-07-13_14-11-31 20410
2020-07-13_14-11-31 20430
2020-07-13_14-11-31 20410
2020-07-13_14-11-31 20420
2020-07-13_14-11-31 20410
2020-07-13_14-11-31 20420
2020-07-13_14-11-31 20430
2020-07-13_14-11-31 20420
2020-07-13_14-11-31 20420
2020-07-13_14-11-31 20420
2020-07-13_14-11-31 20420
2020-07-13_14-11-31 20420
2020-07-13_14-11-31 20420
2020-07-13_14-11-31 20420
2020-07-13_14-11-31 20420
2020-07-13_14-11-31 20420
2020-07-13_14-11-31 20330
2020-07-13_14-11-31 20380
2020-07-13_14-11-31 20420
2020-07-13_14-11-31 20380
2020-07-13_14-11-31 20390
2020-07-13_14-11-31 20310
2020-07-13_14-11-31 20460
2020-07-13_14-11-31 20400
2020-07-13_14-11-31 20420
2020-07-13_14-11-31 20470
2020-07-13_14-11-31 20370
2020-07-13_14-11-31 20310
2020-07-13_14-11-31 20300
2020-07-13_14-11-31 20240
2020-07-13_14-11-31 20250
2020-07-13_14-11-31 20220
2020-07-13_14-11-31 20220
2020-07-13_14-11-31 20300
2020-07-13_14-11-31 20190
2020-07-13_14-11-31 20310
2020-07-13_14-11-31 20320
2020-07-13_14-11-31 20380
2020-07-13_14-11-31 20300
2020-07-13_14-11-31 20370
2020-07-13_14-11-31 20380
2020-07-13_14-11-31 20530
2020-07-13_14-11-31 20620
2020-07-13_14-11-31 24840
2020-07-13_14-11-31 27680
2020-07-13_14-11-31 28910
2020-07-13_14-11-31 29030
2020-07-13_14-11-31 29010
2020-07-13_14-11-31 29020
2020-07-13_14-11-31 29170
2020-07-13_14-11-31 28980
2020-07-13_14-11-31 29110
2020-07-13_14-11-31 29070
2020-07-13_14-11-31 29150
2020-07-13_14-11-31 29190
2020-07-13_14-11-31 28250
2020-07-13_14-11-31 26850
2020-07-13_14-11-31 24250
2020-07-13_14-11-31 26450
2020-07-13_14-11-31 31890
2020-07-13_14-11-31 32570
2020-07-13_14-11-31 32470
2020-07-13_14-11-31 32680
2020-07-13_14-11-31 32720
2020-07-13_14-11-31 32650
2020-07-13_14-11-31 32630
2020-07-13_14-11-31 32630
2020-07-13_14-11-31 32460
2020-07-13_14-11-31 28500
2020-07-13_14-11-31 26010
2020-07-13_14-11-31 24640
2020-07-13_14-11-31 24790
2020-07-13_14-11-31 24890
2020-07-13_14-11-31 24990
2020-07-13_14-11-31 22290
2020-07-13_14-11-31 19820
2020-07-13_14-11-31 18090
2020-07-13_14-11-31 17590
2020-07-13_14-11-31 17460
2020-07-13_14-11-31 17550
2020-07-13_14-11-31 17520
2020-07-13_14-11-31 17500
2020-07-13_14-11-31 17480
2020-07-13_14-11-31 17530
2020-07-13_14-11-31 17560
2020-07-13_14-11-31 17540
2020-07-13_14-11-31 17450
2020-07-13_14-11-31 17570
2020-07-13_14-11-31 17500
2020-07-13_14-11-31 17500
2020-07-13_14-11-31 17500
2020-07-13_14-11-31 17490
2020-07-13_14-11-31 17500
2020-07-13_14-11-31 17500
2020-07-13_14-11-31 17490
2020-07-13_14-11-31 17510
2020-07-13_14-11-31 17480
2020-07-13_14-11-31 17510
2020-07-13_14-11-31 17520
2020-07-13_14-11-31 17520
2020-07-13_14-11-31 17510
2020-07-13_14-11-31 17500
2020-07-13_14-11-31 17520
2020-07-13_14-11-31 17500
2020-07-13_14-11-31 17510
2020-07-13_14-11-31 17510
2020-07-13_14-11-31 17500
2020-07-13_14-11-31 17530
2020-07-13_14-11-31 17510
2020-07-13_14-11-31 17520
2020-07-13_14-11-31 17520
2020-07-13_14-11-31 17510
2020-07-13_14-11-31 17520
2020-07-13_14-11-31 17510
2020-07-13_14-11-31 17520
2020-07-13_14-11-31 17520
2020-07-13_14-11-31 17520
2020-07-13_14-11-31 17510
2020-07-13_14-11-31 17510
2020-07-13_14-11-31 17520
2020-07-13_14-11-31 17520
2020-07-13_14-11-31 17520
2020-07-13_14-11-31 17520
2020-07-13_14-11-31 17510
2020-07-13_14-11-31 17510
2020-07-13_14-11-31 17510
2020-07-13_14-11-31 17520
2020-07-13_14-11-31 17520
2020-07-13_14-11-31 17520
2020-07-13_14-11-31 17520
2020-07-13_14-11-31 17520
2020-07-13_14-11-31 17510
2020-07-13_14-11-31 17530
2020-07-13_14-11-31 17490
2020-07-13_14-11-31 17520
2020-07-13_14-11-31 17550
2020-07-13_14-11-31 17600
2020-07-13_14-11-31 17560
2020-07-13_14-11-31 17690
2020-07-13_14-11-31 17550
2020-07-13_14-11-31 17760
2020-07-13_14-11-31 17550
2020-07-13_14-11-31 15630
2020-07-13_14-11-31 10470
2020-07-13_14-11-31 9280
2020-07-13_14-11-31 8950
2020-07-13_14-11-31 8810
2020-07-13_14-11-31 8810
2020-07-13_14-11-31 8690
2020-07-13_14-11-31 8660
