2020-07-13_14-11-07 980
2020-07-13_14-11-07 2100
2020-07-13_14-11-07 3060
2020-07-13_14-11-07 2910
2020-07-13_14-11-07 2690
2020-07-13_14-11-07 2750
2020-07-13_14-11-07 2920
2020-07-13_14-11-07 2930
2020-07-13_14-11-07 2840
2020-07-13_14-11-07 2820
2020-07-13_14-11-07 2870
2020-07-13_14-11-07 2850
2020-07-13_14-11-07 3300
2020-07-13_14-11-07 5620
2020-07-13_14-11-07 8690
2020-07-13_14-11-07 10750
2020-07-13_14-11-07 10570
2020-07-13_14-11-07 9960
2020-07-13_14-11-07 10170
2020-07-13_14-11-07 10510
2020-07-13_14-11-07 10390
2020-07-13_14-11-07 10190
2020-07-13_14-11-07 10350
2020-07-13_14-11-07 10340
2020-07-13_14-11-07 10340
2020-07-13_14-11-07 10350
2020-07-13_14-11-07 10350
2020-07-13_14-11-07 10340
2020-07-13_14-11-07 10340
2020-07-13_14-11-07 10350
2020-07-13_14-11-07 10350
2020-07-13_14-11-07 10350
2020-07-13_14-11-07 10350
2020-07-13_14-11-07 10350
2020-07-13_14-11-07 10340
2020-07-13_14-11-07 10340
2020-07-13_14-11-07 10340
2020-07-13_14-11-07 10340
2020-07-13_14-11-07 10340
2020-07-13_14-11-07 10340
2020-07-13_14-11-07 10330
2020-07-13_14-11-07 10320
2020-07-13_14-11-07 10350
2020-07-13_14-11-07 10380
2020-07-13_14-11-07 10350
2020-07-13_14-11-07 10350
2020-07-13_14-11-07 10340
2020-07-13_14-11-07 10340
2020-07-13_14-11-07 10340
2020-07-13_14-11-07 10340
2020-07-13_14-11-07 10340
2020-07-13_14-11-07 10340
2020-07-13_14-11-07 10350
2020-07-13_14-11-07 10350
2020-07-13_14-11-07 10340
2020-07-13_14-11-07 10340
2020-07-13_14-11-07 10340
2020-07-13_14-11-07 10340
2020-07-13_14-11-07 10340
2020-07-13_14-11-07 10340
2020-07-13_14-11-07 10340
2020-07-13_14-11-07 10340
2020-07-13_14-11-07 10350
2020-07-13_14-11-07 10350
2020-07-13_14-11-07 10340
2020-07-13_14-11-07 10340
2020-07-13_14-11-07 10340
2020-07-13_14-11-07 10340
2020-07-13_14-11-07 10340
2020-07-13_14-11-07 10350
2020-07-13_14-11-07 10350
2020-07-13_14-11-07 10350
2020-07-13_14-11-07 10350
2020-07-13_14-11-07 10350
2020-07-13_14-11-07 10350
2020-07-13_14-11-07 10350
2020-07-13_14-11-07 10340
2020-07-13_14-11-07 10340
2020-07-13_14-11-07 10340
2020-07-13_14-11-07 10340
2020-07-13_14-11-07 10340
2020-07-13_14-11-07 10340
2020-07-13_14-11-07 10340
2020-07-13_14-11-07 10340
2020-07-13_14-11-07 10340
2020-07-13_14-11-07 10350
2020-07-13_14-11-07 10350
2020-07-13_14-11-07 10350
2020-07-13_14-11-07 10350
2020-07-13_14-11-07 10350
2020-07-13_14-11-07 10350
2020-07-13_14-11-07 10350
2020-07-13_14-11-07 10350
2020-07-13_14-11-07 10350
2020-07-13_14-11-07 10350
2020-07-13_14-11-07 10350
2020-07-13_14-11-07 10350
2020-07-13_14-11-07 10340
2020-07-13_14-11-07 10350
2020-07-13_14-11-07 10350
2020-07-13_14-11-07 10350
2020-07-13_14-11-07 10350
2020-07-13_14-11-07 10350
2020-07-13_14-11-07 10350
2020-07-13_14-11-08 10470
2020-07-13_14-11-08 10350
2020-07-13_14-11-08 10310
2020-07-13_14-11-08 10350
2020-07-13_14-11-08 10240
2020-07-13_14-11-08 10350
2020-07-13_14-11-08 10370
2020-07-13_14-11-08 10390
2020-07-13_14-11-08 10350
2020-07-13_14-11-08 10340
2020-07-13_14-11-08 10270
2020-07-13_14-11-08 10300
2020-07-13_14-11-08 10340
2020-07-13_14-11-08 10340
2020-07-13_14-11-08 10390
2020-07-13_14-11-08 10340
2020-07-13_14-11-08 10320
2020-07-13_14-11-08 10340
2020-07-13_14-11-08 10270
2020-07-13_14-11-08 10340
2020-07-13_14-11-08 10350
2020-07-13_14-11-08 10350
2020-07-13_14-11-08 10380
2020-07-13_14-11-08 10340
2020-07-13_14-11-08 10300
2020-07-13_14-11-08 10350
2020-07-13_14-11-08 10290
2020-07-13_14-11-08 10340
2020-07-13_14-11-08 10360
2020-07-13_14-11-08 10340
2020-07-13_14-11-08 10340
2020-07-13_14-11-08 10340
2020-07-13_14-11-08 10290
2020-07-13_14-11-08 10350
2020-07-13_14-11-08 10330
2020-07-13_14-11-08 10340
2020-07-13_14-11-08 10360
2020-07-13_14-11-08 10340
2020-07-13_14-11-08 10310
2020-07-13_14-11-08 10340
2020-07-13_14-11-08 10320
2020-07-13_14-11-08 10350
2020-07-13_14-11-08 10400
2020-07-13_14-11-08 10350
2020-07-13_14-11-08 10390
2020-07-13_14-11-08 10350
2020-07-13_14-11-08 10290
2020-07-13_14-11-08 10350
2020-07-13_14-11-08 10280
2020-07-13_14-11-08 10350
2020-07-13_14-11-08 10350
2020-07-13_14-11-08 10350
2020-07-13_14-11-08 10370
2020-07-13_14-11-08 10350
2020-07-13_14-11-08 10330
2020-07-13_14-11-08 10350
2020-07-13_14-11-08 10330
2020-07-13_14-11-08 10350
2020-07-13_14-11-08 10350
2020-07-13_14-11-08 10350
2020-07-13_14-11-08 10350
2020-07-13_14-11-08 10350
2020-07-13_14-11-08 10340
2020-07-13_14-11-08 10350
2020-07-13_14-11-08 10350
2020-07-13_14-11-08 10330
2020-07-13_14-11-08 10340
2020-07-13_14-11-08 10340
2020-07-13_14-11-08 10340
2020-07-13_14-11-08 10340
2020-07-13_14-11-08 10340
2020-07-13_14-11-08 10350
2020-07-13_14-11-08 10340
2020-07-13_14-11-08 10340
2020-07-13_14-11-08 10350
2020-07-13_14-11-08 10360
2020-07-13_14-11-08 10350
2020-07-13_14-11-08 10350
2020-07-13_14-11-08 10360
2020-07-13_14-11-08 10340
2020-07-13_14-11-08 10340
2020-07-13_14-11-08 10340
2020-07-13_14-11-08 10330
2020-07-13_14-11-08 10330
2020-07-13_14-11-08 10380
2020-07-13_14-11-08 10350
2020-07-13_14-11-08 10340
2020-07-13_14-11-08 10340
2020-07-13_14-11-08 10340
2020-07-13_14-11-08 10340
2020-07-13_14-11-08 10350
2020-07-13_14-11-08 10350
2020-07-13_14-11-08 10350
2020-07-13_14-11-08 10350
2020-07-13_14-11-08 10350
2020-07-13_14-11-08 10350
2020-07-13_14-11-08 10350
2020-07-13_14-11-08 10350
2020-07-13_14-11-08 10350
2020-07-13_14-11-08 10340
2020-07-13_14-11-08 10340
2020-07-13_14-11-08 10340
2020-07-13_14-11-08 10350
2020-07-13_14-11-08 10340
2020-07-13_14-11-08 10340
2020-07-13_14-11-08 10340
2020-07-13_14-11-08 10340
2020-07-13_14-11-08 10340
2020-07-13_14-11-08 10340
2020-07-13_14-11-08 10340
2020-07-13_14-11-08 10340
2020-07-13_14-11-08 10340
2020-07-13_14-11-08 10340
2020-07-13_14-11-08 10340
2020-07-13_14-11-08 10340
2020-07-13_14-11-08 10340
2020-07-13_14-11-08 10340
2020-07-13_14-11-08 10340
2020-07-13_14-11-08 10340
2020-07-13_14-11-08 10340
2020-07-13_14-11-08 10340
2020-07-13_14-11-08 10340
2020-07-13_14-11-08 10340
2020-07-13_14-11-08 10340
2020-07-13_14-11-08 10340
2020-07-13_14-11-08 10340
2020-07-13_14-11-08 10340
2020-07-13_14-11-08 10340
2020-07-13_14-11-08 10340
2020-07-13_14-11-08 10340
2020-07-13_14-11-08 10340
2020-07-13_14-11-08 10340
2020-07-13_14-11-08 10340
2020-07-13_14-11-08 10340
2020-07-13_14-11-08 10340
2020-07-13_14-11-08 10340
2020-07-13_14-11-08 10340
2020-07-13_14-11-08 10340
2020-07-13_14-11-08 10340
2020-07-13_14-11-08 10340
2020-07-13_14-11-08 10340
2020-07-13_14-11-08 10340
2020-07-13_14-11-08 10340
2020-07-13_14-11-08 10340
2020-07-13_14-11-08 10340
2020-07-13_14-11-08 10350
2020-07-13_14-11-08 10350
2020-07-13_14-11-08 10340
2020-07-13_14-11-08 10340
2020-07-13_14-11-08 10340
2020-07-13_14-11-08 10350
2020-07-13_14-11-08 10350
2020-07-13_14-11-08 10350
2020-07-13_14-11-08 10350
2020-07-13_14-11-08 10350
2020-07-13_14-11-08 10350
2020-07-13_14-11-08 10350
2020-07-13_14-11-08 10350
2020-07-13_14-11-08 10350
2020-07-13_14-11-08 10350
2020-07-13_14-11-08 10350
2020-07-13_14-11-08 10350
2020-07-13_14-11-08 10350
2020-07-13_14-11-08 10350
2020-07-13_14-11-08 10350
2020-07-13_14-11-08 10340
2020-07-13_14-11-08 10350
2020-07-13_14-11-08 10350
2020-07-13_14-11-08 10340
2020-07-13_14-11-08 10340
2020-07-13_14-11-08 10340
2020-07-13_14-11-08 10340
2020-07-13_14-11-08 10350
2020-07-13_14-11-08 10350
2020-07-13_14-11-08 10350
2020-07-13_14-11-08 10350
2020-07-13_14-11-08 10340
2020-07-13_14-11-08 10340
2020-07-13_14-11-08 10340
2020-07-13_14-11-08 10340
2020-07-13_14-11-08 10350
2020-07-13_14-11-08 10340
2020-07-13_14-11-08 10340
2020-07-13_14-11-08 10350
2020-07-13_14-11-08 10340
2020-07-13_14-11-08 10330
2020-07-13_14-11-08 10340
2020-07-13_14-11-08 10340
2020-07-13_14-11-08 10340
2020-07-13_14-11-08 10340
2020-07-13_14-11-08 10340
2020-07-13_14-11-08 10350
2020-07-13_14-11-08 10350
2020-07-13_14-11-08 10350
2020-07-13_14-11-08 10340
2020-07-13_14-11-08 10340
2020-07-13_14-11-08 10340
2020-07-13_14-11-08 10340
2020-07-13_14-11-08 10340
2020-07-13_14-11-08 10340
2020-07-13_14-11-08 10340
2020-07-13_14-11-08 10340
2020-07-13_14-11-08 10350
2020-07-13_14-11-08 10350
2020-07-13_14-11-08 10350
2020-07-13_14-11-08 10350
2020-07-13_14-11-08 10350
2020-07-13_14-11-08 10350
2020-07-13_14-11-08 10340
2020-07-13_14-11-08 10340
2020-07-13_14-11-08 10340
2020-07-13_14-11-08 10340
2020-07-13_14-11-08 10350
2020-07-13_14-11-08 10350
2020-07-13_14-11-08 10350
2020-07-13_14-11-08 10340
2020-07-13_14-11-08 10350
2020-07-13_14-11-08 10350
2020-07-13_14-11-08 10350
2020-07-13_14-11-08 10350
2020-07-13_14-11-08 10340
2020-07-13_14-11-08 10340
2020-07-13_14-11-08 10350
2020-07-13_14-11-08 10350
2020-07-13_14-11-08 10340
2020-07-13_14-11-08 10340
2020-07-13_14-11-08 10350
2020-07-13_14-11-08 10350
2020-07-13_14-11-08 10350
2020-07-13_14-11-08 10350
2020-07-13_14-11-08 10350
2020-07-13_14-11-08 10350
2020-07-13_14-11-08 10350
2020-07-13_14-11-08 10350
2020-07-13_14-11-08 10350
2020-07-13_14-11-08 10350
2020-07-13_14-11-08 10350
2020-07-13_14-11-08 10350
2020-07-13_14-11-08 10350
2020-07-13_14-11-08 10350
2020-07-13_14-11-08 10350
2020-07-13_14-11-08 10350
2020-07-13_14-11-08 10340
2020-07-13_14-11-08 10350
2020-07-13_14-11-08 10350
2020-07-13_14-11-08 10340
2020-07-13_14-11-08 10340
2020-07-13_14-11-08 10350
2020-07-13_14-11-08 10350
2020-07-13_14-11-08 10340
2020-07-13_14-11-08 10350
2020-07-13_14-11-08 10350
2020-07-13_14-11-08 10350
2020-07-13_14-11-08 10350
2020-07-13_14-11-08 10350
2020-07-13_14-11-08 10350
2020-07-13_14-11-08 10350
2020-07-13_14-11-08 10350
2020-07-13_14-11-08 10350
2020-07-13_14-11-08 10350
2020-07-13_14-11-08 10350
2020-07-13_14-11-08 10350
2020-07-13_14-11-08 10350
2020-07-13_14-11-08 10350
2020-07-13_14-11-08 10350
2020-07-13_14-11-08 10350
2020-07-13_14-11-08 10350
2020-07-13_14-11-08 10350
2020-07-13_14-11-08 10350
2020-07-13_14-11-08 10340
2020-07-13_14-11-08 10340
2020-07-13_14-11-08 10340
2020-07-13_14-11-08 10350
2020-07-13_14-11-08 10350
2020-07-13_14-11-08 10350
2020-07-13_14-11-08 10350
2020-07-13_14-11-08 10350
2020-07-13_14-11-08 10350
2020-07-13_14-11-08 10350
2020-07-13_14-11-08 10350
2020-07-13_14-11-08 10350
2020-07-13_14-11-08 10350
2020-07-13_14-11-08 10350
2020-07-13_14-11-08 10350
2020-07-13_14-11-08 10350
2020-07-13_14-11-08 10350
2020-07-13_14-11-08 10350
2020-07-13_14-11-08 10350
2020-07-13_14-11-08 10350
2020-07-13_14-11-08 10350
2020-07-13_14-11-08 10350
2020-07-13_14-11-08 10350
2020-07-13_14-11-08 10350
2020-07-13_14-11-08 10350
2020-07-13_14-11-08 10350
2020-07-13_14-11-08 10350
2020-07-13_14-11-08 10350
2020-07-13_14-11-08 10350
2020-07-13_14-11-08 10350
2020-07-13_14-11-08 10350
2020-07-13_14-11-08 10350
2020-07-13_14-11-08 10340
2020-07-13_14-11-08 10340
2020-07-13_14-11-08 10340
2020-07-13_14-11-08 10350
2020-07-13_14-11-08 10350
2020-07-13_14-11-08 10350
2020-07-13_14-11-08 10350
2020-07-13_14-11-08 10350
2020-07-13_14-11-08 10350
2020-07-13_14-11-08 10350
2020-07-13_14-11-08 10350
2020-07-13_14-11-08 10350
2020-07-13_14-11-08 10350
2020-07-13_14-11-08 10350
2020-07-13_14-11-08 10350
2020-07-13_14-11-08 10350
2020-07-13_14-11-08 10350
2020-07-13_14-11-08 10350
2020-07-13_14-11-08 10350
2020-07-13_14-11-08 10350
2020-07-13_14-11-08 10350
2020-07-13_14-11-08 10350
2020-07-13_14-11-08 10350
2020-07-13_14-11-08 10350
2020-07-13_14-11-08 10350
2020-07-13_14-11-08 10350
2020-07-13_14-11-08 10350
2020-07-13_14-11-08 10350
2020-07-13_14-11-08 10350
2020-07-13_14-11-08 10350
2020-07-13_14-11-08 10350
2020-07-13_14-11-08 10350
2020-07-13_14-11-08 10350
2020-07-13_14-11-08 10350
2020-07-13_14-11-08 10350
2020-07-13_14-11-08 10350
2020-07-13_14-11-08 10340
2020-07-13_14-11-08 10340
2020-07-13_14-11-08 10350
2020-07-13_14-11-08 10350
2020-07-13_14-11-08 10350
2020-07-13_14-11-08 10350
2020-07-13_14-11-08 10350
2020-07-13_14-11-08 10350
2020-07-13_14-11-08 10350
2020-07-13_14-11-08 10350
2020-07-13_14-11-08 10350
2020-07-13_14-11-08 10350
2020-07-13_14-11-08 10350
2020-07-13_14-11-08 10350
2020-07-13_14-11-08 10350
2020-07-13_14-11-08 10350
2020-07-13_14-11-08 10350
2020-07-13_14-11-08 10350
2020-07-13_14-11-08 10350
2020-07-13_14-11-08 10340
2020-07-13_14-11-08 10330
2020-07-13_14-11-08 10320
2020-07-13_14-11-08 10320
2020-07-13_14-11-08 10310
2020-07-13_14-11-08 10300
2020-07-13_14-11-08 10280
2020-07-13_14-11-08 10280
2020-07-13_14-11-08 10270
2020-07-13_14-11-08 10270
2020-07-13_14-11-08 10270
2020-07-13_14-11-08 10280
2020-07-13_14-11-08 10280
2020-07-13_14-11-08 10270
2020-07-13_14-11-08 10270
2020-07-13_14-11-08 10270
2020-07-13_14-11-08 10270
2020-07-13_14-11-08 10270
2020-07-13_14-11-08 10270
2020-07-13_14-11-08 10270
2020-07-13_14-11-08 10270
2020-07-13_14-11-08 10270
2020-07-13_14-11-08 10270
2020-07-13_14-11-08 10270
2020-07-13_14-11-08 10270
2020-07-13_14-11-08 10270
2020-07-13_14-11-08 10270
2020-07-13_14-11-08 10270
2020-07-13_14-11-08 10270
2020-07-13_14-11-08 10270
2020-07-13_14-11-08 10270
2020-07-13_14-11-08 10270
2020-07-13_14-11-08 10270
2020-07-13_14-11-08 10270
2020-07-13_14-11-08 10280
2020-07-13_14-11-08 10270
2020-07-13_14-11-08 10270
2020-07-13_14-11-08 10270
2020-07-13_14-11-08 10280
2020-07-13_14-11-08 10280
2020-07-13_14-11-08 10280
2020-07-13_14-11-08 10280
2020-07-13_14-11-08 10280
2020-07-13_14-11-08 10280
2020-07-13_14-11-08 10280
2020-07-13_14-11-08 10280
2020-07-13_14-11-08 10280
2020-07-13_14-11-08 10270
2020-07-13_14-11-08 10270
2020-07-13_14-11-08 10270
2020-07-13_14-11-08 10270
2020-07-13_14-11-08 10270
2020-07-13_14-11-08 10270
2020-07-13_14-11-08 10270
2020-07-13_14-11-08 10270
2020-07-13_14-11-08 10270
2020-07-13_14-11-08 10270
2020-07-13_14-11-08 10260
2020-07-13_14-11-08 10260
2020-07-13_14-11-08 10260
2020-07-13_14-11-08 10260
2020-07-13_14-11-08 10270
2020-07-13_14-11-08 10270
2020-07-13_14-11-08 10270
2020-07-13_14-11-08 10270
2020-07-13_14-11-08 10270
2020-07-13_14-11-08 10270
2020-07-13_14-11-08 10270
2020-07-13_14-11-08 10270
2020-07-13_14-11-08 10270
2020-07-13_14-11-08 10260
2020-07-13_14-11-08 10270
2020-07-13_14-11-08 10270
2020-07-13_14-11-08 10270
2020-07-13_14-11-08 10270
2020-07-13_14-11-08 10270
2020-07-13_14-11-08 10270
2020-07-13_14-11-08 10270
2020-07-13_14-11-08 10270
2020-07-13_14-11-08 10270
2020-07-13_14-11-08 10270
2020-07-13_14-11-08 10270
2020-07-13_14-11-08 10270
2020-07-13_14-11-08 10270
2020-07-13_14-11-08 10270
2020-07-13_14-11-08 10270
2020-07-13_14-11-08 10270
2020-07-13_14-11-08 10270
2020-07-13_14-11-08 10270
2020-07-13_14-11-08 10270
2020-07-13_14-11-08 10270
2020-07-13_14-11-08 10270
2020-07-13_14-11-08 10270
2020-07-13_14-11-08 10270
2020-07-13_14-11-08 10270
2020-07-13_14-11-08 10270
2020-07-13_14-11-08 10270
2020-07-13_14-11-08 10270
2020-07-13_14-11-08 10280
2020-07-13_14-11-08 10280
2020-07-13_14-11-08 10280
2020-07-13_14-11-08 10290
2020-07-13_14-11-08 10330
2020-07-13_14-11-08 10340
2020-07-13_14-11-08 10340
2020-07-13_14-11-08 10360
2020-07-13_14-11-08 10350
2020-07-13_14-11-08 10340
2020-07-13_14-11-08 10350
2020-07-13_14-11-08 10350
2020-07-13_14-11-08 10350
2020-07-13_14-11-08 10350
2020-07-13_14-11-08 10350
2020-07-13_14-11-08 10350
2020-07-13_14-11-08 10350
2020-07-13_14-11-08 10350
2020-07-13_14-11-08 10350
2020-07-13_14-11-08 10340
2020-07-13_14-11-08 10350
2020-07-13_14-11-08 10330
2020-07-13_14-11-08 10330
2020-07-13_14-11-08 10340
2020-07-13_14-11-08 10340
2020-07-13_14-11-08 10340
2020-07-13_14-11-08 10340
2020-07-13_14-11-08 10340
2020-07-13_14-11-08 10340
2020-07-13_14-11-08 10340
2020-07-13_14-11-08 10350
2020-07-13_14-11-08 10350
2020-07-13_14-11-08 10350
2020-07-13_14-11-08 10340
2020-07-13_14-11-08 10340
2020-07-13_14-11-08 10340
2020-07-13_14-11-08 10340
2020-07-13_14-11-08 10350
2020-07-13_14-11-08 10350
2020-07-13_14-11-08 10350
2020-07-13_14-11-08 10350
2020-07-13_14-11-08 10350
2020-07-13_14-11-08 10350
2020-07-13_14-11-08 10340
2020-07-13_14-11-08 10350
2020-07-13_14-11-08 10340
2020-07-13_14-11-08 10340
2020-07-13_14-11-08 10340
2020-07-13_14-11-08 10350
2020-07-13_14-11-08 10350
2020-07-13_14-11-08 10350
2020-07-13_14-11-08 10350
2020-07-13_14-11-08 10350
2020-07-13_14-11-08 10350
2020-07-13_14-11-08 10350
2020-07-13_14-11-08 10350
2020-07-13_14-11-08 10350
2020-07-13_14-11-08 10350
2020-07-13_14-11-08 10350
2020-07-13_14-11-08 10350
2020-07-13_14-11-08 10350
2020-07-13_14-11-08 10350
2020-07-13_14-11-08 10350
2020-07-13_14-11-08 10350
2020-07-13_14-11-08 10350
2020-07-13_14-11-08 10350
2020-07-13_14-11-08 10350
2020-07-13_14-11-08 10350
2020-07-13_14-11-08 10350
2020-07-13_14-11-08 10350
2020-07-13_14-11-08 10350
2020-07-13_14-11-08 10340
2020-07-13_14-11-08 10340
2020-07-13_14-11-08 10340
2020-07-13_14-11-08 10350
2020-07-13_14-11-08 10350
2020-07-13_14-11-08 10350
2020-07-13_14-11-08 10350
2020-07-13_14-11-08 10350
2020-07-13_14-11-08 10340
2020-07-13_14-11-08 10340
2020-07-13_14-11-08 10340
2020-07-13_14-11-08 10340
2020-07-13_14-11-08 10350
2020-07-13_14-11-08 10350
2020-07-13_14-11-08 10350
2020-07-13_14-11-08 10350
2020-07-13_14-11-08 10350
2020-07-13_14-11-08 10350
2020-07-13_14-11-08 10350
2020-07-13_14-11-08 10350
2020-07-13_14-11-08 10350
2020-07-13_14-11-08 10350
2020-07-13_14-11-08 10350
2020-07-13_14-11-08 10350
2020-07-13_14-11-08 10350
2020-07-13_14-11-08 10350
2020-07-13_14-11-08 10350
2020-07-13_14-11-08 10350
2020-07-13_14-11-08 10350
2020-07-13_14-11-08 10350
2020-07-13_14-11-08 10350
2020-07-13_14-11-08 10350
2020-07-13_14-11-08 10350
2020-07-13_14-11-08 10350
2020-07-13_14-11-08 10350
2020-07-13_14-11-08 10350
2020-07-13_14-11-08 10350
2020-07-13_14-11-08 10350
2020-07-13_14-11-08 10350
2020-07-13_14-11-08 10350
2020-07-13_14-11-08 10340
2020-07-13_14-11-08 10350
2020-07-13_14-11-08 10350
2020-07-13_14-11-08 10350
2020-07-13_14-11-08 10350
2020-07-13_14-11-08 10350
2020-07-13_14-11-08 10350
2020-07-13_14-11-08 10350
2020-07-13_14-11-08 10340
2020-07-13_14-11-08 10350
2020-07-13_14-11-08 10350
2020-07-13_14-11-08 10350
2020-07-13_14-11-08 10350
2020-07-13_14-11-08 10350
2020-07-13_14-11-08 10350
2020-07-13_14-11-08 10350
2020-07-13_14-11-08 10350
2020-07-13_14-11-08 10350
2020-07-13_14-11-08 10350
2020-07-13_14-11-08 10350
2020-07-13_14-11-08 10340
2020-07-13_14-11-08 10340
2020-07-13_14-11-08 10340
2020-07-13_14-11-08 10340
2020-07-13_14-11-08 10340
2020-07-13_14-11-08 10340
2020-07-13_14-11-08 10350
2020-07-13_14-11-08 10350
2020-07-13_14-11-08 10350
2020-07-13_14-11-08 10350
2020-07-13_14-11-08 10350
2020-07-13_14-11-08 10350
2020-07-13_14-11-08 10350
2020-07-13_14-11-08 10350
2020-07-13_14-11-08 10350
2020-07-13_14-11-08 10350
2020-07-13_14-11-08 10350
2020-07-13_14-11-08 10350
2020-07-13_14-11-08 10350
2020-07-13_14-11-08 10350
2020-07-13_14-11-08 10350
2020-07-13_14-11-08 10350
2020-07-13_14-11-08 10350
2020-07-13_14-11-08 10350
2020-07-13_14-11-08 10350
2020-07-13_14-11-08 10350
2020-07-13_14-11-08 10350
2020-07-13_14-11-08 10350
2020-07-13_14-11-08 10350
2020-07-13_14-11-08 10350
2020-07-13_14-11-08 10350
2020-07-13_14-11-08 10350
2020-07-13_14-11-08 10350
2020-07-13_14-11-08 10350
2020-07-13_14-11-08 10350
2020-07-13_14-11-08 10350
2020-07-13_14-11-08 10350
2020-07-13_14-11-08 10350
2020-07-13_14-11-08 10350
2020-07-13_14-11-08 10350
2020-07-13_14-11-08 10350
2020-07-13_14-11-08 10350
2020-07-13_14-11-08 10350
2020-07-13_14-11-08 10350
2020-07-13_14-11-08 10350
2020-07-13_14-11-08 10350
2020-07-13_14-11-08 10350
2020-07-13_14-11-08 10350
2020-07-13_14-11-08 10350
2020-07-13_14-11-08 10340
2020-07-13_14-11-08 10340
2020-07-13_14-11-08 10340
2020-07-13_14-11-08 10340
2020-07-13_14-11-08 10350
2020-07-13_14-11-08 10350
2020-07-13_14-11-08 10350
2020-07-13_14-11-08 10310
2020-07-13_14-11-08 10330
2020-07-13_14-11-08 10330
2020-07-13_14-11-08 10340
2020-07-13_14-11-08 10340
2020-07-13_14-11-08 10340
2020-07-13_14-11-08 10340
2020-07-13_14-11-08 10340
2020-07-13_14-11-08 10330
2020-07-13_14-11-08 10330
2020-07-13_14-11-08 10330
2020-07-13_14-11-08 10330
2020-07-13_14-11-08 10330
2020-07-13_14-11-08 10330
2020-07-13_14-11-08 10330
2020-07-13_14-11-08 10350
2020-07-13_14-11-08 10370
2020-07-13_14-11-08 10360
2020-07-13_14-11-08 10330
2020-07-13_14-11-08 10330
2020-07-13_14-11-08 10350
2020-07-13_14-11-08 10350
2020-07-13_14-11-08 10340
2020-07-13_14-11-08 10350
2020-07-13_14-11-08 10340
2020-07-13_14-11-08 10340
2020-07-13_14-11-08 10350
2020-07-13_14-11-08 10350
2020-07-13_14-11-08 10350
2020-07-13_14-11-08 10350
2020-07-13_14-11-08 10350
2020-07-13_14-11-08 10350
2020-07-13_14-11-08 10350
2020-07-13_14-11-08 10350
2020-07-13_14-11-08 10350
2020-07-13_14-11-08 10350
2020-07-13_14-11-08 10350
2020-07-13_14-11-08 10350
2020-07-13_14-11-08 10350
2020-07-13_14-11-08 10350
2020-07-13_14-11-08 10350
2020-07-13_14-11-08 10350
2020-07-13_14-11-08 10350
2020-07-13_14-11-08 10350
2020-07-13_14-11-08 10350
2020-07-13_14-11-08 10350
2020-07-13_14-11-08 10350
2020-07-13_14-11-08 10350
2020-07-13_14-11-08 10350
2020-07-13_14-11-08 10350
2020-07-13_14-11-08 10350
2020-07-13_14-11-08 10350
2020-07-13_14-11-08 10350
2020-07-13_14-11-08 10350
2020-07-13_14-11-08 10350
2020-07-13_14-11-08 10350
2020-07-13_14-11-08 10350
2020-07-13_14-11-08 10350
2020-07-13_14-11-08 10350
2020-07-13_14-11-08 10350
2020-07-13_14-11-08 10350
2020-07-13_14-11-08 10350
2020-07-13_14-11-08 10350
2020-07-13_14-11-08 10350
2020-07-13_14-11-08 10350
2020-07-13_14-11-08 10350
2020-07-13_14-11-08 10350
2020-07-13_14-11-08 10350
2020-07-13_14-11-08 10350
2020-07-13_14-11-08 10350
2020-07-13_14-11-08 10330
2020-07-13_14-11-08 10350
2020-07-13_14-11-08 10340
2020-07-13_14-11-08 10310
2020-07-13_14-11-08 10310
2020-07-13_14-11-08 10300
2020-07-13_14-11-08 10260
2020-07-13_14-11-08 10300
2020-07-13_14-11-08 10290
2020-07-13_14-11-08 10210
2020-07-13_14-11-08 10280
2020-07-13_14-11-08 10310
2020-07-13_14-11-08 10290
2020-07-13_14-11-08 10320
2020-07-13_14-11-08 9580
2020-07-13_14-11-08 8170
2020-07-13_14-11-08 8040
2020-07-13_14-11-08 7980
2020-07-13_14-11-08 7900
2020-07-13_14-11-08 5260
