2020-07-13_14-10-53 1100
2020-07-13_14-10-53 1220
2020-07-13_14-10-53 1310
2020-07-13_14-10-53 1360
2020-07-13_14-10-53 1510
2020-07-13_14-10-53 1780
2020-07-13_14-10-53 2080
2020-07-13_14-10-53 2270
2020-07-13_14-10-53 2360
2020-07-13_14-10-53 2410
2020-07-13_14-10-53 2420
2020-07-13_14-10-53 2400
2020-07-13_14-10-53 2370
2020-07-13_14-10-53 2350
2020-07-13_14-10-53 2350
2020-07-13_14-10-53 2370
2020-07-13_14-10-53 2390
2020-07-13_14-10-53 2400
2020-07-13_14-10-53 2390
2020-07-13_14-10-53 2380
2020-07-13_14-10-53 2360
2020-07-13_14-10-53 2350
2020-07-13_14-10-53 2360
2020-07-13_14-10-53 2370
2020-07-13_14-10-53 2370
2020-07-13_14-10-53 2370
2020-07-13_14-10-53 2360
2020-07-13_14-10-53 2130
2020-07-13_14-10-53 1730
2020-07-13_14-10-53 1330
2020-07-13_14-10-53 1160
2020-07-13_14-10-53 1150
2020-07-13_14-10-53 1150
2020-07-13_14-10-53 1040
