2020-07-13_14-11-31 1850
2020-07-13_14-11-31 5720
2020-07-13_14-11-31 5510
2020-07-13_14-11-31 5150
2020-07-13_14-11-31 5380
2020-07-13_14-11-31 5190
2020-07-13_14-11-31 5550
2020-07-13_14-11-31 6450
2020-07-13_14-11-31 12830
2020-07-13_14-11-31 19990
2020-07-13_14-11-31 20240
2020-07-13_14-11-31 20440
2020-07-13_14-11-31 20220
2020-07-13_14-11-31 20350
2020-07-13_14-11-31 20330
2020-07-13_14-11-31 20490
2020-07-13_14-11-31 20370
2020-07-13_14-11-31 20450
2020-07-13_14-11-31 20350
2020-07-13_14-11-31 20430
2020-07-13_14-11-31 20380
2020-07-13_14-11-31 20390
