2020-07-13_14-11-14 1100
2020-07-13_14-11-14 1800
2020-07-13_14-11-14 1970
2020-07-13_14-11-14 1930
2020-07-13_14-11-14 2020
2020-07-13_14-11-14 2000
2020-07-13_14-11-14 2030
2020-07-13_14-11-14 2060
2020-07-13_14-11-14 3140
2020-07-13_14-11-14 4340
2020-07-13_14-11-14 5740
2020-07-13_14-11-14 5740
2020-07-13_14-11-14 5690
2020-07-13_14-11-14 5720
2020-07-13_14-11-14 5700
2020-07-13_14-11-14 5720
2020-07-13_14-11-14 5690
2020-07-13_14-11-14 5730
2020-07-13_14-11-14 5710
2020-07-13_14-11-14 5710
2020-07-13_14-11-14 5700
2020-07-13_14-11-14 5690
2020-07-13_14-11-14 5710
2020-07-13_14-11-14 5710
2020-07-13_14-11-14 5710
2020-07-13_14-11-14 5710
2020-07-13_14-11-14 5710
2020-07-13_14-11-14 5700
2020-07-13_14-11-14 5720
2020-07-13_14-11-14 5710
2020-07-13_14-11-14 5710
2020-07-13_14-11-14 5700
2020-07-13_14-11-14 5700
2020-07-13_14-11-14 5710
2020-07-13_14-11-14 5700
2020-07-13_14-11-14 5700
2020-07-13_14-11-14 5700
2020-07-13_14-11-14 5700
2020-07-13_14-11-14 5700
2020-07-13_14-11-14 5700
2020-07-13_14-11-14 5700
2020-07-13_14-11-14 5700
2020-07-13_14-11-14 5700
2020-07-13_14-11-14 5700
2020-07-13_14-11-14 5700
2020-07-13_14-11-14 5700
2020-07-13_14-11-14 5710
2020-07-13_14-11-14 5720
2020-07-13_14-11-14 5710
2020-07-13_14-11-14 5710
2020-07-13_14-11-14 5710
2020-07-13_14-11-14 5710
2020-07-13_14-11-14 5710
2020-07-13_14-11-14 5720
2020-07-13_14-11-14 5710
2020-07-13_14-11-14 5710
2020-07-13_14-11-14 5710
2020-07-13_14-11-14 5710
2020-07-13_14-11-14 5710
2020-07-13_14-11-14 5710
2020-07-13_14-11-14 5710
2020-07-13_14-11-14 5710
2020-07-13_14-11-14 5710
2020-07-13_14-11-14 5710
2020-07-13_14-11-14 5710
2020-07-13_14-11-14 5710
2020-07-13_14-11-14 5710
2020-07-13_14-11-15 5710
2020-07-13_14-11-15 5710
2020-07-13_14-11-15 5710
2020-07-13_14-11-15 5710
2020-07-13_14-11-15 5710
2020-07-13_14-11-15 5710
2020-07-13_14-11-15 5710
2020-07-13_14-11-15 5710
2020-07-13_14-11-15 5720
2020-07-13_14-11-15 5720
2020-07-13_14-11-15 5710
2020-07-13_14-11-15 5710
2020-07-13_14-11-15 5710
2020-07-13_14-11-15 5710
2020-07-13_14-11-15 5710
2020-07-13_14-11-15 5710
2020-07-13_14-11-15 5710
2020-07-13_14-11-15 5720
2020-07-13_14-11-15 5720
2020-07-13_14-11-15 5710
2020-07-13_14-11-15 5720
2020-07-13_14-11-15 5710
2020-07-13_14-11-15 5720
2020-07-13_14-11-15 5720
2020-07-13_14-11-15 5720
2020-07-13_14-11-15 5720
2020-07-13_14-11-15 5720
2020-07-13_14-11-15 5720
2020-07-13_14-11-15 5720
2020-07-13_14-11-15 5720
2020-07-13_14-11-15 5720
2020-07-13_14-11-15 5710
2020-07-13_14-11-15 5710
2020-07-13_14-11-15 5710
2020-07-13_14-11-15 5720
2020-07-13_14-11-15 5720
2020-07-13_14-11-15 5720
2020-07-13_14-11-15 5720
2020-07-13_14-11-15 5720
2020-07-13_14-11-15 5720
2020-07-13_14-11-15 5720
2020-07-13_14-11-15 5720
2020-07-13_14-11-15 5710
2020-07-13_14-11-15 5710
2020-07-13_14-11-15 5710
2020-07-13_14-11-15 5720
2020-07-13_14-11-15 5720
2020-07-13_14-11-15 5720
2020-07-13_14-11-15 5720
2020-07-13_14-11-15 5710
2020-07-13_14-11-15 5710
2020-07-13_14-11-15 5710
2020-07-13_14-11-15 5720
2020-07-13_14-11-15 5720
2020-07-13_14-11-15 5720
2020-07-13_14-11-15 5720
2020-07-13_14-11-15 5720
2020-07-13_14-11-15 5720
2020-07-13_14-11-15 5720
2020-07-13_14-11-15 5720
2020-07-13_14-11-15 5720
2020-07-13_14-11-15 5720
2020-07-13_14-11-15 5720
2020-07-13_14-11-15 5720
2020-07-13_14-11-15 5720
2020-07-13_14-11-15 5720
2020-07-13_14-11-15 5720
2020-07-13_14-11-15 5720
2020-07-13_14-11-15 5720
2020-07-13_14-11-15 5720
2020-07-13_14-11-15 5720
2020-07-13_14-11-15 5720
2020-07-13_14-11-15 5720
2020-07-13_14-11-15 5720
2020-07-13_14-11-15 1930
2020-07-13_14-11-15 2040
2020-07-13_14-11-15 2000
2020-07-13_14-11-15 2330
2020-07-13_14-11-15 5390
2020-07-13_14-11-15 5690
2020-07-13_14-11-15 5720
2020-07-13_14-11-15 5720
2020-07-13_14-11-15 5720
2020-07-13_14-11-15 5710
2020-07-13_14-11-15 5700
2020-07-13_14-11-15 5710
2020-07-13_14-11-15 5700
2020-07-13_14-11-15 5700
2020-07-13_14-11-15 5700
2020-07-13_14-11-15 5700
2020-07-13_14-11-15 5700
2020-07-13_14-11-15 5700
2020-07-13_14-11-15 5700
2020-07-13_14-11-15 5700
2020-07-13_14-11-15 5700
2020-07-13_14-11-15 5700
2020-07-13_14-11-15 5700
2020-07-13_14-11-15 5710
2020-07-13_14-11-15 5710
2020-07-13_14-11-15 5710
2020-07-13_14-11-15 5710
2020-07-13_14-11-15 5710
2020-07-13_14-11-15 5710
2020-07-13_14-11-15 5710
2020-07-13_14-11-15 5710
2020-07-13_14-11-15 5710
2020-07-13_14-11-15 5710
2020-07-13_14-11-15 5710
2020-07-13_14-11-15 5710
2020-07-13_14-11-15 5710
2020-07-13_14-11-15 5710
2020-07-13_14-11-15 5710
2020-07-13_14-11-15 5710
2020-07-13_14-11-15 5710
2020-07-13_14-11-15 5710
2020-07-13_14-11-15 5710
2020-07-13_14-11-15 5720
2020-07-13_14-11-15 5710
2020-07-13_14-11-15 5700
2020-07-13_14-11-15 5710
2020-07-13_14-11-15 5720
2020-07-13_14-11-15 5710
2020-07-13_14-11-15 5710
2020-07-13_14-11-15 5710
2020-07-13_14-11-15 5710
2020-07-13_14-11-15 5720
2020-07-13_14-11-15 5720
2020-07-13_14-11-15 5720
2020-07-13_14-11-15 5720
2020-07-13_14-11-15 5720
2020-07-13_14-11-15 5720
2020-07-13_14-11-15 5720
2020-07-13_14-11-15 5720
2020-07-13_14-11-15 5720
2020-07-13_14-11-15 5720
2020-07-13_14-11-15 5720
2020-07-13_14-11-15 5720
2020-07-13_14-11-15 5720
2020-07-13_14-11-15 5720
2020-07-13_14-11-15 5710
2020-07-13_14-11-15 5710
2020-07-13_14-11-15 5710
2020-07-13_14-11-15 5720
2020-07-13_14-11-15 5720
2020-07-13_14-11-15 5720
2020-07-13_14-11-15 5720
2020-07-13_14-11-15 5720
2020-07-13_14-11-15 5720
2020-07-13_14-11-15 5720
2020-07-13_14-11-15 5720
2020-07-13_14-11-15 5710
2020-07-13_14-11-15 5710
2020-07-13_14-11-15 5710
2020-07-13_14-11-15 5720
2020-07-13_14-11-15 5720
2020-07-13_14-11-15 5720
2020-07-13_14-11-15 5720
2020-07-13_14-11-15 5710
2020-07-13_14-11-15 5710
2020-07-13_14-11-15 5720
2020-07-13_14-11-15 5720
2020-07-13_14-11-15 5720
2020-07-13_14-11-15 5720
2020-07-13_14-11-15 5720
2020-07-13_14-11-15 5720
2020-07-13_14-11-15 5720
2020-07-13_14-11-15 5720
2020-07-13_14-11-15 5720
2020-07-13_14-11-15 5720
2020-07-13_14-11-15 5720
2020-07-13_14-11-15 5720
2020-07-13_14-11-15 5720
2020-07-13_14-11-15 5720
2020-07-13_14-11-15 5720
2020-07-13_14-11-15 5720
2020-07-13_14-11-15 5720
2020-07-13_14-11-15 5720
2020-07-13_14-11-15 5720
2020-07-13_14-11-15 5720
2020-07-13_14-11-15 5720
2020-07-13_14-11-15 5720
2020-07-13_14-11-15 5710
2020-07-13_14-11-15 5710
2020-07-13_14-11-15 5710
2020-07-13_14-11-15 5710
2020-07-13_14-11-15 5710
2020-07-13_14-11-15 5710
2020-07-13_14-11-15 5710
2020-07-13_14-11-15 5700
2020-07-13_14-11-15 5710
2020-07-13_14-11-15 5720
2020-07-13_14-11-15 5720
2020-07-13_14-11-15 5720
2020-07-13_14-11-15 5720
2020-07-13_14-11-15 5720
2020-07-13_14-11-15 5710
2020-07-13_14-11-15 5710
2020-07-13_14-11-15 5710
2020-07-13_14-11-15 5710
2020-07-13_14-11-15 5710
2020-07-13_14-11-15 5710
2020-07-13_14-11-15 5720
2020-07-13_14-11-15 5720
2020-07-13_14-11-15 5710
2020-07-13_14-11-15 5710
2020-07-13_14-11-15 5710
2020-07-13_14-11-15 5710
2020-07-13_14-11-15 5710
2020-07-13_14-11-15 5710
2020-07-13_14-11-15 5710
2020-07-13_14-11-15 5710
2020-07-13_14-11-15 5710
2020-07-13_14-11-15 5710
2020-07-13_14-11-15 5720
2020-07-13_14-11-15 5800
2020-07-13_14-11-15 5820
2020-07-13_14-11-15 5830
2020-07-13_14-11-15 5810
2020-07-13_14-11-15 5830
2020-07-13_14-11-15 5810
2020-07-13_14-11-15 5810
2020-07-13_14-11-15 5790
2020-07-13_14-11-15 5730
2020-07-13_14-11-15 5710
2020-07-13_14-11-15 5710
2020-07-13_14-11-15 5710
2020-07-13_14-11-15 5720
2020-07-13_14-11-15 5720
2020-07-13_14-11-15 5710
2020-07-13_14-11-15 5710
2020-07-13_14-11-15 5710
2020-07-13_14-11-15 5710
2020-07-13_14-11-15 5710
2020-07-13_14-11-15 5710
2020-07-13_14-11-15 5710
2020-07-13_14-11-15 5710
2020-07-13_14-11-15 5720
2020-07-13_14-11-15 5720
2020-07-13_14-11-15 5710
2020-07-13_14-11-15 5710
2020-07-13_14-11-15 5720
2020-07-13_14-11-15 5720
2020-07-13_14-11-15 5710
2020-07-13_14-11-15 5710
2020-07-13_14-11-15 5710
2020-07-13_14-11-15 5710
2020-07-13_14-11-15 5710
2020-07-13_14-11-15 5710
2020-07-13_14-11-15 5750
2020-07-13_14-11-15 5820
2020-07-13_14-11-15 5820
2020-07-13_14-11-15 5830
2020-07-13_14-11-15 5820
2020-07-13_14-11-15 5760
2020-07-13_14-11-15 5710
2020-07-13_14-11-15 5720
2020-07-13_14-11-15 5710
2020-07-13_14-11-15 5710
2020-07-13_14-11-15 5710
2020-07-13_14-11-15 5710
2020-07-13_14-11-15 5710
2020-07-13_14-11-15 5710
2020-07-13_14-11-15 5710
2020-07-13_14-11-15 5710
2020-07-13_14-11-15 5710
2020-07-13_14-11-15 5710
2020-07-13_14-11-15 5710
2020-07-13_14-11-15 5710
2020-07-13_14-11-15 5710
2020-07-13_14-11-15 5710
2020-07-13_14-11-15 5710
2020-07-13_14-11-15 5710
2020-07-13_14-11-15 5710
2020-07-13_14-11-15 5710
2020-07-13_14-11-15 5710
2020-07-13_14-11-15 5710
2020-07-13_14-11-15 5710
2020-07-13_14-11-15 5710
2020-07-13_14-11-15 5710
2020-07-13_14-11-15 5710
2020-07-13_14-11-15 5710
2020-07-13_14-11-15 5710
2020-07-13_14-11-15 5710
2020-07-13_14-11-15 5710
2020-07-13_14-11-15 5710
2020-07-13_14-11-15 5710
2020-07-13_14-11-15 5710
2020-07-13_14-11-15 5710
2020-07-13_14-11-15 5720
2020-07-13_14-11-15 5720
2020-07-13_14-11-15 5710
2020-07-13_14-11-15 5720
2020-07-13_14-11-15 5720
2020-07-13_14-11-15 5720
2020-07-13_14-11-15 5710
2020-07-13_14-11-15 5720
2020-07-13_14-11-15 5720
2020-07-13_14-11-15 5720
2020-07-13_14-11-15 5720
2020-07-13_14-11-15 5720
2020-07-13_14-11-15 5720
2020-07-13_14-11-15 5720
2020-07-13_14-11-15 5720
2020-07-13_14-11-15 5720
2020-07-13_14-11-15 5720
2020-07-13_14-11-15 5720
2020-07-13_14-11-15 5720
2020-07-13_14-11-15 5720
2020-07-13_14-11-15 5720
2020-07-13_14-11-15 5720
2020-07-13_14-11-15 5720
2020-07-13_14-11-15 5720
2020-07-13_14-11-15 5720
2020-07-13_14-11-15 5710
2020-07-13_14-11-15 5720
2020-07-13_14-11-15 5720
2020-07-13_14-11-15 5720
2020-07-13_14-11-15 5720
2020-07-13_14-11-15 5720
2020-07-13_14-11-15 5720
2020-07-13_14-11-15 5710
2020-07-13_14-11-15 5710
2020-07-13_14-11-15 5700
2020-07-13_14-11-15 5700
2020-07-13_14-11-15 5710
2020-07-13_14-11-15 5710
2020-07-13_14-11-15 5710
2020-07-13_14-11-15 5710
2020-07-13_14-11-15 5710
2020-07-13_14-11-15 5720
2020-07-13_14-11-15 5710
2020-07-13_14-11-15 5700
2020-07-13_14-11-15 5710
2020-07-13_14-11-15 5700
2020-07-13_14-11-15 5720
2020-07-13_14-11-15 5720
2020-07-13_14-11-15 5710
2020-07-13_14-11-15 5710
2020-07-13_14-11-15 5710
2020-07-13_14-11-15 5710
2020-07-13_14-11-15 5690
2020-07-13_14-11-15 5720
2020-07-13_14-11-15 5700
2020-07-13_14-11-15 5710
2020-07-13_14-11-15 5710
2020-07-13_14-11-15 5710
2020-07-13_14-11-15 5690
2020-07-13_14-11-15 5720
2020-07-13_14-11-15 5720
2020-07-13_14-11-15 5700
2020-07-13_14-11-15 5720
2020-07-13_14-11-15 5380
2020-07-13_14-11-15 4190
2020-07-13_14-11-15 3930
2020-07-13_14-11-15 3880
2020-07-13_14-11-15 3890
2020-07-13_14-11-15 3870
2020-07-13_14-11-15 3910
2020-07-13_14-11-15 3920
2020-07-13_14-11-15 3880
2020-07-13_14-11-15 2280
