2020-07-13_14-11-09 9580
2020-07-13_14-11-09 9580
2020-07-13_14-11-09 9580
2020-07-13_14-11-09 9580
2020-07-13_14-11-09 9580
2020-07-13_14-11-09 9580
2020-07-13_14-11-09 9580
2020-07-13_14-11-09 9580
2020-07-13_14-11-09 9580
2020-07-13_14-11-09 9580
2020-07-13_14-11-09 9590
2020-07-13_14-11-09 9590
2020-07-13_14-11-09 9580
2020-07-13_14-11-09 9580
2020-07-13_14-11-09 9580
2020-07-13_14-11-09 9590
2020-07-13_14-11-09 9590
2020-07-13_14-11-09 9590
2020-07-13_14-11-09 9590
2020-07-13_14-11-09 9590
2020-07-13_14-11-09 9590
2020-07-13_14-11-09 9580
2020-07-13_14-11-09 9570
2020-07-13_14-11-09 9570
2020-07-13_14-11-09 9580
2020-07-13_14-11-09 9580
2020-07-13_14-11-09 9580
2020-07-13_14-11-09 9580
2020-07-13_14-11-09 9580
2020-07-13_14-11-09 9590
2020-07-13_14-11-09 9570
2020-07-13_14-11-09 9570
2020-07-13_14-11-09 9580
2020-07-13_14-11-09 9590
2020-07-13_14-11-09 9580
2020-07-13_14-11-09 9580
2020-07-13_14-11-09 9590
2020-07-13_14-11-09 9580
2020-07-13_14-11-09 9570
2020-07-13_14-11-09 9580
2020-07-13_14-11-09 9590
2020-07-13_14-11-09 9590
2020-07-13_14-11-09 9590
2020-07-13_14-11-09 9600
2020-07-13_14-11-09 9590
2020-07-13_14-11-09 9550
2020-07-13_14-11-09 9620
2020-07-13_14-11-09 9600
2020-07-13_14-11-09 9580
2020-07-13_14-11-09 9570
2020-07-13_14-11-09 9580
2020-07-13_14-11-09 9570
2020-07-13_14-11-09 9590
2020-07-13_14-11-09 9540
2020-07-13_14-11-09 9620
2020-07-13_14-11-09 9560
2020-07-13_14-11-09 9570
2020-07-13_14-11-09 9590
2020-07-13_14-11-09 9580
2020-07-13_14-11-09 9580
2020-07-13_14-11-09 9580
2020-07-13_14-11-09 9580
2020-07-13_14-11-09 9580
2020-07-13_14-11-09 9580
2020-07-13_14-11-09 9580
2020-07-13_14-11-09 9580
2020-07-13_14-11-09 9560
2020-07-13_14-11-09 9550
2020-07-13_14-11-09 9530
2020-07-13_14-11-09 9510
2020-07-13_14-11-09 9520
2020-07-13_14-11-09 9530
2020-07-13_14-11-09 9540
2020-07-13_14-11-09 9580
2020-07-13_14-11-09 9580
2020-07-13_14-11-09 9590
2020-07-13_14-11-09 9620
2020-07-13_14-11-09 9580
2020-07-13_14-11-09 9550
2020-07-13_14-11-09 9520
2020-07-13_14-11-09 9510
2020-07-13_14-11-09 8850
2020-07-13_14-11-09 8070
2020-07-13_14-11-09 7410
2020-07-13_14-11-09 7140
2020-07-13_14-11-09 7090
2020-07-13_14-11-09 7100
2020-07-13_14-11-09 7050
2020-07-13_14-11-09 7050
2020-07-13_14-11-09 7080
2020-07-13_14-11-09 7040
2020-07-13_14-11-09 7010
2020-07-13_14-11-09 6970
2020-07-13_14-11-09 6710
2020-07-13_14-11-09 1400
