2020-07-13_14-11-10 1160
2020-07-13_14-11-10 2070
2020-07-13_14-11-10 1920
2020-07-13_14-11-10 1950
2020-07-13_14-11-10 2000
2020-07-13_14-11-10 3090
2020-07-13_14-11-10 4300
2020-07-13_14-11-10 4340
2020-07-13_14-11-10 4310
2020-07-13_14-11-10 4330
2020-07-13_14-11-10 4350
2020-07-13_14-11-10 4330
2020-07-13_14-11-10 4310
2020-07-13_14-11-10 4300
2020-07-13_14-11-10 4320
2020-07-13_14-11-10 4370
2020-07-13_14-11-10 4360
2020-07-13_14-11-10 4350
2020-07-13_14-11-10 4390
2020-07-13_14-11-10 4360
2020-07-13_14-11-10 4370
2020-07-13_14-11-10 4380
2020-07-13_14-11-10 4370
2020-07-13_14-11-10 4370
2020-07-13_14-11-10 4370
2020-07-13_14-11-10 4370
2020-07-13_14-11-10 4370
2020-07-13_14-11-10 4370
2020-07-13_14-11-10 4380
2020-07-13_14-11-10 4370
2020-07-13_14-11-10 4370
2020-07-13_14-11-10 4360
2020-07-13_14-11-10 4300
2020-07-13_14-11-10 4370
2020-07-13_14-11-10 4380
2020-07-13_14-11-10 4360
2020-07-13_14-11-10 4360
2020-07-13_14-11-10 4370
2020-07-13_14-11-10 4350
2020-07-13_14-11-10 4340
2020-07-13_14-11-10 4360
2020-07-13_14-11-10 4370
2020-07-13_14-11-10 4390
2020-07-13_14-11-10 4390
2020-07-13_14-11-10 4360
2020-07-13_14-11-10 4370
2020-07-13_14-11-10 4300
2020-07-13_14-11-10 3130
2020-07-13_14-11-10 2410
2020-07-13_14-11-10 2390
2020-07-13_14-11-10 2420
2020-07-13_14-11-10 2410
2020-07-13_14-11-10 2330
