2020-07-13_14-11-06 1960
2020-07-13_14-11-06 2060
2020-07-13_14-11-06 2060
2020-07-13_14-11-06 2010
2020-07-13_14-11-06 2030
2020-07-13_14-11-06 2050
2020-07-13_14-11-06 2090
2020-07-13_14-11-06 3380
2020-07-13_14-11-06 4460
2020-07-13_14-11-06 4540
2020-07-13_14-11-06 4500
2020-07-13_14-11-06 4500
2020-07-13_14-11-06 4540
2020-07-13_14-11-06 4520
2020-07-13_14-11-06 4520
2020-07-13_14-11-06 4520
2020-07-13_14-11-06 4530
2020-07-13_14-11-06 4500
2020-07-13_14-11-06 4490
2020-07-13_14-11-06 4510
2020-07-13_14-11-06 4510
2020-07-13_14-11-06 4510
2020-07-13_14-11-06 4510
2020-07-13_14-11-06 4510
2020-07-13_14-11-06 4510
2020-07-13_14-11-06 4500
2020-07-13_14-11-06 4510
2020-07-13_14-11-06 4520
2020-07-13_14-11-06 4520
2020-07-13_14-11-06 4520
2020-07-13_14-11-06 4510
2020-07-13_14-11-06 4530
2020-07-13_14-11-06 4510
2020-07-13_14-11-06 4520
2020-07-13_14-11-06 4510
2020-07-13_14-11-06 4520
2020-07-13_14-11-06 4510
2020-07-13_14-11-06 4520
2020-07-13_14-11-06 4520
2020-07-13_14-11-06 4520
2020-07-13_14-11-06 4520
2020-07-13_14-11-06 4520
2020-07-13_14-11-06 4520
2020-07-13_14-11-06 4520
2020-07-13_14-11-06 4520
2020-07-13_14-11-06 4520
2020-07-13_14-11-06 4520
2020-07-13_14-11-06 4520
2020-07-13_14-11-06 4520
2020-07-13_14-11-06 4520
2020-07-13_14-11-06 4520
2020-07-13_14-11-06 4520
2020-07-13_14-11-06 4520
2020-07-13_14-11-06 4510
2020-07-13_14-11-06 4510
2020-07-13_14-11-06 4520
2020-07-13_14-11-06 4530
2020-07-13_14-11-06 4510
2020-07-13_14-11-06 4500
2020-07-13_14-11-06 4510
2020-07-13_14-11-06 4510
2020-07-13_14-11-06 4500
2020-07-13_14-11-06 4510
2020-07-13_14-11-06 4480
2020-07-13_14-11-06 4490
2020-07-13_14-11-06 4490
2020-07-13_14-11-06 4530
2020-07-13_14-11-06 4540
2020-07-13_14-11-06 4540
2020-07-13_14-11-06 4520
2020-07-13_14-11-06 4510
2020-07-13_14-11-06 4510
2020-07-13_14-11-06 4400
2020-07-13_14-11-06 3940
2020-07-13_14-11-06 3280
2020-07-13_14-11-06 2740
2020-07-13_14-11-06 2500
2020-07-13_14-11-06 2530
2020-07-13_14-11-06 2500
2020-07-13_14-11-06 2520
2020-07-13_14-11-06 2490
2020-07-13_14-11-06 2500
2020-07-13_14-11-06 2470
