2020-07-13_14-11-23 4440
2020-07-13_14-11-23 4440
2020-07-13_14-11-23 4440
2020-07-13_14-11-23 4450
2020-07-13_14-11-23 4450
2020-07-13_14-11-23 4450
2020-07-13_14-11-23 4430
2020-07-13_14-11-23 4370
2020-07-13_14-11-23 4370
2020-07-13_14-11-23 4360
2020-07-13_14-11-23 4370
2020-07-13_14-11-23 4380
2020-07-13_14-11-23 4410
2020-07-13_14-11-23 4440
2020-07-13_14-11-23 4460
2020-07-13_14-11-23 4450
2020-07-13_14-11-23 4450
2020-07-13_14-11-23 4440
2020-07-13_14-11-23 4420
2020-07-13_14-11-23 4370
2020-07-13_14-11-23 4360
2020-07-13_14-11-23 4370
2020-07-13_14-11-23 4370
2020-07-13_14-11-23 4370
2020-07-13_14-11-23 4360
2020-07-13_14-11-23 4360
2020-07-13_14-11-23 4360
2020-07-13_14-11-23 4360
2020-07-13_14-11-23 4360
2020-07-13_14-11-23 4360
2020-07-13_14-11-23 4350
2020-07-13_14-11-23 4360
2020-07-13_14-11-23 4360
2020-07-13_14-11-23 4370
2020-07-13_14-11-23 4370
2020-07-13_14-11-23 4370
2020-07-13_14-11-23 4370
2020-07-13_14-11-23 4370
2020-07-13_14-11-23 4360
2020-07-13_14-11-23 4360
2020-07-13_14-11-23 4360
2020-07-13_14-11-23 4360
2020-07-13_14-11-23 4370
2020-07-13_14-11-23 4370
2020-07-13_14-11-23 4370
2020-07-13_14-11-23 4370
2020-07-13_14-11-23 4370
2020-07-13_14-11-23 4370
2020-07-13_14-11-23 4370
2020-07-13_14-11-23 4370
2020-07-13_14-11-23 4370
2020-07-13_14-11-23 4370
2020-07-13_14-11-23 4370
2020-07-13_14-11-23 4370
2020-07-13_14-11-23 4370
2020-07-13_14-11-23 4370
2020-07-13_14-11-23 4360
2020-07-13_14-11-23 4360
2020-07-13_14-11-23 4360
2020-07-13_14-11-23 4360
2020-07-13_14-11-23 4360
2020-07-13_14-11-23 4360
2020-07-13_14-11-23 4360
2020-07-13_14-11-23 4360
2020-07-13_14-11-23 4360
2020-07-13_14-11-23 4420
2020-07-13_14-11-23 4450
2020-07-13_14-11-23 4440
2020-07-13_14-11-23 4440
2020-07-13_14-11-23 4460
2020-07-13_14-11-23 4450
2020-07-13_14-11-23 4450
2020-07-13_14-11-23 4450
2020-07-13_14-11-23 4450
2020-07-13_14-11-23 4450
2020-07-13_14-11-23 4450
2020-07-13_14-11-23 4450
2020-07-13_14-11-23 4450
2020-07-13_14-11-23 4450
2020-07-13_14-11-23 4460
2020-07-13_14-11-23 4460
2020-07-13_14-11-23 4460
2020-07-13_14-11-23 4460
2020-07-13_14-11-23 4450
2020-07-13_14-11-23 4460
2020-07-13_14-11-23 4460
2020-07-13_14-11-23 4460
2020-07-13_14-11-23 4470
2020-07-13_14-11-23 4460
2020-07-13_14-11-23 4440
2020-07-13_14-11-23 4460
2020-07-13_14-11-23 4480
2020-07-13_14-11-23 4450
2020-07-13_14-11-23 4450
2020-07-13_14-11-23 4450
2020-07-13_14-11-23 4450
2020-07-13_14-11-23 4450
2020-07-13_14-11-23 4460
2020-07-13_14-11-23 4460
2020-07-13_14-11-23 4440
2020-07-13_14-11-23 4450
2020-07-13_14-11-23 4460
2020-07-13_14-11-23 4440
2020-07-13_14-11-23 4470
2020-07-13_14-11-23 4460
2020-07-13_14-11-23 4450
2020-07-13_14-11-23 4450
2020-07-13_14-11-23 4460
2020-07-13_14-11-23 4450
2020-07-13_14-11-23 4450
2020-07-13_14-11-23 4450
2020-07-13_14-11-23 4450
2020-07-13_14-11-23 4450
2020-07-13_14-11-23 4450
2020-07-13_14-11-23 4460
2020-07-13_14-11-23 4460
2020-07-13_14-11-23 4450
2020-07-13_14-11-23 4460
2020-07-13_14-11-23 4460
2020-07-13_14-11-23 4460
2020-07-13_14-11-23 4440
2020-07-13_14-11-23 4450
2020-07-13_14-11-23 4440
2020-07-13_14-11-23 4450
2020-07-13_14-11-23 4450
2020-07-13_14-11-23 4450
2020-07-13_14-11-23 4460
2020-07-13_14-11-23 4450
2020-07-13_14-11-23 4420
2020-07-13_14-11-23 4440
2020-07-13_14-11-23 4430
2020-07-13_14-11-23 4450
2020-07-13_14-11-23 4460
2020-07-13_14-11-23 4420
2020-07-13_14-11-23 4470
2020-07-13_14-11-23 4460
2020-07-13_14-11-23 4470
2020-07-13_14-11-23 4450
2020-07-13_14-11-23 4470
2020-07-13_14-11-23 4440
2020-07-13_14-11-23 4460
2020-07-13_14-11-23 3870
2020-07-13_14-11-23 2770
2020-07-13_14-11-23 2630
2020-07-13_14-11-23 2580
2020-07-13_14-11-23 2450
2020-07-13_14-11-23 2440
2020-07-13_14-11-23 2510
2020-07-13_14-11-23 2430
2020-07-13_14-11-23 2450
2020-07-13_14-11-23 2020
