2020-07-13_14-11-35 770
2020-07-13_14-11-35 760
2020-07-13_14-11-35 750
2020-07-13_14-11-35 750
2020-07-13_14-11-35 780
2020-07-13_14-11-35 890
2020-07-13_14-11-35 1280
2020-07-13_14-11-35 1370
2020-07-13_14-11-35 1340
2020-07-13_14-11-35 1330
2020-07-13_14-11-35 1330
2020-07-13_14-11-35 1350
2020-07-13_14-11-35 1340
2020-07-13_14-11-35 1350
2020-07-13_14-11-35 1340
2020-07-13_14-11-35 1340
2020-07-13_14-11-35 1340
2020-07-13_14-11-35 1350
2020-07-13_14-11-35 1350
2020-07-13_14-11-35 1350
2020-07-13_14-11-35 1290
2020-07-13_14-11-35 830
