2020-07-13_14-11-13 2010
2020-07-13_14-11-13 2390
2020-07-13_14-11-13 2270
2020-07-13_14-11-13 1250
2020-07-13_14-11-13 2350
2020-07-13_14-11-13 2420
2020-07-13_14-11-13 2330
2020-07-13_14-11-13 2330
2020-07-13_14-11-13 4980
2020-07-13_14-11-13 11550
2020-07-13_14-11-13 11190
2020-07-13_14-11-13 11470
2020-07-13_14-11-13 11350
2020-07-13_14-11-13 11490
2020-07-13_14-11-13 11390
2020-07-13_14-11-13 11450
2020-07-13_14-11-13 11400
2020-07-13_14-11-13 11430
2020-07-13_14-11-13 11460
2020-07-13_14-11-13 11410
2020-07-13_14-11-13 11460
2020-07-13_14-11-13 11420
2020-07-13_14-11-13 11420
2020-07-13_14-11-13 11450
2020-07-13_14-11-13 11410
2020-07-13_14-11-13 11480
2020-07-13_14-11-13 11400
2020-07-13_14-11-13 11440
2020-07-13_14-11-13 11410
2020-07-13_14-11-13 11450
2020-07-13_14-11-13 11420
2020-07-13_14-11-13 11440
2020-07-13_14-11-13 2340
2020-07-13_14-11-13 2380
2020-07-13_14-11-13 2310
2020-07-13_14-11-13 2390
2020-07-13_14-11-13 2380
2020-07-13_14-11-13 2720
2020-07-13_14-11-13 8590
2020-07-13_14-11-13 12070
2020-07-13_14-11-13 10950
2020-07-13_14-11-13 11660
2020-07-13_14-11-13 11210
2020-07-13_14-11-13 11610
2020-07-13_14-11-13 11300
2020-07-13_14-11-13 11480
2020-07-13_14-11-13 11390
2020-07-13_14-11-13 11480
2020-07-13_14-11-13 11380
2020-07-13_14-11-13 11430
2020-07-13_14-11-13 11410
2020-07-13_14-11-13 11470
2020-07-13_14-11-13 11400
2020-07-13_14-11-13 11450
2020-07-13_14-11-13 11400
2020-07-13_14-11-13 11450
2020-07-13_14-11-13 11420
2020-07-13_14-11-13 11470
2020-07-13_14-11-13 11390
2020-07-13_14-11-13 11450
2020-07-13_14-11-13 11420
2020-07-13_14-11-13 11440
2020-07-13_14-11-13 11420
2020-07-13_14-11-13 11440
2020-07-13_14-11-13 11430
2020-07-13_14-11-13 11410
2020-07-13_14-11-13 11430
2020-07-13_14-11-13 11440
2020-07-13_14-11-13 11430
2020-07-13_14-11-13 11440
2020-07-13_14-11-13 11420
2020-07-13_14-11-13 11430
2020-07-13_14-11-13 11440
2020-07-13_14-11-13 11440
2020-07-13_14-11-13 11440
2020-07-13_14-11-13 11430
2020-07-13_14-11-13 11420
2020-07-13_14-11-13 11460
2020-07-13_14-11-13 11440
2020-07-13_14-11-13 11450
2020-07-13_14-11-13 11430
2020-07-13_14-11-13 11430
2020-07-13_14-11-13 11430
2020-07-13_14-11-13 11430
2020-07-13_14-11-13 11430
2020-07-13_14-11-13 11430
2020-07-13_14-11-13 11440
2020-07-13_14-11-13 11440
2020-07-13_14-11-13 11420
2020-07-13_14-11-13 11430
2020-07-13_14-11-13 11430
2020-07-13_14-11-13 11440
2020-07-13_14-11-13 11430
2020-07-13_14-11-13 11440
2020-07-13_14-11-13 11440
2020-07-13_14-11-13 11430
2020-07-13_14-11-13 11440
2020-07-13_14-11-13 11440
2020-07-13_14-11-13 11440
2020-07-13_14-11-13 11430
2020-07-13_14-11-13 11440
2020-07-13_14-11-13 11440
2020-07-13_14-11-13 11440
2020-07-13_14-11-13 11430
2020-07-13_14-11-13 11420
2020-07-13_14-11-13 11430
2020-07-13_14-11-13 11430
2020-07-13_14-11-13 11430
2020-07-13_14-11-13 11430
2020-07-13_14-11-13 11430
2020-07-13_14-11-13 11430
2020-07-13_14-11-13 11430
2020-07-13_14-11-13 11430
2020-07-13_14-11-13 11430
2020-07-13_14-11-13 11440
2020-07-13_14-11-13 11430
2020-07-13_14-11-13 11430
2020-07-13_14-11-13 11430
2020-07-13_14-11-13 11430
2020-07-13_14-11-13 11420
2020-07-13_14-11-13 11430
2020-07-13_14-11-13 11440
2020-07-13_14-11-13 11420
2020-07-13_14-11-13 11420
2020-07-13_14-11-13 11420
2020-07-13_14-11-13 11420
2020-07-13_14-11-13 11440
2020-07-13_14-11-13 11440
2020-07-13_14-11-13 11430
2020-07-13_14-11-13 11380
2020-07-13_14-11-13 11340
2020-07-13_14-11-13 11340
2020-07-13_14-11-13 11350
2020-07-13_14-11-13 11350
2020-07-13_14-11-13 11350
2020-07-13_14-11-13 11340
2020-07-13_14-11-13 11340
2020-07-13_14-11-13 11350
2020-07-13_14-11-13 11340
2020-07-13_14-11-13 11330
2020-07-13_14-11-13 11340
2020-07-13_14-11-13 11340
2020-07-13_14-11-13 11340
2020-07-13_14-11-13 11340
2020-07-13_14-11-13 11340
2020-07-13_14-11-13 11340
2020-07-13_14-11-13 11340
2020-07-13_14-11-13 11340
2020-07-13_14-11-13 11340
2020-07-13_14-11-13 11340
2020-07-13_14-11-13 11340
2020-07-13_14-11-13 11340
2020-07-13_14-11-13 11340
2020-07-13_14-11-13 11340
2020-07-13_14-11-13 11340
2020-07-13_14-11-13 11340
2020-07-13_14-11-13 11340
2020-07-13_14-11-13 11340
2020-07-13_14-11-13 11340
2020-07-13_14-11-13 11340
2020-07-13_14-11-13 11350
2020-07-13_14-11-13 11340
2020-07-13_14-11-13 11340
2020-07-13_14-11-13 11350
2020-07-13_14-11-13 11350
2020-07-13_14-11-13 11350
2020-07-13_14-11-13 11350
2020-07-13_14-11-13 11350
2020-07-13_14-11-13 11340
2020-07-13_14-11-13 11340
2020-07-13_14-11-13 11350
2020-07-13_14-11-13 11350
2020-07-13_14-11-13 11350
2020-07-13_14-11-13 11350
2020-07-13_14-11-13 11350
2020-07-13_14-11-13 11350
2020-07-13_14-11-13 11350
2020-07-13_14-11-13 11350
2020-07-13_14-11-13 11380
2020-07-13_14-11-13 11430
2020-07-13_14-11-13 11430
2020-07-13_14-11-13 11420
2020-07-13_14-11-13 11440
2020-07-13_14-11-13 11440
2020-07-13_14-11-13 11430
2020-07-13_14-11-13 11430
2020-07-13_14-11-13 11430
2020-07-13_14-11-13 11420
2020-07-13_14-11-13 11470
2020-07-13_14-11-13 11430
2020-07-13_14-11-13 11410
2020-07-13_14-11-13 11430
2020-07-13_14-11-13 11420
2020-07-13_14-11-13 11430
2020-07-13_14-11-13 11430
2020-07-13_14-11-13 11460
2020-07-13_14-11-13 11440
2020-07-13_14-11-13 11420
2020-07-13_14-11-13 11440
2020-07-13_14-11-13 11430
2020-07-13_14-11-13 11420
2020-07-13_14-11-13 11440
2020-07-13_14-11-13 11420
2020-07-13_14-11-13 11440
2020-07-13_14-11-13 11430
2020-07-13_14-11-13 11420
2020-07-13_14-11-13 11430
2020-07-13_14-11-13 11430
2020-07-13_14-11-13 11430
2020-07-13_14-11-13 11430
2020-07-13_14-11-13 11430
2020-07-13_14-11-13 11430
2020-07-13_14-11-13 11430
2020-07-13_14-11-13 11430
2020-07-13_14-11-13 11430
2020-07-13_14-11-13 11430
2020-07-13_14-11-13 11420
2020-07-13_14-11-13 11420
2020-07-13_14-11-13 11420
2020-07-13_14-11-13 11400
2020-07-13_14-11-13 11370
2020-07-13_14-11-13 11380
2020-07-13_14-11-13 11430
2020-07-13_14-11-13 11420
2020-07-13_14-11-13 11380
2020-07-13_14-11-13 11360
2020-07-13_14-11-13 11390
2020-07-13_14-11-13 11400
2020-07-13_14-11-13 11370
2020-07-13_14-11-13 11400
2020-07-13_14-11-13 11430
2020-07-13_14-11-13 11420
2020-07-13_14-11-13 11410
2020-07-13_14-11-13 11410
2020-07-13_14-11-13 11450
2020-07-13_14-11-13 11400
2020-07-13_14-11-13 11440
2020-07-13_14-11-13 11510
2020-07-13_14-11-13 11480
2020-07-13_14-11-13 11410
2020-07-13_14-11-13 11450
2020-07-13_14-11-13 11450
2020-07-13_14-11-13 10850
2020-07-13_14-11-13 10140
2020-07-13_14-11-13 9500
2020-07-13_14-11-13 9100
2020-07-13_14-11-13 9240
2020-07-13_14-11-13 9170
2020-07-13_14-11-13 9200
2020-07-13_14-11-13 9210
2020-07-13_14-11-13 9240
2020-07-13_14-11-13 9160
2020-07-13_14-11-13 9110
2020-07-13_14-11-13 9060
2020-07-13_14-11-13 9070
2020-07-13_14-11-13 9130
2020-07-13_14-11-13 8990
2020-07-13_14-11-13 5010
2020-07-13_14-11-13 2130
