2020-07-13_14-10-21 1770
2020-07-13_14-10-21 3740
2020-07-13_14-10-21 5680
2020-07-13_14-10-21 6930
2020-07-13_14-10-21 7300
2020-07-13_14-10-21 7110
2020-07-13_14-10-21 6960
2020-07-13_14-10-21 6980
2020-07-13_14-10-21 7080
2020-07-13_14-10-21 7150
2020-07-13_14-10-21 7190
2020-07-13_14-10-21 7200
2020-07-13_14-10-21 7200
2020-07-13_14-10-21 7160
2020-07-13_14-10-21 7090
2020-07-13_14-10-21 7320
2020-07-13_14-10-21 9080
2020-07-13_14-10-21 12320
2020-07-13_14-10-21 15610
2020-07-13_14-10-21 17110
2020-07-13_14-10-21 16820
2020-07-13_14-10-21 16180
2020-07-13_14-10-21 15910
2020-07-13_14-10-21 16100
2020-07-13_14-10-21 16420
2020-07-13_14-10-21 16480
2020-07-13_14-10-21 16260
2020-07-13_14-10-21 16000
2020-07-13_14-10-21 16010
2020-07-13_14-10-21 16170
2020-07-13_14-10-21 16240
2020-07-13_14-10-21 16260
2020-07-13_14-10-21 16360
2020-07-13_14-10-21 16600
2020-07-13_14-10-21 16880
2020-07-13_14-10-21 17130
2020-07-13_14-10-21 17180
2020-07-13_14-10-21 17070
2020-07-13_14-10-21 16980
2020-07-13_14-10-21 17120
2020-07-13_14-10-21 17930
2020-07-13_14-10-21 19470
2020-07-13_14-10-21 20920
2020-07-13_14-10-21 21700
2020-07-13_14-10-21 21810
2020-07-13_14-10-21 21980
2020-07-13_14-10-21 22200
2020-07-13_14-10-21 22240
2020-07-13_14-10-21 22160
2020-07-13_14-10-21 22170
2020-07-13_14-10-21 22330
2020-07-13_14-10-21 22740
2020-07-13_14-10-21 23960
2020-07-13_14-10-21 25810
2020-07-13_14-10-21 27380
2020-07-13_14-10-21 27950
2020-07-13_14-10-21 28040
2020-07-13_14-10-21 28510
2020-07-13_14-10-21 29150
2020-07-13_14-10-21 29310
2020-07-13_14-10-21 29000
2020-07-13_14-10-21 28780
2020-07-13_14-10-21 28860
2020-07-13_14-10-21 28930
2020-07-13_14-10-21 28760
2020-07-13_14-10-21 28660
2020-07-13_14-10-21 28850
2020-07-13_14-10-21 29080
2020-07-13_14-10-21 29150
2020-07-13_14-10-21 29160
2020-07-13_14-10-21 29300
2020-07-13_14-10-21 29490
2020-07-13_14-10-21 29600
2020-07-13_14-10-21 29770
2020-07-13_14-10-21 30280
2020-07-13_14-10-21 31270
2020-07-13_14-10-21 32590
2020-07-13_14-10-21 33900
2020-07-13_14-10-21 34860
2020-07-13_14-10-21 35180
2020-07-13_14-10-21 35030
2020-07-13_14-10-21 35300
2020-07-13_14-10-21 36220
2020-07-13_14-10-21 37020
2020-07-13_14-10-21 36740
2020-07-13_14-10-21 36050
2020-07-13_14-10-21 35800
2020-07-13_14-10-21 35680
2020-07-13_14-10-21 35330
2020-07-13_14-10-21 35260
2020-07-13_14-10-21 35840
2020-07-13_14-10-21 36260
2020-07-13_14-10-21 35970
2020-07-13_14-10-21 35610
2020-07-13_14-10-21 35740
2020-07-13_14-10-21 36000
2020-07-13_14-10-21 35930
2020-07-13_14-10-21 35740
2020-07-13_14-10-21 35770
2020-07-13_14-10-21 35890
2020-07-13_14-10-21 35900
2020-07-13_14-10-21 35820
2020-07-13_14-10-21 35820
2020-07-13_14-10-21 35890
2020-07-13_14-10-21 35910
2020-07-13_14-10-21 35890
2020-07-13_14-10-21 35840
2020-07-13_14-10-21 35590
2020-07-13_14-10-21 35330
2020-07-13_14-10-21 35710
2020-07-13_14-10-21 36580
2020-07-13_14-10-21 36830
2020-07-13_14-10-21 36050
2020-07-13_14-10-21 35330
2020-07-13_14-10-21 35440
2020-07-13_14-10-21 35760
2020-07-13_14-10-21 35740
2020-07-13_14-10-21 35800
2020-07-13_14-10-21 36170
2020-07-13_14-10-21 36260
2020-07-13_14-10-21 35880
2020-07-13_14-10-21 35570
2020-07-13_14-10-21 35680
2020-07-13_14-10-21 35900
2020-07-13_14-10-21 35920
2020-07-13_14-10-21 35920
2020-07-13_14-10-21 35990
2020-07-13_14-10-21 35970
2020-07-13_14-10-21 35810
2020-07-13_14-10-21 35720
2020-07-13_14-10-21 35830
2020-07-13_14-10-21 35970
2020-07-13_14-10-21 36000
2020-07-13_14-10-21 35950
2020-07-13_14-10-21 35890
2020-07-13_14-10-21 35820
2020-07-13_14-10-21 35760
2020-07-13_14-10-21 35790
2020-07-13_14-10-21 35890
2020-07-13_14-10-21 35990
2020-07-13_14-10-21 35990
2020-07-13_14-10-21 35910
2020-07-13_14-10-21 35830
2020-07-13_14-10-21 35820
2020-07-13_14-10-21 35840
2020-07-13_14-10-21 35860
2020-07-13_14-10-21 35880
2020-07-13_14-10-21 35930
2020-07-13_14-10-21 35950
2020-07-13_14-10-21 35890
2020-07-13_14-10-21 35830
2020-07-13_14-10-21 35830
2020-07-13_14-10-21 35870
2020-07-13_14-10-21 35890
2020-07-13_14-10-21 35880
2020-07-13_14-10-21 35890
2020-07-13_14-10-21 35900
2020-07-13_14-10-21 35890
2020-07-13_14-10-21 35860
2020-07-13_14-10-21 35860
2020-07-13_14-10-21 35880
2020-07-13_14-10-21 35890
2020-07-13_14-10-21 35900
2020-07-13_14-10-21 35890
2020-07-13_14-10-21 35870
2020-07-13_14-10-21 35860
2020-07-13_14-10-21 35860
2020-07-13_14-10-21 35860
2020-07-13_14-10-21 35860
2020-07-13_14-10-21 35860
2020-07-13_14-10-21 35880
2020-07-13_14-10-21 35880
2020-07-13_14-10-21 35870
2020-07-13_14-10-21 35870
2020-07-13_14-10-21 35890
2020-07-13_14-10-21 35910
2020-07-13_14-10-21 35900
2020-07-13_14-10-21 35880
2020-07-13_14-10-21 35870
2020-07-13_14-10-21 35870
2020-07-13_14-10-21 35860
2020-07-13_14-10-21 35840
2020-07-13_14-10-21 35820
2020-07-13_14-10-21 35830
2020-07-13_14-10-21 35820
2020-07-13_14-10-21 35800
2020-07-13_14-10-21 35770
2020-07-13_14-10-21 35770
2020-07-13_14-10-21 35780
2020-07-13_14-10-21 35780
2020-07-13_14-10-21 35790
2020-07-13_14-10-21 35800
2020-07-13_14-10-21 35810
2020-07-13_14-10-21 35790
2020-07-13_14-10-21 35780
2020-07-13_14-10-21 35790
2020-07-13_14-10-21 35790
2020-07-13_14-10-21 35790
2020-07-13_14-10-21 35790
2020-07-13_14-10-21 35780
2020-07-13_14-10-21 35780
2020-07-13_14-10-21 35780
2020-07-13_14-10-21 35780
2020-07-13_14-10-21 35790
2020-07-13_14-10-21 35790
2020-07-13_14-10-21 35790
2020-07-13_14-10-21 35790
2020-07-13_14-10-21 35790
2020-07-13_14-10-21 35790
2020-07-13_14-10-21 35790
2020-07-13_14-10-21 35790
2020-07-13_14-10-21 35790
2020-07-13_14-10-21 35780
2020-07-13_14-10-21 35780
2020-07-13_14-10-21 35780
2020-07-13_14-10-21 35770
2020-07-13_14-10-21 35780
2020-07-13_14-10-21 35790
2020-07-13_14-10-21 35800
2020-07-13_14-10-21 35800
2020-07-13_14-10-21 35790
2020-07-13_14-10-21 35790
2020-07-13_14-10-21 35780
2020-07-13_14-10-21 35780
2020-07-13_14-10-21 35780
2020-07-13_14-10-21 35780
2020-07-13_14-10-21 35780
2020-07-13_14-10-21 35780
2020-07-13_14-10-21 35790
2020-07-13_14-10-21 35780
2020-07-13_14-10-21 35780
2020-07-13_14-10-21 35780
2020-07-13_14-10-21 35800
2020-07-13_14-10-21 35800
2020-07-13_14-10-21 35790
2020-07-13_14-10-21 35770
2020-07-13_14-10-21 35770
2020-07-13_14-10-21 35770
2020-07-13_14-10-21 35770
2020-07-13_14-10-21 35770
2020-07-13_14-10-21 35790
2020-07-13_14-10-21 35790
2020-07-13_14-10-21 35790
2020-07-13_14-10-21 35780
2020-07-13_14-10-21 35780
2020-07-13_14-10-21 35780
2020-07-13_14-10-21 35780
2020-07-13_14-10-21 35780
2020-07-13_14-10-21 35780
2020-07-13_14-10-21 35780
2020-07-13_14-10-21 35780
2020-07-13_14-10-21 35780
2020-07-13_14-10-21 35780
2020-07-13_14-10-21 35780
2020-07-13_14-10-21 35780
2020-07-13_14-10-21 35780
2020-07-13_14-10-21 35780
2020-07-13_14-10-21 35770
2020-07-13_14-10-21 35770
2020-07-13_14-10-21 35780
2020-07-13_14-10-21 35780
2020-07-13_14-10-21 35780
2020-07-13_14-10-21 35780
2020-07-13_14-10-21 35780
2020-07-13_14-10-21 35780
2020-07-13_14-10-21 35780
2020-07-13_14-10-21 35780
2020-07-13_14-10-21 35780
2020-07-13_14-10-21 35780
2020-07-13_14-10-21 35780
2020-07-13_14-10-21 35780
2020-07-13_14-10-21 35780
2020-07-13_14-10-21 35780
2020-07-13_14-10-21 35780
2020-07-13_14-10-21 35780
2020-07-13_14-10-21 35780
2020-07-13_14-10-21 35780
2020-07-13_14-10-21 35780
2020-07-13_14-10-21 35780
2020-07-13_14-10-21 35780
2020-07-13_14-10-21 35780
2020-07-13_14-10-21 35780
2020-07-13_14-10-21 35780
2020-07-13_14-10-21 35780
2020-07-13_14-10-21 35780
2020-07-13_14-10-21 35780
2020-07-13_14-10-21 35780
2020-07-13_14-10-21 35780
2020-07-13_14-10-21 35780
2020-07-13_14-10-21 35780
2020-07-13_14-10-21 35780
2020-07-13_14-10-21 35780
2020-07-13_14-10-21 35780
2020-07-13_14-10-21 35780
2020-07-13_14-10-22 35780
2020-07-13_14-10-22 35780
2020-07-13_14-10-22 35780
2020-07-13_14-10-22 35780
2020-07-13_14-10-22 35780
2020-07-13_14-10-22 35780
2020-07-13_14-10-22 35780
2020-07-13_14-10-22 35780
2020-07-13_14-10-22 35780
2020-07-13_14-10-22 35780
2020-07-13_14-10-22 35780
2020-07-13_14-10-22 35780
2020-07-13_14-10-22 35780
2020-07-13_14-10-22 35780
2020-07-13_14-10-22 35790
2020-07-13_14-10-22 35790
2020-07-13_14-10-22 35790
2020-07-13_14-10-22 35790
2020-07-13_14-10-22 35780
2020-07-13_14-10-22 35780
2020-07-13_14-10-22 35780
2020-07-13_14-10-22 35780
2020-07-13_14-10-22 35780
2020-07-13_14-10-22 35780
2020-07-13_14-10-22 35780
2020-07-13_14-10-22 35790
2020-07-13_14-10-22 35800
2020-07-13_14-10-22 35800
2020-07-13_14-10-22 35790
2020-07-13_14-10-22 35790
2020-07-13_14-10-22 35780
2020-07-13_14-10-22 35780
2020-07-13_14-10-22 35780
2020-07-13_14-10-22 35780
2020-07-13_14-10-22 35780
2020-07-13_14-10-22 35780
2020-07-13_14-10-22 35790
2020-07-13_14-10-22 35780
2020-07-13_14-10-22 35780
2020-07-13_14-10-22 35780
2020-07-13_14-10-22 35780
2020-07-13_14-10-22 35790
2020-07-13_14-10-22 35790
2020-07-13_14-10-22 35790
2020-07-13_14-10-22 35780
2020-07-13_14-10-22 35780
2020-07-13_14-10-22 35780
2020-07-13_14-10-22 35780
2020-07-13_14-10-22 35780
2020-07-13_14-10-22 35780
2020-07-13_14-10-22 35780
2020-07-13_14-10-22 35790
2020-07-13_14-10-22 35790
2020-07-13_14-10-22 35790
2020-07-13_14-10-22 35790
2020-07-13_14-10-22 35790
2020-07-13_14-10-22 35780
2020-07-13_14-10-22 35780
2020-07-13_14-10-22 35780
2020-07-13_14-10-22 35780
2020-07-13_14-10-22 35780
2020-07-13_14-10-22 35780
2020-07-13_14-10-22 35790
2020-07-13_14-10-22 35790
2020-07-13_14-10-22 35780
2020-07-13_14-10-22 35780
2020-07-13_14-10-22 35780
2020-07-13_14-10-22 35780
2020-07-13_14-10-22 35780
2020-07-13_14-10-22 35780
2020-07-13_14-10-22 35780
2020-07-13_14-10-22 35780
2020-07-13_14-10-22 35780
2020-07-13_14-10-22 35780
2020-07-13_14-10-22 35780
2020-07-13_14-10-22 35780
2020-07-13_14-10-22 35780
2020-07-13_14-10-22 35790
2020-07-13_14-10-22 35780
2020-07-13_14-10-22 35780
2020-07-13_14-10-22 35780
2020-07-13_14-10-22 35780
2020-07-13_14-10-22 35780
2020-07-13_14-10-22 35780
2020-07-13_14-10-22 35780
2020-07-13_14-10-22 35780
2020-07-13_14-10-22 35780
2020-07-13_14-10-22 35780
2020-07-13_14-10-22 35780
2020-07-13_14-10-22 35780
2020-07-13_14-10-22 35780
2020-07-13_14-10-22 35780
2020-07-13_14-10-22 35780
2020-07-13_14-10-22 35780
2020-07-13_14-10-22 35780
2020-07-13_14-10-22 35780
2020-07-13_14-10-22 35780
2020-07-13_14-10-22 35780
2020-07-13_14-10-22 35780
2020-07-13_14-10-22 35780
2020-07-13_14-10-22 35780
2020-07-13_14-10-22 35790
2020-07-13_14-10-22 35780
2020-07-13_14-10-22 35780
2020-07-13_14-10-22 35770
2020-07-13_14-10-22 35770
2020-07-13_14-10-22 35770
2020-07-13_14-10-22 35770
2020-07-13_14-10-22 35770
2020-07-13_14-10-22 35780
2020-07-13_14-10-22 35790
2020-07-13_14-10-22 35790
2020-07-13_14-10-22 35780
2020-07-13_14-10-22 35780
2020-07-13_14-10-22 35780
2020-07-13_14-10-22 35780
2020-07-13_14-10-22 35780
2020-07-13_14-10-22 35790
2020-07-13_14-10-22 35790
2020-07-13_14-10-22 35790
2020-07-13_14-10-22 35790
2020-07-13_14-10-22 35790
2020-07-13_14-10-22 35790
2020-07-13_14-10-22 35780
2020-07-13_14-10-22 35780
2020-07-13_14-10-22 35780
2020-07-13_14-10-22 35780
2020-07-13_14-10-22 35780
2020-07-13_14-10-22 35780
2020-07-13_14-10-22 35780
2020-07-13_14-10-22 35780
2020-07-13_14-10-22 35780
2020-07-13_14-10-22 35780
2020-07-13_14-10-22 35780
2020-07-13_14-10-22 35790
2020-07-13_14-10-22 35790
2020-07-13_14-10-22 35790
2020-07-13_14-10-22 35790
2020-07-13_14-10-22 35780
2020-07-13_14-10-22 35780
2020-07-13_14-10-22 35780
2020-07-13_14-10-22 35780
2020-07-13_14-10-22 35780
2020-07-13_14-10-22 35780
2020-07-13_14-10-22 35780
2020-07-13_14-10-22 35780
2020-07-13_14-10-22 35780
2020-07-13_14-10-22 35790
2020-07-13_14-10-22 35790
2020-07-13_14-10-22 35790
2020-07-13_14-10-22 35790
2020-07-13_14-10-22 35780
2020-07-13_14-10-22 35780
2020-07-13_14-10-22 35790
2020-07-13_14-10-22 35790
2020-07-13_14-10-22 35790
2020-07-13_14-10-22 35780
2020-07-13_14-10-22 35780
2020-07-13_14-10-22 35780
2020-07-13_14-10-22 35790
2020-07-13_14-10-22 35790
2020-07-13_14-10-22 35790
2020-07-13_14-10-22 35790
2020-07-13_14-10-22 35790
2020-07-13_14-10-22 35780
2020-07-13_14-10-22 35780
2020-07-13_14-10-22 35780
2020-07-13_14-10-22 35770
2020-07-13_14-10-22 35780
2020-07-13_14-10-22 35780
2020-07-13_14-10-22 35790
2020-07-13_14-10-22 35790
2020-07-13_14-10-22 35790
2020-07-13_14-10-22 35790
2020-07-13_14-10-22 35790
2020-07-13_14-10-22 35780
2020-07-13_14-10-22 35780
2020-07-13_14-10-22 35780
2020-07-13_14-10-22 35780
2020-07-13_14-10-22 35780
2020-07-13_14-10-22 35780
2020-07-13_14-10-22 35780
2020-07-13_14-10-22 35780
2020-07-13_14-10-22 35780
2020-07-13_14-10-22 35780
2020-07-13_14-10-22 35780
2020-07-13_14-10-22 35780
2020-07-13_14-10-22 35780
2020-07-13_14-10-22 35780
2020-07-13_14-10-22 35780
2020-07-13_14-10-22 35780
2020-07-13_14-10-22 35780
2020-07-13_14-10-22 35790
2020-07-13_14-10-22 35790
2020-07-13_14-10-22 35790
2020-07-13_14-10-22 35790
2020-07-13_14-10-22 35790
2020-07-13_14-10-22 35790
2020-07-13_14-10-22 35780
2020-07-13_14-10-22 35790
2020-07-13_14-10-22 35790
2020-07-13_14-10-22 35800
2020-07-13_14-10-22 35790
2020-07-13_14-10-22 35790
2020-07-13_14-10-22 35790
2020-07-13_14-10-22 35790
2020-07-13_14-10-22 35780
2020-07-13_14-10-22 35780
2020-07-13_14-10-22 35780
2020-07-13_14-10-22 35790
2020-07-13_14-10-22 35790
2020-07-13_14-10-22 35790
2020-07-13_14-10-22 35790
2020-07-13_14-10-22 35790
2020-07-13_14-10-22 35790
2020-07-13_14-10-22 35780
2020-07-13_14-10-22 35780
2020-07-13_14-10-22 35780
2020-07-13_14-10-22 35780
2020-07-13_14-10-22 35780
2020-07-13_14-10-22 35780
2020-07-13_14-10-22 35780
2020-07-13_14-10-22 35780
2020-07-13_14-10-22 35780
2020-07-13_14-10-22 35780
2020-07-13_14-10-22 35780
2020-07-13_14-10-22 35780
2020-07-13_14-10-22 35780
2020-07-13_14-10-22 35780
2020-07-13_14-10-22 35780
2020-07-13_14-10-22 35780
2020-07-13_14-10-22 35790
2020-07-13_14-10-22 35790
2020-07-13_14-10-22 35790
2020-07-13_14-10-22 35790
2020-07-13_14-10-22 35790
2020-07-13_14-10-22 35790
2020-07-13_14-10-22 35790
2020-07-13_14-10-22 35790
2020-07-13_14-10-22 35780
2020-07-13_14-10-22 35780
2020-07-13_14-10-22 35780
2020-07-13_14-10-22 35780
2020-07-13_14-10-22 35780
2020-07-13_14-10-22 35780
2020-07-13_14-10-22 35780
2020-07-13_14-10-22 35780
2020-07-13_14-10-22 35780
2020-07-13_14-10-22 35780
2020-07-13_14-10-22 35780
2020-07-13_14-10-22 35770
2020-07-13_14-10-22 35770
2020-07-13_14-10-22 35780
2020-07-13_14-10-22 35780
2020-07-13_14-10-22 35780
2020-07-13_14-10-22 35780
2020-07-13_14-10-22 35780
2020-07-13_14-10-22 35780
2020-07-13_14-10-22 35780
2020-07-13_14-10-22 35780
2020-07-13_14-10-22 35780
2020-07-13_14-10-22 35780
2020-07-13_14-10-22 35780
2020-07-13_14-10-22 35780
2020-07-13_14-10-22 35780
2020-07-13_14-10-22 35780
2020-07-13_14-10-22 35780
2020-07-13_14-10-22 35770
2020-07-13_14-10-22 35770
2020-07-13_14-10-22 35780
2020-07-13_14-10-22 35780
2020-07-13_14-10-22 35780
2020-07-13_14-10-22 35780
2020-07-13_14-10-22 35780
2020-07-13_14-10-22 35780
2020-07-13_14-10-22 35780
2020-07-13_14-10-22 35780
2020-07-13_14-10-22 35780
2020-07-13_14-10-22 35780
2020-07-13_14-10-22 35780
2020-07-13_14-10-22 35780
2020-07-13_14-10-22 35780
2020-07-13_14-10-22 35780
2020-07-13_14-10-22 35780
2020-07-13_14-10-22 35780
2020-07-13_14-10-22 35780
2020-07-13_14-10-22 35780
2020-07-13_14-10-22 35780
2020-07-13_14-10-22 35780
2020-07-13_14-10-22 35780
2020-07-13_14-10-22 35780
2020-07-13_14-10-22 35780
2020-07-13_14-10-22 35780
2020-07-13_14-10-22 35780
2020-07-13_14-10-22 35780
2020-07-13_14-10-22 35780
2020-07-13_14-10-22 35780
2020-07-13_14-10-22 35780
2020-07-13_14-10-22 35780
2020-07-13_14-10-22 35780
2020-07-13_14-10-22 35780
2020-07-13_14-10-22 35780
2020-07-13_14-10-22 35780
2020-07-13_14-10-22 35790
2020-07-13_14-10-22 35790
2020-07-13_14-10-22 35790
2020-07-13_14-10-22 35780
2020-07-13_14-10-22 35780
2020-07-13_14-10-22 35780
2020-07-13_14-10-22 35780
2020-07-13_14-10-22 35780
2020-07-13_14-10-22 35780
2020-07-13_14-10-22 35780
2020-07-13_14-10-22 35780
2020-07-13_14-10-22 35780
2020-07-13_14-10-22 35780
2020-07-13_14-10-22 35780
2020-07-13_14-10-22 35780
2020-07-13_14-10-22 35780
2020-07-13_14-10-22 35780
2020-07-13_14-10-22 35780
2020-07-13_14-10-22 35780
2020-07-13_14-10-22 35780
2020-07-13_14-10-22 35780
2020-07-13_14-10-22 35780
2020-07-13_14-10-22 35780
2020-07-13_14-10-22 35780
2020-07-13_14-10-22 35780
2020-07-13_14-10-22 35780
2020-07-13_14-10-22 35780
2020-07-13_14-10-22 35780
2020-07-13_14-10-22 35780
2020-07-13_14-10-22 35780
2020-07-13_14-10-22 35780
2020-07-13_14-10-22 35780
2020-07-13_14-10-22 35780
2020-07-13_14-10-22 35790
2020-07-13_14-10-22 35790
2020-07-13_14-10-22 35780
2020-07-13_14-10-22 35780
2020-07-13_14-10-22 35780
2020-07-13_14-10-22 35780
2020-07-13_14-10-22 35780
2020-07-13_14-10-22 35780
2020-07-13_14-10-22 35790
2020-07-13_14-10-22 35790
2020-07-13_14-10-22 35790
2020-07-13_14-10-22 35790
2020-07-13_14-10-22 35790
2020-07-13_14-10-22 35790
2020-07-13_14-10-22 35790
2020-07-13_14-10-22 35780
2020-07-13_14-10-22 35790
2020-07-13_14-10-22 35790
2020-07-13_14-10-22 35790
2020-07-13_14-10-22 35780
2020-07-13_14-10-22 35780
2020-07-13_14-10-22 35780
2020-07-13_14-10-22 35790
2020-07-13_14-10-22 35790
2020-07-13_14-10-22 35790
2020-07-13_14-10-22 35790
2020-07-13_14-10-22 35790
2020-07-13_14-10-22 35780
2020-07-13_14-10-22 35780
2020-07-13_14-10-22 35780
2020-07-13_14-10-22 35790
2020-07-13_14-10-22 35790
2020-07-13_14-10-22 35780
2020-07-13_14-10-22 35780
2020-07-13_14-10-22 35780
2020-07-13_14-10-22 35780
2020-07-13_14-10-22 35780
2020-07-13_14-10-22 35780
2020-07-13_14-10-22 35790
2020-07-13_14-10-22 35800
2020-07-13_14-10-22 35800
2020-07-13_14-10-22 35800
2020-07-13_14-10-22 35800
2020-07-13_14-10-22 35800
2020-07-13_14-10-22 35800
2020-07-13_14-10-22 35790
2020-07-13_14-10-22 35790
2020-07-13_14-10-22 35790
2020-07-13_14-10-22 35790
2020-07-13_14-10-22 35780
2020-07-13_14-10-22 35780
2020-07-13_14-10-22 35780
2020-07-13_14-10-22 35780
2020-07-13_14-10-22 35790
2020-07-13_14-10-22 35790
2020-07-13_14-10-22 35800
2020-07-13_14-10-22 35830
2020-07-13_14-10-22 35870
2020-07-13_14-10-22 35870
2020-07-13_14-10-22 35870
2020-07-13_14-10-22 35870
2020-07-13_14-10-22 35890
2020-07-13_14-10-22 35900
2020-07-13_14-10-22 35880
2020-07-13_14-10-22 35870
2020-07-13_14-10-22 35880
2020-07-13_14-10-22 35870
2020-07-13_14-10-22 35850
2020-07-13_14-10-22 35850
2020-07-13_14-10-22 35870
2020-07-13_14-10-22 35860
2020-07-13_14-10-22 35860
2020-07-13_14-10-22 35890
2020-07-13_14-10-22 35910
2020-07-13_14-10-22 35870
2020-07-13_14-10-22 35840
2020-07-13_14-10-22 35840
2020-07-13_14-10-22 35870
2020-07-13_14-10-22 35890
2020-07-13_14-10-22 35890
2020-07-13_14-10-22 35890
2020-07-13_14-10-22 35870
2020-07-13_14-10-22 35870
2020-07-13_14-10-22 35870
2020-07-13_14-10-22 35870
2020-07-13_14-10-22 35860
2020-07-13_14-10-22 35860
2020-07-13_14-10-22 35870
2020-07-13_14-10-22 35870
2020-07-13_14-10-22 35870
2020-07-13_14-10-22 35870
2020-07-13_14-10-22 35890
2020-07-13_14-10-22 35890
2020-07-13_14-10-22 35880
2020-07-13_14-10-22 35870
2020-07-13_14-10-22 35870
2020-07-13_14-10-22 35880
2020-07-13_14-10-22 35880
2020-07-13_14-10-22 35890
2020-07-13_14-10-22 35880
2020-07-13_14-10-22 35880
2020-07-13_14-10-22 35880
2020-07-13_14-10-22 35880
2020-07-13_14-10-22 35880
2020-07-13_14-10-22 35890
2020-07-13_14-10-22 35920
2020-07-13_14-10-22 35930
2020-07-13_14-10-22 35900
2020-07-13_14-10-22 35860
2020-07-13_14-10-22 35830
2020-07-13_14-10-22 35830
2020-07-13_14-10-22 35840
2020-07-13_14-10-22 35870
2020-07-13_14-10-22 35910
2020-07-13_14-10-22 35940
2020-07-13_14-10-22 35930
2020-07-13_14-10-22 35850
2020-07-13_14-10-22 35790
2020-07-13_14-10-22 35820
2020-07-13_14-10-22 35900
2020-07-13_14-10-22 35910
2020-07-13_14-10-22 35830
2020-07-13_14-10-22 35780
2020-07-13_14-10-22 35800
2020-07-13_14-10-22 35840
2020-07-13_14-10-22 35840
2020-07-13_14-10-22 35760
2020-07-13_14-10-22 35390
2020-07-13_14-10-22 34450
2020-07-13_14-10-22 32910
2020-07-13_14-10-22 31280
2020-07-13_14-10-22 30170
2020-07-13_14-10-22 29700
2020-07-13_14-10-22 29580
2020-07-13_14-10-22 29500
2020-07-13_14-10-22 29390
2020-07-13_14-10-22 29260
2020-07-13_14-10-22 29150
2020-07-13_14-10-22 29090
2020-07-13_14-10-22 29120
2020-07-13_14-10-22 29230
2020-07-13_14-10-22 29350
2020-07-13_14-10-22 29410
2020-07-13_14-10-22 29390
2020-07-13_14-10-22 29340
2020-07-13_14-10-22 29290
2020-07-13_14-10-22 29210
2020-07-13_14-10-22 29120
2020-07-13_14-10-22 29060
2020-07-13_14-10-22 29090
2020-07-13_14-10-22 29190
2020-07-13_14-10-22 29280
2020-07-13_14-10-22 29310
2020-07-13_14-10-22 29280
2020-07-13_14-10-22 28210
2020-07-13_14-10-22 25300
2020-07-13_14-10-22 22130
2020-07-13_14-10-22 20040
2020-07-13_14-10-22 19780
2020-07-13_14-10-22 19760
2020-07-13_14-10-22 19690
2020-07-13_14-10-22 19660
2020-07-13_14-10-22 19700
2020-07-13_14-10-22 19790
2020-07-13_14-10-22 19840
2020-07-13_14-10-22 19870
2020-07-13_14-10-22 19850
2020-07-13_14-10-22 19800
2020-07-13_14-10-22 19720
2020-07-13_14-10-22 19680
2020-07-13_14-10-22 19670
2020-07-13_14-10-22 19670
2020-07-13_14-10-22 19640
2020-07-13_14-10-22 19620
2020-07-13_14-10-22 19260
2020-07-13_14-10-22 17390
2020-07-13_14-10-22 15090
2020-07-13_14-10-22 13410
2020-07-13_14-10-22 13540
2020-07-13_14-10-22 14050
2020-07-13_14-10-22 12860
2020-07-13_14-10-22 10500
2020-07-13_14-10-22 8250
2020-07-13_14-10-22 7660
2020-07-13_14-10-22 7980
2020-07-13_14-10-22 6880
2020-07-13_14-10-22 4270
2020-07-13_14-10-22 1500
