2020-07-13_14-10-18 1120
2020-07-13_14-10-18 2200
2020-07-13_14-10-18 2950
2020-07-13_14-10-18 2990
2020-07-13_14-10-18 2780
2020-07-13_14-10-18 2680
2020-07-13_14-10-18 2780
2020-07-13_14-10-18 2870
2020-07-13_14-10-18 2860
2020-07-13_14-10-18 2780
2020-07-13_14-10-18 2780
2020-07-13_14-10-18 2850
2020-07-13_14-10-18 2900
2020-07-13_14-10-18 3790
2020-07-13_14-10-18 6690
2020-07-13_14-10-18 10190
2020-07-13_14-10-18 12220
2020-07-13_14-10-18 11830
2020-07-13_14-10-18 11150
2020-07-13_14-10-18 11420
2020-07-13_14-10-18 11870
2020-07-13_14-10-18 11740
2020-07-13_14-10-18 11400
2020-07-13_14-10-18 11530
2020-07-13_14-10-18 11810
2020-07-13_14-10-18 11710
2020-07-13_14-10-18 11490
2020-07-13_14-10-18 11570
2020-07-13_14-10-18 11740
2020-07-13_14-10-18 11650
2020-07-13_14-10-18 11490
2020-07-13_14-10-18 11590
2020-07-13_14-10-18 11720
2020-07-13_14-10-18 11650
2020-07-13_14-10-18 11570
2020-07-13_14-10-18 11620
2020-07-13_14-10-18 11670
2020-07-13_14-10-18 11590
2020-07-13_14-10-18 11550
2020-07-13_14-10-18 11640
2020-07-13_14-10-18 11670
2020-07-13_14-10-18 11590
2020-07-13_14-10-18 11560
2020-07-13_14-10-18 11630
2020-07-13_14-10-18 11650
2020-07-13_14-10-18 11590
2020-07-13_14-10-18 11580
2020-07-13_14-10-18 11660
2020-07-13_14-10-18 11680
2020-07-13_14-10-18 11610
2020-07-13_14-10-18 11560
2020-07-13_14-10-18 11610
2020-07-13_14-10-18 11650
2020-07-13_14-10-18 11620
2020-07-13_14-10-18 11600
2020-07-13_14-10-18 11630
2020-07-13_14-10-18 11640
2020-07-13_14-10-18 11610
2020-07-13_14-10-18 11620
2020-07-13_14-10-18 11640
2020-07-13_14-10-18 11620
2020-07-13_14-10-18 11590
2020-07-13_14-10-18 11610
2020-07-13_14-10-18 11640
2020-07-13_14-10-18 11620
2020-07-13_14-10-18 11610
2020-07-13_14-10-18 11630
2020-07-13_14-10-18 11640
2020-07-13_14-10-18 11610
2020-07-13_14-10-18 11610
2020-07-13_14-10-18 11630
2020-07-13_14-10-18 11630
2020-07-13_14-10-18 11610
2020-07-13_14-10-18 11620
2020-07-13_14-10-18 11630
2020-07-13_14-10-18 11620
2020-07-13_14-10-18 11600
2020-07-13_14-10-18 11590
2020-07-13_14-10-18 11620
2020-07-13_14-10-18 11640
2020-07-13_14-10-18 11620
2020-07-13_14-10-18 11570
2020-07-13_14-10-18 11580
2020-07-13_14-10-18 11630
2020-07-13_14-10-18 11610
2020-07-13_14-10-18 11580
2020-07-13_14-10-18 11600
2020-07-13_14-10-18 11630
2020-07-13_14-10-18 11600
2020-07-13_14-10-18 11580
2020-07-13_14-10-18 11580
2020-07-13_14-10-18 11600
2020-07-13_14-10-18 11590
2020-07-13_14-10-18 11580
2020-07-13_14-10-18 11620
2020-07-13_14-10-18 11640
2020-07-13_14-10-18 11610
2020-07-13_14-10-18 11580
2020-07-13_14-10-18 11630
2020-07-13_14-10-18 11620
2020-07-13_14-10-18 11550
2020-07-13_14-10-18 11580
2020-07-13_14-10-18 11690
2020-07-13_14-10-18 11700
2020-07-13_14-10-18 11580
2020-07-13_14-10-18 11570
2020-07-13_14-10-18 11670
2020-07-13_14-10-18 11660
2020-07-13_14-10-18 11550
2020-07-13_14-10-18 11550
2020-07-13_14-10-18 11350
2020-07-13_14-10-18 10730
2020-07-13_14-10-18 9990
2020-07-13_14-10-18 9570
2020-07-13_14-10-18 9500
2020-07-13_14-10-18 9420
2020-07-13_14-10-18 9350
2020-07-13_14-10-18 9360
2020-07-13_14-10-18 9350
2020-07-13_14-10-18 9290
2020-07-13_14-10-18 9290
2020-07-13_14-10-18 9330
2020-07-13_14-10-18 9330
2020-07-13_14-10-18 9300
2020-07-13_14-10-18 9130
2020-07-13_14-10-18 7950
2020-07-13_14-10-18 5440
2020-07-13_14-10-18 2520
