2020-07-13_14-11-04 10780
2020-07-13_14-11-04 10770
2020-07-13_14-11-04 10760
2020-07-13_14-11-04 10770
2020-07-13_14-11-04 10760
2020-07-13_14-11-04 10750
2020-07-13_14-11-04 10700
2020-07-13_14-11-04 10740
2020-07-13_14-11-04 10790
2020-07-13_14-11-04 10800
2020-07-13_14-11-04 11520
2020-07-13_14-11-04 13250
2020-07-13_14-11-04 13530
2020-07-13_14-11-04 13440
2020-07-13_14-11-04 13500
2020-07-13_14-11-04 13510
2020-07-13_14-11-04 13530
2020-07-13_14-11-04 13550
2020-07-13_14-11-04 13480
2020-07-13_14-11-04 12790
2020-07-13_14-11-04 11400
2020-07-13_14-11-04 9960
2020-07-13_14-11-04 9110
2020-07-13_14-11-04 9640
2020-07-13_14-11-04 11080
2020-07-13_14-11-04 11250
2020-07-13_14-11-04 11330
2020-07-13_14-11-04 11340
2020-07-13_14-11-04 11360
2020-07-13_14-11-04 11340
2020-07-13_14-11-04 11330
2020-07-13_14-11-04 11330
2020-07-13_14-11-04 11340
2020-07-13_14-11-04 11400
2020-07-13_14-11-04 11270
2020-07-13_14-11-04 9290
2020-07-13_14-11-04 8080
2020-07-13_14-11-04 8200
2020-07-13_14-11-04 8290
2020-07-13_14-11-04 8320
2020-07-13_14-11-04 8380
2020-07-13_14-11-04 8160
2020-07-13_14-11-04 6170
2020-07-13_14-11-04 5320
2020-07-13_14-11-04 5130
2020-07-13_14-11-04 5110
2020-07-13_14-11-04 5120
2020-07-13_14-11-04 5130
2020-07-13_14-11-04 5130
2020-07-13_14-11-04 5130
2020-07-13_14-11-04 5130
2020-07-13_14-11-04 5120
2020-07-13_14-11-04 5120
2020-07-13_14-11-04 5130
2020-07-13_14-11-04 5130
2020-07-13_14-11-04 5130
2020-07-13_14-11-04 5120
2020-07-13_14-11-04 5130
2020-07-13_14-11-04 5130
2020-07-13_14-11-04 5130
2020-07-13_14-11-04 5130
2020-07-13_14-11-04 5130
2020-07-13_14-11-04 5130
2020-07-13_14-11-04 5130
2020-07-13_14-11-04 5130
2020-07-13_14-11-04 5120
2020-07-13_14-11-04 5120
2020-07-13_14-11-04 5120
2020-07-13_14-11-04 5120
2020-07-13_14-11-04 5120
2020-07-13_14-11-04 5130
2020-07-13_14-11-04 5130
2020-07-13_14-11-04 5120
2020-07-13_14-11-04 5130
2020-07-13_14-11-04 5130
2020-07-13_14-11-04 5130
2020-07-13_14-11-04 5130
2020-07-13_14-11-04 5110
2020-07-13_14-11-04 5110
2020-07-13_14-11-04 5130
2020-07-13_14-11-04 5120
2020-07-13_14-11-04 5130
2020-07-13_14-11-04 5130
2020-07-13_14-11-04 5140
2020-07-13_14-11-04 5140
2020-07-13_14-11-04 5140
2020-07-13_14-11-04 5140
2020-07-13_14-11-04 5160
2020-07-13_14-11-04 5140
2020-07-13_14-11-04 5150
2020-07-13_14-11-04 5140
2020-07-13_14-11-04 5150
2020-07-13_14-11-04 5160
2020-07-13_14-11-04 4040
2020-07-13_14-11-05 2540
2020-07-13_14-11-05 2440
2020-07-13_14-11-05 2420
2020-07-13_14-11-05 2430
2020-07-13_14-11-05 2410
2020-07-13_14-11-05 2430
2020-07-13_14-11-05 2440
2020-07-13_14-11-05 2420
2020-07-13_14-11-05 2420
2020-07-13_14-11-05 2420
2020-07-13_14-11-05 2280
2020-07-13_14-11-05 830
