2020-07-13_14-11-07 4530
2020-07-13_14-11-07 4530
2020-07-13_14-11-07 4530
2020-07-13_14-11-07 4530
2020-07-13_14-11-07 4540
2020-07-13_14-11-07 4530
2020-07-13_14-11-07 4530
2020-07-13_14-11-07 4530
2020-07-13_14-11-07 4540
2020-07-13_14-11-07 4540
2020-07-13_14-11-07 4540
2020-07-13_14-11-07 4540
2020-07-13_14-11-07 4530
2020-07-13_14-11-07 4540
2020-07-13_14-11-07 4510
2020-07-13_14-11-07 4580
2020-07-13_14-11-07 4570
2020-07-13_14-11-07 4510
2020-07-13_14-11-07 4550
2020-07-13_14-11-07 4530
2020-07-13_14-11-07 4520
2020-07-13_14-11-07 2740
2020-07-13_14-11-07 2480
2020-07-13_14-11-07 2470
2020-07-13_14-11-07 2430
2020-07-13_14-11-07 2430
2020-07-13_14-11-07 2460
2020-07-13_14-11-07 2440
2020-07-13_14-11-07 1630
