2020-07-13_14-10-18 1520
2020-07-13_14-10-18 2310
2020-07-13_14-10-18 2480
2020-07-13_14-10-18 2250
2020-07-13_14-10-18 2110
2020-07-13_14-10-18 2210
2020-07-13_14-10-18 2360
2020-07-13_14-10-18 2370
2020-07-13_14-10-18 2280
2020-07-13_14-10-18 2280
2020-07-13_14-10-18 2380
2020-07-13_14-10-18 2460
2020-07-13_14-10-18 2430
2020-07-13_14-10-18 2530
2020-07-13_14-10-18 4220
2020-07-13_14-10-18 7580
2020-07-13_14-10-18 10730
2020-07-13_14-10-18 11690
2020-07-13_14-10-18 10950
2020-07-13_14-10-18 10660
2020-07-13_14-10-18 11120
2020-07-13_14-10-18 11330
2020-07-13_14-10-18 11060
2020-07-13_14-10-18 10880
2020-07-13_14-10-18 11090
2020-07-13_14-10-18 11190
2020-07-13_14-10-18 11050
2020-07-13_14-10-18 10990
2020-07-13_14-10-18 11110
2020-07-13_14-10-18 11140
2020-07-13_14-10-18 11040
2020-07-13_14-10-18 11030
2020-07-13_14-10-18 11100
2020-07-13_14-10-18 11110
2020-07-13_14-10-18 11060
2020-07-13_14-10-18 11060
2020-07-13_14-10-18 11090
2020-07-13_14-10-18 11110
2020-07-13_14-10-18 11080
2020-07-13_14-10-18 11070
2020-07-13_14-10-18 11070
2020-07-13_14-10-18 11090
2020-07-13_14-10-18 11080
2020-07-13_14-10-18 11070
2020-07-13_14-10-18 11070
2020-07-13_14-10-18 11090
2020-07-13_14-10-18 11080
2020-07-13_14-10-18 11060
2020-07-13_14-10-18 11070
2020-07-13_14-10-18 11100
2020-07-13_14-10-18 11110
2020-07-13_14-10-18 11090
2020-07-13_14-10-18 11070
2020-07-13_14-10-18 11050
2020-07-13_14-10-18 11060
2020-07-13_14-10-18 11090
2020-07-13_14-10-18 11100
2020-07-13_14-10-18 11080
2020-07-13_14-10-18 11070
2020-07-13_14-10-18 11080
2020-07-13_14-10-18 11080
2020-07-13_14-10-18 11080
2020-07-13_14-10-18 11080
2020-07-13_14-10-18 11090
2020-07-13_14-10-18 11090
2020-07-13_14-10-18 11090
2020-07-13_14-10-18 11090
2020-07-13_14-10-18 11090
2020-07-13_14-10-18 11090
2020-07-13_14-10-18 11090
2020-07-13_14-10-18 11090
2020-07-13_14-10-18 11090
2020-07-13_14-10-18 11080
2020-07-13_14-10-18 11070
2020-07-13_14-10-18 11060
2020-07-13_14-10-18 11060
2020-07-13_14-10-18 11070
2020-07-13_14-10-18 11070
2020-07-13_14-10-18 11060
2020-07-13_14-10-18 11050
2020-07-13_14-10-18 11050
2020-07-13_14-10-18 11070
2020-07-13_14-10-18 11070
2020-07-13_14-10-18 11060
2020-07-13_14-10-18 11050
2020-07-13_14-10-18 11050
2020-07-13_14-10-18 11050
2020-07-13_14-10-18 11040
2020-07-13_14-10-18 11050
2020-07-13_14-10-18 11050
2020-07-13_14-10-18 11040
2020-07-13_14-10-18 11030
2020-07-13_14-10-18 11060
2020-07-13_14-10-18 11080
2020-07-13_14-10-18 11080
2020-07-13_14-10-18 11110
2020-07-13_14-10-18 11080
2020-07-13_14-10-18 11000
2020-07-13_14-10-18 11020
2020-07-13_14-10-18 11130
2020-07-13_14-10-18 11140
2020-07-13_14-10-18 11050
2020-07-13_14-10-18 11050
2020-07-13_14-10-18 11140
2020-07-13_14-10-18 11130
2020-07-13_14-10-18 11040
2020-07-13_14-10-18 10980
2020-07-13_14-10-18 10610
2020-07-13_14-10-18 9900
2020-07-13_14-10-18 9270
2020-07-13_14-10-18 9010
2020-07-13_14-10-18 8980
2020-07-13_14-10-18 8910
2020-07-13_14-10-18 8880
2020-07-13_14-10-18 8880
2020-07-13_14-10-18 8880
2020-07-13_14-10-18 8880
2020-07-13_14-10-18 8870
2020-07-13_14-10-18 8800
2020-07-13_14-10-18 8780
2020-07-13_14-10-18 8820
2020-07-13_14-10-18 8870
2020-07-13_14-10-18 8460
2020-07-13_14-10-18 6830
2020-07-13_14-10-18 4170
2020-07-13_14-10-18 1630
