2020-07-13_14-11-35 3870
2020-07-13_14-11-35 3870
2020-07-13_14-11-35 3870
2020-07-13_14-11-35 3870
2020-07-13_14-11-35 3870
2020-07-13_14-11-35 3870
2020-07-13_14-11-35 3870
2020-07-13_14-11-35 3870
2020-07-13_14-11-35 3870
2020-07-13_14-11-35 3870
2020-07-13_14-11-35 3870
2020-07-13_14-11-35 3870
2020-07-13_14-11-35 3870
2020-07-13_14-11-35 3870
2020-07-13_14-11-35 3860
2020-07-13_14-11-35 3870
2020-07-13_14-11-35 3870
2020-07-13_14-11-35 3870
2020-07-13_14-11-35 3880
2020-07-13_14-11-35 3870
2020-07-13_14-11-35 3870
2020-07-13_14-11-35 3860
2020-07-13_14-11-35 3860
2020-07-13_14-11-35 3870
2020-07-13_14-11-35 3860
2020-07-13_14-11-35 3860
2020-07-13_14-11-35 3860
2020-07-13_14-11-35 3860
2020-07-13_14-11-35 3860
2020-07-13_14-11-35 3860
2020-07-13_14-11-35 3860
2020-07-13_14-11-35 3860
2020-07-13_14-11-35 3860
2020-07-13_14-11-35 3870
2020-07-13_14-11-35 3860
2020-07-13_14-11-35 3870
2020-07-13_14-11-35 3830
2020-07-13_14-11-35 3870
2020-07-13_14-11-35 2920
2020-07-13_14-11-35 2490
2020-07-13_14-11-35 2320
2020-07-13_14-11-35 2310
2020-07-13_14-11-35 2310
2020-07-13_14-11-35 2320
2020-07-13_14-11-35 2340
2020-07-13_14-11-35 2400
2020-07-13_14-11-35 2350
2020-07-13_14-11-35 1160
