2020-07-13_14-11-00 1140
2020-07-13_14-11-01 1620
2020-07-13_14-11-01 1590
2020-07-13_14-11-01 1620
2020-07-13_14-11-01 1660
2020-07-13_14-11-01 1610
2020-07-13_14-11-01 1580
2020-07-13_14-11-01 1630
2020-07-13_14-11-01 1650
2020-07-13_14-11-01 1630
2020-07-13_14-11-01 1640
2020-07-13_14-11-01 1650
2020-07-13_14-11-01 1640
2020-07-13_14-11-01 1630
2020-07-13_14-11-01 1910
2020-07-13_14-11-01 2950
2020-07-13_14-11-01 4010
2020-07-13_14-11-01 4630
2020-07-13_14-11-01 4590
2020-07-13_14-11-01 4540
2020-07-13_14-11-01 4590
2020-07-13_14-11-01 4620
2020-07-13_14-11-01 4590
2020-07-13_14-11-01 4580
2020-07-13_14-11-01 4610
2020-07-13_14-11-01 4590
2020-07-13_14-11-01 4590
2020-07-13_14-11-01 4580
2020-07-13_14-11-01 4600
2020-07-13_14-11-01 4600
2020-07-13_14-11-01 4590
2020-07-13_14-11-01 4580
2020-07-13_14-11-01 4600
2020-07-13_14-11-01 4590
2020-07-13_14-11-01 4590
2020-07-13_14-11-01 4600
2020-07-13_14-11-01 4590
2020-07-13_14-11-01 4600
2020-07-13_14-11-01 4610
2020-07-13_14-11-01 4600
2020-07-13_14-11-01 4600
2020-07-13_14-11-01 4590
2020-07-13_14-11-01 4590
2020-07-13_14-11-01 4600
2020-07-13_14-11-01 4600
2020-07-13_14-11-01 4600
2020-07-13_14-11-01 4600
2020-07-13_14-11-01 4600
2020-07-13_14-11-01 4600
2020-07-13_14-11-01 4600
2020-07-13_14-11-01 4600
2020-07-13_14-11-01 4600
2020-07-13_14-11-01 4600
2020-07-13_14-11-01 4610
2020-07-13_14-11-01 4600
2020-07-13_14-11-01 4600
2020-07-13_14-11-01 4600
2020-07-13_14-11-01 4600
2020-07-13_14-11-01 4610
2020-07-13_14-11-01 4600
2020-07-13_14-11-01 4600
2020-07-13_14-11-01 4600
2020-07-13_14-11-01 4590
2020-07-13_14-11-01 4600
2020-07-13_14-11-01 4600
2020-07-13_14-11-01 4600
2020-07-13_14-11-01 4610
2020-07-13_14-11-01 4600
2020-07-13_14-11-01 4600
2020-07-13_14-11-01 4600
2020-07-13_14-11-01 4600
2020-07-13_14-11-01 4610
2020-07-13_14-11-01 4610
2020-07-13_14-11-01 4610
2020-07-13_14-11-01 4600
2020-07-13_14-11-01 4610
2020-07-13_14-11-01 4600
2020-07-13_14-11-01 4600
2020-07-13_14-11-01 4600
2020-07-13_14-11-01 4600
2020-07-13_14-11-01 4600
2020-07-13_14-11-01 4600
2020-07-13_14-11-01 4600
2020-07-13_14-11-01 4600
2020-07-13_14-11-01 4600
2020-07-13_14-11-01 4600
2020-07-13_14-11-01 4600
2020-07-13_14-11-01 4610
2020-07-13_14-11-01 4610
2020-07-13_14-11-01 4610
2020-07-13_14-11-01 4610
2020-07-13_14-11-01 4600
2020-07-13_14-11-01 4600
2020-07-13_14-11-01 4590
2020-07-13_14-11-01 4590
2020-07-13_14-11-01 4600
2020-07-13_14-11-01 4600
2020-07-13_14-11-01 4600
2020-07-13_14-11-01 4600
2020-07-13_14-11-01 4600
2020-07-13_14-11-01 4600
2020-07-13_14-11-01 4600
2020-07-13_14-11-01 4600
2020-07-13_14-11-01 4600
2020-07-13_14-11-01 4600
2020-07-13_14-11-01 4600
2020-07-13_14-11-01 4600
2020-07-13_14-11-01 4600
2020-07-13_14-11-01 4600
2020-07-13_14-11-01 4600
2020-07-13_14-11-01 4600
2020-07-13_14-11-01 4600
2020-07-13_14-11-01 4600
2020-07-13_14-11-01 4610
2020-07-13_14-11-01 4610
2020-07-13_14-11-01 4610
2020-07-13_14-11-01 4610
2020-07-13_14-11-01 4610
2020-07-13_14-11-01 4610
2020-07-13_14-11-01 4600
2020-07-13_14-11-01 4600
2020-07-13_14-11-01 4600
2020-07-13_14-11-01 4600
2020-07-13_14-11-01 4600
2020-07-13_14-11-01 4600
2020-07-13_14-11-01 4600
2020-07-13_14-11-01 4600
2020-07-13_14-11-01 4600
2020-07-13_14-11-01 4600
2020-07-13_14-11-01 4600
2020-07-13_14-11-01 4600
2020-07-13_14-11-01 4600
2020-07-13_14-11-01 4600
2020-07-13_14-11-01 4600
2020-07-13_14-11-01 4600
2020-07-13_14-11-01 4600
2020-07-13_14-11-01 4600
2020-07-13_14-11-01 4600
2020-07-13_14-11-01 4600
2020-07-13_14-11-01 4600
2020-07-13_14-11-01 4600
2020-07-13_14-11-01 4600
2020-07-13_14-11-01 4600
2020-07-13_14-11-01 4600
2020-07-13_14-11-01 4600
2020-07-13_14-11-01 4600
2020-07-13_14-11-01 4600
2020-07-13_14-11-01 4600
2020-07-13_14-11-01 4600
2020-07-13_14-11-01 4600
2020-07-13_14-11-01 4600
2020-07-13_14-11-01 4600
2020-07-13_14-11-01 4600
2020-07-13_14-11-01 4600
2020-07-13_14-11-01 4600
2020-07-13_14-11-01 4600
2020-07-13_14-11-01 4600
2020-07-13_14-11-01 4600
2020-07-13_14-11-01 4600
2020-07-13_14-11-01 4600
2020-07-13_14-11-01 4600
2020-07-13_14-11-01 4600
2020-07-13_14-11-01 4600
2020-07-13_14-11-01 4600
2020-07-13_14-11-01 4600
2020-07-13_14-11-01 4600
2020-07-13_14-11-01 4600
2020-07-13_14-11-01 4600
2020-07-13_14-11-01 4600
2020-07-13_14-11-01 4600
2020-07-13_14-11-01 4600
2020-07-13_14-11-01 4590
2020-07-13_14-11-01 4580
2020-07-13_14-11-01 4580
2020-07-13_14-11-01 4580
2020-07-13_14-11-01 4560
2020-07-13_14-11-01 4560
2020-07-13_14-11-01 4600
2020-07-13_14-11-01 4620
2020-07-13_14-11-01 4600
2020-07-13_14-11-01 4590
2020-07-13_14-11-01 4600
2020-07-13_14-11-01 4600
2020-07-13_14-11-01 4590
2020-07-13_14-11-01 4590
2020-07-13_14-11-01 4600
2020-07-13_14-11-01 4600
2020-07-13_14-11-01 4580
2020-07-13_14-11-01 4620
2020-07-13_14-11-01 4610
2020-07-13_14-11-01 4600
2020-07-13_14-11-01 4600
2020-07-13_14-11-01 4600
2020-07-13_14-11-01 4620
2020-07-13_14-11-01 4600
2020-07-13_14-11-01 4590
2020-07-13_14-11-01 4610
2020-07-13_14-11-01 4600
2020-07-13_14-11-01 4610
2020-07-13_14-11-01 4610
2020-07-13_14-11-01 4430
2020-07-13_14-11-01 3990
2020-07-13_14-11-01 3470
2020-07-13_14-11-01 3080
2020-07-13_14-11-01 2980
2020-07-13_14-11-01 2970
2020-07-13_14-11-01 2980
2020-07-13_14-11-01 2990
2020-07-13_14-11-01 2990
2020-07-13_14-11-01 2970
2020-07-13_14-11-01 2980
2020-07-13_14-11-01 2970
2020-07-13_14-11-01 2970
2020-07-13_14-11-01 2970
2020-07-13_14-11-01 2960
2020-07-13_14-11-01 2970
2020-07-13_14-11-01 2990
2020-07-13_14-11-01 3020
2020-07-13_14-11-01 3040
2020-07-13_14-11-01 3010
2020-07-13_14-11-01 3000
2020-07-13_14-11-01 2990
2020-07-13_14-11-01 2980
2020-07-13_14-11-01 2980
2020-07-13_14-11-01 3000
2020-07-13_14-11-01 2830
2020-07-13_14-11-01 2050
2020-07-13_14-11-01 1040
