2020-07-13_14-10-36 900
2020-07-13_14-10-36 1110
2020-07-13_14-10-36 1260
2020-07-13_14-10-36 1260
2020-07-13_14-10-36 1220
2020-07-13_14-10-36 1200
2020-07-13_14-10-36 1200
2020-07-13_14-10-36 1210
2020-07-13_14-10-36 1220
2020-07-13_14-10-36 1220
2020-07-13_14-10-36 1220
2020-07-13_14-10-36 1220
2020-07-13_14-10-36 1220
2020-07-13_14-10-36 1220
2020-07-13_14-10-36 1220
2020-07-13_14-10-36 1220
2020-07-13_14-10-36 1220
2020-07-13_14-10-36 1230
2020-07-13_14-10-36 1230
2020-07-13_14-10-36 1220
2020-07-13_14-10-36 1220
2020-07-13_14-10-36 1220
2020-07-13_14-10-36 1220
2020-07-13_14-10-36 1220
2020-07-13_14-10-36 1220
2020-07-13_14-10-36 1210
2020-07-13_14-10-36 1210
2020-07-13_14-10-36 1210
2020-07-13_14-10-36 1220
2020-07-13_14-10-36 1220
2020-07-13_14-10-36 1230
2020-07-13_14-10-36 1230
2020-07-13_14-10-36 1220
2020-07-13_14-10-36 1220
2020-07-13_14-10-36 1220
2020-07-13_14-10-36 1220
2020-07-13_14-10-36 1220
2020-07-13_14-10-36 1220
2020-07-13_14-10-36 1220
2020-07-13_14-10-36 1000
2020-07-13_14-10-36 770
