2020-07-13_14-09-56 810
2020-07-13_14-09-56 1630
2020-07-13_14-09-56 2250
2020-07-13_14-09-56 2040
2020-07-13_14-09-56 1950
2020-07-13_14-09-56 2080
2020-07-13_14-09-56 2120
2020-07-13_14-09-56 1970
2020-07-13_14-09-56 1810
2020-07-13_14-09-56 1810
2020-07-13_14-09-56 1850
2020-07-13_14-09-56 2020
2020-07-13_14-09-56 3200
2020-07-13_14-09-56 4890
2020-07-13_14-09-56 6080
2020-07-13_14-09-56 6120
2020-07-13_14-09-56 5910
2020-07-13_14-09-56 5980
2020-07-13_14-09-56 6030
2020-07-13_14-09-56 5980
2020-07-13_14-09-56 5970
2020-07-13_14-09-56 6020
2020-07-13_14-09-56 5990
2020-07-13_14-09-56 5970
2020-07-13_14-09-56 5990
2020-07-13_14-09-56 6000
2020-07-13_14-09-56 5990
2020-07-13_14-09-56 5990
2020-07-13_14-09-56 6000
2020-07-13_14-09-56 6000
2020-07-13_14-09-56 5990
2020-07-13_14-09-56 6000
2020-07-13_14-09-56 6000
2020-07-13_14-09-56 6010
2020-07-13_14-09-56 5990
2020-07-13_14-09-56 5980
2020-07-13_14-09-56 5990
2020-07-13_14-09-56 6000
2020-07-13_14-09-56 6010
2020-07-13_14-09-56 6010
2020-07-13_14-09-56 6000
2020-07-13_14-09-56 5990
2020-07-13_14-09-56 6000
2020-07-13_14-09-56 5990
2020-07-13_14-09-56 5990
2020-07-13_14-09-56 6000
2020-07-13_14-09-56 5980
2020-07-13_14-09-56 6000
2020-07-13_14-09-56 6000
2020-07-13_14-09-56 5990
2020-07-13_14-09-56 5990
2020-07-13_14-09-56 5990
2020-07-13_14-09-56 5990
2020-07-13_14-09-56 5990
2020-07-13_14-09-56 5990
2020-07-13_14-09-56 6000
2020-07-13_14-09-56 6000
2020-07-13_14-09-56 5990
2020-07-13_14-09-56 6000
2020-07-13_14-09-56 6000
2020-07-13_14-09-56 6010
2020-07-13_14-09-56 6010
2020-07-13_14-09-56 6000
2020-07-13_14-09-56 6000
2020-07-13_14-09-56 6000
2020-07-13_14-09-56 6010
2020-07-13_14-09-56 6010
2020-07-13_14-09-56 6010
2020-07-13_14-09-56 6000
2020-07-13_14-09-56 6000
2020-07-13_14-09-56 5990
2020-07-13_14-09-56 6000
2020-07-13_14-09-56 6000
2020-07-13_14-09-56 6000
2020-07-13_14-09-56 6010
2020-07-13_14-09-56 6000
2020-07-13_14-09-56 6000
2020-07-13_14-09-56 6010
2020-07-13_14-09-56 6010
2020-07-13_14-09-56 6010
2020-07-13_14-09-56 6000
2020-07-13_14-09-56 6000
2020-07-13_14-09-56 6010
2020-07-13_14-09-56 6000
2020-07-13_14-09-56 6000
2020-07-13_14-09-56 6000
2020-07-13_14-09-56 6010
2020-07-13_14-09-56 6020
2020-07-13_14-09-56 6010
2020-07-13_14-09-56 6010
2020-07-13_14-09-56 6000
2020-07-13_14-09-56 6000
2020-07-13_14-09-56 6000
2020-07-13_14-09-56 6000
2020-07-13_14-09-56 6000
2020-07-13_14-09-56 6000
2020-07-13_14-09-56 6000
2020-07-13_14-09-56 6000
2020-07-13_14-09-56 6000
2020-07-13_14-09-56 6000
2020-07-13_14-09-56 6000
2020-07-13_14-09-56 5990
2020-07-13_14-09-56 5990
2020-07-13_14-09-56 5990
2020-07-13_14-09-56 6000
2020-07-13_14-09-56 6000
2020-07-13_14-09-56 6000
2020-07-13_14-09-56 6000
2020-07-13_14-09-56 5990
2020-07-13_14-09-56 6000
2020-07-13_14-09-56 6000
2020-07-13_14-09-56 6000
2020-07-13_14-09-56 6000
2020-07-13_14-09-56 6000
2020-07-13_14-09-56 6000
2020-07-13_14-09-56 6000
2020-07-13_14-09-56 6000
2020-07-13_14-09-56 6000
2020-07-13_14-09-56 6000
2020-07-13_14-09-56 6000
2020-07-13_14-09-56 6000
2020-07-13_14-09-56 6000
2020-07-13_14-09-56 6000
2020-07-13_14-09-56 6000
2020-07-13_14-09-56 6000
2020-07-13_14-09-56 5990
2020-07-13_14-09-56 5990
2020-07-13_14-09-56 5990
2020-07-13_14-09-56 6000
2020-07-13_14-09-56 6000
2020-07-13_14-09-56 6000
2020-07-13_14-09-56 6000
2020-07-13_14-09-56 6000
2020-07-13_14-09-56 6000
2020-07-13_14-09-56 6000
2020-07-13_14-09-56 6000
2020-07-13_14-09-56 6000
2020-07-13_14-09-56 6010
2020-07-13_14-09-56 6000
2020-07-13_14-09-56 6000
2020-07-13_14-09-56 6000
2020-07-13_14-09-56 6000
2020-07-13_14-09-56 6000
2020-07-13_14-09-56 6000
2020-07-13_14-09-56 6000
2020-07-13_14-09-56 6000
2020-07-13_14-09-56 6000
2020-07-13_14-09-56 6000
2020-07-13_14-09-56 6000
2020-07-13_14-09-56 6000
2020-07-13_14-09-56 6000
2020-07-13_14-09-56 6000
2020-07-13_14-09-56 6000
2020-07-13_14-09-56 6000
2020-07-13_14-09-56 6000
2020-07-13_14-09-56 6000
2020-07-13_14-09-56 6000
2020-07-13_14-09-56 6000
2020-07-13_14-09-56 6000
2020-07-13_14-09-56 6000
2020-07-13_14-09-56 6000
2020-07-13_14-09-56 6000
2020-07-13_14-09-56 6010
2020-07-13_14-09-56 6000
2020-07-13_14-09-56 6010
2020-07-13_14-09-56 6010
2020-07-13_14-09-56 6010
2020-07-13_14-09-56 6000
2020-07-13_14-09-56 6000
2020-07-13_14-09-56 6000
2020-07-13_14-09-56 6000
2020-07-13_14-09-56 6000
2020-07-13_14-09-56 6000
2020-07-13_14-09-56 6000
2020-07-13_14-09-56 6000
2020-07-13_14-09-56 6000
2020-07-13_14-09-56 6000
2020-07-13_14-09-56 6000
2020-07-13_14-09-56 6000
2020-07-13_14-09-56 6010
2020-07-13_14-09-56 6010
2020-07-13_14-09-56 6000
2020-07-13_14-09-56 6000
2020-07-13_14-09-56 6000
2020-07-13_14-09-56 6010
2020-07-13_14-09-56 6010
2020-07-13_14-09-56 6010
2020-07-13_14-09-56 6010
2020-07-13_14-09-56 6010
2020-07-13_14-09-56 6010
2020-07-13_14-09-56 6000
2020-07-13_14-09-56 5990
2020-07-13_14-09-56 5990
2020-07-13_14-09-56 6000
2020-07-13_14-09-56 6010
2020-07-13_14-09-56 5990
2020-07-13_14-09-56 6000
2020-07-13_14-09-56 5990
2020-07-13_14-09-56 6000
2020-07-13_14-09-56 5990
2020-07-13_14-09-56 5990
2020-07-13_14-09-56 6000
2020-07-13_14-09-56 5980
2020-07-13_14-09-56 5990
2020-07-13_14-09-56 5970
2020-07-13_14-09-56 5980
2020-07-13_14-09-56 6000
2020-07-13_14-09-56 6000
2020-07-13_14-09-56 5990
2020-07-13_14-09-56 5960
2020-07-13_14-09-56 5950
2020-07-13_14-09-56 5970
2020-07-13_14-09-56 5960
2020-07-13_14-09-56 5970
2020-07-13_14-09-56 6010
2020-07-13_14-09-56 6010
2020-07-13_14-09-56 5990
2020-07-13_14-09-56 5960
2020-07-13_14-09-56 5980
2020-07-13_14-09-56 5980
2020-07-13_14-09-56 6010
2020-07-13_14-09-56 6000
2020-07-13_14-09-56 5980
2020-07-13_14-09-56 5990
2020-07-13_14-09-56 5990
2020-07-13_14-09-56 5990
2020-07-13_14-09-56 5760
2020-07-13_14-09-56 5230
2020-07-13_14-09-56 4700
2020-07-13_14-09-56 4310
2020-07-13_14-09-56 4230
2020-07-13_14-09-56 4240
2020-07-13_14-09-56 4220
2020-07-13_14-09-56 4220
2020-07-13_14-09-56 4220
2020-07-13_14-09-56 4210
2020-07-13_14-09-56 4210
2020-07-13_14-09-56 4190
2020-07-13_14-09-56 4190
2020-07-13_14-09-56 4200
2020-07-13_14-09-56 4210
2020-07-13_14-09-56 3940
2020-07-13_14-09-56 2970
2020-07-13_14-09-56 1590
